  INFO root [0x00003c20] [2019-05-10 21:09:11,645] - 
  INFO root [0x00003c20] [2019-05-10 21:09:11,646] - -----------------------------------------------------------------------------------------


  INFO root [0x00003c20] [2019-05-10 21:09:11,647] - Resmgr::initialize: KBE_ROOT=D:/kbengine/
  INFO root [0x00003c20] [2019-05-10 21:09:11,647] - Resmgr::initialize: KBE_RES_PATH=D:/kbengine/kbe/res/;D:/kbengine/HappyPoker_assets/;D:/kbengine/HappyPoker_assets/scripts/;D:/kbengine/HappyPoker_assets/res/
  INFO root [0x00003c20] [2019-05-10 21:09:11,647] - Resmgr::initialize: KBE_BIN_PATH=D:/kbengine/kbe/bin/server/
  INFO root [0x00003c20] [2019-05-10 21:09:11,659] - NetworkInterface::initialize(INTERNAL-TCP): bound to all interfaces with default route interface on 192.168.56.1 ( 192.168.56.1:57768 )
  INFO root [0x00003c20] [2019-05-10 21:09:11,659] - NetworkInterface::initialize(INTERNAL-TCP): address 192.168.56.1:57768, SOMAXCONN=5.
  INFO root [0x00003c20] [2019-05-10 21:09:11,660] - server-configs:
  INFO root [0x00003c20] [2019-05-10 21:09:11,660] - 	gameUpdateHertz : 10
  INFO root [0x00003c20] [2019-05-10 21:09:11,660] - 	defaultViewRadius : 80
  INFO root [0x00003c20] [2019-05-10 21:09:11,660] - 	defaultViewHysteresisArea : 5
  INFO root [0x00003c20] [2019-05-10 21:09:11,660] - 	entryScriptFile : kbemain
  INFO root [0x00003c20] [2019-05-10 21:09:11,660] - 	internalTcpAddr : 192.168.56.1:57768
  INFO root [0x00003c20] [2019-05-10 21:09:11,660] - 	componentID : 8001
  WARN root [0x00003c20] [2019-05-10 21:09:11,661] - invalid UID(0) <= 0, please check UID for environment! automatically set to 3960.
  INFO root [0x00003c20] [2019-05-10 21:09:11,694] - Components::findLogger: found logger, addr:192.168.56.1:57743
  INFO root [0x00003c20] [2019-05-10 21:09:11,695] - Components::addComponent: reset orderLog, uid=3960!
  INFO root [0x00003c20] [2019-05-10 21:09:11,695] - Components::addComponent[logger], uid=3960, componentID=2000, globalorderid=1, grouporderid=1, totalcount=1
  INFO root [0x00003c20] [2019-05-10 21:09:11,700] - ---- cellapp Version: 2.4.5. ScriptVersion: 0.1.0. Pythoncore: 3.7.3. Protocol: C9FCABE153AC3D64A8F240810ADA666D. Config: Debug X86. Built: 09:56:57 May  8 2019. AppID: 8001. UID: 3960. PID: 8100 ----
  INFO root [0x00003c20] [2019-05-10 21:09:11,701] - Server error_name: Intel(R) Core(TM) i5-6300HQ CPU @ 2.30GHz with 2097151kB RAM
  INFO root [0x00003c20] [2019-05-10 21:09:11,701] - ThreadPool::createThreadPool: creating  threadpool...
  INFO root [0x00003c20] [2019-05-10 21:09:11,701] - ThreadPool::createThreadPool: successfully(2), newThreadCount=1, normalMaxThreadCount=2, maxThreadCount=8
  INFO root [0x00003c20] [2019-05-10 21:09:11,909] - Script::install(): is successfully, Python=(3.7.3 (default, May  8 2019, 09:53:38) [MSC v.1916 32 bit (Intel)])!
  INFO root [0x00003c20] [2019-05-10 21:09:11,909] - Script::install(): KBExtra is successfully!
 DEBUG root [0x00003c20] [2019-05-10 21:09:12,007] - loaded entity-script:Account(1).
 DEBUG root [0x00003c20] [2019-05-10 21:09:12,009] - loaded entity-script:Room(3).
  INFO root [0x00003c20] [2019-05-10 21:09:12,009] - TelnetServer server is running on port 50000
  INFO root [0x00003c20] [2019-05-10 21:09:12,427] - ---- cellapp is running ----
 DEBUG root [0x00003c20] [2019-05-10 21:09:12,427] - Components::process(): Request for the process of identity...
  WARN root [0x00003c20] [2019-05-10 21:09:18,563] - Forwarding logs to logger[192.168.56.1:57743/0/0/0]...
 ERROR root [0x00003c20] [2019-05-10 21:14:45,938] - Components::removeComponentByChannel: logger : 2000, Abnormal exit(reason=TCPPacketReceiver::processRecv(): error=10054
)! Channel(timestamp=797149165230, lastReceivedTime=797147217028, inactivityExceptionPeriod=134887804)
  INFO root [0x00003c20] [2019-05-10 21:14:45,944] - The following logs sent to logger failed:
  WARN root [0x00003c20] [2019-05-10 21:14:45,944] - ==> [2019-05-10 21:14:45 938] TCPPacketReceiver::processPendingEvents(192.168.56.1:57743): Throwing REASON_GENERAL_NETWORK - WSAECONNRESET
 ERROR root [0x00003c20] [2019-05-10 21:14:45,944] - ==> [2019-05-10 21:14:45 939] Components::removeComponentByChannel: logger : 2000, Abnormal exit(reason=TCPPacketReceiver::processRecv(): error=10054
)! Channel(timestamp=797149165230, lastReceivedTime=797147217028, inactivityExceptionPeriod=134887804)
  WARN root [0x00003c20] [2019-05-10 21:14:46,036] - TCPPacketReceiver::processPendingEvents(192.168.56.1:57745): Throwing REASON_GENERAL_NETWORK - WSAECONNRESET
 ERROR root [0x00003c20] [2019-05-10 21:14:46,039] - Components::removeComponentByChannel: dbmgr : 4000, Abnormal exit(reason=TCPPacketReceiver::processRecv(): error=10054
)! Channel(timestamp=797149393320, lastReceivedTime=797120656686, inactivityExceptionPeriod=134887804)
  INFO root [0x00003c20] [2019-05-10 21:14:46,042] - Shutdowner::onShutdownBegin: shutting down(period=0, tickPeriod=1)
  INFO root [0x00003c20] [2019-05-10 21:14:46,044] - Shutdowner::onShutdown: shutting down
  INFO root [0x00003c20] [2019-05-10 21:14:46,045] - Spaces::destroySpace: 1.
  INFO root [0x00003c20] [2019-05-10 21:14:46,045] - Shutdowner::onShutdownEnd: shutting down
 DEBUG root [0x00003c20] [2019-05-10 21:14:46,046] - EntityRef::destroyObjPool(): size 0.
 DEBUG root [0x00003c20] [2019-05-10 21:14:46,046] - Witness::destroyObjPool(): size 0.
 DEBUG root [0x00003c20] [2019-05-10 21:14:46,085] - Room::~Room(): 3
  INFO root [0x00003c20] [2019-05-10 21:14:46,160] - Script::uninstall(): is successfully!
 DEBUG root [0x00003c20] [2019-05-10 21:14:46,161] - ThreadPool::destroy(): starting size 2.
  INFO root [0x00000e58] [2019-05-10 21:14:47,862] - 
  INFO root [0x00000e58] [2019-05-10 21:14:47,869] - -----------------------------------------------------------------------------------------


  INFO root [0x00000e58] [2019-05-10 21:14:47,870] - Resmgr::initialize: KBE_ROOT=D:/kbengine/
  INFO root [0x00000e58] [2019-05-10 21:14:47,870] - Resmgr::initialize: KBE_RES_PATH=D:/kbengine/kbe/res/;D:/kbengine/HappyPoker_assets/;D:/kbengine/HappyPoker_assets/scripts/;D:/kbengine/HappyPoker_assets/res/
  INFO root [0x00000e58] [2019-05-10 21:14:47,870] - Resmgr::initialize: KBE_BIN_PATH=D:/kbengine/kbe/bin/server/
  INFO root [0x00000e58] [2019-05-10 21:14:47,913] - NetworkInterface::initialize(INTERNAL-TCP): bound to all interfaces with default route interface on 192.168.56.1 ( 192.168.56.1:57847 )
  INFO root [0x00000e58] [2019-05-10 21:14:47,913] - NetworkInterface::initialize(INTERNAL-TCP): address 192.168.56.1:57847, SOMAXCONN=5.
  INFO root [0x00000e58] [2019-05-10 21:14:47,916] - server-configs:
  INFO root [0x00000e58] [2019-05-10 21:14:47,916] - 	gameUpdateHertz : 10
  INFO root [0x00000e58] [2019-05-10 21:14:47,916] - 	defaultViewRadius : 80
  INFO root [0x00000e58] [2019-05-10 21:14:47,916] - 	defaultViewHysteresisArea : 5
  INFO root [0x00000e58] [2019-05-10 21:14:47,916] - 	entryScriptFile : kbemain
  INFO root [0x00000e58] [2019-05-10 21:14:47,916] - 	internalTcpAddr : 192.168.56.1:57847
  INFO root [0x00000e58] [2019-05-10 21:14:47,917] - 	componentID : 8001
  WARN root [0x00000e58] [2019-05-10 21:14:47,933] - invalid UID(0) <= 0, please check UID for environment! automatically set to 3960.
  INFO root [0x00000e58] [2019-05-10 21:14:49,466] - ---- cellapp Version: 2.4.5. ScriptVersion: 0.1.0. Pythoncore: 3.7.3. Protocol: C9FCABE153AC3D64A8F240810ADA666D. Config: Debug X86. Built: 09:56:57 May  8 2019. AppID: 8001. UID: 3960. PID: 2164 ----
  INFO root [0x00000e58] [2019-05-10 21:14:49,466] - Server error_name: Intel(R) Core(TM) i5-6300HQ CPU @ 2.30GHz with 2097151kB RAM
  INFO root [0x00000e58] [2019-05-10 21:14:49,466] - ThreadPool::createThreadPool: creating  threadpool...
  INFO root [0x00000e58] [2019-05-10 21:14:49,467] - ThreadPool::createThreadPool: successfully(2), newThreadCount=1, normalMaxThreadCount=2, maxThreadCount=8
  INFO root [0x00000e58] [2019-05-10 21:14:49,682] - Script::install(): is successfully, Python=(3.7.3 (default, May  8 2019, 09:53:38) [MSC v.1916 32 bit (Intel)])!
  INFO root [0x00000e58] [2019-05-10 21:14:49,682] - Script::install(): KBExtra is successfully!
 DEBUG root [0x00000e58] [2019-05-10 21:14:49,808] - loaded entity-script:Account(1).
 DEBUG root [0x00000e58] [2019-05-10 21:14:49,810] - loaded entity-script:Room(3).
  INFO root [0x00000e58] [2019-05-10 21:14:49,810] - TelnetServer server is running on port 50000
  INFO root [0x00000e58] [2019-05-10 21:14:50,347] - ---- cellapp is running ----
 DEBUG root [0x00000e58] [2019-05-10 21:14:50,347] - Components::process(): Request for the process of identity...
  WARN root [0x00000e58] [2019-05-10 21:14:56,517] - EntityApp::checkTickPeriod: tick took 6170% (6.17 seconds)!
  WARN root [0x00000e58] [2019-05-10 21:14:56,525] - TCPPacketReceiver::processPendingEvents(192.168.56.1:57860): Throwing REASON_GENERAL_NETWORK - WSAECONNABORTED
  INFO root [0x00000e58] [2019-05-10 21:14:57,548] - Components::findComponents: find logger(1)...
  INFO root [0x00000e58] [2019-05-10 21:14:57,648] - Components::findComponents: found logger, addr:192.168.56.1:57846
  INFO root [0x00000e58] [2019-05-10 21:14:57,648] - Components::addComponent: reset orderLog, uid=3960!
  INFO root [0x00000e58] [2019-05-10 21:14:57,648] - Components::addComponent[logger], uid=3960, componentID=2000, globalorderid=1, grouporderid=1, totalcount=1
  INFO root [0x00000e58] [2019-05-10 21:14:57,649] - Components::findComponents: find dbmgr(2)...
  INFO root [0x00000e58] [2019-05-10 21:14:57,752] - Components::findComponents: found dbmgr, addr:192.168.56.1:57843
  INFO root [0x00000e58] [2019-05-10 21:14:57,752] - Components::addComponent: reset orderLog, uid=3960!
  INFO root [0x00000e58] [2019-05-10 21:14:57,753] - Components::addComponent[dbmgr], uid=3960, componentID=4000, globalorderid=1, grouporderid=1, totalcount=1
  INFO root [0x00000e58] [2019-05-10 21:14:57,759] - Components::findComponents: found dbmgr, addr:192.168.56.1:57843
  WARN root [0x00000e58] [2019-05-10 21:14:58,761] - EntityApp::checkTickPeriod: tick took 1313% (1.31 seconds)!
  WARN root [0x00000e58] [2019-05-10 21:14:58,762] - Forwarding logs to logger[192.168.56.1:57846/0/0/0]...
 ERROR root [0x00000e58] [2019-05-10 21:16:03,934] - Components::removeComponentByChannel: logger : 2000, Abnormal exit(reason=TCPPacketReceiver::processRecv(): error=10054
)! Channel(timestamp=797324656354, lastReceivedTime=797288324625, inactivityExceptionPeriod=134887804)
  INFO root [0x00000e58] [2019-05-10 21:16:03,937] - The following logs sent to logger failed:
  WARN root [0x00000e58] [2019-05-10 21:16:03,937] - ==> [2019-05-10 21:16:03 934] TCPPacketReceiver::processPendingEvents(192.168.56.1:57846): Throwing REASON_GENERAL_NETWORK - WSAECONNRESET
 ERROR root [0x00000e58] [2019-05-10 21:16:03,937] - ==> [2019-05-10 21:16:03 935] Components::removeComponentByChannel: logger : 2000, Abnormal exit(reason=TCPPacketReceiver::processRecv(): error=10054
)! Channel(timestamp=797324656354, lastReceivedTime=797288324625, inactivityExceptionPeriod=134887804)
  WARN root [0x00000e58] [2019-05-10 21:16:04,006] - TCPPacketReceiver::processPendingEvents(192.168.56.1:57843): Throwing REASON_GENERAL_NETWORK - WSAECONNRESET
 ERROR root [0x00000e58] [2019-05-10 21:16:04,010] - Components::removeComponentByChannel: dbmgr : 4000, Abnormal exit(reason=TCPPacketReceiver::processRecv(): error=10054
)! Channel(timestamp=797324825616, lastReceivedTime=797288174380, inactivityExceptionPeriod=134887804)
  INFO root [0x00000e58] [2019-05-10 21:16:04,020] - Shutdowner::onShutdownBegin: shutting down(period=0, tickPeriod=1)
  INFO root [0x00000e58] [2019-05-10 21:16:04,023] - Shutdowner::onShutdown: shutting down
  INFO root [0x00000e58] [2019-05-10 21:16:04,027] - Spaces::destroySpace: 1.
  INFO root [0x00000e58] [2019-05-10 21:16:04,027] - Shutdowner::onShutdownEnd: shutting down
 DEBUG root [0x00000e58] [2019-05-10 21:16:04,028] - Account::~Account(): 2
 DEBUG root [0x00000e58] [2019-05-10 21:16:04,028] - Account::~Account(): 4
 DEBUG root [0x00000e58] [2019-05-10 21:16:04,029] - EntityRef::destroyObjPool(): size 16.
 DEBUG root [0x00000e58] [2019-05-10 21:16:04,029] - Witness::destroyObjPool(): size 16.
 DEBUG root [0x00000e58] [2019-05-10 21:16:04,042] - Room::~Room(): 3
  INFO root [0x00000e58] [2019-05-10 21:16:04,056] - Script::uninstall(): is successfully!
 DEBUG root [0x00000e58] [2019-05-10 21:16:04,056] - ThreadPool::destroy(): starting size 2.
  WARN root [0x00000e58] [2019-05-10 21:16:04,358] - ThreadPool::destroy(): waiting for thread(2)[0x18442b0,0x1844380,], try=1
  INFO root [0x00003428] [2019-05-10 21:16:41,864] - 
  INFO root [0x00003428] [2019-05-10 21:16:41,910] - -----------------------------------------------------------------------------------------


  INFO root [0x00003428] [2019-05-10 21:16:41,913] - Resmgr::initialize: KBE_ROOT=D:/kbengine/
  INFO root [0x00003428] [2019-05-10 21:16:41,914] - Resmgr::initialize: KBE_RES_PATH=D:/kbengine/kbe/res/;D:/kbengine/HappyPoker_assets/;D:/kbengine/HappyPoker_assets/scripts/;D:/kbengine/HappyPoker_assets/res/
  INFO root [0x00003428] [2019-05-10 21:16:41,914] - Resmgr::initialize: KBE_BIN_PATH=D:/kbengine/kbe/bin/server/
  INFO root [0x00003428] [2019-05-10 21:16:41,968] - NetworkInterface::initialize(INTERNAL-TCP): bound to all interfaces with default route interface on 192.168.56.1 ( 192.168.56.1:57924 )
  INFO root [0x00003428] [2019-05-10 21:16:41,968] - NetworkInterface::initialize(INTERNAL-TCP): address 192.168.56.1:57924, SOMAXCONN=5.
  INFO root [0x00003428] [2019-05-10 21:16:41,968] - server-configs:
  INFO root [0x00003428] [2019-05-10 21:16:41,968] - 	gameUpdateHertz : 10
  INFO root [0x00003428] [2019-05-10 21:16:41,969] - 	defaultViewRadius : 80
  INFO root [0x00003428] [2019-05-10 21:16:41,969] - 	defaultViewHysteresisArea : 5
  INFO root [0x00003428] [2019-05-10 21:16:41,969] - 	entryScriptFile : kbemain
  INFO root [0x00003428] [2019-05-10 21:16:41,969] - 	internalTcpAddr : 192.168.56.1:57924
  INFO root [0x00003428] [2019-05-10 21:16:41,969] - 	componentID : 8001
  WARN root [0x00003428] [2019-05-10 21:16:41,971] - invalid UID(0) <= 0, please check UID for environment! automatically set to 3960.
  INFO root [0x00003428] [2019-05-10 21:16:43,477] - ---- cellapp Version: 2.4.5. ScriptVersion: 0.1.0. Pythoncore: 3.7.3. Protocol: C9FCABE153AC3D64A8F240810ADA666D. Config: Debug X86. Built: 09:56:57 May  8 2019. AppID: 8001. UID: 3960. PID: 11248 ----
  INFO root [0x00003428] [2019-05-10 21:16:43,478] - Server error_name: Intel(R) Core(TM) i5-6300HQ CPU @ 2.30GHz with 2097151kB RAM
  INFO root [0x00003428] [2019-05-10 21:16:43,478] - ThreadPool::createThreadPool: creating  threadpool...
  INFO root [0x00003428] [2019-05-10 21:16:43,479] - ThreadPool::createThreadPool: successfully(2), newThreadCount=1, normalMaxThreadCount=2, maxThreadCount=8
  INFO root [0x00003428] [2019-05-10 21:16:43,717] - Script::install(): is successfully, Python=(3.7.3 (default, May  8 2019, 09:53:38) [MSC v.1916 32 bit (Intel)])!
  INFO root [0x00003428] [2019-05-10 21:16:43,717] - Script::install(): KBExtra is successfully!
 DEBUG root [0x00003428] [2019-05-10 21:16:43,839] - loaded entity-script:Account(1).
 DEBUG root [0x00003428] [2019-05-10 21:16:43,841] - loaded entity-script:Room(3).
  INFO root [0x00003428] [2019-05-10 21:16:43,841] - TelnetServer server is running on port 50000
  INFO root [0x00003428] [2019-05-10 21:16:44,383] - ---- cellapp is running ----
 DEBUG root [0x00003428] [2019-05-10 21:16:44,384] - Components::process(): Request for the process of identity...
  WARN root [0x00003428] [2019-05-10 21:16:50,539] - EntityApp::checkTickPeriod: tick took 6156% (6.16 seconds)!
  INFO root [0x00003428] [2019-05-10 21:16:51,584] - Components::findComponents: find logger(1)...
  INFO root [0x00003428] [2019-05-10 21:16:51,585] - Components::findComponents: found logger, addr:192.168.56.1:57921
  INFO root [0x00003428] [2019-05-10 21:16:51,585] - Components::addComponent: reset orderLog, uid=3960!
  INFO root [0x00003428] [2019-05-10 21:16:51,586] - Components::addComponent[logger], uid=3960, componentID=2000, globalorderid=1, grouporderid=1, totalcount=1
  INFO root [0x00003428] [2019-05-10 21:16:51,587] - Components::findComponents: find dbmgr(2)...
  INFO root [0x00003428] [2019-05-10 21:16:51,691] - Components::findComponents: found dbmgr, addr:192.168.56.1:57923
  INFO root [0x00003428] [2019-05-10 21:16:51,692] - Components::addComponent: reset orderLog, uid=3960!
  INFO root [0x00003428] [2019-05-10 21:16:51,692] - Components::addComponent[dbmgr], uid=3960, componentID=4000, globalorderid=1, grouporderid=1, totalcount=1
  INFO root [0x00003428] [2019-05-10 21:16:51,699] - Components::findComponents: found dbmgr, addr:192.168.56.1:57923
  WARN root [0x00003428] [2019-05-10 21:16:52,700] - EntityApp::checkTickPeriod: tick took 1215% (1.22 seconds)!
  WARN root [0x00003428] [2019-05-10 21:16:52,701] - Forwarding logs to logger[192.168.56.1:57921/0/0/0]...
 ERROR root [0x00003428] [2019-05-10 21:18:32,001] - Components::removeComponentByChannel: logger : 2000, Abnormal exit(reason=TCPPacketReceiver::processRecv(): error=10054
)! Channel(timestamp=797657808260, lastReceivedTime=797612667992, inactivityExceptionPeriod=134887804)
  INFO root [0x00003428] [2019-05-10 21:18:32,006] - The following logs sent to logger failed:
  WARN root [0x00003428] [2019-05-10 21:18:32,006] - ==> [2019-05-10 21:18:32 001] TCPPacketReceiver::processPendingEvents(192.168.56.1:57921): Throwing REASON_GENERAL_NETWORK - WSAECONNRESET
 ERROR root [0x00003428] [2019-05-10 21:18:32,007] - ==> [2019-05-10 21:18:32 002] Components::removeComponentByChannel: logger : 2000, Abnormal exit(reason=TCPPacketReceiver::processRecv(): error=10054
)! Channel(timestamp=797657808260, lastReceivedTime=797612667992, inactivityExceptionPeriod=134887804)
  WARN root [0x00003428] [2019-05-10 21:18:32,072] - TCPPacketReceiver::processPendingEvents(192.168.56.1:57923): Throwing REASON_GENERAL_NETWORK - WSAECONNRESET
 ERROR root [0x00003428] [2019-05-10 21:18:32,073] - Components::removeComponentByChannel: dbmgr : 4000, Abnormal exit(reason=TCPPacketReceiver::processRecv(): error=10054
)! Channel(timestamp=797657969712, lastReceivedTime=797612734493, inactivityExceptionPeriod=134887804)
  INFO root [0x00003428] [2019-05-10 21:18:32,084] - Shutdowner::onShutdownBegin: shutting down(period=0, tickPeriod=1)
  INFO root [0x00003428] [2019-05-10 21:18:32,084] - Shutdowner::onShutdown: shutting down
  INFO root [0x00003428] [2019-05-10 21:18:32,086] - Spaces::destroySpace: 1.
  INFO root [0x00003428] [2019-05-10 21:18:32,086] - Shutdowner::onShutdownEnd: shutting down
 DEBUG root [0x00003428] [2019-05-10 21:18:32,087] - Account::~Account(): 2002
 DEBUG root [0x00003428] [2019-05-10 21:18:32,087] - Account::~Account(): 2004
 DEBUG root [0x00003428] [2019-05-10 21:18:32,087] - EntityRef::destroyObjPool(): size 16.
 DEBUG root [0x00003428] [2019-05-10 21:18:32,087] - Witness::destroyObjPool(): size 16.
 DEBUG root [0x00003428] [2019-05-10 21:18:32,100] - Room::~Room(): 2003
  INFO root [0x00003428] [2019-05-10 21:18:32,116] - Script::uninstall(): is successfully!
 DEBUG root [0x00003428] [2019-05-10 21:18:32,117] - ThreadPool::destroy(): starting size 2.
  WARN root [0x00003428] [2019-05-10 21:18:32,418] - ThreadPool::destroy(): waiting for thread(2)[0x18432c0,0x1843530,], try=1
  INFO root [0x00004284] [2019-05-10 21:22:02,839] - 
  INFO root [0x00004284] [2019-05-10 21:22:02,840] - -----------------------------------------------------------------------------------------


  INFO root [0x00004284] [2019-05-10 21:22:02,842] - Resmgr::initialize: KBE_ROOT=D:/kbengine/
  INFO root [0x00004284] [2019-05-10 21:22:02,843] - Resmgr::initialize: KBE_RES_PATH=D:/kbengine/kbe/res/;D:/kbengine/HappyPoker_assets/;D:/kbengine/HappyPoker_assets/scripts/;D:/kbengine/HappyPoker_assets/res/
  INFO root [0x00004284] [2019-05-10 21:22:02,843] - Resmgr::initialize: KBE_BIN_PATH=D:/kbengine/kbe/bin/server/
  INFO root [0x00004284] [2019-05-10 21:22:02,853] - NetworkInterface::initialize(INTERNAL-TCP): bound to all interfaces with default route interface on 192.168.56.1 ( 192.168.56.1:58034 )
  INFO root [0x00004284] [2019-05-10 21:22:02,854] - NetworkInterface::initialize(INTERNAL-TCP): address 192.168.56.1:58034, SOMAXCONN=5.
  INFO root [0x00004284] [2019-05-10 21:22:02,854] - server-configs:
  INFO root [0x00004284] [2019-05-10 21:22:02,854] - 	gameUpdateHertz : 10
  INFO root [0x00004284] [2019-05-10 21:22:02,854] - 	defaultViewRadius : 80
  INFO root [0x00004284] [2019-05-10 21:22:02,854] - 	defaultViewHysteresisArea : 5
  INFO root [0x00004284] [2019-05-10 21:22:02,855] - 	entryScriptFile : kbemain
  INFO root [0x00004284] [2019-05-10 21:22:02,855] - 	internalTcpAddr : 192.168.56.1:58034
  INFO root [0x00004284] [2019-05-10 21:22:02,855] - 	componentID : 8001
  WARN root [0x00004284] [2019-05-10 21:22:02,855] - invalid UID(0) <= 0, please check UID for environment! automatically set to 3960.
  INFO root [0x00004284] [2019-05-10 21:22:04,362] - ---- cellapp Version: 2.4.5. ScriptVersion: 0.1.0. Pythoncore: 3.7.3. Protocol: C9FCABE153AC3D64A8F240810ADA666D. Config: Debug X86. Built: 09:56:57 May  8 2019. AppID: 8001. UID: 3960. PID: 4612 ----
  INFO root [0x00004284] [2019-05-10 21:22:04,363] - Server error_name: Intel(R) Core(TM) i5-6300HQ CPU @ 2.30GHz with 2097151kB RAM
  INFO root [0x00004284] [2019-05-10 21:22:04,364] - ThreadPool::createThreadPool: creating  threadpool...
  INFO root [0x00004284] [2019-05-10 21:22:04,365] - ThreadPool::createThreadPool: successfully(2), newThreadCount=1, normalMaxThreadCount=2, maxThreadCount=8
  INFO root [0x00004284] [2019-05-10 21:22:04,567] - Script::install(): is successfully, Python=(3.7.3 (default, May  8 2019, 09:53:38) [MSC v.1916 32 bit (Intel)])!
  INFO root [0x00004284] [2019-05-10 21:22:04,568] - Script::install(): KBExtra is successfully!
 DEBUG root [0x00004284] [2019-05-10 21:22:04,666] - loaded entity-script:Account(1).
 DEBUG root [0x00004284] [2019-05-10 21:22:04,668] - loaded entity-script:Room(3).
  INFO root [0x00004284] [2019-05-10 21:22:04,668] - TelnetServer server is running on port 50000
  INFO root [0x00004284] [2019-05-10 21:22:05,124] - ---- cellapp is running ----
 DEBUG root [0x00004284] [2019-05-10 21:22:05,125] - Components::process(): Request for the process of identity...
  WARN root [0x00004284] [2019-05-10 21:22:11,264] - EntityApp::checkTickPeriod: tick took 6139% (6.14 seconds)!
  INFO root [0x00004284] [2019-05-10 21:22:12,325] - Components::findComponents: find logger(1)...
  INFO root [0x00004284] [2019-05-10 21:22:12,421] - Components::findComponents: found logger, addr:192.168.56.1:58030
  INFO root [0x00004284] [2019-05-10 21:22:12,422] - Components::addComponent: reset orderLog, uid=3960!
  INFO root [0x00004284] [2019-05-10 21:22:12,422] - Components::addComponent[logger], uid=3960, componentID=2000, globalorderid=1, grouporderid=1, totalcount=1
  INFO root [0x00004284] [2019-05-10 21:22:12,423] - Components::findComponents: find dbmgr(2)...
  INFO root [0x00004284] [2019-05-10 21:22:12,527] - Components::findComponents: found dbmgr, addr:192.168.56.1:58031
  INFO root [0x00004284] [2019-05-10 21:22:12,527] - Components::addComponent: reset orderLog, uid=3960!
  INFO root [0x00004284] [2019-05-10 21:22:12,527] - Components::addComponent[dbmgr], uid=3960, componentID=4000, globalorderid=1, grouporderid=1, totalcount=1
  INFO root [0x00004284] [2019-05-10 21:22:12,527] - Components::findComponents: found dbmgr, addr:192.168.56.1:58031
  WARN root [0x00004284] [2019-05-10 21:22:13,528] - EntityApp::checkTickPeriod: tick took 1303% (1.30 seconds)!
  WARN root [0x00004284] [2019-05-10 21:22:13,528] - Forwarding logs to logger[192.168.56.1:58030/0/0/0]...
 ERROR root [0x00004284] [2019-05-10 21:26:16,422] - Components::removeComponentByChannel: logger : 2000, Abnormal exit(reason=TCPPacketReceiver::processRecv(): error=10054
)! Channel(timestamp=798702757213, lastReceivedTime=798672033819, inactivityExceptionPeriod=134887804)
  INFO root [0x00004284] [2019-05-10 21:26:16,426] - The following logs sent to logger failed:
  WARN root [0x00004284] [2019-05-10 21:26:16,426] - ==> [2019-05-10 21:26:16 421] TCPPacketReceiver::processPendingEvents(192.168.56.1:58030): Throwing REASON_GENERAL_NETWORK - WSAECONNRESET
 ERROR root [0x00004284] [2019-05-10 21:26:16,426] - ==> [2019-05-10 21:26:16 423] Components::removeComponentByChannel: logger : 2000, Abnormal exit(reason=TCPPacketReceiver::processRecv(): error=10054
)! Channel(timestamp=798702757213, lastReceivedTime=798672033819, inactivityExceptionPeriod=134887804)
  WARN root [0x00004284] [2019-05-10 21:26:16,497] - TCPPacketReceiver::processPendingEvents(192.168.56.1:58031): Throwing REASON_GENERAL_NETWORK - WSAECONNRESET
 ERROR root [0x00004284] [2019-05-10 21:26:16,498] - Components::removeComponentByChannel: dbmgr : 4000, Abnormal exit(reason=TCPPacketReceiver::processRecv(): error=10054
)! Channel(timestamp=798702927916, lastReceivedTime=798672044807, inactivityExceptionPeriod=134887804)
  INFO root [0x00004284] [2019-05-10 21:26:16,501] - Shutdowner::onShutdownBegin: shutting down(period=0, tickPeriod=1)
  INFO root [0x00004284] [2019-05-10 21:26:16,501] - Shutdowner::onShutdown: shutting down
  INFO root [0x00004284] [2019-05-10 21:26:16,504] - Spaces::destroySpace: 1.
  INFO root [0x00004284] [2019-05-10 21:26:16,504] - Shutdowner::onShutdownEnd: shutting down
 DEBUG root [0x00004284] [2019-05-10 21:26:16,504] - Account::~Account(): 2
 DEBUG root [0x00004284] [2019-05-10 21:26:16,505] - EntityRef::destroyObjPool(): size 16.
 DEBUG root [0x00004284] [2019-05-10 21:26:16,505] - Witness::destroyObjPool(): size 16.
 DEBUG root [0x00004284] [2019-05-10 21:26:16,515] - Room::~Room(): 3
  INFO root [0x00004284] [2019-05-10 21:26:16,528] - Script::uninstall(): is successfully!
 DEBUG root [0x00004284] [2019-05-10 21:26:16,528] - ThreadPool::destroy(): starting size 2.
  WARN root [0x00004284] [2019-05-10 21:26:16,829] - ThreadPool::destroy(): waiting for thread(2)[0x17fbc58,0x17fbbf0,], try=1
  INFO root [0x00000e58] [2019-05-10 21:26:20,974] - 
  INFO root [0x00000e58] [2019-05-10 21:26:20,975] - -----------------------------------------------------------------------------------------


  INFO root [0x00000e58] [2019-05-10 21:26:20,976] - Resmgr::initialize: KBE_ROOT=D:/kbengine/
  INFO root [0x00000e58] [2019-05-10 21:26:20,976] - Resmgr::initialize: KBE_RES_PATH=D:/kbengine/kbe/res/;D:/kbengine/HappyPoker_assets/;D:/kbengine/HappyPoker_assets/scripts/;D:/kbengine/HappyPoker_assets/res/
  INFO root [0x00000e58] [2019-05-10 21:26:20,977] - Resmgr::initialize: KBE_BIN_PATH=D:/kbengine/kbe/bin/server/
  INFO root [0x00000e58] [2019-05-10 21:26:21,044] - NetworkInterface::initialize(INTERNAL-TCP): bound to all interfaces with default route interface on 192.168.56.1 ( 192.168.56.1:58128 )
  INFO root [0x00000e58] [2019-05-10 21:26:21,045] - NetworkInterface::initialize(INTERNAL-TCP): address 192.168.56.1:58128, SOMAXCONN=5.
  INFO root [0x00000e58] [2019-05-10 21:26:21,045] - server-configs:
  INFO root [0x00000e58] [2019-05-10 21:26:21,045] - 	gameUpdateHertz : 10
  INFO root [0x00000e58] [2019-05-10 21:26:21,045] - 	defaultViewRadius : 80
  INFO root [0x00000e58] [2019-05-10 21:26:21,045] - 	defaultViewHysteresisArea : 5
  INFO root [0x00000e58] [2019-05-10 21:26:21,045] - 	entryScriptFile : kbemain
  INFO root [0x00000e58] [2019-05-10 21:26:21,067] - 	internalTcpAddr : 192.168.56.1:58128
  INFO root [0x00000e58] [2019-05-10 21:26:21,067] - 	componentID : 8001
  WARN root [0x00000e58] [2019-05-10 21:26:21,080] - invalid UID(0) <= 0, please check UID for environment! automatically set to 3960.
  INFO root [0x00000e58] [2019-05-10 21:26:22,592] - ---- cellapp Version: 2.4.5. ScriptVersion: 0.1.0. Pythoncore: 3.7.3. Protocol: C9FCABE153AC3D64A8F240810ADA666D. Config: Debug X86. Built: 09:56:57 May  8 2019. AppID: 8001. UID: 3960. PID: 14472 ----
  INFO root [0x00000e58] [2019-05-10 21:26:22,593] - Server error_name: Intel(R) Core(TM) i5-6300HQ CPU @ 2.30GHz with 2097151kB RAM
  INFO root [0x00000e58] [2019-05-10 21:26:22,594] - ThreadPool::createThreadPool: creating  threadpool...
  INFO root [0x00000e58] [2019-05-10 21:26:22,594] - ThreadPool::createThreadPool: successfully(2), newThreadCount=1, normalMaxThreadCount=2, maxThreadCount=8
  INFO root [0x00000e58] [2019-05-10 21:26:22,798] - Script::install(): is successfully, Python=(3.7.3 (default, May  8 2019, 09:53:38) [MSC v.1916 32 bit (Intel)])!
  INFO root [0x00000e58] [2019-05-10 21:26:22,798] - Script::install(): KBExtra is successfully!
 DEBUG root [0x00000e58] [2019-05-10 21:26:22,909] - loaded entity-script:Account(1).
 DEBUG root [0x00000e58] [2019-05-10 21:26:22,911] - loaded entity-script:Room(3).
  INFO root [0x00000e58] [2019-05-10 21:26:22,911] - TelnetServer server is running on port 50000
  INFO root [0x00000e58] [2019-05-10 21:26:23,371] - ---- cellapp is running ----
 DEBUG root [0x00000e58] [2019-05-10 21:26:23,372] - Components::process(): Request for the process of identity...
  WARN root [0x00000e58] [2019-05-10 21:26:29,518] - EntityApp::checkTickPeriod: tick took 6147% (6.15 seconds)!
  INFO root [0x00000e58] [2019-05-10 21:26:30,571] - Components::findComponents: find logger(1)...
  INFO root [0x00000e58] [2019-05-10 21:26:30,580] - Components::findComponents: found logger, addr:192.168.56.1:58125
  INFO root [0x00000e58] [2019-05-10 21:26:30,580] - Components::addComponent: reset orderLog, uid=3960!
  INFO root [0x00000e58] [2019-05-10 21:26:30,581] - Components::addComponent[logger], uid=3960, componentID=2000, globalorderid=1, grouporderid=1, totalcount=1
  INFO root [0x00000e58] [2019-05-10 21:26:30,582] - Components::findComponents: find dbmgr(2)...
  INFO root [0x00000e58] [2019-05-10 21:26:30,686] - Components::findComponents: found dbmgr, addr:192.168.56.1:58122
  INFO root [0x00000e58] [2019-05-10 21:26:30,686] - Components::addComponent: reset orderLog, uid=3960!
  INFO root [0x00000e58] [2019-05-10 21:26:30,687] - Components::addComponent[dbmgr], uid=3960, componentID=4000, globalorderid=1, grouporderid=1, totalcount=1
  INFO root [0x00000e58] [2019-05-10 21:26:30,694] - Components::findComponents: found dbmgr, addr:192.168.56.1:58122
  WARN root [0x00000e58] [2019-05-10 21:26:31,695] - EntityApp::checkTickPeriod: tick took 1223% (1.22 seconds)!
  WARN root [0x00000e58] [2019-05-10 21:26:31,696] - Forwarding logs to logger[192.168.56.1:58125/0/0/0]...
 ERROR root [0x00000e58] [2019-05-10 21:29:01,314] - Components::removeComponentByChannel: logger : 2000, Abnormal exit(reason=TCPPacketReceiver::processRecv(): error=10054
)! Channel(timestamp=799073766060, lastReceivedTime=799050175656, inactivityExceptionPeriod=134887804)
  INFO root [0x00000e58] [2019-05-10 21:29:01,320] - The following logs sent to logger failed:
  WARN root [0x00000e58] [2019-05-10 21:29:01,321] - ==> [2019-05-10 21:29:01 314] TCPPacketReceiver::processPendingEvents(192.168.56.1:58125): Throwing REASON_GENERAL_NETWORK - WSAECONNRESET
 ERROR root [0x00000e58] [2019-05-10 21:29:01,321] - ==> [2019-05-10 21:29:01 315] Components::removeComponentByChannel: logger : 2000, Abnormal exit(reason=TCPPacketReceiver::processRecv(): error=10054
)! Channel(timestamp=799073766060, lastReceivedTime=799050175656, inactivityExceptionPeriod=134887804)
  WARN root [0x00000e58] [2019-05-10 21:29:01,389] - TCPPacketReceiver::processPendingEvents(192.168.56.1:58122): Throwing REASON_GENERAL_NETWORK - WSAECONNRESET
 ERROR root [0x00000e58] [2019-05-10 21:29:01,391] - Components::removeComponentByChannel: dbmgr : 4000, Abnormal exit(reason=TCPPacketReceiver::processRecv(): error=10054
)! Channel(timestamp=799073937600, lastReceivedTime=799048967469, inactivityExceptionPeriod=134887804)
  INFO root [0x00000e58] [2019-05-10 21:29:01,399] - Shutdowner::onShutdownBegin: shutting down(period=0, tickPeriod=1)
  INFO root [0x00000e58] [2019-05-10 21:29:01,403] - Shutdowner::onShutdown: shutting down
  INFO root [0x00000e58] [2019-05-10 21:29:01,405] - Spaces::destroySpace: 1.
  INFO root [0x00000e58] [2019-05-10 21:29:01,406] - Shutdowner::onShutdownEnd: shutting down
 DEBUG root [0x00000e58] [2019-05-10 21:29:01,406] - Account::~Account(): 2002
 DEBUG root [0x00000e58] [2019-05-10 21:29:01,407] - EntityRef::destroyObjPool(): size 16.
 DEBUG root [0x00000e58] [2019-05-10 21:29:01,407] - Witness::destroyObjPool(): size 16.
 DEBUG root [0x00000e58] [2019-05-10 21:29:01,422] - Room::~Room(): 2003
  INFO root [0x00000e58] [2019-05-10 21:29:01,440] - Script::uninstall(): is successfully!
 DEBUG root [0x00000e58] [2019-05-10 21:29:01,441] - ThreadPool::destroy(): starting size 2.
  WARN root [0x00000e58] [2019-05-10 21:29:01,743] - ThreadPool::destroy(): waiting for thread(2)[0x1a9c130,0x1a9c198,], try=1
  INFO root [0x00002e7c] [2019-05-10 21:29:08,464] - 
  INFO root [0x00002e7c] [2019-05-10 21:29:08,465] - -----------------------------------------------------------------------------------------


  INFO root [0x00002e7c] [2019-05-10 21:29:08,466] - Resmgr::initialize: KBE_ROOT=D:/kbengine/
  INFO root [0x00002e7c] [2019-05-10 21:29:08,466] - Resmgr::initialize: KBE_RES_PATH=D:/kbengine/kbe/res/;D:/kbengine/HappyPoker_assets/;D:/kbengine/HappyPoker_assets/scripts/;D:/kbengine/HappyPoker_assets/res/
  INFO root [0x00002e7c] [2019-05-10 21:29:08,466] - Resmgr::initialize: KBE_BIN_PATH=D:/kbengine/kbe/bin/server/
  INFO root [0x00002e7c] [2019-05-10 21:29:08,480] - NetworkInterface::initialize(INTERNAL-TCP): bound to all interfaces with default route interface on 192.168.56.1 ( 192.168.56.1:58185 )
  INFO root [0x00002e7c] [2019-05-10 21:29:08,480] - NetworkInterface::initialize(INTERNAL-TCP): address 192.168.56.1:58185, SOMAXCONN=5.
  INFO root [0x00002e7c] [2019-05-10 21:29:08,480] - server-configs:
  INFO root [0x00002e7c] [2019-05-10 21:29:08,481] - 	gameUpdateHertz : 10
  INFO root [0x00002e7c] [2019-05-10 21:29:08,481] - 	defaultViewRadius : 80
  INFO root [0x00002e7c] [2019-05-10 21:29:08,481] - 	defaultViewHysteresisArea : 5
  INFO root [0x00002e7c] [2019-05-10 21:29:08,481] - 	entryScriptFile : kbemain
  INFO root [0x00002e7c] [2019-05-10 21:29:08,481] - 	internalTcpAddr : 192.168.56.1:58185
  INFO root [0x00002e7c] [2019-05-10 21:29:08,481] - 	componentID : 8001
  WARN root [0x00002e7c] [2019-05-10 21:29:08,482] - invalid UID(0) <= 0, please check UID for environment! automatically set to 3960.
  INFO root [0x00002e7c] [2019-05-10 21:29:09,987] - ---- cellapp Version: 2.4.5. ScriptVersion: 0.1.0. Pythoncore: 3.7.3. Protocol: C9FCABE153AC3D64A8F240810ADA666D. Config: Debug X86. Built: 09:56:57 May  8 2019. AppID: 8001. UID: 3960. PID: 16696 ----
  INFO root [0x00002e7c] [2019-05-10 21:29:09,988] - Server error_name: Intel(R) Core(TM) i5-6300HQ CPU @ 2.30GHz with 2097151kB RAM
  INFO root [0x00002e7c] [2019-05-10 21:29:09,989] - ThreadPool::createThreadPool: creating  threadpool...
  INFO root [0x00002e7c] [2019-05-10 21:29:09,989] - ThreadPool::createThreadPool: successfully(2), newThreadCount=1, normalMaxThreadCount=2, maxThreadCount=8
  INFO root [0x00002e7c] [2019-05-10 21:29:10,209] - Script::install(): is successfully, Python=(3.7.3 (default, May  8 2019, 09:53:38) [MSC v.1916 32 bit (Intel)])!
  INFO root [0x00002e7c] [2019-05-10 21:29:10,209] - Script::install(): KBExtra is successfully!
 DEBUG root [0x00002e7c] [2019-05-10 21:29:10,335] - loaded entity-script:Account(1).
 DEBUG root [0x00002e7c] [2019-05-10 21:29:10,337] - loaded entity-script:Room(3).
  INFO root [0x00002e7c] [2019-05-10 21:29:10,337] - TelnetServer server is running on port 50000
  INFO root [0x00002e7c] [2019-05-10 21:29:10,862] - ---- cellapp is running ----
 DEBUG root [0x00002e7c] [2019-05-10 21:29:10,862] - Components::process(): Request for the process of identity...
  WARN root [0x00002e7c] [2019-05-10 21:29:17,024] - EntityApp::checkTickPeriod: tick took 6162% (6.16 seconds)!
  INFO root [0x00002e7c] [2019-05-10 21:29:18,063] - Components::findComponents: find logger(1)...
  INFO root [0x00002e7c] [2019-05-10 21:29:18,147] - Components::findComponents: found logger, addr:192.168.56.1:58181
  INFO root [0x00002e7c] [2019-05-10 21:29:18,147] - Components::addComponent: reset orderLog, uid=3960!
  INFO root [0x00002e7c] [2019-05-10 21:29:18,147] - Components::addComponent[logger], uid=3960, componentID=2000, globalorderid=1, grouporderid=1, totalcount=1
  INFO root [0x00002e7c] [2019-05-10 21:29:18,149] - Components::findComponents: find dbmgr(2)...
  INFO root [0x00002e7c] [2019-05-10 21:29:18,252] - Components::findComponents: found dbmgr, addr:192.168.56.1:58178
  INFO root [0x00002e7c] [2019-05-10 21:29:18,252] - Components::addComponent: reset orderLog, uid=3960!
  INFO root [0x00002e7c] [2019-05-10 21:29:18,253] - Components::addComponent[dbmgr], uid=3960, componentID=4000, globalorderid=1, grouporderid=1, totalcount=1
  INFO root [0x00002e7c] [2019-05-10 21:29:18,253] - Components::findComponents: found dbmgr, addr:192.168.56.1:58178
  WARN root [0x00002e7c] [2019-05-10 21:29:19,254] - EntityApp::checkTickPeriod: tick took 1291% (1.29 seconds)!
  WARN root [0x00002e7c] [2019-05-10 21:29:19,255] - Forwarding logs to logger[192.168.56.1:58181/0/0/0]...
 ERROR root [0x00002e7c] [2019-05-10 21:34:20,610] - Components::removeComponentByChannel: logger : 2000, Abnormal exit(reason=TCPPacketReceiver::processRecv(): error=10054
)! Channel(timestamp=799792183675, lastReceivedTime=799764680623, inactivityExceptionPeriod=134887676)
  INFO root [0x00002e7c] [2019-05-10 21:34:20,616] - The following logs sent to logger failed:
  WARN root [0x00002e7c] [2019-05-10 21:34:20,617] - ==> [2019-05-10 21:34:20 609] TCPPacketReceiver::processPendingEvents(192.168.56.1:58181): Throwing REASON_GENERAL_NETWORK - WSAECONNRESET
 ERROR root [0x00002e7c] [2019-05-10 21:34:20,617] - ==> [2019-05-10 21:34:20 611] Components::removeComponentByChannel: logger : 2000, Abnormal exit(reason=TCPPacketReceiver::processRecv(): error=10054
)! Channel(timestamp=799792183675, lastReceivedTime=799764680623, inactivityExceptionPeriod=134887676)
  WARN root [0x00002e7c] [2019-05-10 21:34:20,683] - TCPPacketReceiver::processPendingEvents(192.168.56.1:58178): Throwing REASON_GENERAL_NETWORK - WSAECONNRESET
 ERROR root [0x00002e7c] [2019-05-10 21:34:20,684] - Components::removeComponentByChannel: dbmgr : 4000, Abnormal exit(reason=TCPPacketReceiver::processRecv(): error=10054
)! Channel(timestamp=799792348771, lastReceivedTime=799764575134, inactivityExceptionPeriod=134887676)
  INFO root [0x00002e7c] [2019-05-10 21:34:20,697] - Shutdowner::onShutdownBegin: shutting down(period=0, tickPeriod=1)
  INFO root [0x00002e7c] [2019-05-10 21:34:20,698] - Shutdowner::onShutdown: shutting down
  INFO root [0x00002e7c] [2019-05-10 21:34:20,699] - Spaces::destroySpace: 1.
  INFO root [0x00002e7c] [2019-05-10 21:34:20,699] - Shutdowner::onShutdownEnd: shutting down
 DEBUG root [0x00002e7c] [2019-05-10 21:34:20,700] - Account::~Account(): 2
 DEBUG root [0x00002e7c] [2019-05-10 21:34:20,700] - Account::~Account(): 4
 DEBUG root [0x00002e7c] [2019-05-10 21:34:20,700] - EntityRef::destroyObjPool(): size 16.
 DEBUG root [0x00002e7c] [2019-05-10 21:34:20,701] - Witness::destroyObjPool(): size 16.
 DEBUG root [0x00002e7c] [2019-05-10 21:34:20,718] - Room::~Room(): 3
  INFO root [0x00002e7c] [2019-05-10 21:34:20,741] - Script::uninstall(): is successfully!
 DEBUG root [0x00002e7c] [2019-05-10 21:34:20,742] - ThreadPool::destroy(): starting size 2.
  WARN root [0x00002e7c] [2019-05-10 21:34:21,044] - ThreadPool::destroy(): waiting for thread(2)[0x17f1b90,0x17f1c60,], try=1
  INFO root [0x000012e4] [2019-05-10 21:34:29,081] - 
  INFO root [0x000012e4] [2019-05-10 21:34:29,101] - -----------------------------------------------------------------------------------------


  INFO root [0x000012e4] [2019-05-10 21:34:29,102] - Resmgr::initialize: KBE_ROOT=D:/kbengine/
  INFO root [0x000012e4] [2019-05-10 21:34:29,102] - Resmgr::initialize: KBE_RES_PATH=D:/kbengine/kbe/res/;D:/kbengine/HappyPoker_assets/;D:/kbengine/HappyPoker_assets/scripts/;D:/kbengine/HappyPoker_assets/res/
  INFO root [0x000012e4] [2019-05-10 21:34:29,102] - Resmgr::initialize: KBE_BIN_PATH=D:/kbengine/kbe/bin/server/
  INFO root [0x000012e4] [2019-05-10 21:34:29,134] - NetworkInterface::initialize(INTERNAL-TCP): bound to all interfaces with default route interface on 192.168.56.1 ( 192.168.56.1:58261 )
  INFO root [0x000012e4] [2019-05-10 21:34:29,134] - NetworkInterface::initialize(INTERNAL-TCP): address 192.168.56.1:58261, SOMAXCONN=5.
  INFO root [0x000012e4] [2019-05-10 21:34:29,134] - server-configs:
  INFO root [0x000012e4] [2019-05-10 21:34:29,134] - 	gameUpdateHertz : 10
  INFO root [0x000012e4] [2019-05-10 21:34:29,134] - 	defaultViewRadius : 80
  INFO root [0x000012e4] [2019-05-10 21:34:29,135] - 	defaultViewHysteresisArea : 5
  INFO root [0x000012e4] [2019-05-10 21:34:29,135] - 	entryScriptFile : kbemain
  INFO root [0x000012e4] [2019-05-10 21:34:29,135] - 	internalTcpAddr : 192.168.56.1:58261
  INFO root [0x000012e4] [2019-05-10 21:34:29,136] - 	componentID : 8001
  WARN root [0x000012e4] [2019-05-10 21:34:29,139] - invalid UID(0) <= 0, please check UID for environment! automatically set to 3960.
  WARN root [0x000012e4] [2019-05-10 21:34:29,480] - BundleBroadcast::BundleBroadcast: Cannot bind to port 20604, errorno=10048
  INFO root [0x000012e4] [2019-05-10 21:34:29,484] - ---- cellapp Version: 2.4.5. ScriptVersion: 0.1.0. Pythoncore: 3.7.3. Protocol: C9FCABE153AC3D64A8F240810ADA666D. Config: Debug X86. Built: 09:56:57 May  8 2019. AppID: 8001. UID: 3960. PID: 14784 ----
  INFO root [0x000012e4] [2019-05-10 21:34:29,485] - Server error_name: Intel(R) Core(TM) i5-6300HQ CPU @ 2.30GHz with 2097151kB RAM
  INFO root [0x000012e4] [2019-05-10 21:34:29,485] - ThreadPool::createThreadPool: creating  threadpool...
  INFO root [0x000012e4] [2019-05-10 21:34:29,486] - ThreadPool::createThreadPool: successfully(2), newThreadCount=1, normalMaxThreadCount=2, maxThreadCount=8
  INFO root [0x000012e4] [2019-05-10 21:34:29,694] - Script::install(): is successfully, Python=(3.7.3 (default, May  8 2019, 09:53:38) [MSC v.1916 32 bit (Intel)])!
  INFO root [0x000012e4] [2019-05-10 21:34:29,694] - Script::install(): KBExtra is successfully!
 DEBUG root [0x000012e4] [2019-05-10 21:34:29,804] - loaded entity-script:Account(1).
 DEBUG root [0x000012e4] [2019-05-10 21:34:29,805] - loaded entity-script:Room(3).
  INFO root [0x000012e4] [2019-05-10 21:34:29,806] - TelnetServer server is running on port 50000
  INFO root [0x000012e4] [2019-05-10 21:34:30,233] - ---- cellapp is running ----
 DEBUG root [0x000012e4] [2019-05-10 21:34:30,234] - Components::process(): Request for the process of identity...
  WARN root [0x000012e4] [2019-05-10 21:34:36,361] - EntityApp::checkTickPeriod: tick took 6127% (6.13 seconds)!
  WARN root [0x000012e4] [2019-05-10 21:34:36,372] - TCPPacketReceiver::processPendingEvents(192.168.56.1:58276): Throwing REASON_GENERAL_NETWORK - WSAECONNABORTED
  INFO root [0x000012e4] [2019-05-10 21:34:37,419] - Components::findComponents: find logger(1)...
  INFO root [0x000012e4] [2019-05-10 21:34:37,498] - Components::findComponents: found logger, addr:192.168.56.1:58258
  INFO root [0x000012e4] [2019-05-10 21:34:37,498] - Components::addComponent: reset orderLog, uid=3960!
  INFO root [0x000012e4] [2019-05-10 21:34:37,498] - Components::addComponent[logger], uid=3960, componentID=2000, globalorderid=1, grouporderid=1, totalcount=1
  INFO root [0x000012e4] [2019-05-10 21:34:37,500] - Components::findComponents: find dbmgr(2)...
  INFO root [0x000012e4] [2019-05-10 21:34:37,503] - Components::findComponents: found dbmgr, addr:192.168.56.1:58259
  INFO root [0x000012e4] [2019-05-10 21:34:37,503] - Components::addComponent: reset orderLog, uid=3960!
  INFO root [0x000012e4] [2019-05-10 21:34:37,504] - Components::addComponent[dbmgr], uid=3960, componentID=4000, globalorderid=1, grouporderid=1, totalcount=1
  INFO root [0x000012e4] [2019-05-10 21:34:37,507] - Components::findComponents: found logger, addr:192.168.56.1:58258
  INFO root [0x000012e4] [2019-05-10 21:34:37,512] - Components::findComponents: found dbmgr, addr:192.168.56.1:58259
  WARN root [0x000012e4] [2019-05-10 21:34:38,513] - Forwarding logs to logger[192.168.56.1:58258/0/0/0]...
 ERROR root [0x000012e4] [2019-05-10 21:38:15,296] - Components::removeComponentByChannel: logger : 2000, Abnormal exit(reason=TCPPacketReceiver::processRecv(): error=10054
)! Channel(timestamp=800320226879, lastReceivedTime=800283622660, inactivityExceptionPeriod=134887437)
  INFO root [0x000012e4] [2019-05-10 21:38:15,299] - The following logs sent to logger failed:
  WARN root [0x000012e4] [2019-05-10 21:38:15,299] - ==> [2019-05-10 21:38:15 296] TCPPacketReceiver::processPendingEvents(192.168.56.1:58258): Throwing REASON_GENERAL_NETWORK - WSAECONNRESET
 ERROR root [0x000012e4] [2019-05-10 21:38:15,300] - ==> [2019-05-10 21:38:15 297] Components::removeComponentByChannel: logger : 2000, Abnormal exit(reason=TCPPacketReceiver::processRecv(): error=10054
)! Channel(timestamp=800320226879, lastReceivedTime=800283622660, inactivityExceptionPeriod=134887437)
  WARN root [0x000012e4] [2019-05-10 21:38:15,381] - TCPPacketReceiver::processPendingEvents(192.168.56.1:58259): Throwing REASON_GENERAL_NETWORK - WSAECONNRESET
 ERROR root [0x000012e4] [2019-05-10 21:38:15,383] - Components::removeComponentByChannel: dbmgr : 4000, Abnormal exit(reason=TCPPacketReceiver::processRecv(): error=10054
)! Channel(timestamp=800320423527, lastReceivedTime=800283840316, inactivityExceptionPeriod=134887437)
  INFO root [0x000012e4] [2019-05-10 21:38:15,393] - Shutdowner::onShutdownBegin: shutting down(period=0, tickPeriod=1)
  INFO root [0x000012e4] [2019-05-10 21:38:15,401] - Shutdowner::onShutdown: shutting down
  INFO root [0x000012e4] [2019-05-10 21:38:15,405] - Spaces::destroySpace: 1.
  INFO root [0x000012e4] [2019-05-10 21:38:15,405] - Shutdowner::onShutdownEnd: shutting down
 DEBUG root [0x000012e4] [2019-05-10 21:38:15,406] - Account::~Account(): 2
 DEBUG root [0x000012e4] [2019-05-10 21:38:15,406] - EntityRef::destroyObjPool(): size 16.
 DEBUG root [0x000012e4] [2019-05-10 21:38:15,407] - Witness::destroyObjPool(): size 16.
 DEBUG root [0x000012e4] [2019-05-10 21:38:15,422] - Room::~Room(): 3
  INFO root [0x000012e4] [2019-05-10 21:38:15,443] - Script::uninstall(): is successfully!
 DEBUG root [0x000012e4] [2019-05-10 21:38:15,443] - ThreadPool::destroy(): starting size 2.
  WARN root [0x000012e4] [2019-05-10 21:38:15,744] - ThreadPool::destroy(): waiting for thread(2)[0x19c1bb0,0x19c16d0,], try=1
