  INFO root [0x00004604] [2019-05-21 19:03:12,922] - 
  INFO root [0x00004604] [2019-05-21 19:03:12,922] - -----------------------------------------------------------------------------------------


  INFO root [0x00004604] [2019-05-21 19:03:12,942] - Resmgr::initialize: KBE_ROOT=D:/kbengine/
  INFO root [0x00004604] [2019-05-21 19:03:12,942] - Resmgr::initialize: KBE_RES_PATH=D:/kbengine/kbe/res/;D:/kbengine/HappyPoker_assets/;D:/kbengine/HappyPoker_assets/scripts/;D:/kbengine/HappyPoker_assets/res/
  INFO root [0x00004604] [2019-05-21 19:03:12,942] - Resmgr::initialize: KBE_BIN_PATH=D:/kbengine/kbe/bin/server/
  INFO root [0x00004604] [2019-05-21 19:03:12,986] - NetworkInterface::initialize(INTERNAL-TCP): bound to all interfaces with default route interface on 192.168.56.1 ( 192.168.56.1:53731 )
  INFO root [0x00004604] [2019-05-21 19:03:12,986] - NetworkInterface::initialize(INTERNAL-TCP): address 192.168.56.1:53731, SOMAXCONN=5.
  INFO root [0x00004604] [2019-05-21 19:03:12,986] - server-configs:
  INFO root [0x00004604] [2019-05-21 19:03:12,986] - 	gameUpdateHertz : 10
  INFO root [0x00004604] [2019-05-21 19:03:12,986] - 	defaultViewRadius : 80
  INFO root [0x00004604] [2019-05-21 19:03:12,986] - 	defaultViewHysteresisArea : 5
  INFO root [0x00004604] [2019-05-21 19:03:12,986] - 	entryScriptFile : kbemain
  INFO root [0x00004604] [2019-05-21 19:03:12,986] - 	internalTcpAddr : 192.168.56.1:53731
  INFO root [0x00004604] [2019-05-21 19:03:12,986] - 	componentID : 8001
  WARN root [0x00004604] [2019-05-21 19:03:12,986] - invalid UID(0) <= 0, please check UID for environment! automatically set to 3960.
  INFO root [0x00004604] [2019-05-21 19:03:13,068] - Components::findLogger: found logger, addr:192.168.56.1:53691
  INFO root [0x00004604] [2019-05-21 19:03:13,068] - Components::addComponent: reset orderLog, uid=3960!
  INFO root [0x00004604] [2019-05-21 19:03:13,080] - Components::addComponent[logger], uid=3960, componentID=2000, globalorderid=1, grouporderid=1, totalcount=1
  INFO root [0x00004604] [2019-05-21 19:03:13,087] - ---- cellapp Version: 2.4.5. ScriptVersion: 0.1.0. Pythoncore: 3.7.3. Protocol: C9FCABE153AC3D64A8F240810ADA666D. Config: Debug X86. Built: 09:56:57 May  8 2019. AppID: 8001. UID: 3960. PID: 4684 ----
  INFO root [0x00004604] [2019-05-21 19:03:13,087] - Server error_name: Intel(R) Core(TM) i5-6300HQ CPU @ 2.30GHz with 2097151kB RAM
  INFO root [0x00004604] [2019-05-21 19:03:13,087] - ThreadPool::createThreadPool: creating  threadpool...
  INFO root [0x00004604] [2019-05-21 19:03:13,087] - ThreadPool::createThreadPool: successfully(2), newThreadCount=1, normalMaxThreadCount=2, maxThreadCount=8
  INFO root [0x00004604] [2019-05-21 19:03:13,328] - Script::install(): is successfully, Python=(3.7.3 (default, May  8 2019, 09:53:38) [MSC v.1916 32 bit (Intel)])!
  INFO root [0x00004604] [2019-05-21 19:03:13,328] - Script::install(): KBExtra is successfully!
  WARN root [0x00004604] [2019-05-21 19:03:13,487] - EntityDef::checkDefMethod: exposed of method: Account.playerMakeLandlord, check the caller can use "def playerMakeLandlord(self, callerID, ...)", such as: if callerID == self.id!
  WARN root [0x00004604] [2019-05-21 19:03:13,487] - EntityDef::checkDefMethod: exposed of method: Account.setGameReady, check the caller can use "def setGameReady(self, callerID, ...)", such as: if callerID == self.id!
 DEBUG root [0x00004604] [2019-05-21 19:03:13,487] - loaded entity-script:Account(1).
 DEBUG root [0x00004604] [2019-05-21 19:03:13,487] - loaded entity-script:Room(3).
  INFO root [0x00004604] [2019-05-21 19:03:13,500] - TelnetServer server is running on port 50000
  INFO root [0x00004604] [2019-05-21 19:03:14,000] - ---- cellapp is running ----
 DEBUG root [0x00004604] [2019-05-21 19:03:14,000] - Components::process(): Request for the process of identity...
  WARN root [0x00004604] [2019-05-21 19:03:20,378] - Forwarding logs to logger[192.168.56.1:53691/0/0/0]...
 ERROR root [0x00004604] [2019-05-21 19:04:29,572] - Components::removeComponentByChannel: dbmgr : 4000, Abnormal exit(reason=TCPPacketReceiver::processRecv(): error=10054
)! Channel(timestamp=788385626506, lastReceivedTime=788334366457, inactivityExceptionPeriod=134887437)
  INFO root [0x00003680] [2019-05-21 19:04:31,392] - 
  INFO root [0x00003680] [2019-05-21 19:04:31,392] - -----------------------------------------------------------------------------------------


  INFO root [0x00003680] [2019-05-21 19:04:31,392] - Resmgr::initialize: KBE_ROOT=D:/kbengine/
  INFO root [0x00003680] [2019-05-21 19:04:31,392] - Resmgr::initialize: KBE_RES_PATH=D:/kbengine/kbe/res/;D:/kbengine/HappyPoker_assets/;D:/kbengine/HappyPoker_assets/scripts/;D:/kbengine/HappyPoker_assets/res/
  INFO root [0x00003680] [2019-05-21 19:04:31,392] - Resmgr::initialize: KBE_BIN_PATH=D:/kbengine/kbe/bin/server/
  INFO root [0x00003680] [2019-05-21 19:04:31,402] - NetworkInterface::initialize(INTERNAL-TCP): bound to all interfaces with default route interface on 192.168.56.1 ( 192.168.56.1:53822 )
  INFO root [0x00003680] [2019-05-21 19:04:31,402] - NetworkInterface::initialize(INTERNAL-TCP): address 192.168.56.1:53822, SOMAXCONN=5.
  INFO root [0x00003680] [2019-05-21 19:04:31,402] - server-configs:
  INFO root [0x00003680] [2019-05-21 19:04:31,402] - 	gameUpdateHertz : 10
  INFO root [0x00003680] [2019-05-21 19:04:31,402] - 	defaultViewRadius : 80
  INFO root [0x00003680] [2019-05-21 19:04:31,402] - 	defaultViewHysteresisArea : 5
  INFO root [0x00003680] [2019-05-21 19:04:31,402] - 	entryScriptFile : kbemain
  INFO root [0x00003680] [2019-05-21 19:04:31,402] - 	internalTcpAddr : 192.168.56.1:53822
  INFO root [0x00003680] [2019-05-21 19:04:31,402] - 	componentID : 8001
  WARN root [0x00003680] [2019-05-21 19:04:31,402] - invalid UID(0) <= 0, please check UID for environment! automatically set to 3960.
  INFO root [0x00003680] [2019-05-21 19:04:32,930] - ---- cellapp Version: 2.4.5. ScriptVersion: 0.1.0. Pythoncore: 3.7.3. Protocol: C9FCABE153AC3D64A8F240810ADA666D. Config: Debug X86. Built: 09:56:57 May  8 2019. AppID: 8001. UID: 3960. PID: 8664 ----
  INFO root [0x00003680] [2019-05-21 19:04:32,930] - Server error_name: Intel(R) Core(TM) i5-6300HQ CPU @ 2.30GHz with 2097151kB RAM
  INFO root [0x00003680] [2019-05-21 19:04:32,930] - ThreadPool::createThreadPool: creating  threadpool...
  INFO root [0x00003680] [2019-05-21 19:04:32,930] - ThreadPool::createThreadPool: successfully(2), newThreadCount=1, normalMaxThreadCount=2, maxThreadCount=8
  INFO root [0x00003680] [2019-05-21 19:04:33,148] - Script::install(): is successfully, Python=(3.7.3 (default, May  8 2019, 09:53:38) [MSC v.1916 32 bit (Intel)])!
  INFO root [0x00003680] [2019-05-21 19:04:33,150] - Script::install(): KBExtra is successfully!
  WARN root [0x00003680] [2019-05-21 19:04:33,263] - EntityDef::checkDefMethod: exposed of method: Account.playerMakeLandlord, check the caller can use "def playerMakeLandlord(self, callerID, ...)", such as: if callerID == self.id!
  WARN root [0x00003680] [2019-05-21 19:04:33,263] - EntityDef::checkDefMethod: exposed of method: Account.setGameReady, check the caller can use "def setGameReady(self, callerID, ...)", such as: if callerID == self.id!
 DEBUG root [0x00003680] [2019-05-21 19:04:33,263] - loaded entity-script:Account(1).
 DEBUG root [0x00003680] [2019-05-21 19:04:33,268] - loaded entity-script:Room(3).
  INFO root [0x00003680] [2019-05-21 19:04:33,268] - TelnetServer server is running on port 50000
  INFO root [0x00003680] [2019-05-21 19:04:33,722] - ---- cellapp is running ----
 DEBUG root [0x00003680] [2019-05-21 19:04:33,728] - Components::process(): Request for the process of identity...
  WARN root [0x00003680] [2019-05-21 19:04:39,988] - EntityApp::checkTickPeriod: tick took 6262% (6.26 seconds)!
  WARN root [0x00003680] [2019-05-21 19:04:39,988] - TCPPacketReceiver::processPendingEvents(192.168.56.1:53837): Throwing REASON_GENERAL_NETWORK - WSAECONNABORTED
  INFO root [0x00003680] [2019-05-21 19:04:41,008] - Components::findComponents: find logger(1)...
  INFO root [0x00003680] [2019-05-21 19:04:41,072] - Components::findComponents: found logger, addr:192.168.56.1:53819
  INFO root [0x00003680] [2019-05-21 19:04:41,072] - Components::addComponent: reset orderLog, uid=3960!
  INFO root [0x00003680] [2019-05-21 19:04:41,072] - Components::addComponent[logger], uid=3960, componentID=2000, globalorderid=1, grouporderid=1, totalcount=1
  INFO root [0x00003680] [2019-05-21 19:04:41,072] - Components::findComponents: find dbmgr(2)...
  INFO root [0x00003680] [2019-05-21 19:04:41,187] - Components::findComponents: found dbmgr, addr:192.168.56.1:53817
  INFO root [0x00003680] [2019-05-21 19:04:41,187] - Components::addComponent: reset orderLog, uid=3960!
  INFO root [0x00003680] [2019-05-21 19:04:41,187] - Components::addComponent[dbmgr], uid=3960, componentID=4000, globalorderid=1, grouporderid=1, totalcount=1
  INFO root [0x00003680] [2019-05-21 19:04:41,198] - Components::findComponents: found dbmgr, addr:192.168.56.1:53817
  WARN root [0x00003680] [2019-05-21 19:04:42,208] - Forwarding logs to logger[192.168.56.1:53819/0/0/0]...
 ERROR root [0x00003680] [2019-05-21 19:09:16,218] - Components::removeComponentByChannel: logger : 2000, Abnormal exit(reason=TCPPacketReceiver::processRecv(): error=10054
)! Channel(timestamp=789030589931, lastReceivedTime=788997081763, inactivityExceptionPeriod=134887676)
  INFO root [0x00003680] [2019-05-21 19:09:16,228] - The following logs sent to logger failed:
  WARN root [0x00003680] [2019-05-21 19:09:16,228] - ==> [2019-05-21 19:09:16 221] TCPPacketReceiver::processPendingEvents(192.168.56.1:53819): Throwing REASON_GENERAL_NETWORK - WSAECONNRESET
 ERROR root [0x00003680] [2019-05-21 19:09:16,228] - ==> [2019-05-21 19:09:16 223] Components::removeComponentByChannel: logger : 2000, Abnormal exit(reason=TCPPacketReceiver::processRecv(): error=10054
)! Channel(timestamp=789030589931, lastReceivedTime=788997081763, inactivityExceptionPeriod=134887676)
  WARN root [0x00003680] [2019-05-21 19:09:16,311] - TCPPacketReceiver::processPendingEvents(192.168.56.1:53817): Throwing REASON_GENERAL_NETWORK - WSAECONNRESET
 ERROR root [0x00003680] [2019-05-21 19:09:16,311] - Components::removeComponentByChannel: dbmgr : 4000, Abnormal exit(reason=TCPPacketReceiver::processRecv(): error=10054
)! Channel(timestamp=789030793339, lastReceivedTime=788997081912, inactivityExceptionPeriod=134887676)
  INFO root [0x00003680] [2019-05-21 19:09:16,321] - Shutdowner::onShutdownBegin: shutting down(period=0, tickPeriod=1)
  INFO root [0x00003680] [2019-05-21 19:09:16,321] - Shutdowner::onShutdown: shutting down
  INFO root [0x00003680] [2019-05-21 19:09:16,331] - Spaces::destroySpace: 1.
  INFO root [0x00003680] [2019-05-21 19:09:16,331] - Shutdowner::onShutdownEnd: shutting down
 DEBUG root [0x00003680] [2019-05-21 19:09:16,340] - Account::~Account(): 2
 DEBUG root [0x00003680] [2019-05-21 19:09:16,340] - Account::~Account(): 4
 DEBUG root [0x00003680] [2019-05-21 19:09:16,340] - Account::~Account(): 5
 DEBUG root [0x00003680] [2019-05-21 19:09:16,340] - EntityRef::destroyObjPool(): size 16.
 DEBUG root [0x00003680] [2019-05-21 19:09:16,340] - Witness::destroyObjPool(): size 16.
 DEBUG root [0x00003680] [2019-05-21 19:09:16,351] - Room::~Room(): 3
  INFO root [0x00003680] [2019-05-21 19:09:16,368] - Script::uninstall(): is successfully!
 DEBUG root [0x00003680] [2019-05-21 19:09:16,368] - ThreadPool::destroy(): starting size 2.
  WARN root [0x00003680] [2019-05-21 19:09:16,688] - ThreadPool::destroy(): waiting for thread(2)[0x18e5470,0x18e54d8,], try=1
  INFO root [0x00002524] [2019-05-21 19:09:18,152] - 
  INFO root [0x00002524] [2019-05-21 19:09:18,152] - -----------------------------------------------------------------------------------------


  INFO root [0x00002524] [2019-05-21 19:09:18,152] - Resmgr::initialize: KBE_ROOT=D:/kbengine/
  INFO root [0x00002524] [2019-05-21 19:09:18,152] - Resmgr::initialize: KBE_RES_PATH=D:/kbengine/kbe/res/;D:/kbengine/HappyPoker_assets/;D:/kbengine/HappyPoker_assets/scripts/;D:/kbengine/HappyPoker_assets/res/
  INFO root [0x00002524] [2019-05-21 19:09:18,152] - Resmgr::initialize: KBE_BIN_PATH=D:/kbengine/kbe/bin/server/
  INFO root [0x00002524] [2019-05-21 19:09:18,171] - NetworkInterface::initialize(INTERNAL-TCP): bound to all interfaces with default route interface on 192.168.56.1 ( 192.168.56.1:53978 )
  INFO root [0x00002524] [2019-05-21 19:09:18,171] - NetworkInterface::initialize(INTERNAL-TCP): address 192.168.56.1:53978, SOMAXCONN=5.
  INFO root [0x00002524] [2019-05-21 19:09:18,171] - server-configs:
  INFO root [0x00002524] [2019-05-21 19:09:18,171] - 	gameUpdateHertz : 10
  INFO root [0x00002524] [2019-05-21 19:09:18,171] - 	defaultViewRadius : 80
  INFO root [0x00002524] [2019-05-21 19:09:18,171] - 	defaultViewHysteresisArea : 5
  INFO root [0x00002524] [2019-05-21 19:09:18,171] - 	entryScriptFile : kbemain
  INFO root [0x00002524] [2019-05-21 19:09:18,171] - 	internalTcpAddr : 192.168.56.1:53978
  INFO root [0x00002524] [2019-05-21 19:09:18,171] - 	componentID : 8001
  WARN root [0x00002524] [2019-05-21 19:09:18,178] - invalid UID(0) <= 0, please check UID for environment! automatically set to 3960.
  INFO root [0x00002524] [2019-05-21 19:09:19,696] - ---- cellapp Version: 2.4.5. ScriptVersion: 0.1.0. Pythoncore: 3.7.3. Protocol: C9FCABE153AC3D64A8F240810ADA666D. Config: Debug X86. Built: 09:56:57 May  8 2019. AppID: 8001. UID: 3960. PID: 11584 ----
  INFO root [0x00002524] [2019-05-21 19:09:19,696] - Server error_name: Intel(R) Core(TM) i5-6300HQ CPU @ 2.30GHz with 2097151kB RAM
  INFO root [0x00002524] [2019-05-21 19:09:19,696] - ThreadPool::createThreadPool: creating  threadpool...
  INFO root [0x00002524] [2019-05-21 19:09:19,696] - ThreadPool::createThreadPool: successfully(2), newThreadCount=1, normalMaxThreadCount=2, maxThreadCount=8
  INFO root [0x00002524] [2019-05-21 19:09:19,910] - Script::install(): is successfully, Python=(3.7.3 (default, May  8 2019, 09:53:38) [MSC v.1916 32 bit (Intel)])!
  INFO root [0x00002524] [2019-05-21 19:09:19,910] - Script::install(): KBExtra is successfully!
  WARN root [0x00002524] [2019-05-21 19:09:20,022] - EntityDef::checkDefMethod: exposed of method: Account.playerMakeLandlord, check the caller can use "def playerMakeLandlord(self, callerID, ...)", such as: if callerID == self.id!
  WARN root [0x00002524] [2019-05-21 19:09:20,022] - EntityDef::checkDefMethod: exposed of method: Account.setGameReady, check the caller can use "def setGameReady(self, callerID, ...)", such as: if callerID == self.id!
 DEBUG root [0x00002524] [2019-05-21 19:09:20,022] - loaded entity-script:Account(1).
 DEBUG root [0x00002524] [2019-05-21 19:09:20,022] - loaded entity-script:Room(3).
  INFO root [0x00002524] [2019-05-21 19:09:20,022] - TelnetServer server is running on port 50000
  INFO root [0x00002524] [2019-05-21 19:09:20,471] - ---- cellapp is running ----
 DEBUG root [0x00002524] [2019-05-21 19:09:20,471] - Components::process(): Request for the process of identity...
  WARN root [0x00002524] [2019-05-21 19:09:26,748] - EntityApp::checkTickPeriod: tick took 6275% (6.28 seconds)!
  INFO root [0x00002524] [2019-05-21 19:09:27,778] - Components::findComponents: find logger(1)...
  INFO root [0x00002524] [2019-05-21 19:09:27,801] - Components::findComponents: found logger, addr:192.168.56.1:53974
  INFO root [0x00002524] [2019-05-21 19:09:27,801] - Components::addComponent: reset orderLog, uid=3960!
  INFO root [0x00002524] [2019-05-21 19:09:27,801] - Components::addComponent[logger], uid=3960, componentID=2000, globalorderid=1, grouporderid=1, totalcount=1
  INFO root [0x00002524] [2019-05-21 19:09:27,801] - Components::findComponents: find dbmgr(2)...
  INFO root [0x00002524] [2019-05-21 19:09:27,918] - Components::findComponents: found dbmgr, addr:192.168.56.1:53972
  INFO root [0x00002524] [2019-05-21 19:09:27,918] - Components::addComponent: reset orderLog, uid=3960!
  INFO root [0x00002524] [2019-05-21 19:09:27,918] - Components::addComponent[dbmgr], uid=3960, componentID=4000, globalorderid=1, grouporderid=1, totalcount=1
  INFO root [0x00002524] [2019-05-21 19:09:27,918] - Components::findComponents: found dbmgr, addr:192.168.56.1:53972
  WARN root [0x00002524] [2019-05-21 19:09:28,938] - Forwarding logs to logger[192.168.56.1:53974/0/0/0]...
 ERROR root [0x00002524] [2019-05-21 19:14:39,970] - Components::removeComponentByChannel: logger : 2000, Abnormal exit(reason=TCPPacketReceiver::processRecv(): error=10054
)! Channel(timestamp=789759031190, lastReceivedTime=789709791072, inactivityExceptionPeriod=134887740)
  INFO root [0x00002524] [2019-05-21 19:14:39,977] - The following logs sent to logger failed:
  WARN root [0x00002524] [2019-05-21 19:14:39,977] - ==> [2019-05-21 19:14:39 973] TCPPacketReceiver::processPendingEvents(192.168.56.1:53974): Throwing REASON_GENERAL_NETWORK - WSAECONNRESET
 ERROR root [0x00002524] [2019-05-21 19:14:39,977] - ==> [2019-05-21 19:14:39 974] Components::removeComponentByChannel: logger : 2000, Abnormal exit(reason=TCPPacketReceiver::processRecv(): error=10054
)! Channel(timestamp=789759031190, lastReceivedTime=789709791072, inactivityExceptionPeriod=134887740)
  WARN root [0x00002524] [2019-05-21 19:14:40,040] - TCPPacketReceiver::processPendingEvents(192.168.56.1:53972): Throwing REASON_GENERAL_NETWORK - WSAECONNRESET
 ERROR root [0x00002524] [2019-05-21 19:14:40,047] - Components::removeComponentByChannel: dbmgr : 4000, Abnormal exit(reason=TCPPacketReceiver::processRecv(): error=10054
)! Channel(timestamp=789759197983, lastReceivedTime=789709733029, inactivityExceptionPeriod=134887740)
  INFO root [0x00002524] [2019-05-21 19:14:40,057] - Shutdowner::onShutdownBegin: shutting down(period=0, tickPeriod=1)
  INFO root [0x00002524] [2019-05-21 19:14:40,057] - Shutdowner::onShutdown: shutting down
  INFO root [0x00002524] [2019-05-21 19:14:40,061] - Spaces::destroySpace: 1.
  INFO root [0x00002524] [2019-05-21 19:14:40,061] - Shutdowner::onShutdownEnd: shutting down
 DEBUG root [0x00002524] [2019-05-21 19:14:40,061] - Account::~Account(): 2
 DEBUG root [0x00002524] [2019-05-21 19:14:40,061] - Account::~Account(): 4
 DEBUG root [0x00002524] [2019-05-21 19:14:40,061] - Account::~Account(): 5
 DEBUG root [0x00002524] [2019-05-21 19:14:40,061] - EntityRef::destroyObjPool(): size 16.
 DEBUG root [0x00002524] [2019-05-21 19:14:40,067] - Witness::destroyObjPool(): size 16.
 DEBUG root [0x00002524] [2019-05-21 19:14:40,077] - Room::~Room(): 3
  INFO root [0x00002524] [2019-05-21 19:14:40,097] - Script::uninstall(): is successfully!
 DEBUG root [0x00002524] [2019-05-21 19:14:40,097] - ThreadPool::destroy(): starting size 2.
  WARN root [0x00002524] [2019-05-21 19:14:40,407] - ThreadPool::destroy(): waiting for thread(2)[0x190b080,0x190b560,], try=1
  INFO root [0x000031ac] [2019-05-21 19:14:41,851] - 
  INFO root [0x000031ac] [2019-05-21 19:14:41,851] - -----------------------------------------------------------------------------------------


  INFO root [0x000031ac] [2019-05-21 19:14:41,851] - Resmgr::initialize: KBE_ROOT=D:/kbengine/
  INFO root [0x000031ac] [2019-05-21 19:14:41,858] - Resmgr::initialize: KBE_RES_PATH=D:/kbengine/kbe/res/;D:/kbengine/HappyPoker_assets/;D:/kbengine/HappyPoker_assets/scripts/;D:/kbengine/HappyPoker_assets/res/
  INFO root [0x000031ac] [2019-05-21 19:14:41,858] - Resmgr::initialize: KBE_BIN_PATH=D:/kbengine/kbe/bin/server/
  INFO root [0x000031ac] [2019-05-21 19:14:41,871] - NetworkInterface::initialize(INTERNAL-TCP): bound to all interfaces with default route interface on 192.168.56.1 ( 192.168.56.1:54106 )
  INFO root [0x000031ac] [2019-05-21 19:14:41,871] - NetworkInterface::initialize(INTERNAL-TCP): address 192.168.56.1:54106, SOMAXCONN=5.
  INFO root [0x000031ac] [2019-05-21 19:14:41,871] - server-configs:
  INFO root [0x000031ac] [2019-05-21 19:14:41,871] - 	gameUpdateHertz : 10
  INFO root [0x000031ac] [2019-05-21 19:14:41,871] - 	defaultViewRadius : 80
  INFO root [0x000031ac] [2019-05-21 19:14:41,871] - 	defaultViewHysteresisArea : 5
  INFO root [0x000031ac] [2019-05-21 19:14:41,871] - 	entryScriptFile : kbemain
  INFO root [0x000031ac] [2019-05-21 19:14:41,871] - 	internalTcpAddr : 192.168.56.1:54106
  INFO root [0x000031ac] [2019-05-21 19:14:41,871] - 	componentID : 8001
  WARN root [0x000031ac] [2019-05-21 19:14:41,881] - invalid UID(0) <= 0, please check UID for environment! automatically set to 3960.
  INFO root [0x000031ac] [2019-05-21 19:14:43,387] - ---- cellapp Version: 2.4.5. ScriptVersion: 0.1.0. Pythoncore: 3.7.3. Protocol: C9FCABE153AC3D64A8F240810ADA666D. Config: Debug X86. Built: 09:56:57 May  8 2019. AppID: 8001. UID: 3960. PID: 14388 ----
  INFO root [0x000031ac] [2019-05-21 19:14:43,387] - Server error_name: Intel(R) Core(TM) i5-6300HQ CPU @ 2.30GHz with 2097151kB RAM
  INFO root [0x000031ac] [2019-05-21 19:14:43,387] - ThreadPool::createThreadPool: creating  threadpool...
  INFO root [0x000031ac] [2019-05-21 19:14:43,387] - ThreadPool::createThreadPool: successfully(2), newThreadCount=1, normalMaxThreadCount=2, maxThreadCount=8
  INFO root [0x000031ac] [2019-05-21 19:14:43,607] - Script::install(): is successfully, Python=(3.7.3 (default, May  8 2019, 09:53:38) [MSC v.1916 32 bit (Intel)])!
  INFO root [0x000031ac] [2019-05-21 19:14:43,607] - Script::install(): KBExtra is successfully!
  WARN root [0x000031ac] [2019-05-21 19:14:43,717] - EntityDef::checkDefMethod: exposed of method: Account.playerMakeLandlord, check the caller can use "def playerMakeLandlord(self, callerID, ...)", such as: if callerID == self.id!
  WARN root [0x000031ac] [2019-05-21 19:14:43,717] - EntityDef::checkDefMethod: exposed of method: Account.setGameReady, check the caller can use "def setGameReady(self, callerID, ...)", such as: if callerID == self.id!
 DEBUG root [0x000031ac] [2019-05-21 19:14:43,717] - loaded entity-script:Account(1).
 DEBUG root [0x000031ac] [2019-05-21 19:14:43,717] - loaded entity-script:Room(3).
  INFO root [0x000031ac] [2019-05-21 19:14:43,717] - TelnetServer server is running on port 50000
  INFO root [0x000031ac] [2019-05-21 19:14:44,161] - ---- cellapp is running ----
 DEBUG root [0x000031ac] [2019-05-21 19:14:44,161] - Components::process(): Request for the process of identity...
  WARN root [0x000031ac] [2019-05-21 19:14:50,437] - EntityApp::checkTickPeriod: tick took 6277% (6.28 seconds)!
  INFO root [0x000031ac] [2019-05-21 19:14:51,477] - Components::findComponents: find logger(1)...
  INFO root [0x000031ac] [2019-05-21 19:14:51,577] - Components::findComponents: found logger, addr:192.168.56.1:54107
  INFO root [0x000031ac] [2019-05-21 19:14:51,577] - Components::addComponent: reset orderLog, uid=3960!
  INFO root [0x000031ac] [2019-05-21 19:14:51,577] - Components::addComponent[logger], uid=3960, componentID=2000, globalorderid=1, grouporderid=1, totalcount=1
  INFO root [0x000031ac] [2019-05-21 19:14:51,577] - Components::findComponents: find dbmgr(2)...
  INFO root [0x000031ac] [2019-05-21 19:14:51,697] - Components::findComponents: found dbmgr, addr:192.168.56.1:54099
  INFO root [0x000031ac] [2019-05-21 19:14:51,697] - Components::addComponent: reset orderLog, uid=3960!
  INFO root [0x000031ac] [2019-05-21 19:14:51,697] - Components::addComponent[dbmgr], uid=3960, componentID=4000, globalorderid=1, grouporderid=1, totalcount=1
  INFO root [0x000031ac] [2019-05-21 19:14:51,697] - Components::findComponents: found dbmgr, addr:192.168.56.1:54099
  WARN root [0x000031ac] [2019-05-21 19:14:52,717] - Forwarding logs to logger[192.168.56.1:54107/0/0/0]...
 ERROR root [0x000031ac] [2019-05-21 19:15:56,317] - Components::removeComponentByChannel: logger : 2000, Abnormal exit(reason=TCPPacketReceiver::processRecv(): error=10054
)! Channel(timestamp=789930826080, lastReceivedTime=789898322485, inactivityExceptionPeriod=134849916)
  INFO root [0x000031ac] [2019-05-21 19:15:56,331] - The following logs sent to logger failed:
  WARN root [0x000031ac] [2019-05-21 19:15:56,331] - ==> [2019-05-21 19:15:56 327] TCPPacketReceiver::processPendingEvents(192.168.56.1:54107): Throwing REASON_GENERAL_NETWORK - WSAECONNRESET
 ERROR root [0x000031ac] [2019-05-21 19:15:56,331] - ==> [2019-05-21 19:15:56 327] Components::removeComponentByChannel: logger : 2000, Abnormal exit(reason=TCPPacketReceiver::processRecv(): error=10054
)! Channel(timestamp=789930826080, lastReceivedTime=789898322485, inactivityExceptionPeriod=134849916)
  WARN root [0x000031ac] [2019-05-21 19:15:56,417] - TCPPacketReceiver::processPendingEvents(192.168.56.1:54099): Throwing REASON_GENERAL_NETWORK - WSAECONNRESET
 ERROR root [0x000031ac] [2019-05-21 19:15:56,417] - Components::removeComponentByChannel: dbmgr : 4000, Abnormal exit(reason=TCPPacketReceiver::processRecv(): error=10054
)! Channel(timestamp=789931040663, lastReceivedTime=789898007600, inactivityExceptionPeriod=134849916)
  INFO root [0x000031ac] [2019-05-21 19:15:56,417] - Shutdowner::onShutdownBegin: shutting down(period=0, tickPeriod=1)
  INFO root [0x000031ac] [2019-05-21 19:15:56,417] - Shutdowner::onShutdown: shutting down
  INFO root [0x000031ac] [2019-05-21 19:15:56,427] - Spaces::destroySpace: 1.
  INFO root [0x000031ac] [2019-05-21 19:15:56,427] - Shutdowner::onShutdownEnd: shutting down
 DEBUG root [0x000031ac] [2019-05-21 19:15:56,427] - Account::~Account(): 2002
 DEBUG root [0x000031ac] [2019-05-21 19:15:56,427] - EntityRef::destroyObjPool(): size 16.
 DEBUG root [0x000031ac] [2019-05-21 19:15:56,427] - Witness::destroyObjPool(): size 16.
 DEBUG root [0x000031ac] [2019-05-21 19:15:56,440] - Room::~Room(): 2003
  INFO root [0x000031ac] [2019-05-21 19:15:56,461] - Script::uninstall(): is successfully!
 DEBUG root [0x000031ac] [2019-05-21 19:15:56,461] - ThreadPool::destroy(): starting size 2.
  WARN root [0x000031ac] [2019-05-21 19:15:56,767] - ThreadPool::destroy(): waiting for thread(2)[0x18e4658,0x18e4450,], try=1
  INFO root [0x00000020] [2019-05-21 19:17:32,517] - 
  INFO root [0x00000020] [2019-05-21 19:17:32,521] - -----------------------------------------------------------------------------------------


  INFO root [0x00000020] [2019-05-21 19:17:32,521] - Resmgr::initialize: KBE_ROOT=D:/kbengine/
  INFO root [0x00000020] [2019-05-21 19:17:32,521] - Resmgr::initialize: KBE_RES_PATH=D:/kbengine/kbe/res/;D:/kbengine/HappyPoker_assets/;D:/kbengine/HappyPoker_assets/scripts/;D:/kbengine/HappyPoker_assets/res/
  INFO root [0x00000020] [2019-05-21 19:17:32,521] - Resmgr::initialize: KBE_BIN_PATH=D:/kbengine/kbe/bin/server/
  INFO root [0x00000020] [2019-05-21 19:17:32,551] - NetworkInterface::initialize(INTERNAL-TCP): bound to all interfaces with default route interface on 192.168.56.1 ( 192.168.56.1:54184 )
  INFO root [0x00000020] [2019-05-21 19:17:32,551] - NetworkInterface::initialize(INTERNAL-TCP): address 192.168.56.1:54184, SOMAXCONN=5.
  INFO root [0x00000020] [2019-05-21 19:17:32,551] - server-configs:
  INFO root [0x00000020] [2019-05-21 19:17:32,551] - 	gameUpdateHertz : 10
  INFO root [0x00000020] [2019-05-21 19:17:32,557] - 	defaultViewRadius : 80
  INFO root [0x00000020] [2019-05-21 19:17:32,557] - 	defaultViewHysteresisArea : 5
  INFO root [0x00000020] [2019-05-21 19:17:32,557] - 	entryScriptFile : kbemain
  INFO root [0x00000020] [2019-05-21 19:17:32,557] - 	internalTcpAddr : 192.168.56.1:54184
  INFO root [0x00000020] [2019-05-21 19:17:32,557] - 	componentID : 8001
  WARN root [0x00000020] [2019-05-21 19:17:32,560] - invalid UID(0) <= 0, please check UID for environment! automatically set to 3960.
  INFO root [0x00000020] [2019-05-21 19:17:34,081] - ---- cellapp Version: 2.4.5. ScriptVersion: 0.1.0. Pythoncore: 3.7.3. Protocol: C9FCABE153AC3D64A8F240810ADA666D. Config: Debug X86. Built: 09:56:57 May  8 2019. AppID: 8001. UID: 3960. PID: 10952 ----
  INFO root [0x00000020] [2019-05-21 19:17:34,081] - Server error_name: Intel(R) Core(TM) i5-6300HQ CPU @ 2.30GHz with 2097151kB RAM
  INFO root [0x00000020] [2019-05-21 19:17:34,081] - ThreadPool::createThreadPool: creating  threadpool...
  INFO root [0x00000020] [2019-05-21 19:17:34,081] - ThreadPool::createThreadPool: successfully(2), newThreadCount=1, normalMaxThreadCount=2, maxThreadCount=8
  INFO root [0x00000020] [2019-05-21 19:17:34,296] - Script::install(): is successfully, Python=(3.7.3 (default, May  8 2019, 09:53:38) [MSC v.1916 32 bit (Intel)])!
  INFO root [0x00000020] [2019-05-21 19:17:34,298] - Script::install(): KBExtra is successfully!
  WARN root [0x00000020] [2019-05-21 19:17:34,437] - EntityDef::checkDefMethod: exposed of method: Account.playerMakeLandlord, check the caller can use "def playerMakeLandlord(self, callerID, ...)", such as: if callerID == self.id!
  WARN root [0x00000020] [2019-05-21 19:17:34,482] - EntityDef::checkDefMethod: exposed of method: Account.setGameReady, check the caller can use "def setGameReady(self, callerID, ...)", such as: if callerID == self.id!
 DEBUG root [0x00000020] [2019-05-21 19:17:34,502] - loaded entity-script:Account(1).
 DEBUG root [0x00000020] [2019-05-21 19:17:34,502] - loaded entity-script:Room(3).
  INFO root [0x00000020] [2019-05-21 19:17:34,502] - TelnetServer server is running on port 50000
  INFO root [0x00000020] [2019-05-21 19:17:34,942] - ---- cellapp is running ----
 DEBUG root [0x00000020] [2019-05-21 19:17:34,942] - Components::process(): Request for the process of identity...
  WARN root [0x00000020] [2019-05-21 19:17:41,247] - EntityApp::checkTickPeriod: tick took 6307% (6.31 seconds)!
  WARN root [0x00000020] [2019-05-21 19:17:41,247] - TCPPacketReceiver::processPendingEvents(192.168.56.1:54196): Throwing REASON_GENERAL_NETWORK - WSAECONNABORTED
  INFO root [0x00000020] [2019-05-21 19:17:42,347] - Components::findComponents: find logger(1)...
  INFO root [0x00000020] [2019-05-21 19:17:42,450] - Components::findComponents: found logger, addr:192.168.56.1:54186
  INFO root [0x00000020] [2019-05-21 19:17:42,450] - Components::addComponent: reset orderLog, uid=3960!
  INFO root [0x00000020] [2019-05-21 19:17:42,450] - Components::addComponent[logger], uid=3960, componentID=2000, globalorderid=1, grouporderid=1, totalcount=1
  INFO root [0x00000020] [2019-05-21 19:17:42,450] - Components::findComponents: find dbmgr(2)...
  INFO root [0x00000020] [2019-05-21 19:17:42,571] - Components::findComponents: found dbmgr, addr:192.168.56.1:54179
  INFO root [0x00000020] [2019-05-21 19:17:42,571] - Components::addComponent: reset orderLog, uid=3960!
  INFO root [0x00000020] [2019-05-21 19:17:42,571] - Components::addComponent[dbmgr], uid=3960, componentID=4000, globalorderid=1, grouporderid=1, totalcount=1
  INFO root [0x00000020] [2019-05-21 19:17:42,571] - Components::findComponents: found dbmgr, addr:192.168.56.1:54179
  WARN root [0x00000020] [2019-05-21 19:17:43,587] - Forwarding logs to logger[192.168.56.1:54186/0/0/0]...
 ERROR root [0x00000020] [2019-05-21 19:18:49,301] - Components::removeComponentByChannel: logger : 2000, Abnormal exit(reason=TCPPacketReceiver::processRecv(): error=10054
)! Channel(timestamp=790320024158, lastReceivedTime=790282337669, inactivityExceptionPeriod=134887676)
  INFO root [0x00000020] [2019-05-21 19:18:49,307] - The following logs sent to logger failed:
  WARN root [0x00000020] [2019-05-21 19:18:49,307] - ==> [2019-05-21 19:18:49 303] TCPPacketReceiver::processPendingEvents(192.168.56.1:54186): Throwing REASON_GENERAL_NETWORK - WSAECONNRESET
 ERROR root [0x00000020] [2019-05-21 19:18:49,307] - ==> [2019-05-21 19:18:49 304] Components::removeComponentByChannel: logger : 2000, Abnormal exit(reason=TCPPacketReceiver::processRecv(): error=10054
)! Channel(timestamp=790320024158, lastReceivedTime=790282337669, inactivityExceptionPeriod=134887676)
  WARN root [0x00000020] [2019-05-21 19:18:49,369] - TCPPacketReceiver::processPendingEvents(192.168.56.1:54179): Throwing REASON_GENERAL_NETWORK - WSAECONNRESET
 ERROR root [0x00000020] [2019-05-21 19:18:49,369] - Components::removeComponentByChannel: dbmgr : 4000, Abnormal exit(reason=TCPPacketReceiver::processRecv(): error=10054
)! Channel(timestamp=790320183326, lastReceivedTime=790282003773, inactivityExceptionPeriod=134887676)
  INFO root [0x00000020] [2019-05-21 19:18:49,387] - Shutdowner::onShutdownBegin: shutting down(period=0, tickPeriod=1)
  INFO root [0x00000020] [2019-05-21 19:18:49,387] - Shutdowner::onShutdown: shutting down
  INFO root [0x00000020] [2019-05-21 19:18:49,391] - Spaces::destroySpace: 1.
  INFO root [0x00000020] [2019-05-21 19:18:49,391] - Shutdowner::onShutdownEnd: shutting down
 DEBUG root [0x00000020] [2019-05-21 19:18:49,391] - Account::~Account(): 2002
 DEBUG root [0x00000020] [2019-05-21 19:18:49,391] - EntityRef::destroyObjPool(): size 16.
 DEBUG root [0x00000020] [2019-05-21 19:18:49,391] - Witness::destroyObjPool(): size 16.
 DEBUG root [0x00000020] [2019-05-21 19:18:49,401] - Room::~Room(): 2003
  INFO root [0x00000020] [2019-05-21 19:18:49,421] - Script::uninstall(): is successfully!
 DEBUG root [0x00000020] [2019-05-21 19:18:49,421] - ThreadPool::destroy(): starting size 2.
  WARN root [0x00000020] [2019-05-21 19:18:49,737] - ThreadPool::destroy(): waiting for thread(2)[0x1911598,0x1911390,], try=1
  INFO root [0x00003d98] [2019-05-21 20:52:17,233] - 
  INFO root [0x00003d98] [2019-05-21 20:52:17,240] - -----------------------------------------------------------------------------------------


  INFO root [0x00003d98] [2019-05-21 20:52:17,244] - Resmgr::initialize: KBE_ROOT=D:/kbengine/
  INFO root [0x00003d98] [2019-05-21 20:52:17,244] - Resmgr::initialize: KBE_RES_PATH=D:/kbengine/kbe/res/;D:/kbengine/HappyPoker_assets/;D:/kbengine/HappyPoker_assets/scripts/;D:/kbengine/HappyPoker_assets/res/
  INFO root [0x00003d98] [2019-05-21 20:52:17,244] - Resmgr::initialize: KBE_BIN_PATH=D:/kbengine/kbe/bin/server/
  INFO root [0x00003d98] [2019-05-21 20:52:17,274] - NetworkInterface::initialize(INTERNAL-TCP): bound to all interfaces with default route interface on 192.168.56.1 ( 192.168.56.1:54854 )
  INFO root [0x00003d98] [2019-05-21 20:52:17,274] - NetworkInterface::initialize(INTERNAL-TCP): address 192.168.56.1:54854, SOMAXCONN=5.
  INFO root [0x00003d98] [2019-05-21 20:52:17,274] - server-configs:
  INFO root [0x00003d98] [2019-05-21 20:52:17,274] - 	gameUpdateHertz : 10
  INFO root [0x00003d98] [2019-05-21 20:52:17,274] - 	defaultViewRadius : 80
  INFO root [0x00003d98] [2019-05-21 20:52:17,274] - 	defaultViewHysteresisArea : 5
  INFO root [0x00003d98] [2019-05-21 20:52:17,274] - 	entryScriptFile : kbemain
  INFO root [0x00003d98] [2019-05-21 20:52:17,274] - 	internalTcpAddr : 192.168.56.1:54854
  INFO root [0x00003d98] [2019-05-21 20:52:17,274] - 	componentID : 8001
  WARN root [0x00003d98] [2019-05-21 20:52:17,274] - invalid UID(0) <= 0, please check UID for environment! automatically set to 3960.
  INFO root [0x00003d98] [2019-05-21 20:52:18,783] - ---- cellapp Version: 2.4.5. ScriptVersion: 0.1.0. Pythoncore: 3.7.3. Protocol: C9FCABE153AC3D64A8F240810ADA666D. Config: Debug X86. Built: 09:56:57 May  8 2019. AppID: 8001. UID: 3960. PID: 16332 ----
  INFO root [0x00003d98] [2019-05-21 20:52:18,818] - Server error_name: Intel(R) Core(TM) i5-6300HQ CPU @ 2.30GHz with 2097151kB RAM
  INFO root [0x00003d98] [2019-05-21 20:52:18,824] - ThreadPool::createThreadPool: creating  threadpool...
  INFO root [0x00003d98] [2019-05-21 20:52:18,824] - ThreadPool::createThreadPool: successfully(2), newThreadCount=1, normalMaxThreadCount=2, maxThreadCount=8
  INFO root [0x00003d98] [2019-05-21 20:52:19,064] - Script::install(): is successfully, Python=(3.7.3 (default, May  8 2019, 09:53:38) [MSC v.1916 32 bit (Intel)])!
  INFO root [0x00003d98] [2019-05-21 20:52:19,064] - Script::install(): KBExtra is successfully!
  WARN root [0x00003d98] [2019-05-21 20:52:19,180] - EntityDef::checkDefMethod: exposed of method: Account.playerMakeLandlord, check the caller can use "def playerMakeLandlord(self, callerID, ...)", such as: if callerID == self.id!
  WARN root [0x00003d98] [2019-05-21 20:52:19,180] - EntityDef::checkDefMethod: exposed of method: Account.setGameReady, check the caller can use "def setGameReady(self, callerID, ...)", such as: if callerID == self.id!
 DEBUG root [0x00003d98] [2019-05-21 20:52:19,180] - loaded entity-script:Account(1).
 DEBUG root [0x00003d98] [2019-05-21 20:52:19,180] - loaded entity-script:Room(3).
  INFO root [0x00003d98] [2019-05-21 20:52:19,186] - TelnetServer server is running on port 50000
  INFO root [0x00003d98] [2019-05-21 20:52:19,675] - ---- cellapp is running ----
 DEBUG root [0x00003d98] [2019-05-21 20:52:19,675] - Components::process(): Request for the process of identity...
  WARN root [0x00003d98] [2019-05-21 20:52:23,470] - BundleBroadcast::BundleBroadcast: Cannot bind to port 20764, errorno=10048
  WARN root [0x00003d98] [2019-05-21 20:52:26,572] - EntityApp::checkTickPeriod: tick took 6894% (6.89 seconds)!
  WARN root [0x00003d98] [2019-05-21 20:52:26,572] - TCPPacketReceiver::processPendingEvents(192.168.56.1:54868): Throwing REASON_GENERAL_NETWORK - WSAECONNABORTED
  INFO root [0x00003d98] [2019-05-21 20:52:27,590] - Components::findComponents: find logger(1)...
  INFO root [0x00003d98] [2019-05-21 20:52:27,670] - Components::findComponents: found logger, addr:192.168.56.1:54852
  INFO root [0x00003d98] [2019-05-21 20:52:27,670] - Components::addComponent: reset orderLog, uid=3960!
  INFO root [0x00003d98] [2019-05-21 20:52:27,670] - Components::addComponent[logger], uid=3960, componentID=2000, globalorderid=1, grouporderid=1, totalcount=1
  INFO root [0x00003d98] [2019-05-21 20:52:27,670] - Components::findComponents: find dbmgr(2)...
  INFO root [0x00003d98] [2019-05-21 20:52:27,790] - Components::findComponents: found dbmgr, addr:192.168.56.1:54851
  INFO root [0x00003d98] [2019-05-21 20:52:27,790] - Components::addComponent: reset orderLog, uid=3960!
  INFO root [0x00003d98] [2019-05-21 20:52:27,790] - Components::addComponent[dbmgr], uid=3960, componentID=4000, globalorderid=1, grouporderid=1, totalcount=1
  INFO root [0x00003d98] [2019-05-21 20:52:27,790] - Components::findComponents: found dbmgr, addr:192.168.56.1:54851
  WARN root [0x00003d98] [2019-05-21 20:52:28,810] - EntityApp::checkTickPeriod: tick took 1320% (1.32 seconds)!
  WARN root [0x00003d98] [2019-05-21 20:52:28,810] - Forwarding logs to logger[192.168.56.1:54852/0/0/0]...
 ERROR root [0x00003d98] [2019-05-21 20:57:19,799] - Components::removeComponentByChannel: logger : 2000, Abnormal exit(reason=TCPPacketReceiver::processRecv(): error=10054
)! Channel(timestamp=803618668571, lastReceivedTime=803612991285, inactivityExceptionPeriod=134887564)
  INFO root [0x00003d98] [2019-05-21 20:57:19,799] - The following logs sent to logger failed:
  WARN root [0x00003d98] [2019-05-21 20:57:19,809] - ==> [2019-05-21 20:57:19 804] TCPPacketReceiver::processPendingEvents(192.168.56.1:54852): Throwing REASON_GENERAL_NETWORK - WSAECONNRESET
 ERROR root [0x00003d98] [2019-05-21 20:57:19,809] - ==> [2019-05-21 20:57:19 805] Components::removeComponentByChannel: logger : 2000, Abnormal exit(reason=TCPPacketReceiver::processRecv(): error=10054
)! Channel(timestamp=803618668571, lastReceivedTime=803612991285, inactivityExceptionPeriod=134887564)
  WARN root [0x00003d98] [2019-05-21 20:57:19,871] - TCPPacketReceiver::processPendingEvents(192.168.56.1:54851): Throwing REASON_GENERAL_NETWORK - WSAECONNRESET
 ERROR root [0x00003d98] [2019-05-21 20:57:19,878] - Components::removeComponentByChannel: dbmgr : 4000, Abnormal exit(reason=TCPPacketReceiver::processRecv(): error=10054
)! Channel(timestamp=803618844198, lastReceivedTime=803612719176, inactivityExceptionPeriod=134887564)
  INFO root [0x00003d98] [2019-05-21 20:57:19,891] - Shutdowner::onShutdownBegin: shutting down(period=0, tickPeriod=1)
  INFO root [0x00003d98] [2019-05-21 20:57:19,891] - Shutdowner::onShutdown: shutting down
  INFO root [0x00003d98] [2019-05-21 20:57:19,891] - Spaces::destroySpace: 1.
  INFO root [0x00003d98] [2019-05-21 20:57:19,891] - Shutdowner::onShutdownEnd: shutting down
 DEBUG root [0x00003d98] [2019-05-21 20:57:19,891] - Account::~Account(): 2
 DEBUG root [0x00003d98] [2019-05-21 20:57:19,891] - Account::~Account(): 4
 DEBUG root [0x00003d98] [2019-05-21 20:57:19,891] - Account::~Account(): 5
 DEBUG root [0x00003d98] [2019-05-21 20:57:19,891] - EntityRef::destroyObjPool(): size 16.
 DEBUG root [0x00003d98] [2019-05-21 20:57:19,891] - Witness::destroyObjPool(): size 16.
 DEBUG root [0x00003d98] [2019-05-21 20:57:19,909] - Room::~Room(): 3
  INFO root [0x00003d98] [2019-05-21 20:57:19,922] - Script::uninstall(): is successfully!
 DEBUG root [0x00003d98] [2019-05-21 20:57:19,922] - ThreadPool::destroy(): starting size 2.
  WARN root [0x00003d98] [2019-05-21 20:57:20,239] - ThreadPool::destroy(): waiting for thread(2)[0x189e058,0x189e608,], try=1
  INFO root [0x00001ea8] [2019-05-21 20:57:21,773] - 
  INFO root [0x00001ea8] [2019-05-21 20:57:21,779] - -----------------------------------------------------------------------------------------


  INFO root [0x00001ea8] [2019-05-21 20:57:21,779] - Resmgr::initialize: KBE_ROOT=D:/kbengine/
  INFO root [0x00001ea8] [2019-05-21 20:57:21,779] - Resmgr::initialize: KBE_RES_PATH=D:/kbengine/kbe/res/;D:/kbengine/HappyPoker_assets/;D:/kbengine/HappyPoker_assets/scripts/;D:/kbengine/HappyPoker_assets/res/
  INFO root [0x00001ea8] [2019-05-21 20:57:21,779] - Resmgr::initialize: KBE_BIN_PATH=D:/kbengine/kbe/bin/server/
  INFO root [0x00001ea8] [2019-05-21 20:57:21,813] - NetworkInterface::initialize(INTERNAL-TCP): bound to all interfaces with default route interface on 192.168.56.1 ( 192.168.56.1:54935 )
  INFO root [0x00001ea8] [2019-05-21 20:57:21,813] - NetworkInterface::initialize(INTERNAL-TCP): address 192.168.56.1:54935, SOMAXCONN=5.
  INFO root [0x00001ea8] [2019-05-21 20:57:21,813] - server-configs:
  INFO root [0x00001ea8] [2019-05-21 20:57:21,813] - 	gameUpdateHertz : 10
  INFO root [0x00001ea8] [2019-05-21 20:57:21,813] - 	defaultViewRadius : 80
  INFO root [0x00001ea8] [2019-05-21 20:57:21,813] - 	defaultViewHysteresisArea : 5
  INFO root [0x00001ea8] [2019-05-21 20:57:21,813] - 	entryScriptFile : kbemain
  INFO root [0x00001ea8] [2019-05-21 20:57:21,813] - 	internalTcpAddr : 192.168.56.1:54935
  INFO root [0x00001ea8] [2019-05-21 20:57:21,813] - 	componentID : 8001
  WARN root [0x00001ea8] [2019-05-21 20:57:21,819] - invalid UID(0) <= 0, please check UID for environment! automatically set to 3960.
  INFO root [0x00001ea8] [2019-05-21 20:57:23,342] - ---- cellapp Version: 2.4.5. ScriptVersion: 0.1.0. Pythoncore: 3.7.3. Protocol: C9FCABE153AC3D64A8F240810ADA666D. Config: Debug X86. Built: 09:56:57 May  8 2019. AppID: 8001. UID: 3960. PID: 12200 ----
  INFO root [0x00001ea8] [2019-05-21 20:57:23,342] - Server error_name: Intel(R) Core(TM) i5-6300HQ CPU @ 2.30GHz with 2097151kB RAM
  INFO root [0x00001ea8] [2019-05-21 20:57:23,342] - ThreadPool::createThreadPool: creating  threadpool...
  INFO root [0x00001ea8] [2019-05-21 20:57:23,342] - ThreadPool::createThreadPool: successfully(2), newThreadCount=1, normalMaxThreadCount=2, maxThreadCount=8
  INFO root [0x00001ea8] [2019-05-21 20:57:23,583] - Script::install(): is successfully, Python=(3.7.3 (default, May  8 2019, 09:53:38) [MSC v.1916 32 bit (Intel)])!
  INFO root [0x00001ea8] [2019-05-21 20:57:23,583] - Script::install(): KBExtra is successfully!
  WARN root [0x00001ea8] [2019-05-21 20:57:23,834] - EntityDef::checkDefMethod: exposed of method: Account.playerMakeLandlord, check the caller can use "def playerMakeLandlord(self, callerID, ...)", such as: if callerID == self.id!
  WARN root [0x00001ea8] [2019-05-21 20:57:23,919] - EntityDef::checkDefMethod: exposed of method: Account.setGameReady, check the caller can use "def setGameReady(self, callerID, ...)", such as: if callerID == self.id!
 DEBUG root [0x00001ea8] [2019-05-21 20:57:23,989] - loaded entity-script:Account(1).
 DEBUG root [0x00001ea8] [2019-05-21 20:57:23,990] - loaded entity-script:Room(3).
  INFO root [0x00001ea8] [2019-05-21 20:57:23,990] - TelnetServer server is running on port 50000
  INFO root [0x00001ea8] [2019-05-21 20:57:24,464] - ---- cellapp is running ----
 DEBUG root [0x00001ea8] [2019-05-21 20:57:24,472] - Components::process(): Request for the process of identity...
  WARN root [0x00001ea8] [2019-05-21 20:57:30,719] - EntityApp::checkTickPeriod: tick took 6251% (6.25 seconds)!
  WARN root [0x00001ea8] [2019-05-21 20:57:30,719] - TCPPacketReceiver::processPendingEvents(192.168.56.1:54953): Throwing REASON_GENERAL_NETWORK - WSAECONNABORTED
  INFO root [0x00001ea8] [2019-05-21 20:57:31,779] - Components::findComponents: find logger(1)...
  INFO root [0x00001ea8] [2019-05-21 20:57:31,859] - Components::findComponents: found logger, addr:192.168.56.1:54936
  INFO root [0x00001ea8] [2019-05-21 20:57:31,859] - Components::addComponent: reset orderLog, uid=3960!
  INFO root [0x00001ea8] [2019-05-21 20:57:31,859] - Components::addComponent[logger], uid=3960, componentID=2000, globalorderid=1, grouporderid=1, totalcount=1
  INFO root [0x00001ea8] [2019-05-21 20:57:31,869] - Components::findComponents: find dbmgr(2)...
  INFO root [0x00001ea8] [2019-05-21 20:57:31,879] - Components::findComponents: found logger, addr:192.168.56.1:54936
  INFO root [0x00001ea8] [2019-05-21 20:57:31,882] - Components::findComponents: found dbmgr, addr:192.168.56.1:54938
  INFO root [0x00001ea8] [2019-05-21 20:57:31,882] - Components::addComponent: reset orderLog, uid=3960!
  INFO root [0x00001ea8] [2019-05-21 20:57:31,882] - Components::addComponent[dbmgr], uid=3960, componentID=4000, globalorderid=1, grouporderid=1, totalcount=1
  INFO root [0x00001ea8] [2019-05-21 20:57:31,999] - Components::findComponents: found dbmgr, addr:192.168.56.1:54938
  WARN root [0x00001ea8] [2019-05-21 20:57:33,019] - EntityApp::checkTickPeriod: tick took 1340% (1.34 seconds)!
  WARN root [0x00001ea8] [2019-05-21 20:57:33,019] - Forwarding logs to logger[192.168.56.1:54936/0/0/0]...
 ERROR root [0x00001ea8] [2019-05-21 21:03:14,909] - Components::removeComponentByChannel: logger : 2000, Abnormal exit(reason=TCPPacketReceiver::processRecv(): error=10054
)! Channel(timestamp=804417658129, lastReceivedTime=804365694782, inactivityExceptionPeriod=134887325)
  INFO root [0x00001ea8] [2019-05-21 21:03:14,913] - The following logs sent to logger failed:
  WARN root [0x00001ea8] [2019-05-21 21:03:14,913] - ==> [2019-05-21 21:03:14 909] TCPPacketReceiver::processPendingEvents(192.168.56.1:54936): Throwing REASON_GENERAL_NETWORK - WSAECONNRESET
 ERROR root [0x00001ea8] [2019-05-21 21:03:14,913] - ==> [2019-05-21 21:03:14 911] Components::removeComponentByChannel: logger : 2000, Abnormal exit(reason=TCPPacketReceiver::processRecv(): error=10054
)! Channel(timestamp=804417658129, lastReceivedTime=804365694782, inactivityExceptionPeriod=134887325)
  WARN root [0x00001ea8] [2019-05-21 21:03:14,979] - TCPPacketReceiver::processPendingEvents(192.168.56.1:54938): Throwing REASON_GENERAL_NETWORK - WSAECONNRESET
 ERROR root [0x00001ea8] [2019-05-21 21:03:14,979] - Components::removeComponentByChannel: dbmgr : 4000, Abnormal exit(reason=TCPPacketReceiver::processRecv(): error=10054
)! Channel(timestamp=804417831251, lastReceivedTime=804365732576, inactivityExceptionPeriod=134887325)
  INFO root [0x00001ea8] [2019-05-21 21:03:14,999] - Shutdowner::onShutdownBegin: shutting down(period=0, tickPeriod=1)
  INFO root [0x00001ea8] [2019-05-21 21:03:15,002] - Shutdowner::onShutdown: shutting down
  INFO root [0x00001ea8] [2019-05-21 21:03:15,002] - Spaces::destroySpace: 1.
  INFO root [0x00001ea8] [2019-05-21 21:03:15,002] - Shutdowner::onShutdownEnd: shutting down
 DEBUG root [0x00001ea8] [2019-05-21 21:03:15,002] - Account::~Account(): 2
 DEBUG root [0x00001ea8] [2019-05-21 21:03:15,002] - Account::~Account(): 4
 DEBUG root [0x00001ea8] [2019-05-21 21:03:15,002] - Account::~Account(): 5
 DEBUG root [0x00001ea8] [2019-05-21 21:03:15,009] - EntityRef::destroyObjPool(): size 16.
 DEBUG root [0x00001ea8] [2019-05-21 21:03:15,009] - Witness::destroyObjPool(): size 16.
 DEBUG root [0x00001ea8] [2019-05-21 21:03:15,023] - Room::~Room(): 3
  INFO root [0x00001ea8] [2019-05-21 21:03:15,032] - Script::uninstall(): is successfully!
 DEBUG root [0x00001ea8] [2019-05-21 21:03:15,032] - ThreadPool::destroy(): starting size 2.
  WARN root [0x00001ea8] [2019-05-21 21:03:15,348] - ThreadPool::destroy(): waiting for thread(2)[0x17819a8,0x1781b48,], try=1
  INFO root [0x00003650] [2019-05-21 21:03:16,852] - 
  INFO root [0x00003650] [2019-05-21 21:03:16,859] - -----------------------------------------------------------------------------------------


  INFO root [0x00003650] [2019-05-21 21:03:16,859] - Resmgr::initialize: KBE_ROOT=D:/kbengine/
  INFO root [0x00003650] [2019-05-21 21:03:16,859] - Resmgr::initialize: KBE_RES_PATH=D:/kbengine/kbe/res/;D:/kbengine/HappyPoker_assets/;D:/kbengine/HappyPoker_assets/scripts/;D:/kbengine/HappyPoker_assets/res/
  INFO root [0x00003650] [2019-05-21 21:03:16,859] - Resmgr::initialize: KBE_BIN_PATH=D:/kbengine/kbe/bin/server/
  INFO root [0x00003650] [2019-05-21 21:03:16,892] - NetworkInterface::initialize(INTERNAL-TCP): bound to all interfaces with default route interface on 192.168.56.1 ( 192.168.56.1:55021 )
  INFO root [0x00003650] [2019-05-21 21:03:16,899] - NetworkInterface::initialize(INTERNAL-TCP): address 192.168.56.1:55021, SOMAXCONN=5.
  INFO root [0x00003650] [2019-05-21 21:03:16,899] - server-configs:
  INFO root [0x00003650] [2019-05-21 21:03:16,899] - 	gameUpdateHertz : 10
  INFO root [0x00003650] [2019-05-21 21:03:16,899] - 	defaultViewRadius : 80
  INFO root [0x00003650] [2019-05-21 21:03:16,899] - 	defaultViewHysteresisArea : 5
  INFO root [0x00003650] [2019-05-21 21:03:16,899] - 	entryScriptFile : kbemain
  INFO root [0x00003650] [2019-05-21 21:03:16,899] - 	internalTcpAddr : 192.168.56.1:55021
  INFO root [0x00003650] [2019-05-21 21:03:16,899] - 	componentID : 8001
  WARN root [0x00003650] [2019-05-21 21:03:16,903] - invalid UID(0) <= 0, please check UID for environment! automatically set to 3960.
  WARN root [0x00003650] [2019-05-21 21:03:17,579] - BundleBroadcast::BundleBroadcast: Cannot bind to port 20971, errorno=10048
  INFO root [0x00003650] [2019-05-21 21:03:17,579] - ---- cellapp Version: 2.4.5. ScriptVersion: 0.1.0. Pythoncore: 3.7.3. Protocol: C9FCABE153AC3D64A8F240810ADA666D. Config: Debug X86. Built: 09:56:57 May  8 2019. AppID: 8001. UID: 3960. PID: 7404 ----
  INFO root [0x00003650] [2019-05-21 21:03:17,579] - Server error_name: Intel(R) Core(TM) i5-6300HQ CPU @ 2.30GHz with 2097151kB RAM
  INFO root [0x00003650] [2019-05-21 21:03:17,579] - ThreadPool::createThreadPool: creating  threadpool...
  INFO root [0x00003650] [2019-05-21 21:03:17,579] - ThreadPool::createThreadPool: successfully(2), newThreadCount=1, normalMaxThreadCount=2, maxThreadCount=8
  INFO root [0x00003650] [2019-05-21 21:03:17,789] - Script::install(): is successfully, Python=(3.7.3 (default, May  8 2019, 09:53:38) [MSC v.1916 32 bit (Intel)])!
  INFO root [0x00003650] [2019-05-21 21:03:17,789] - Script::install(): KBExtra is successfully!
  WARN root [0x00003650] [2019-05-21 21:03:17,892] - EntityDef::checkDefMethod: exposed of method: Account.playerMakeLandlord, check the caller can use "def playerMakeLandlord(self, callerID, ...)", such as: if callerID == self.id!
  WARN root [0x00003650] [2019-05-21 21:03:17,892] - EntityDef::checkDefMethod: exposed of method: Account.setGameReady, check the caller can use "def setGameReady(self, callerID, ...)", such as: if callerID == self.id!
 DEBUG root [0x00003650] [2019-05-21 21:03:17,892] - loaded entity-script:Account(1).
 DEBUG root [0x00003650] [2019-05-21 21:03:17,892] - loaded entity-script:Room(3).
  INFO root [0x00003650] [2019-05-21 21:03:17,892] - TelnetServer server is running on port 50000
  INFO root [0x00003650] [2019-05-21 21:03:18,278] - ---- cellapp is running ----
 DEBUG root [0x00003650] [2019-05-21 21:03:18,278] - Components::process(): Request for the process of identity...
  WARN root [0x00003650] [2019-05-21 21:03:24,499] - EntityApp::checkTickPeriod: tick took 6222% (6.22 seconds)!
  INFO root [0x00003650] [2019-05-21 21:03:25,598] - Components::findComponents: find logger(1)...
  INFO root [0x00003650] [2019-05-21 21:03:25,722] - Components::findComponents: found logger, addr:192.168.56.1:55026
  INFO root [0x00003650] [2019-05-21 21:03:25,722] - Components::addComponent: reset orderLog, uid=3960!
  INFO root [0x00003650] [2019-05-21 21:03:25,722] - Components::addComponent[logger], uid=3960, componentID=2000, globalorderid=1, grouporderid=1, totalcount=1
  INFO root [0x00003650] [2019-05-21 21:03:25,722] - Components::findComponents: find dbmgr(2)...
  INFO root [0x00003650] [2019-05-21 21:03:25,839] - Components::findComponents: found dbmgr, addr:192.168.56.1:55023
  INFO root [0x00003650] [2019-05-21 21:03:25,839] - Components::addComponent: reset orderLog, uid=3960!
  INFO root [0x00003650] [2019-05-21 21:03:25,839] - Components::addComponent[dbmgr], uid=3960, componentID=4000, globalorderid=1, grouporderid=1, totalcount=1
  INFO root [0x00003650] [2019-05-21 21:03:25,839] - Components::findComponents: found dbmgr, addr:192.168.56.1:55023
  WARN root [0x00003650] [2019-05-21 21:03:26,858] - EntityApp::checkTickPeriod: tick took 1380% (1.38 seconds)!
  WARN root [0x00003650] [2019-05-21 21:03:26,858] - Forwarding logs to logger[192.168.56.1:55026/0/0/0]...
 ERROR root [0x00003650] [2019-05-21 21:05:36,988] - Components::removeComponentByChannel: logger : 2000, Abnormal exit(reason=TCPPacketReceiver::processRecv(): error=10054
)! Channel(timestamp=804737351404, lastReceivedTime=804692197952, inactivityExceptionPeriod=134887676)
  INFO root [0x00003650] [2019-05-21 21:05:36,998] - The following logs sent to logger failed:
  WARN root [0x00003650] [2019-05-21 21:05:36,998] - ==> [2019-05-21 21:05:36 996] TCPPacketReceiver::processPendingEvents(192.168.56.1:55026): Throwing REASON_GENERAL_NETWORK - WSAECONNRESET
 ERROR root [0x00003650] [2019-05-21 21:05:36,998] - ==> [2019-05-21 21:05:36 996] Components::removeComponentByChannel: logger : 2000, Abnormal exit(reason=TCPPacketReceiver::processRecv(): error=10054
)! Channel(timestamp=804737351404, lastReceivedTime=804692197952, inactivityExceptionPeriod=134887676)
  WARN root [0x00003650] [2019-05-21 21:05:37,078] - TCPPacketReceiver::processPendingEvents(192.168.56.1:55023): Throwing REASON_GENERAL_NETWORK - WSAECONNRESET
 ERROR root [0x00003650] [2019-05-21 21:05:37,078] - Components::removeComponentByChannel: dbmgr : 4000, Abnormal exit(reason=TCPPacketReceiver::processRecv(): error=10054
)! Channel(timestamp=804737556899, lastReceivedTime=804692202305, inactivityExceptionPeriod=134887676)
  INFO root [0x00003650] [2019-05-21 21:05:37,092] - Shutdowner::onShutdownBegin: shutting down(period=0, tickPeriod=1)
  INFO root [0x00003650] [2019-05-21 21:05:37,098] - Shutdowner::onShutdown: shutting down
  INFO root [0x00003650] [2019-05-21 21:05:37,101] - Spaces::destroySpace: 1.
  INFO root [0x00003650] [2019-05-21 21:05:37,101] - Shutdowner::onShutdownEnd: shutting down
 DEBUG root [0x00003650] [2019-05-21 21:05:37,101] - Account::~Account(): 2002
 DEBUG root [0x00003650] [2019-05-21 21:05:37,101] - Account::~Account(): 2004
 DEBUG root [0x00003650] [2019-05-21 21:05:37,101] - Account::~Account(): 2005
 DEBUG root [0x00003650] [2019-05-21 21:05:37,101] - EntityRef::destroyObjPool(): size 16.
 DEBUG root [0x00003650] [2019-05-21 21:05:37,101] - Witness::destroyObjPool(): size 16.
 DEBUG root [0x00003650] [2019-05-21 21:05:37,118] - Room::~Room(): 2003
  INFO root [0x00003650] [2019-05-21 21:05:37,133] - Script::uninstall(): is successfully!
 DEBUG root [0x00003650] [2019-05-21 21:05:37,133] - ThreadPool::destroy(): starting size 2.
  WARN root [0x00003650] [2019-05-21 21:05:37,448] - ThreadPool::destroy(): waiting for thread(2)[0x1731828,0x1731b68,], try=1
  INFO root [0x00002a0c] [2019-05-21 21:05:38,859] - 
  INFO root [0x00002a0c] [2019-05-21 21:05:38,859] - -----------------------------------------------------------------------------------------


  INFO root [0x00002a0c] [2019-05-21 21:05:38,859] - Resmgr::initialize: KBE_ROOT=D:/kbengine/
  INFO root [0x00002a0c] [2019-05-21 21:05:38,859] - Resmgr::initialize: KBE_RES_PATH=D:/kbengine/kbe/res/;D:/kbengine/HappyPoker_assets/;D:/kbengine/HappyPoker_assets/scripts/;D:/kbengine/HappyPoker_assets/res/
  INFO root [0x00002a0c] [2019-05-21 21:05:38,859] - Resmgr::initialize: KBE_BIN_PATH=D:/kbengine/kbe/bin/server/
  INFO root [0x00002a0c] [2019-05-21 21:05:38,883] - NetworkInterface::initialize(INTERNAL-TCP): bound to all interfaces with default route interface on 192.168.56.1 ( 192.168.56.1:55101 )
  INFO root [0x00002a0c] [2019-05-21 21:05:38,883] - NetworkInterface::initialize(INTERNAL-TCP): address 192.168.56.1:55101, SOMAXCONN=5.
  INFO root [0x00002a0c] [2019-05-21 21:05:38,883] - server-configs:
  INFO root [0x00002a0c] [2019-05-21 21:05:38,883] - 	gameUpdateHertz : 10
  INFO root [0x00002a0c] [2019-05-21 21:05:38,883] - 	defaultViewRadius : 80
  INFO root [0x00002a0c] [2019-05-21 21:05:38,883] - 	defaultViewHysteresisArea : 5
  INFO root [0x00002a0c] [2019-05-21 21:05:38,883] - 	entryScriptFile : kbemain
  INFO root [0x00002a0c] [2019-05-21 21:05:38,883] - 	internalTcpAddr : 192.168.56.1:55101
  INFO root [0x00002a0c] [2019-05-21 21:05:38,883] - 	componentID : 8001
  WARN root [0x00002a0c] [2019-05-21 21:05:38,883] - invalid UID(0) <= 0, please check UID for environment! automatically set to 3960.
  INFO root [0x00002a0c] [2019-05-21 21:05:40,399] - ---- cellapp Version: 2.4.5. ScriptVersion: 0.1.0. Pythoncore: 3.7.3. Protocol: C9FCABE153AC3D64A8F240810ADA666D. Config: Debug X86. Built: 09:56:57 May  8 2019. AppID: 8001. UID: 3960. PID: 16588 ----
  INFO root [0x00002a0c] [2019-05-21 21:05:40,403] - Server error_name: Intel(R) Core(TM) i5-6300HQ CPU @ 2.30GHz with 2097151kB RAM
  INFO root [0x00002a0c] [2019-05-21 21:05:40,403] - ThreadPool::createThreadPool: creating  threadpool...
  INFO root [0x00002a0c] [2019-05-21 21:05:40,403] - ThreadPool::createThreadPool: successfully(2), newThreadCount=1, normalMaxThreadCount=2, maxThreadCount=8
  INFO root [0x00002a0c] [2019-05-21 21:05:40,613] - Script::install(): is successfully, Python=(3.7.3 (default, May  8 2019, 09:53:38) [MSC v.1916 32 bit (Intel)])!
  INFO root [0x00002a0c] [2019-05-21 21:05:40,613] - Script::install(): KBExtra is successfully!
  WARN root [0x00002a0c] [2019-05-21 21:05:40,739] - EntityDef::checkDefMethod: exposed of method: Account.playerMakeLandlord, check the caller can use "def playerMakeLandlord(self, callerID, ...)", such as: if callerID == self.id!
  WARN root [0x00002a0c] [2019-05-21 21:05:40,753] - EntityDef::checkDefMethod: exposed of method: Account.setGameReady, check the caller can use "def setGameReady(self, callerID, ...)", such as: if callerID == self.id!
 DEBUG root [0x00002a0c] [2019-05-21 21:05:40,753] - loaded entity-script:Account(1).
 DEBUG root [0x00002a0c] [2019-05-21 21:05:40,753] - loaded entity-script:Room(3).
  INFO root [0x00002a0c] [2019-05-21 21:05:40,759] - TelnetServer server is running on port 50000
  INFO root [0x00002a0c] [2019-05-21 21:05:41,162] - ---- cellapp is running ----
 DEBUG root [0x00002a0c] [2019-05-21 21:05:41,162] - Components::process(): Request for the process of identity...
  WARN root [0x00002a0c] [2019-05-21 21:05:44,939] - BundleBroadcast::BundleBroadcast: Cannot bind to port 20585, errorno=10048
  WARN root [0x00002a0c] [2019-05-21 21:05:48,078] - EntityApp::checkTickPeriod: tick took 6914% (6.91 seconds)!
  INFO root [0x00002a0c] [2019-05-21 21:05:49,178] - Components::findComponents: find logger(1)...
  INFO root [0x00002a0c] [2019-05-21 21:05:49,302] - Components::findComponents: found logger, addr:192.168.56.1:55099
  INFO root [0x00002a0c] [2019-05-21 21:05:49,302] - Components::addComponent: reset orderLog, uid=3960!
  INFO root [0x00002a0c] [2019-05-21 21:05:49,302] - Components::addComponent[logger], uid=3960, componentID=2000, globalorderid=1, grouporderid=1, totalcount=1
  INFO root [0x00002a0c] [2019-05-21 21:05:49,302] - Components::findComponents: find dbmgr(2)...
  INFO root [0x00002a0c] [2019-05-21 21:05:49,306] - Components::findComponents: found dbmgr, addr:192.168.56.1:55106
  INFO root [0x00002a0c] [2019-05-21 21:05:49,306] - Components::addComponent: reset orderLog, uid=3960!
  INFO root [0x00002a0c] [2019-05-21 21:05:49,306] - Components::addComponent[dbmgr], uid=3960, componentID=4000, globalorderid=1, grouporderid=1, totalcount=1
  INFO root [0x00002a0c] [2019-05-21 21:05:49,306] - Components::findComponents: found logger, addr:192.168.56.1:55099
  INFO root [0x00002a0c] [2019-05-21 21:05:49,306] - Components::findComponents: found dbmgr, addr:192.168.56.1:55106
  WARN root [0x00002a0c] [2019-05-21 21:05:50,318] - Forwarding logs to logger[192.168.56.1:55099/0/0/0]...
 ERROR root [0x00002a0c] [2019-05-21 21:10:05,901] - Components::removeComponentByChannel: logger : 2000, Abnormal exit(reason=TCPPacketReceiver::processRecv(): error=10054
)! Channel(timestamp=805342418305, lastReceivedTime=805281333873, inactivityExceptionPeriod=134887564)
  INFO root [0x00002a0c] [2019-05-21 21:10:05,916] - The following logs sent to logger failed:
  WARN root [0x00002a0c] [2019-05-21 21:10:05,916] - ==> [2019-05-21 21:10:05 914] TCPPacketReceiver::processPendingEvents(192.168.56.1:55099): Throwing REASON_GENERAL_NETWORK - WSAECONNRESET
 ERROR root [0x00002a0c] [2019-05-21 21:10:05,916] - ==> [2019-05-21 21:10:05 915] Components::removeComponentByChannel: logger : 2000, Abnormal exit(reason=TCPPacketReceiver::processRecv(): error=10054
)! Channel(timestamp=805342418305, lastReceivedTime=805281333873, inactivityExceptionPeriod=134887564)
  WARN root [0x00002a0c] [2019-05-21 21:10:05,979] - TCPPacketReceiver::processPendingEvents(192.168.56.1:55106): Throwing REASON_GENERAL_NETWORK - WSAECONNRESET
 ERROR root [0x00002a0c] [2019-05-21 21:10:05,979] - Components::removeComponentByChannel: dbmgr : 4000, Abnormal exit(reason=TCPPacketReceiver::processRecv(): error=10054
)! Channel(timestamp=805342576036, lastReceivedTime=805282074658, inactivityExceptionPeriod=134887564)
  INFO root [0x00002a0c] [2019-05-21 21:10:05,994] - Shutdowner::onShutdownBegin: shutting down(period=0, tickPeriod=1)
  INFO root [0x00002a0c] [2019-05-21 21:10:05,994] - Shutdowner::onShutdown: shutting down
  INFO root [0x00002a0c] [2019-05-21 21:10:05,994] - Spaces::destroySpace: 1.
  INFO root [0x00002a0c] [2019-05-21 21:10:05,994] - Shutdowner::onShutdownEnd: shutting down
 DEBUG root [0x00002a0c] [2019-05-21 21:10:05,994] - Account::~Account(): 2
 DEBUG root [0x00002a0c] [2019-05-21 21:10:05,994] - Account::~Account(): 4
 DEBUG root [0x00002a0c] [2019-05-21 21:10:05,994] - Account::~Account(): 5
 DEBUG root [0x00002a0c] [2019-05-21 21:10:05,994] - EntityRef::destroyObjPool(): size 16.
 DEBUG root [0x00002a0c] [2019-05-21 21:10:05,994] - Witness::destroyObjPool(): size 16.
 DEBUG root [0x00002a0c] [2019-05-21 21:10:06,010] - Room::~Room(): 3
  INFO root [0x00002a0c] [2019-05-21 21:10:06,026] - Script::uninstall(): is successfully!
 DEBUG root [0x00002a0c] [2019-05-21 21:10:06,026] - ThreadPool::destroy(): starting size 2.
  WARN root [0x00002a0c] [2019-05-21 21:10:06,338] - ThreadPool::destroy(): waiting for thread(2)[0x17c39e0,0x17c3c50,], try=1
