  INFO root [0x00004478] [2019-09-06 20:40:24,104] - 
  INFO root [0x00004478] [2019-09-06 20:40:24,105] - -----------------------------------------------------------------------------------------


  INFO root [0x00004478] [2019-09-06 20:40:24,107] - Resmgr::initialize: KBE_ROOT=D:/kbengine/
  INFO root [0x00004478] [2019-09-06 20:40:24,107] - Resmgr::initialize: KBE_RES_PATH=D:/kbengine/kbe/res/;D:/kbengine/HappyPoker_assets/;D:/kbengine/HappyPoker_assets/scripts/;D:/kbengine/HappyPoker_assets/res/
  INFO root [0x00004478] [2019-09-06 20:40:24,107] - Resmgr::initialize: KBE_BIN_PATH=D:/kbengine/kbe/bin/server/
  INFO root [0x00004478] [2019-09-06 20:40:24,130] - NetworkInterface::initialize(INTERNAL-TCP): bound to all interfaces with default route interface on 192.168.56.1 ( 192.168.56.1:52207 )
  INFO root [0x00004478] [2019-09-06 20:40:24,131] - NetworkInterface::initialize(INTERNAL-TCP): address 192.168.56.1:52207, SOMAXCONN=5.
  INFO root [0x00004478] [2019-09-06 20:40:24,131] - server-configs:
  INFO root [0x00004478] [2019-09-06 20:40:24,131] - 	gameUpdateHertz : 10
  INFO root [0x00004478] [2019-09-06 20:40:24,131] - 	defaultViewRadius : 80
  INFO root [0x00004478] [2019-09-06 20:40:24,132] - 	defaultViewHysteresisArea : 5
  INFO root [0x00004478] [2019-09-06 20:40:24,132] - 	entryScriptFile : kbemain
  INFO root [0x00004478] [2019-09-06 20:40:24,132] - 	internalTcpAddr : 192.168.56.1:52207
  INFO root [0x00004478] [2019-09-06 20:40:24,132] - 	componentID : 8001
  WARN root [0x00004478] [2019-09-06 20:40:24,134] - invalid UID(0) <= 0, please check UID for environment! automatically set to 2082.
  INFO root [0x00004478] [2019-09-06 20:40:25,642] - ---- cellapp Version: 2.4.5. ScriptVersion: 0.1.0. Pythoncore: 3.7.3. Protocol: C9FCABE153AC3D64A8F240810ADA666D. Config: Debug X86. Built: 09:56:57 May  8 2019. AppID: 8001. UID: 2082. PID: 5088 ----
  INFO root [0x00004478] [2019-09-06 20:40:25,643] - Server error_name: Intel(R) Core(TM) i5-6300HQ CPU @ 2.30GHz with 2097151kB RAM
  INFO root [0x00004478] [2019-09-06 20:40:25,643] - ThreadPool::createThreadPool: creating  threadpool...
  INFO root [0x00004478] [2019-09-06 20:40:25,644] - ThreadPool::createThreadPool: successfully(2), newThreadCount=1, normalMaxThreadCount=2, maxThreadCount=8
  INFO root [0x00004478] [2019-09-06 20:40:25,888] - Script::install(): is successfully, Python=(3.7.3 (default, May  8 2019, 09:53:38) [MSC v.1916 32 bit (Intel)])!
  INFO root [0x00004478] [2019-09-06 20:40:25,889] - Script::install(): KBExtra is successfully!
  WARN root [0x00004478] [2019-09-06 20:40:26,112] - EntityDef::checkDefMethod: exposed of method: Account.leaveRoom, check the caller can use "def leaveRoom(self, callerID, ...)", such as: if callerID == self.id!
  WARN root [0x00004478] [2019-09-06 20:40:26,113] - EntityDef::checkDefMethod: exposed of method: Account.playerMakeLandlord, check the caller can use "def playerMakeLandlord(self, callerID, ...)", such as: if callerID == self.id!
  WARN root [0x00004478] [2019-09-06 20:40:26,113] - EntityDef::checkDefMethod: exposed of method: Account.setGameReady, check the caller can use "def setGameReady(self, callerID, ...)", such as: if callerID == self.id!
  WARN root [0x00004478] [2019-09-06 20:40:26,114] - EntityDef::checkDefMethod: exposed of method: Account.stayRoom, check the caller can use "def stayRoom(self, callerID, ...)", such as: if callerID == self.id!
 DEBUG root [0x00004478] [2019-09-06 20:40:26,114] - loaded entity-script:Account(1).
  WARN root [0x00004478] [2019-09-06 20:40:26,118] - EntityDef::checkDefMethod: exposed of method: Room.playPoker, check the caller can use "def playPoker(self, callerID, ...)", such as: if callerID == self.id!
  WARN root [0x00004478] [2019-09-06 20:40:26,118] - EntityDef::checkDefMethod: exposed of method: Room.unPlayPoker, check the caller can use "def unPlayPoker(self, callerID, ...)", such as: if callerID == self.id!
 DEBUG root [0x00004478] [2019-09-06 20:40:26,139] - loaded entity-script:Room(3).
  INFO root [0x00004478] [2019-09-06 20:40:26,142] - TelnetServer server is running on port 50000
  INFO root [0x00004478] [2019-09-06 20:40:26,611] - ---- cellapp is running ----
 DEBUG root [0x00004478] [2019-09-06 20:40:26,611] - Components::process(): Request for the process of identity...
  WARN root [0x00004478] [2019-09-06 20:40:32,746] - EntityApp::checkTickPeriod: tick took 6135% (6.14 seconds)!
  INFO root [0x00004478] [2019-09-06 20:40:33,811] - Components::findComponents: find logger(1)...
  INFO root [0x00004478] [2019-09-06 20:40:33,895] - Components::findComponents: found logger, addr:192.168.56.1:52208
  INFO root [0x00004478] [2019-09-06 20:40:33,895] - Components::addComponent: reset orderLog, uid=2082!
  INFO root [0x00004478] [2019-09-06 20:40:33,896] - Components::addComponent[logger], uid=2082, componentID=2000, globalorderid=1, grouporderid=1, totalcount=1
  INFO root [0x00004478] [2019-09-06 20:40:33,898] - Components::findComponents: find dbmgr(2)...
  WARN root [0x00004478] [2019-09-06 20:40:35,000] - EntityApp::checkTickPeriod: tick took 1289% (1.29 seconds)!
  WARN root [0x00004478] [2019-09-06 20:40:35,000] - Forwarding logs to logger[192.168.56.1:52208/0/0/0]...
 ERROR root [0x00004478] [2019-09-06 20:40:45,876] - Components::removeComponentByChannel: logger : 2000, Abnormal exit(reason=TCPPacketReceiver::processRecv(): error=10054
)! Channel(timestamp=846326279037, lastReceivedTime=846299328054, inactivityExceptionPeriod=134887628)
  INFO root [0x00004478] [2019-09-06 20:40:45,879] - The following logs sent to logger failed:
  WARN root [0x00004478] [2019-09-06 20:40:45,879] - ==> [2019-09-06 20:40:45 875] TCPPacketReceiver::processPendingEvents(192.168.56.1:52208): Throwing REASON_GENERAL_NETWORK - WSAECONNRESET
 ERROR root [0x00004478] [2019-09-06 20:40:45,880] - ==> [2019-09-06 20:40:45 877] Components::removeComponentByChannel: logger : 2000, Abnormal exit(reason=TCPPacketReceiver::processRecv(): error=10054
)! Channel(timestamp=846326279037, lastReceivedTime=846299328054, inactivityExceptionPeriod=134887628)
  INFO root [0x0000368c] [2019-09-06 20:41:49,000] - 
  INFO root [0x0000368c] [2019-09-06 20:41:49,000] - -----------------------------------------------------------------------------------------


  INFO root [0x0000368c] [2019-09-06 20:41:49,002] - Resmgr::initialize: KBE_ROOT=D:/kbengine/
  INFO root [0x0000368c] [2019-09-06 20:41:49,002] - Resmgr::initialize: KBE_RES_PATH=D:/kbengine/kbe/res/;D:/kbengine/HappyPoker_assets/;D:/kbengine/HappyPoker_assets/scripts/;D:/kbengine/HappyPoker_assets/res/
  INFO root [0x0000368c] [2019-09-06 20:41:49,002] - Resmgr::initialize: KBE_BIN_PATH=D:/kbengine/kbe/bin/server/
  INFO root [0x0000368c] [2019-09-06 20:41:49,020] - NetworkInterface::initialize(INTERNAL-TCP): bound to all interfaces with default route interface on 192.168.56.1 ( 192.168.56.1:52230 )
  INFO root [0x0000368c] [2019-09-06 20:41:49,020] - NetworkInterface::initialize(INTERNAL-TCP): address 192.168.56.1:52230, SOMAXCONN=5.
  INFO root [0x0000368c] [2019-09-06 20:41:49,020] - server-configs:
  INFO root [0x0000368c] [2019-09-06 20:41:49,020] - 	gameUpdateHertz : 10
  INFO root [0x0000368c] [2019-09-06 20:41:49,021] - 	defaultViewRadius : 80
  INFO root [0x0000368c] [2019-09-06 20:41:49,021] - 	defaultViewHysteresisArea : 5
  INFO root [0x0000368c] [2019-09-06 20:41:49,021] - 	entryScriptFile : kbemain
  INFO root [0x0000368c] [2019-09-06 20:41:49,021] - 	internalTcpAddr : 192.168.56.1:52230
  INFO root [0x0000368c] [2019-09-06 20:41:49,021] - 	componentID : 8001
  WARN root [0x0000368c] [2019-09-06 20:41:49,022] - invalid UID(0) <= 0, please check UID for environment! automatically set to 2082.
  INFO root [0x0000368c] [2019-09-06 20:41:50,526] - ---- cellapp Version: 2.4.5. ScriptVersion: 0.1.0. Pythoncore: 3.7.3. Protocol: C9FCABE153AC3D64A8F240810ADA666D. Config: Debug X86. Built: 09:56:57 May  8 2019. AppID: 8001. UID: 2082. PID: 1868 ----
  INFO root [0x0000368c] [2019-09-06 20:41:50,527] - Server error_name: Intel(R) Core(TM) i5-6300HQ CPU @ 2.30GHz with 2097151kB RAM
  INFO root [0x0000368c] [2019-09-06 20:41:50,527] - ThreadPool::createThreadPool: creating  threadpool...
  INFO root [0x0000368c] [2019-09-06 20:41:50,528] - ThreadPool::createThreadPool: successfully(2), newThreadCount=1, normalMaxThreadCount=2, maxThreadCount=8
  INFO root [0x0000368c] [2019-09-06 20:41:50,732] - Script::install(): is successfully, Python=(3.7.3 (default, May  8 2019, 09:53:38) [MSC v.1916 32 bit (Intel)])!
  INFO root [0x0000368c] [2019-09-06 20:41:50,732] - Script::install(): KBExtra is successfully!
  WARN root [0x0000368c] [2019-09-06 20:41:50,862] - EntityDef::checkDefMethod: exposed of method: Account.leaveRoom, check the caller can use "def leaveRoom(self, callerID, ...)", such as: if callerID == self.id!
  WARN root [0x0000368c] [2019-09-06 20:41:50,863] - EntityDef::checkDefMethod: exposed of method: Account.playerMakeLandlord, check the caller can use "def playerMakeLandlord(self, callerID, ...)", such as: if callerID == self.id!
  WARN root [0x0000368c] [2019-09-06 20:41:50,864] - EntityDef::checkDefMethod: exposed of method: Account.setGameReady, check the caller can use "def setGameReady(self, callerID, ...)", such as: if callerID == self.id!
  WARN root [0x0000368c] [2019-09-06 20:41:50,864] - EntityDef::checkDefMethod: exposed of method: Account.stayRoom, check the caller can use "def stayRoom(self, callerID, ...)", such as: if callerID == self.id!
 DEBUG root [0x0000368c] [2019-09-06 20:41:50,865] - loaded entity-script:Account(1).
  WARN root [0x0000368c] [2019-09-06 20:41:50,867] - EntityDef::checkDefMethod: exposed of method: Room.playPoker, check the caller can use "def playPoker(self, callerID, ...)", such as: if callerID == self.id!
  WARN root [0x0000368c] [2019-09-06 20:41:50,867] - EntityDef::checkDefMethod: exposed of method: Room.unPlayPoker, check the caller can use "def unPlayPoker(self, callerID, ...)", such as: if callerID == self.id!
 DEBUG root [0x0000368c] [2019-09-06 20:41:50,867] - loaded entity-script:Room(3).
  INFO root [0x0000368c] [2019-09-06 20:41:50,870] - TelnetServer server is running on port 50000
  INFO root [0x0000368c] [2019-09-06 20:41:51,314] - ---- cellapp is running ----
 DEBUG root [0x0000368c] [2019-09-06 20:41:51,314] - Components::process(): Request for the process of identity...
  WARN root [0x0000368c] [2019-09-06 20:41:57,452] - EntityApp::checkTickPeriod: tick took 6139% (6.14 seconds)!
  INFO root [0x0000368c] [2019-09-06 20:41:58,504] - Components::findComponents: find logger(1)...
  INFO root [0x0000368c] [2019-09-06 20:41:58,543] - Components::findComponents: found logger, addr:192.168.56.1:52233
  INFO root [0x0000368c] [2019-09-06 20:41:58,543] - Components::addComponent: reset orderLog, uid=2082!
  INFO root [0x0000368c] [2019-09-06 20:41:58,543] - Components::addComponent[logger], uid=2082, componentID=2000, globalorderid=1, grouporderid=1, totalcount=1
  INFO root [0x0000368c] [2019-09-06 20:41:58,545] - Components::findComponents: find dbmgr(2)...
  INFO root [0x0000368c] [2019-09-06 20:41:58,648] - Components::findComponents: found dbmgr, addr:192.168.56.1:52231
  INFO root [0x0000368c] [2019-09-06 20:41:58,648] - Components::addComponent: reset orderLog, uid=2082!
  INFO root [0x0000368c] [2019-09-06 20:41:58,649] - Components::addComponent[dbmgr], uid=2082, componentID=4000, globalorderid=1, grouporderid=1, totalcount=1
  INFO root [0x0000368c] [2019-09-06 20:41:58,649] - Components::findComponents: found dbmgr, addr:192.168.56.1:52231
  WARN root [0x0000368c] [2019-09-06 20:41:59,649] - Forwarding logs to logger[192.168.56.1:52233/0/0/0]...
 ERROR root [0x0000368c] [2019-09-06 20:42:04,345] - Components::removeComponentByChannel: logger : 2000, Abnormal exit(reason=TCPPacketReceiver::processRecv(): error=10054
)! Channel(timestamp=846502833545, lastReceivedTime=846489783943, inactivityExceptionPeriod=134880546)
  INFO root [0x0000368c] [2019-09-06 20:42:04,348] - The following logs sent to logger failed:
  WARN root [0x0000368c] [2019-09-06 20:42:04,349] - ==> [2019-09-06 20:42:04 344] TCPPacketReceiver::processPendingEvents(192.168.56.1:52233): Throwing REASON_GENERAL_NETWORK - WSAECONNRESET
 ERROR root [0x0000368c] [2019-09-06 20:42:04,349] - ==> [2019-09-06 20:42:04 345] Components::removeComponentByChannel: logger : 2000, Abnormal exit(reason=TCPPacketReceiver::processRecv(): error=10054
)! Channel(timestamp=846502833545, lastReceivedTime=846489783943, inactivityExceptionPeriod=134880546)
  INFO root [0x00001e14] [2019-09-06 20:42:09,073] - 
  INFO root [0x00001e14] [2019-09-06 20:42:09,076] - -----------------------------------------------------------------------------------------


  INFO root [0x00001e14] [2019-09-06 20:42:09,077] - Resmgr::initialize: KBE_ROOT=D:/kbengine/
  INFO root [0x00001e14] [2019-09-06 20:42:09,077] - Resmgr::initialize: KBE_RES_PATH=D:/kbengine/kbe/res/;D:/kbengine/HappyPoker_assets/;D:/kbengine/HappyPoker_assets/scripts/;D:/kbengine/HappyPoker_assets/res/
  INFO root [0x00001e14] [2019-09-06 20:42:09,077] - Resmgr::initialize: KBE_BIN_PATH=D:/kbengine/kbe/bin/server/
  INFO root [0x00001e14] [2019-09-06 20:42:09,110] - NetworkInterface::initialize(INTERNAL-TCP): bound to all interfaces with default route interface on 192.168.56.1 ( 192.168.56.1:52262 )
  INFO root [0x00001e14] [2019-09-06 20:42:09,110] - NetworkInterface::initialize(INTERNAL-TCP): address 192.168.56.1:52262, SOMAXCONN=5.
  INFO root [0x00001e14] [2019-09-06 20:42:09,111] - server-configs:
  INFO root [0x00001e14] [2019-09-06 20:42:09,111] - 	gameUpdateHertz : 10
  INFO root [0x00001e14] [2019-09-06 20:42:09,111] - 	defaultViewRadius : 80
  INFO root [0x00001e14] [2019-09-06 20:42:09,112] - 	defaultViewHysteresisArea : 5
  INFO root [0x00001e14] [2019-09-06 20:42:09,112] - 	entryScriptFile : kbemain
  INFO root [0x00001e14] [2019-09-06 20:42:09,112] - 	internalTcpAddr : 192.168.56.1:52262
  INFO root [0x00001e14] [2019-09-06 20:42:09,112] - 	componentID : 8001
  WARN root [0x00001e14] [2019-09-06 20:42:09,119] - invalid UID(0) <= 0, please check UID for environment! automatically set to 2082.
  INFO root [0x00001e14] [2019-09-06 20:42:10,625] - ---- cellapp Version: 2.4.5. ScriptVersion: 0.1.0. Pythoncore: 3.7.3. Protocol: C9FCABE153AC3D64A8F240810ADA666D. Config: Debug X86. Built: 09:56:57 May  8 2019. AppID: 8001. UID: 2082. PID: 23064 ----
  INFO root [0x00001e14] [2019-09-06 20:42:10,626] - Server error_name: Intel(R) Core(TM) i5-6300HQ CPU @ 2.30GHz with 2097151kB RAM
  INFO root [0x00001e14] [2019-09-06 20:42:10,627] - ThreadPool::createThreadPool: creating  threadpool...
  INFO root [0x00001e14] [2019-09-06 20:42:10,627] - ThreadPool::createThreadPool: successfully(2), newThreadCount=1, normalMaxThreadCount=2, maxThreadCount=8
  INFO root [0x00001e14] [2019-09-06 20:42:11,024] - Script::install(): is successfully, Python=(3.7.3 (default, May  8 2019, 09:53:38) [MSC v.1916 32 bit (Intel)])!
  INFO root [0x00001e14] [2019-09-06 20:42:11,024] - Script::install(): KBExtra is successfully!
  WARN root [0x00001e14] [2019-09-06 20:42:11,206] - EntityDef::checkDefMethod: exposed of method: Account.leaveRoom, check the caller can use "def leaveRoom(self, callerID, ...)", such as: if callerID == self.id!
  WARN root [0x00001e14] [2019-09-06 20:42:11,207] - EntityDef::checkDefMethod: exposed of method: Account.playerMakeLandlord, check the caller can use "def playerMakeLandlord(self, callerID, ...)", such as: if callerID == self.id!
  WARN root [0x00001e14] [2019-09-06 20:42:11,208] - EntityDef::checkDefMethod: exposed of method: Account.setGameReady, check the caller can use "def setGameReady(self, callerID, ...)", such as: if callerID == self.id!
  WARN root [0x00001e14] [2019-09-06 20:42:11,209] - EntityDef::checkDefMethod: exposed of method: Account.stayRoom, check the caller can use "def stayRoom(self, callerID, ...)", such as: if callerID == self.id!
 DEBUG root [0x00001e14] [2019-09-06 20:42:11,209] - loaded entity-script:Account(1).
  WARN root [0x00001e14] [2019-09-06 20:42:11,211] - EntityDef::checkDefMethod: exposed of method: Room.playPoker, check the caller can use "def playPoker(self, callerID, ...)", such as: if callerID == self.id!
  WARN root [0x00001e14] [2019-09-06 20:42:11,214] - EntityDef::checkDefMethod: exposed of method: Room.unPlayPoker, check the caller can use "def unPlayPoker(self, callerID, ...)", such as: if callerID == self.id!
 DEBUG root [0x00001e14] [2019-09-06 20:42:11,216] - loaded entity-script:Room(3).
  INFO root [0x00001e14] [2019-09-06 20:42:11,220] - TelnetServer server is running on port 50000
  INFO root [0x00001e14] [2019-09-06 20:42:11,791] - ---- cellapp is running ----
 DEBUG root [0x00001e14] [2019-09-06 20:42:11,791] - Components::process(): Request for the process of identity...
  WARN root [0x00001e14] [2019-09-06 20:42:17,940] - EntityApp::checkTickPeriod: tick took 6149% (6.15 seconds)!
  INFO root [0x00001e14] [2019-09-06 20:42:18,991] - Components::findComponents: find logger(1)...
  INFO root [0x00001e14] [2019-09-06 20:42:19,003] - Components::findComponents: found logger, addr:192.168.56.1:52269
  INFO root [0x00001e14] [2019-09-06 20:42:19,003] - Components::addComponent: reset orderLog, uid=2082!
  INFO root [0x00001e14] [2019-09-06 20:42:19,003] - Components::addComponent[logger], uid=2082, componentID=2000, globalorderid=1, grouporderid=1, totalcount=1
  INFO root [0x00001e14] [2019-09-06 20:42:19,005] - Components::findComponents: find dbmgr(2)...
  INFO root [0x00001e14] [2019-09-06 20:42:19,108] - Components::findComponents: found dbmgr, addr:192.168.56.1:52264
  INFO root [0x00001e14] [2019-09-06 20:42:19,108] - Components::addComponent: reset orderLog, uid=2082!
  INFO root [0x00001e14] [2019-09-06 20:42:19,109] - Components::addComponent[dbmgr], uid=2082, componentID=4000, globalorderid=1, grouporderid=1, totalcount=1
  INFO root [0x00001e14] [2019-09-06 20:42:19,109] - Components::findComponents: found dbmgr, addr:192.168.56.1:52264
  WARN root [0x00001e14] [2019-09-06 20:42:20,109] - Forwarding logs to logger[192.168.56.1:52269/0/0/0]...
 ERROR root [0x00001e14] [2019-09-06 20:42:25,628] - Components::removeComponentByChannel: logger : 2000, Abnormal exit(reason=TCPPacketReceiver::processRecv(): error=10054
)! Channel(timestamp=846550720588, lastReceivedTime=846535817649, inactivityExceptionPeriod=134887628)
  INFO root [0x00001e14] [2019-09-06 20:42:25,637] - The following logs sent to logger failed:
  WARN root [0x00001e14] [2019-09-06 20:42:25,638] - ==> [2019-09-06 20:42:25 627] TCPPacketReceiver::processPendingEvents(192.168.56.1:52269): Throwing REASON_GENERAL_NETWORK - WSAECONNRESET
 ERROR root [0x00001e14] [2019-09-06 20:42:25,638] - ==> [2019-09-06 20:42:25 628] Components::removeComponentByChannel: logger : 2000, Abnormal exit(reason=TCPPacketReceiver::processRecv(): error=10054
)! Channel(timestamp=846550720588, lastReceivedTime=846535817649, inactivityExceptionPeriod=134887628)
  INFO root [0x00001e14] [2019-09-06 20:42:25,639] - Components::findComponents: register self to baseappmgr...
  INFO root [0x00001e14] [2019-09-06 20:42:25,691] - Components::process(): Found all the components!
  WARN root [0x00001e14] [2019-09-06 20:42:25,747] - TCPPacketReceiver::processPendingEvents(192.168.56.1:52264): Throwing REASON_GENERAL_NETWORK - WSAECONNRESET
 ERROR root [0x00001e14] [2019-09-06 20:42:25,754] - Components::removeComponentByChannel: dbmgr : 4000, Abnormal exit(reason=TCPPacketReceiver::processRecv(): error=10054
)! Channel(timestamp=846551004572, lastReceivedTime=846550414603, inactivityExceptionPeriod=134887628)
  INFO root [0x00001e14] [2019-09-06 20:42:25,760] - Shutdowner::onShutdownBegin: shutting down(period=0, tickPeriod=1)
  INFO root [0x00001e14] [2019-09-06 20:42:25,762] - Shutdowner::onShutdown: shutting down
  INFO root [0x00001e14] [2019-09-06 20:42:25,762] - Shutdowner::onShutdownEnd: shutting down
 DEBUG root [0x00001e14] [2019-09-06 20:42:25,762] - EntityRef::destroyObjPool(): size 0.
 DEBUG root [0x00001e14] [2019-09-06 20:42:25,763] - Witness::destroyObjPool(): size 0.
  INFO root [0x00001e14] [2019-09-06 20:42:25,796] - Script::uninstall(): is successfully!
 DEBUG root [0x00001e14] [2019-09-06 20:42:25,797] - ThreadPool::destroy(): starting size 2.
  WARN root [0x00001e14] [2019-09-06 20:42:26,099] - ThreadPool::destroy(): waiting for thread(2)[0x1aa3458,0x1aa3ce0,], try=1
  INFO root [0x00003e14] [2019-09-06 20:42:31,137] - 
  INFO root [0x00003e14] [2019-09-06 20:42:31,142] - -----------------------------------------------------------------------------------------


  INFO root [0x00003e14] [2019-09-06 20:42:31,143] - Resmgr::initialize: KBE_ROOT=D:/kbengine/
  INFO root [0x00003e14] [2019-09-06 20:42:31,144] - Resmgr::initialize: KBE_RES_PATH=D:/kbengine/kbe/res/;D:/kbengine/HappyPoker_assets/;D:/kbengine/HappyPoker_assets/scripts/;D:/kbengine/HappyPoker_assets/res/
  INFO root [0x00003e14] [2019-09-06 20:42:31,144] - Resmgr::initialize: KBE_BIN_PATH=D:/kbengine/kbe/bin/server/
  INFO root [0x00003e14] [2019-09-06 20:42:31,189] - NetworkInterface::initialize(INTERNAL-TCP): bound to all interfaces with default route interface on 192.168.56.1 ( 192.168.56.1:52300 )
  INFO root [0x00003e14] [2019-09-06 20:42:31,189] - NetworkInterface::initialize(INTERNAL-TCP): address 192.168.56.1:52300, SOMAXCONN=5.
  INFO root [0x00003e14] [2019-09-06 20:42:31,189] - server-configs:
  INFO root [0x00003e14] [2019-09-06 20:42:31,189] - 	gameUpdateHertz : 10
  INFO root [0x00003e14] [2019-09-06 20:42:31,190] - 	defaultViewRadius : 80
  INFO root [0x00003e14] [2019-09-06 20:42:31,190] - 	defaultViewHysteresisArea : 5
  INFO root [0x00003e14] [2019-09-06 20:42:31,190] - 	entryScriptFile : kbemain
  INFO root [0x00003e14] [2019-09-06 20:42:31,190] - 	internalTcpAddr : 192.168.56.1:52300
  INFO root [0x00003e14] [2019-09-06 20:42:31,190] - 	componentID : 8001
  WARN root [0x00003e14] [2019-09-06 20:42:31,191] - invalid UID(0) <= 0, please check UID for environment! automatically set to 2082.
  INFO root [0x00003e14] [2019-09-06 20:42:32,696] - ---- cellapp Version: 2.4.5. ScriptVersion: 0.1.0. Pythoncore: 3.7.3. Protocol: C9FCABE153AC3D64A8F240810ADA666D. Config: Debug X86. Built: 09:56:57 May  8 2019. AppID: 8001. UID: 2082. PID: 18388 ----
  INFO root [0x00003e14] [2019-09-06 20:42:32,697] - Server error_name: Intel(R) Core(TM) i5-6300HQ CPU @ 2.30GHz with 2097151kB RAM
  INFO root [0x00003e14] [2019-09-06 20:42:32,697] - ThreadPool::createThreadPool: creating  threadpool...
  INFO root [0x00003e14] [2019-09-06 20:42:32,698] - ThreadPool::createThreadPool: successfully(2), newThreadCount=1, normalMaxThreadCount=2, maxThreadCount=8
  INFO root [0x00003e14] [2019-09-06 20:42:32,909] - Script::install(): is successfully, Python=(3.7.3 (default, May  8 2019, 09:53:38) [MSC v.1916 32 bit (Intel)])!
  INFO root [0x00003e14] [2019-09-06 20:42:32,909] - Script::install(): KBExtra is successfully!
  WARN root [0x00003e14] [2019-09-06 20:42:33,051] - EntityDef::checkDefMethod: exposed of method: Account.leaveRoom, check the caller can use "def leaveRoom(self, callerID, ...)", such as: if callerID == self.id!
  WARN root [0x00003e14] [2019-09-06 20:42:33,052] - EntityDef::checkDefMethod: exposed of method: Account.playerMakeLandlord, check the caller can use "def playerMakeLandlord(self, callerID, ...)", such as: if callerID == self.id!
  WARN root [0x00003e14] [2019-09-06 20:42:33,053] - EntityDef::checkDefMethod: exposed of method: Account.setGameReady, check the caller can use "def setGameReady(self, callerID, ...)", such as: if callerID == self.id!
  WARN root [0x00003e14] [2019-09-06 20:42:33,053] - EntityDef::checkDefMethod: exposed of method: Account.stayRoom, check the caller can use "def stayRoom(self, callerID, ...)", such as: if callerID == self.id!
 DEBUG root [0x00003e14] [2019-09-06 20:42:33,053] - loaded entity-script:Account(1).
  WARN root [0x00003e14] [2019-09-06 20:42:33,055] - EntityDef::checkDefMethod: exposed of method: Room.playPoker, check the caller can use "def playPoker(self, callerID, ...)", such as: if callerID == self.id!
  WARN root [0x00003e14] [2019-09-06 20:42:33,056] - EntityDef::checkDefMethod: exposed of method: Room.unPlayPoker, check the caller can use "def unPlayPoker(self, callerID, ...)", such as: if callerID == self.id!
 DEBUG root [0x00003e14] [2019-09-06 20:42:33,056] - loaded entity-script:Room(3).
  INFO root [0x00003e14] [2019-09-06 20:42:33,059] - TelnetServer server is running on port 50000
  INFO root [0x00003e14] [2019-09-06 20:42:33,497] - ---- cellapp is running ----
 DEBUG root [0x00003e14] [2019-09-06 20:42:33,497] - Components::process(): Request for the process of identity...
  WARN root [0x00003e14] [2019-09-06 20:42:39,636] - EntityApp::checkTickPeriod: tick took 6140% (6.14 seconds)!
  INFO root [0x00003e14] [2019-09-06 20:42:40,673] - Components::findComponents: find logger(1)...
  INFO root [0x00003e14] [2019-09-06 20:42:40,757] - Components::findComponents: found logger, addr:192.168.56.1:52304
  INFO root [0x00003e14] [2019-09-06 20:42:40,757] - Components::addComponent: reset orderLog, uid=2082!
  INFO root [0x00003e14] [2019-09-06 20:42:40,757] - Components::addComponent[logger], uid=2082, componentID=2000, globalorderid=1, grouporderid=1, totalcount=1
  INFO root [0x00003e14] [2019-09-06 20:42:40,759] - Components::findComponents: find dbmgr(2)...
  INFO root [0x00003e14] [2019-09-06 20:42:40,861] - Components::findComponents: found dbmgr, addr:192.168.56.1:52299
  INFO root [0x00003e14] [2019-09-06 20:42:40,861] - Components::addComponent: reset orderLog, uid=2082!
  INFO root [0x00003e14] [2019-09-06 20:42:40,862] - Components::addComponent[dbmgr], uid=2082, componentID=4000, globalorderid=1, grouporderid=1, totalcount=1
  INFO root [0x00003e14] [2019-09-06 20:42:40,870] - Components::findComponents: found dbmgr, addr:192.168.56.1:52299
  WARN root [0x00003e14] [2019-09-06 20:42:41,871] - Forwarding logs to logger[192.168.56.1:52304/0/0/0]...
 ERROR root [0x00003e14] [2019-09-06 20:42:49,228] - Components::removeComponentByChannel: logger : 2000, Abnormal exit(reason=TCPPacketReceiver::processRecv(): error=10054
)! Channel(timestamp=846603821060, lastReceivedTime=846584764616, inactivityExceptionPeriod=134887261)
  INFO root [0x00003e14] [2019-09-06 20:42:49,230] - The following logs sent to logger failed:
  WARN root [0x00003e14] [2019-09-06 20:42:49,231] - ==> [2019-09-06 20:42:49 228] TCPPacketReceiver::processPendingEvents(192.168.56.1:52304): Throwing REASON_GENERAL_NETWORK - WSAECONNRESET
 ERROR root [0x00003e14] [2019-09-06 20:42:49,231] - ==> [2019-09-06 20:42:49 229] Components::removeComponentByChannel: logger : 2000, Abnormal exit(reason=TCPPacketReceiver::processRecv(): error=10054
)! Channel(timestamp=846603821060, lastReceivedTime=846584764616, inactivityExceptionPeriod=134887261)
  WARN root [0x00003e14] [2019-09-06 20:42:49,342] - TCPPacketReceiver::processPendingEvents(192.168.56.1:52299): Throwing REASON_GENERAL_NETWORK - WSAECONNRESET
 ERROR root [0x00003e14] [2019-09-06 20:42:49,343] - Components::removeComponentByChannel: dbmgr : 4000, Abnormal exit(reason=TCPPacketReceiver::processRecv(): error=10054
)! Channel(timestamp=846604078106, lastReceivedTime=846599197915, inactivityExceptionPeriod=134887261)
  INFO root [0x00003e14] [2019-09-06 20:42:49,351] - Shutdowner::onShutdownBegin: shutting down(period=0, tickPeriod=1)
  INFO root [0x00003e14] [2019-09-06 20:42:49,353] - Shutdowner::onShutdown: shutting down
  INFO root [0x00003e14] [2019-09-06 20:42:49,354] - Shutdowner::onShutdownEnd: shutting down
 DEBUG root [0x00003e14] [2019-09-06 20:42:49,354] - EntityRef::destroyObjPool(): size 0.
 DEBUG root [0x00003e14] [2019-09-06 20:42:49,354] - Witness::destroyObjPool(): size 0.
  INFO root [0x00003e14] [2019-09-06 20:42:49,388] - Script::uninstall(): is successfully!
 DEBUG root [0x00003e14] [2019-09-06 20:42:49,388] - ThreadPool::destroy(): starting size 2.
  WARN root [0x00003e14] [2019-09-06 20:42:49,690] - ThreadPool::destroy(): waiting for thread(2)[0x18238d0,0x1823a70,], try=1
  INFO root [0x00004160] [2019-09-06 20:44:41,968] - 
  INFO root [0x00004160] [2019-09-06 20:44:41,978] - -----------------------------------------------------------------------------------------


  INFO root [0x00004160] [2019-09-06 20:44:41,979] - Resmgr::initialize: KBE_ROOT=D:/kbengine/
  INFO root [0x00004160] [2019-09-06 20:44:41,979] - Resmgr::initialize: KBE_RES_PATH=D:/kbengine/kbe/res/;D:/kbengine/HappyPoker_assets/;D:/kbengine/HappyPoker_assets/scripts/;D:/kbengine/HappyPoker_assets/res/
  INFO root [0x00004160] [2019-09-06 20:44:41,979] - Resmgr::initialize: KBE_BIN_PATH=D:/kbengine/kbe/bin/server/
  INFO root [0x00004160] [2019-09-06 20:44:42,023] - NetworkInterface::initialize(INTERNAL-TCP): bound to all interfaces with default route interface on 192.168.56.1 ( 192.168.56.1:52340 )
  INFO root [0x00004160] [2019-09-06 20:44:42,023] - NetworkInterface::initialize(INTERNAL-TCP): address 192.168.56.1:52340, SOMAXCONN=5.
  INFO root [0x00004160] [2019-09-06 20:44:42,024] - server-configs:
  INFO root [0x00004160] [2019-09-06 20:44:42,024] - 	gameUpdateHertz : 10
  INFO root [0x00004160] [2019-09-06 20:44:42,024] - 	defaultViewRadius : 80
  INFO root [0x00004160] [2019-09-06 20:44:42,024] - 	defaultViewHysteresisArea : 5
  INFO root [0x00004160] [2019-09-06 20:44:42,024] - 	entryScriptFile : kbemain
  INFO root [0x00004160] [2019-09-06 20:44:42,024] - 	internalTcpAddr : 192.168.56.1:52340
  INFO root [0x00004160] [2019-09-06 20:44:42,024] - 	componentID : 8001
  WARN root [0x00004160] [2019-09-06 20:44:42,025] - invalid UID(0) <= 0, please check UID for environment! automatically set to 2082.
  INFO root [0x00004160] [2019-09-06 20:44:43,530] - ---- cellapp Version: 2.4.5. ScriptVersion: 0.1.0. Pythoncore: 3.7.3. Protocol: C9FCABE153AC3D64A8F240810ADA666D. Config: Debug X86. Built: 09:56:57 May  8 2019. AppID: 8001. UID: 2082. PID: 6884 ----
  INFO root [0x00004160] [2019-09-06 20:44:43,531] - Server error_name: Intel(R) Core(TM) i5-6300HQ CPU @ 2.30GHz with 2097151kB RAM
  INFO root [0x00004160] [2019-09-06 20:44:43,531] - ThreadPool::createThreadPool: creating  threadpool...
  INFO root [0x00004160] [2019-09-06 20:44:43,532] - ThreadPool::createThreadPool: successfully(2), newThreadCount=1, normalMaxThreadCount=2, maxThreadCount=8
  INFO root [0x00004160] [2019-09-06 20:44:43,735] - Script::install(): is successfully, Python=(3.7.3 (default, May  8 2019, 09:53:38) [MSC v.1916 32 bit (Intel)])!
  INFO root [0x00004160] [2019-09-06 20:44:43,736] - Script::install(): KBExtra is successfully!
  WARN root [0x00004160] [2019-09-06 20:44:43,870] - EntityDef::checkDefMethod: exposed of method: Account.leaveRoom, check the caller can use "def leaveRoom(self, callerID, ...)", such as: if callerID == self.id!
  WARN root [0x00004160] [2019-09-06 20:44:43,871] - EntityDef::checkDefMethod: exposed of method: Account.playerMakeLandlord, check the caller can use "def playerMakeLandlord(self, callerID, ...)", such as: if callerID == self.id!
  WARN root [0x00004160] [2019-09-06 20:44:43,871] - EntityDef::checkDefMethod: exposed of method: Account.setGameReady, check the caller can use "def setGameReady(self, callerID, ...)", such as: if callerID == self.id!
  WARN root [0x00004160] [2019-09-06 20:44:43,872] - EntityDef::checkDefMethod: exposed of method: Account.stayRoom, check the caller can use "def stayRoom(self, callerID, ...)", such as: if callerID == self.id!
 DEBUG root [0x00004160] [2019-09-06 20:44:43,872] - loaded entity-script:Account(1).
  WARN root [0x00004160] [2019-09-06 20:44:43,874] - EntityDef::checkDefMethod: exposed of method: Room.playPoker, check the caller can use "def playPoker(self, callerID, ...)", such as: if callerID == self.id!
  WARN root [0x00004160] [2019-09-06 20:44:43,874] - EntityDef::checkDefMethod: exposed of method: Room.unPlayPoker, check the caller can use "def unPlayPoker(self, callerID, ...)", such as: if callerID == self.id!
 DEBUG root [0x00004160] [2019-09-06 20:44:43,875] - loaded entity-script:Room(3).
  INFO root [0x00004160] [2019-09-06 20:44:43,878] - TelnetServer server is running on port 50000
  INFO root [0x00004160] [2019-09-06 20:44:44,310] - ---- cellapp is running ----
 DEBUG root [0x00004160] [2019-09-06 20:44:44,311] - Components::process(): Request for the process of identity...
  WARN root [0x00004160] [2019-09-06 20:44:50,470] - EntityApp::checkTickPeriod: tick took 6160% (6.16 seconds)!
  INFO root [0x00004160] [2019-09-06 20:44:51,511] - Components::findComponents: find logger(1)...
  INFO root [0x00004160] [2019-09-06 20:44:51,574] - Components::findComponents: found logger, addr:192.168.56.1:52341
  INFO root [0x00004160] [2019-09-06 20:44:51,574] - Components::addComponent: reset orderLog, uid=2082!
  INFO root [0x00004160] [2019-09-06 20:44:51,575] - Components::addComponent[logger], uid=2082, componentID=2000, globalorderid=1, grouporderid=1, totalcount=1
  INFO root [0x00004160] [2019-09-06 20:44:51,576] - Components::findComponents: find dbmgr(2)...
  INFO root [0x00004160] [2019-09-06 20:44:51,679] - Components::findComponents: found dbmgr, addr:192.168.56.1:52337
  INFO root [0x00004160] [2019-09-06 20:44:51,679] - Components::addComponent: reset orderLog, uid=2082!
  INFO root [0x00004160] [2019-09-06 20:44:51,679] - Components::addComponent[dbmgr], uid=2082, componentID=4000, globalorderid=1, grouporderid=1, totalcount=1
  INFO root [0x00004160] [2019-09-06 20:44:51,679] - Components::findComponents: found dbmgr, addr:192.168.56.1:52337
  WARN root [0x00004160] [2019-09-06 20:44:52,680] - EntityApp::checkTickPeriod: tick took 1268% (1.27 seconds)!
  WARN root [0x00004160] [2019-09-06 20:44:52,681] - Forwarding logs to logger[192.168.56.1:52341/0/0/0]...
 ERROR root [0x00004160] [2019-09-06 20:45:05,492] - Components::removeComponentByChannel: logger : 2000, Abnormal exit(reason=TCPPacketReceiver::processRecv(): error=10054
)! Channel(timestamp=846910415077, lastReceivedTime=846879103035, inactivityExceptionPeriod=134887628)
  INFO root [0x00004160] [2019-09-06 20:45:05,494] - The following logs sent to logger failed:
  WARN root [0x00004160] [2019-09-06 20:45:05,495] - ==> [2019-09-06 20:45:05 490] TCPPacketReceiver::processPendingEvents(192.168.56.1:52341): Throwing REASON_GENERAL_NETWORK - WSAECONNRESET
 ERROR root [0x00004160] [2019-09-06 20:45:05,495] - ==> [2019-09-06 20:45:05 492] Components::removeComponentByChannel: logger : 2000, Abnormal exit(reason=TCPPacketReceiver::processRecv(): error=10054
)! Channel(timestamp=846910415077, lastReceivedTime=846879103035, inactivityExceptionPeriod=134887628)
  WARN root [0x00004160] [2019-09-06 20:45:05,597] - TCPPacketReceiver::processPendingEvents(192.168.56.1:52337): Throwing REASON_GENERAL_NETWORK - WSAECONNRESET
 ERROR root [0x00004160] [2019-09-06 20:45:05,598] - Components::removeComponentByChannel: dbmgr : 4000, Abnormal exit(reason=TCPPacketReceiver::processRecv(): error=10054
)! Channel(timestamp=846910654752, lastReceivedTime=846900341764, inactivityExceptionPeriod=134887628)
  INFO root [0x00004160] [2019-09-06 20:45:05,612] - Shutdowner::onShutdownBegin: shutting down(period=0, tickPeriod=1)
  INFO root [0x00004160] [2019-09-06 20:45:05,613] - Shutdowner::onShutdown: shutting down
  INFO root [0x00004160] [2019-09-06 20:45:05,613] - Shutdowner::onShutdownEnd: shutting down
 DEBUG root [0x00004160] [2019-09-06 20:45:05,614] - EntityRef::destroyObjPool(): size 0.
 DEBUG root [0x00004160] [2019-09-06 20:45:05,615] - Witness::destroyObjPool(): size 0.
  INFO root [0x00004160] [2019-09-06 20:45:05,647] - Script::uninstall(): is successfully!
 DEBUG root [0x00004160] [2019-09-06 20:45:05,647] - ThreadPool::destroy(): starting size 2.
  WARN root [0x00004160] [2019-09-06 20:45:05,948] - ThreadPool::destroy(): waiting for thread(2)[0x1ac3a08,0x1ac3868,], try=1
  INFO root [0x000017ac] [2019-09-06 20:45:39,100] - 
  INFO root [0x000017ac] [2019-09-06 20:45:39,112] - -----------------------------------------------------------------------------------------


  INFO root [0x000017ac] [2019-09-06 20:45:39,113] - Resmgr::initialize: KBE_ROOT=D:/kbengine/
  INFO root [0x000017ac] [2019-09-06 20:45:39,114] - Resmgr::initialize: KBE_RES_PATH=D:/kbengine/kbe/res/;D:/kbengine/HappyPoker_assets/;D:/kbengine/HappyPoker_assets/scripts/;D:/kbengine/HappyPoker_assets/res/
  INFO root [0x000017ac] [2019-09-06 20:45:39,114] - Resmgr::initialize: KBE_BIN_PATH=D:/kbengine/kbe/bin/server/
  INFO root [0x000017ac] [2019-09-06 20:45:39,174] - NetworkInterface::initialize(INTERNAL-TCP): bound to all interfaces with default route interface on 192.168.56.1 ( 192.168.56.1:52378 )
  INFO root [0x000017ac] [2019-09-06 20:45:39,175] - NetworkInterface::initialize(INTERNAL-TCP): address 192.168.56.1:52378, SOMAXCONN=5.
  INFO root [0x000017ac] [2019-09-06 20:45:39,175] - server-configs:
  INFO root [0x000017ac] [2019-09-06 20:45:39,175] - 	gameUpdateHertz : 10
  INFO root [0x000017ac] [2019-09-06 20:45:39,175] - 	defaultViewRadius : 80
  INFO root [0x000017ac] [2019-09-06 20:45:39,175] - 	defaultViewHysteresisArea : 5
  INFO root [0x000017ac] [2019-09-06 20:45:39,175] - 	entryScriptFile : kbemain
  INFO root [0x000017ac] [2019-09-06 20:45:39,175] - 	internalTcpAddr : 192.168.56.1:52378
  INFO root [0x000017ac] [2019-09-06 20:45:39,175] - 	componentID : 8001
  WARN root [0x000017ac] [2019-09-06 20:45:39,176] - invalid UID(0) <= 0, please check UID for environment! automatically set to 2082.
  INFO root [0x000017ac] [2019-09-06 20:45:40,683] - ---- cellapp Version: 2.4.5. ScriptVersion: 0.1.0. Pythoncore: 3.7.3. Protocol: C9FCABE153AC3D64A8F240810ADA666D. Config: Debug X86. Built: 09:56:57 May  8 2019. AppID: 8001. UID: 2082. PID: 23488 ----
  INFO root [0x000017ac] [2019-09-06 20:45:40,684] - Server error_name: Intel(R) Core(TM) i5-6300HQ CPU @ 2.30GHz with 2097151kB RAM
  INFO root [0x000017ac] [2019-09-06 20:45:40,684] - ThreadPool::createThreadPool: creating  threadpool...
  INFO root [0x000017ac] [2019-09-06 20:45:40,685] - ThreadPool::createThreadPool: successfully(2), newThreadCount=1, normalMaxThreadCount=2, maxThreadCount=8
  INFO root [0x000017ac] [2019-09-06 20:45:40,897] - Script::install(): is successfully, Python=(3.7.3 (default, May  8 2019, 09:53:38) [MSC v.1916 32 bit (Intel)])!
  INFO root [0x000017ac] [2019-09-06 20:45:40,897] - Script::install(): KBExtra is successfully!
  WARN root [0x000017ac] [2019-09-06 20:45:41,034] - EntityDef::checkDefMethod: exposed of method: Account.leaveRoom, check the caller can use "def leaveRoom(self, callerID, ...)", such as: if callerID == self.id!
  WARN root [0x000017ac] [2019-09-06 20:45:41,035] - EntityDef::checkDefMethod: exposed of method: Account.playerMakeLandlord, check the caller can use "def playerMakeLandlord(self, callerID, ...)", such as: if callerID == self.id!
  WARN root [0x000017ac] [2019-09-06 20:45:41,035] - EntityDef::checkDefMethod: exposed of method: Account.setGameReady, check the caller can use "def setGameReady(self, callerID, ...)", such as: if callerID == self.id!
  WARN root [0x000017ac] [2019-09-06 20:45:41,036] - EntityDef::checkDefMethod: exposed of method: Account.stayRoom, check the caller can use "def stayRoom(self, callerID, ...)", such as: if callerID == self.id!
 DEBUG root [0x000017ac] [2019-09-06 20:45:41,037] - loaded entity-script:Account(1).
  WARN root [0x000017ac] [2019-09-06 20:45:41,038] - EntityDef::checkDefMethod: exposed of method: Room.playPoker, check the caller can use "def playPoker(self, callerID, ...)", such as: if callerID == self.id!
  WARN root [0x000017ac] [2019-09-06 20:45:41,039] - EntityDef::checkDefMethod: exposed of method: Room.unPlayPoker, check the caller can use "def unPlayPoker(self, callerID, ...)", such as: if callerID == self.id!
 DEBUG root [0x000017ac] [2019-09-06 20:45:41,039] - loaded entity-script:Room(3).
  INFO root [0x000017ac] [2019-09-06 20:45:41,042] - TelnetServer server is running on port 50000
  INFO root [0x000017ac] [2019-09-06 20:45:41,499] - ---- cellapp is running ----
 DEBUG root [0x000017ac] [2019-09-06 20:45:41,499] - Components::process(): Request for the process of identity...
  WARN root [0x000017ac] [2019-09-06 20:45:47,650] - EntityApp::checkTickPeriod: tick took 6151% (6.15 seconds)!
  INFO root [0x000017ac] [2019-09-06 20:45:48,740] - Components::findComponents: find logger(1)...
  INFO root [0x000017ac] [2019-09-06 20:45:48,780] - Components::findComponents: found logger, addr:192.168.56.1:52374
  INFO root [0x000017ac] [2019-09-06 20:45:48,780] - Components::addComponent: reset orderLog, uid=2082!
  INFO root [0x000017ac] [2019-09-06 20:45:48,780] - Components::addComponent[logger], uid=2082, componentID=2000, globalorderid=1, grouporderid=1, totalcount=1
  INFO root [0x000017ac] [2019-09-06 20:45:48,782] - Components::findComponents: find dbmgr(2)...
  INFO root [0x000017ac] [2019-09-06 20:45:48,885] - Components::findComponents: found dbmgr, addr:192.168.56.1:52375
  INFO root [0x000017ac] [2019-09-06 20:45:48,885] - Components::addComponent: reset orderLog, uid=2082!
  INFO root [0x000017ac] [2019-09-06 20:45:48,885] - Components::addComponent[dbmgr], uid=2082, componentID=4000, globalorderid=1, grouporderid=1, totalcount=1
  INFO root [0x000017ac] [2019-09-06 20:45:48,886] - Components::findComponents: found dbmgr, addr:192.168.56.1:52375
  WARN root [0x000017ac] [2019-09-06 20:45:49,887] - Forwarding logs to logger[192.168.56.1:52374/0/0/0]...
 ERROR root [0x000017ac] [2019-09-06 20:47:11,960] - Components::removeComponentByChannel: logger : 2000, Abnormal exit(reason=TCPPacketReceiver::processRecv(): error=10054
)! Channel(timestamp=847194967856, lastReceivedTime=847188569593, inactivityExceptionPeriod=134887676)
  INFO root [0x000017ac] [2019-09-06 20:47:11,966] - The following logs sent to logger failed:
  WARN root [0x000017ac] [2019-09-06 20:47:11,966] - ==> [2019-09-06 20:47:11 959] TCPPacketReceiver::processPendingEvents(192.168.56.1:52374): Throwing REASON_GENERAL_NETWORK - WSAECONNRESET
 ERROR root [0x000017ac] [2019-09-06 20:47:11,966] - ==> [2019-09-06 20:47:11 960] Components::removeComponentByChannel: logger : 2000, Abnormal exit(reason=TCPPacketReceiver::processRecv(): error=10054
)! Channel(timestamp=847194967856, lastReceivedTime=847188569593, inactivityExceptionPeriod=134887676)
  WARN root [0x000017ac] [2019-09-06 20:47:12,063] - TCPPacketReceiver::processPendingEvents(192.168.56.1:52375): Throwing REASON_GENERAL_NETWORK - WSAECONNRESET
 ERROR root [0x000017ac] [2019-09-06 20:47:12,068] - Components::removeComponentByChannel: dbmgr : 4000, Abnormal exit(reason=TCPPacketReceiver::processRecv(): error=10054
)! Channel(timestamp=847195211518, lastReceivedTime=847188589935, inactivityExceptionPeriod=134887676)
  INFO root [0x000017ac] [2019-09-06 20:47:12,071] - Shutdowner::onShutdownBegin: shutting down(period=0, tickPeriod=1)
  INFO root [0x000017ac] [2019-09-06 20:47:12,073] - Shutdowner::onShutdown: shutting down
  INFO root [0x000017ac] [2019-09-06 20:47:12,074] - Shutdowner::onShutdownEnd: shutting down
 DEBUG root [0x000017ac] [2019-09-06 20:47:12,074] - EntityRef::destroyObjPool(): size 0.
 DEBUG root [0x000017ac] [2019-09-06 20:47:12,074] - Witness::destroyObjPool(): size 0.
  INFO root [0x000017ac] [2019-09-06 20:47:12,101] - Script::uninstall(): is successfully!
 DEBUG root [0x000017ac] [2019-09-06 20:47:12,102] - ThreadPool::destroy(): starting size 2.
  WARN root [0x000017ac] [2019-09-06 20:47:12,403] - ThreadPool::destroy(): waiting for thread(2)[0x19f18f0,0x19f1068,], try=1
  INFO root [0x000000e8] [2019-09-06 20:47:13,730] - 
  INFO root [0x000000e8] [2019-09-06 20:47:13,734] - -----------------------------------------------------------------------------------------


  INFO root [0x000000e8] [2019-09-06 20:47:13,735] - Resmgr::initialize: KBE_ROOT=D:/kbengine/
  INFO root [0x000000e8] [2019-09-06 20:47:13,736] - Resmgr::initialize: KBE_RES_PATH=D:/kbengine/kbe/res/;D:/kbengine/HappyPoker_assets/;D:/kbengine/HappyPoker_assets/scripts/;D:/kbengine/HappyPoker_assets/res/
  INFO root [0x000000e8] [2019-09-06 20:47:13,736] - Resmgr::initialize: KBE_BIN_PATH=D:/kbengine/kbe/bin/server/
  INFO root [0x000000e8] [2019-09-06 20:47:13,758] - NetworkInterface::initialize(INTERNAL-TCP): bound to all interfaces with default route interface on 192.168.56.1 ( 192.168.56.1:52406 )
  INFO root [0x000000e8] [2019-09-06 20:47:13,758] - NetworkInterface::initialize(INTERNAL-TCP): address 192.168.56.1:52406, SOMAXCONN=5.
  INFO root [0x000000e8] [2019-09-06 20:47:13,759] - server-configs:
  INFO root [0x000000e8] [2019-09-06 20:47:13,759] - 	gameUpdateHertz : 10
  INFO root [0x000000e8] [2019-09-06 20:47:13,759] - 	defaultViewRadius : 80
  INFO root [0x000000e8] [2019-09-06 20:47:13,759] - 	defaultViewHysteresisArea : 5
  INFO root [0x000000e8] [2019-09-06 20:47:13,759] - 	entryScriptFile : kbemain
  INFO root [0x000000e8] [2019-09-06 20:47:13,759] - 	internalTcpAddr : 192.168.56.1:52406
  INFO root [0x000000e8] [2019-09-06 20:47:13,759] - 	componentID : 8001
  WARN root [0x000000e8] [2019-09-06 20:47:13,761] - invalid UID(0) <= 0, please check UID for environment! automatically set to 2082.
  INFO root [0x000000e8] [2019-09-06 20:47:15,268] - ---- cellapp Version: 2.4.5. ScriptVersion: 0.1.0. Pythoncore: 3.7.3. Protocol: C9FCABE153AC3D64A8F240810ADA666D. Config: Debug X86. Built: 09:56:57 May  8 2019. AppID: 8001. UID: 2082. PID: 5004 ----
  INFO root [0x000000e8] [2019-09-06 20:47:15,269] - Server error_name: Intel(R) Core(TM) i5-6300HQ CPU @ 2.30GHz with 2097151kB RAM
  INFO root [0x000000e8] [2019-09-06 20:47:15,270] - ThreadPool::createThreadPool: creating  threadpool...
  INFO root [0x000000e8] [2019-09-06 20:47:15,271] - ThreadPool::createThreadPool: successfully(2), newThreadCount=1, normalMaxThreadCount=2, maxThreadCount=8
  INFO root [0x000000e8] [2019-09-06 20:47:15,595] - Script::install(): is successfully, Python=(3.7.3 (default, May  8 2019, 09:53:38) [MSC v.1916 32 bit (Intel)])!
  INFO root [0x000000e8] [2019-09-06 20:47:15,601] - Script::install(): KBExtra is successfully!
  WARN root [0x000000e8] [2019-09-06 20:47:15,773] - EntityDef::checkDefMethod: exposed of method: Account.leaveRoom, check the caller can use "def leaveRoom(self, callerID, ...)", such as: if callerID == self.id!
  WARN root [0x000000e8] [2019-09-06 20:47:15,779] - EntityDef::checkDefMethod: exposed of method: Account.playerMakeLandlord, check the caller can use "def playerMakeLandlord(self, callerID, ...)", such as: if callerID == self.id!
  WARN root [0x000000e8] [2019-09-06 20:47:15,780] - EntityDef::checkDefMethod: exposed of method: Account.setGameReady, check the caller can use "def setGameReady(self, callerID, ...)", such as: if callerID == self.id!
  WARN root [0x000000e8] [2019-09-06 20:47:15,790] - EntityDef::checkDefMethod: exposed of method: Account.stayRoom, check the caller can use "def stayRoom(self, callerID, ...)", such as: if callerID == self.id!
 DEBUG root [0x000000e8] [2019-09-06 20:47:15,791] - loaded entity-script:Account(1).
  WARN root [0x000000e8] [2019-09-06 20:47:15,793] - EntityDef::checkDefMethod: exposed of method: Room.playPoker, check the caller can use "def playPoker(self, callerID, ...)", such as: if callerID == self.id!
  WARN root [0x000000e8] [2019-09-06 20:47:15,793] - EntityDef::checkDefMethod: exposed of method: Room.unPlayPoker, check the caller can use "def unPlayPoker(self, callerID, ...)", such as: if callerID == self.id!
 DEBUG root [0x000000e8] [2019-09-06 20:47:15,794] - loaded entity-script:Room(3).
  INFO root [0x000000e8] [2019-09-06 20:47:15,797] - TelnetServer server is running on port 50000
  INFO root [0x000000e8] [2019-09-06 20:47:16,253] - ---- cellapp is running ----
 DEBUG root [0x000000e8] [2019-09-06 20:47:16,254] - Components::process(): Request for the process of identity...
  WARN root [0x000000e8] [2019-09-06 20:47:22,393] - EntityApp::checkTickPeriod: tick took 6139% (6.14 seconds)!
  INFO root [0x000000e8] [2019-09-06 20:47:23,440] - Components::findComponents: find logger(1)...
  INFO root [0x000000e8] [2019-09-06 20:47:23,478] - Components::findComponents: found logger, addr:192.168.56.1:52408
  INFO root [0x000000e8] [2019-09-06 20:47:23,478] - Components::addComponent: reset orderLog, uid=2082!
  INFO root [0x000000e8] [2019-09-06 20:47:23,478] - Components::addComponent[logger], uid=2082, componentID=2000, globalorderid=1, grouporderid=1, totalcount=1
  INFO root [0x000000e8] [2019-09-06 20:47:23,480] - Components::findComponents: find dbmgr(2)...
  INFO root [0x000000e8] [2019-09-06 20:47:23,583] - Components::findComponents: found dbmgr, addr:192.168.56.1:52410
  INFO root [0x000000e8] [2019-09-06 20:47:23,583] - Components::addComponent: reset orderLog, uid=2082!
  INFO root [0x000000e8] [2019-09-06 20:47:23,583] - Components::addComponent[dbmgr], uid=2082, componentID=4000, globalorderid=1, grouporderid=1, totalcount=1
  INFO root [0x000000e8] [2019-09-06 20:47:23,583] - Components::findComponents: found dbmgr, addr:192.168.56.1:52410
  WARN root [0x000000e8] [2019-09-06 20:47:24,584] - Forwarding logs to logger[192.168.56.1:52408/0/0/0]...
 ERROR root [0x000000e8] [2019-09-06 20:47:35,774] - Components::removeComponentByChannel: logger : 2000, Abnormal exit(reason=TCPPacketReceiver::processRecv(): error=10054
)! Channel(timestamp=847248550909, lastReceivedTime=847220886647, inactivityExceptionPeriod=134887628)
  INFO root [0x000000e8] [2019-09-06 20:47:35,776] - The following logs sent to logger failed:
  WARN root [0x000000e8] [2019-09-06 20:47:35,777] - ==> [2019-09-06 20:47:35 773] TCPPacketReceiver::processPendingEvents(192.168.56.1:52408): Throwing REASON_GENERAL_NETWORK - WSAECONNRESET
 ERROR root [0x000000e8] [2019-09-06 20:47:35,777] - ==> [2019-09-06 20:47:35 775] Components::removeComponentByChannel: logger : 2000, Abnormal exit(reason=TCPPacketReceiver::processRecv(): error=10054
)! Channel(timestamp=847248550909, lastReceivedTime=847220886647, inactivityExceptionPeriod=134887628)
  WARN root [0x000000e8] [2019-09-06 20:47:35,881] - TCPPacketReceiver::processPendingEvents(192.168.56.1:52410): Throwing REASON_GENERAL_NETWORK - WSAECONNRESET
 ERROR root [0x000000e8] [2019-09-06 20:47:35,888] - Components::removeComponentByChannel: dbmgr : 4000, Abnormal exit(reason=TCPPacketReceiver::processRecv(): error=10054
)! Channel(timestamp=847248807769, lastReceivedTime=847242201738, inactivityExceptionPeriod=134887628)
  INFO root [0x000000e8] [2019-09-06 20:47:35,895] - Shutdowner::onShutdownBegin: shutting down(period=0, tickPeriod=1)
  INFO root [0x000000e8] [2019-09-06 20:47:35,896] - Shutdowner::onShutdown: shutting down
  INFO root [0x000000e8] [2019-09-06 20:47:35,896] - Shutdowner::onShutdownEnd: shutting down
 DEBUG root [0x000000e8] [2019-09-06 20:47:35,896] - EntityRef::destroyObjPool(): size 0.
 DEBUG root [0x000000e8] [2019-09-06 20:47:35,896] - Witness::destroyObjPool(): size 0.
  INFO root [0x000000e8] [2019-09-06 20:47:35,929] - Script::uninstall(): is successfully!
 DEBUG root [0x000000e8] [2019-09-06 20:47:35,930] - ThreadPool::destroy(): starting size 2.
  WARN root [0x000000e8] [2019-09-06 20:47:36,232] - ThreadPool::destroy(): waiting for thread(2)[0x1a94ff0,0x1a94768,], try=1
  INFO root [0x00005204] [2019-09-06 20:47:58,995] - 
  INFO root [0x00005204] [2019-09-06 20:47:59,010] - -----------------------------------------------------------------------------------------


  INFO root [0x00005204] [2019-09-06 20:47:59,012] - Resmgr::initialize: KBE_ROOT=D:/kbengine/
  INFO root [0x00005204] [2019-09-06 20:47:59,012] - Resmgr::initialize: KBE_RES_PATH=D:/kbengine/kbe/res/;D:/kbengine/HappyPoker_assets/;D:/kbengine/HappyPoker_assets/scripts/;D:/kbengine/HappyPoker_assets/res/
  INFO root [0x00005204] [2019-09-06 20:47:59,012] - Resmgr::initialize: KBE_BIN_PATH=D:/kbengine/kbe/bin/server/
  INFO root [0x00005204] [2019-09-06 20:47:59,041] - NetworkInterface::initialize(INTERNAL-TCP): bound to all interfaces with default route interface on 192.168.56.1 ( 192.168.56.1:52438 )
  INFO root [0x00005204] [2019-09-06 20:47:59,041] - NetworkInterface::initialize(INTERNAL-TCP): address 192.168.56.1:52438, SOMAXCONN=5.
  INFO root [0x00005204] [2019-09-06 20:47:59,041] - server-configs:
  INFO root [0x00005204] [2019-09-06 20:47:59,041] - 	gameUpdateHertz : 10
  INFO root [0x00005204] [2019-09-06 20:47:59,041] - 	defaultViewRadius : 80
  INFO root [0x00005204] [2019-09-06 20:47:59,042] - 	defaultViewHysteresisArea : 5
  INFO root [0x00005204] [2019-09-06 20:47:59,042] - 	entryScriptFile : kbemain
  INFO root [0x00005204] [2019-09-06 20:47:59,042] - 	internalTcpAddr : 192.168.56.1:52438
  INFO root [0x00005204] [2019-09-06 20:47:59,043] - 	componentID : 8001
  WARN root [0x00005204] [2019-09-06 20:47:59,045] - invalid UID(0) <= 0, please check UID for environment! automatically set to 2082.
  WARN root [0x00005204] [2019-09-06 20:47:59,402] - BundleBroadcast::BundleBroadcast: Cannot bind to port 20057, errorno=10048
  INFO root [0x00005204] [2019-09-06 20:47:59,406] - ---- cellapp Version: 2.4.5. ScriptVersion: 0.1.0. Pythoncore: 3.7.3. Protocol: C9FCABE153AC3D64A8F240810ADA666D. Config: Debug X86. Built: 09:56:57 May  8 2019. AppID: 8001. UID: 2082. PID: 14372 ----
  INFO root [0x00005204] [2019-09-06 20:47:59,406] - Server error_name: Intel(R) Core(TM) i5-6300HQ CPU @ 2.30GHz with 2097151kB RAM
  INFO root [0x00005204] [2019-09-06 20:47:59,406] - ThreadPool::createThreadPool: creating  threadpool...
  INFO root [0x00005204] [2019-09-06 20:47:59,407] - ThreadPool::createThreadPool: successfully(2), newThreadCount=1, normalMaxThreadCount=2, maxThreadCount=8
  INFO root [0x00005204] [2019-09-06 20:47:59,607] - Script::install(): is successfully, Python=(3.7.3 (default, May  8 2019, 09:53:38) [MSC v.1916 32 bit (Intel)])!
  INFO root [0x00005204] [2019-09-06 20:47:59,608] - Script::install(): KBExtra is successfully!
  WARN root [0x00005204] [2019-09-06 20:47:59,744] - EntityDef::checkDefMethod: exposed of method: Account.leaveRoom, check the caller can use "def leaveRoom(self, callerID, ...)", such as: if callerID == self.id!
  WARN root [0x00005204] [2019-09-06 20:47:59,744] - EntityDef::checkDefMethod: exposed of method: Account.playerMakeLandlord, check the caller can use "def playerMakeLandlord(self, callerID, ...)", such as: if callerID == self.id!
  WARN root [0x00005204] [2019-09-06 20:47:59,745] - EntityDef::checkDefMethod: exposed of method: Account.setGameReady, check the caller can use "def setGameReady(self, callerID, ...)", such as: if callerID == self.id!
  WARN root [0x00005204] [2019-09-06 20:47:59,745] - EntityDef::checkDefMethod: exposed of method: Account.stayRoom, check the caller can use "def stayRoom(self, callerID, ...)", such as: if callerID == self.id!
 DEBUG root [0x00005204] [2019-09-06 20:47:59,746] - loaded entity-script:Account(1).
  WARN root [0x00005204] [2019-09-06 20:47:59,748] - EntityDef::checkDefMethod: exposed of method: Room.playPoker, check the caller can use "def playPoker(self, callerID, ...)", such as: if callerID == self.id!
  WARN root [0x00005204] [2019-09-06 20:47:59,748] - EntityDef::checkDefMethod: exposed of method: Room.unPlayPoker, check the caller can use "def unPlayPoker(self, callerID, ...)", such as: if callerID == self.id!
 DEBUG root [0x00005204] [2019-09-06 20:47:59,748] - loaded entity-script:Room(3).
  INFO root [0x00005204] [2019-09-06 20:47:59,751] - TelnetServer server is running on port 50000
  INFO root [0x00005204] [2019-09-06 20:48:00,170] - ---- cellapp is running ----
 DEBUG root [0x00005204] [2019-09-06 20:48:00,171] - Components::process(): Request for the process of identity...
  WARN root [0x00005204] [2019-09-06 20:48:06,313] - EntityApp::checkTickPeriod: tick took 6142% (6.14 seconds)!
  INFO root [0x00005204] [2019-09-06 20:48:07,371] - Components::findComponents: find logger(1)...
  INFO root [0x00005204] [2019-09-06 20:48:07,444] - Components::findComponents: found logger, addr:192.168.56.1:52440
  INFO root [0x00005204] [2019-09-06 20:48:07,445] - Components::addComponent: reset orderLog, uid=2082!
  INFO root [0x00005204] [2019-09-06 20:48:07,445] - Components::addComponent[logger], uid=2082, componentID=2000, globalorderid=1, grouporderid=1, totalcount=1
  INFO root [0x00005204] [2019-09-06 20:48:07,446] - Components::findComponents: find dbmgr(2)...
  INFO root [0x00005204] [2019-09-06 20:48:07,549] - Components::findComponents: found dbmgr, addr:192.168.56.1:52434
  INFO root [0x00005204] [2019-09-06 20:48:07,549] - Components::addComponent: reset orderLog, uid=2082!
  INFO root [0x00005204] [2019-09-06 20:48:07,549] - Components::addComponent[dbmgr], uid=2082, componentID=4000, globalorderid=1, grouporderid=1, totalcount=1
  INFO root [0x00005204] [2019-09-06 20:48:07,550] - Components::findComponents: found dbmgr, addr:192.168.56.1:52434
  WARN root [0x00005204] [2019-09-06 20:48:08,551] - EntityApp::checkTickPeriod: tick took 1279% (1.28 seconds)!
  WARN root [0x00005204] [2019-09-06 20:48:08,552] - Forwarding logs to logger[192.168.56.1:52440/0/0/0]...
 ERROR root [0x00005204] [2019-09-06 20:48:21,762] - Components::removeComponentByChannel: logger : 2000, Abnormal exit(reason=TCPPacketReceiver::processRecv(): error=10054
)! Channel(timestamp=847352023077, lastReceivedTime=847319812081, inactivityExceptionPeriod=134887676)
  INFO root [0x00005204] [2019-09-06 20:48:21,766] - The following logs sent to logger failed:
  WARN root [0x00005204] [2019-09-06 20:48:21,766] - ==> [2019-09-06 20:48:21 760] TCPPacketReceiver::processPendingEvents(192.168.56.1:52440): Throwing REASON_GENERAL_NETWORK - WSAECONNRESET
 ERROR root [0x00005204] [2019-09-06 20:48:21,767] - ==> [2019-09-06 20:48:21 763] Components::removeComponentByChannel: logger : 2000, Abnormal exit(reason=TCPPacketReceiver::processRecv(): error=10054
)! Channel(timestamp=847352023077, lastReceivedTime=847319812081, inactivityExceptionPeriod=134887676)
  WARN root [0x00005204] [2019-09-06 20:48:21,875] - TCPPacketReceiver::processPendingEvents(192.168.56.1:52434): Throwing REASON_GENERAL_NETWORK - WSAECONNRESET
 ERROR root [0x00005204] [2019-09-06 20:48:21,875] - Components::removeComponentByChannel: dbmgr : 4000, Abnormal exit(reason=TCPPacketReceiver::processRecv(): error=10054
)! Channel(timestamp=847352276789, lastReceivedTime=847340820396, inactivityExceptionPeriod=134887676)
  INFO root [0x00005204] [2019-09-06 20:48:21,886] - Shutdowner::onShutdownBegin: shutting down(period=0, tickPeriod=1)
  INFO root [0x00005204] [2019-09-06 20:48:21,887] - Shutdowner::onShutdown: shutting down
  INFO root [0x00005204] [2019-09-06 20:48:21,887] - Shutdowner::onShutdownEnd: shutting down
 DEBUG root [0x00005204] [2019-09-06 20:48:21,888] - EntityRef::destroyObjPool(): size 0.
 DEBUG root [0x00005204] [2019-09-06 20:48:21,888] - Witness::destroyObjPool(): size 0.
  INFO root [0x00005204] [2019-09-06 20:48:21,913] - Script::uninstall(): is successfully!
 DEBUG root [0x00005204] [2019-09-06 20:48:21,914] - ThreadPool::destroy(): starting size 2.
  WARN root [0x00005204] [2019-09-06 20:48:22,216] - ThreadPool::destroy(): waiting for thread(2)[0x1ac36c8,0x1ac3798,], try=1
  INFO root [0x00001c30] [2019-09-06 20:49:14,963] - 
  INFO root [0x00001c30] [2019-09-06 20:49:14,968] - -----------------------------------------------------------------------------------------


  INFO root [0x00001c30] [2019-09-06 20:49:14,969] - Resmgr::initialize: KBE_ROOT=D:/kbengine/
  INFO root [0x00001c30] [2019-09-06 20:49:14,970] - Resmgr::initialize: KBE_RES_PATH=D:/kbengine/kbe/res/;D:/kbengine/HappyPoker_assets/;D:/kbengine/HappyPoker_assets/scripts/;D:/kbengine/HappyPoker_assets/res/
  INFO root [0x00001c30] [2019-09-06 20:49:14,970] - Resmgr::initialize: KBE_BIN_PATH=D:/kbengine/kbe/bin/server/
  INFO root [0x00001c30] [2019-09-06 20:49:14,999] - NetworkInterface::initialize(INTERNAL-TCP): bound to all interfaces with default route interface on 192.168.56.1 ( 192.168.56.1:52469 )
  INFO root [0x00001c30] [2019-09-06 20:49:15,000] - NetworkInterface::initialize(INTERNAL-TCP): address 192.168.56.1:52469, SOMAXCONN=5.
  INFO root [0x00001c30] [2019-09-06 20:49:15,000] - server-configs:
  INFO root [0x00001c30] [2019-09-06 20:49:15,000] - 	gameUpdateHertz : 10
  INFO root [0x00001c30] [2019-09-06 20:49:15,001] - 	defaultViewRadius : 80
  INFO root [0x00001c30] [2019-09-06 20:49:15,001] - 	defaultViewHysteresisArea : 5
  INFO root [0x00001c30] [2019-09-06 20:49:15,001] - 	entryScriptFile : kbemain
  INFO root [0x00001c30] [2019-09-06 20:49:15,001] - 	internalTcpAddr : 192.168.56.1:52469
  INFO root [0x00001c30] [2019-09-06 20:49:15,001] - 	componentID : 8001
  WARN root [0x00001c30] [2019-09-06 20:49:15,006] - invalid UID(0) <= 0, please check UID for environment! automatically set to 2082.
  INFO root [0x00001c30] [2019-09-06 20:49:16,510] - ---- cellapp Version: 2.4.5. ScriptVersion: 0.1.0. Pythoncore: 3.7.3. Protocol: C9FCABE153AC3D64A8F240810ADA666D. Config: Debug X86. Built: 09:56:57 May  8 2019. AppID: 8001. UID: 2082. PID: 15776 ----
  INFO root [0x00001c30] [2019-09-06 20:49:16,511] - Server error_name: Intel(R) Core(TM) i5-6300HQ CPU @ 2.30GHz with 2097151kB RAM
  INFO root [0x00001c30] [2019-09-06 20:49:16,511] - ThreadPool::createThreadPool: creating  threadpool...
  INFO root [0x00001c30] [2019-09-06 20:49:16,512] - ThreadPool::createThreadPool: successfully(2), newThreadCount=1, normalMaxThreadCount=2, maxThreadCount=8
  INFO root [0x00001c30] [2019-09-06 20:49:16,715] - Script::install(): is successfully, Python=(3.7.3 (default, May  8 2019, 09:53:38) [MSC v.1916 32 bit (Intel)])!
  INFO root [0x00001c30] [2019-09-06 20:49:16,715] - Script::install(): KBExtra is successfully!
  WARN root [0x00001c30] [2019-09-06 20:49:16,848] - EntityDef::checkDefMethod: exposed of method: Account.leaveRoom, check the caller can use "def leaveRoom(self, callerID, ...)", such as: if callerID == self.id!
  WARN root [0x00001c30] [2019-09-06 20:49:16,849] - EntityDef::checkDefMethod: exposed of method: Account.playerMakeLandlord, check the caller can use "def playerMakeLandlord(self, callerID, ...)", such as: if callerID == self.id!
  WARN root [0x00001c30] [2019-09-06 20:49:16,849] - EntityDef::checkDefMethod: exposed of method: Account.setGameReady, check the caller can use "def setGameReady(self, callerID, ...)", such as: if callerID == self.id!
  WARN root [0x00001c30] [2019-09-06 20:49:16,851] - EntityDef::checkDefMethod: exposed of method: Account.stayRoom, check the caller can use "def stayRoom(self, callerID, ...)", such as: if callerID == self.id!
 DEBUG root [0x00001c30] [2019-09-06 20:49:16,851] - loaded entity-script:Account(1).
  WARN root [0x00001c30] [2019-09-06 20:49:16,853] - EntityDef::checkDefMethod: exposed of method: Room.playPoker, check the caller can use "def playPoker(self, callerID, ...)", such as: if callerID == self.id!
  WARN root [0x00001c30] [2019-09-06 20:49:16,853] - EntityDef::checkDefMethod: exposed of method: Room.unPlayPoker, check the caller can use "def unPlayPoker(self, callerID, ...)", such as: if callerID == self.id!
 DEBUG root [0x00001c30] [2019-09-06 20:49:16,854] - loaded entity-script:Room(3).
  INFO root [0x00001c30] [2019-09-06 20:49:16,856] - TelnetServer server is running on port 50000
  INFO root [0x00001c30] [2019-09-06 20:49:17,290] - ---- cellapp is running ----
 DEBUG root [0x00001c30] [2019-09-06 20:49:17,291] - Components::process(): Request for the process of identity...
  WARN root [0x00001c30] [2019-09-06 20:49:23,436] - EntityApp::checkTickPeriod: tick took 6145% (6.14 seconds)!
  INFO root [0x00001c30] [2019-09-06 20:49:24,477] - Components::findComponents: find logger(1)...
  INFO root [0x00001c30] [2019-09-06 20:49:24,571] - Components::findComponents: found logger, addr:192.168.56.1:52474
  INFO root [0x00001c30] [2019-09-06 20:49:24,571] - Components::addComponent: reset orderLog, uid=2082!
  INFO root [0x00001c30] [2019-09-06 20:49:24,572] - Components::addComponent[logger], uid=2082, componentID=2000, globalorderid=1, grouporderid=1, totalcount=1
  INFO root [0x00001c30] [2019-09-06 20:49:24,573] - Components::findComponents: find dbmgr(2)...
  INFO root [0x00001c30] [2019-09-06 20:49:24,677] - Components::findComponents: found dbmgr, addr:192.168.56.1:52472
  INFO root [0x00001c30] [2019-09-06 20:49:24,677] - Components::addComponent: reset orderLog, uid=2082!
  INFO root [0x00001c30] [2019-09-06 20:49:24,677] - Components::addComponent[dbmgr], uid=2082, componentID=4000, globalorderid=1, grouporderid=1, totalcount=1
  INFO root [0x00001c30] [2019-09-06 20:49:24,682] - Components::findComponents: found dbmgr, addr:192.168.56.1:52472
  WARN root [0x00001c30] [2019-09-06 20:49:25,684] - Forwarding logs to logger[192.168.56.1:52474/0/0/0]...
  INFO root [0x000054bc] [2019-09-06 20:52:46,100] - 
  INFO root [0x000054bc] [2019-09-06 20:52:46,100] - -----------------------------------------------------------------------------------------


  INFO root [0x000054bc] [2019-09-06 20:52:46,102] - Resmgr::initialize: KBE_ROOT=D:/kbengine/
  INFO root [0x000054bc] [2019-09-06 20:52:46,102] - Resmgr::initialize: KBE_RES_PATH=D:/kbengine/kbe/res/;D:/kbengine/HappyPoker_assets/;D:/kbengine/HappyPoker_assets/scripts/;D:/kbengine/HappyPoker_assets/res/
  INFO root [0x000054bc] [2019-09-06 20:52:46,103] - Resmgr::initialize: KBE_BIN_PATH=D:/kbengine/kbe/bin/server/
  INFO root [0x000054bc] [2019-09-06 20:52:46,121] - NetworkInterface::initialize(INTERNAL-TCP): bound to all interfaces with default route interface on 192.168.56.1 ( 192.168.56.1:52513 )
  INFO root [0x000054bc] [2019-09-06 20:52:46,122] - NetworkInterface::initialize(INTERNAL-TCP): address 192.168.56.1:52513, SOMAXCONN=5.
  INFO root [0x000054bc] [2019-09-06 20:52:46,122] - server-configs:
  INFO root [0x000054bc] [2019-09-06 20:52:46,122] - 	gameUpdateHertz : 10
  INFO root [0x000054bc] [2019-09-06 20:52:46,122] - 	defaultViewRadius : 80
  INFO root [0x000054bc] [2019-09-06 20:52:46,122] - 	defaultViewHysteresisArea : 5
  INFO root [0x000054bc] [2019-09-06 20:52:46,122] - 	entryScriptFile : kbemain
  INFO root [0x000054bc] [2019-09-06 20:52:46,122] - 	internalTcpAddr : 192.168.56.1:52513
  INFO root [0x000054bc] [2019-09-06 20:52:46,122] - 	componentID : 8001
  WARN root [0x000054bc] [2019-09-06 20:52:46,123] - invalid UID(0) <= 0, please check UID for environment! automatically set to 2082.
  INFO root [0x000054bc] [2019-09-06 20:52:47,628] - ---- cellapp Version: 2.4.5. ScriptVersion: 0.1.0. Pythoncore: 3.7.3. Protocol: C9FCABE153AC3D64A8F240810ADA666D. Config: Debug X86. Built: 09:56:57 May  8 2019. AppID: 8001. UID: 2082. PID: 14644 ----
  INFO root [0x000054bc] [2019-09-06 20:52:47,629] - Server error_name: Intel(R) Core(TM) i5-6300HQ CPU @ 2.30GHz with 2097151kB RAM
  INFO root [0x000054bc] [2019-09-06 20:52:47,629] - ThreadPool::createThreadPool: creating  threadpool...
  INFO root [0x000054bc] [2019-09-06 20:52:47,630] - ThreadPool::createThreadPool: successfully(2), newThreadCount=1, normalMaxThreadCount=2, maxThreadCount=8
  INFO root [0x000054bc] [2019-09-06 20:52:47,829] - Script::install(): is successfully, Python=(3.7.3 (default, May  8 2019, 09:53:38) [MSC v.1916 32 bit (Intel)])!
  INFO root [0x000054bc] [2019-09-06 20:52:47,829] - Script::install(): KBExtra is successfully!
  WARN root [0x000054bc] [2019-09-06 20:52:47,977] - EntityDef::checkDefMethod: exposed of method: Account.leaveRoom, check the caller can use "def leaveRoom(self, callerID, ...)", such as: if callerID == self.id!
  WARN root [0x000054bc] [2019-09-06 20:52:47,978] - EntityDef::checkDefMethod: exposed of method: Account.playerMakeLandlord, check the caller can use "def playerMakeLandlord(self, callerID, ...)", such as: if callerID == self.id!
  WARN root [0x000054bc] [2019-09-06 20:52:47,978] - EntityDef::checkDefMethod: exposed of method: Account.setGameReady, check the caller can use "def setGameReady(self, callerID, ...)", such as: if callerID == self.id!
  WARN root [0x000054bc] [2019-09-06 20:52:47,978] - EntityDef::checkDefMethod: exposed of method: Account.stayRoom, check the caller can use "def stayRoom(self, callerID, ...)", such as: if callerID == self.id!
 DEBUG root [0x000054bc] [2019-09-06 20:52:47,979] - loaded entity-script:Account(1).
  WARN root [0x000054bc] [2019-09-06 20:52:47,981] - EntityDef::checkDefMethod: exposed of method: Room.playPoker, check the caller can use "def playPoker(self, callerID, ...)", such as: if callerID == self.id!
  WARN root [0x000054bc] [2019-09-06 20:52:47,982] - EntityDef::checkDefMethod: exposed of method: Room.unPlayPoker, check the caller can use "def unPlayPoker(self, callerID, ...)", such as: if callerID == self.id!
 DEBUG root [0x000054bc] [2019-09-06 20:52:47,983] - loaded entity-script:Room(3).
  INFO root [0x000054bc] [2019-09-06 20:52:47,986] - TelnetServer server is running on port 50000
  INFO root [0x000054bc] [2019-09-06 20:52:48,434] - ---- cellapp is running ----
 DEBUG root [0x000054bc] [2019-09-06 20:52:48,454] - Components::process(): Request for the process of identity...
  WARN root [0x000054bc] [2019-09-06 20:52:54,619] - EntityApp::checkTickPeriod: tick took 6185% (6.18 seconds)!
  INFO root [0x000054bc] [2019-09-06 20:52:55,635] - Components::findComponents: find logger(1)...
  INFO root [0x000054bc] [2019-09-06 20:52:55,643] - Components::findComponents: found logger, addr:192.168.56.1:52510
  INFO root [0x000054bc] [2019-09-06 20:52:55,644] - Components::addComponent: reset orderLog, uid=2082!
  INFO root [0x000054bc] [2019-09-06 20:52:55,644] - Components::addComponent[logger], uid=2082, componentID=2000, globalorderid=1, grouporderid=1, totalcount=1
  INFO root [0x000054bc] [2019-09-06 20:52:55,645] - Components::findComponents: find dbmgr(2)...
  INFO root [0x000054bc] [2019-09-06 20:52:55,748] - Components::findComponents: found dbmgr, addr:192.168.56.1:52512
  INFO root [0x000054bc] [2019-09-06 20:52:55,748] - Components::addComponent: reset orderLog, uid=2082!
  INFO root [0x000054bc] [2019-09-06 20:52:55,748] - Components::addComponent[dbmgr], uid=2082, componentID=4000, globalorderid=1, grouporderid=1, totalcount=1
  INFO root [0x000054bc] [2019-09-06 20:52:55,749] - Components::findComponents: found dbmgr, addr:192.168.56.1:52512
  WARN root [0x000054bc] [2019-09-06 20:52:56,750] - EntityApp::checkTickPeriod: tick took 1215% (1.22 seconds)!
  WARN root [0x000054bc] [2019-09-06 20:52:56,751] - Forwarding logs to logger[192.168.56.1:52510/0/0/0]...
 ERROR root [0x000054bc] [2019-09-06 20:53:15,728] - Components::removeComponentByChannel: logger : 2000, Abnormal exit(reason=TCPPacketReceiver::processRecv(): error=10054
)! Channel(timestamp=848013449238, lastReceivedTime=847968260444, inactivityExceptionPeriod=134887628)
  INFO root [0x000054bc] [2019-09-06 20:53:15,730] - The following logs sent to logger failed:
  WARN root [0x000054bc] [2019-09-06 20:53:15,730] - ==> [2019-09-06 20:53:15 726] TCPPacketReceiver::processPendingEvents(192.168.56.1:52510): Throwing REASON_GENERAL_NETWORK - WSAECONNRESET
 ERROR root [0x000054bc] [2019-09-06 20:53:15,731] - ==> [2019-09-06 20:53:15 729] Components::removeComponentByChannel: logger : 2000, Abnormal exit(reason=TCPPacketReceiver::processRecv(): error=10054
)! Channel(timestamp=848013449238, lastReceivedTime=847968260444, inactivityExceptionPeriod=134887628)
  WARN root [0x000054bc] [2019-09-06 20:53:15,843] - TCPPacketReceiver::processPendingEvents(192.168.56.1:52512): Throwing REASON_GENERAL_NETWORK - WSAECONNRESET
 ERROR root [0x000054bc] [2019-09-06 20:53:15,844] - Components::removeComponentByChannel: dbmgr : 4000, Abnormal exit(reason=TCPPacketReceiver::processRecv(): error=10054
)! Channel(timestamp=848013708868, lastReceivedTime=847989584393, inactivityExceptionPeriod=134887628)
  INFO root [0x000054bc] [2019-09-06 20:53:15,857] - Shutdowner::onShutdownBegin: shutting down(period=0, tickPeriod=1)
  INFO root [0x000054bc] [2019-09-06 20:53:15,867] - Shutdowner::onShutdown: shutting down
  INFO root [0x000054bc] [2019-09-06 20:53:15,867] - Shutdowner::onShutdownEnd: shutting down
 DEBUG root [0x000054bc] [2019-09-06 20:53:15,868] - EntityRef::destroyObjPool(): size 0.
 DEBUG root [0x000054bc] [2019-09-06 20:53:15,869] - Witness::destroyObjPool(): size 0.
  INFO root [0x000054bc] [2019-09-06 20:53:15,899] - Script::uninstall(): is successfully!
 DEBUG root [0x000054bc] [2019-09-06 20:53:15,899] - ThreadPool::destroy(): starting size 2.
  WARN root [0x000054bc] [2019-09-06 20:53:16,204] - ThreadPool::destroy(): waiting for thread(2)[0x18f97a8,0x18f9a18,], try=1
  INFO root [0x000043bc] [2019-09-06 20:53:17,697] - 
  INFO root [0x000043bc] [2019-09-06 20:53:17,701] - -----------------------------------------------------------------------------------------


  INFO root [0x000043bc] [2019-09-06 20:53:17,703] - Resmgr::initialize: KBE_ROOT=D:/kbengine/
  INFO root [0x000043bc] [2019-09-06 20:53:17,703] - Resmgr::initialize: KBE_RES_PATH=D:/kbengine/kbe/res/;D:/kbengine/HappyPoker_assets/;D:/kbengine/HappyPoker_assets/scripts/;D:/kbengine/HappyPoker_assets/res/
  INFO root [0x000043bc] [2019-09-06 20:53:17,703] - Resmgr::initialize: KBE_BIN_PATH=D:/kbengine/kbe/bin/server/
  INFO root [0x000043bc] [2019-09-06 20:53:17,730] - NetworkInterface::initialize(INTERNAL-TCP): bound to all interfaces with default route interface on 192.168.56.1 ( 192.168.56.1:52560 )
  INFO root [0x000043bc] [2019-09-06 20:53:17,730] - NetworkInterface::initialize(INTERNAL-TCP): address 192.168.56.1:52560, SOMAXCONN=5.
  INFO root [0x000043bc] [2019-09-06 20:53:17,730] - server-configs:
  INFO root [0x000043bc] [2019-09-06 20:53:17,730] - 	gameUpdateHertz : 10
  INFO root [0x000043bc] [2019-09-06 20:53:17,730] - 	defaultViewRadius : 80
  INFO root [0x000043bc] [2019-09-06 20:53:17,731] - 	defaultViewHysteresisArea : 5
  INFO root [0x000043bc] [2019-09-06 20:53:17,731] - 	entryScriptFile : kbemain
  INFO root [0x000043bc] [2019-09-06 20:53:17,731] - 	internalTcpAddr : 192.168.56.1:52560
  INFO root [0x000043bc] [2019-09-06 20:53:17,731] - 	componentID : 8001
  WARN root [0x000043bc] [2019-09-06 20:53:17,738] - invalid UID(0) <= 0, please check UID for environment! automatically set to 2082.
  WARN root [0x000043bc] [2019-09-06 20:53:18,083] - BundleBroadcast::BundleBroadcast: Cannot bind to port 20234, errorno=10048
  INFO root [0x000043bc] [2019-09-06 20:53:18,087] - ---- cellapp Version: 2.4.5. ScriptVersion: 0.1.0. Pythoncore: 3.7.3. Protocol: C9FCABE153AC3D64A8F240810ADA666D. Config: Debug X86. Built: 09:56:57 May  8 2019. AppID: 8001. UID: 2082. PID: 2248 ----
  INFO root [0x000043bc] [2019-09-06 20:53:18,087] - Server error_name: Intel(R) Core(TM) i5-6300HQ CPU @ 2.30GHz with 2097151kB RAM
  INFO root [0x000043bc] [2019-09-06 20:53:18,088] - ThreadPool::createThreadPool: creating  threadpool...
  INFO root [0x000043bc] [2019-09-06 20:53:18,088] - ThreadPool::createThreadPool: successfully(2), newThreadCount=1, normalMaxThreadCount=2, maxThreadCount=8
  INFO root [0x000043bc] [2019-09-06 20:53:18,301] - Script::install(): is successfully, Python=(3.7.3 (default, May  8 2019, 09:53:38) [MSC v.1916 32 bit (Intel)])!
  INFO root [0x000043bc] [2019-09-06 20:53:18,302] - Script::install(): KBExtra is successfully!
  WARN root [0x000043bc] [2019-09-06 20:53:18,448] - EntityDef::checkDefMethod: exposed of method: Account.leaveRoom, check the caller can use "def leaveRoom(self, callerID, ...)", such as: if callerID == self.id!
  WARN root [0x000043bc] [2019-09-06 20:53:18,449] - EntityDef::checkDefMethod: exposed of method: Account.playerMakeLandlord, check the caller can use "def playerMakeLandlord(self, callerID, ...)", such as: if callerID == self.id!
  WARN root [0x000043bc] [2019-09-06 20:53:18,449] - EntityDef::checkDefMethod: exposed of method: Account.setGameReady, check the caller can use "def setGameReady(self, callerID, ...)", such as: if callerID == self.id!
  WARN root [0x000043bc] [2019-09-06 20:53:18,450] - EntityDef::checkDefMethod: exposed of method: Account.stayRoom, check the caller can use "def stayRoom(self, callerID, ...)", such as: if callerID == self.id!
 DEBUG root [0x000043bc] [2019-09-06 20:53:18,450] - loaded entity-script:Account(1).
  WARN root [0x000043bc] [2019-09-06 20:53:18,452] - EntityDef::checkDefMethod: exposed of method: Room.playPoker, check the caller can use "def playPoker(self, callerID, ...)", such as: if callerID == self.id!
  WARN root [0x000043bc] [2019-09-06 20:53:18,453] - EntityDef::checkDefMethod: exposed of method: Room.unPlayPoker, check the caller can use "def unPlayPoker(self, callerID, ...)", such as: if callerID == self.id!
 DEBUG root [0x000043bc] [2019-09-06 20:53:18,454] - loaded entity-script:Room(3).
  INFO root [0x000043bc] [2019-09-06 20:53:18,457] - TelnetServer server is running on port 50000
  INFO root [0x000043bc] [2019-09-06 20:53:18,889] - ---- cellapp is running ----
 DEBUG root [0x000043bc] [2019-09-06 20:53:18,889] - Components::process(): Request for the process of identity...
  WARN root [0x000043bc] [2019-09-06 20:53:25,022] - EntityApp::checkTickPeriod: tick took 6133% (6.13 seconds)!
  INFO root [0x000043bc] [2019-09-06 20:53:26,090] - Components::findComponents: find logger(1)...
  INFO root [0x000043bc] [2019-09-06 20:53:26,137] - Components::findComponents: found logger, addr:192.168.56.1:52558
  INFO root [0x000043bc] [2019-09-06 20:53:26,137] - Components::addComponent: reset orderLog, uid=2082!
  INFO root [0x000043bc] [2019-09-06 20:53:26,137] - Components::addComponent[logger], uid=2082, componentID=2000, globalorderid=1, grouporderid=1, totalcount=1
  INFO root [0x000043bc] [2019-09-06 20:53:26,139] - Components::findComponents: find dbmgr(2)...
  INFO root [0x000043bc] [2019-09-06 20:53:26,241] - Components::findComponents: found dbmgr, addr:192.168.56.1:52562
  INFO root [0x000043bc] [2019-09-06 20:53:26,241] - Components::addComponent: reset orderLog, uid=2082!
  INFO root [0x000043bc] [2019-09-06 20:53:26,241] - Components::addComponent[dbmgr], uid=2082, componentID=4000, globalorderid=1, grouporderid=1, totalcount=1
  INFO root [0x000043bc] [2019-09-06 20:53:26,242] - Components::findComponents: found dbmgr, addr:192.168.56.1:52562
  WARN root [0x000043bc] [2019-09-06 20:53:27,242] - EntityApp::checkTickPeriod: tick took 1252% (1.25 seconds)!
  WARN root [0x000043bc] [2019-09-06 20:53:27,242] - Forwarding logs to logger[192.168.56.1:52558/0/0/0]...
 ERROR root [0x000043bc] [2019-09-06 20:53:34,908] - Components::removeComponentByChannel: logger : 2000, Abnormal exit(reason=TCPPacketReceiver::processRecv(): error=10054
)! Channel(timestamp=848056602747, lastReceivedTime=848036870421, inactivityExceptionPeriod=134888284)
  INFO root [0x000043bc] [2019-09-06 20:53:34,910] - The following logs sent to logger failed:
  WARN root [0x000043bc] [2019-09-06 20:53:34,910] - ==> [2019-09-06 20:53:34 908] TCPPacketReceiver::processPendingEvents(192.168.56.1:52558): Throwing REASON_GENERAL_NETWORK - WSAECONNRESET
 ERROR root [0x000043bc] [2019-09-06 20:53:34,911] - ==> [2019-09-06 20:53:34 909] Components::removeComponentByChannel: logger : 2000, Abnormal exit(reason=TCPPacketReceiver::processRecv(): error=10054
)! Channel(timestamp=848056602747, lastReceivedTime=848036870421, inactivityExceptionPeriod=134888284)
  WARN root [0x000043bc] [2019-09-06 20:53:35,019] - TCPPacketReceiver::processPendingEvents(192.168.56.1:52562): Throwing REASON_GENERAL_NETWORK - WSAECONNRESET
 ERROR root [0x000043bc] [2019-09-06 20:53:35,023] - Components::removeComponentByChannel: dbmgr : 4000, Abnormal exit(reason=TCPPacketReceiver::processRecv(): error=10054
)! Channel(timestamp=848056862214, lastReceivedTime=848051386772, inactivityExceptionPeriod=134888284)
  INFO root [0x000043bc] [2019-09-06 20:53:35,027] - Shutdowner::onShutdownBegin: shutting down(period=0, tickPeriod=1)
  INFO root [0x000043bc] [2019-09-06 20:53:35,027] - Shutdowner::onShutdown: shutting down
  INFO root [0x000043bc] [2019-09-06 20:53:35,027] - Shutdowner::onShutdownEnd: shutting down
 DEBUG root [0x000043bc] [2019-09-06 20:53:35,028] - EntityRef::destroyObjPool(): size 0.
 DEBUG root [0x000043bc] [2019-09-06 20:53:35,028] - Witness::destroyObjPool(): size 0.
  INFO root [0x000043bc] [2019-09-06 20:53:35,061] - Script::uninstall(): is successfully!
 DEBUG root [0x000043bc] [2019-09-06 20:53:35,062] - ThreadPool::destroy(): starting size 2.
  WARN root [0x000043bc] [2019-09-06 20:53:35,363] - ThreadPool::destroy(): waiting for thread(2)[0x18240e8,0x1824b10,], try=1
  INFO root [0x00005238] [2019-09-06 20:56:28,400] - 
  INFO root [0x00005238] [2019-09-06 20:56:28,525] - -----------------------------------------------------------------------------------------


  INFO root [0x00005238] [2019-09-06 20:56:28,540] - Resmgr::initialize: KBE_ROOT=D:/kbengine/
  INFO root [0x00005238] [2019-09-06 20:56:28,540] - Resmgr::initialize: KBE_RES_PATH=D:/kbengine/kbe/res/;D:/kbengine/HappyPoker_assets/;D:/kbengine/HappyPoker_assets/scripts/;D:/kbengine/HappyPoker_assets/res/
  INFO root [0x00005238] [2019-09-06 20:56:28,540] - Resmgr::initialize: KBE_BIN_PATH=D:/kbengine/kbe/bin/server/
  INFO root [0x00005238] [2019-09-06 20:56:28,556] - NetworkInterface::initialize(INTERNAL-TCP): bound to all interfaces with default route interface on 192.168.56.1 ( 192.168.56.1:52634 )
  INFO root [0x00005238] [2019-09-06 20:56:28,556] - NetworkInterface::initialize(INTERNAL-TCP): address 192.168.56.1:52634, SOMAXCONN=5.
  INFO root [0x00005238] [2019-09-06 20:56:28,556] - server-configs:
  INFO root [0x00005238] [2019-09-06 20:56:28,556] - 	gameUpdateHertz : 10
  INFO root [0x00005238] [2019-09-06 20:56:28,556] - 	defaultViewRadius : 80
  INFO root [0x00005238] [2019-09-06 20:56:28,556] - 	defaultViewHysteresisArea : 5
  INFO root [0x00005238] [2019-09-06 20:56:28,556] - 	entryScriptFile : kbemain
  INFO root [0x00005238] [2019-09-06 20:56:28,556] - 	internalTcpAddr : 192.168.56.1:52634
  INFO root [0x00005238] [2019-09-06 20:56:28,556] - 	componentID : 8001
  WARN root [0x00005238] [2019-09-06 20:56:28,556] - invalid UID(0) <= 0, please check UID for environment! automatically set to 2082.
  INFO root [0x00005238] [2019-09-06 20:56:28,587] - Components::findLogger: found logger, addr:192.168.56.1:52628
  INFO root [0x00005238] [2019-09-06 20:56:28,587] - Components::addComponent: reset orderLog, uid=2082!
  INFO root [0x00005238] [2019-09-06 20:56:28,587] - Components::addComponent[logger], uid=2082, componentID=2000, globalorderid=1, grouporderid=1, totalcount=1
  INFO root [0x00005238] [2019-09-06 20:56:28,587] - ---- cellapp Version: 2.4.5. ScriptVersion: 0.1.0. Pythoncore: 3.7.3. Protocol: C9FCABE153AC3D64A8F240810ADA666D. Config: Debug X86. Built: 09:56:57 May  8 2019. AppID: 8001. UID: 2082. PID: 16808 ----
  INFO root [0x00005238] [2019-09-06 20:56:28,587] - Server error_name: Intel(R) Core(TM) i5-6300HQ CPU @ 2.30GHz with 2097151kB RAM
  INFO root [0x00005238] [2019-09-06 20:56:28,587] - ThreadPool::createThreadPool: creating  threadpool...
  INFO root [0x00005238] [2019-09-06 20:56:28,587] - ThreadPool::createThreadPool: successfully(2), newThreadCount=1, normalMaxThreadCount=2, maxThreadCount=8
  INFO root [0x00005238] [2019-09-06 20:56:28,790] - Script::install(): is successfully, Python=(3.7.3 (default, May  8 2019, 09:53:38) [MSC v.1916 32 bit (Intel)])!
  INFO root [0x00005238] [2019-09-06 20:56:28,790] - Script::install(): KBExtra is successfully!
  WARN root [0x00005238] [2019-09-06 20:56:28,978] - EntityDef::checkDefMethod: exposed of method: Account.leaveRoom, check the caller can use "def leaveRoom(self, callerID, ...)", such as: if callerID == self.id!
  WARN root [0x00005238] [2019-09-06 20:56:28,978] - EntityDef::checkDefMethod: exposed of method: Account.playerMakeLandlord, check the caller can use "def playerMakeLandlord(self, callerID, ...)", such as: if callerID == self.id!
  WARN root [0x00005238] [2019-09-06 20:56:28,978] - EntityDef::checkDefMethod: exposed of method: Account.setGameReady, check the caller can use "def setGameReady(self, callerID, ...)", such as: if callerID == self.id!
  WARN root [0x00005238] [2019-09-06 20:56:28,978] - EntityDef::checkDefMethod: exposed of method: Account.stayRoom, check the caller can use "def stayRoom(self, callerID, ...)", such as: if callerID == self.id!
 DEBUG root [0x00005238] [2019-09-06 20:56:28,978] - loaded entity-script:Account(1).
  WARN root [0x00005238] [2019-09-06 20:56:28,993] - EntityDef::checkDefMethod: exposed of method: Room.playPoker, check the caller can use "def playPoker(self, callerID, ...)", such as: if callerID == self.id!
  WARN root [0x00005238] [2019-09-06 20:56:28,993] - EntityDef::checkDefMethod: exposed of method: Room.unPlayPoker, check the caller can use "def unPlayPoker(self, callerID, ...)", such as: if callerID == self.id!
 DEBUG root [0x00005238] [2019-09-06 20:56:28,993] - loaded entity-script:Room(3).
  INFO root [0x00005238] [2019-09-06 20:56:28,993] - TelnetServer server is running on port 50000
  INFO root [0x00005238] [2019-09-06 20:56:29,384] - ---- cellapp is running ----
 DEBUG root [0x00005238] [2019-09-06 20:56:29,384] - Components::process(): Request for the process of identity...
  WARN root [0x00005238] [2019-09-06 20:56:35,660] - Forwarding logs to logger[192.168.56.1:52628/0/0/0]...
 ERROR root [0x00005238] [2019-09-06 20:57:06,335] - Components::removeComponentByChannel: logger : 2000, Abnormal exit(reason=TCPPacketReceiver::processRecv(): error=10054
)! Channel(timestamp=848542819052, lastReceivedTime=848518598750, inactivityExceptionPeriod=134887373)
  INFO root [0x00005238] [2019-09-06 20:57:06,335] - The following logs sent to logger failed:
  WARN root [0x00005238] [2019-09-06 20:57:06,476] - ==> [2019-09-06 20:57:06 341] TCPPacketReceiver::processPendingEvents(192.168.56.1:52628): Throwing REASON_GENERAL_NETWORK - WSAECONNRESET
 ERROR root [0x00005238] [2019-09-06 20:57:06,476] - ==> [2019-09-06 20:57:06 343] Components::removeComponentByChannel: logger : 2000, Abnormal exit(reason=TCPPacketReceiver::processRecv(): error=10054
)! Channel(timestamp=848542819052, lastReceivedTime=848518598750, inactivityExceptionPeriod=134887373)
  WARN root [0x00005238] [2019-09-06 20:57:06,523] - EntityApp::checkTickPeriod: tick took 232% (0.23 seconds)!
  WARN root [0x00005238] [2019-09-06 20:57:06,538] - TCPPacketReceiver::processPendingEvents(192.168.56.1:52630): Throwing REASON_GENERAL_NETWORK - WSAECONNRESET
 ERROR root [0x00005238] [2019-09-06 20:57:06,538] - Components::removeComponentByChannel: dbmgr : 4000, Abnormal exit(reason=TCPPacketReceiver::processRecv(): error=10054
)! Channel(timestamp=848543264185, lastReceivedTime=848518720407, inactivityExceptionPeriod=134887373)
  INFO root [0x00005238] [2019-09-06 20:57:06,632] - Shutdowner::onShutdownBegin: shutting down(period=0, tickPeriod=1)
  INFO root [0x00005238] [2019-09-06 20:57:06,648] - Shutdowner::onShutdown: shutting down
  INFO root [0x00005238] [2019-09-06 20:57:06,648] - Shutdowner::onShutdownEnd: shutting down
 DEBUG root [0x00005238] [2019-09-06 20:57:06,757] - EntityRef::destroyObjPool(): size 0.
 DEBUG root [0x00005238] [2019-09-06 20:57:06,757] - Witness::destroyObjPool(): size 0.
  INFO root [0x00003648] [2019-09-06 20:57:08,147] - 
  INFO root [0x00003648] [2019-09-06 20:57:08,147] - -----------------------------------------------------------------------------------------


  INFO root [0x00003648] [2019-09-06 20:57:08,147] - Resmgr::initialize: KBE_ROOT=D:/kbengine/
  INFO root [0x00003648] [2019-09-06 20:57:08,147] - Resmgr::initialize: KBE_RES_PATH=D:/kbengine/kbe/res/;D:/kbengine/HappyPoker_assets/;D:/kbengine/HappyPoker_assets/scripts/;D:/kbengine/HappyPoker_assets/res/
  INFO root [0x00003648] [2019-09-06 20:57:08,147] - Resmgr::initialize: KBE_BIN_PATH=D:/kbengine/kbe/bin/server/
  INFO root [0x00003648] [2019-09-06 20:57:08,179] - NetworkInterface::initialize(INTERNAL-TCP): bound to all interfaces with default route interface on 192.168.56.1 ( 192.168.56.1:52666 )
  INFO root [0x00003648] [2019-09-06 20:57:08,179] - NetworkInterface::initialize(INTERNAL-TCP): address 192.168.56.1:52666, SOMAXCONN=5.
  INFO root [0x00003648] [2019-09-06 20:57:08,179] - server-configs:
  INFO root [0x00003648] [2019-09-06 20:57:08,179] - 	gameUpdateHertz : 10
  INFO root [0x00003648] [2019-09-06 20:57:08,179] - 	defaultViewRadius : 80
  INFO root [0x00003648] [2019-09-06 20:57:08,179] - 	defaultViewHysteresisArea : 5
  INFO root [0x00003648] [2019-09-06 20:57:08,179] - 	entryScriptFile : kbemain
  INFO root [0x00003648] [2019-09-06 20:57:08,179] - 	internalTcpAddr : 192.168.56.1:52666
  INFO root [0x00003648] [2019-09-06 20:57:08,179] - 	componentID : 8001
  WARN root [0x00003648] [2019-09-06 20:57:08,179] - invalid UID(0) <= 0, please check UID for environment! automatically set to 2082.
  INFO root [0x00003648] [2019-09-06 20:57:09,694] - ---- cellapp Version: 2.4.5. ScriptVersion: 0.1.0. Pythoncore: 3.7.3. Protocol: C9FCABE153AC3D64A8F240810ADA666D. Config: Debug X86. Built: 09:56:57 May  8 2019. AppID: 8001. UID: 2082. PID: 11136 ----
  INFO root [0x00003648] [2019-09-06 20:57:09,694] - Server error_name: Intel(R) Core(TM) i5-6300HQ CPU @ 2.30GHz with 2097151kB RAM
  INFO root [0x00003648] [2019-09-06 20:57:09,694] - ThreadPool::createThreadPool: creating  threadpool...
  INFO root [0x00003648] [2019-09-06 20:57:09,694] - ThreadPool::createThreadPool: successfully(2), newThreadCount=1, normalMaxThreadCount=2, maxThreadCount=8
  INFO root [0x00003648] [2019-09-06 20:57:09,881] - Script::install(): is successfully, Python=(3.7.3 (default, May  8 2019, 09:53:38) [MSC v.1916 32 bit (Intel)])!
  INFO root [0x00003648] [2019-09-06 20:57:09,881] - Script::install(): KBExtra is successfully!
  WARN root [0x00003648] [2019-09-06 20:57:10,006] - EntityDef::checkDefMethod: exposed of method: Account.leaveRoom, check the caller can use "def leaveRoom(self, callerID, ...)", such as: if callerID == self.id!
  WARN root [0x00003648] [2019-09-06 20:57:10,006] - EntityDef::checkDefMethod: exposed of method: Account.playerMakeLandlord, check the caller can use "def playerMakeLandlord(self, callerID, ...)", such as: if callerID == self.id!
  WARN root [0x00003648] [2019-09-06 20:57:10,006] - EntityDef::checkDefMethod: exposed of method: Account.setGameReady, check the caller can use "def setGameReady(self, callerID, ...)", such as: if callerID == self.id!
  WARN root [0x00003648] [2019-09-06 20:57:10,006] - EntityDef::checkDefMethod: exposed of method: Account.stayRoom, check the caller can use "def stayRoom(self, callerID, ...)", such as: if callerID == self.id!
 DEBUG root [0x00003648] [2019-09-06 20:57:10,006] - loaded entity-script:Account(1).
  WARN root [0x00003648] [2019-09-06 20:57:10,006] - EntityDef::checkDefMethod: exposed of method: Room.playPoker, check the caller can use "def playPoker(self, callerID, ...)", such as: if callerID == self.id!
  WARN root [0x00003648] [2019-09-06 20:57:10,006] - EntityDef::checkDefMethod: exposed of method: Room.unPlayPoker, check the caller can use "def unPlayPoker(self, callerID, ...)", such as: if callerID == self.id!
 DEBUG root [0x00003648] [2019-09-06 20:57:10,006] - loaded entity-script:Room(3).
  INFO root [0x00003648] [2019-09-06 20:57:10,006] - TelnetServer server is running on port 50000
  INFO root [0x00003648] [2019-09-06 20:57:10,397] - ---- cellapp is running ----
 DEBUG root [0x00003648] [2019-09-06 20:57:10,412] - Components::process(): Request for the process of identity...
  WARN root [0x00003648] [2019-09-06 20:57:16,656] - EntityApp::checkTickPeriod: tick took 6250% (6.25 seconds)!
  INFO root [0x00003648] [2019-09-06 20:57:17,672] - Components::findComponents: find logger(1)...
  INFO root [0x00003648] [2019-09-06 20:57:17,719] - Components::findComponents: found logger, addr:192.168.56.1:52663
  INFO root [0x00003648] [2019-09-06 20:57:17,719] - Components::addComponent: reset orderLog, uid=2082!
  INFO root [0x00003648] [2019-09-06 20:57:17,719] - Components::addComponent[logger], uid=2082, componentID=2000, globalorderid=1, grouporderid=1, totalcount=1
  INFO root [0x00003648] [2019-09-06 20:57:17,719] - Components::findComponents: find dbmgr(2)...
  INFO root [0x00003648] [2019-09-06 20:57:17,828] - Components::findComponents: found dbmgr, addr:192.168.56.1:52661
  INFO root [0x00003648] [2019-09-06 20:57:17,828] - Components::addComponent: reset orderLog, uid=2082!
  INFO root [0x00003648] [2019-09-06 20:57:17,828] - Components::addComponent[dbmgr], uid=2082, componentID=4000, globalorderid=1, grouporderid=1, totalcount=1
  INFO root [0x00003648] [2019-09-06 20:57:17,828] - Components::findComponents: found dbmgr, addr:192.168.56.1:52661
  WARN root [0x00003648] [2019-09-06 20:57:18,843] - Forwarding logs to logger[192.168.56.1:52663/0/0/0]...
 ERROR root [0x00003648] [2019-09-06 20:57:27,044] - Components::removeComponentByChannel: logger : 2000, Abnormal exit(reason=TCPPacketReceiver::processRecv(): error=10054
)! Channel(timestamp=848589428712, lastReceivedTime=848568424900, inactivityExceptionPeriod=134887628)
  INFO root [0x00003648] [2019-09-06 20:57:27,060] - The following logs sent to logger failed:
  WARN root [0x00003648] [2019-09-06 20:57:27,060] - ==> [2019-09-06 20:57:27 056] TCPPacketReceiver::processPendingEvents(192.168.56.1:52663): Throwing REASON_GENERAL_NETWORK - WSAECONNRESET
 ERROR root [0x00003648] [2019-09-06 20:57:27,060] - ==> [2019-09-06 20:57:27 058] Components::removeComponentByChannel: logger : 2000, Abnormal exit(reason=TCPPacketReceiver::processRecv(): error=10054
)! Channel(timestamp=848589428712, lastReceivedTime=848568424900, inactivityExceptionPeriod=134887628)
  INFO root [0x00003648] [2019-09-06 20:57:27,123] - EntityApp::onDbmgrInitCompleted: entityID alloc(1-2001), startGlobalOrder=4, startGroupOrder=1, digest=B91EBE6B591F8BEB2E04FAF8BE8B7B2F.
  INFO root [0x00003648] [2019-09-06 20:57:27,123] - IDClient::onAddRange: number of ids increased from 1 to 2001.
