  INFO root [0x000033c8] [2019-07-17 09:13:15,593] - 
  INFO root [0x000033c8] [2019-07-17 09:13:15,594] - -----------------------------------------------------------------------------------------


  INFO root [0x000033c8] [2019-07-17 09:13:15,595] - Resmgr::initialize: KBE_ROOT=D:/kbengine/
  INFO root [0x000033c8] [2019-07-17 09:13:15,595] - Resmgr::initialize: KBE_RES_PATH=D:/kbengine/kbe/res/;D:/kbengine/HappyPoker_assets/;D:/kbengine/HappyPoker_assets/scripts/;D:/kbengine/HappyPoker_assets/res/
  INFO root [0x000033c8] [2019-07-17 09:13:15,595] - Resmgr::initialize: KBE_BIN_PATH=D:/kbengine/kbe/bin/server/
  INFO root [0x000033c8] [2019-07-17 09:13:15,613] - NetworkInterface::initialize(INTERNAL-TCP): bound to all interfaces with default route interface on 192.168.56.1 ( 192.168.56.1:50246 )
  INFO root [0x000033c8] [2019-07-17 09:13:15,613] - NetworkInterface::initialize(INTERNAL-TCP): address 192.168.56.1:50246, SOMAXCONN=5.
  INFO root [0x000033c8] [2019-07-17 09:13:15,614] - server-configs:
  INFO root [0x000033c8] [2019-07-17 09:13:15,614] - 	gameUpdateHertz : 10
  INFO root [0x000033c8] [2019-07-17 09:13:15,614] - 	defaultViewRadius : 80
  INFO root [0x000033c8] [2019-07-17 09:13:15,614] - 	defaultViewHysteresisArea : 5
  INFO root [0x000033c8] [2019-07-17 09:13:15,614] - 	entryScriptFile : kbemain
  INFO root [0x000033c8] [2019-07-17 09:13:15,614] - 	internalTcpAddr : 192.168.56.1:50246
  INFO root [0x000033c8] [2019-07-17 09:13:15,614] - 	componentID : 8001
  WARN root [0x000033c8] [2019-07-17 09:13:15,615] - invalid UID(0) <= 0, please check UID for environment! automatically set to 2082.
  INFO root [0x000033c8] [2019-07-17 09:13:17,120] - ---- cellapp Version: 2.4.5. ScriptVersion: 0.1.0. Pythoncore: 3.7.3. Protocol: C9FCABE153AC3D64A8F240810ADA666D. Config: Debug X86. Built: 09:56:57 May  8 2019. AppID: 8001. UID: 2082. PID: 17212 ----
  INFO root [0x000033c8] [2019-07-17 09:13:17,121] - Server error_name: Intel(R) Core(TM) i5-6300HQ CPU @ 2.30GHz with 2097151kB RAM
  INFO root [0x000033c8] [2019-07-17 09:13:17,121] - ThreadPool::createThreadPool: creating  threadpool...
  INFO root [0x000033c8] [2019-07-17 09:13:17,122] - ThreadPool::createThreadPool: successfully(2), newThreadCount=1, normalMaxThreadCount=2, maxThreadCount=8
  INFO root [0x000033c8] [2019-07-17 09:13:17,330] - Script::install(): is successfully, Python=(3.7.3 (default, May  8 2019, 09:53:38) [MSC v.1916 32 bit (Intel)])!
  INFO root [0x000033c8] [2019-07-17 09:13:17,330] - Script::install(): KBExtra is successfully!
  WARN root [0x000033c8] [2019-07-17 09:13:17,482] - EntityDef::checkDefMethod: exposed of method: Account.leaveRoom, check the caller can use "def leaveRoom(self, callerID, ...)", such as: if callerID == self.id!
  WARN root [0x000033c8] [2019-07-17 09:13:17,483] - EntityDef::checkDefMethod: exposed of method: Account.playerMakeLandlord, check the caller can use "def playerMakeLandlord(self, callerID, ...)", such as: if callerID == self.id!
  WARN root [0x000033c8] [2019-07-17 09:13:17,483] - EntityDef::checkDefMethod: exposed of method: Account.setGameReady, check the caller can use "def setGameReady(self, callerID, ...)", such as: if callerID == self.id!
  WARN root [0x000033c8] [2019-07-17 09:13:17,483] - EntityDef::checkDefMethod: exposed of method: Account.stayRoom, check the caller can use "def stayRoom(self, callerID, ...)", such as: if callerID == self.id!
 DEBUG root [0x000033c8] [2019-07-17 09:13:17,483] - loaded entity-script:Account(1).
  WARN root [0x000033c8] [2019-07-17 09:13:17,486] - EntityDef::checkDefMethod: exposed of method: Room.playPoker, check the caller can use "def playPoker(self, callerID, ...)", such as: if callerID == self.id!
  WARN root [0x000033c8] [2019-07-17 09:13:17,486] - EntityDef::checkDefMethod: exposed of method: Room.unPlayPoker, check the caller can use "def unPlayPoker(self, callerID, ...)", such as: if callerID == self.id!
 DEBUG root [0x000033c8] [2019-07-17 09:13:17,488] - loaded entity-script:Room(3).
  INFO root [0x000033c8] [2019-07-17 09:13:17,490] - TelnetServer server is running on port 50000
  INFO root [0x000033c8] [2019-07-17 09:13:18,028] - ---- cellapp is running ----
 DEBUG root [0x000033c8] [2019-07-17 09:13:18,032] - Components::process(): Request for the process of identity...
  WARN root [0x000033c8] [2019-07-17 09:13:24,228] - EntityApp::checkTickPeriod: tick took 6200% (6.20 seconds)!
  WARN root [0x000033c8] [2019-07-17 09:13:24,235] - TCPPacketReceiver::processPendingEvents(192.168.56.1:50266): Throwing REASON_GENERAL_NETWORK - WSAECONNABORTED
  INFO root [0x000033c8] [2019-07-17 09:13:25,296] - Components::findComponents: find logger(1)...
  INFO root [0x000033c8] [2019-07-17 09:13:25,368] - Components::findComponents: found logger, addr:192.168.56.1:50249
  INFO root [0x000033c8] [2019-07-17 09:13:25,368] - Components::addComponent: reset orderLog, uid=2082!
  INFO root [0x000033c8] [2019-07-17 09:13:25,369] - Components::addComponent[logger], uid=2082, componentID=2000, globalorderid=1, grouporderid=1, totalcount=1
  INFO root [0x000033c8] [2019-07-17 09:13:25,370] - Components::findComponents: find dbmgr(2)...
  INFO root [0x000033c8] [2019-07-17 09:13:25,375] - Components::findComponents: found logger, addr:192.168.56.1:50249
  INFO root [0x000033c8] [2019-07-17 09:13:25,377] - Components::findComponents: found dbmgr, addr:192.168.56.1:50252
  INFO root [0x000033c8] [2019-07-17 09:13:25,378] - Components::addComponent: reset orderLog, uid=2082!
  INFO root [0x000033c8] [2019-07-17 09:13:25,378] - Components::addComponent[dbmgr], uid=2082, componentID=4000, globalorderid=1, grouporderid=1, totalcount=1
  INFO root [0x000033c8] [2019-07-17 09:13:25,480] - Components::findComponents: found dbmgr, addr:192.168.56.1:50252
  WARN root [0x000033c8] [2019-07-17 09:13:26,481] - Forwarding logs to logger[192.168.56.1:50249/0/0/0]...
 ERROR root [0x000033c8] [2019-07-17 09:24:41,623] - Components::removeComponentByChannel: logger : 2000, Abnormal exit(reason=TCPPacketReceiver::processRecv(): error=10054
)! Channel(timestamp=547754876277, lastReceivedTime=547697102782, inactivityExceptionPeriod=134887021)
  INFO root [0x000033c8] [2019-07-17 09:24:41,628] - The following logs sent to logger failed:
  WARN root [0x000033c8] [2019-07-17 09:24:41,629] - ==> [2019-07-17 09:24:41 623] TCPPacketReceiver::processPendingEvents(192.168.56.1:50249): Throwing REASON_GENERAL_NETWORK - WSAECONNRESET
 ERROR root [0x000033c8] [2019-07-17 09:24:41,629] - ==> [2019-07-17 09:24:41 624] Components::removeComponentByChannel: logger : 2000, Abnormal exit(reason=TCPPacketReceiver::processRecv(): error=10054
)! Channel(timestamp=547754876277, lastReceivedTime=547697102782, inactivityExceptionPeriod=134887021)
  WARN root [0x000033c8] [2019-07-17 09:24:41,728] - TCPPacketReceiver::processPendingEvents(192.168.56.1:50252): Throwing REASON_GENERAL_NETWORK - WSAECONNRESET
 ERROR root [0x000033c8] [2019-07-17 09:24:41,732] - Components::removeComponentByChannel: dbmgr : 4000, Abnormal exit(reason=TCPPacketReceiver::processRecv(): error=10054
)! Channel(timestamp=547755121445, lastReceivedTime=547697431197, inactivityExceptionPeriod=134887021)
  INFO root [0x000033c8] [2019-07-17 09:24:41,736] - Shutdowner::onShutdownBegin: shutting down(period=0, tickPeriod=1)
  INFO root [0x000033c8] [2019-07-17 09:24:41,740] - Shutdowner::onShutdown: shutting down
  INFO root [0x000033c8] [2019-07-17 09:24:41,741] - Spaces::destroySpace: 1.
  INFO root [0x000033c8] [2019-07-17 09:24:41,741] - Shutdowner::onShutdownEnd: shutting down
 DEBUG root [0x000033c8] [2019-07-17 09:24:41,742] - EntityRef::destroyObjPool(): size 16.
 DEBUG root [0x000033c8] [2019-07-17 09:24:41,742] - Witness::destroyObjPool(): size 16.
 ERROR root [0x000033c8] [2019-07-17 09:24:41,753] - EntityGarbages::~EntityGarbages(): leaked, size=1.
 ERROR root [0x000033c8] [2019-07-17 09:24:41,754] - 	--> leaked: Room(2006).
 ERROR root [0x000033c8] [2019-07-17 09:24:41,755] - PyGC::debugTracing(): EntityCall : leaked(1)
 ERROR root [0x000033c8] [2019-07-17 09:24:41,756] - PyGC::debugTracing(): Vector3 : leaked(2)
 ERROR root [0x000033c8] [2019-07-17 09:24:41,756] - PyGC::debugTracing(): Entity : leaked(1)
 DEBUG root [0x000033c8] [2019-07-17 09:24:41,761] - Room::~Room(): 2006
  INFO root [0x000033c8] [2019-07-17 09:24:41,772] - Script::uninstall(): is successfully!
 DEBUG root [0x000033c8] [2019-07-17 09:24:41,772] - ThreadPool::destroy(): starting size 2.
  WARN root [0x000033c8] [2019-07-17 09:24:42,074] - ThreadPool::destroy(): waiting for thread(2)[0x18ed4c8,0x18eda78,], try=1
  INFO root [0x000004e8] [2019-07-17 09:24:43,527] - 
  INFO root [0x000004e8] [2019-07-17 09:24:43,528] - -----------------------------------------------------------------------------------------


  INFO root [0x000004e8] [2019-07-17 09:24:43,530] - Resmgr::initialize: KBE_ROOT=D:/kbengine/
  INFO root [0x000004e8] [2019-07-17 09:24:43,530] - Resmgr::initialize: KBE_RES_PATH=D:/kbengine/kbe/res/;D:/kbengine/HappyPoker_assets/;D:/kbengine/HappyPoker_assets/scripts/;D:/kbengine/HappyPoker_assets/res/
  INFO root [0x000004e8] [2019-07-17 09:24:43,531] - Resmgr::initialize: KBE_BIN_PATH=D:/kbengine/kbe/bin/server/
  INFO root [0x000004e8] [2019-07-17 09:24:43,556] - NetworkInterface::initialize(INTERNAL-TCP): bound to all interfaces with default route interface on 192.168.56.1 ( 192.168.56.1:50736 )
  INFO root [0x000004e8] [2019-07-17 09:24:43,557] - NetworkInterface::initialize(INTERNAL-TCP): address 192.168.56.1:50736, SOMAXCONN=5.
  INFO root [0x000004e8] [2019-07-17 09:24:43,557] - server-configs:
  INFO root [0x000004e8] [2019-07-17 09:24:43,557] - 	gameUpdateHertz : 10
  INFO root [0x000004e8] [2019-07-17 09:24:43,557] - 	defaultViewRadius : 80
  INFO root [0x000004e8] [2019-07-17 09:24:43,557] - 	defaultViewHysteresisArea : 5
  INFO root [0x000004e8] [2019-07-17 09:24:43,557] - 	entryScriptFile : kbemain
  INFO root [0x000004e8] [2019-07-17 09:24:43,557] - 	internalTcpAddr : 192.168.56.1:50736
  INFO root [0x000004e8] [2019-07-17 09:24:43,557] - 	componentID : 8001
  WARN root [0x000004e8] [2019-07-17 09:24:43,558] - invalid UID(0) <= 0, please check UID for environment! automatically set to 2082.
  INFO root [0x000004e8] [2019-07-17 09:24:45,064] - ---- cellapp Version: 2.4.5. ScriptVersion: 0.1.0. Pythoncore: 3.7.3. Protocol: C9FCABE153AC3D64A8F240810ADA666D. Config: Debug X86. Built: 09:56:57 May  8 2019. AppID: 8001. UID: 2082. PID: 16744 ----
  INFO root [0x000004e8] [2019-07-17 09:24:45,064] - Server error_name: Intel(R) Core(TM) i5-6300HQ CPU @ 2.30GHz with 2097151kB RAM
  INFO root [0x000004e8] [2019-07-17 09:24:45,065] - ThreadPool::createThreadPool: creating  threadpool...
  INFO root [0x000004e8] [2019-07-17 09:24:45,065] - ThreadPool::createThreadPool: successfully(2), newThreadCount=1, normalMaxThreadCount=2, maxThreadCount=8
  INFO root [0x000004e8] [2019-07-17 09:24:45,270] - Script::install(): is successfully, Python=(3.7.3 (default, May  8 2019, 09:53:38) [MSC v.1916 32 bit (Intel)])!
  INFO root [0x000004e8] [2019-07-17 09:24:45,271] - Script::install(): KBExtra is successfully!
  WARN root [0x000004e8] [2019-07-17 09:24:45,407] - EntityDef::checkDefMethod: exposed of method: Account.leaveRoom, check the caller can use "def leaveRoom(self, callerID, ...)", such as: if callerID == self.id!
  WARN root [0x000004e8] [2019-07-17 09:24:45,408] - EntityDef::checkDefMethod: exposed of method: Account.playerMakeLandlord, check the caller can use "def playerMakeLandlord(self, callerID, ...)", such as: if callerID == self.id!
  WARN root [0x000004e8] [2019-07-17 09:24:45,408] - EntityDef::checkDefMethod: exposed of method: Account.setGameReady, check the caller can use "def setGameReady(self, callerID, ...)", such as: if callerID == self.id!
  WARN root [0x000004e8] [2019-07-17 09:24:45,409] - EntityDef::checkDefMethod: exposed of method: Account.stayRoom, check the caller can use "def stayRoom(self, callerID, ...)", such as: if callerID == self.id!
 DEBUG root [0x000004e8] [2019-07-17 09:24:45,409] - loaded entity-script:Account(1).
  WARN root [0x000004e8] [2019-07-17 09:24:45,411] - EntityDef::checkDefMethod: exposed of method: Room.playPoker, check the caller can use "def playPoker(self, callerID, ...)", such as: if callerID == self.id!
  WARN root [0x000004e8] [2019-07-17 09:24:45,411] - EntityDef::checkDefMethod: exposed of method: Room.unPlayPoker, check the caller can use "def unPlayPoker(self, callerID, ...)", such as: if callerID == self.id!
 DEBUG root [0x000004e8] [2019-07-17 09:24:45,412] - loaded entity-script:Room(3).
  INFO root [0x000004e8] [2019-07-17 09:24:45,415] - TelnetServer server is running on port 50000
  INFO root [0x000004e8] [2019-07-17 09:24:45,874] - ---- cellapp is running ----
 DEBUG root [0x000004e8] [2019-07-17 09:24:45,921] - Components::process(): Request for the process of identity...
  WARN root [0x000004e8] [2019-07-17 09:24:52,087] - EntityApp::checkTickPeriod: tick took 6210% (6.21 seconds)!
  INFO root [0x000004e8] [2019-07-17 09:24:53,178] - Components::findComponents: find logger(1)...
  INFO root [0x000004e8] [2019-07-17 09:24:53,265] - Components::findComponents: found logger, addr:192.168.56.1:50734
  INFO root [0x000004e8] [2019-07-17 09:24:53,265] - Components::addComponent: reset orderLog, uid=2082!
  INFO root [0x000004e8] [2019-07-17 09:24:53,265] - Components::addComponent[logger], uid=2082, componentID=2000, globalorderid=1, grouporderid=1, totalcount=1
  INFO root [0x000004e8] [2019-07-17 09:24:53,267] - Components::findComponents: find dbmgr(2)...
  INFO root [0x000004e8] [2019-07-17 09:24:53,371] - Components::findComponents: found dbmgr, addr:192.168.56.1:50730
  INFO root [0x000004e8] [2019-07-17 09:24:53,371] - Components::addComponent: reset orderLog, uid=2082!
  INFO root [0x000004e8] [2019-07-17 09:24:53,372] - Components::addComponent[dbmgr], uid=2082, componentID=4000, globalorderid=1, grouporderid=1, totalcount=1
  INFO root [0x000004e8] [2019-07-17 09:24:53,372] - Components::findComponents: found dbmgr, addr:192.168.56.1:50730
  WARN root [0x000004e8] [2019-07-17 09:24:54,373] - EntityApp::checkTickPeriod: tick took 1295% (1.29 seconds)!
  WARN root [0x000004e8] [2019-07-17 09:24:54,374] - Forwarding logs to logger[192.168.56.1:50734/0/0/0]...
 ERROR root [0x000004e8] [2019-07-17 09:32:09,025] - Components::removeComponentByChannel: logger : 2000, Abnormal exit(reason=TCPPacketReceiver::processRecv(): error=10054
)! Channel(timestamp=548761113318, lastReceivedTime=548704124090, inactivityExceptionPeriod=134887437)
  INFO root [0x000004e8] [2019-07-17 09:32:09,031] - The following logs sent to logger failed:
  WARN root [0x000004e8] [2019-07-17 09:32:09,032] - ==> [2019-07-17 09:32:09 023] TCPPacketReceiver::processPendingEvents(192.168.56.1:50734): Throwing REASON_GENERAL_NETWORK - WSAECONNRESET
 ERROR root [0x000004e8] [2019-07-17 09:32:09,032] - ==> [2019-07-17 09:32:09 027] Components::removeComponentByChannel: logger : 2000, Abnormal exit(reason=TCPPacketReceiver::processRecv(): error=10054
)! Channel(timestamp=548761113318, lastReceivedTime=548704124090, inactivityExceptionPeriod=134887437)
  WARN root [0x000004e8] [2019-07-17 09:32:09,149] - TCPPacketReceiver::processPendingEvents(192.168.56.1:50730): Throwing REASON_GENERAL_NETWORK - WSAECONNRESET
 ERROR root [0x000004e8] [2019-07-17 09:32:09,157] - Components::removeComponentByChannel: dbmgr : 4000, Abnormal exit(reason=TCPPacketReceiver::processRecv(): error=10054
)! Channel(timestamp=548761409096, lastReceivedTime=548703934573, inactivityExceptionPeriod=134887437)
  INFO root [0x000004e8] [2019-07-17 09:32:09,170] - Shutdowner::onShutdownBegin: shutting down(period=0, tickPeriod=1)
  INFO root [0x000004e8] [2019-07-17 09:32:09,174] - Shutdowner::onShutdown: shutting down
  INFO root [0x000004e8] [2019-07-17 09:32:09,177] - Spaces::destroySpace: 1.
  INFO root [0x000004e8] [2019-07-17 09:32:09,178] - Shutdowner::onShutdownEnd: shutting down
 DEBUG root [0x000004e8] [2019-07-17 09:32:09,178] - Account::~Account(): 2004
 DEBUG root [0x000004e8] [2019-07-17 09:32:09,179] - Account::~Account(): 2005
 DEBUG root [0x000004e8] [2019-07-17 09:32:09,179] - Account::~Account(): 2006
 DEBUG root [0x000004e8] [2019-07-17 09:32:09,179] - EntityRef::destroyObjPool(): size 16.
 DEBUG root [0x000004e8] [2019-07-17 09:32:09,180] - Witness::destroyObjPool(): size 16.
 ERROR root [0x000004e8] [2019-07-17 09:32:09,194] - EntityGarbages::~EntityGarbages(): leaked, size=1.
 ERROR root [0x000004e8] [2019-07-17 09:32:09,197] - 	--> leaked: Room(2007).
 ERROR root [0x000004e8] [2019-07-17 09:32:09,198] - PyGC::debugTracing(): EntityCall : leaked(4)
 ERROR root [0x000004e8] [2019-07-17 09:32:09,200] - PyGC::debugTracing(): Vector3 : leaked(2)
 ERROR root [0x000004e8] [2019-07-17 09:32:09,202] - PyGC::debugTracing(): Entity : leaked(1)
 DEBUG root [0x000004e8] [2019-07-17 09:32:09,210] - Room::~Room(): 2007
  INFO root [0x000004e8] [2019-07-17 09:32:09,223] - Script::uninstall(): is successfully!
 DEBUG root [0x000004e8] [2019-07-17 09:32:09,224] - ThreadPool::destroy(): starting size 2.
  WARN root [0x000004e8] [2019-07-17 09:32:09,525] - ThreadPool::destroy(): waiting for thread(2)[0x189c4f0,0x189c218,], try=1
  INFO root [0x000044b8] [2019-07-17 09:39:18,639] - 
  INFO root [0x000044b8] [2019-07-17 09:39:18,640] - -----------------------------------------------------------------------------------------


  INFO root [0x000044b8] [2019-07-17 09:39:18,641] - Resmgr::initialize: KBE_ROOT=D:/kbengine/
  INFO root [0x000044b8] [2019-07-17 09:39:18,642] - Resmgr::initialize: KBE_RES_PATH=D:/kbengine/kbe/res/;D:/kbengine/HappyPoker_assets/;D:/kbengine/HappyPoker_assets/scripts/;D:/kbengine/HappyPoker_assets/res/
  INFO root [0x000044b8] [2019-07-17 09:39:18,642] - Resmgr::initialize: KBE_BIN_PATH=D:/kbengine/kbe/bin/server/
  INFO root [0x000044b8] [2019-07-17 09:39:18,703] - NetworkInterface::initialize(INTERNAL-TCP): bound to all interfaces with default route interface on 192.168.56.1 ( 192.168.56.1:50995 )
  INFO root [0x000044b8] [2019-07-17 09:39:18,704] - NetworkInterface::initialize(INTERNAL-TCP): address 192.168.56.1:50995, SOMAXCONN=5.
  INFO root [0x000044b8] [2019-07-17 09:39:18,704] - server-configs:
  INFO root [0x000044b8] [2019-07-17 09:39:18,704] - 	gameUpdateHertz : 10
  INFO root [0x000044b8] [2019-07-17 09:39:18,704] - 	defaultViewRadius : 80
  INFO root [0x000044b8] [2019-07-17 09:39:18,704] - 	defaultViewHysteresisArea : 5
  INFO root [0x000044b8] [2019-07-17 09:39:18,704] - 	entryScriptFile : kbemain
  INFO root [0x000044b8] [2019-07-17 09:39:18,705] - 	internalTcpAddr : 192.168.56.1:50995
  INFO root [0x000044b8] [2019-07-17 09:39:18,705] - 	componentID : 8001
  WARN root [0x000044b8] [2019-07-17 09:39:18,705] - invalid UID(0) <= 0, please check UID for environment! automatically set to 2082.
  INFO root [0x000044b8] [2019-07-17 09:39:20,211] - ---- cellapp Version: 2.4.5. ScriptVersion: 0.1.0. Pythoncore: 3.7.3. Protocol: C9FCABE153AC3D64A8F240810ADA666D. Config: Debug X86. Built: 09:56:57 May  8 2019. AppID: 8001. UID: 2082. PID: 15740 ----
  INFO root [0x000044b8] [2019-07-17 09:39:20,212] - Server error_name: Intel(R) Core(TM) i5-6300HQ CPU @ 2.30GHz with 2097151kB RAM
  INFO root [0x000044b8] [2019-07-17 09:39:20,212] - ThreadPool::createThreadPool: creating  threadpool...
  INFO root [0x000044b8] [2019-07-17 09:39:20,213] - ThreadPool::createThreadPool: successfully(2), newThreadCount=1, normalMaxThreadCount=2, maxThreadCount=8
  INFO root [0x000044b8] [2019-07-17 09:39:20,413] - Script::install(): is successfully, Python=(3.7.3 (default, May  8 2019, 09:53:38) [MSC v.1916 32 bit (Intel)])!
  INFO root [0x000044b8] [2019-07-17 09:39:20,413] - Script::install(): KBExtra is successfully!
  WARN root [0x000044b8] [2019-07-17 09:39:20,546] - EntityDef::checkDefMethod: exposed of method: Account.leaveRoom, check the caller can use "def leaveRoom(self, callerID, ...)", such as: if callerID == self.id!
  WARN root [0x000044b8] [2019-07-17 09:39:20,547] - EntityDef::checkDefMethod: exposed of method: Account.playerMakeLandlord, check the caller can use "def playerMakeLandlord(self, callerID, ...)", such as: if callerID == self.id!
  WARN root [0x000044b8] [2019-07-17 09:39:20,547] - EntityDef::checkDefMethod: exposed of method: Account.setGameReady, check the caller can use "def setGameReady(self, callerID, ...)", such as: if callerID == self.id!
  WARN root [0x000044b8] [2019-07-17 09:39:20,547] - EntityDef::checkDefMethod: exposed of method: Account.stayRoom, check the caller can use "def stayRoom(self, callerID, ...)", such as: if callerID == self.id!
 DEBUG root [0x000044b8] [2019-07-17 09:39:20,548] - loaded entity-script:Account(1).
  WARN root [0x000044b8] [2019-07-17 09:39:20,550] - EntityDef::checkDefMethod: exposed of method: Room.playPoker, check the caller can use "def playPoker(self, callerID, ...)", such as: if callerID == self.id!
  WARN root [0x000044b8] [2019-07-17 09:39:20,550] - EntityDef::checkDefMethod: exposed of method: Room.unPlayPoker, check the caller can use "def unPlayPoker(self, callerID, ...)", such as: if callerID == self.id!
 DEBUG root [0x000044b8] [2019-07-17 09:39:20,551] - loaded entity-script:Room(3).
  INFO root [0x000044b8] [2019-07-17 09:39:20,554] - TelnetServer server is running on port 50000
  INFO root [0x000044b8] [2019-07-17 09:39:20,986] - ---- cellapp is running ----
 DEBUG root [0x000044b8] [2019-07-17 09:39:20,987] - Components::process(): Request for the process of identity...
  WARN root [0x000044b8] [2019-07-17 09:39:27,154] - EntityApp::checkTickPeriod: tick took 6166% (6.17 seconds)!
  INFO root [0x000044b8] [2019-07-17 09:39:28,186] - Components::findComponents: find logger(1)...
  INFO root [0x000044b8] [2019-07-17 09:39:28,205] - Components::findComponents: found logger, addr:192.168.56.1:50994
  INFO root [0x000044b8] [2019-07-17 09:39:28,205] - Components::addComponent: reset orderLog, uid=2082!
  INFO root [0x000044b8] [2019-07-17 09:39:28,206] - Components::addComponent[logger], uid=2082, componentID=2000, globalorderid=1, grouporderid=1, totalcount=1
  INFO root [0x000044b8] [2019-07-17 09:39:28,207] - Components::findComponents: find dbmgr(2)...
  INFO root [0x000044b8] [2019-07-17 09:39:28,310] - Components::findComponents: found dbmgr, addr:192.168.56.1:50991
  INFO root [0x000044b8] [2019-07-17 09:39:28,310] - Components::addComponent: reset orderLog, uid=2082!
  INFO root [0x000044b8] [2019-07-17 09:39:28,310] - Components::addComponent[dbmgr], uid=2082, componentID=4000, globalorderid=1, grouporderid=1, totalcount=1
  INFO root [0x000044b8] [2019-07-17 09:39:28,310] - Components::findComponents: found dbmgr, addr:192.168.56.1:50991
  WARN root [0x000044b8] [2019-07-17 09:39:29,312] - Forwarding logs to logger[192.168.56.1:50994/0/0/0]...
 ERROR root [0x000044b8] [2019-07-17 09:50:41,500] - Components::removeComponentByChannel: logger : 2000, Abnormal exit(reason=TCPPacketReceiver::processRecv(): error=10054
)! Channel(timestamp=551263331350, lastReceivedTime=551212457829, inactivityExceptionPeriod=134887373)
  INFO root [0x000044b8] [2019-07-17 09:50:41,504] - The following logs sent to logger failed:
  WARN root [0x000044b8] [2019-07-17 09:50:41,505] - ==> [2019-07-17 09:50:41 497] TCPPacketReceiver::processPendingEvents(192.168.56.1:50994): Throwing REASON_GENERAL_NETWORK - WSAECONNRESET
 ERROR root [0x000044b8] [2019-07-17 09:50:41,505] - ==> [2019-07-17 09:50:41 501] Components::removeComponentByChannel: logger : 2000, Abnormal exit(reason=TCPPacketReceiver::processRecv(): error=10054
)! Channel(timestamp=551263331350, lastReceivedTime=551212457829, inactivityExceptionPeriod=134887373)
  WARN root [0x000044b8] [2019-07-17 09:50:41,630] - TCPPacketReceiver::processPendingEvents(192.168.56.1:50991): Throwing REASON_GENERAL_NETWORK - WSAECONNRESET
 ERROR root [0x000044b8] [2019-07-17 09:50:41,631] - Components::removeComponentByChannel: dbmgr : 4000, Abnormal exit(reason=TCPPacketReceiver::processRecv(): error=10054
)! Channel(timestamp=551263625951, lastReceivedTime=551212346662, inactivityExceptionPeriod=134887373)
  INFO root [0x000044b8] [2019-07-17 09:50:41,638] - Shutdowner::onShutdownBegin: shutting down(period=0, tickPeriod=1)
  INFO root [0x000044b8] [2019-07-17 09:50:41,653] - Shutdowner::onShutdown: shutting down
  INFO root [0x000044b8] [2019-07-17 09:50:41,653] - Shutdowner::onShutdownEnd: shutting down
 DEBUG root [0x000044b8] [2019-07-17 09:50:41,654] - EntityRef::destroyObjPool(): size 0.
 DEBUG root [0x000044b8] [2019-07-17 09:50:41,654] - Witness::destroyObjPool(): size 0.
  INFO root [0x000044b8] [2019-07-17 09:50:41,697] - Script::uninstall(): is successfully!
 DEBUG root [0x000044b8] [2019-07-17 09:50:41,697] - ThreadPool::destroy(): starting size 2.
  WARN root [0x000044b8] [2019-07-17 09:50:41,999] - ThreadPool::destroy(): waiting for thread(2)[0x1a93f98,0x1a94270,], try=1
  INFO root [0x00002ebc] [2019-07-17 10:05:56,018] - 
  INFO root [0x00002ebc] [2019-07-17 10:05:56,020] - -----------------------------------------------------------------------------------------


  INFO root [0x00002ebc] [2019-07-17 10:05:56,021] - Resmgr::initialize: KBE_ROOT=D:/kbengine/
  INFO root [0x00002ebc] [2019-07-17 10:05:56,021] - Resmgr::initialize: KBE_RES_PATH=D:/kbengine/kbe/res/;D:/kbengine/HappyPoker_assets/;D:/kbengine/HappyPoker_assets/scripts/;D:/kbengine/HappyPoker_assets/res/
  INFO root [0x00002ebc] [2019-07-17 10:05:56,021] - Resmgr::initialize: KBE_BIN_PATH=D:/kbengine/kbe/bin/server/
  INFO root [0x00002ebc] [2019-07-17 10:05:56,065] - NetworkInterface::initialize(INTERNAL-TCP): bound to all interfaces with default route interface on 192.168.56.1 ( 192.168.56.1:51273 )
  INFO root [0x00002ebc] [2019-07-17 10:05:56,066] - NetworkInterface::initialize(INTERNAL-TCP): address 192.168.56.1:51273, SOMAXCONN=5.
  INFO root [0x00002ebc] [2019-07-17 10:05:56,066] - server-configs:
  INFO root [0x00002ebc] [2019-07-17 10:05:56,066] - 	gameUpdateHertz : 10
  INFO root [0x00002ebc] [2019-07-17 10:05:56,066] - 	defaultViewRadius : 80
  INFO root [0x00002ebc] [2019-07-17 10:05:56,066] - 	defaultViewHysteresisArea : 5
  INFO root [0x00002ebc] [2019-07-17 10:05:56,066] - 	entryScriptFile : kbemain
  INFO root [0x00002ebc] [2019-07-17 10:05:56,066] - 	internalTcpAddr : 192.168.56.1:51273
  INFO root [0x00002ebc] [2019-07-17 10:05:56,066] - 	componentID : 8001
  WARN root [0x00002ebc] [2019-07-17 10:05:56,067] - invalid UID(0) <= 0, please check UID for environment! automatically set to 2082.
  WARN root [0x00002ebc] [2019-07-17 10:05:56,408] - BundleBroadcast::BundleBroadcast: Cannot bind to port 20463, errorno=10048
  INFO root [0x00002ebc] [2019-07-17 10:05:56,412] - ---- cellapp Version: 2.4.5. ScriptVersion: 0.1.0. Pythoncore: 3.7.3. Protocol: C9FCABE153AC3D64A8F240810ADA666D. Config: Debug X86. Built: 09:56:57 May  8 2019. AppID: 8001. UID: 2082. PID: 7804 ----
  INFO root [0x00002ebc] [2019-07-17 10:05:56,412] - Server error_name: Intel(R) Core(TM) i5-6300HQ CPU @ 2.30GHz with 2097151kB RAM
  INFO root [0x00002ebc] [2019-07-17 10:05:56,413] - ThreadPool::createThreadPool: creating  threadpool...
  INFO root [0x00002ebc] [2019-07-17 10:05:56,413] - ThreadPool::createThreadPool: successfully(2), newThreadCount=1, normalMaxThreadCount=2, maxThreadCount=8
  INFO root [0x00002ebc] [2019-07-17 10:05:56,615] - Script::install(): is successfully, Python=(3.7.3 (default, May  8 2019, 09:53:38) [MSC v.1916 32 bit (Intel)])!
  INFO root [0x00002ebc] [2019-07-17 10:05:56,615] - Script::install(): KBExtra is successfully!
  WARN root [0x00002ebc] [2019-07-17 10:05:56,756] - EntityDef::checkDefMethod: exposed of method: Account.leaveRoom, check the caller can use "def leaveRoom(self, callerID, ...)", such as: if callerID == self.id!
  WARN root [0x00002ebc] [2019-07-17 10:05:56,757] - EntityDef::checkDefMethod: exposed of method: Account.playerMakeLandlord, check the caller can use "def playerMakeLandlord(self, callerID, ...)", such as: if callerID == self.id!
  WARN root [0x00002ebc] [2019-07-17 10:05:56,757] - EntityDef::checkDefMethod: exposed of method: Account.setGameReady, check the caller can use "def setGameReady(self, callerID, ...)", such as: if callerID == self.id!
  WARN root [0x00002ebc] [2019-07-17 10:05:56,758] - EntityDef::checkDefMethod: exposed of method: Account.stayRoom, check the caller can use "def stayRoom(self, callerID, ...)", such as: if callerID == self.id!
 DEBUG root [0x00002ebc] [2019-07-17 10:05:56,758] - loaded entity-script:Account(1).
  WARN root [0x00002ebc] [2019-07-17 10:05:56,760] - EntityDef::checkDefMethod: exposed of method: Room.playPoker, check the caller can use "def playPoker(self, callerID, ...)", such as: if callerID == self.id!
  WARN root [0x00002ebc] [2019-07-17 10:05:56,761] - EntityDef::checkDefMethod: exposed of method: Room.unPlayPoker, check the caller can use "def unPlayPoker(self, callerID, ...)", such as: if callerID == self.id!
 DEBUG root [0x00002ebc] [2019-07-17 10:05:56,761] - loaded entity-script:Room(3).
  INFO root [0x00002ebc] [2019-07-17 10:05:56,764] - TelnetServer server is running on port 50000
  INFO root [0x00002ebc] [2019-07-17 10:05:57,189] - ---- cellapp is running ----
 DEBUG root [0x00002ebc] [2019-07-17 10:05:57,189] - Components::process(): Request for the process of identity...
  WARN root [0x00002ebc] [2019-07-17 10:06:03,310] - EntityApp::checkTickPeriod: tick took 6119% (6.12 seconds)!
  INFO root [0x00002ebc] [2019-07-17 10:06:04,347] - Components::findComponents: find logger(1)...
  INFO root [0x00002ebc] [2019-07-17 10:06:04,366] - Components::findComponents: found logger, addr:192.168.56.1:51268
  INFO root [0x00002ebc] [2019-07-17 10:06:04,366] - Components::addComponent: reset orderLog, uid=2082!
  INFO root [0x00002ebc] [2019-07-17 10:06:04,366] - Components::addComponent[logger], uid=2082, componentID=2000, globalorderid=1, grouporderid=1, totalcount=1
  INFO root [0x00002ebc] [2019-07-17 10:06:04,367] - Components::findComponents: find dbmgr(2)...
  INFO root [0x00002ebc] [2019-07-17 10:06:04,471] - Components::findComponents: found dbmgr, addr:192.168.56.1:51271
  INFO root [0x00002ebc] [2019-07-17 10:06:04,471] - Components::addComponent: reset orderLog, uid=2082!
  INFO root [0x00002ebc] [2019-07-17 10:06:04,472] - Components::addComponent[dbmgr], uid=2082, componentID=4000, globalorderid=1, grouporderid=1, totalcount=1
  INFO root [0x00002ebc] [2019-07-17 10:06:04,472] - Components::findComponents: found dbmgr, addr:192.168.56.1:51271
  WARN root [0x00002ebc] [2019-07-17 10:06:05,472] - Forwarding logs to logger[192.168.56.1:51268/0/0/0]...
 ERROR root [0x00002ebc] [2019-07-17 10:13:44,413] - Components::removeComponentByChannel: logger : 2000, Abnormal exit(reason=TCPPacketReceiver::processRecv(): error=10054
)! Channel(timestamp=554374165343, lastReceivedTime=554332936188, inactivityExceptionPeriod=134887373)
  INFO root [0x00002ebc] [2019-07-17 10:13:44,416] - The following logs sent to logger failed:
  WARN root [0x00002ebc] [2019-07-17 10:13:44,416] - ==> [2019-07-17 10:13:44 408] TCPPacketReceiver::processPendingEvents(192.168.56.1:51268): Throwing REASON_GENERAL_NETWORK - WSAECONNRESET
 ERROR root [0x00002ebc] [2019-07-17 10:13:44,416] - ==> [2019-07-17 10:13:44 414] Components::removeComponentByChannel: logger : 2000, Abnormal exit(reason=TCPPacketReceiver::processRecv(): error=10054
)! Channel(timestamp=554374165343, lastReceivedTime=554332936188, inactivityExceptionPeriod=134887373)
  WARN root [0x00002ebc] [2019-07-17 10:13:44,524] - TCPPacketReceiver::processPendingEvents(192.168.56.1:51271): Throwing REASON_GENERAL_NETWORK - WSAECONNRESET
 ERROR root [0x00002ebc] [2019-07-17 10:13:44,530] - Components::removeComponentByChannel: dbmgr : 4000, Abnormal exit(reason=TCPPacketReceiver::processRecv(): error=10054
)! Channel(timestamp=554374428207, lastReceivedTime=554333041079, inactivityExceptionPeriod=134887373)
  INFO root [0x00002ebc] [2019-07-17 10:13:44,539] - Shutdowner::onShutdownBegin: shutting down(period=0, tickPeriod=1)
  INFO root [0x00002ebc] [2019-07-17 10:13:44,544] - Shutdowner::onShutdown: shutting down
  INFO root [0x00002ebc] [2019-07-17 10:13:44,545] - Spaces::destroySpace: 1.
  INFO root [0x00002ebc] [2019-07-17 10:13:44,545] - Shutdowner::onShutdownEnd: shutting down
 DEBUG root [0x00002ebc] [2019-07-17 10:13:44,546] - EntityRef::destroyObjPool(): size 16.
 DEBUG root [0x00002ebc] [2019-07-17 10:13:44,547] - Witness::destroyObjPool(): size 16.
 ERROR root [0x00002ebc] [2019-07-17 10:13:44,561] - EntityGarbages::~EntityGarbages(): leaked, size=1.
 ERROR root [0x00002ebc] [2019-07-17 10:13:44,563] - 	--> leaked: Room(2007).
 ERROR root [0x00002ebc] [2019-07-17 10:13:44,566] - PyGC::debugTracing(): EntityCall : leaked(1)
 ERROR root [0x00002ebc] [2019-07-17 10:13:44,569] - PyGC::debugTracing(): Vector3 : leaked(2)
 ERROR root [0x00002ebc] [2019-07-17 10:13:44,570] - PyGC::debugTracing(): Entity : leaked(1)
 DEBUG root [0x00002ebc] [2019-07-17 10:13:44,582] - Room::~Room(): 2007
  INFO root [0x00002ebc] [2019-07-17 10:13:44,598] - Script::uninstall(): is successfully!
 DEBUG root [0x00002ebc] [2019-07-17 10:13:44,598] - ThreadPool::destroy(): starting size 2.
  WARN root [0x00002ebc] [2019-07-17 10:13:44,900] - ThreadPool::destroy(): waiting for thread(2)[0x1ad54f0,0x1ad5830,], try=1
  INFO root [0x000043d8] [2019-07-17 10:13:46,273] - 
  INFO root [0x000043d8] [2019-07-17 10:13:46,283] - -----------------------------------------------------------------------------------------


  INFO root [0x000043d8] [2019-07-17 10:13:46,284] - Resmgr::initialize: KBE_ROOT=D:/kbengine/
  INFO root [0x000043d8] [2019-07-17 10:13:46,284] - Resmgr::initialize: KBE_RES_PATH=D:/kbengine/kbe/res/;D:/kbengine/HappyPoker_assets/;D:/kbengine/HappyPoker_assets/scripts/;D:/kbengine/HappyPoker_assets/res/
  INFO root [0x000043d8] [2019-07-17 10:13:46,284] - Resmgr::initialize: KBE_BIN_PATH=D:/kbengine/kbe/bin/server/
  INFO root [0x000043d8] [2019-07-17 10:13:46,317] - NetworkInterface::initialize(INTERNAL-TCP): bound to all interfaces with default route interface on 192.168.56.1 ( 192.168.56.1:51404 )
  INFO root [0x000043d8] [2019-07-17 10:13:46,318] - NetworkInterface::initialize(INTERNAL-TCP): address 192.168.56.1:51404, SOMAXCONN=5.
  INFO root [0x000043d8] [2019-07-17 10:13:46,318] - server-configs:
  INFO root [0x000043d8] [2019-07-17 10:13:46,318] - 	gameUpdateHertz : 10
  INFO root [0x000043d8] [2019-07-17 10:13:46,318] - 	defaultViewRadius : 80
  INFO root [0x000043d8] [2019-07-17 10:13:46,318] - 	defaultViewHysteresisArea : 5
  INFO root [0x000043d8] [2019-07-17 10:13:46,318] - 	entryScriptFile : kbemain
  INFO root [0x000043d8] [2019-07-17 10:13:46,318] - 	internalTcpAddr : 192.168.56.1:51404
  INFO root [0x000043d8] [2019-07-17 10:13:46,319] - 	componentID : 8001
  WARN root [0x000043d8] [2019-07-17 10:13:46,322] - invalid UID(0) <= 0, please check UID for environment! automatically set to 2082.
  WARN root [0x000043d8] [2019-07-17 10:13:46,664] - BundleBroadcast::BundleBroadcast: Cannot bind to port 20699, errorno=10048
  INFO root [0x000043d8] [2019-07-17 10:13:46,668] - ---- cellapp Version: 2.4.5. ScriptVersion: 0.1.0. Pythoncore: 3.7.3. Protocol: C9FCABE153AC3D64A8F240810ADA666D. Config: Debug X86. Built: 09:56:57 May  8 2019. AppID: 8001. UID: 2082. PID: 13472 ----
  INFO root [0x000043d8] [2019-07-17 10:13:46,668] - Server error_name: Intel(R) Core(TM) i5-6300HQ CPU @ 2.30GHz with 2097151kB RAM
  INFO root [0x000043d8] [2019-07-17 10:13:46,668] - ThreadPool::createThreadPool: creating  threadpool...
  INFO root [0x000043d8] [2019-07-17 10:13:46,669] - ThreadPool::createThreadPool: successfully(2), newThreadCount=1, normalMaxThreadCount=2, maxThreadCount=8
  INFO root [0x000043d8] [2019-07-17 10:13:46,864] - Script::install(): is successfully, Python=(3.7.3 (default, May  8 2019, 09:53:38) [MSC v.1916 32 bit (Intel)])!
  INFO root [0x000043d8] [2019-07-17 10:13:46,864] - Script::install(): KBExtra is successfully!
  WARN root [0x000043d8] [2019-07-17 10:13:47,019] - EntityDef::checkDefMethod: exposed of method: Account.leaveRoom, check the caller can use "def leaveRoom(self, callerID, ...)", such as: if callerID == self.id!
  WARN root [0x000043d8] [2019-07-17 10:13:47,020] - EntityDef::checkDefMethod: exposed of method: Account.playerMakeLandlord, check the caller can use "def playerMakeLandlord(self, callerID, ...)", such as: if callerID == self.id!
  WARN root [0x000043d8] [2019-07-17 10:13:47,021] - EntityDef::checkDefMethod: exposed of method: Account.setGameReady, check the caller can use "def setGameReady(self, callerID, ...)", such as: if callerID == self.id!
  WARN root [0x000043d8] [2019-07-17 10:13:47,021] - EntityDef::checkDefMethod: exposed of method: Account.stayRoom, check the caller can use "def stayRoom(self, callerID, ...)", such as: if callerID == self.id!
 DEBUG root [0x000043d8] [2019-07-17 10:13:47,021] - loaded entity-script:Account(1).
  WARN root [0x000043d8] [2019-07-17 10:13:47,024] - EntityDef::checkDefMethod: exposed of method: Room.playPoker, check the caller can use "def playPoker(self, callerID, ...)", such as: if callerID == self.id!
  WARN root [0x000043d8] [2019-07-17 10:13:47,024] - EntityDef::checkDefMethod: exposed of method: Room.unPlayPoker, check the caller can use "def unPlayPoker(self, callerID, ...)", such as: if callerID == self.id!
 DEBUG root [0x000043d8] [2019-07-17 10:13:47,024] - loaded entity-script:Room(3).
  INFO root [0x000043d8] [2019-07-17 10:13:47,028] - TelnetServer server is running on port 50000
  INFO root [0x000043d8] [2019-07-17 10:13:47,444] - ---- cellapp is running ----
 DEBUG root [0x000043d8] [2019-07-17 10:13:47,444] - Components::process(): Request for the process of identity...
  WARN root [0x000043d8] [2019-07-17 10:13:53,559] - EntityApp::checkTickPeriod: tick took 6114% (6.11 seconds)!
  INFO root [0x000043d8] [2019-07-17 10:13:54,646] - Components::findComponents: find logger(1)...
  INFO root [0x000043d8] [2019-07-17 10:13:54,744] - Components::findComponents: found logger, addr:192.168.56.1:51408
  INFO root [0x000043d8] [2019-07-17 10:13:54,744] - Components::addComponent: reset orderLog, uid=2082!
  INFO root [0x000043d8] [2019-07-17 10:13:54,744] - Components::addComponent[logger], uid=2082, componentID=2000, globalorderid=1, grouporderid=1, totalcount=1
  INFO root [0x000043d8] [2019-07-17 10:13:54,746] - Components::findComponents: find dbmgr(2)...
  INFO root [0x000043d8] [2019-07-17 10:13:54,849] - Components::findComponents: found dbmgr, addr:192.168.56.1:51401
  INFO root [0x000043d8] [2019-07-17 10:13:54,850] - Components::addComponent: reset orderLog, uid=2082!
  INFO root [0x000043d8] [2019-07-17 10:13:54,850] - Components::addComponent[dbmgr], uid=2082, componentID=4000, globalorderid=1, grouporderid=1, totalcount=1
  INFO root [0x000043d8] [2019-07-17 10:13:54,850] - Components::findComponents: found dbmgr, addr:192.168.56.1:51401
  WARN root [0x000043d8] [2019-07-17 10:13:55,850] - EntityApp::checkTickPeriod: tick took 1303% (1.30 seconds)!
  WARN root [0x000043d8] [2019-07-17 10:13:55,850] - Forwarding logs to logger[192.168.56.1:51408/0/0/0]...
 ERROR root [0x000043d8] [2019-07-17 10:25:57,859] - Components::removeComponentByChannel: logger : 2000, Abnormal exit(reason=TCPPacketReceiver::processRecv(): error=10054
)! Channel(timestamp=556024065925, lastReceivedTime=555998488192, inactivityExceptionPeriod=134887564)
  INFO root [0x000043d8] [2019-07-17 10:25:57,869] - The following logs sent to logger failed:
  WARN root [0x000043d8] [2019-07-17 10:25:57,870] - ==> [2019-07-17 10:25:57 857] TCPPacketReceiver::processPendingEvents(192.168.56.1:51408): Throwing REASON_GENERAL_NETWORK - WSAECONNRESET
 ERROR root [0x000043d8] [2019-07-17 10:25:57,870] - ==> [2019-07-17 10:25:57 860] Components::removeComponentByChannel: logger : 2000, Abnormal exit(reason=TCPPacketReceiver::processRecv(): error=10054
)! Channel(timestamp=556024065925, lastReceivedTime=555998488192, inactivityExceptionPeriod=134887564)
  WARN root [0x000043d8] [2019-07-17 10:25:58,001] - TCPPacketReceiver::processPendingEvents(192.168.56.1:51401): Throwing REASON_GENERAL_NETWORK - WSAECONNRESET
 ERROR root [0x000043d8] [2019-07-17 10:25:58,011] - Components::removeComponentByChannel: dbmgr : 4000, Abnormal exit(reason=TCPPacketReceiver::processRecv(): error=10054
)! Channel(timestamp=556024408987, lastReceivedTime=555998291220, inactivityExceptionPeriod=134887564)
  INFO root [0x000043d8] [2019-07-17 10:25:58,027] - Shutdowner::onShutdownBegin: shutting down(period=0, tickPeriod=1)
  INFO root [0x000043d8] [2019-07-17 10:25:58,053] - Shutdowner::onShutdown: shutting down
  INFO root [0x000043d8] [2019-07-17 10:25:58,054] - Spaces::destroySpace: 1.
  INFO root [0x000043d8] [2019-07-17 10:25:58,055] - Shutdowner::onShutdownEnd: shutting down
 DEBUG root [0x000043d8] [2019-07-17 10:25:58,055] - EntityRef::destroyObjPool(): size 16.
 DEBUG root [0x000043d8] [2019-07-17 10:25:58,056] - Witness::destroyObjPool(): size 16.
 ERROR root [0x000043d8] [2019-07-17 10:25:58,076] - EntityGarbages::~EntityGarbages(): leaked, size=1.
 ERROR root [0x000043d8] [2019-07-17 10:25:58,077] - 	--> leaked: Room(2005).
 ERROR root [0x000043d8] [2019-07-17 10:25:58,088] - PyGC::debugTracing(): EntityCall : leaked(1)
 ERROR root [0x000043d8] [2019-07-17 10:25:58,093] - PyGC::debugTracing(): Vector3 : leaked(2)
 ERROR root [0x000043d8] [2019-07-17 10:25:58,094] - PyGC::debugTracing(): Entity : leaked(1)
 DEBUG root [0x000043d8] [2019-07-17 10:25:58,103] - Room::~Room(): 2005
  INFO root [0x000043d8] [2019-07-17 10:25:58,127] - Script::uninstall(): is successfully!
 DEBUG root [0x000043d8] [2019-07-17 10:25:58,128] - ThreadPool::destroy(): starting size 2.
  WARN root [0x000043d8] [2019-07-17 10:25:58,429] - ThreadPool::destroy(): waiting for thread(2)[0x1a040c8,0x1a04130,], try=1
  INFO root [0x000022a0] [2019-07-17 10:28:24,701] - 
  INFO root [0x000022a0] [2019-07-17 10:28:24,701] - -----------------------------------------------------------------------------------------


  INFO root [0x000022a0] [2019-07-17 10:28:24,702] - Resmgr::initialize: KBE_ROOT=D:/kbengine/
  INFO root [0x000022a0] [2019-07-17 10:28:24,702] - Resmgr::initialize: KBE_RES_PATH=D:/kbengine/kbe/res/;D:/kbengine/HappyPoker_assets/;D:/kbengine/HappyPoker_assets/scripts/;D:/kbengine/HappyPoker_assets/res/
  INFO root [0x000022a0] [2019-07-17 10:28:24,703] - Resmgr::initialize: KBE_BIN_PATH=D:/kbengine/kbe/bin/server/
  INFO root [0x000022a0] [2019-07-17 10:28:24,720] - NetworkInterface::initialize(INTERNAL-TCP): bound to all interfaces with default route interface on 192.168.56.1 ( 192.168.56.1:51599 )
  INFO root [0x000022a0] [2019-07-17 10:28:24,720] - NetworkInterface::initialize(INTERNAL-TCP): address 192.168.56.1:51599, SOMAXCONN=5.
  INFO root [0x000022a0] [2019-07-17 10:28:24,721] - server-configs:
  INFO root [0x000022a0] [2019-07-17 10:28:24,721] - 	gameUpdateHertz : 10
  INFO root [0x000022a0] [2019-07-17 10:28:24,721] - 	defaultViewRadius : 80
  INFO root [0x000022a0] [2019-07-17 10:28:24,721] - 	defaultViewHysteresisArea : 5
  INFO root [0x000022a0] [2019-07-17 10:28:24,721] - 	entryScriptFile : kbemain
  INFO root [0x000022a0] [2019-07-17 10:28:24,721] - 	internalTcpAddr : 192.168.56.1:51599
  INFO root [0x000022a0] [2019-07-17 10:28:24,721] - 	componentID : 8001
  WARN root [0x000022a0] [2019-07-17 10:28:24,722] - invalid UID(0) <= 0, please check UID for environment! automatically set to 2082.
  INFO root [0x000022a0] [2019-07-17 10:28:26,228] - ---- cellapp Version: 2.4.5. ScriptVersion: 0.1.0. Pythoncore: 3.7.3. Protocol: C9FCABE153AC3D64A8F240810ADA666D. Config: Debug X86. Built: 09:56:57 May  8 2019. AppID: 8001. UID: 2082. PID: 16800 ----
  INFO root [0x000022a0] [2019-07-17 10:28:26,236] - Server error_name: Intel(R) Core(TM) i5-6300HQ CPU @ 2.30GHz with 2097151kB RAM
  INFO root [0x000022a0] [2019-07-17 10:28:26,239] - ThreadPool::createThreadPool: creating  threadpool...
  INFO root [0x000022a0] [2019-07-17 10:28:26,240] - ThreadPool::createThreadPool: successfully(2), newThreadCount=1, normalMaxThreadCount=2, maxThreadCount=8
  INFO root [0x000022a0] [2019-07-17 10:28:26,467] - Script::install(): is successfully, Python=(3.7.3 (default, May  8 2019, 09:53:38) [MSC v.1916 32 bit (Intel)])!
  INFO root [0x000022a0] [2019-07-17 10:28:26,467] - Script::install(): KBExtra is successfully!
  WARN root [0x000022a0] [2019-07-17 10:28:26,739] - EntityDef::checkDefMethod: exposed of method: Account.leaveRoom, check the caller can use "def leaveRoom(self, callerID, ...)", such as: if callerID == self.id!
  WARN root [0x000022a0] [2019-07-17 10:28:26,740] - EntityDef::checkDefMethod: exposed of method: Account.playerMakeLandlord, check the caller can use "def playerMakeLandlord(self, callerID, ...)", such as: if callerID == self.id!
  WARN root [0x000022a0] [2019-07-17 10:28:26,740] - EntityDef::checkDefMethod: exposed of method: Account.setGameReady, check the caller can use "def setGameReady(self, callerID, ...)", such as: if callerID == self.id!
  WARN root [0x000022a0] [2019-07-17 10:28:26,741] - EntityDef::checkDefMethod: exposed of method: Account.stayRoom, check the caller can use "def stayRoom(self, callerID, ...)", such as: if callerID == self.id!
 DEBUG root [0x000022a0] [2019-07-17 10:28:26,741] - loaded entity-script:Account(1).
  WARN root [0x000022a0] [2019-07-17 10:28:26,743] - EntityDef::checkDefMethod: exposed of method: Room.playPoker, check the caller can use "def playPoker(self, callerID, ...)", such as: if callerID == self.id!
  WARN root [0x000022a0] [2019-07-17 10:28:26,744] - EntityDef::checkDefMethod: exposed of method: Room.unPlayPoker, check the caller can use "def unPlayPoker(self, callerID, ...)", such as: if callerID == self.id!
 DEBUG root [0x000022a0] [2019-07-17 10:28:26,744] - loaded entity-script:Room(3).
  INFO root [0x000022a0] [2019-07-17 10:28:26,747] - TelnetServer server is running on port 50000
  INFO root [0x000022a0] [2019-07-17 10:28:27,182] - ---- cellapp is running ----
 DEBUG root [0x000022a0] [2019-07-17 10:28:27,182] - Components::process(): Request for the process of identity...
  WARN root [0x000022a0] [2019-07-17 10:28:30,695] - BundleBroadcast::BundleBroadcast: Cannot bind to port 20378, errorno=10048
  WARN root [0x000022a0] [2019-07-17 10:28:33,737] - EntityApp::checkTickPeriod: tick took 6554% (6.55 seconds)!
  INFO root [0x000022a0] [2019-07-17 10:28:34,806] - Components::findComponents: find logger(1)...
  INFO root [0x000022a0] [2019-07-17 10:28:34,873] - Components::findComponents: found logger, addr:192.168.56.1:51595
  INFO root [0x000022a0] [2019-07-17 10:28:34,873] - Components::addComponent: reset orderLog, uid=2082!
  INFO root [0x000022a0] [2019-07-17 10:28:34,873] - Components::addComponent[logger], uid=2082, componentID=2000, globalorderid=1, grouporderid=1, totalcount=1
  INFO root [0x000022a0] [2019-07-17 10:28:34,875] - Components::findComponents: find dbmgr(2)...
  INFO root [0x000022a0] [2019-07-17 10:28:34,978] - Components::findComponents: found dbmgr, addr:192.168.56.1:51596
  INFO root [0x000022a0] [2019-07-17 10:28:34,979] - Components::addComponent: reset orderLog, uid=2082!
  INFO root [0x000022a0] [2019-07-17 10:28:34,979] - Components::addComponent[dbmgr], uid=2082, componentID=4000, globalorderid=1, grouporderid=1, totalcount=1
  INFO root [0x000022a0] [2019-07-17 10:28:34,979] - Components::findComponents: found dbmgr, addr:192.168.56.1:51596
  WARN root [0x000022a0] [2019-07-17 10:28:35,980] - Forwarding logs to logger[192.168.56.1:51595/0/0/0]...
 ERROR root [0x000022a0] [2019-07-17 10:36:05,938] - Components::removeComponentByChannel: logger : 2000, Abnormal exit(reason=TCPPacketReceiver::processRecv(): error=10054
)! Channel(timestamp=557392054173, lastReceivedTime=557366743212, inactivityExceptionPeriod=134887373)
  INFO root [0x000022a0] [2019-07-17 10:36:05,943] - The following logs sent to logger failed:
  WARN root [0x000022a0] [2019-07-17 10:36:05,944] - ==> [2019-07-17 10:36:05 931] TCPPacketReceiver::processPendingEvents(192.168.56.1:51595): Throwing REASON_GENERAL_NETWORK - WSAECONNRESET
 ERROR root [0x000022a0] [2019-07-17 10:36:05,944] - ==> [2019-07-17 10:36:05 939] Components::removeComponentByChannel: logger : 2000, Abnormal exit(reason=TCPPacketReceiver::processRecv(): error=10054
)! Channel(timestamp=557392054173, lastReceivedTime=557366743212, inactivityExceptionPeriod=134887373)
  WARN root [0x000022a0] [2019-07-17 10:36:06,059] - TCPPacketReceiver::processPendingEvents(192.168.56.1:51596): Throwing REASON_GENERAL_NETWORK - WSAECONNRESET
 ERROR root [0x000022a0] [2019-07-17 10:36:06,071] - Components::removeComponentByChannel: dbmgr : 4000, Abnormal exit(reason=TCPPacketReceiver::processRecv(): error=10054
)! Channel(timestamp=557392354078, lastReceivedTime=557366792477, inactivityExceptionPeriod=134887373)
  INFO root [0x000022a0] [2019-07-17 10:36:06,086] - Shutdowner::onShutdownBegin: shutting down(period=0, tickPeriod=1)
  INFO root [0x000022a0] [2019-07-17 10:36:06,090] - Shutdowner::onShutdown: shutting down
  INFO root [0x000022a0] [2019-07-17 10:36:06,090] - Shutdowner::onShutdownEnd: shutting down
 DEBUG root [0x000022a0] [2019-07-17 10:36:06,090] - EntityRef::destroyObjPool(): size 0.
 DEBUG root [0x000022a0] [2019-07-17 10:36:06,090] - Witness::destroyObjPool(): size 0.
  INFO root [0x000022a0] [2019-07-17 10:36:06,121] - Script::uninstall(): is successfully!
 DEBUG root [0x000022a0] [2019-07-17 10:36:06,122] - ThreadPool::destroy(): starting size 2.
  WARN root [0x000022a0] [2019-07-17 10:36:06,423] - ThreadPool::destroy(): waiting for thread(2)[0x18dc4f8,0x18dccb0,], try=1
  INFO root [0x00003518] [2019-07-17 10:36:07,853] - 
  INFO root [0x00003518] [2019-07-17 10:36:07,853] - -----------------------------------------------------------------------------------------


  INFO root [0x00003518] [2019-07-17 10:36:07,855] - Resmgr::initialize: KBE_ROOT=D:/kbengine/
  INFO root [0x00003518] [2019-07-17 10:36:07,855] - Resmgr::initialize: KBE_RES_PATH=D:/kbengine/kbe/res/;D:/kbengine/HappyPoker_assets/;D:/kbengine/HappyPoker_assets/scripts/;D:/kbengine/HappyPoker_assets/res/
  INFO root [0x00003518] [2019-07-17 10:36:07,855] - Resmgr::initialize: KBE_BIN_PATH=D:/kbengine/kbe/bin/server/
  INFO root [0x00003518] [2019-07-17 10:36:07,874] - NetworkInterface::initialize(INTERNAL-TCP): bound to all interfaces with default route interface on 192.168.56.1 ( 192.168.56.1:51712 )
  INFO root [0x00003518] [2019-07-17 10:36:07,874] - NetworkInterface::initialize(INTERNAL-TCP): address 192.168.56.1:51712, SOMAXCONN=5.
  INFO root [0x00003518] [2019-07-17 10:36:07,874] - server-configs:
  INFO root [0x00003518] [2019-07-17 10:36:07,874] - 	gameUpdateHertz : 10
  INFO root [0x00003518] [2019-07-17 10:36:07,874] - 	defaultViewRadius : 80
  INFO root [0x00003518] [2019-07-17 10:36:07,875] - 	defaultViewHysteresisArea : 5
  INFO root [0x00003518] [2019-07-17 10:36:07,875] - 	entryScriptFile : kbemain
  INFO root [0x00003518] [2019-07-17 10:36:07,875] - 	internalTcpAddr : 192.168.56.1:51712
  INFO root [0x00003518] [2019-07-17 10:36:07,875] - 	componentID : 8001
  WARN root [0x00003518] [2019-07-17 10:36:07,875] - invalid UID(0) <= 0, please check UID for environment! automatically set to 2082.
  INFO root [0x00003518] [2019-07-17 10:36:09,381] - ---- cellapp Version: 2.4.5. ScriptVersion: 0.1.0. Pythoncore: 3.7.3. Protocol: C9FCABE153AC3D64A8F240810ADA666D. Config: Debug X86. Built: 09:56:57 May  8 2019. AppID: 8001. UID: 2082. PID: 17448 ----
  INFO root [0x00003518] [2019-07-17 10:36:09,382] - Server error_name: Intel(R) Core(TM) i5-6300HQ CPU @ 2.30GHz with 2097151kB RAM
  INFO root [0x00003518] [2019-07-17 10:36:09,382] - ThreadPool::createThreadPool: creating  threadpool...
  INFO root [0x00003518] [2019-07-17 10:36:09,383] - ThreadPool::createThreadPool: successfully(2), newThreadCount=1, normalMaxThreadCount=2, maxThreadCount=8
  INFO root [0x00003518] [2019-07-17 10:36:09,585] - Script::install(): is successfully, Python=(3.7.3 (default, May  8 2019, 09:53:38) [MSC v.1916 32 bit (Intel)])!
  INFO root [0x00003518] [2019-07-17 10:36:09,585] - Script::install(): KBExtra is successfully!
  WARN root [0x00003518] [2019-07-17 10:36:09,720] - EntityDef::checkDefMethod: exposed of method: Account.leaveRoom, check the caller can use "def leaveRoom(self, callerID, ...)", such as: if callerID == self.id!
  WARN root [0x00003518] [2019-07-17 10:36:09,721] - EntityDef::checkDefMethod: exposed of method: Account.playerMakeLandlord, check the caller can use "def playerMakeLandlord(self, callerID, ...)", such as: if callerID == self.id!
  WARN root [0x00003518] [2019-07-17 10:36:09,721] - EntityDef::checkDefMethod: exposed of method: Account.setGameReady, check the caller can use "def setGameReady(self, callerID, ...)", such as: if callerID == self.id!
  WARN root [0x00003518] [2019-07-17 10:36:09,722] - EntityDef::checkDefMethod: exposed of method: Account.stayRoom, check the caller can use "def stayRoom(self, callerID, ...)", such as: if callerID == self.id!
 DEBUG root [0x00003518] [2019-07-17 10:36:09,722] - loaded entity-script:Account(1).
  WARN root [0x00003518] [2019-07-17 10:36:09,724] - EntityDef::checkDefMethod: exposed of method: Room.playPoker, check the caller can use "def playPoker(self, callerID, ...)", such as: if callerID == self.id!
  WARN root [0x00003518] [2019-07-17 10:36:09,724] - EntityDef::checkDefMethod: exposed of method: Room.unPlayPoker, check the caller can use "def unPlayPoker(self, callerID, ...)", such as: if callerID == self.id!
 DEBUG root [0x00003518] [2019-07-17 10:36:09,725] - loaded entity-script:Room(3).
  INFO root [0x00003518] [2019-07-17 10:36:09,728] - TelnetServer server is running on port 50000
  INFO root [0x00003518] [2019-07-17 10:36:10,171] - ---- cellapp is running ----
 DEBUG root [0x00003518] [2019-07-17 10:36:10,188] - Components::process(): Request for the process of identity...
  WARN root [0x00003518] [2019-07-17 10:36:16,342] - EntityApp::checkTickPeriod: tick took 6170% (6.17 seconds)!
  INFO root [0x00003518] [2019-07-17 10:36:17,373] - Components::findComponents: find logger(1)...
  INFO root [0x00003518] [2019-07-17 10:36:17,460] - Components::findComponents: found logger, addr:192.168.56.1:51710
  INFO root [0x00003518] [2019-07-17 10:36:17,460] - Components::addComponent: reset orderLog, uid=2082!
  INFO root [0x00003518] [2019-07-17 10:36:17,460] - Components::addComponent[logger], uid=2082, componentID=2000, globalorderid=1, grouporderid=1, totalcount=1
  INFO root [0x00003518] [2019-07-17 10:36:17,462] - Components::findComponents: find dbmgr(2)...
  INFO root [0x00003518] [2019-07-17 10:36:17,566] - Components::findComponents: found dbmgr, addr:192.168.56.1:51711
  INFO root [0x00003518] [2019-07-17 10:36:17,566] - Components::addComponent: reset orderLog, uid=2082!
  INFO root [0x00003518] [2019-07-17 10:36:17,566] - Components::addComponent[dbmgr], uid=2082, componentID=4000, globalorderid=1, grouporderid=1, totalcount=1
  INFO root [0x00003518] [2019-07-17 10:36:17,566] - Components::findComponents: found dbmgr, addr:192.168.56.1:51711
  WARN root [0x00003518] [2019-07-17 10:36:18,567] - EntityApp::checkTickPeriod: tick took 1294% (1.29 seconds)!
  WARN root [0x00003518] [2019-07-17 10:36:18,568] - Forwarding logs to logger[192.168.56.1:51710/0/0/0]...
 ERROR root [0x00003518] [2019-07-17 10:49:38,017] - Components::removeComponentByChannel: logger : 2000, Abnormal exit(reason=TCPPacketReceiver::processRecv(): error=10054
)! Channel(timestamp=559219064428, lastReceivedTime=559218682221, inactivityExceptionPeriod=134887437)
  INFO root [0x00003518] [2019-07-17 10:49:38,024] - The following logs sent to logger failed:
  WARN root [0x00003518] [2019-07-17 10:49:38,024] - ==> [2019-07-17 10:49:38 015] TCPPacketReceiver::processPendingEvents(192.168.56.1:51710): Throwing REASON_GENERAL_NETWORK - WSAECONNRESET
 ERROR root [0x00003518] [2019-07-17 10:49:38,025] - ==> [2019-07-17 10:49:38 018] Components::removeComponentByChannel: logger : 2000, Abnormal exit(reason=TCPPacketReceiver::processRecv(): error=10054
)! Channel(timestamp=559219064428, lastReceivedTime=559218682221, inactivityExceptionPeriod=134887437)
  WARN root [0x00003518] [2019-07-17 10:49:38,138] - TCPPacketReceiver::processPendingEvents(192.168.56.1:51711): Throwing REASON_GENERAL_NETWORK - WSAECONNRESET
 ERROR root [0x00003518] [2019-07-17 10:49:38,140] - Components::removeComponentByChannel: dbmgr : 4000, Abnormal exit(reason=TCPPacketReceiver::processRecv(): error=10054
)! Channel(timestamp=559219338391, lastReceivedTime=559218702960, inactivityExceptionPeriod=134887437)
  INFO root [0x00003518] [2019-07-17 10:49:38,153] - Shutdowner::onShutdownBegin: shutting down(period=0, tickPeriod=1)
  INFO root [0x00003518] [2019-07-17 10:49:38,165] - Shutdowner::onShutdown: shutting down
  INFO root [0x00003518] [2019-07-17 10:49:38,166] - Spaces::destroySpace: 1.
  INFO root [0x00003518] [2019-07-17 10:49:38,166] - Shutdowner::onShutdownEnd: shutting down
 DEBUG root [0x00003518] [2019-07-17 10:49:38,167] - EntityRef::destroyObjPool(): size 16.
 DEBUG root [0x00003518] [2019-07-17 10:49:38,167] - Witness::destroyObjPool(): size 16.
 ERROR root [0x00003518] [2019-07-17 10:49:38,179] - EntityGarbages::~EntityGarbages(): leaked, size=1.
 ERROR root [0x00003518] [2019-07-17 10:49:38,179] - 	--> leaked: Room(2007).
 ERROR root [0x00003518] [2019-07-17 10:49:38,183] - PyGC::debugTracing(): EntityCall : leaked(1)
 ERROR root [0x00003518] [2019-07-17 10:49:38,188] - PyGC::debugTracing(): Vector3 : leaked(2)
 ERROR root [0x00003518] [2019-07-17 10:49:38,189] - PyGC::debugTracing(): Entity : leaked(1)
 DEBUG root [0x00003518] [2019-07-17 10:49:38,194] - Room::~Room(): 2007
  INFO root [0x00003518] [2019-07-17 10:49:38,206] - Script::uninstall(): is successfully!
 DEBUG root [0x00003518] [2019-07-17 10:49:38,206] - ThreadPool::destroy(): starting size 2.
  WARN root [0x00003518] [2019-07-17 10:49:38,507] - ThreadPool::destroy(): waiting for thread(2)[0x192ccf0,0x192c400,], try=1
  INFO root [0x0000395c] [2019-07-17 10:49:39,809] - 
  INFO root [0x0000395c] [2019-07-17 10:49:39,811] - -----------------------------------------------------------------------------------------


  INFO root [0x0000395c] [2019-07-17 10:49:39,813] - Resmgr::initialize: KBE_ROOT=D:/kbengine/
  INFO root [0x0000395c] [2019-07-17 10:49:39,813] - Resmgr::initialize: KBE_RES_PATH=D:/kbengine/kbe/res/;D:/kbengine/HappyPoker_assets/;D:/kbengine/HappyPoker_assets/scripts/;D:/kbengine/HappyPoker_assets/res/
  INFO root [0x0000395c] [2019-07-17 10:49:39,813] - Resmgr::initialize: KBE_BIN_PATH=D:/kbengine/kbe/bin/server/
  INFO root [0x0000395c] [2019-07-17 10:49:39,879] - NetworkInterface::initialize(INTERNAL-TCP): bound to all interfaces with default route interface on 192.168.56.1 ( 192.168.56.1:51863 )
  INFO root [0x0000395c] [2019-07-17 10:49:39,880] - NetworkInterface::initialize(INTERNAL-TCP): address 192.168.56.1:51863, SOMAXCONN=5.
  INFO root [0x0000395c] [2019-07-17 10:49:39,880] - server-configs:
  INFO root [0x0000395c] [2019-07-17 10:49:39,880] - 	gameUpdateHertz : 10
  INFO root [0x0000395c] [2019-07-17 10:49:39,880] - 	defaultViewRadius : 80
  INFO root [0x0000395c] [2019-07-17 10:49:39,880] - 	defaultViewHysteresisArea : 5
  INFO root [0x0000395c] [2019-07-17 10:49:39,880] - 	entryScriptFile : kbemain
  INFO root [0x0000395c] [2019-07-17 10:49:39,881] - 	internalTcpAddr : 192.168.56.1:51863
  INFO root [0x0000395c] [2019-07-17 10:49:39,881] - 	componentID : 8001
  WARN root [0x0000395c] [2019-07-17 10:49:39,882] - invalid UID(0) <= 0, please check UID for environment! automatically set to 2082.
  INFO root [0x0000395c] [2019-07-17 10:49:41,392] - ---- cellapp Version: 2.4.5. ScriptVersion: 0.1.0. Pythoncore: 3.7.3. Protocol: C9FCABE153AC3D64A8F240810ADA666D. Config: Debug X86. Built: 09:56:57 May  8 2019. AppID: 8001. UID: 2082. PID: 9204 ----
  INFO root [0x0000395c] [2019-07-17 10:49:41,393] - Server error_name: Intel(R) Core(TM) i5-6300HQ CPU @ 2.30GHz with 2097151kB RAM
  INFO root [0x0000395c] [2019-07-17 10:49:41,393] - ThreadPool::createThreadPool: creating  threadpool...
  INFO root [0x0000395c] [2019-07-17 10:49:41,394] - ThreadPool::createThreadPool: successfully(2), newThreadCount=1, normalMaxThreadCount=2, maxThreadCount=8
  INFO root [0x0000395c] [2019-07-17 10:49:41,596] - Script::install(): is successfully, Python=(3.7.3 (default, May  8 2019, 09:53:38) [MSC v.1916 32 bit (Intel)])!
  INFO root [0x0000395c] [2019-07-17 10:49:41,596] - Script::install(): KBExtra is successfully!
  WARN root [0x0000395c] [2019-07-17 10:49:41,737] - EntityDef::checkDefMethod: exposed of method: Account.leaveRoom, check the caller can use "def leaveRoom(self, callerID, ...)", such as: if callerID == self.id!
  WARN root [0x0000395c] [2019-07-17 10:49:41,737] - EntityDef::checkDefMethod: exposed of method: Account.playerMakeLandlord, check the caller can use "def playerMakeLandlord(self, callerID, ...)", such as: if callerID == self.id!
  WARN root [0x0000395c] [2019-07-17 10:49:41,738] - EntityDef::checkDefMethod: exposed of method: Account.setGameReady, check the caller can use "def setGameReady(self, callerID, ...)", such as: if callerID == self.id!
  WARN root [0x0000395c] [2019-07-17 10:49:41,738] - EntityDef::checkDefMethod: exposed of method: Account.stayRoom, check the caller can use "def stayRoom(self, callerID, ...)", such as: if callerID == self.id!
 DEBUG root [0x0000395c] [2019-07-17 10:49:41,738] - loaded entity-script:Account(1).
  WARN root [0x0000395c] [2019-07-17 10:49:41,740] - EntityDef::checkDefMethod: exposed of method: Room.playPoker, check the caller can use "def playPoker(self, callerID, ...)", such as: if callerID == self.id!
  WARN root [0x0000395c] [2019-07-17 10:49:41,741] - EntityDef::checkDefMethod: exposed of method: Room.unPlayPoker, check the caller can use "def unPlayPoker(self, callerID, ...)", such as: if callerID == self.id!
 DEBUG root [0x0000395c] [2019-07-17 10:49:41,741] - loaded entity-script:Room(3).
  INFO root [0x0000395c] [2019-07-17 10:49:41,744] - TelnetServer server is running on port 50000
  INFO root [0x0000395c] [2019-07-17 10:49:42,198] - ---- cellapp is running ----
 DEBUG root [0x0000395c] [2019-07-17 10:49:42,208] - Components::process(): Request for the process of identity...
  WARN root [0x0000395c] [2019-07-17 10:49:48,363] - EntityApp::checkTickPeriod: tick took 6163% (6.16 seconds)!
  INFO root [0x0000395c] [2019-07-17 10:49:49,399] - Components::findComponents: find logger(1)...
  INFO root [0x0000395c] [2019-07-17 10:49:49,465] - Components::findComponents: found logger, addr:192.168.56.1:51866
  INFO root [0x0000395c] [2019-07-17 10:49:49,465] - Components::addComponent: reset orderLog, uid=2082!
  INFO root [0x0000395c] [2019-07-17 10:49:49,465] - Components::addComponent[logger], uid=2082, componentID=2000, globalorderid=1, grouporderid=1, totalcount=1
  INFO root [0x0000395c] [2019-07-17 10:49:49,467] - Components::findComponents: find dbmgr(2)...
  INFO root [0x0000395c] [2019-07-17 10:49:49,571] - Components::findComponents: found dbmgr, addr:192.168.56.1:51867
  INFO root [0x0000395c] [2019-07-17 10:49:49,571] - Components::addComponent: reset orderLog, uid=2082!
  INFO root [0x0000395c] [2019-07-17 10:49:49,572] - Components::addComponent[dbmgr], uid=2082, componentID=4000, globalorderid=1, grouporderid=1, totalcount=1
  INFO root [0x0000395c] [2019-07-17 10:49:49,572] - Components::findComponents: found dbmgr, addr:192.168.56.1:51867
  WARN root [0x0000395c] [2019-07-17 10:49:50,572] - EntityApp::checkTickPeriod: tick took 1272% (1.27 seconds)!
  WARN root [0x0000395c] [2019-07-17 10:49:50,573] - Forwarding logs to logger[192.168.56.1:51866/0/0/0]...
 ERROR root [0x0000395c] [2019-07-17 10:53:03,820] - Components::removeComponentByChannel: logger : 2000, Abnormal exit(reason=TCPPacketReceiver::processRecv(): error=10054
)! Channel(timestamp=559682078202, lastReceivedTime=559628312197, inactivityExceptionPeriod=134887373)
  INFO root [0x0000395c] [2019-07-17 10:53:03,825] - The following logs sent to logger failed:
  WARN root [0x0000395c] [2019-07-17 10:53:03,825] - ==> [2019-07-17 10:53:03 816] TCPPacketReceiver::processPendingEvents(192.168.56.1:51866): Throwing REASON_GENERAL_NETWORK - WSAECONNRESET
 ERROR root [0x0000395c] [2019-07-17 10:53:03,826] - ==> [2019-07-17 10:53:03 821] Components::removeComponentByChannel: logger : 2000, Abnormal exit(reason=TCPPacketReceiver::processRecv(): error=10054
)! Channel(timestamp=559682078202, lastReceivedTime=559628312197, inactivityExceptionPeriod=134887373)
  WARN root [0x0000395c] [2019-07-17 10:53:03,925] - TCPPacketReceiver::processPendingEvents(192.168.56.1:51867): Throwing REASON_GENERAL_NETWORK - WSAECONNRESET
 ERROR root [0x0000395c] [2019-07-17 10:53:03,928] - Components::removeComponentByChannel: dbmgr : 4000, Abnormal exit(reason=TCPPacketReceiver::processRecv(): error=10054
)! Channel(timestamp=559682320800, lastReceivedTime=559628308077, inactivityExceptionPeriod=134887373)
  INFO root [0x0000395c] [2019-07-17 10:53:03,948] - Shutdowner::onShutdownBegin: shutting down(period=0, tickPeriod=1)
  INFO root [0x0000395c] [2019-07-17 10:53:03,952] - Shutdowner::onShutdown: shutting down
  INFO root [0x0000395c] [2019-07-17 10:53:03,953] - Shutdowner::onShutdownEnd: shutting down
 DEBUG root [0x0000395c] [2019-07-17 10:53:03,954] - EntityRef::destroyObjPool(): size 0.
 DEBUG root [0x0000395c] [2019-07-17 10:53:03,954] - Witness::destroyObjPool(): size 0.
  INFO root [0x0000395c] [2019-07-17 10:53:03,991] - Script::uninstall(): is successfully!
 DEBUG root [0x0000395c] [2019-07-17 10:53:03,992] - ThreadPool::destroy(): starting size 2.
  WARN root [0x0000395c] [2019-07-17 10:53:04,293] - ThreadPool::destroy(): waiting for thread(2)[0x1af4540,0x1af45a8,], try=1
  INFO root [0x00001608] [2019-07-17 14:58:21,340] - 
  INFO root [0x00001608] [2019-07-17 14:58:21,359] - -----------------------------------------------------------------------------------------


  INFO root [0x00001608] [2019-07-17 14:58:21,360] - Resmgr::initialize: KBE_ROOT=D:/kbengine/
  INFO root [0x00001608] [2019-07-17 14:58:21,361] - Resmgr::initialize: KBE_RES_PATH=D:/kbengine/kbe/res/;D:/kbengine/HappyPoker_assets/;D:/kbengine/HappyPoker_assets/scripts/;D:/kbengine/HappyPoker_assets/res/
  INFO root [0x00001608] [2019-07-17 14:58:21,361] - Resmgr::initialize: KBE_BIN_PATH=D:/kbengine/kbe/bin/server/
  INFO root [0x00001608] [2019-07-17 14:58:21,380] - NetworkInterface::initialize(INTERNAL-TCP): bound to all interfaces with default route interface on 192.168.56.1 ( 192.168.56.1:52324 )
  INFO root [0x00001608] [2019-07-17 14:58:21,380] - NetworkInterface::initialize(INTERNAL-TCP): address 192.168.56.1:52324, SOMAXCONN=5.
  INFO root [0x00001608] [2019-07-17 14:58:21,380] - server-configs:
  INFO root [0x00001608] [2019-07-17 14:58:21,380] - 	gameUpdateHertz : 10
  INFO root [0x00001608] [2019-07-17 14:58:21,380] - 	defaultViewRadius : 80
  INFO root [0x00001608] [2019-07-17 14:58:21,380] - 	defaultViewHysteresisArea : 5
  INFO root [0x00001608] [2019-07-17 14:58:21,381] - 	entryScriptFile : kbemain
  INFO root [0x00001608] [2019-07-17 14:58:21,381] - 	internalTcpAddr : 192.168.56.1:52324
  INFO root [0x00001608] [2019-07-17 14:58:21,381] - 	componentID : 8001
  WARN root [0x00001608] [2019-07-17 14:58:21,381] - invalid UID(0) <= 0, please check UID for environment! automatically set to 2082.
  INFO root [0x00001608] [2019-07-17 14:58:22,890] - ---- cellapp Version: 2.4.5. ScriptVersion: 0.1.0. Pythoncore: 3.7.3. Protocol: C9FCABE153AC3D64A8F240810ADA666D. Config: Debug X86. Built: 09:56:57 May  8 2019. AppID: 8001. UID: 2082. PID: 9492 ----
  INFO root [0x00001608] [2019-07-17 14:58:22,891] - Server error_name: Intel(R) Core(TM) i5-6300HQ CPU @ 2.30GHz with 2097151kB RAM
  INFO root [0x00001608] [2019-07-17 14:58:22,892] - ThreadPool::createThreadPool: creating  threadpool...
  INFO root [0x00001608] [2019-07-17 14:58:22,892] - ThreadPool::createThreadPool: successfully(2), newThreadCount=1, normalMaxThreadCount=2, maxThreadCount=8
  INFO root [0x00001608] [2019-07-17 14:58:23,096] - Script::install(): is successfully, Python=(3.7.3 (default, May  8 2019, 09:53:38) [MSC v.1916 32 bit (Intel)])!
  INFO root [0x00001608] [2019-07-17 14:58:23,096] - Script::install(): KBExtra is successfully!
  WARN root [0x00001608] [2019-07-17 14:58:23,237] - EntityDef::checkDefMethod: exposed of method: Account.leaveRoom, check the caller can use "def leaveRoom(self, callerID, ...)", such as: if callerID == self.id!
  WARN root [0x00001608] [2019-07-17 14:58:23,238] - EntityDef::checkDefMethod: exposed of method: Account.playerMakeLandlord, check the caller can use "def playerMakeLandlord(self, callerID, ...)", such as: if callerID == self.id!
  WARN root [0x00001608] [2019-07-17 14:58:23,238] - EntityDef::checkDefMethod: exposed of method: Account.setGameReady, check the caller can use "def setGameReady(self, callerID, ...)", such as: if callerID == self.id!
  WARN root [0x00001608] [2019-07-17 14:58:23,239] - EntityDef::checkDefMethod: exposed of method: Account.stayRoom, check the caller can use "def stayRoom(self, callerID, ...)", such as: if callerID == self.id!
 DEBUG root [0x00001608] [2019-07-17 14:58:23,239] - loaded entity-script:Account(1).
  WARN root [0x00001608] [2019-07-17 14:58:23,241] - EntityDef::checkDefMethod: exposed of method: Room.playPoker, check the caller can use "def playPoker(self, callerID, ...)", such as: if callerID == self.id!
  WARN root [0x00001608] [2019-07-17 14:58:23,242] - EntityDef::checkDefMethod: exposed of method: Room.unPlayPoker, check the caller can use "def unPlayPoker(self, callerID, ...)", such as: if callerID == self.id!
 DEBUG root [0x00001608] [2019-07-17 14:58:23,242] - loaded entity-script:Room(3).
  INFO root [0x00001608] [2019-07-17 14:58:23,245] - TelnetServer server is running on port 50000
  INFO root [0x00001608] [2019-07-17 14:58:23,667] - ---- cellapp is running ----
 DEBUG root [0x00001608] [2019-07-17 14:58:23,668] - Components::process(): Request for the process of identity...
  WARN root [0x00001608] [2019-07-17 14:58:29,792] - EntityApp::checkTickPeriod: tick took 6125% (6.13 seconds)!
  INFO root [0x00001608] [2019-07-17 14:58:30,863] - Components::findComponents: find logger(1)...
  INFO root [0x00001608] [2019-07-17 14:58:30,945] - Components::findComponents: found logger, addr:192.168.56.1:52327
  INFO root [0x00001608] [2019-07-17 14:58:30,945] - Components::addComponent: reset orderLog, uid=2082!
  INFO root [0x00001608] [2019-07-17 14:58:30,946] - Components::addComponent[logger], uid=2082, componentID=2000, globalorderid=1, grouporderid=1, totalcount=1
  INFO root [0x00001608] [2019-07-17 14:58:30,947] - Components::findComponents: find dbmgr(2)...
  INFO root [0x00001608] [2019-07-17 14:58:31,050] - Components::findComponents: found dbmgr, addr:192.168.56.1:52328
  INFO root [0x00001608] [2019-07-17 14:58:31,050] - Components::addComponent: reset orderLog, uid=2082!
  INFO root [0x00001608] [2019-07-17 14:58:31,051] - Components::addComponent[dbmgr], uid=2082, componentID=4000, globalorderid=1, grouporderid=1, totalcount=1
  INFO root [0x00001608] [2019-07-17 14:58:31,051] - Components::findComponents: found dbmgr, addr:192.168.56.1:52328
  WARN root [0x00001608] [2019-07-17 14:58:32,052] - Forwarding logs to logger[192.168.56.1:52327/0/0/0]...
 ERROR root [0x00001608] [2019-07-17 15:31:22,231] - Components::removeComponentByChannel: logger : 2000, Abnormal exit(reason=TCPPacketReceiver::processRecv(): error=10054
)! Channel(timestamp=597264251941, lastReceivedTime=597262578387, inactivityExceptionPeriod=134887261)
  INFO root [0x00001608] [2019-07-17 15:31:22,236] - The following logs sent to logger failed:
  WARN root [0x00001608] [2019-07-17 15:31:22,236] - ==> [2019-07-17 15:31:22 230] TCPPacketReceiver::processPendingEvents(192.168.56.1:52327): Throwing REASON_GENERAL_NETWORK - WSAECONNRESET
 ERROR root [0x00001608] [2019-07-17 15:31:22,236] - ==> [2019-07-17 15:31:22 232] Components::removeComponentByChannel: logger : 2000, Abnormal exit(reason=TCPPacketReceiver::processRecv(): error=10054
)! Channel(timestamp=597264251941, lastReceivedTime=597262578387, inactivityExceptionPeriod=134887261)
  WARN root [0x00001608] [2019-07-17 15:31:22,321] - TCPPacketReceiver::processPendingEvents(192.168.56.1:52328): Throwing REASON_GENERAL_NETWORK - WSAECONNRESET
 ERROR root [0x00001608] [2019-07-17 15:31:22,324] - Components::removeComponentByChannel: dbmgr : 4000, Abnormal exit(reason=TCPPacketReceiver::processRecv(): error=10054
)! Channel(timestamp=597264461099, lastReceivedTime=597262368664, inactivityExceptionPeriod=134887261)
  INFO root [0x00001608] [2019-07-17 15:31:22,326] - Shutdowner::onShutdownBegin: shutting down(period=0, tickPeriod=1)
  INFO root [0x00001608] [2019-07-17 15:31:22,327] - Shutdowner::onShutdown: shutting down
  INFO root [0x00001608] [2019-07-17 15:31:22,327] - Spaces::destroySpace: 1.
  INFO root [0x00001608] [2019-07-17 15:31:22,327] - Shutdowner::onShutdownEnd: shutting down
 DEBUG root [0x00001608] [2019-07-17 15:31:22,328] - EntityRef::destroyObjPool(): size 16.
 DEBUG root [0x00001608] [2019-07-17 15:31:22,328] - Witness::destroyObjPool(): size 16.
 ERROR root [0x00001608] [2019-07-17 15:31:22,339] - EntityGarbages::~EntityGarbages(): leaked, size=1.
 ERROR root [0x00001608] [2019-07-17 15:31:22,339] - 	--> leaked: Room(2007).
 ERROR root [0x00001608] [2019-07-17 15:31:22,341] - PyGC::debugTracing(): EntityCall : leaked(1)
 ERROR root [0x00001608] [2019-07-17 15:31:22,341] - PyGC::debugTracing(): Vector3 : leaked(2)
 ERROR root [0x00001608] [2019-07-17 15:31:22,341] - PyGC::debugTracing(): Entity : leaked(1)
 DEBUG root [0x00001608] [2019-07-17 15:31:22,346] - Room::~Room(): 2007
  INFO root [0x00001608] [2019-07-17 15:31:22,356] - Script::uninstall(): is successfully!
 DEBUG root [0x00001608] [2019-07-17 15:31:22,356] - ThreadPool::destroy(): starting size 2.
  WARN root [0x00001608] [2019-07-17 15:31:22,657] - ThreadPool::destroy(): waiting for thread(2)[0x79cac8,0x79c170,], try=1
