  INFO root [0x00004ce0] [2019-06-27 08:45:32,688] - 
  INFO root [0x00004ce0] [2019-06-27 08:45:32,712] - -----------------------------------------------------------------------------------------


  INFO root [0x00004ce0] [2019-06-27 08:45:33,087] - Resmgr::initialize: KBE_ROOT=D:/kbengine/
  INFO root [0x00004ce0] [2019-06-27 08:45:33,087] - Resmgr::initialize: KBE_RES_PATH=D:/kbengine/kbe/res/;D:/kbengine/HappyPoker_assets/;D:/kbengine/HappyPoker_assets/scripts/;D:/kbengine/HappyPoker_assets/res/
  INFO root [0x00004ce0] [2019-06-27 08:45:33,088] - Resmgr::initialize: KBE_BIN_PATH=D:/kbengine/kbe/bin/server/
  INFO root [0x00004ce0] [2019-06-27 08:45:33,211] - NetworkInterface::initialize(INTERNAL-TCP): bound to all interfaces with default route interface on 192.168.56.1 ( 192.168.56.1:62175 )
  INFO root [0x00004ce0] [2019-06-27 08:45:33,215] - NetworkInterface::initialize(INTERNAL-TCP): address 192.168.56.1:62175, SOMAXCONN=5.
  INFO root [0x00004ce0] [2019-06-27 08:45:33,215] - server-configs:
  INFO root [0x00004ce0] [2019-06-27 08:45:33,215] - 	gameUpdateHertz : 10
  INFO root [0x00004ce0] [2019-06-27 08:45:33,259] - 	defaultViewRadius : 80
  INFO root [0x00004ce0] [2019-06-27 08:45:33,260] - 	defaultViewHysteresisArea : 5
  INFO root [0x00004ce0] [2019-06-27 08:45:33,260] - 	entryScriptFile : kbemain
  INFO root [0x00004ce0] [2019-06-27 08:45:33,260] - 	internalTcpAddr : 192.168.56.1:62175
  INFO root [0x00004ce0] [2019-06-27 08:45:33,260] - 	componentID : 8001
  WARN root [0x00004ce0] [2019-06-27 08:45:33,262] - invalid UID(0) <= 0, please check UID for environment! automatically set to 3960.
  INFO root [0x00004ce0] [2019-06-27 08:45:33,501] - ---- cellapp Version: 2.4.5. ScriptVersion: 0.1.0. Pythoncore: 3.7.3. Protocol: C9FCABE153AC3D64A8F240810ADA666D. Config: Debug X86. Built: 09:56:57 May  8 2019. AppID: 8001. UID: 3960. PID: 17120 ----
  INFO root [0x00004ce0] [2019-06-27 08:45:33,502] - Server error_name: Intel(R) Core(TM) i5-6300HQ CPU @ 2.30GHz with 2097151kB RAM
  INFO root [0x00004ce0] [2019-06-27 08:45:33,538] - ThreadPool::createThreadPool: creating  threadpool...
  INFO root [0x00004ce0] [2019-06-27 08:45:33,540] - ThreadPool::createThreadPool: successfully(2), newThreadCount=1, normalMaxThreadCount=2, maxThreadCount=8
  INFO root [0x00004ce0] [2019-06-27 08:45:33,934] - Script::install(): is successfully, Python=(3.7.3 (default, May  8 2019, 09:53:38) [MSC v.1916 32 bit (Intel)])!
  INFO root [0x00004ce0] [2019-06-27 08:45:33,935] - Script::install(): KBExtra is successfully!
  WARN root [0x00004ce0] [2019-06-27 08:45:35,119] - EntityDef::checkDefMethod: exposed of method: Account.leaveRoom, check the caller can use "def leaveRoom(self, callerID, ...)", such as: if callerID == self.id!
  WARN root [0x00004ce0] [2019-06-27 08:45:35,120] - EntityDef::checkDefMethod: exposed of method: Account.playerMakeLandlord, check the caller can use "def playerMakeLandlord(self, callerID, ...)", such as: if callerID == self.id!
  WARN root [0x00004ce0] [2019-06-27 08:45:35,120] - EntityDef::checkDefMethod: exposed of method: Account.setGameReady, check the caller can use "def setGameReady(self, callerID, ...)", such as: if callerID == self.id!
 DEBUG root [0x00004ce0] [2019-06-27 08:45:35,121] - loaded entity-script:Account(1).
  WARN root [0x00004ce0] [2019-06-27 08:45:35,123] - EntityDef::checkDefMethod: exposed of method: Room.playPoker, check the caller can use "def playPoker(self, callerID, ...)", such as: if callerID == self.id!
  WARN root [0x00004ce0] [2019-06-27 08:45:35,123] - EntityDef::checkDefMethod: exposed of method: Room.unPlayPoker, check the caller can use "def unPlayPoker(self, callerID, ...)", such as: if callerID == self.id!
 DEBUG root [0x00004ce0] [2019-06-27 08:45:35,124] - loaded entity-script:Room(3).
  INFO root [0x00004ce0] [2019-06-27 08:45:35,147] - TelnetServer server is running on port 50000
  INFO root [0x00004ce0] [2019-06-27 08:45:35,805] - ---- cellapp is running ----
 DEBUG root [0x00004ce0] [2019-06-27 08:45:35,830] - Components::process(): Request for the process of identity...
  WARN root [0x00004ce0] [2019-06-27 08:45:42,060] - EntityApp::checkTickPeriod: tick took 6255% (6.26 seconds)!
  INFO root [0x00004ce0] [2019-06-27 08:45:43,105] - Components::findComponents: find logger(1)...
  INFO root [0x00004ce0] [2019-06-27 08:45:43,179] - Components::findComponents: found logger, addr:192.168.56.1:62170
  INFO root [0x00004ce0] [2019-06-27 08:45:43,180] - Components::addComponent: reset orderLog, uid=3960!
  INFO root [0x00004ce0] [2019-06-27 08:45:43,180] - Components::addComponent[logger], uid=3960, componentID=2000, globalorderid=1, grouporderid=1, totalcount=1
  INFO root [0x00004ce0] [2019-06-27 08:45:43,211] - Components::findComponents: find dbmgr(2)...
  INFO root [0x00004ce0] [2019-06-27 08:45:43,286] - Components::findComponents: found dbmgr, addr:192.168.56.1:62171
  INFO root [0x00004ce0] [2019-06-27 08:45:43,286] - Components::addComponent: reset orderLog, uid=3960!
  INFO root [0x00004ce0] [2019-06-27 08:45:43,287] - Components::addComponent[dbmgr], uid=3960, componentID=4000, globalorderid=1, grouporderid=1, totalcount=1
  INFO root [0x00004ce0] [2019-06-27 08:45:43,287] - Components::findComponents: found dbmgr, addr:192.168.56.1:62171
  WARN root [0x00004ce0] [2019-06-27 08:45:44,287] - EntityApp::checkTickPeriod: tick took 1281% (1.28 seconds)!
  WARN root [0x00004ce0] [2019-06-27 08:45:44,288] - Forwarding logs to logger[192.168.56.1:62170/0/0/0]...
 ERROR root [0x00004ce0] [2019-06-27 08:46:06,161] - Components::removeComponentByChannel: logger : 2000, Abnormal exit(reason=TCPPacketReceiver::processRecv(): error=10054
)! Channel(timestamp=1469007632853, lastReceivedTime=1468993696089, inactivityExceptionPeriod=134887804)
  INFO root [0x00004ce0] [2019-06-27 08:46:06,167] - The following logs sent to logger failed:
  WARN root [0x00004ce0] [2019-06-27 08:46:06,168] - ==> [2019-06-27 08:46:06 159] TCPPacketReceiver::processPendingEvents(192.168.56.1:62170): Throwing REASON_GENERAL_NETWORK - WSAECONNRESET
 ERROR root [0x00004ce0] [2019-06-27 08:46:06,168] - ==> [2019-06-27 08:46:06 161] Components::removeComponentByChannel: logger : 2000, Abnormal exit(reason=TCPPacketReceiver::processRecv(): error=10054
)! Channel(timestamp=1469007632853, lastReceivedTime=1468993696089, inactivityExceptionPeriod=134887804)
  WARN root [0x00004ce0] [2019-06-27 08:46:06,269] - TCPPacketReceiver::processPendingEvents(192.168.56.1:62171): Throwing REASON_GENERAL_NETWORK - WSAECONNRESET
 ERROR root [0x00004ce0] [2019-06-27 08:46:06,270] - Components::removeComponentByChannel: dbmgr : 4000, Abnormal exit(reason=TCPPacketReceiver::processRecv(): error=10054
)! Channel(timestamp=1469007881090, lastReceivedTime=1468994042078, inactivityExceptionPeriod=134887804)
  INFO root [0x00004ce0] [2019-06-27 08:46:06,274] - Shutdowner::onShutdownBegin: shutting down(period=0, tickPeriod=1)
  INFO root [0x00004ce0] [2019-06-27 08:46:06,274] - Shutdowner::onShutdown: shutting down
  INFO root [0x00004ce0] [2019-06-27 08:46:06,274] - Shutdowner::onShutdownEnd: shutting down
 DEBUG root [0x00004ce0] [2019-06-27 08:46:06,339] - EntityRef::destroyObjPool(): size 0.
 DEBUG root [0x00004ce0] [2019-06-27 08:46:06,339] - Witness::destroyObjPool(): size 0.
  INFO root [0x00004ce0] [2019-06-27 08:46:06,376] - Script::uninstall(): is successfully!
 DEBUG root [0x00004ce0] [2019-06-27 08:46:06,377] - ThreadPool::destroy(): starting size 2.
  INFO root [0x00004cf8] [2019-06-27 08:46:18,843] - 
  INFO root [0x00004cf8] [2019-06-27 08:46:18,871] - -----------------------------------------------------------------------------------------


  INFO root [0x00004cf8] [2019-06-27 08:46:18,872] - Resmgr::initialize: KBE_ROOT=D:/kbengine/
  INFO root [0x00004cf8] [2019-06-27 08:46:18,872] - Resmgr::initialize: KBE_RES_PATH=D:/kbengine/kbe/res/;D:/kbengine/HappyPoker_assets/;D:/kbengine/HappyPoker_assets/scripts/;D:/kbengine/HappyPoker_assets/res/
  INFO root [0x00004cf8] [2019-06-27 08:46:18,872] - Resmgr::initialize: KBE_BIN_PATH=D:/kbengine/kbe/bin/server/
  INFO root [0x00004cf8] [2019-06-27 08:46:18,943] - NetworkInterface::initialize(INTERNAL-TCP): bound to all interfaces with default route interface on 192.168.56.1 ( 192.168.56.1:62195 )
  INFO root [0x00004cf8] [2019-06-27 08:46:18,943] - NetworkInterface::initialize(INTERNAL-TCP): address 192.168.56.1:62195, SOMAXCONN=5.
  INFO root [0x00004cf8] [2019-06-27 08:46:18,943] - server-configs:
  INFO root [0x00004cf8] [2019-06-27 08:46:18,943] - 	gameUpdateHertz : 10
  INFO root [0x00004cf8] [2019-06-27 08:46:18,944] - 	defaultViewRadius : 80
  INFO root [0x00004cf8] [2019-06-27 08:46:18,944] - 	defaultViewHysteresisArea : 5
  INFO root [0x00004cf8] [2019-06-27 08:46:18,944] - 	entryScriptFile : kbemain
  INFO root [0x00004cf8] [2019-06-27 08:46:18,944] - 	internalTcpAddr : 192.168.56.1:62195
  INFO root [0x00004cf8] [2019-06-27 08:46:18,944] - 	componentID : 8001
  WARN root [0x00004cf8] [2019-06-27 08:46:18,951] - invalid UID(0) <= 0, please check UID for environment! automatically set to 3960.
  INFO root [0x00004cf8] [2019-06-27 08:46:20,463] - ---- cellapp Version: 2.4.5. ScriptVersion: 0.1.0. Pythoncore: 3.7.3. Protocol: C9FCABE153AC3D64A8F240810ADA666D. Config: Debug X86. Built: 09:56:57 May  8 2019. AppID: 8001. UID: 3960. PID: 13276 ----
  INFO root [0x00004cf8] [2019-06-27 08:46:20,463] - Server error_name: Intel(R) Core(TM) i5-6300HQ CPU @ 2.30GHz with 2097151kB RAM
  INFO root [0x00004cf8] [2019-06-27 08:46:20,463] - ThreadPool::createThreadPool: creating  threadpool...
  INFO root [0x00004cf8] [2019-06-27 08:46:20,464] - ThreadPool::createThreadPool: successfully(2), newThreadCount=1, normalMaxThreadCount=2, maxThreadCount=8
  INFO root [0x00004cf8] [2019-06-27 08:46:20,698] - Script::install(): is successfully, Python=(3.7.3 (default, May  8 2019, 09:53:38) [MSC v.1916 32 bit (Intel)])!
  INFO root [0x00004cf8] [2019-06-27 08:46:20,698] - Script::install(): KBExtra is successfully!
  WARN root [0x00004cf8] [2019-06-27 08:46:20,840] - EntityDef::checkDefMethod: exposed of method: Account.leaveRoom, check the caller can use "def leaveRoom(self, callerID, ...)", such as: if callerID == self.id!
  WARN root [0x00004cf8] [2019-06-27 08:46:20,843] - EntityDef::checkDefMethod: exposed of method: Account.playerMakeLandlord, check the caller can use "def playerMakeLandlord(self, callerID, ...)", such as: if callerID == self.id!
  WARN root [0x00004cf8] [2019-06-27 08:46:20,843] - EntityDef::checkDefMethod: exposed of method: Account.setGameReady, check the caller can use "def setGameReady(self, callerID, ...)", such as: if callerID == self.id!
 DEBUG root [0x00004cf8] [2019-06-27 08:46:20,844] - loaded entity-script:Account(1).
  WARN root [0x00004cf8] [2019-06-27 08:46:20,846] - EntityDef::checkDefMethod: exposed of method: Room.playPoker, check the caller can use "def playPoker(self, callerID, ...)", such as: if callerID == self.id!
  WARN root [0x00004cf8] [2019-06-27 08:46:20,846] - EntityDef::checkDefMethod: exposed of method: Room.unPlayPoker, check the caller can use "def unPlayPoker(self, callerID, ...)", such as: if callerID == self.id!
 DEBUG root [0x00004cf8] [2019-06-27 08:46:20,847] - loaded entity-script:Room(3).
  INFO root [0x00004cf8] [2019-06-27 08:46:20,847] - TelnetServer server is running on port 50000
  INFO root [0x00004cf8] [2019-06-27 08:46:21,323] - ---- cellapp is running ----
 DEBUG root [0x00004cf8] [2019-06-27 08:46:21,324] - Components::process(): Request for the process of identity...
  WARN root [0x00004cf8] [2019-06-27 08:46:27,450] - EntityApp::checkTickPeriod: tick took 6126% (6.13 seconds)!
  INFO root [0x00004cf8] [2019-06-27 08:46:28,524] - Components::findComponents: find logger(1)...
  INFO root [0x00004cf8] [2019-06-27 08:46:28,542] - Components::findComponents: found logger, addr:192.168.56.1:62198
  INFO root [0x00004cf8] [2019-06-27 08:46:28,543] - Components::addComponent: reset orderLog, uid=3960!
  INFO root [0x00004cf8] [2019-06-27 08:46:28,543] - Components::addComponent[logger], uid=3960, componentID=2000, globalorderid=1, grouporderid=1, totalcount=1
  INFO root [0x00004cf8] [2019-06-27 08:46:28,544] - Components::findComponents: find dbmgr(2)...
  INFO root [0x00004cf8] [2019-06-27 08:46:28,647] - Components::findComponents: found dbmgr, addr:192.168.56.1:62200
  INFO root [0x00004cf8] [2019-06-27 08:46:28,647] - Components::addComponent: reset orderLog, uid=3960!
  INFO root [0x00004cf8] [2019-06-27 08:46:28,647] - Components::addComponent[dbmgr], uid=3960, componentID=4000, globalorderid=1, grouporderid=1, totalcount=1
  INFO root [0x00004cf8] [2019-06-27 08:46:28,653] - Components::findComponents: found dbmgr, addr:192.168.56.1:62200
  WARN root [0x00004cf8] [2019-06-27 08:46:29,653] - EntityApp::checkTickPeriod: tick took 1228% (1.23 seconds)!
  WARN root [0x00004cf8] [2019-06-27 08:46:29,654] - Forwarding logs to logger[192.168.56.1:62198/0/0/0]...
  INFO root [0x00003628] [2019-06-27 08:47:59,270] - 
  INFO root [0x00003628] [2019-06-27 08:47:59,276] - -----------------------------------------------------------------------------------------


  INFO root [0x00003628] [2019-06-27 08:47:59,278] - Resmgr::initialize: KBE_ROOT=D:/kbengine/
  INFO root [0x00003628] [2019-06-27 08:47:59,279] - Resmgr::initialize: KBE_RES_PATH=D:/kbengine/kbe/res/;D:/kbengine/HappyPoker_assets/;D:/kbengine/HappyPoker_assets/scripts/;D:/kbengine/HappyPoker_assets/res/
  INFO root [0x00003628] [2019-06-27 08:47:59,279] - Resmgr::initialize: KBE_BIN_PATH=D:/kbengine/kbe/bin/server/
  INFO root [0x00003628] [2019-06-27 08:47:59,311] - NetworkInterface::initialize(INTERNAL-TCP): bound to all interfaces with default route interface on 192.168.56.1 ( 192.168.56.1:62234 )
  INFO root [0x00003628] [2019-06-27 08:47:59,311] - NetworkInterface::initialize(INTERNAL-TCP): address 192.168.56.1:62234, SOMAXCONN=5.
  INFO root [0x00003628] [2019-06-27 08:47:59,311] - server-configs:
  INFO root [0x00003628] [2019-06-27 08:47:59,312] - 	gameUpdateHertz : 10
  INFO root [0x00003628] [2019-06-27 08:47:59,312] - 	defaultViewRadius : 80
  INFO root [0x00003628] [2019-06-27 08:47:59,312] - 	defaultViewHysteresisArea : 5
  INFO root [0x00003628] [2019-06-27 08:47:59,312] - 	entryScriptFile : kbemain
  INFO root [0x00003628] [2019-06-27 08:47:59,312] - 	internalTcpAddr : 192.168.56.1:62234
  INFO root [0x00003628] [2019-06-27 08:47:59,312] - 	componentID : 8001
  WARN root [0x00003628] [2019-06-27 08:47:59,313] - invalid UID(0) <= 0, please check UID for environment! automatically set to 3960.
  INFO root [0x00003628] [2019-06-27 08:48:00,821] - ---- cellapp Version: 2.4.5. ScriptVersion: 0.1.0. Pythoncore: 3.7.3. Protocol: C9FCABE153AC3D64A8F240810ADA666D. Config: Debug X86. Built: 09:56:57 May  8 2019. AppID: 8001. UID: 3960. PID: 3752 ----
  INFO root [0x00003628] [2019-06-27 08:48:00,822] - Server error_name: Intel(R) Core(TM) i5-6300HQ CPU @ 2.30GHz with 2097151kB RAM
  INFO root [0x00003628] [2019-06-27 08:48:00,822] - ThreadPool::createThreadPool: creating  threadpool...
  INFO root [0x00003628] [2019-06-27 08:48:00,823] - ThreadPool::createThreadPool: successfully(2), newThreadCount=1, normalMaxThreadCount=2, maxThreadCount=8
  INFO root [0x00003628] [2019-06-27 08:48:01,026] - Script::install(): is successfully, Python=(3.7.3 (default, May  8 2019, 09:53:38) [MSC v.1916 32 bit (Intel)])!
  INFO root [0x00003628] [2019-06-27 08:48:01,026] - Script::install(): KBExtra is successfully!
  WARN root [0x00003628] [2019-06-27 08:48:01,169] - EntityDef::checkDefMethod: exposed of method: Account.leaveRoom, check the caller can use "def leaveRoom(self, callerID, ...)", such as: if callerID == self.id!
  WARN root [0x00003628] [2019-06-27 08:48:01,170] - EntityDef::checkDefMethod: exposed of method: Account.playerMakeLandlord, check the caller can use "def playerMakeLandlord(self, callerID, ...)", such as: if callerID == self.id!
  WARN root [0x00003628] [2019-06-27 08:48:01,171] - EntityDef::checkDefMethod: exposed of method: Account.setGameReady, check the caller can use "def setGameReady(self, callerID, ...)", such as: if callerID == self.id!
 DEBUG root [0x00003628] [2019-06-27 08:48:01,171] - loaded entity-script:Account(1).
  WARN root [0x00003628] [2019-06-27 08:48:01,173] - EntityDef::checkDefMethod: exposed of method: Room.playPoker, check the caller can use "def playPoker(self, callerID, ...)", such as: if callerID == self.id!
  WARN root [0x00003628] [2019-06-27 08:48:01,174] - EntityDef::checkDefMethod: exposed of method: Room.unPlayPoker, check the caller can use "def unPlayPoker(self, callerID, ...)", such as: if callerID == self.id!
 DEBUG root [0x00003628] [2019-06-27 08:48:01,177] - loaded entity-script:Room(3).
  INFO root [0x00003628] [2019-06-27 08:48:01,177] - TelnetServer server is running on port 50000
  INFO root [0x00003628] [2019-06-27 08:48:01,663] - ---- cellapp is running ----
 DEBUG root [0x00003628] [2019-06-27 08:48:01,664] - Components::process(): Request for the process of identity...
  WARN root [0x00003628] [2019-06-27 08:48:07,838] - EntityApp::checkTickPeriod: tick took 6175% (6.18 seconds)!
  INFO root [0x00003628] [2019-06-27 08:48:08,891] - Components::findComponents: find logger(1)...
  INFO root [0x00003628] [2019-06-27 08:48:08,983] - Components::findComponents: found logger, addr:192.168.56.1:62233
  INFO root [0x00003628] [2019-06-27 08:48:08,983] - Components::addComponent: reset orderLog, uid=3960!
  INFO root [0x00003628] [2019-06-27 08:48:08,984] - Components::addComponent[logger], uid=3960, componentID=2000, globalorderid=1, grouporderid=1, totalcount=1
  INFO root [0x00003628] [2019-06-27 08:48:08,985] - Components::findComponents: find dbmgr(2)...
  INFO root [0x00003628] [2019-06-27 08:48:09,089] - Components::findComponents: found dbmgr, addr:192.168.56.1:62229
  INFO root [0x00003628] [2019-06-27 08:48:09,090] - Components::addComponent: reset orderLog, uid=3960!
  INFO root [0x00003628] [2019-06-27 08:48:09,090] - Components::addComponent[dbmgr], uid=3960, componentID=4000, globalorderid=1, grouporderid=1, totalcount=1
  INFO root [0x00003628] [2019-06-27 08:48:09,090] - Components::findComponents: found dbmgr, addr:192.168.56.1:62229
  WARN root [0x00003628] [2019-06-27 08:48:10,091] - Forwarding logs to logger[192.168.56.1:62233/0/0/0]...
 ERROR root [0x00003628] [2019-06-27 09:01:13,155] - Components::removeComponentByChannel: logger : 2000, Abnormal exit(reason=TCPPacketReceiver::processRecv(): error=10054
)! Channel(timestamp=1471048370450, lastReceivedTime=1471017207848, inactivityExceptionPeriod=134887373)
  INFO root [0x00003628] [2019-06-27 09:01:13,158] - The following logs sent to logger failed:
  WARN root [0x00003628] [2019-06-27 09:01:13,158] - ==> [2019-06-27 09:01:13 151] TCPPacketReceiver::processPendingEvents(192.168.56.1:62233): Throwing REASON_GENERAL_NETWORK - WSAECONNRESET
 ERROR root [0x00003628] [2019-06-27 09:01:13,158] - ==> [2019-06-27 09:01:13 155] Components::removeComponentByChannel: logger : 2000, Abnormal exit(reason=TCPPacketReceiver::processRecv(): error=10054
)! Channel(timestamp=1471048370450, lastReceivedTime=1471017207848, inactivityExceptionPeriod=134887373)
  WARN root [0x00003628] [2019-06-27 09:01:13,243] - TCPPacketReceiver::processPendingEvents(192.168.56.1:62229): Throwing REASON_GENERAL_NETWORK - WSAECONNRESET
 ERROR root [0x00003628] [2019-06-27 09:01:13,247] - Components::removeComponentByChannel: dbmgr : 4000, Abnormal exit(reason=TCPPacketReceiver::processRecv(): error=10054
)! Channel(timestamp=1471048580449, lastReceivedTime=1471017070324, inactivityExceptionPeriod=134887373)
  INFO root [0x00003628] [2019-06-27 09:01:13,253] - Shutdowner::onShutdownBegin: shutting down(period=0, tickPeriod=1)
  INFO root [0x00003628] [2019-06-27 09:01:13,253] - Shutdowner::onShutdown: shutting down
  INFO root [0x00003628] [2019-06-27 09:01:13,254] - Spaces::destroySpace: 1.
  INFO root [0x00003628] [2019-06-27 09:01:13,254] - Shutdowner::onShutdownEnd: shutting down
 DEBUG root [0x00003628] [2019-06-27 09:01:13,264] - EntityRef::destroyObjPool(): size 16.
 DEBUG root [0x00003628] [2019-06-27 09:01:13,265] - Witness::destroyObjPool(): size 16.
 ERROR root [0x00003628] [2019-06-27 09:01:13,276] - EntityGarbages::~EntityGarbages(): leaked, size=1.
 ERROR root [0x00003628] [2019-06-27 09:01:13,276] - 	--> leaked: Room(4).
 ERROR root [0x00003628] [2019-06-27 09:01:13,287] - PyGC::debugTracing(): EntityCall : leaked(1)
 ERROR root [0x00003628] [2019-06-27 09:01:13,288] - PyGC::debugTracing(): Vector3 : leaked(2)
 ERROR root [0x00003628] [2019-06-27 09:01:13,288] - PyGC::debugTracing(): Entity : leaked(1)
 DEBUG root [0x00003628] [2019-06-27 09:01:13,292] - Room::~Room(): 4
  INFO root [0x00003628] [2019-06-27 09:01:13,300] - Script::uninstall(): is successfully!
 DEBUG root [0x00003628] [2019-06-27 09:01:13,301] - ThreadPool::destroy(): starting size 2.
  WARN root [0x00003628] [2019-06-27 09:01:13,601] - ThreadPool::destroy(): waiting for thread(2)[0x18ec9b0,0x18eca18,], try=1
  INFO root [0x00001afc] [2019-06-27 09:32:58,143] - 
  INFO root [0x00001afc] [2019-06-27 09:32:58,144] - -----------------------------------------------------------------------------------------


  INFO root [0x00001afc] [2019-06-27 09:32:58,145] - Resmgr::initialize: KBE_ROOT=D:/kbengine/
  INFO root [0x00001afc] [2019-06-27 09:32:58,145] - Resmgr::initialize: KBE_RES_PATH=D:/kbengine/kbe/res/;D:/kbengine/HappyPoker_assets/;D:/kbengine/HappyPoker_assets/scripts/;D:/kbengine/HappyPoker_assets/res/
  INFO root [0x00001afc] [2019-06-27 09:32:58,145] - Resmgr::initialize: KBE_BIN_PATH=D:/kbengine/kbe/bin/server/
  INFO root [0x00001afc] [2019-06-27 09:32:58,162] - NetworkInterface::initialize(INTERNAL-TCP): bound to all interfaces with default route interface on 192.168.56.1 ( 192.168.56.1:62794 )
  INFO root [0x00001afc] [2019-06-27 09:32:58,162] - NetworkInterface::initialize(INTERNAL-TCP): address 192.168.56.1:62794, SOMAXCONN=5.
  INFO root [0x00001afc] [2019-06-27 09:32:58,162] - server-configs:
  INFO root [0x00001afc] [2019-06-27 09:32:58,162] - 	gameUpdateHertz : 10
  INFO root [0x00001afc] [2019-06-27 09:32:58,163] - 	defaultViewRadius : 80
  INFO root [0x00001afc] [2019-06-27 09:32:58,163] - 	defaultViewHysteresisArea : 5
  INFO root [0x00001afc] [2019-06-27 09:32:58,163] - 	entryScriptFile : kbemain
  INFO root [0x00001afc] [2019-06-27 09:32:58,163] - 	internalTcpAddr : 192.168.56.1:62794
  INFO root [0x00001afc] [2019-06-27 09:32:58,163] - 	componentID : 8001
  WARN root [0x00001afc] [2019-06-27 09:32:58,164] - invalid UID(0) <= 0, please check UID for environment! automatically set to 3960.
  INFO root [0x00001afc] [2019-06-27 09:32:59,672] - ---- cellapp Version: 2.4.5. ScriptVersion: 0.1.0. Pythoncore: 3.7.3. Protocol: C9FCABE153AC3D64A8F240810ADA666D. Config: Debug X86. Built: 09:56:57 May  8 2019. AppID: 8001. UID: 3960. PID: 20464 ----
  INFO root [0x00001afc] [2019-06-27 09:32:59,672] - Server error_name: Intel(R) Core(TM) i5-6300HQ CPU @ 2.30GHz with 2097151kB RAM
  INFO root [0x00001afc] [2019-06-27 09:32:59,673] - ThreadPool::createThreadPool: creating  threadpool...
  INFO root [0x00001afc] [2019-06-27 09:32:59,673] - ThreadPool::createThreadPool: successfully(2), newThreadCount=1, normalMaxThreadCount=2, maxThreadCount=8
  INFO root [0x00001afc] [2019-06-27 09:32:59,879] - Script::install(): is successfully, Python=(3.7.3 (default, May  8 2019, 09:53:38) [MSC v.1916 32 bit (Intel)])!
  INFO root [0x00001afc] [2019-06-27 09:32:59,879] - Script::install(): KBExtra is successfully!
  WARN root [0x00001afc] [2019-06-27 09:33:00,006] - EntityDef::checkDefMethod: exposed of method: Account.leaveRoom, check the caller can use "def leaveRoom(self, callerID, ...)", such as: if callerID == self.id!
  WARN root [0x00001afc] [2019-06-27 09:33:00,007] - EntityDef::checkDefMethod: exposed of method: Account.playerMakeLandlord, check the caller can use "def playerMakeLandlord(self, callerID, ...)", such as: if callerID == self.id!
  WARN root [0x00001afc] [2019-06-27 09:33:00,007] - EntityDef::checkDefMethod: exposed of method: Account.setGameReady, check the caller can use "def setGameReady(self, callerID, ...)", such as: if callerID == self.id!
 DEBUG root [0x00001afc] [2019-06-27 09:33:00,008] - loaded entity-script:Account(1).
  WARN root [0x00001afc] [2019-06-27 09:33:00,010] - EntityDef::checkDefMethod: exposed of method: Room.playPoker, check the caller can use "def playPoker(self, callerID, ...)", such as: if callerID == self.id!
  WARN root [0x00001afc] [2019-06-27 09:33:00,010] - EntityDef::checkDefMethod: exposed of method: Room.unPlayPoker, check the caller can use "def unPlayPoker(self, callerID, ...)", such as: if callerID == self.id!
 DEBUG root [0x00001afc] [2019-06-27 09:33:00,011] - loaded entity-script:Room(3).
  INFO root [0x00001afc] [2019-06-27 09:33:00,011] - TelnetServer server is running on port 50000
  INFO root [0x00001afc] [2019-06-27 09:33:00,452] - ---- cellapp is running ----
 DEBUG root [0x00001afc] [2019-06-27 09:33:00,455] - Components::process(): Request for the process of identity...
  WARN root [0x00001afc] [2019-06-27 09:33:06,595] - EntityApp::checkTickPeriod: tick took 6142% (6.14 seconds)!
  INFO root [0x00001afc] [2019-06-27 09:33:07,648] - Components::findComponents: find logger(1)...
  INFO root [0x00001afc] [2019-06-27 09:33:07,667] - Components::findComponents: found logger, addr:192.168.56.1:62799
  INFO root [0x00001afc] [2019-06-27 09:33:07,667] - Components::addComponent: reset orderLog, uid=3960!
  INFO root [0x00001afc] [2019-06-27 09:33:07,668] - Components::addComponent[logger], uid=3960, componentID=2000, globalorderid=1, grouporderid=1, totalcount=1
  INFO root [0x00001afc] [2019-06-27 09:33:07,670] - Components::findComponents: find dbmgr(2)...
  INFO root [0x00001afc] [2019-06-27 09:33:07,675] - Components::findComponents: found logger, addr:192.168.56.1:62799
  INFO root [0x00001afc] [2019-06-27 09:33:07,679] - Components::findComponents: found dbmgr, addr:192.168.56.1:62803
  INFO root [0x00001afc] [2019-06-27 09:33:07,680] - Components::addComponent: reset orderLog, uid=3960!
  INFO root [0x00001afc] [2019-06-27 09:33:07,680] - Components::addComponent[dbmgr], uid=3960, componentID=4000, globalorderid=1, grouporderid=1, totalcount=1
  INFO root [0x00001afc] [2019-06-27 09:33:07,788] - Components::findComponents: found dbmgr, addr:192.168.56.1:62803
  WARN root [0x00001afc] [2019-06-27 09:33:08,789] - Forwarding logs to logger[192.168.56.1:62799/0/0/0]...
 ERROR root [0x00001afc] [2019-06-27 09:35:42,158] - Components::removeComponentByChannel: logger : 2000, Abnormal exit(reason=TCPPacketReceiver::processRecv(): error=10054
)! Channel(timestamp=1475703632555, lastReceivedTime=1475672614393, inactivityExceptionPeriod=134887628)
  INFO root [0x00001afc] [2019-06-27 09:35:42,161] - The following logs sent to logger failed:
  WARN root [0x00001afc] [2019-06-27 09:35:42,161] - ==> [2019-06-27 09:35:42 158] TCPPacketReceiver::processPendingEvents(192.168.56.1:62799): Throwing REASON_GENERAL_NETWORK - WSAECONNRESET
 ERROR root [0x00001afc] [2019-06-27 09:35:42,162] - ==> [2019-06-27 09:35:42 159] Components::removeComponentByChannel: logger : 2000, Abnormal exit(reason=TCPPacketReceiver::processRecv(): error=10054
)! Channel(timestamp=1475703632555, lastReceivedTime=1475672614393, inactivityExceptionPeriod=134887628)
  WARN root [0x00001afc] [2019-06-27 09:35:42,279] - TCPPacketReceiver::processPendingEvents(192.168.56.1:62803): Throwing REASON_GENERAL_NETWORK - WSAECONNRESET
 ERROR root [0x00001afc] [2019-06-27 09:35:42,285] - Components::removeComponentByChannel: dbmgr : 4000, Abnormal exit(reason=TCPPacketReceiver::processRecv(): error=10054
)! Channel(timestamp=1475703918417, lastReceivedTime=1475672707405, inactivityExceptionPeriod=134887628)
  INFO root [0x00001afc] [2019-06-27 09:35:42,286] - Shutdowner::onShutdownBegin: shutting down(period=0, tickPeriod=1)
  INFO root [0x00001afc] [2019-06-27 09:35:42,287] - Shutdowner::onShutdown: shutting down
  INFO root [0x00001afc] [2019-06-27 09:35:42,290] - Spaces::destroySpace: 1.
  INFO root [0x00001afc] [2019-06-27 09:35:42,290] - Shutdowner::onShutdownEnd: shutting down
 DEBUG root [0x00001afc] [2019-06-27 09:35:42,290] - Account::~Account(): 2002
 DEBUG root [0x00001afc] [2019-06-27 09:35:42,290] - Account::~Account(): 2004
 DEBUG root [0x00001afc] [2019-06-27 09:35:42,291] - Account::~Account(): 2005
 DEBUG root [0x00001afc] [2019-06-27 09:35:42,291] - EntityRef::destroyObjPool(): size 16.
 DEBUG root [0x00001afc] [2019-06-27 09:35:42,291] - Witness::destroyObjPool(): size 16.
 DEBUG root [0x00001afc] [2019-06-27 09:35:42,302] - Room::~Room(): 2003
  INFO root [0x00001afc] [2019-06-27 09:35:42,315] - Script::uninstall(): is successfully!
 DEBUG root [0x00001afc] [2019-06-27 09:35:42,316] - ThreadPool::destroy(): starting size 2.
  WARN root [0x00001afc] [2019-06-27 09:35:42,616] - ThreadPool::destroy(): waiting for thread(2)[0x1acf8b8,0x1acf5e0,], try=1
  INFO root [0x00002944] [2019-06-27 09:37:47,178] - 
  INFO root [0x00002944] [2019-06-27 09:37:47,186] - -----------------------------------------------------------------------------------------


  INFO root [0x00002944] [2019-06-27 09:37:47,187] - Resmgr::initialize: KBE_ROOT=D:/kbengine/
  INFO root [0x00002944] [2019-06-27 09:37:47,187] - Resmgr::initialize: KBE_RES_PATH=D:/kbengine/kbe/res/;D:/kbengine/HappyPoker_assets/;D:/kbengine/HappyPoker_assets/scripts/;D:/kbengine/HappyPoker_assets/res/
  INFO root [0x00002944] [2019-06-27 09:37:47,187] - Resmgr::initialize: KBE_BIN_PATH=D:/kbengine/kbe/bin/server/
  INFO root [0x00002944] [2019-06-27 09:37:47,226] - NetworkInterface::initialize(INTERNAL-TCP): bound to all interfaces with default route interface on 192.168.56.1 ( 192.168.56.1:62893 )
  INFO root [0x00002944] [2019-06-27 09:37:47,227] - NetworkInterface::initialize(INTERNAL-TCP): address 192.168.56.1:62893, SOMAXCONN=5.
  INFO root [0x00002944] [2019-06-27 09:37:47,227] - server-configs:
  INFO root [0x00002944] [2019-06-27 09:37:47,227] - 	gameUpdateHertz : 10
  INFO root [0x00002944] [2019-06-27 09:37:47,227] - 	defaultViewRadius : 80
  INFO root [0x00002944] [2019-06-27 09:37:47,227] - 	defaultViewHysteresisArea : 5
  INFO root [0x00002944] [2019-06-27 09:37:47,227] - 	entryScriptFile : kbemain
  INFO root [0x00002944] [2019-06-27 09:37:47,228] - 	internalTcpAddr : 192.168.56.1:62893
  INFO root [0x00002944] [2019-06-27 09:37:47,228] - 	componentID : 8001
  WARN root [0x00002944] [2019-06-27 09:37:47,246] - invalid UID(0) <= 0, please check UID for environment! automatically set to 3960.
  INFO root [0x00002944] [2019-06-27 09:37:48,760] - ---- cellapp Version: 2.4.5. ScriptVersion: 0.1.0. Pythoncore: 3.7.3. Protocol: C9FCABE153AC3D64A8F240810ADA666D. Config: Debug X86. Built: 09:56:57 May  8 2019. AppID: 8001. UID: 3960. PID: 20048 ----
  INFO root [0x00002944] [2019-06-27 09:37:48,761] - Server error_name: Intel(R) Core(TM) i5-6300HQ CPU @ 2.30GHz with 2097151kB RAM
  INFO root [0x00002944] [2019-06-27 09:37:48,761] - ThreadPool::createThreadPool: creating  threadpool...
  INFO root [0x00002944] [2019-06-27 09:37:48,762] - ThreadPool::createThreadPool: successfully(2), newThreadCount=1, normalMaxThreadCount=2, maxThreadCount=8
  INFO root [0x00002944] [2019-06-27 09:37:48,971] - Script::install(): is successfully, Python=(3.7.3 (default, May  8 2019, 09:53:38) [MSC v.1916 32 bit (Intel)])!
  INFO root [0x00002944] [2019-06-27 09:37:48,971] - Script::install(): KBExtra is successfully!
  WARN root [0x00002944] [2019-06-27 09:37:49,107] - EntityDef::checkDefMethod: exposed of method: Account.leaveRoom, check the caller can use "def leaveRoom(self, callerID, ...)", such as: if callerID == self.id!
  WARN root [0x00002944] [2019-06-27 09:37:49,110] - EntityDef::checkDefMethod: exposed of method: Account.playerMakeLandlord, check the caller can use "def playerMakeLandlord(self, callerID, ...)", such as: if callerID == self.id!
  WARN root [0x00002944] [2019-06-27 09:37:49,111] - EntityDef::checkDefMethod: exposed of method: Account.setGameReady, check the caller can use "def setGameReady(self, callerID, ...)", such as: if callerID == self.id!
 DEBUG root [0x00002944] [2019-06-27 09:37:49,111] - loaded entity-script:Account(1).
  WARN root [0x00002944] [2019-06-27 09:37:49,113] - EntityDef::checkDefMethod: exposed of method: Room.playPoker, check the caller can use "def playPoker(self, callerID, ...)", such as: if callerID == self.id!
  WARN root [0x00002944] [2019-06-27 09:37:49,114] - EntityDef::checkDefMethod: exposed of method: Room.unPlayPoker, check the caller can use "def unPlayPoker(self, callerID, ...)", such as: if callerID == self.id!
 DEBUG root [0x00002944] [2019-06-27 09:37:49,114] - loaded entity-script:Room(3).
  INFO root [0x00002944] [2019-06-27 09:37:49,114] - TelnetServer server is running on port 50000
  INFO root [0x00002944] [2019-06-27 09:37:49,683] - ---- cellapp is running ----
 DEBUG root [0x00002944] [2019-06-27 09:37:49,684] - Components::process(): Request for the process of identity...
  WARN root [0x00002944] [2019-06-27 09:37:55,820] - EntityApp::checkTickPeriod: tick took 6137% (6.14 seconds)!
  INFO root [0x00002944] [2019-06-27 09:37:56,884] - Components::findComponents: find logger(1)...
  INFO root [0x00002944] [2019-06-27 09:37:56,911] - Components::findComponents: found logger, addr:192.168.56.1:62899
  INFO root [0x00002944] [2019-06-27 09:37:56,912] - Components::addComponent: reset orderLog, uid=3960!
  INFO root [0x00002944] [2019-06-27 09:37:56,912] - Components::addComponent[logger], uid=3960, componentID=2000, globalorderid=1, grouporderid=1, totalcount=1
  INFO root [0x00002944] [2019-06-27 09:37:56,914] - Components::findComponents: find dbmgr(2)...
  INFO root [0x00002944] [2019-06-27 09:37:57,019] - Components::findComponents: found dbmgr, addr:192.168.56.1:62897
  INFO root [0x00002944] [2019-06-27 09:37:57,020] - Components::addComponent: reset orderLog, uid=3960!
  INFO root [0x00002944] [2019-06-27 09:37:57,020] - Components::addComponent[dbmgr], uid=3960, componentID=4000, globalorderid=1, grouporderid=1, totalcount=1
  INFO root [0x00002944] [2019-06-27 09:37:57,021] - Components::findComponents: found dbmgr, addr:192.168.56.1:62897
  WARN root [0x00002944] [2019-06-27 09:37:58,021] - EntityApp::checkTickPeriod: tick took 1238% (1.24 seconds)!
  WARN root [0x00002944] [2019-06-27 09:37:58,022] - Forwarding logs to logger[192.168.56.1:62899/0/0/0]...
 ERROR root [0x00002944] [2019-06-27 09:40:49,921] - Components::removeComponentByChannel: logger : 2000, Abnormal exit(reason=TCPPacketReceiver::processRecv(): error=10054
)! Channel(timestamp=1476396102065, lastReceivedTime=1476390192228, inactivityExceptionPeriod=134882465)
  INFO root [0x00002944] [2019-06-27 09:40:49,926] - The following logs sent to logger failed:
  WARN root [0x00002944] [2019-06-27 09:40:49,927] - ==> [2019-06-27 09:40:49 918] TCPPacketReceiver::processPendingEvents(192.168.56.1:62899): Throwing REASON_GENERAL_NETWORK - WSAECONNRESET
 ERROR root [0x00002944] [2019-06-27 09:40:49,927] - ==> [2019-06-27 09:40:49 923] Components::removeComponentByChannel: logger : 2000, Abnormal exit(reason=TCPPacketReceiver::processRecv(): error=10054
)! Channel(timestamp=1476396102065, lastReceivedTime=1476390192228, inactivityExceptionPeriod=134882465)
  WARN root [0x00002944] [2019-06-27 09:40:50,028] - TCPPacketReceiver::processPendingEvents(192.168.56.1:62897): Throwing REASON_GENERAL_NETWORK - WSAECONNRESET
 ERROR root [0x00002944] [2019-06-27 09:40:50,036] - Components::removeComponentByChannel: dbmgr : 4000, Abnormal exit(reason=TCPPacketReceiver::processRecv(): error=10054
)! Channel(timestamp=1476396360420, lastReceivedTime=1476390189914, inactivityExceptionPeriod=134882465)
  INFO root [0x00002944] [2019-06-27 09:40:50,043] - Shutdowner::onShutdownBegin: shutting down(period=0, tickPeriod=1)
  INFO root [0x00002944] [2019-06-27 09:40:50,044] - Shutdowner::onShutdown: shutting down
  INFO root [0x00002944] [2019-06-27 09:40:50,046] - Spaces::destroySpace: 1.
  INFO root [0x00002944] [2019-06-27 09:40:50,046] - Shutdowner::onShutdownEnd: shutting down
 DEBUG root [0x00002944] [2019-06-27 09:40:50,046] - Account::~Account(): 2002
 DEBUG root [0x00002944] [2019-06-27 09:40:50,047] - Account::~Account(): 2004
 DEBUG root [0x00002944] [2019-06-27 09:40:50,047] - Account::~Account(): 2005
 DEBUG root [0x00002944] [2019-06-27 09:40:50,047] - EntityRef::destroyObjPool(): size 16.
 DEBUG root [0x00002944] [2019-06-27 09:40:50,047] - Witness::destroyObjPool(): size 16.
 ERROR root [0x00002944] [2019-06-27 09:40:50,059] - EntityGarbages::~EntityGarbages(): leaked, size=1.
 ERROR root [0x00002944] [2019-06-27 09:40:50,060] - 	--> leaked: Room(2003).
 ERROR root [0x00002944] [2019-06-27 09:40:50,061] - PyGC::debugTracing(): EntityCall : leaked(4)
 ERROR root [0x00002944] [2019-06-27 09:40:50,061] - PyGC::debugTracing(): Vector3 : leaked(2)
 ERROR root [0x00002944] [2019-06-27 09:40:50,062] - PyGC::debugTracing(): Entity : leaked(1)
 DEBUG root [0x00002944] [2019-06-27 09:40:50,066] - Room::~Room(): 2003
  INFO root [0x00002944] [2019-06-27 09:40:50,076] - Script::uninstall(): is successfully!
 DEBUG root [0x00002944] [2019-06-27 09:40:50,077] - ThreadPool::destroy(): starting size 2.
  WARN root [0x00002944] [2019-06-27 09:40:50,378] - ThreadPool::destroy(): waiting for thread(2)[0x19f3ba8,0x19f3db0,], try=1
  INFO root [0x000037b8] [2019-06-27 09:42:53,532] - 
  INFO root [0x000037b8] [2019-06-27 09:42:53,541] - -----------------------------------------------------------------------------------------


  INFO root [0x000037b8] [2019-06-27 09:42:53,542] - Resmgr::initialize: KBE_ROOT=D:/kbengine/
  INFO root [0x000037b8] [2019-06-27 09:42:53,543] - Resmgr::initialize: KBE_RES_PATH=D:/kbengine/kbe/res/;D:/kbengine/HappyPoker_assets/;D:/kbengine/HappyPoker_assets/scripts/;D:/kbengine/HappyPoker_assets/res/
  INFO root [0x000037b8] [2019-06-27 09:42:53,543] - Resmgr::initialize: KBE_BIN_PATH=D:/kbengine/kbe/bin/server/
  INFO root [0x000037b8] [2019-06-27 09:42:53,595] - NetworkInterface::initialize(INTERNAL-TCP): bound to all interfaces with default route interface on 192.168.56.1 ( 192.168.56.1:62965 )
  INFO root [0x000037b8] [2019-06-27 09:42:53,595] - NetworkInterface::initialize(INTERNAL-TCP): address 192.168.56.1:62965, SOMAXCONN=5.
  INFO root [0x000037b8] [2019-06-27 09:42:53,595] - server-configs:
  INFO root [0x000037b8] [2019-06-27 09:42:53,596] - 	gameUpdateHertz : 10
  INFO root [0x000037b8] [2019-06-27 09:42:53,596] - 	defaultViewRadius : 80
  INFO root [0x000037b8] [2019-06-27 09:42:53,596] - 	defaultViewHysteresisArea : 5
  INFO root [0x000037b8] [2019-06-27 09:42:53,596] - 	entryScriptFile : kbemain
  INFO root [0x000037b8] [2019-06-27 09:42:53,596] - 	internalTcpAddr : 192.168.56.1:62965
  INFO root [0x000037b8] [2019-06-27 09:42:53,596] - 	componentID : 8001
  WARN root [0x000037b8] [2019-06-27 09:42:53,603] - invalid UID(0) <= 0, please check UID for environment! automatically set to 3960.
  INFO root [0x000037b8] [2019-06-27 09:42:55,108] - ---- cellapp Version: 2.4.5. ScriptVersion: 0.1.0. Pythoncore: 3.7.3. Protocol: C9FCABE153AC3D64A8F240810ADA666D. Config: Debug X86. Built: 09:56:57 May  8 2019. AppID: 8001. UID: 3960. PID: 16588 ----
  INFO root [0x000037b8] [2019-06-27 09:42:55,109] - Server error_name: Intel(R) Core(TM) i5-6300HQ CPU @ 2.30GHz with 2097151kB RAM
  INFO root [0x000037b8] [2019-06-27 09:42:55,109] - ThreadPool::createThreadPool: creating  threadpool...
  INFO root [0x000037b8] [2019-06-27 09:42:55,110] - ThreadPool::createThreadPool: successfully(2), newThreadCount=1, normalMaxThreadCount=2, maxThreadCount=8
  INFO root [0x000037b8] [2019-06-27 09:42:55,309] - Script::install(): is successfully, Python=(3.7.3 (default, May  8 2019, 09:53:38) [MSC v.1916 32 bit (Intel)])!
  INFO root [0x000037b8] [2019-06-27 09:42:55,309] - Script::install(): KBExtra is successfully!
  WARN root [0x000037b8] [2019-06-27 09:42:55,431] - EntityDef::checkDefMethod: exposed of method: Account.leaveRoom, check the caller can use "def leaveRoom(self, callerID, ...)", such as: if callerID == self.id!
  WARN root [0x000037b8] [2019-06-27 09:42:55,432] - EntityDef::checkDefMethod: exposed of method: Account.playerMakeLandlord, check the caller can use "def playerMakeLandlord(self, callerID, ...)", such as: if callerID == self.id!
  WARN root [0x000037b8] [2019-06-27 09:42:55,432] - EntityDef::checkDefMethod: exposed of method: Account.setGameReady, check the caller can use "def setGameReady(self, callerID, ...)", such as: if callerID == self.id!
 DEBUG root [0x000037b8] [2019-06-27 09:42:55,432] - loaded entity-script:Account(1).
  WARN root [0x000037b8] [2019-06-27 09:42:55,434] - EntityDef::checkDefMethod: exposed of method: Room.playPoker, check the caller can use "def playPoker(self, callerID, ...)", such as: if callerID == self.id!
  WARN root [0x000037b8] [2019-06-27 09:42:55,435] - EntityDef::checkDefMethod: exposed of method: Room.unPlayPoker, check the caller can use "def unPlayPoker(self, callerID, ...)", such as: if callerID == self.id!
 DEBUG root [0x000037b8] [2019-06-27 09:42:55,435] - loaded entity-script:Room(3).
  INFO root [0x000037b8] [2019-06-27 09:42:55,436] - TelnetServer server is running on port 50000
  INFO root [0x000037b8] [2019-06-27 09:42:55,869] - ---- cellapp is running ----
 DEBUG root [0x000037b8] [2019-06-27 09:42:55,869] - Components::process(): Request for the process of identity...
  WARN root [0x000037b8] [2019-06-27 09:43:02,007] - EntityApp::checkTickPeriod: tick took 6138% (6.14 seconds)!
  INFO root [0x000037b8] [2019-06-27 09:43:03,069] - Components::findComponents: find logger(1)...
  INFO root [0x000037b8] [2019-06-27 09:43:03,159] - Components::findComponents: found logger, addr:192.168.56.1:62963
  INFO root [0x000037b8] [2019-06-27 09:43:03,160] - Components::addComponent: reset orderLog, uid=3960!
  INFO root [0x000037b8] [2019-06-27 09:43:03,160] - Components::addComponent[logger], uid=3960, componentID=2000, globalorderid=1, grouporderid=1, totalcount=1
  INFO root [0x000037b8] [2019-06-27 09:43:03,162] - Components::findComponents: find dbmgr(2)...
  INFO root [0x000037b8] [2019-06-27 09:43:03,265] - Components::findComponents: found dbmgr, addr:192.168.56.1:62961
  INFO root [0x000037b8] [2019-06-27 09:43:03,265] - Components::addComponent: reset orderLog, uid=3960!
  INFO root [0x000037b8] [2019-06-27 09:43:03,266] - Components::addComponent[dbmgr], uid=3960, componentID=4000, globalorderid=1, grouporderid=1, totalcount=1
  INFO root [0x000037b8] [2019-06-27 09:43:03,266] - Components::findComponents: found dbmgr, addr:192.168.56.1:62961
  WARN root [0x000037b8] [2019-06-27 09:43:04,266] - EntityApp::checkTickPeriod: tick took 1296% (1.30 seconds)!
  WARN root [0x000037b8] [2019-06-27 09:43:04,267] - Forwarding logs to logger[192.168.56.1:62963/0/0/0]...
 ERROR root [0x000037b8] [2019-06-27 09:51:07,616] - Components::removeComponentByChannel: logger : 2000, Abnormal exit(reason=TCPPacketReceiver::processRecv(): error=10054
)! Channel(timestamp=1477785914874, lastReceivedTime=1477754378793, inactivityExceptionPeriod=134883056)
  INFO root [0x000037b8] [2019-06-27 09:51:07,622] - The following logs sent to logger failed:
  WARN root [0x000037b8] [2019-06-27 09:51:07,623] - ==> [2019-06-27 09:51:07 615] TCPPacketReceiver::processPendingEvents(192.168.56.1:62963): Throwing REASON_GENERAL_NETWORK - WSAECONNRESET
 ERROR root [0x000037b8] [2019-06-27 09:51:07,623] - ==> [2019-06-27 09:51:07 617] Components::removeComponentByChannel: logger : 2000, Abnormal exit(reason=TCPPacketReceiver::processRecv(): error=10054
)! Channel(timestamp=1477785914874, lastReceivedTime=1477754378793, inactivityExceptionPeriod=134883056)
  WARN root [0x000037b8] [2019-06-27 09:51:07,740] - TCPPacketReceiver::processPendingEvents(192.168.56.1:62961): Throwing REASON_GENERAL_NETWORK - WSAECONNRESET
 ERROR root [0x000037b8] [2019-06-27 09:51:07,740] - Components::removeComponentByChannel: dbmgr : 4000, Abnormal exit(reason=TCPPacketReceiver::processRecv(): error=10054
)! Channel(timestamp=1477786195908, lastReceivedTime=1477754265998, inactivityExceptionPeriod=134883056)
  INFO root [0x000037b8] [2019-06-27 09:51:07,749] - Shutdowner::onShutdownBegin: shutting down(period=0, tickPeriod=1)
  INFO root [0x000037b8] [2019-06-27 09:51:07,751] - Shutdowner::onShutdown: shutting down
  INFO root [0x000037b8] [2019-06-27 09:51:07,756] - Spaces::destroySpace: 1.
  INFO root [0x000037b8] [2019-06-27 09:51:07,756] - Shutdowner::onShutdownEnd: shutting down
 DEBUG root [0x000037b8] [2019-06-27 09:51:07,757] - Account::~Account(): 2002
 DEBUG root [0x000037b8] [2019-06-27 09:51:07,757] - Account::~Account(): 2004
 DEBUG root [0x000037b8] [2019-06-27 09:51:07,757] - Account::~Account(): 2005
 DEBUG root [0x000037b8] [2019-06-27 09:51:07,758] - EntityRef::destroyObjPool(): size 16.
 DEBUG root [0x000037b8] [2019-06-27 09:51:07,758] - Witness::destroyObjPool(): size 16.
 ERROR root [0x000037b8] [2019-06-27 09:51:07,771] - EntityGarbages::~EntityGarbages(): leaked, size=1.
 ERROR root [0x000037b8] [2019-06-27 09:51:07,773] - 	--> leaked: Room(2003).
 ERROR root [0x000037b8] [2019-06-27 09:51:07,774] - PyGC::debugTracing(): EntityCall : leaked(4)
 ERROR root [0x000037b8] [2019-06-27 09:51:07,775] - PyGC::debugTracing(): Vector3 : leaked(2)
 ERROR root [0x000037b8] [2019-06-27 09:51:07,776] - PyGC::debugTracing(): Entity : leaked(1)
 DEBUG root [0x000037b8] [2019-06-27 09:51:07,780] - Room::~Room(): 2003
  INFO root [0x000037b8] [2019-06-27 09:51:07,790] - Script::uninstall(): is successfully!
 DEBUG root [0x000037b8] [2019-06-27 09:51:07,790] - ThreadPool::destroy(): starting size 2.
  WARN root [0x000037b8] [2019-06-27 09:51:08,091] - ThreadPool::destroy(): waiting for thread(2)[0x18a76f0,0x18a78f8,], try=1
  INFO root [0x000020f0] [2019-06-27 09:51:09,454] - 
  INFO root [0x000020f0] [2019-06-27 09:51:09,464] - -----------------------------------------------------------------------------------------


  INFO root [0x000020f0] [2019-06-27 09:51:09,465] - Resmgr::initialize: KBE_ROOT=D:/kbengine/
  INFO root [0x000020f0] [2019-06-27 09:51:09,465] - Resmgr::initialize: KBE_RES_PATH=D:/kbengine/kbe/res/;D:/kbengine/HappyPoker_assets/;D:/kbengine/HappyPoker_assets/scripts/;D:/kbengine/HappyPoker_assets/res/
  INFO root [0x000020f0] [2019-06-27 09:51:09,465] - Resmgr::initialize: KBE_BIN_PATH=D:/kbengine/kbe/bin/server/
  INFO root [0x000020f0] [2019-06-27 09:51:09,498] - NetworkInterface::initialize(INTERNAL-TCP): bound to all interfaces with default route interface on 192.168.56.1 ( 192.168.56.1:63073 )
  INFO root [0x000020f0] [2019-06-27 09:51:09,498] - NetworkInterface::initialize(INTERNAL-TCP): address 192.168.56.1:63073, SOMAXCONN=5.
  INFO root [0x000020f0] [2019-06-27 09:51:09,498] - server-configs:
  INFO root [0x000020f0] [2019-06-27 09:51:09,498] - 	gameUpdateHertz : 10
  INFO root [0x000020f0] [2019-06-27 09:51:09,498] - 	defaultViewRadius : 80
  INFO root [0x000020f0] [2019-06-27 09:51:09,498] - 	defaultViewHysteresisArea : 5
  INFO root [0x000020f0] [2019-06-27 09:51:09,499] - 	entryScriptFile : kbemain
  INFO root [0x000020f0] [2019-06-27 09:51:09,499] - 	internalTcpAddr : 192.168.56.1:63073
  INFO root [0x000020f0] [2019-06-27 09:51:09,499] - 	componentID : 8001
  WARN root [0x000020f0] [2019-06-27 09:51:09,499] - invalid UID(0) <= 0, please check UID for environment! automatically set to 3960.
  INFO root [0x000020f0] [2019-06-27 09:51:11,006] - ---- cellapp Version: 2.4.5. ScriptVersion: 0.1.0. Pythoncore: 3.7.3. Protocol: C9FCABE153AC3D64A8F240810ADA666D. Config: Debug X86. Built: 09:56:57 May  8 2019. AppID: 8001. UID: 3960. PID: 19588 ----
  INFO root [0x000020f0] [2019-06-27 09:51:11,007] - Server error_name: Intel(R) Core(TM) i5-6300HQ CPU @ 2.30GHz with 2097151kB RAM
  INFO root [0x000020f0] [2019-06-27 09:51:11,008] - ThreadPool::createThreadPool: creating  threadpool...
  INFO root [0x000020f0] [2019-06-27 09:51:11,008] - ThreadPool::createThreadPool: successfully(2), newThreadCount=1, normalMaxThreadCount=2, maxThreadCount=8
  INFO root [0x000020f0] [2019-06-27 09:51:11,216] - Script::install(): is successfully, Python=(3.7.3 (default, May  8 2019, 09:53:38) [MSC v.1916 32 bit (Intel)])!
  INFO root [0x000020f0] [2019-06-27 09:51:11,216] - Script::install(): KBExtra is successfully!
  WARN root [0x000020f0] [2019-06-27 09:51:11,338] - EntityDef::checkDefMethod: exposed of method: Account.leaveRoom, check the caller can use "def leaveRoom(self, callerID, ...)", such as: if callerID == self.id!
  WARN root [0x000020f0] [2019-06-27 09:51:11,339] - EntityDef::checkDefMethod: exposed of method: Account.playerMakeLandlord, check the caller can use "def playerMakeLandlord(self, callerID, ...)", such as: if callerID == self.id!
  WARN root [0x000020f0] [2019-06-27 09:51:11,339] - EntityDef::checkDefMethod: exposed of method: Account.setGameReady, check the caller can use "def setGameReady(self, callerID, ...)", such as: if callerID == self.id!
 DEBUG root [0x000020f0] [2019-06-27 09:51:11,340] - loaded entity-script:Account(1).
  WARN root [0x000020f0] [2019-06-27 09:51:11,341] - EntityDef::checkDefMethod: exposed of method: Room.playPoker, check the caller can use "def playPoker(self, callerID, ...)", such as: if callerID == self.id!
  WARN root [0x000020f0] [2019-06-27 09:51:11,342] - EntityDef::checkDefMethod: exposed of method: Room.unPlayPoker, check the caller can use "def unPlayPoker(self, callerID, ...)", such as: if callerID == self.id!
 DEBUG root [0x000020f0] [2019-06-27 09:51:11,342] - loaded entity-script:Room(3).
  INFO root [0x000020f0] [2019-06-27 09:51:11,343] - TelnetServer server is running on port 50000
  INFO root [0x000020f0] [2019-06-27 09:51:11,808] - ---- cellapp is running ----
 DEBUG root [0x000020f0] [2019-06-27 09:51:11,808] - Components::process(): Request for the process of identity...
  WARN root [0x000020f0] [2019-06-27 09:51:17,951] - EntityApp::checkTickPeriod: tick took 6142% (6.14 seconds)!
  INFO root [0x000020f0] [2019-06-27 09:51:18,980] - Components::findComponents: find logger(1)...
  INFO root [0x000020f0] [2019-06-27 09:51:19,072] - Components::findComponents: found logger, addr:192.168.56.1:63077
  INFO root [0x000020f0] [2019-06-27 09:51:19,073] - Components::addComponent: reset orderLog, uid=3960!
  INFO root [0x000020f0] [2019-06-27 09:51:19,073] - Components::addComponent[logger], uid=3960, componentID=2000, globalorderid=1, grouporderid=1, totalcount=1
  INFO root [0x000020f0] [2019-06-27 09:51:19,075] - Components::findComponents: find dbmgr(2)...
  INFO root [0x000020f0] [2019-06-27 09:51:19,178] - Components::findComponents: found dbmgr, addr:192.168.56.1:63076
  INFO root [0x000020f0] [2019-06-27 09:51:19,178] - Components::addComponent: reset orderLog, uid=3960!
  INFO root [0x000020f0] [2019-06-27 09:51:19,179] - Components::addComponent[dbmgr], uid=3960, componentID=4000, globalorderid=1, grouporderid=1, totalcount=1
  INFO root [0x000020f0] [2019-06-27 09:51:19,179] - Components::findComponents: found dbmgr, addr:192.168.56.1:63076
  WARN root [0x000020f0] [2019-06-27 09:51:20,179] - Forwarding logs to logger[192.168.56.1:63077/0/0/0]...
 ERROR root [0x000020f0] [2019-06-27 09:59:08,551] - Components::removeComponentByChannel: logger : 2000, Abnormal exit(reason=TCPPacketReceiver::processRecv(): error=10054
)! Channel(timestamp=1478868019350, lastReceivedTime=1478802747462, inactivityExceptionPeriod=134887916)
  INFO root [0x000020f0] [2019-06-27 09:59:08,554] - The following logs sent to logger failed:
  WARN root [0x000020f0] [2019-06-27 09:59:08,555] - ==> [2019-06-27 09:59:08 548] TCPPacketReceiver::processPendingEvents(192.168.56.1:63077): Throwing REASON_GENERAL_NETWORK - WSAECONNRESET
 ERROR root [0x000020f0] [2019-06-27 09:59:08,555] - ==> [2019-06-27 09:59:08 552] Components::removeComponentByChannel: logger : 2000, Abnormal exit(reason=TCPPacketReceiver::processRecv(): error=10054
)! Channel(timestamp=1478868019350, lastReceivedTime=1478802747462, inactivityExceptionPeriod=134887916)
  WARN root [0x000020f0] [2019-06-27 09:59:08,651] - TCPPacketReceiver::processPendingEvents(192.168.56.1:63076): Throwing REASON_GENERAL_NETWORK - WSAECONNRESET
 ERROR root [0x000020f0] [2019-06-27 09:59:08,653] - Components::removeComponentByChannel: dbmgr : 4000, Abnormal exit(reason=TCPPacketReceiver::processRecv(): error=10054
)! Channel(timestamp=1478868250707, lastReceivedTime=1478802684719, inactivityExceptionPeriod=134887916)
  INFO root [0x000020f0] [2019-06-27 09:59:08,657] - Shutdowner::onShutdownBegin: shutting down(period=0, tickPeriod=1)
  INFO root [0x000020f0] [2019-06-27 09:59:08,659] - Shutdowner::onShutdown: shutting down
  INFO root [0x000020f0] [2019-06-27 09:59:08,662] - Spaces::destroySpace: 1.
  INFO root [0x000020f0] [2019-06-27 09:59:08,662] - Shutdowner::onShutdownEnd: shutting down
 DEBUG root [0x000020f0] [2019-06-27 09:59:08,663] - Account::~Account(): 2002
 DEBUG root [0x000020f0] [2019-06-27 09:59:08,663] - Account::~Account(): 2004
 DEBUG root [0x000020f0] [2019-06-27 09:59:08,663] - Account::~Account(): 2005
 DEBUG root [0x000020f0] [2019-06-27 09:59:08,664] - EntityRef::destroyObjPool(): size 16.
 DEBUG root [0x000020f0] [2019-06-27 09:59:08,664] - Witness::destroyObjPool(): size 16.
 ERROR root [0x000020f0] [2019-06-27 09:59:08,676] - EntityGarbages::~EntityGarbages(): leaked, size=1.
 ERROR root [0x000020f0] [2019-06-27 09:59:08,676] - 	--> leaked: Room(2003).
 ERROR root [0x000020f0] [2019-06-27 09:59:08,677] - PyGC::debugTracing(): EntityCall : leaked(4)
 ERROR root [0x000020f0] [2019-06-27 09:59:08,678] - PyGC::debugTracing(): Vector3 : leaked(2)
 ERROR root [0x000020f0] [2019-06-27 09:59:08,679] - PyGC::debugTracing(): Entity : leaked(1)
 DEBUG root [0x000020f0] [2019-06-27 09:59:08,685] - Room::~Room(): 2003
  INFO root [0x000020f0] [2019-06-27 09:59:08,694] - Script::uninstall(): is successfully!
 DEBUG root [0x000020f0] [2019-06-27 09:59:08,695] - ThreadPool::destroy(): starting size 2.
  WARN root [0x000020f0] [2019-06-27 09:59:08,996] - ThreadPool::destroy(): waiting for thread(2)[0x1a638d0,0x1a63ba8,], try=1
  INFO root [0x00002cac] [2019-06-27 09:59:10,538] - 
  INFO root [0x00002cac] [2019-06-27 09:59:10,547] - -----------------------------------------------------------------------------------------


  INFO root [0x00002cac] [2019-06-27 09:59:10,548] - Resmgr::initialize: KBE_ROOT=D:/kbengine/
  INFO root [0x00002cac] [2019-06-27 09:59:10,548] - Resmgr::initialize: KBE_RES_PATH=D:/kbengine/kbe/res/;D:/kbengine/HappyPoker_assets/;D:/kbengine/HappyPoker_assets/scripts/;D:/kbengine/HappyPoker_assets/res/
  INFO root [0x00002cac] [2019-06-27 09:59:10,548] - Resmgr::initialize: KBE_BIN_PATH=D:/kbengine/kbe/bin/server/
  INFO root [0x00002cac] [2019-06-27 09:59:10,603] - NetworkInterface::initialize(INTERNAL-TCP): bound to all interfaces with default route interface on 192.168.56.1 ( 192.168.56.1:63158 )
  INFO root [0x00002cac] [2019-06-27 09:59:10,604] - NetworkInterface::initialize(INTERNAL-TCP): address 192.168.56.1:63158, SOMAXCONN=5.
  INFO root [0x00002cac] [2019-06-27 09:59:10,604] - server-configs:
  INFO root [0x00002cac] [2019-06-27 09:59:10,604] - 	gameUpdateHertz : 10
  INFO root [0x00002cac] [2019-06-27 09:59:10,605] - 	defaultViewRadius : 80
  INFO root [0x00002cac] [2019-06-27 09:59:10,605] - 	defaultViewHysteresisArea : 5
  INFO root [0x00002cac] [2019-06-27 09:59:10,605] - 	entryScriptFile : kbemain
  INFO root [0x00002cac] [2019-06-27 09:59:10,605] - 	internalTcpAddr : 192.168.56.1:63158
  INFO root [0x00002cac] [2019-06-27 09:59:10,605] - 	componentID : 8001
  WARN root [0x00002cac] [2019-06-27 09:59:10,609] - invalid UID(0) <= 0, please check UID for environment! automatically set to 3960.
  INFO root [0x00002cac] [2019-06-27 09:59:12,115] - ---- cellapp Version: 2.4.5. ScriptVersion: 0.1.0. Pythoncore: 3.7.3. Protocol: C9FCABE153AC3D64A8F240810ADA666D. Config: Debug X86. Built: 09:56:57 May  8 2019. AppID: 8001. UID: 3960. PID: 18060 ----
  INFO root [0x00002cac] [2019-06-27 09:59:12,115] - Server error_name: Intel(R) Core(TM) i5-6300HQ CPU @ 2.30GHz with 2097151kB RAM
  INFO root [0x00002cac] [2019-06-27 09:59:12,116] - ThreadPool::createThreadPool: creating  threadpool...
  INFO root [0x00002cac] [2019-06-27 09:59:12,116] - ThreadPool::createThreadPool: successfully(2), newThreadCount=1, normalMaxThreadCount=2, maxThreadCount=8
  INFO root [0x00002cac] [2019-06-27 09:59:12,339] - Script::install(): is successfully, Python=(3.7.3 (default, May  8 2019, 09:53:38) [MSC v.1916 32 bit (Intel)])!
  INFO root [0x00002cac] [2019-06-27 09:59:12,340] - Script::install(): KBExtra is successfully!
  WARN root [0x00002cac] [2019-06-27 09:59:12,525] - EntityDef::checkDefMethod: exposed of method: Account.leaveRoom, check the caller can use "def leaveRoom(self, callerID, ...)", such as: if callerID == self.id!
  WARN root [0x00002cac] [2019-06-27 09:59:12,530] - EntityDef::checkDefMethod: exposed of method: Account.playerMakeLandlord, check the caller can use "def playerMakeLandlord(self, callerID, ...)", such as: if callerID == self.id!
  WARN root [0x00002cac] [2019-06-27 09:59:12,530] - EntityDef::checkDefMethod: exposed of method: Account.setGameReady, check the caller can use "def setGameReady(self, callerID, ...)", such as: if callerID == self.id!
 DEBUG root [0x00002cac] [2019-06-27 09:59:12,531] - loaded entity-script:Account(1).
  WARN root [0x00002cac] [2019-06-27 09:59:12,533] - EntityDef::checkDefMethod: exposed of method: Room.playPoker, check the caller can use "def playPoker(self, callerID, ...)", such as: if callerID == self.id!
  WARN root [0x00002cac] [2019-06-27 09:59:12,533] - EntityDef::checkDefMethod: exposed of method: Room.unPlayPoker, check the caller can use "def unPlayPoker(self, callerID, ...)", such as: if callerID == self.id!
 DEBUG root [0x00002cac] [2019-06-27 09:59:12,534] - loaded entity-script:Room(3).
  INFO root [0x00002cac] [2019-06-27 09:59:12,535] - TelnetServer server is running on port 50000
  INFO root [0x00002cac] [2019-06-27 09:59:13,166] - ---- cellapp is running ----
 DEBUG root [0x00002cac] [2019-06-27 09:59:13,167] - Components::process(): Request for the process of identity...
  WARN root [0x00002cac] [2019-06-27 09:59:19,341] - EntityApp::checkTickPeriod: tick took 6175% (6.18 seconds)!
  INFO root [0x00002cac] [2019-06-27 09:59:20,367] - Components::findComponents: find logger(1)...
  INFO root [0x00002cac] [2019-06-27 09:59:20,417] - Components::findComponents: found logger, addr:192.168.56.1:63157
  INFO root [0x00002cac] [2019-06-27 09:59:20,418] - Components::addComponent: reset orderLog, uid=3960!
  INFO root [0x00002cac] [2019-06-27 09:59:20,418] - Components::addComponent[logger], uid=3960, componentID=2000, globalorderid=1, grouporderid=1, totalcount=1
  INFO root [0x00002cac] [2019-06-27 09:59:20,419] - Components::findComponents: find dbmgr(2)...
  INFO root [0x00002cac] [2019-06-27 09:59:20,522] - Components::findComponents: found dbmgr, addr:192.168.56.1:63153
  INFO root [0x00002cac] [2019-06-27 09:59:20,522] - Components::addComponent: reset orderLog, uid=3960!
  INFO root [0x00002cac] [2019-06-27 09:59:20,522] - Components::addComponent[dbmgr], uid=3960, componentID=4000, globalorderid=1, grouporderid=1, totalcount=1
  INFO root [0x00002cac] [2019-06-27 09:59:20,523] - Components::findComponents: found dbmgr, addr:192.168.56.1:63153
  WARN root [0x00002cac] [2019-06-27 09:59:21,523] - EntityApp::checkTickPeriod: tick took 1257% (1.26 seconds)!
  WARN root [0x00002cac] [2019-06-27 09:59:21,524] - Forwarding logs to logger[192.168.56.1:63157/0/0/0]...
 ERROR root [0x00002cac] [2019-06-27 10:05:16,018] - Components::removeComponentByChannel: logger : 2000, Abnormal exit(reason=TCPPacketReceiver::processRecv(): error=10054
)! Channel(timestamp=1479694820617, lastReceivedTime=1479682616777, inactivityExceptionPeriod=134887261)
  INFO root [0x00002cac] [2019-06-27 10:05:16,024] - The following logs sent to logger failed:
  WARN root [0x00002cac] [2019-06-27 10:05:16,024] - ==> [2019-06-27 10:05:16 015] TCPPacketReceiver::processPendingEvents(192.168.56.1:63157): Throwing REASON_GENERAL_NETWORK - WSAECONNRESET
 ERROR root [0x00002cac] [2019-06-27 10:05:16,024] - ==> [2019-06-27 10:05:16 018] Components::removeComponentByChannel: logger : 2000, Abnormal exit(reason=TCPPacketReceiver::processRecv(): error=10054
)! Channel(timestamp=1479694820617, lastReceivedTime=1479682616777, inactivityExceptionPeriod=134887261)
  WARN root [0x00002cac] [2019-06-27 10:05:16,137] - TCPPacketReceiver::processPendingEvents(192.168.56.1:63153): Throwing REASON_GENERAL_NETWORK - WSAECONNRESET
 ERROR root [0x00002cac] [2019-06-27 10:05:16,141] - Components::removeComponentByChannel: dbmgr : 4000, Abnormal exit(reason=TCPPacketReceiver::processRecv(): error=10054
)! Channel(timestamp=1479695098432, lastReceivedTime=1479682528090, inactivityExceptionPeriod=134887261)
  INFO root [0x00002cac] [2019-06-27 10:05:16,156] - Shutdowner::onShutdownBegin: shutting down(period=0, tickPeriod=1)
  INFO root [0x00002cac] [2019-06-27 10:05:16,164] - Shutdowner::onShutdown: shutting down
  INFO root [0x00002cac] [2019-06-27 10:05:16,167] - Spaces::destroySpace: 1.
  INFO root [0x00002cac] [2019-06-27 10:05:16,168] - Shutdowner::onShutdownEnd: shutting down
 DEBUG root [0x00002cac] [2019-06-27 10:05:16,168] - Account::~Account(): 2002
 DEBUG root [0x00002cac] [2019-06-27 10:05:16,168] - Account::~Account(): 2004
 DEBUG root [0x00002cac] [2019-06-27 10:05:16,168] - Account::~Account(): 2005
 DEBUG root [0x00002cac] [2019-06-27 10:05:16,169] - EntityRef::destroyObjPool(): size 16.
 DEBUG root [0x00002cac] [2019-06-27 10:05:16,169] - Witness::destroyObjPool(): size 16.
 ERROR root [0x00002cac] [2019-06-27 10:05:16,183] - EntityGarbages::~EntityGarbages(): leaked, size=1.
 ERROR root [0x00002cac] [2019-06-27 10:05:16,186] - 	--> leaked: Room(2003).
 ERROR root [0x00002cac] [2019-06-27 10:05:16,187] - PyGC::debugTracing(): EntityCall : leaked(4)
 ERROR root [0x00002cac] [2019-06-27 10:05:16,188] - PyGC::debugTracing(): Vector3 : leaked(2)
 ERROR root [0x00002cac] [2019-06-27 10:05:16,189] - PyGC::debugTracing(): Entity : leaked(1)
 DEBUG root [0x00002cac] [2019-06-27 10:05:16,196] - Room::~Room(): 2003
  INFO root [0x00002cac] [2019-06-27 10:05:16,207] - Script::uninstall(): is successfully!
 DEBUG root [0x00002cac] [2019-06-27 10:05:16,208] - ThreadPool::destroy(): starting size 2.
  WARN root [0x00002cac] [2019-06-27 10:05:16,509] - ThreadPool::destroy(): waiting for thread(2)[0x17f4b50,0x17f4538,], try=1
  INFO root [0x000043b8] [2019-06-27 10:07:18,502] - 
  INFO root [0x000043b8] [2019-06-27 10:07:18,503] - -----------------------------------------------------------------------------------------


  INFO root [0x000043b8] [2019-06-27 10:07:18,504] - Resmgr::initialize: KBE_ROOT=D:/kbengine/
  INFO root [0x000043b8] [2019-06-27 10:07:18,504] - Resmgr::initialize: KBE_RES_PATH=D:/kbengine/kbe/res/;D:/kbengine/HappyPoker_assets/;D:/kbengine/HappyPoker_assets/scripts/;D:/kbengine/HappyPoker_assets/res/
  INFO root [0x000043b8] [2019-06-27 10:07:18,504] - Resmgr::initialize: KBE_BIN_PATH=D:/kbengine/kbe/bin/server/
  INFO root [0x000043b8] [2019-06-27 10:07:18,539] - NetworkInterface::initialize(INTERNAL-TCP): bound to all interfaces with default route interface on 192.168.56.1 ( 192.168.56.1:63248 )
  INFO root [0x000043b8] [2019-06-27 10:07:18,539] - NetworkInterface::initialize(INTERNAL-TCP): address 192.168.56.1:63248, SOMAXCONN=5.
  INFO root [0x000043b8] [2019-06-27 10:07:18,540] - server-configs:
  INFO root [0x000043b8] [2019-06-27 10:07:18,540] - 	gameUpdateHertz : 10
  INFO root [0x000043b8] [2019-06-27 10:07:18,540] - 	defaultViewRadius : 80
  INFO root [0x000043b8] [2019-06-27 10:07:18,540] - 	defaultViewHysteresisArea : 5
  INFO root [0x000043b8] [2019-06-27 10:07:18,540] - 	entryScriptFile : kbemain
  INFO root [0x000043b8] [2019-06-27 10:07:18,540] - 	internalTcpAddr : 192.168.56.1:63248
  INFO root [0x000043b8] [2019-06-27 10:07:18,540] - 	componentID : 8001
  WARN root [0x000043b8] [2019-06-27 10:07:18,541] - invalid UID(0) <= 0, please check UID for environment! automatically set to 3960.
  INFO root [0x000043b8] [2019-06-27 10:07:20,045] - ---- cellapp Version: 2.4.5. ScriptVersion: 0.1.0. Pythoncore: 3.7.3. Protocol: C9FCABE153AC3D64A8F240810ADA666D. Config: Debug X86. Built: 09:56:57 May  8 2019. AppID: 8001. UID: 3960. PID: 16808 ----
  INFO root [0x000043b8] [2019-06-27 10:07:20,046] - Server error_name: Intel(R) Core(TM) i5-6300HQ CPU @ 2.30GHz with 2097151kB RAM
  INFO root [0x000043b8] [2019-06-27 10:07:20,046] - ThreadPool::createThreadPool: creating  threadpool...
  INFO root [0x000043b8] [2019-06-27 10:07:20,047] - ThreadPool::createThreadPool: successfully(2), newThreadCount=1, normalMaxThreadCount=2, maxThreadCount=8
  INFO root [0x000043b8] [2019-06-27 10:07:20,276] - Script::install(): is successfully, Python=(3.7.3 (default, May  8 2019, 09:53:38) [MSC v.1916 32 bit (Intel)])!
  INFO root [0x000043b8] [2019-06-27 10:07:20,276] - Script::install(): KBExtra is successfully!
  WARN root [0x000043b8] [2019-06-27 10:07:20,400] - EntityDef::checkDefMethod: exposed of method: Account.leaveRoom, check the caller can use "def leaveRoom(self, callerID, ...)", such as: if callerID == self.id!
  WARN root [0x000043b8] [2019-06-27 10:07:20,400] - EntityDef::checkDefMethod: exposed of method: Account.playerMakeLandlord, check the caller can use "def playerMakeLandlord(self, callerID, ...)", such as: if callerID == self.id!
  WARN root [0x000043b8] [2019-06-27 10:07:20,401] - EntityDef::checkDefMethod: exposed of method: Account.setGameReady, check the caller can use "def setGameReady(self, callerID, ...)", such as: if callerID == self.id!
 DEBUG root [0x000043b8] [2019-06-27 10:07:20,401] - loaded entity-script:Account(1).
  WARN root [0x000043b8] [2019-06-27 10:07:20,403] - EntityDef::checkDefMethod: exposed of method: Room.playPoker, check the caller can use "def playPoker(self, callerID, ...)", such as: if callerID == self.id!
  WARN root [0x000043b8] [2019-06-27 10:07:20,403] - EntityDef::checkDefMethod: exposed of method: Room.unPlayPoker, check the caller can use "def unPlayPoker(self, callerID, ...)", such as: if callerID == self.id!
 DEBUG root [0x000043b8] [2019-06-27 10:07:20,404] - loaded entity-script:Room(3).
  INFO root [0x000043b8] [2019-06-27 10:07:20,404] - TelnetServer server is running on port 50000
  INFO root [0x000043b8] [2019-06-27 10:07:20,843] - ---- cellapp is running ----
 DEBUG root [0x000043b8] [2019-06-27 10:07:20,843] - Components::process(): Request for the process of identity...
  WARN root [0x000043b8] [2019-06-27 10:07:26,973] - EntityApp::checkTickPeriod: tick took 6130% (6.13 seconds)!
  INFO root [0x000043b8] [2019-06-27 10:07:28,005] - Components::findComponents: find logger(1)...
  INFO root [0x000043b8] [2019-06-27 10:07:28,037] - Components::findComponents: found logger, addr:192.168.56.1:63254
  INFO root [0x000043b8] [2019-06-27 10:07:28,038] - Components::addComponent: reset orderLog, uid=3960!
  INFO root [0x000043b8] [2019-06-27 10:07:28,038] - Components::addComponent[logger], uid=3960, componentID=2000, globalorderid=1, grouporderid=1, totalcount=1
  INFO root [0x000043b8] [2019-06-27 10:07:28,039] - Components::findComponents: find dbmgr(2)...
  INFO root [0x000043b8] [2019-06-27 10:07:28,143] - Components::findComponents: found dbmgr, addr:192.168.56.1:63252
  INFO root [0x000043b8] [2019-06-27 10:07:28,143] - Components::addComponent: reset orderLog, uid=3960!
  INFO root [0x000043b8] [2019-06-27 10:07:28,143] - Components::addComponent[dbmgr], uid=3960, componentID=4000, globalorderid=1, grouporderid=1, totalcount=1
  INFO root [0x000043b8] [2019-06-27 10:07:28,150] - Components::findComponents: found dbmgr, addr:192.168.56.1:63252
  WARN root [0x000043b8] [2019-06-27 10:07:29,150] - Forwarding logs to logger[192.168.56.1:63254/0/0/0]...
 ERROR root [0x000043b8] [2019-06-27 10:10:52,829] - Components::removeComponentByChannel: logger : 2000, Abnormal exit(reason=TCPPacketReceiver::processRecv(): error=10054
)! Channel(timestamp=1480452646744, lastReceivedTime=1480443069682, inactivityExceptionPeriod=134887373)
  INFO root [0x000043b8] [2019-06-27 10:10:52,832] - The following logs sent to logger failed:
  WARN root [0x000043b8] [2019-06-27 10:10:52,832] - ==> [2019-06-27 10:10:52 826] TCPPacketReceiver::processPendingEvents(192.168.56.1:63254): Throwing REASON_GENERAL_NETWORK - WSAECONNRESET
 ERROR root [0x000043b8] [2019-06-27 10:10:52,832] - ==> [2019-06-27 10:10:52 830] Components::removeComponentByChannel: logger : 2000, Abnormal exit(reason=TCPPacketReceiver::processRecv(): error=10054
)! Channel(timestamp=1480452646744, lastReceivedTime=1480443069682, inactivityExceptionPeriod=134887373)
  WARN root [0x000043b8] [2019-06-27 10:10:52,940] - TCPPacketReceiver::processPendingEvents(192.168.56.1:63252): Throwing REASON_GENERAL_NETWORK - WSAECONNRESET
 ERROR root [0x000043b8] [2019-06-27 10:10:52,942] - Components::removeComponentByChannel: dbmgr : 4000, Abnormal exit(reason=TCPPacketReceiver::processRecv(): error=10054
)! Channel(timestamp=1480452901702, lastReceivedTime=1480443074052, inactivityExceptionPeriod=134887373)
  INFO root [0x000043b8] [2019-06-27 10:10:52,951] - Shutdowner::onShutdownBegin: shutting down(period=0, tickPeriod=1)
  INFO root [0x000043b8] [2019-06-27 10:10:52,952] - Shutdowner::onShutdown: shutting down
  INFO root [0x000043b8] [2019-06-27 10:10:52,954] - Spaces::destroySpace: 1.
  INFO root [0x000043b8] [2019-06-27 10:10:52,954] - Shutdowner::onShutdownEnd: shutting down
 DEBUG root [0x000043b8] [2019-06-27 10:10:52,955] - Account::~Account(): 2
 DEBUG root [0x000043b8] [2019-06-27 10:10:52,955] - Account::~Account(): 4
 DEBUG root [0x000043b8] [2019-06-27 10:10:52,955] - Account::~Account(): 5
 DEBUG root [0x000043b8] [2019-06-27 10:10:52,955] - EntityRef::destroyObjPool(): size 16.
 DEBUG root [0x000043b8] [2019-06-27 10:10:52,956] - Witness::destroyObjPool(): size 16.
 DEBUG root [0x000043b8] [2019-06-27 10:10:52,966] - Room::~Room(): 3
  INFO root [0x000043b8] [2019-06-27 10:10:52,982] - Script::uninstall(): is successfully!
 DEBUG root [0x000043b8] [2019-06-27 10:10:52,982] - ThreadPool::destroy(): starting size 2.
  WARN root [0x000043b8] [2019-06-27 10:10:53,283] - ThreadPool::destroy(): waiting for thread(2)[0x176c8e8,0x176c060,], try=1
  INFO root [0x00004144] [2019-06-27 10:10:54,805] - 
  INFO root [0x00004144] [2019-06-27 10:10:54,809] - -----------------------------------------------------------------------------------------


  INFO root [0x00004144] [2019-06-27 10:10:54,810] - Resmgr::initialize: KBE_ROOT=D:/kbengine/
  INFO root [0x00004144] [2019-06-27 10:10:54,810] - Resmgr::initialize: KBE_RES_PATH=D:/kbengine/kbe/res/;D:/kbengine/HappyPoker_assets/;D:/kbengine/HappyPoker_assets/scripts/;D:/kbengine/HappyPoker_assets/res/
  INFO root [0x00004144] [2019-06-27 10:10:54,810] - Resmgr::initialize: KBE_BIN_PATH=D:/kbengine/kbe/bin/server/
  INFO root [0x00004144] [2019-06-27 10:10:54,829] - NetworkInterface::initialize(INTERNAL-TCP): bound to all interfaces with default route interface on 192.168.56.1 ( 192.168.56.1:63335 )
  INFO root [0x00004144] [2019-06-27 10:10:54,829] - NetworkInterface::initialize(INTERNAL-TCP): address 192.168.56.1:63335, SOMAXCONN=5.
  INFO root [0x00004144] [2019-06-27 10:10:54,829] - server-configs:
  INFO root [0x00004144] [2019-06-27 10:10:54,830] - 	gameUpdateHertz : 10
  INFO root [0x00004144] [2019-06-27 10:10:54,830] - 	defaultViewRadius : 80
  INFO root [0x00004144] [2019-06-27 10:10:54,830] - 	defaultViewHysteresisArea : 5
  INFO root [0x00004144] [2019-06-27 10:10:54,830] - 	entryScriptFile : kbemain
  INFO root [0x00004144] [2019-06-27 10:10:54,830] - 	internalTcpAddr : 192.168.56.1:63335
  INFO root [0x00004144] [2019-06-27 10:10:54,830] - 	componentID : 8001
  WARN root [0x00004144] [2019-06-27 10:10:54,831] - invalid UID(0) <= 0, please check UID for environment! automatically set to 3960.
  INFO root [0x00004144] [2019-06-27 10:10:55,234] - Components::findLogger: found logger, addr:192.168.56.1:63329
  INFO root [0x00004144] [2019-06-27 10:10:55,234] - Components::addComponent: reset orderLog, uid=3960!
  INFO root [0x00004144] [2019-06-27 10:10:55,234] - Components::addComponent[logger], uid=3960, componentID=2000, globalorderid=1, grouporderid=1, totalcount=1
  INFO root [0x00004144] [2019-06-27 10:10:55,239] - ---- cellapp Version: 2.4.5. ScriptVersion: 0.1.0. Pythoncore: 3.7.3. Protocol: C9FCABE153AC3D64A8F240810ADA666D. Config: Debug X86. Built: 09:56:57 May  8 2019. AppID: 8001. UID: 3960. PID: 20048 ----
  INFO root [0x00004144] [2019-06-27 10:10:55,240] - Server error_name: Intel(R) Core(TM) i5-6300HQ CPU @ 2.30GHz with 2097151kB RAM
  INFO root [0x00004144] [2019-06-27 10:10:55,240] - ThreadPool::createThreadPool: creating  threadpool...
  INFO root [0x00004144] [2019-06-27 10:10:55,240] - ThreadPool::createThreadPool: successfully(2), newThreadCount=1, normalMaxThreadCount=2, maxThreadCount=8
  INFO root [0x00004144] [2019-06-27 10:10:55,450] - Script::install(): is successfully, Python=(3.7.3 (default, May  8 2019, 09:53:38) [MSC v.1916 32 bit (Intel)])!
  INFO root [0x00004144] [2019-06-27 10:10:55,450] - Script::install(): KBExtra is successfully!
  WARN root [0x00004144] [2019-06-27 10:10:55,599] - EntityDef::checkDefMethod: exposed of method: Account.leaveRoom, check the caller can use "def leaveRoom(self, callerID, ...)", such as: if callerID == self.id!
  WARN root [0x00004144] [2019-06-27 10:10:55,600] - EntityDef::checkDefMethod: exposed of method: Account.playerMakeLandlord, check the caller can use "def playerMakeLandlord(self, callerID, ...)", such as: if callerID == self.id!
  WARN root [0x00004144] [2019-06-27 10:10:55,600] - EntityDef::checkDefMethod: exposed of method: Account.setGameReady, check the caller can use "def setGameReady(self, callerID, ...)", such as: if callerID == self.id!
 DEBUG root [0x00004144] [2019-06-27 10:10:55,600] - loaded entity-script:Account(1).
  WARN root [0x00004144] [2019-06-27 10:10:55,602] - EntityDef::checkDefMethod: exposed of method: Room.playPoker, check the caller can use "def playPoker(self, callerID, ...)", such as: if callerID == self.id!
  WARN root [0x00004144] [2019-06-27 10:10:55,603] - EntityDef::checkDefMethod: exposed of method: Room.unPlayPoker, check the caller can use "def unPlayPoker(self, callerID, ...)", such as: if callerID == self.id!
 DEBUG root [0x00004144] [2019-06-27 10:10:55,603] - loaded entity-script:Room(3).
  INFO root [0x00004144] [2019-06-27 10:10:55,604] - TelnetServer server is running on port 50000
  INFO root [0x00004144] [2019-06-27 10:10:56,083] - ---- cellapp is running ----
 DEBUG root [0x00004144] [2019-06-27 10:10:56,084] - Components::process(): Request for the process of identity...
  WARN root [0x00004144] [2019-06-27 10:11:02,227] - Forwarding logs to logger[192.168.56.1:63329/0/0/0]...
 ERROR root [0x00004144] [2019-06-27 10:16:35,092] - Components::removeComponentByChannel: logger : 2000, Abnormal exit(reason=TCPPacketReceiver::processRecv(): error=10054
)! Channel(timestamp=1481222741022, lastReceivedTime=1481199250479, inactivityExceptionPeriod=134887628)
  INFO root [0x00004144] [2019-06-27 10:16:35,095] - The following logs sent to logger failed:
  WARN root [0x00004144] [2019-06-27 10:16:35,095] - ==> [2019-06-27 10:16:35 093] TCPPacketReceiver::processPendingEvents(192.168.56.1:63329): Throwing REASON_GENERAL_NETWORK - WSAECONNRESET
 ERROR root [0x00004144] [2019-06-27 10:16:35,095] - ==> [2019-06-27 10:16:35 094] Components::removeComponentByChannel: logger : 2000, Abnormal exit(reason=TCPPacketReceiver::processRecv(): error=10054
)! Channel(timestamp=1481222741022, lastReceivedTime=1481199250479, inactivityExceptionPeriod=134887628)
  WARN root [0x00004144] [2019-06-27 10:16:35,204] - TCPPacketReceiver::processPendingEvents(192.168.56.1:63333): Throwing REASON_GENERAL_NETWORK - WSAECONNRESET
 ERROR root [0x00004144] [2019-06-27 10:16:35,209] - Components::removeComponentByChannel: dbmgr : 4000, Abnormal exit(reason=TCPPacketReceiver::processRecv(): error=10054
)! Channel(timestamp=1481223003579, lastReceivedTime=1481199422078, inactivityExceptionPeriod=134887628)
  INFO root [0x00004144] [2019-06-27 10:16:35,213] - Shutdowner::onShutdownBegin: shutting down(period=0, tickPeriod=1)
  INFO root [0x00004144] [2019-06-27 10:16:35,214] - Shutdowner::onShutdown: shutting down
  INFO root [0x00004144] [2019-06-27 10:16:35,215] - Spaces::destroySpace: 1.
  INFO root [0x00004144] [2019-06-27 10:16:35,215] - Shutdowner::onShutdownEnd: shutting down
 DEBUG root [0x00004144] [2019-06-27 10:16:35,215] - EntityRef::destroyObjPool(): size 16.
 DEBUG root [0x00004144] [2019-06-27 10:16:35,216] - Witness::destroyObjPool(): size 16.
 ERROR root [0x00004144] [2019-06-27 10:16:35,226] - EntityGarbages::~EntityGarbages(): leaked, size=1.
 ERROR root [0x00004144] [2019-06-27 10:16:35,227] - 	--> leaked: Room(2003).
 ERROR root [0x00004144] [2019-06-27 10:16:35,228] - PyGC::debugTracing(): EntityCall : leaked(1)
 ERROR root [0x00004144] [2019-06-27 10:16:35,228] - PyGC::debugTracing(): Vector3 : leaked(2)
 ERROR root [0x00004144] [2019-06-27 10:16:35,228] - PyGC::debugTracing(): Entity : leaked(1)
 DEBUG root [0x00004144] [2019-06-27 10:16:35,232] - Room::~Room(): 2003
  INFO root [0x00004144] [2019-06-27 10:16:35,242] - Script::uninstall(): is successfully!
 DEBUG root [0x00004144] [2019-06-27 10:16:35,242] - ThreadPool::destroy(): starting size 2.
  WARN root [0x00004144] [2019-06-27 10:16:35,543] - ThreadPool::destroy(): waiting for thread(2)[0x19455e0,0x19a1aa8,], try=1
