  INFO root [0x00002314] [2019-06-15 10:27:05,058] - 
  INFO root [0x00002314] [2019-06-15 10:27:05,062] - -----------------------------------------------------------------------------------------


  INFO root [0x00002314] [2019-06-15 10:27:05,336] - Resmgr::initialize: KBE_ROOT=D:/kbengine/
  INFO root [0x00002314] [2019-06-15 10:27:05,337] - Resmgr::initialize: KBE_RES_PATH=D:/kbengine/kbe/res/;D:/kbengine/HappyPoker_assets/;D:/kbengine/HappyPoker_assets/scripts/;D:/kbengine/HappyPoker_assets/res/
  INFO root [0x00002314] [2019-06-15 10:27:05,337] - Resmgr::initialize: KBE_BIN_PATH=D:/kbengine/kbe/bin/server/
  INFO root [0x00002314] [2019-06-15 10:27:05,454] - NetworkInterface::initialize(INTERNAL-TCP): bound to all interfaces with default route interface on 192.168.56.1 ( 192.168.56.1:51893 )
  INFO root [0x00002314] [2019-06-15 10:27:05,457] - NetworkInterface::initialize(INTERNAL-TCP): address 192.168.56.1:51893, SOMAXCONN=5.
  INFO root [0x00002314] [2019-06-15 10:27:05,457] - server-configs:
  INFO root [0x00002314] [2019-06-15 10:27:05,457] - 	gameUpdateHertz : 10
  INFO root [0x00002314] [2019-06-15 10:27:05,509] - 	defaultViewRadius : 80
  INFO root [0x00002314] [2019-06-15 10:27:05,510] - 	defaultViewHysteresisArea : 5
  INFO root [0x00002314] [2019-06-15 10:27:05,510] - 	entryScriptFile : kbemain
  INFO root [0x00002314] [2019-06-15 10:27:05,510] - 	internalTcpAddr : 192.168.56.1:51893
  INFO root [0x00002314] [2019-06-15 10:27:05,510] - 	componentID : 8001
  WARN root [0x00002314] [2019-06-15 10:27:05,510] - invalid UID(0) <= 0, please check UID for environment! automatically set to 3960.
  INFO root [0x00002314] [2019-06-15 10:27:05,675] - ---- cellapp Version: 2.4.5. ScriptVersion: 0.1.0. Pythoncore: 3.7.3. Protocol: C9FCABE153AC3D64A8F240810ADA666D. Config: Debug X86. Built: 09:56:57 May  8 2019. AppID: 8001. UID: 3960. PID: 4068 ----
  INFO root [0x00002314] [2019-06-15 10:27:05,676] - Server error_name: Intel(R) Core(TM) i5-6300HQ CPU @ 2.30GHz with 2097151kB RAM
  INFO root [0x00002314] [2019-06-15 10:27:05,683] - ThreadPool::createThreadPool: creating  threadpool...
  INFO root [0x00002314] [2019-06-15 10:27:05,684] - ThreadPool::createThreadPool: successfully(2), newThreadCount=1, normalMaxThreadCount=2, maxThreadCount=8
  INFO root [0x00002314] [2019-06-15 10:27:06,497] - Script::install(): is successfully, Python=(3.7.3 (default, May  8 2019, 09:53:38) [MSC v.1916 32 bit (Intel)])!
  INFO root [0x00002314] [2019-06-15 10:27:06,497] - Script::install(): KBExtra is successfully!
  WARN root [0x00002314] [2019-06-15 10:27:07,993] - EntityDef::checkDefMethod: exposed of method: Account.playerMakeLandlord, check the caller can use "def playerMakeLandlord(self, callerID, ...)", such as: if callerID == self.id!
  WARN root [0x00002314] [2019-06-15 10:27:07,995] - EntityDef::checkDefMethod: exposed of method: Account.setGameReady, check the caller can use "def setGameReady(self, callerID, ...)", such as: if callerID == self.id!
 DEBUG root [0x00002314] [2019-06-15 10:27:07,995] - loaded entity-script:Account(1).
  WARN root [0x00002314] [2019-06-15 10:27:07,999] - EntityDef::checkDefMethod: exposed of method: Room.playPoker, check the caller can use "def playPoker(self, callerID, ...)", such as: if callerID == self.id!
  WARN root [0x00002314] [2019-06-15 10:27:08,000] - EntityDef::checkDefMethod: exposed of method: Room.unPlayPoker, check the caller can use "def unPlayPoker(self, callerID, ...)", such as: if callerID == self.id!
 DEBUG root [0x00002314] [2019-06-15 10:27:08,001] - loaded entity-script:Room(3).
  INFO root [0x00002314] [2019-06-15 10:27:08,039] - TelnetServer server is running on port 50000
  INFO root [0x00002314] [2019-06-15 10:27:09,189] - ---- cellapp is running ----
 DEBUG root [0x00002314] [2019-06-15 10:27:09,294] - Components::process(): Request for the process of identity...
  WARN root [0x00002314] [2019-06-15 10:27:15,610] - EntityApp::checkTickPeriod: tick took 6421% (6.42 seconds)!
  INFO root [0x00002314] [2019-06-15 10:27:16,633] - Components::findComponents: find logger(1)...
  INFO root [0x00002314] [2019-06-15 10:27:16,698] - Components::findComponents: found logger, addr:192.168.56.1:51888
  INFO root [0x00002314] [2019-06-15 10:27:16,699] - Components::addComponent: reset orderLog, uid=3960!
  INFO root [0x00002314] [2019-06-15 10:27:16,699] - Components::addComponent[logger], uid=3960, componentID=2000, globalorderid=1, grouporderid=1, totalcount=1
  INFO root [0x00002314] [2019-06-15 10:27:16,722] - Components::findComponents: find dbmgr(2)...
  INFO root [0x00002314] [2019-06-15 10:27:16,809] - Components::findComponents: found dbmgr, addr:192.168.56.1:51890
  INFO root [0x00002314] [2019-06-15 10:27:16,809] - Components::addComponent: reset orderLog, uid=3960!
  INFO root [0x00002314] [2019-06-15 10:27:16,809] - Components::addComponent[dbmgr], uid=3960, componentID=4000, globalorderid=1, grouporderid=1, totalcount=1
  INFO root [0x00002314] [2019-06-15 10:27:16,810] - Components::findComponents: found dbmgr, addr:192.168.56.1:51890
  WARN root [0x00002314] [2019-06-15 10:27:17,811] - Forwarding logs to logger[192.168.56.1:51888/0/0/0]...
 ERROR root [0x00002314] [2019-06-15 10:28:02,477] - Components::removeComponentByChannel: logger : 2000, Abnormal exit(reason=TCPPacketReceiver::processRecv(): error=10054
)! Channel(timestamp=8020396362, lastReceivedTime=8018575476, inactivityExceptionPeriod=134887325)
  INFO root [0x00002314] [2019-06-15 10:28:02,487] - The following logs sent to logger failed:
  WARN root [0x00002314] [2019-06-15 10:28:02,488] - ==> [2019-06-15 10:28:02 472] TCPPacketReceiver::processPendingEvents(192.168.56.1:51888): Throwing REASON_GENERAL_NETWORK - WSAECONNRESET
 ERROR root [0x00002314] [2019-06-15 10:28:02,488] - ==> [2019-06-15 10:28:02 477] Components::removeComponentByChannel: logger : 2000, Abnormal exit(reason=TCPPacketReceiver::processRecv(): error=10054
)! Channel(timestamp=8020396362, lastReceivedTime=8018575476, inactivityExceptionPeriod=134887325)
  WARN root [0x00002314] [2019-06-15 10:28:02,606] - TCPPacketReceiver::processPendingEvents(192.168.56.1:51890): Throwing REASON_GENERAL_NETWORK - WSAECONNRESET
 ERROR root [0x00002314] [2019-06-15 10:28:02,613] - Components::removeComponentByChannel: dbmgr : 4000, Abnormal exit(reason=TCPPacketReceiver::processRecv(): error=10054
)! Channel(timestamp=8020704243, lastReceivedTime=8020531179, inactivityExceptionPeriod=134887325)
  INFO root [0x00002314] [2019-06-15 10:28:02,616] - Shutdowner::onShutdownBegin: shutting down(period=0, tickPeriod=1)
  INFO root [0x00002314] [2019-06-15 10:28:02,617] - Shutdowner::onShutdown: shutting down
  INFO root [0x00002314] [2019-06-15 10:28:02,617] - Shutdowner::onShutdownEnd: shutting down
 DEBUG root [0x00002314] [2019-06-15 10:28:02,658] - EntityRef::destroyObjPool(): size 0.
 DEBUG root [0x00002314] [2019-06-15 10:28:02,659] - Witness::destroyObjPool(): size 0.
  INFO root [0x00002314] [2019-06-15 10:28:02,721] - Script::uninstall(): is successfully!
 DEBUG root [0x00002314] [2019-06-15 10:28:02,722] - ThreadPool::destroy(): starting size 2.
  WARN root [0x00002314] [2019-06-15 10:28:03,052] - ThreadPool::destroy(): waiting for thread(2)[0xae7b8,0xae8f0,], try=1
  INFO root [0x00002898] [2019-06-15 10:40:39,587] - 
  INFO root [0x00002898] [2019-06-15 10:40:39,587] - -----------------------------------------------------------------------------------------


  INFO root [0x00002898] [2019-06-15 10:40:39,589] - Resmgr::initialize: KBE_ROOT=D:/kbengine/
  INFO root [0x00002898] [2019-06-15 10:40:39,589] - Resmgr::initialize: KBE_RES_PATH=D:/kbengine/kbe/res/;D:/kbengine/HappyPoker_assets/;D:/kbengine/HappyPoker_assets/scripts/;D:/kbengine/HappyPoker_assets/res/
  INFO root [0x00002898] [2019-06-15 10:40:39,590] - Resmgr::initialize: KBE_BIN_PATH=D:/kbengine/kbe/bin/server/
  INFO root [0x00002898] [2019-06-15 10:40:39,605] - NetworkInterface::initialize(INTERNAL-TCP): bound to all interfaces with default route interface on 192.168.56.1 ( 192.168.56.1:52332 )
  INFO root [0x00002898] [2019-06-15 10:40:39,606] - NetworkInterface::initialize(INTERNAL-TCP): address 192.168.56.1:52332, SOMAXCONN=5.
  INFO root [0x00002898] [2019-06-15 10:40:39,606] - server-configs:
  INFO root [0x00002898] [2019-06-15 10:40:39,606] - 	gameUpdateHertz : 10
  INFO root [0x00002898] [2019-06-15 10:40:39,606] - 	defaultViewRadius : 80
  INFO root [0x00002898] [2019-06-15 10:40:39,606] - 	defaultViewHysteresisArea : 5
  INFO root [0x00002898] [2019-06-15 10:40:39,607] - 	entryScriptFile : kbemain
  INFO root [0x00002898] [2019-06-15 10:40:39,607] - 	internalTcpAddr : 192.168.56.1:52332
  INFO root [0x00002898] [2019-06-15 10:40:39,607] - 	componentID : 8001
  WARN root [0x00002898] [2019-06-15 10:40:39,615] - invalid UID(0) <= 0, please check UID for environment! automatically set to 3960.
  INFO root [0x00002898] [2019-06-15 10:40:41,121] - ---- cellapp Version: 2.4.5. ScriptVersion: 0.1.0. Pythoncore: 3.7.3. Protocol: C9FCABE153AC3D64A8F240810ADA666D. Config: Debug X86. Built: 09:56:57 May  8 2019. AppID: 8001. UID: 3960. PID: 9304 ----
  INFO root [0x00002898] [2019-06-15 10:40:41,121] - Server error_name: Intel(R) Core(TM) i5-6300HQ CPU @ 2.30GHz with 2097151kB RAM
  INFO root [0x00002898] [2019-06-15 10:40:41,122] - ThreadPool::createThreadPool: creating  threadpool...
  INFO root [0x00002898] [2019-06-15 10:40:41,122] - ThreadPool::createThreadPool: successfully(2), newThreadCount=1, normalMaxThreadCount=2, maxThreadCount=8
  INFO root [0x00002898] [2019-06-15 10:40:41,375] - Script::install(): is successfully, Python=(3.7.3 (default, May  8 2019, 09:53:38) [MSC v.1916 32 bit (Intel)])!
  INFO root [0x00002898] [2019-06-15 10:40:41,375] - Script::install(): KBExtra is successfully!
  WARN root [0x00002898] [2019-06-15 10:40:41,546] - EntityDef::checkDefMethod: exposed of method: Account.playerMakeLandlord, check the caller can use "def playerMakeLandlord(self, callerID, ...)", such as: if callerID == self.id!
  WARN root [0x00002898] [2019-06-15 10:40:41,547] - EntityDef::checkDefMethod: exposed of method: Account.setGameReady, check the caller can use "def setGameReady(self, callerID, ...)", such as: if callerID == self.id!
 DEBUG root [0x00002898] [2019-06-15 10:40:41,547] - loaded entity-script:Account(1).
  WARN root [0x00002898] [2019-06-15 10:40:41,550] - EntityDef::checkDefMethod: exposed of method: Room.playPoker, check the caller can use "def playPoker(self, callerID, ...)", such as: if callerID == self.id!
  WARN root [0x00002898] [2019-06-15 10:40:41,550] - EntityDef::checkDefMethod: exposed of method: Room.unPlayPoker, check the caller can use "def unPlayPoker(self, callerID, ...)", such as: if callerID == self.id!
 DEBUG root [0x00002898] [2019-06-15 10:40:41,551] - loaded entity-script:Room(3).
  INFO root [0x00002898] [2019-06-15 10:40:41,551] - TelnetServer server is running on port 50000
  INFO root [0x00002898] [2019-06-15 10:40:42,023] - ---- cellapp is running ----
 DEBUG root [0x00002898] [2019-06-15 10:40:42,023] - Components::process(): Request for the process of identity...
  WARN root [0x00002898] [2019-06-15 10:40:42,462] - BundleBroadcast::BundleBroadcast: Cannot bind to port 20212, errorno=10048
  WARN root [0x00002898] [2019-06-15 10:40:48,616] - EntityApp::checkTickPeriod: tick took 6592% (6.59 seconds)!
  INFO root [0x00002898] [2019-06-15 10:40:49,692] - Components::findComponents: find logger(1)...
  INFO root [0x00002898] [2019-06-15 10:40:49,700] - Components::findComponents: found logger, addr:192.168.56.1:52340
  INFO root [0x00002898] [2019-06-15 10:40:49,700] - Components::addComponent: reset orderLog, uid=3960!
  INFO root [0x00002898] [2019-06-15 10:40:49,701] - Components::addComponent[logger], uid=3960, componentID=2000, globalorderid=1, grouporderid=1, totalcount=1
  INFO root [0x00002898] [2019-06-15 10:40:49,702] - Components::findComponents: find dbmgr(2)...
  INFO root [0x00002898] [2019-06-15 10:40:49,806] - Components::findComponents: found dbmgr, addr:192.168.56.1:52338
  INFO root [0x00002898] [2019-06-15 10:40:49,806] - Components::addComponent: reset orderLog, uid=3960!
  INFO root [0x00002898] [2019-06-15 10:40:49,807] - Components::addComponent[dbmgr], uid=3960, componentID=4000, globalorderid=1, grouporderid=1, totalcount=1
  INFO root [0x00002898] [2019-06-15 10:40:49,807] - Components::findComponents: found dbmgr, addr:192.168.56.1:52338
  WARN root [0x00002898] [2019-06-15 10:40:50,807] - Forwarding logs to logger[192.168.56.1:52340/0/0/0]...
 ERROR root [0x00002898] [2019-06-15 10:41:55,204] - Components::removeComponentByChannel: logger : 2000, Abnormal exit(reason=TCPPacketReceiver::processRecv(): error=10054
)! Channel(timestamp=9894033334, lastReceivedTime=9859436671, inactivityExceptionPeriod=134887085)
  INFO root [0x00002898] [2019-06-15 10:41:55,210] - The following logs sent to logger failed:
  WARN root [0x00002898] [2019-06-15 10:41:55,211] - ==> [2019-06-15 10:41:55 203] TCPPacketReceiver::processPendingEvents(192.168.56.1:52340): Throwing REASON_GENERAL_NETWORK - WSAECONNRESET
 ERROR root [0x00002898] [2019-06-15 10:41:55,211] - ==> [2019-06-15 10:41:55 205] Components::removeComponentByChannel: logger : 2000, Abnormal exit(reason=TCPPacketReceiver::processRecv(): error=10054
)! Channel(timestamp=9894033334, lastReceivedTime=9859436671, inactivityExceptionPeriod=134887085)
  WARN root [0x00002898] [2019-06-15 10:41:55,328] - TCPPacketReceiver::processPendingEvents(192.168.56.1:52338): Throwing REASON_GENERAL_NETWORK - WSAECONNRESET
 ERROR root [0x00002898] [2019-06-15 10:41:55,332] - Components::removeComponentByChannel: dbmgr : 4000, Abnormal exit(reason=TCPPacketReceiver::processRecv(): error=10054
)! Channel(timestamp=9894321054, lastReceivedTime=9859420182, inactivityExceptionPeriod=134887085)
  INFO root [0x00002898] [2019-06-15 10:41:55,341] - Shutdowner::onShutdownBegin: shutting down(period=0, tickPeriod=1)
  INFO root [0x00002898] [2019-06-15 10:41:55,357] - Shutdowner::onShutdown: shutting down
  INFO root [0x00002898] [2019-06-15 10:41:55,357] - Shutdowner::onShutdownEnd: shutting down
 DEBUG root [0x00002898] [2019-06-15 10:41:55,358] - EntityRef::destroyObjPool(): size 0.
 DEBUG root [0x00002898] [2019-06-15 10:41:55,358] - Witness::destroyObjPool(): size 0.
  INFO root [0x00002898] [2019-06-15 10:41:55,403] - Script::uninstall(): is successfully!
 DEBUG root [0x00002898] [2019-06-15 10:41:55,403] - ThreadPool::destroy(): starting size 2.
  WARN root [0x00002898] [2019-06-15 10:41:55,705] - ThreadPool::destroy(): waiting for thread(2)[0x22d3b10,0x22d3838,], try=1
