  INFO root [0x00001718] [2019-06-20 08:08:20,554] - 
  INFO root [0x00001718] [2019-06-20 08:08:20,557] - -----------------------------------------------------------------------------------------


  INFO root [0x00001718] [2019-06-20 08:08:20,939] - Resmgr::initialize: KBE_ROOT=D:/kbengine/
  INFO root [0x00001718] [2019-06-20 08:08:20,939] - Resmgr::initialize: KBE_RES_PATH=D:/kbengine/kbe/res/;D:/kbengine/HappyPoker_assets/;D:/kbengine/HappyPoker_assets/scripts/;D:/kbengine/HappyPoker_assets/res/
  INFO root [0x00001718] [2019-06-20 08:08:20,939] - Resmgr::initialize: KBE_BIN_PATH=D:/kbengine/kbe/bin/server/
  INFO root [0x00001718] [2019-06-20 08:08:21,059] - NetworkInterface::initialize(INTERNAL-TCP): bound to all interfaces with default route interface on 192.168.56.1 ( 192.168.56.1:49922 )
  INFO root [0x00001718] [2019-06-20 08:08:21,060] - NetworkInterface::initialize(INTERNAL-TCP): address 192.168.56.1:49922, SOMAXCONN=5.
  INFO root [0x00001718] [2019-06-20 08:08:21,061] - server-configs:
  INFO root [0x00001718] [2019-06-20 08:08:21,061] - 	gameUpdateHertz : 10
  INFO root [0x00001718] [2019-06-20 08:08:21,109] - 	defaultViewRadius : 80
  INFO root [0x00001718] [2019-06-20 08:08:21,110] - 	defaultViewHysteresisArea : 5
  INFO root [0x00001718] [2019-06-20 08:08:21,110] - 	entryScriptFile : kbemain
  INFO root [0x00001718] [2019-06-20 08:08:21,110] - 	internalTcpAddr : 192.168.56.1:49922
  INFO root [0x00001718] [2019-06-20 08:08:21,110] - 	componentID : 8001
  WARN root [0x00001718] [2019-06-20 08:08:21,111] - invalid UID(0) <= 0, please check UID for environment! automatically set to 3960.
  INFO root [0x00001718] [2019-06-20 08:08:21,268] - Components::findLogger: found logger, addr:192.168.56.1:49910
  INFO root [0x00001718] [2019-06-20 08:08:21,269] - Components::addComponent: reset orderLog, uid=3960!
  INFO root [0x00001718] [2019-06-20 08:08:21,269] - Components::addComponent[logger], uid=3960, componentID=2000, globalorderid=1, grouporderid=1, totalcount=1
  INFO root [0x00001718] [2019-06-20 08:08:22,308] - ---- cellapp Version: 2.4.5. ScriptVersion: 0.1.0. Pythoncore: 3.7.3. Protocol: C9FCABE153AC3D64A8F240810ADA666D. Config: Debug X86. Built: 09:56:57 May  8 2019. AppID: 8001. UID: 3960. PID: 3068 ----
  INFO root [0x00001718] [2019-06-20 08:08:22,308] - Server error_name: Intel(R) Core(TM) i5-6300HQ CPU @ 2.30GHz with 2097151kB RAM
  INFO root [0x00001718] [2019-06-20 08:08:22,338] - ThreadPool::createThreadPool: creating  threadpool...
  INFO root [0x00001718] [2019-06-20 08:08:22,372] - ThreadPool::createThreadPool: successfully(2), newThreadCount=1, normalMaxThreadCount=2, maxThreadCount=8
  INFO root [0x00001718] [2019-06-20 08:08:22,718] - Script::install(): is successfully, Python=(3.7.3 (default, May  8 2019, 09:53:38) [MSC v.1916 32 bit (Intel)])!
  INFO root [0x00001718] [2019-06-20 08:08:22,718] - Script::install(): KBExtra is successfully!
 ERROR root [0x00001718] [2019-06-20 08:08:23,250] - app::initialize(): initialization failed!
 DEBUG root [0x00001718] [2019-06-20 08:08:23,272] - EntityRef::destroyObjPool(): size 0.
 DEBUG root [0x00001718] [2019-06-20 08:08:23,280] - Witness::destroyObjPool(): size 0.
  INFO root [0x00001718] [2019-06-20 08:08:23,341] - Script::uninstall(): is successfully!
 DEBUG root [0x00001718] [2019-06-20 08:08:23,342] - ThreadPool::destroy(): starting size 2.
  WARN root [0x00001718] [2019-06-20 08:08:23,667] - ThreadPool::destroy(): waiting for thread(2)[0x1a95af8,0x1a96248,], try=1
 DEBUG root [0x00001718] [2019-06-20 08:08:24,070] - TPThread::~TPThread(): 0x1a95af8
 DEBUG root [0x00001718] [2019-06-20 08:08:24,070] - TPThread::~TPThread(): 0x1a96248
 DEBUG root [0x00001718] [2019-06-20 08:08:24,070] - ThreadPool::destroy(): successfully!
 DEBUG root [0x00001718] [2019-06-20 08:08:24,107] - Bundle::destroyObjPool(): size 0.
 DEBUG root [0x00001718] [2019-06-20 08:08:24,107] - Channel::destroyObjPool(): size 15.
 DEBUG root [0x00001718] [2019-06-20 08:08:24,142] - TCPPacket::destroyObjPool(): size 0.
 DEBUG root [0x00001718] [2019-06-20 08:08:24,142] - UDPPacket::destroyObjPool(): size 14.
 DEBUG root [0x00001718] [2019-06-20 08:08:24,142] - EndPoint::destroyObjPool(): size 15.
 DEBUG root [0x00001718] [2019-06-20 08:08:24,142] - Address::destroyObjPool(): size 0.
 DEBUG root [0x00001718] [2019-06-20 08:08:24,142] - TCPPacketReceiver::destroyObjPool(): size 0.
 DEBUG root [0x00001718] [2019-06-20 08:08:24,143] - UDPPacketReceiver::destroyObjPool(): size 0.
  WARN root [0x00001718] [2019-06-20 08:08:24,143] - Forwarding logs to logger[192.168.56.1:49910/0/0/0]...
  INFO root [0x00001718] [2019-06-20 08:08:30,777] - EventDispatcher()::~EventDispatcher: Num timers = 1
  INFO root [0x000007dc] [2019-06-20 08:08:58,676] - 
  INFO root [0x000007dc] [2019-06-20 08:08:58,676] - -----------------------------------------------------------------------------------------


  INFO root [0x000007dc] [2019-06-20 08:08:58,682] - Resmgr::initialize: KBE_ROOT=D:/kbengine/
  INFO root [0x000007dc] [2019-06-20 08:08:58,682] - Resmgr::initialize: KBE_RES_PATH=D:/kbengine/kbe/res/;D:/kbengine/HappyPoker_assets/;D:/kbengine/HappyPoker_assets/scripts/;D:/kbengine/HappyPoker_assets/res/
  INFO root [0x000007dc] [2019-06-20 08:08:58,682] - Resmgr::initialize: KBE_BIN_PATH=D:/kbengine/kbe/bin/server/
  INFO root [0x000007dc] [2019-06-20 08:08:58,702] - NetworkInterface::initialize(INTERNAL-TCP): bound to all interfaces with default route interface on 192.168.56.1 ( 192.168.56.1:49947 )
  INFO root [0x000007dc] [2019-06-20 08:08:58,702] - NetworkInterface::initialize(INTERNAL-TCP): address 192.168.56.1:49947, SOMAXCONN=5.
  INFO root [0x000007dc] [2019-06-20 08:08:58,702] - server-configs:
  INFO root [0x000007dc] [2019-06-20 08:08:58,702] - 	gameUpdateHertz : 10
  INFO root [0x000007dc] [2019-06-20 08:08:58,702] - 	defaultViewRadius : 80
  INFO root [0x000007dc] [2019-06-20 08:08:58,702] - 	defaultViewHysteresisArea : 5
  INFO root [0x000007dc] [2019-06-20 08:08:58,702] - 	entryScriptFile : kbemain
  INFO root [0x000007dc] [2019-06-20 08:08:58,702] - 	internalTcpAddr : 192.168.56.1:49947
  INFO root [0x000007dc] [2019-06-20 08:08:58,702] - 	componentID : 8001
  WARN root [0x000007dc] [2019-06-20 08:08:58,702] - invalid UID(0) <= 0, please check UID for environment! automatically set to 3960.
  INFO root [0x000007dc] [2019-06-20 08:09:00,214] - ---- cellapp Version: 2.4.5. ScriptVersion: 0.1.0. Pythoncore: 3.7.3. Protocol: C9FCABE153AC3D64A8F240810ADA666D. Config: Debug X86. Built: 09:56:57 May  8 2019. AppID: 8001. UID: 3960. PID: 4192 ----
  INFO root [0x000007dc] [2019-06-20 08:09:00,214] - Server error_name: Intel(R) Core(TM) i5-6300HQ CPU @ 2.30GHz with 2097151kB RAM
  INFO root [0x000007dc] [2019-06-20 08:09:00,214] - ThreadPool::createThreadPool: creating  threadpool...
  INFO root [0x000007dc] [2019-06-20 08:09:00,214] - ThreadPool::createThreadPool: successfully(2), newThreadCount=1, normalMaxThreadCount=2, maxThreadCount=8
  INFO root [0x000007dc] [2019-06-20 08:09:00,422] - Script::install(): is successfully, Python=(3.7.3 (default, May  8 2019, 09:53:38) [MSC v.1916 32 bit (Intel)])!
  INFO root [0x000007dc] [2019-06-20 08:09:00,422] - Script::install(): KBExtra is successfully!
 ERROR root [0x000007dc] [2019-06-20 08:09:00,482] - app::initialize(): initialization failed!
 DEBUG root [0x000007dc] [2019-06-20 08:09:00,482] - EntityRef::destroyObjPool(): size 0.
 DEBUG root [0x000007dc] [2019-06-20 08:09:00,482] - Witness::destroyObjPool(): size 0.
  INFO root [0x000007dc] [2019-06-20 08:09:00,492] - Script::uninstall(): is successfully!
 DEBUG root [0x000007dc] [2019-06-20 08:09:00,492] - ThreadPool::destroy(): starting size 2.
  WARN root [0x000007dc] [2019-06-20 08:09:00,812] - ThreadPool::destroy(): waiting for thread(2)[0x1a1cd58,0x1a1cdc0,], try=1
 DEBUG root [0x000007dc] [2019-06-20 08:09:01,252] - TPThread::~TPThread(): 0x1a1cd58
 DEBUG root [0x000007dc] [2019-06-20 08:09:01,252] - TPThread::~TPThread(): 0x1a1cdc0
 DEBUG root [0x000007dc] [2019-06-20 08:09:01,252] - ThreadPool::destroy(): successfully!
 DEBUG root [0x000007dc] [2019-06-20 08:09:01,252] - Bundle::destroyObjPool(): size 3.
 DEBUG root [0x000007dc] [2019-06-20 08:09:01,252] - Channel::destroyObjPool(): size 0.
 DEBUG root [0x000007dc] [2019-06-20 08:09:01,252] - TCPPacket::destroyObjPool(): size 0.
 DEBUG root [0x000007dc] [2019-06-20 08:09:01,252] - UDPPacket::destroyObjPool(): size 14.
 DEBUG root [0x000007dc] [2019-06-20 08:09:01,252] - EndPoint::destroyObjPool(): size 0.
 DEBUG root [0x000007dc] [2019-06-20 08:09:01,252] - Address::destroyObjPool(): size 0.
 DEBUG root [0x000007dc] [2019-06-20 08:09:01,252] - TCPPacketReceiver::destroyObjPool(): size 0.
 DEBUG root [0x000007dc] [2019-06-20 08:09:01,252] - UDPPacketReceiver::destroyObjPool(): size 0.
  INFO root [0x000007dc] [2019-06-20 08:09:07,792] - EventDispatcher()::~EventDispatcher: Num timers = 1
  INFO root [0x00000b60] [2019-06-20 08:09:45,104] - 
  INFO root [0x00000b60] [2019-06-20 08:09:45,104] - -----------------------------------------------------------------------------------------


  INFO root [0x00000b60] [2019-06-20 08:09:45,112] - Resmgr::initialize: KBE_ROOT=D:/kbengine/
  INFO root [0x00000b60] [2019-06-20 08:09:45,112] - Resmgr::initialize: KBE_RES_PATH=D:/kbengine/kbe/res/;D:/kbengine/HappyPoker_assets/;D:/kbengine/HappyPoker_assets/scripts/;D:/kbengine/HappyPoker_assets/res/
  INFO root [0x00000b60] [2019-06-20 08:09:45,112] - Resmgr::initialize: KBE_BIN_PATH=D:/kbengine/kbe/bin/server/
  INFO root [0x00000b60] [2019-06-20 08:09:45,136] - NetworkInterface::initialize(INTERNAL-TCP): bound to all interfaces with default route interface on 192.168.56.1 ( 192.168.56.1:49974 )
  INFO root [0x00000b60] [2019-06-20 08:09:45,136] - NetworkInterface::initialize(INTERNAL-TCP): address 192.168.56.1:49974, SOMAXCONN=5.
  INFO root [0x00000b60] [2019-06-20 08:09:45,136] - server-configs:
  INFO root [0x00000b60] [2019-06-20 08:09:45,136] - 	gameUpdateHertz : 10
  INFO root [0x00000b60] [2019-06-20 08:09:45,136] - 	defaultViewRadius : 80
  INFO root [0x00000b60] [2019-06-20 08:09:45,142] - 	defaultViewHysteresisArea : 5
  INFO root [0x00000b60] [2019-06-20 08:09:45,142] - 	entryScriptFile : kbemain
  INFO root [0x00000b60] [2019-06-20 08:09:45,142] - 	internalTcpAddr : 192.168.56.1:49974
  INFO root [0x00000b60] [2019-06-20 08:09:45,142] - 	componentID : 8001
  WARN root [0x00000b60] [2019-06-20 08:09:45,142] - invalid UID(0) <= 0, please check UID for environment! automatically set to 3960.
  INFO root [0x00000b60] [2019-06-20 08:09:46,672] - ---- cellapp Version: 2.4.5. ScriptVersion: 0.1.0. Pythoncore: 3.7.3. Protocol: C9FCABE153AC3D64A8F240810ADA666D. Config: Debug X86. Built: 09:56:57 May  8 2019. AppID: 8001. UID: 3960. PID: 1468 ----
  INFO root [0x00000b60] [2019-06-20 08:09:46,672] - Server error_name: Intel(R) Core(TM) i5-6300HQ CPU @ 2.30GHz with 2097151kB RAM
  INFO root [0x00000b60] [2019-06-20 08:09:46,672] - ThreadPool::createThreadPool: creating  threadpool...
  INFO root [0x00000b60] [2019-06-20 08:09:46,672] - ThreadPool::createThreadPool: successfully(2), newThreadCount=1, normalMaxThreadCount=2, maxThreadCount=8
  INFO root [0x00000b60] [2019-06-20 08:09:46,886] - Script::install(): is successfully, Python=(3.7.3 (default, May  8 2019, 09:53:38) [MSC v.1916 32 bit (Intel)])!
  INFO root [0x00000b60] [2019-06-20 08:09:46,886] - Script::install(): KBExtra is successfully!
 ERROR root [0x00000b60] [2019-06-20 08:09:46,956] - app::initialize(): initialization failed!
 DEBUG root [0x00000b60] [2019-06-20 08:09:46,956] - EntityRef::destroyObjPool(): size 0.
 DEBUG root [0x00000b60] [2019-06-20 08:09:46,956] - Witness::destroyObjPool(): size 0.
  INFO root [0x00000b60] [2019-06-20 08:09:46,966] - Script::uninstall(): is successfully!
 DEBUG root [0x00000b60] [2019-06-20 08:09:46,966] - ThreadPool::destroy(): starting size 2.
  WARN root [0x00000b60] [2019-06-20 08:09:47,271] - ThreadPool::destroy(): waiting for thread(2)[0x19fc760,0x19fcaa0,], try=1
 DEBUG root [0x00000b60] [2019-06-20 08:09:47,692] - TPThread::~TPThread(): 0x19fc760
 DEBUG root [0x00000b60] [2019-06-20 08:09:47,692] - TPThread::~TPThread(): 0x19fcaa0
 DEBUG root [0x00000b60] [2019-06-20 08:09:47,692] - ThreadPool::destroy(): successfully!
 DEBUG root [0x00000b60] [2019-06-20 08:09:47,692] - Bundle::destroyObjPool(): size 3.
 DEBUG root [0x00000b60] [2019-06-20 08:09:47,692] - Channel::destroyObjPool(): size 0.
 DEBUG root [0x00000b60] [2019-06-20 08:09:47,692] - TCPPacket::destroyObjPool(): size 0.
 DEBUG root [0x00000b60] [2019-06-20 08:09:47,692] - UDPPacket::destroyObjPool(): size 14.
 DEBUG root [0x00000b60] [2019-06-20 08:09:47,692] - EndPoint::destroyObjPool(): size 0.
 DEBUG root [0x00000b60] [2019-06-20 08:09:47,692] - Address::destroyObjPool(): size 0.
 DEBUG root [0x00000b60] [2019-06-20 08:09:47,692] - TCPPacketReceiver::destroyObjPool(): size 0.
 DEBUG root [0x00000b60] [2019-06-20 08:09:47,692] - UDPPacketReceiver::destroyObjPool(): size 0.
  INFO root [0x00000b60] [2019-06-20 08:09:54,252] - EventDispatcher()::~EventDispatcher: Num timers = 1
  INFO root [0x00001b04] [2019-06-20 08:10:09,536] - 
  INFO root [0x00001b04] [2019-06-20 08:10:09,542] - -----------------------------------------------------------------------------------------


  INFO root [0x00001b04] [2019-06-20 08:10:09,542] - Resmgr::initialize: KBE_ROOT=D:/kbengine/
  INFO root [0x00001b04] [2019-06-20 08:10:09,542] - Resmgr::initialize: KBE_RES_PATH=D:/kbengine/kbe/res/;D:/kbengine/HappyPoker_assets/;D:/kbengine/HappyPoker_assets/scripts/;D:/kbengine/HappyPoker_assets/res/
  INFO root [0x00001b04] [2019-06-20 08:10:09,545] - Resmgr::initialize: KBE_BIN_PATH=D:/kbengine/kbe/bin/server/
  INFO root [0x00001b04] [2019-06-20 08:10:09,566] - NetworkInterface::initialize(INTERNAL-TCP): bound to all interfaces with default route interface on 192.168.56.1 ( 192.168.56.1:49998 )
  INFO root [0x00001b04] [2019-06-20 08:10:09,566] - NetworkInterface::initialize(INTERNAL-TCP): address 192.168.56.1:49998, SOMAXCONN=5.
  INFO root [0x00001b04] [2019-06-20 08:10:09,566] - server-configs:
  INFO root [0x00001b04] [2019-06-20 08:10:09,566] - 	gameUpdateHertz : 10
  INFO root [0x00001b04] [2019-06-20 08:10:09,566] - 	defaultViewRadius : 80
  INFO root [0x00001b04] [2019-06-20 08:10:09,566] - 	defaultViewHysteresisArea : 5
  INFO root [0x00001b04] [2019-06-20 08:10:09,566] - 	entryScriptFile : kbemain
  INFO root [0x00001b04] [2019-06-20 08:10:09,566] - 	internalTcpAddr : 192.168.56.1:49998
  INFO root [0x00001b04] [2019-06-20 08:10:09,566] - 	componentID : 8001
  WARN root [0x00001b04] [2019-06-20 08:10:09,572] - invalid UID(0) <= 0, please check UID for environment! automatically set to 3960.
  INFO root [0x00001b04] [2019-06-20 08:10:11,095] - ---- cellapp Version: 2.4.5. ScriptVersion: 0.1.0. Pythoncore: 3.7.3. Protocol: C9FCABE153AC3D64A8F240810ADA666D. Config: Debug X86. Built: 09:56:57 May  8 2019. AppID: 8001. UID: 3960. PID: 17324 ----
  INFO root [0x00001b04] [2019-06-20 08:10:11,095] - Server error_name: Intel(R) Core(TM) i5-6300HQ CPU @ 2.30GHz with 2097151kB RAM
  INFO root [0x00001b04] [2019-06-20 08:10:11,095] - ThreadPool::createThreadPool: creating  threadpool...
  INFO root [0x00001b04] [2019-06-20 08:10:11,095] - ThreadPool::createThreadPool: successfully(2), newThreadCount=1, normalMaxThreadCount=2, maxThreadCount=8
  INFO root [0x00001b04] [2019-06-20 08:10:11,302] - Script::install(): is successfully, Python=(3.7.3 (default, May  8 2019, 09:53:38) [MSC v.1916 32 bit (Intel)])!
  INFO root [0x00001b04] [2019-06-20 08:10:11,302] - Script::install(): KBExtra is successfully!
 ERROR root [0x00001b04] [2019-06-20 08:10:11,363] - app::initialize(): initialization failed!
 DEBUG root [0x00001b04] [2019-06-20 08:10:11,363] - EntityRef::destroyObjPool(): size 0.
 DEBUG root [0x00001b04] [2019-06-20 08:10:11,363] - Witness::destroyObjPool(): size 0.
  INFO root [0x00001b04] [2019-06-20 08:10:11,365] - Script::uninstall(): is successfully!
 DEBUG root [0x00001b04] [2019-06-20 08:10:11,365] - ThreadPool::destroy(): starting size 2.
  WARN root [0x00001b04] [2019-06-20 08:10:11,672] - ThreadPool::destroy(): waiting for thread(2)[0x1b62288,0x1b622f0,], try=1
 DEBUG root [0x00001b04] [2019-06-20 08:10:12,082] - TPThread::~TPThread(): 0x1b62288
 DEBUG root [0x00001b04] [2019-06-20 08:10:12,082] - TPThread::~TPThread(): 0x1b622f0
 DEBUG root [0x00001b04] [2019-06-20 08:10:12,082] - ThreadPool::destroy(): successfully!
 DEBUG root [0x00001b04] [2019-06-20 08:10:12,082] - Bundle::destroyObjPool(): size 3.
 DEBUG root [0x00001b04] [2019-06-20 08:10:12,082] - Channel::destroyObjPool(): size 0.
 DEBUG root [0x00001b04] [2019-06-20 08:10:12,082] - TCPPacket::destroyObjPool(): size 0.
 DEBUG root [0x00001b04] [2019-06-20 08:10:12,082] - UDPPacket::destroyObjPool(): size 14.
 DEBUG root [0x00001b04] [2019-06-20 08:10:12,082] - EndPoint::destroyObjPool(): size 0.
 DEBUG root [0x00001b04] [2019-06-20 08:10:12,082] - Address::destroyObjPool(): size 0.
 DEBUG root [0x00001b04] [2019-06-20 08:10:12,082] - TCPPacketReceiver::destroyObjPool(): size 0.
 DEBUG root [0x00001b04] [2019-06-20 08:10:12,082] - UDPPacketReceiver::destroyObjPool(): size 0.
  INFO root [0x00001b04] [2019-06-20 08:10:18,642] - EventDispatcher()::~EventDispatcher: Num timers = 1
  INFO root [0x000025c8] [2019-06-20 08:10:38,642] - 
  INFO root [0x000025c8] [2019-06-20 08:10:38,646] - -----------------------------------------------------------------------------------------


  INFO root [0x000025c8] [2019-06-20 08:10:38,646] - Resmgr::initialize: KBE_ROOT=D:/kbengine/
  INFO root [0x000025c8] [2019-06-20 08:10:38,646] - Resmgr::initialize: KBE_RES_PATH=D:/kbengine/kbe/res/;D:/kbengine/HappyPoker_assets/;D:/kbengine/HappyPoker_assets/scripts/;D:/kbengine/HappyPoker_assets/res/
  INFO root [0x000025c8] [2019-06-20 08:10:38,646] - Resmgr::initialize: KBE_BIN_PATH=D:/kbengine/kbe/bin/server/
  INFO root [0x000025c8] [2019-06-20 08:10:38,656] - NetworkInterface::initialize(INTERNAL-TCP): bound to all interfaces with default route interface on 192.168.56.1 ( 192.168.56.1:50016 )
  INFO root [0x000025c8] [2019-06-20 08:10:38,656] - NetworkInterface::initialize(INTERNAL-TCP): address 192.168.56.1:50016, SOMAXCONN=5.
  INFO root [0x000025c8] [2019-06-20 08:10:38,656] - server-configs:
  INFO root [0x000025c8] [2019-06-20 08:10:38,662] - 	gameUpdateHertz : 10
  INFO root [0x000025c8] [2019-06-20 08:10:38,662] - 	defaultViewRadius : 80
  INFO root [0x000025c8] [2019-06-20 08:10:38,662] - 	defaultViewHysteresisArea : 5
  INFO root [0x000025c8] [2019-06-20 08:10:38,662] - 	entryScriptFile : kbemain
  INFO root [0x000025c8] [2019-06-20 08:10:38,662] - 	internalTcpAddr : 192.168.56.1:50016
  INFO root [0x000025c8] [2019-06-20 08:10:38,662] - 	componentID : 8001
  WARN root [0x000025c8] [2019-06-20 08:10:38,682] - invalid UID(0) <= 0, please check UID for environment! automatically set to 3960.
  INFO root [0x000025c8] [2019-06-20 08:10:39,044] - Components::findLogger: found logger, addr:192.168.56.1:50015
  INFO root [0x000025c8] [2019-06-20 08:10:39,044] - Components::addComponent: reset orderLog, uid=3960!
  INFO root [0x000025c8] [2019-06-20 08:10:39,044] - Components::addComponent[logger], uid=3960, componentID=2000, globalorderid=1, grouporderid=1, totalcount=1
  INFO root [0x000025c8] [2019-06-20 08:10:39,052] - ---- cellapp Version: 2.4.5. ScriptVersion: 0.1.0. Pythoncore: 3.7.3. Protocol: C9FCABE153AC3D64A8F240810ADA666D. Config: Debug X86. Built: 09:56:57 May  8 2019. AppID: 8001. UID: 3960. PID: 8644 ----
  INFO root [0x000025c8] [2019-06-20 08:10:39,054] - Server error_name: Intel(R) Core(TM) i5-6300HQ CPU @ 2.30GHz with 2097151kB RAM
  INFO root [0x000025c8] [2019-06-20 08:10:39,054] - ThreadPool::createThreadPool: creating  threadpool...
  INFO root [0x000025c8] [2019-06-20 08:10:39,054] - ThreadPool::createThreadPool: successfully(2), newThreadCount=1, normalMaxThreadCount=2, maxThreadCount=8
  INFO root [0x000025c8] [2019-06-20 08:10:39,265] - Script::install(): is successfully, Python=(3.7.3 (default, May  8 2019, 09:53:38) [MSC v.1916 32 bit (Intel)])!
  INFO root [0x000025c8] [2019-06-20 08:10:39,265] - Script::install(): KBExtra is successfully!
  WARN root [0x000025c8] [2019-06-20 08:10:39,415] - EntityDef::checkDefMethod: exposed of method: Account.leaveRoom, check the caller can use "def leaveRoom(self, callerID, ...)", such as: if callerID == self.id!
  WARN root [0x000025c8] [2019-06-20 08:10:39,415] - EntityDef::checkDefMethod: exposed of method: Account.playerMakeLandlord, check the caller can use "def playerMakeLandlord(self, callerID, ...)", such as: if callerID == self.id!
  WARN root [0x000025c8] [2019-06-20 08:10:39,422] - EntityDef::checkDefMethod: exposed of method: Account.setGameReady, check the caller can use "def setGameReady(self, callerID, ...)", such as: if callerID == self.id!
 DEBUG root [0x000025c8] [2019-06-20 08:10:39,422] - loaded entity-script:Account(1).
  WARN root [0x000025c8] [2019-06-20 08:10:39,422] - EntityDef::checkDefMethod: exposed of method: Room.playPoker, check the caller can use "def playPoker(self, callerID, ...)", such as: if callerID == self.id!
  WARN root [0x000025c8] [2019-06-20 08:10:39,422] - EntityDef::checkDefMethod: exposed of method: Room.unPlayPoker, check the caller can use "def unPlayPoker(self, callerID, ...)", such as: if callerID == self.id!
 DEBUG root [0x000025c8] [2019-06-20 08:10:39,422] - loaded entity-script:Room(3).
  INFO root [0x000025c8] [2019-06-20 08:10:39,422] - TelnetServer server is running on port 50000
  INFO root [0x000025c8] [2019-06-20 08:10:39,835] - ---- cellapp is running ----
 DEBUG root [0x000025c8] [2019-06-20 08:10:39,835] - Components::process(): Request for the process of identity...
  WARN root [0x000025c8] [2019-06-20 08:10:46,062] - Forwarding logs to logger[192.168.56.1:50015/0/0/0]...
 ERROR root [0x000025c8] [2019-06-20 08:21:23,065] - Components::removeComponentByChannel: logger : 2000, Abnormal exit(reason=TCPPacketReceiver::processRecv(): error=10054
)! Channel(timestamp=104727764304, lastReceivedTime=104695292023, inactivityExceptionPeriod=134887500)
  INFO root [0x000025c8] [2019-06-20 08:21:23,068] - The following logs sent to logger failed:
  WARN root [0x000025c8] [2019-06-20 08:21:23,068] - ==> [2019-06-20 08:21:23 060] TCPPacketReceiver::processPendingEvents(192.168.56.1:50015): Throwing REASON_GENERAL_NETWORK - WSAECONNRESET
 ERROR root [0x000025c8] [2019-06-20 08:21:23,069] - ==> [2019-06-20 08:21:23 066] Components::removeComponentByChannel: logger : 2000, Abnormal exit(reason=TCPPacketReceiver::processRecv(): error=10054
)! Channel(timestamp=104727764304, lastReceivedTime=104695292023, inactivityExceptionPeriod=134887500)
  WARN root [0x000025c8] [2019-06-20 08:21:23,176] - TCPPacketReceiver::processPendingEvents(192.168.56.1:50010): Throwing REASON_GENERAL_NETWORK - WSAECONNRESET
 ERROR root [0x000025c8] [2019-06-20 08:21:23,179] - Components::removeComponentByChannel: dbmgr : 4000, Abnormal exit(reason=TCPPacketReceiver::processRecv(): error=10054
)! Channel(timestamp=104728021493, lastReceivedTime=104695175223, inactivityExceptionPeriod=134887500)
  INFO root [0x000025c8] [2019-06-20 08:21:23,189] - Shutdowner::onShutdownBegin: shutting down(period=0, tickPeriod=1)
  INFO root [0x000025c8] [2019-06-20 08:21:23,194] - Shutdowner::onShutdown: shutting down
  INFO root [0x000025c8] [2019-06-20 08:21:23,198] - Spaces::destroySpace: 1.
  INFO root [0x000025c8] [2019-06-20 08:21:23,198] - Shutdowner::onShutdownEnd: shutting down
 DEBUG root [0x000025c8] [2019-06-20 08:21:23,199] - Account::~Account(): 5
 DEBUG root [0x000025c8] [2019-06-20 08:21:23,199] - Account::~Account(): 2
 DEBUG root [0x000025c8] [2019-06-20 08:21:23,199] - Account::~Account(): 4
 DEBUG root [0x000025c8] [2019-06-20 08:21:23,200] - EntityRef::destroyObjPool(): size 16.
 DEBUG root [0x000025c8] [2019-06-20 08:21:23,200] - Witness::destroyObjPool(): size 16.
 ERROR root [0x000025c8] [2019-06-20 08:21:23,214] - EntityGarbages::~EntityGarbages(): leaked, size=1.
 ERROR root [0x000025c8] [2019-06-20 08:21:23,216] - 	--> leaked: Room(3).
 ERROR root [0x000025c8] [2019-06-20 08:21:23,218] - PyGC::debugTracing(): EntityCall : leaked(4)
 ERROR root [0x000025c8] [2019-06-20 08:21:23,219] - PyGC::debugTracing(): Vector3 : leaked(2)
 ERROR root [0x000025c8] [2019-06-20 08:21:23,221] - PyGC::debugTracing(): Entity : leaked(1)
 DEBUG root [0x000025c8] [2019-06-20 08:21:23,230] - Room::~Room(): 3
  INFO root [0x000025c8] [2019-06-20 08:21:23,251] - Script::uninstall(): is successfully!
 DEBUG root [0x000025c8] [2019-06-20 08:21:23,251] - ThreadPool::destroy(): starting size 2.
  WARN root [0x000025c8] [2019-06-20 08:21:23,555] - ThreadPool::destroy(): waiting for thread(2)[0x281bb0,0x281db8,], try=1
  INFO root [0x00002180] [2019-06-20 08:22:02,040] - 
  INFO root [0x00002180] [2019-06-20 08:22:02,043] - -----------------------------------------------------------------------------------------


  INFO root [0x00002180] [2019-06-20 08:22:02,044] - Resmgr::initialize: KBE_ROOT=D:/kbengine/
  INFO root [0x00002180] [2019-06-20 08:22:02,044] - Resmgr::initialize: KBE_RES_PATH=D:/kbengine/kbe/res/;D:/kbengine/HappyPoker_assets/;D:/kbengine/HappyPoker_assets/scripts/;D:/kbengine/HappyPoker_assets/res/
  INFO root [0x00002180] [2019-06-20 08:22:02,044] - Resmgr::initialize: KBE_BIN_PATH=D:/kbengine/kbe/bin/server/
  INFO root [0x00002180] [2019-06-20 08:22:02,142] - NetworkInterface::initialize(INTERNAL-TCP): bound to all interfaces with default route interface on 192.168.56.1 ( 192.168.56.1:50148 )
  INFO root [0x00002180] [2019-06-20 08:22:02,143] - NetworkInterface::initialize(INTERNAL-TCP): address 192.168.56.1:50148, SOMAXCONN=5.
  INFO root [0x00002180] [2019-06-20 08:22:02,143] - server-configs:
  INFO root [0x00002180] [2019-06-20 08:22:02,143] - 	gameUpdateHertz : 10
  INFO root [0x00002180] [2019-06-20 08:22:02,143] - 	defaultViewRadius : 80
  INFO root [0x00002180] [2019-06-20 08:22:02,143] - 	defaultViewHysteresisArea : 5
  INFO root [0x00002180] [2019-06-20 08:22:02,143] - 	entryScriptFile : kbemain
  INFO root [0x00002180] [2019-06-20 08:22:02,144] - 	internalTcpAddr : 192.168.56.1:50148
  INFO root [0x00002180] [2019-06-20 08:22:02,144] - 	componentID : 8001
  WARN root [0x00002180] [2019-06-20 08:22:02,146] - invalid UID(0) <= 0, please check UID for environment! automatically set to 3960.
  INFO root [0x00002180] [2019-06-20 08:22:02,453] - Components::findLogger: found logger, addr:192.168.56.1:50145
  INFO root [0x00002180] [2019-06-20 08:22:02,453] - Components::addComponent: reset orderLog, uid=3960!
  INFO root [0x00002180] [2019-06-20 08:22:02,453] - Components::addComponent[logger], uid=3960, componentID=2000, globalorderid=1, grouporderid=1, totalcount=1
  INFO root [0x00002180] [2019-06-20 08:22:02,460] - ---- cellapp Version: 2.4.5. ScriptVersion: 0.1.0. Pythoncore: 3.7.3. Protocol: C9FCABE153AC3D64A8F240810ADA666D. Config: Debug X86. Built: 09:56:57 May  8 2019. AppID: 8001. UID: 3960. PID: 1244 ----
  INFO root [0x00002180] [2019-06-20 08:22:02,460] - Server error_name: Intel(R) Core(TM) i5-6300HQ CPU @ 2.30GHz with 2097151kB RAM
  INFO root [0x00002180] [2019-06-20 08:22:02,460] - ThreadPool::createThreadPool: creating  threadpool...
  INFO root [0x00002180] [2019-06-20 08:22:02,461] - ThreadPool::createThreadPool: successfully(2), newThreadCount=1, normalMaxThreadCount=2, maxThreadCount=8
  INFO root [0x00002180] [2019-06-20 08:22:02,694] - Script::install(): is successfully, Python=(3.7.3 (default, May  8 2019, 09:53:38) [MSC v.1916 32 bit (Intel)])!
  INFO root [0x00002180] [2019-06-20 08:22:02,694] - Script::install(): KBExtra is successfully!
  WARN root [0x00002180] [2019-06-20 08:22:02,884] - EntityDef::checkDefMethod: exposed of method: Account.leaveRoom, check the caller can use "def leaveRoom(self, callerID, ...)", such as: if callerID == self.id!
  WARN root [0x00002180] [2019-06-20 08:22:02,885] - EntityDef::checkDefMethod: exposed of method: Account.playerMakeLandlord, check the caller can use "def playerMakeLandlord(self, callerID, ...)", such as: if callerID == self.id!
  WARN root [0x00002180] [2019-06-20 08:22:02,896] - EntityDef::checkDefMethod: exposed of method: Account.setGameReady, check the caller can use "def setGameReady(self, callerID, ...)", such as: if callerID == self.id!
 DEBUG root [0x00002180] [2019-06-20 08:22:02,931] - loaded entity-script:Account(1).
  WARN root [0x00002180] [2019-06-20 08:22:02,933] - EntityDef::checkDefMethod: exposed of method: Room.playPoker, check the caller can use "def playPoker(self, callerID, ...)", such as: if callerID == self.id!
  WARN root [0x00002180] [2019-06-20 08:22:02,936] - EntityDef::checkDefMethod: exposed of method: Room.unPlayPoker, check the caller can use "def unPlayPoker(self, callerID, ...)", such as: if callerID == self.id!
 DEBUG root [0x00002180] [2019-06-20 08:22:02,939] - loaded entity-script:Room(3).
  INFO root [0x00002180] [2019-06-20 08:22:02,939] - TelnetServer server is running on port 50000
  INFO root [0x00002180] [2019-06-20 08:22:03,464] - ---- cellapp is running ----
 DEBUG root [0x00002180] [2019-06-20 08:22:03,465] - Components::process(): Request for the process of identity...
  WARN root [0x00002180] [2019-06-20 08:22:09,597] - Forwarding logs to logger[192.168.56.1:50145/0/0/0]...
 ERROR root [0x00002180] [2019-06-20 08:29:31,228] - Components::removeComponentByChannel: logger : 2000, Abnormal exit(reason=TCPPacketReceiver::processRecv(): error=10054
)! Channel(timestamp=105826092920, lastReceivedTime=105760218862, inactivityExceptionPeriod=134887500)
  INFO root [0x00002180] [2019-06-20 08:29:31,236] - The following logs sent to logger failed:
  WARN root [0x00002180] [2019-06-20 08:29:31,236] - ==> [2019-06-20 08:29:31 223] TCPPacketReceiver::processPendingEvents(192.168.56.1:50145): Throwing REASON_GENERAL_NETWORK - WSAECONNRESET
 ERROR root [0x00002180] [2019-06-20 08:29:31,237] - ==> [2019-06-20 08:29:31 229] Components::removeComponentByChannel: logger : 2000, Abnormal exit(reason=TCPPacketReceiver::processRecv(): error=10054
)! Channel(timestamp=105826092920, lastReceivedTime=105760218862, inactivityExceptionPeriod=134887500)
  WARN root [0x00002180] [2019-06-20 08:29:31,366] - TCPPacketReceiver::processPendingEvents(192.168.56.1:50146): Throwing REASON_GENERAL_NETWORK - WSAECONNRESET
 ERROR root [0x00002180] [2019-06-20 08:29:31,367] - Components::removeComponentByChannel: dbmgr : 4000, Abnormal exit(reason=TCPPacketReceiver::processRecv(): error=10054
)! Channel(timestamp=105826405349, lastReceivedTime=105760253323, inactivityExceptionPeriod=134887500)
  INFO root [0x00002180] [2019-06-20 08:29:31,368] - Shutdowner::onShutdownBegin: shutting down(period=0, tickPeriod=1)
  INFO root [0x00002180] [2019-06-20 08:29:31,369] - Shutdowner::onShutdown: shutting down
  INFO root [0x00002180] [2019-06-20 08:29:31,371] - Spaces::destroySpace: 1.
  INFO root [0x00002180] [2019-06-20 08:29:31,371] - Shutdowner::onShutdownEnd: shutting down
 DEBUG root [0x00002180] [2019-06-20 08:29:31,372] - Account::~Account(): 2004
 DEBUG root [0x00002180] [2019-06-20 08:29:31,372] - Account::~Account(): 2005
 DEBUG root [0x00002180] [2019-06-20 08:29:31,373] - EntityRef::destroyObjPool(): size 16.
 DEBUG root [0x00002180] [2019-06-20 08:29:31,373] - Witness::destroyObjPool(): size 16.
 ERROR root [0x00002180] [2019-06-20 08:29:31,392] - EntityGarbages::~EntityGarbages(): leaked, size=1.
 ERROR root [0x00002180] [2019-06-20 08:29:31,400] - 	--> leaked: Room(2003).
 ERROR root [0x00002180] [2019-06-20 08:29:31,407] - PyGC::debugTracing(): EntityCall : leaked(3)
 ERROR root [0x00002180] [2019-06-20 08:29:31,426] - PyGC::debugTracing(): Vector3 : leaked(2)
 ERROR root [0x00002180] [2019-06-20 08:29:31,431] - PyGC::debugTracing(): Entity : leaked(1)
 DEBUG root [0x00002180] [2019-06-20 08:29:31,462] - Room::~Room(): 2003
  INFO root [0x00002180] [2019-06-20 08:29:31,497] - Script::uninstall(): is successfully!
 DEBUG root [0x00002180] [2019-06-20 08:29:31,498] - ThreadPool::destroy(): starting size 2.
  WARN root [0x00002180] [2019-06-20 08:29:31,800] - ThreadPool::destroy(): waiting for thread(2)[0x1b12f38,0x1b12d98,], try=1
  INFO root [0x00002bd0] [2019-06-20 08:29:33,565] - 
  INFO root [0x00002bd0] [2019-06-20 08:29:33,575] - -----------------------------------------------------------------------------------------


  INFO root [0x00002bd0] [2019-06-20 08:29:33,577] - Resmgr::initialize: KBE_ROOT=D:/kbengine/
  INFO root [0x00002bd0] [2019-06-20 08:29:33,577] - Resmgr::initialize: KBE_RES_PATH=D:/kbengine/kbe/res/;D:/kbengine/HappyPoker_assets/;D:/kbengine/HappyPoker_assets/scripts/;D:/kbengine/HappyPoker_assets/res/
  INFO root [0x00002bd0] [2019-06-20 08:29:33,578] - Resmgr::initialize: KBE_BIN_PATH=D:/kbengine/kbe/bin/server/
  INFO root [0x00002bd0] [2019-06-20 08:29:33,685] - NetworkInterface::initialize(INTERNAL-TCP): bound to all interfaces with default route interface on 192.168.56.1 ( 192.168.56.1:50223 )
  INFO root [0x00002bd0] [2019-06-20 08:29:33,685] - NetworkInterface::initialize(INTERNAL-TCP): address 192.168.56.1:50223, SOMAXCONN=5.
  INFO root [0x00002bd0] [2019-06-20 08:29:33,686] - server-configs:
  INFO root [0x00002bd0] [2019-06-20 08:29:33,686] - 	gameUpdateHertz : 10
  INFO root [0x00002bd0] [2019-06-20 08:29:33,686] - 	defaultViewRadius : 80
  INFO root [0x00002bd0] [2019-06-20 08:29:33,686] - 	defaultViewHysteresisArea : 5
  INFO root [0x00002bd0] [2019-06-20 08:29:33,686] - 	entryScriptFile : kbemain
  INFO root [0x00002bd0] [2019-06-20 08:29:33,686] - 	internalTcpAddr : 192.168.56.1:50223
  INFO root [0x00002bd0] [2019-06-20 08:29:33,686] - 	componentID : 8001
  WARN root [0x00002bd0] [2019-06-20 08:29:33,697] - invalid UID(0) <= 0, please check UID for environment! automatically set to 3960.
  INFO root [0x00002bd0] [2019-06-20 08:29:34,131] - Components::findLogger: found logger, addr:192.168.56.1:50218
  INFO root [0x00002bd0] [2019-06-20 08:29:34,131] - Components::addComponent: reset orderLog, uid=3960!
  INFO root [0x00002bd0] [2019-06-20 08:29:34,131] - Components::addComponent[logger], uid=3960, componentID=2000, globalorderid=1, grouporderid=1, totalcount=1
  INFO root [0x00002bd0] [2019-06-20 08:29:34,139] - ---- cellapp Version: 2.4.5. ScriptVersion: 0.1.0. Pythoncore: 3.7.3. Protocol: C9FCABE153AC3D64A8F240810ADA666D. Config: Debug X86. Built: 09:56:57 May  8 2019. AppID: 8001. UID: 3960. PID: 11416 ----
  INFO root [0x00002bd0] [2019-06-20 08:29:34,140] - Server error_name: Intel(R) Core(TM) i5-6300HQ CPU @ 2.30GHz with 2097151kB RAM
  INFO root [0x00002bd0] [2019-06-20 08:29:34,141] - ThreadPool::createThreadPool: creating  threadpool...
  INFO root [0x00002bd0] [2019-06-20 08:29:34,141] - ThreadPool::createThreadPool: successfully(2), newThreadCount=1, normalMaxThreadCount=2, maxThreadCount=8
  INFO root [0x00002bd0] [2019-06-20 08:29:34,374] - Script::install(): is successfully, Python=(3.7.3 (default, May  8 2019, 09:53:38) [MSC v.1916 32 bit (Intel)])!
  INFO root [0x00002bd0] [2019-06-20 08:29:34,374] - Script::install(): KBExtra is successfully!
  WARN root [0x00002bd0] [2019-06-20 08:29:34,623] - EntityDef::checkDefMethod: exposed of method: Account.leaveRoom, check the caller can use "def leaveRoom(self, callerID, ...)", such as: if callerID == self.id!
  WARN root [0x00002bd0] [2019-06-20 08:29:34,624] - EntityDef::checkDefMethod: exposed of method: Account.playerMakeLandlord, check the caller can use "def playerMakeLandlord(self, callerID, ...)", such as: if callerID == self.id!
  WARN root [0x00002bd0] [2019-06-20 08:29:34,624] - EntityDef::checkDefMethod: exposed of method: Account.setGameReady, check the caller can use "def setGameReady(self, callerID, ...)", such as: if callerID == self.id!
 DEBUG root [0x00002bd0] [2019-06-20 08:29:34,625] - loaded entity-script:Account(1).
  WARN root [0x00002bd0] [2019-06-20 08:29:34,627] - EntityDef::checkDefMethod: exposed of method: Room.playPoker, check the caller can use "def playPoker(self, callerID, ...)", such as: if callerID == self.id!
  WARN root [0x00002bd0] [2019-06-20 08:29:34,627] - EntityDef::checkDefMethod: exposed of method: Room.unPlayPoker, check the caller can use "def unPlayPoker(self, callerID, ...)", such as: if callerID == self.id!
 DEBUG root [0x00002bd0] [2019-06-20 08:29:34,628] - loaded entity-script:Room(3).
  INFO root [0x00002bd0] [2019-06-20 08:29:34,629] - TelnetServer server is running on port 50000
  INFO root [0x00002bd0] [2019-06-20 08:29:35,243] - ---- cellapp is running ----
 DEBUG root [0x00002bd0] [2019-06-20 08:29:35,246] - Components::process(): Request for the process of identity...
  WARN root [0x00002bd0] [2019-06-20 08:29:41,411] - Forwarding logs to logger[192.168.56.1:50218/0/0/0]...
 ERROR root [0x00002bd0] [2019-06-20 08:41:05,691] - Components::removeComponentByChannel: logger : 2000, Abnormal exit(reason=TCPPacketReceiver::processRecv(): error=10054
)! Channel(timestamp=107388552718, lastReceivedTime=107383427120, inactivityExceptionPeriod=134887628)
  INFO root [0x00002bd0] [2019-06-20 08:41:05,698] - The following logs sent to logger failed:
  WARN root [0x00002bd0] [2019-06-20 08:41:05,698] - ==> [2019-06-20 08:41:05 688] TCPPacketReceiver::processPendingEvents(192.168.56.1:50218): Throwing REASON_GENERAL_NETWORK - WSAECONNRESET
 ERROR root [0x00002bd0] [2019-06-20 08:41:05,699] - ==> [2019-06-20 08:41:05 692] Components::removeComponentByChannel: logger : 2000, Abnormal exit(reason=TCPPacketReceiver::processRecv(): error=10054
)! Channel(timestamp=107388552718, lastReceivedTime=107383427120, inactivityExceptionPeriod=134887628)
  WARN root [0x00002bd0] [2019-06-20 08:41:05,822] - TCPPacketReceiver::processPendingEvents(192.168.56.1:50221): Throwing REASON_GENERAL_NETWORK - WSAECONNRESET
 ERROR root [0x00002bd0] [2019-06-20 08:41:05,844] - Components::removeComponentByChannel: dbmgr : 4000, Abnormal exit(reason=TCPPacketReceiver::processRecv(): error=10054
)! Channel(timestamp=107388895434, lastReceivedTime=107383666343, inactivityExceptionPeriod=134887628)
  INFO root [0x00002bd0] [2019-06-20 08:41:05,875] - Shutdowner::onShutdownBegin: shutting down(period=0, tickPeriod=1)
  INFO root [0x00002bd0] [2019-06-20 08:41:05,887] - Shutdowner::onShutdown: shutting down
  INFO root [0x00002bd0] [2019-06-20 08:41:05,893] - Spaces::destroySpace: 1.
  INFO root [0x00002bd0] [2019-06-20 08:41:05,893] - Shutdowner::onShutdownEnd: shutting down
 DEBUG root [0x00002bd0] [2019-06-20 08:41:05,894] - Account::~Account(): 5
 DEBUG root [0x00002bd0] [2019-06-20 08:41:05,895] - Account::~Account(): 2
 DEBUG root [0x00002bd0] [2019-06-20 08:41:05,895] - Account::~Account(): 4
 DEBUG root [0x00002bd0] [2019-06-20 08:41:05,897] - EntityRef::destroyObjPool(): size 16.
 DEBUG root [0x00002bd0] [2019-06-20 08:41:05,897] - Witness::destroyObjPool(): size 16.
 ERROR root [0x00002bd0] [2019-06-20 08:41:05,914] - EntityGarbages::~EntityGarbages(): leaked, size=1.
 ERROR root [0x00002bd0] [2019-06-20 08:41:05,918] - 	--> leaked: Room(3).
 ERROR root [0x00002bd0] [2019-06-20 08:41:05,921] - PyGC::debugTracing(): EntityCall : leaked(4)
 ERROR root [0x00002bd0] [2019-06-20 08:41:05,922] - PyGC::debugTracing(): Vector3 : leaked(2)
 ERROR root [0x00002bd0] [2019-06-20 08:41:05,923] - PyGC::debugTracing(): Entity : leaked(1)
 DEBUG root [0x00002bd0] [2019-06-20 08:41:05,938] - Room::~Room(): 3
  INFO root [0x00002bd0] [2019-06-20 08:41:05,957] - Script::uninstall(): is successfully!
 DEBUG root [0x00002bd0] [2019-06-20 08:41:05,957] - ThreadPool::destroy(): starting size 2.
  WARN root [0x00002bd0] [2019-06-20 08:41:06,258] - ThreadPool::destroy(): waiting for thread(2)[0x1a35d70,0x1a36590,], try=1
  INFO root [0x00002b08] [2019-06-20 08:41:07,922] - 
  INFO root [0x00002b08] [2019-06-20 08:41:07,927] - -----------------------------------------------------------------------------------------


  INFO root [0x00002b08] [2019-06-20 08:41:07,932] - Resmgr::initialize: KBE_ROOT=D:/kbengine/
  INFO root [0x00002b08] [2019-06-20 08:41:07,933] - Resmgr::initialize: KBE_RES_PATH=D:/kbengine/kbe/res/;D:/kbengine/HappyPoker_assets/;D:/kbengine/HappyPoker_assets/scripts/;D:/kbengine/HappyPoker_assets/res/
  INFO root [0x00002b08] [2019-06-20 08:41:07,933] - Resmgr::initialize: KBE_BIN_PATH=D:/kbengine/kbe/bin/server/
  INFO root [0x00002b08] [2019-06-20 08:41:07,999] - NetworkInterface::initialize(INTERNAL-TCP): bound to all interfaces with default route interface on 192.168.56.1 ( 192.168.56.1:50335 )
  INFO root [0x00002b08] [2019-06-20 08:41:08,000] - NetworkInterface::initialize(INTERNAL-TCP): address 192.168.56.1:50335, SOMAXCONN=5.
  INFO root [0x00002b08] [2019-06-20 08:41:08,001] - server-configs:
  INFO root [0x00002b08] [2019-06-20 08:41:08,001] - 	gameUpdateHertz : 10
  INFO root [0x00002b08] [2019-06-20 08:41:08,001] - 	defaultViewRadius : 80
  INFO root [0x00002b08] [2019-06-20 08:41:08,001] - 	defaultViewHysteresisArea : 5
  INFO root [0x00002b08] [2019-06-20 08:41:08,001] - 	entryScriptFile : kbemain
  INFO root [0x00002b08] [2019-06-20 08:41:08,002] - 	internalTcpAddr : 192.168.56.1:50335
  INFO root [0x00002b08] [2019-06-20 08:41:08,002] - 	componentID : 8001
  WARN root [0x00002b08] [2019-06-20 08:41:08,005] - invalid UID(0) <= 0, please check UID for environment! automatically set to 3960.
  WARN root [0x00002b08] [2019-06-20 08:41:08,370] - BundleBroadcast::BundleBroadcast: Cannot bind to port 20689, errorno=10048
  INFO root [0x00002b08] [2019-06-20 08:41:08,472] - ---- cellapp Version: 2.4.5. ScriptVersion: 0.1.0. Pythoncore: 3.7.3. Protocol: C9FCABE153AC3D64A8F240810ADA666D. Config: Debug X86. Built: 09:56:57 May  8 2019. AppID: 8001. UID: 3960. PID: 11320 ----
  INFO root [0x00002b08] [2019-06-20 08:41:08,481] - Server error_name: Intel(R) Core(TM) i5-6300HQ CPU @ 2.30GHz with 2097151kB RAM
  INFO root [0x00002b08] [2019-06-20 08:41:08,482] - ThreadPool::createThreadPool: creating  threadpool...
  INFO root [0x00002b08] [2019-06-20 08:41:08,482] - ThreadPool::createThreadPool: successfully(2), newThreadCount=1, normalMaxThreadCount=2, maxThreadCount=8
  INFO root [0x00002b08] [2019-06-20 08:41:08,769] - Script::install(): is successfully, Python=(3.7.3 (default, May  8 2019, 09:53:38) [MSC v.1916 32 bit (Intel)])!
  INFO root [0x00002b08] [2019-06-20 08:41:08,770] - Script::install(): KBExtra is successfully!
  WARN root [0x00002b08] [2019-06-20 08:41:08,993] - EntityDef::checkDefMethod: exposed of method: Account.leaveRoom, check the caller can use "def leaveRoom(self, callerID, ...)", such as: if callerID == self.id!
  WARN root [0x00002b08] [2019-06-20 08:41:09,000] - EntityDef::checkDefMethod: exposed of method: Account.playerMakeLandlord, check the caller can use "def playerMakeLandlord(self, callerID, ...)", such as: if callerID == self.id!
  WARN root [0x00002b08] [2019-06-20 08:41:09,001] - EntityDef::checkDefMethod: exposed of method: Account.setGameReady, check the caller can use "def setGameReady(self, callerID, ...)", such as: if callerID == self.id!
 DEBUG root [0x00002b08] [2019-06-20 08:41:09,001] - loaded entity-script:Account(1).
  WARN root [0x00002b08] [2019-06-20 08:41:09,003] - EntityDef::checkDefMethod: exposed of method: Room.playPoker, check the caller can use "def playPoker(self, callerID, ...)", such as: if callerID == self.id!
  WARN root [0x00002b08] [2019-06-20 08:41:09,011] - EntityDef::checkDefMethod: exposed of method: Room.unPlayPoker, check the caller can use "def unPlayPoker(self, callerID, ...)", such as: if callerID == self.id!
 DEBUG root [0x00002b08] [2019-06-20 08:41:09,012] - loaded entity-script:Room(3).
  INFO root [0x00002b08] [2019-06-20 08:41:09,012] - TelnetServer server is running on port 50000
  INFO root [0x00002b08] [2019-06-20 08:41:09,680] - ---- cellapp is running ----
 DEBUG root [0x00002b08] [2019-06-20 08:41:09,680] - Components::process(): Request for the process of identity...
  WARN root [0x00002b08] [2019-06-20 08:41:15,856] - EntityApp::checkTickPeriod: tick took 6174% (6.17 seconds)!
  INFO root [0x00002b08] [2019-06-20 08:41:16,881] - Components::findComponents: find logger(1)...
  INFO root [0x00002b08] [2019-06-20 08:41:16,949] - Components::findComponents: found logger, addr:192.168.56.1:50334
  INFO root [0x00002b08] [2019-06-20 08:41:16,949] - Components::addComponent: reset orderLog, uid=3960!
  INFO root [0x00002b08] [2019-06-20 08:41:16,950] - Components::addComponent[logger], uid=3960, componentID=2000, globalorderid=1, grouporderid=1, totalcount=1
  INFO root [0x00002b08] [2019-06-20 08:41:16,952] - Components::findComponents: find dbmgr(2)...
  INFO root [0x00002b08] [2019-06-20 08:41:17,057] - Components::findComponents: found dbmgr, addr:192.168.56.1:50332
  INFO root [0x00002b08] [2019-06-20 08:41:17,057] - Components::addComponent: reset orderLog, uid=3960!
  INFO root [0x00002b08] [2019-06-20 08:41:17,058] - Components::addComponent[dbmgr], uid=3960, componentID=4000, globalorderid=1, grouporderid=1, totalcount=1
  INFO root [0x00002b08] [2019-06-20 08:41:17,058] - Components::findComponents: found dbmgr, addr:192.168.56.1:50332
  WARN root [0x00002b08] [2019-06-20 08:41:18,058] - EntityApp::checkTickPeriod: tick took 1276% (1.28 seconds)!
  WARN root [0x00002b08] [2019-06-20 08:41:18,058] - Forwarding logs to logger[192.168.56.1:50334/0/0/0]...
 ERROR root [0x00002b08] [2019-06-20 08:52:13,707] - Components::removeComponentByChannel: logger : 2000, Abnormal exit(reason=TCPPacketReceiver::processRecv(): error=10054
)! Channel(timestamp=108891529946, lastReceivedTime=108879256636, inactivityExceptionPeriod=134887628)
  INFO root [0x00002b08] [2019-06-20 08:52:13,715] - The following logs sent to logger failed:
  WARN root [0x00002b08] [2019-06-20 08:52:13,715] - ==> [2019-06-20 08:52:13 705] TCPPacketReceiver::processPendingEvents(192.168.56.1:50334): Throwing REASON_GENERAL_NETWORK - WSAECONNRESET
 ERROR root [0x00002b08] [2019-06-20 08:52:13,715] - ==> [2019-06-20 08:52:13 708] Components::removeComponentByChannel: logger : 2000, Abnormal exit(reason=TCPPacketReceiver::processRecv(): error=10054
)! Channel(timestamp=108891529946, lastReceivedTime=108879256636, inactivityExceptionPeriod=134887628)
  WARN root [0x00002b08] [2019-06-20 08:52:13,831] - TCPPacketReceiver::processPendingEvents(192.168.56.1:50332): Throwing REASON_GENERAL_NETWORK - WSAECONNRESET
 ERROR root [0x00002b08] [2019-06-20 08:52:13,835] - Components::removeComponentByChannel: dbmgr : 4000, Abnormal exit(reason=TCPPacketReceiver::processRecv(): error=10054
)! Channel(timestamp=108891819966, lastReceivedTime=108875905300, inactivityExceptionPeriod=134887628)
  INFO root [0x00002b08] [2019-06-20 08:52:13,842] - Shutdowner::onShutdownBegin: shutting down(period=0, tickPeriod=1)
  INFO root [0x00002b08] [2019-06-20 08:52:13,843] - Shutdowner::onShutdown: shutting down
  INFO root [0x00002b08] [2019-06-20 08:52:13,849] - Spaces::destroySpace: 1.
  INFO root [0x00002b08] [2019-06-20 08:52:13,850] - Shutdowner::onShutdownEnd: shutting down
 DEBUG root [0x00002b08] [2019-06-20 08:52:13,850] - Account::~Account(): 2005
 DEBUG root [0x00002b08] [2019-06-20 08:52:13,851] - Account::~Account(): 2002
 DEBUG root [0x00002b08] [2019-06-20 08:52:13,851] - Account::~Account(): 2004
 DEBUG root [0x00002b08] [2019-06-20 08:52:13,852] - EntityRef::destroyObjPool(): size 16.
 DEBUG root [0x00002b08] [2019-06-20 08:52:13,852] - Witness::destroyObjPool(): size 16.
 ERROR root [0x00002b08] [2019-06-20 08:52:13,866] - EntityGarbages::~EntityGarbages(): leaked, size=1.
 ERROR root [0x00002b08] [2019-06-20 08:52:13,878] - 	--> leaked: Room(2003).
 ERROR root [0x00002b08] [2019-06-20 08:52:13,880] - PyGC::debugTracing(): EntityCall : leaked(4)
 ERROR root [0x00002b08] [2019-06-20 08:52:13,883] - PyGC::debugTracing(): Vector3 : leaked(2)
 ERROR root [0x00002b08] [2019-06-20 08:52:13,884] - PyGC::debugTracing(): Entity : leaked(1)
 DEBUG root [0x00002b08] [2019-06-20 08:52:13,898] - Room::~Room(): 2003
  INFO root [0x00002b08] [2019-06-20 08:52:13,911] - Script::uninstall(): is successfully!
 DEBUG root [0x00002b08] [2019-06-20 08:52:13,911] - ThreadPool::destroy(): starting size 2.
  WARN root [0x00002b08] [2019-06-20 08:52:14,212] - ThreadPool::destroy(): waiting for thread(2)[0x19e27d0,0x19e29d8,], try=1
  INFO root [0x000029e8] [2019-06-20 08:52:15,640] - 
  INFO root [0x000029e8] [2019-06-20 08:52:15,645] - -----------------------------------------------------------------------------------------


  INFO root [0x000029e8] [2019-06-20 08:52:15,646] - Resmgr::initialize: KBE_ROOT=D:/kbengine/
  INFO root [0x000029e8] [2019-06-20 08:52:15,646] - Resmgr::initialize: KBE_RES_PATH=D:/kbengine/kbe/res/;D:/kbengine/HappyPoker_assets/;D:/kbengine/HappyPoker_assets/scripts/;D:/kbengine/HappyPoker_assets/res/
  INFO root [0x000029e8] [2019-06-20 08:52:15,646] - Resmgr::initialize: KBE_BIN_PATH=D:/kbengine/kbe/bin/server/
  INFO root [0x000029e8] [2019-06-20 08:52:15,697] - NetworkInterface::initialize(INTERNAL-TCP): bound to all interfaces with default route interface on 192.168.56.1 ( 192.168.56.1:50433 )
  INFO root [0x000029e8] [2019-06-20 08:52:15,698] - NetworkInterface::initialize(INTERNAL-TCP): address 192.168.56.1:50433, SOMAXCONN=5.
  INFO root [0x000029e8] [2019-06-20 08:52:15,698] - server-configs:
  INFO root [0x000029e8] [2019-06-20 08:52:15,698] - 	gameUpdateHertz : 10
  INFO root [0x000029e8] [2019-06-20 08:52:15,698] - 	defaultViewRadius : 80
  INFO root [0x000029e8] [2019-06-20 08:52:15,698] - 	defaultViewHysteresisArea : 5
  INFO root [0x000029e8] [2019-06-20 08:52:15,698] - 	entryScriptFile : kbemain
  INFO root [0x000029e8] [2019-06-20 08:52:15,698] - 	internalTcpAddr : 192.168.56.1:50433
  INFO root [0x000029e8] [2019-06-20 08:52:15,698] - 	componentID : 8001
  WARN root [0x000029e8] [2019-06-20 08:52:15,702] - invalid UID(0) <= 0, please check UID for environment! automatically set to 3960.
  INFO root [0x000029e8] [2019-06-20 08:52:16,123] - Components::findLogger: found logger, addr:192.168.56.1:50434
  INFO root [0x000029e8] [2019-06-20 08:52:16,124] - Components::addComponent: reset orderLog, uid=3960!
  INFO root [0x000029e8] [2019-06-20 08:52:16,124] - Components::addComponent[logger], uid=3960, componentID=2000, globalorderid=1, grouporderid=1, totalcount=1
  INFO root [0x000029e8] [2019-06-20 08:52:16,132] - ---- cellapp Version: 2.4.5. ScriptVersion: 0.1.0. Pythoncore: 3.7.3. Protocol: C9FCABE153AC3D64A8F240810ADA666D. Config: Debug X86. Built: 09:56:57 May  8 2019. AppID: 8001. UID: 3960. PID: 9452 ----
  INFO root [0x000029e8] [2019-06-20 08:52:16,139] - Server error_name: Intel(R) Core(TM) i5-6300HQ CPU @ 2.30GHz with 2097151kB RAM
  INFO root [0x000029e8] [2019-06-20 08:52:16,142] - ThreadPool::createThreadPool: creating  threadpool...
  INFO root [0x000029e8] [2019-06-20 08:52:16,143] - ThreadPool::createThreadPool: successfully(2), newThreadCount=1, normalMaxThreadCount=2, maxThreadCount=8
  INFO root [0x000029e8] [2019-06-20 08:52:16,384] - Script::install(): is successfully, Python=(3.7.3 (default, May  8 2019, 09:53:38) [MSC v.1916 32 bit (Intel)])!
  INFO root [0x000029e8] [2019-06-20 08:52:16,384] - Script::install(): KBExtra is successfully!
  WARN root [0x000029e8] [2019-06-20 08:52:16,594] - EntityDef::checkDefMethod: exposed of method: Account.leaveRoom, check the caller can use "def leaveRoom(self, callerID, ...)", such as: if callerID == self.id!
  WARN root [0x000029e8] [2019-06-20 08:52:16,608] - EntityDef::checkDefMethod: exposed of method: Account.playerMakeLandlord, check the caller can use "def playerMakeLandlord(self, callerID, ...)", such as: if callerID == self.id!
  WARN root [0x000029e8] [2019-06-20 08:52:16,608] - EntityDef::checkDefMethod: exposed of method: Account.setGameReady, check the caller can use "def setGameReady(self, callerID, ...)", such as: if callerID == self.id!
 DEBUG root [0x000029e8] [2019-06-20 08:52:16,609] - loaded entity-script:Account(1).
  WARN root [0x000029e8] [2019-06-20 08:52:16,611] - EntityDef::checkDefMethod: exposed of method: Room.playPoker, check the caller can use "def playPoker(self, callerID, ...)", such as: if callerID == self.id!
  WARN root [0x000029e8] [2019-06-20 08:52:16,624] - EntityDef::checkDefMethod: exposed of method: Room.unPlayPoker, check the caller can use "def unPlayPoker(self, callerID, ...)", such as: if callerID == self.id!
 DEBUG root [0x000029e8] [2019-06-20 08:52:16,624] - loaded entity-script:Room(3).
  INFO root [0x000029e8] [2019-06-20 08:52:16,625] - TelnetServer server is running on port 50000
  INFO root [0x000029e8] [2019-06-20 08:52:17,201] - ---- cellapp is running ----
 DEBUG root [0x000029e8] [2019-06-20 08:52:17,255] - Components::process(): Request for the process of identity...
  WARN root [0x000029e8] [2019-06-20 08:52:23,408] - Forwarding logs to logger[192.168.56.1:50434/0/0/0]...
 ERROR root [0x000029e8] [2019-06-20 08:57:22,443] - Components::removeComponentByChannel: logger : 2000, Abnormal exit(reason=TCPPacketReceiver::processRecv(): error=10054
)! Channel(timestamp=109586160711, lastReceivedTime=109570997011, inactivityExceptionPeriod=134888875)
  INFO root [0x000029e8] [2019-06-20 08:57:22,446] - The following logs sent to logger failed:
  WARN root [0x000029e8] [2019-06-20 08:57:22,446] - ==> [2019-06-20 08:57:22 440] TCPPacketReceiver::processPendingEvents(192.168.56.1:50434): Throwing REASON_GENERAL_NETWORK - WSAECONNRESET
 ERROR root [0x000029e8] [2019-06-20 08:57:22,446] - ==> [2019-06-20 08:57:22 444] Components::removeComponentByChannel: logger : 2000, Abnormal exit(reason=TCPPacketReceiver::processRecv(): error=10054
)! Channel(timestamp=109586160711, lastReceivedTime=109570997011, inactivityExceptionPeriod=134888875)
  WARN root [0x000029e8] [2019-06-20 08:57:22,544] - TCPPacketReceiver::processPendingEvents(192.168.56.1:50428): Throwing REASON_GENERAL_NETWORK - WSAECONNRESET
 ERROR root [0x000029e8] [2019-06-20 08:57:22,547] - Components::removeComponentByChannel: dbmgr : 4000, Abnormal exit(reason=TCPPacketReceiver::processRecv(): error=10054
)! Channel(timestamp=109586394940, lastReceivedTime=109570713941, inactivityExceptionPeriod=134888875)
  INFO root [0x000029e8] [2019-06-20 08:57:22,554] - Shutdowner::onShutdownBegin: shutting down(period=0, tickPeriod=1)
  INFO root [0x000029e8] [2019-06-20 08:57:22,558] - Shutdowner::onShutdown: shutting down
  INFO root [0x000029e8] [2019-06-20 08:57:22,561] - Spaces::destroySpace: 1.
  INFO root [0x000029e8] [2019-06-20 08:57:22,561] - Shutdowner::onShutdownEnd: shutting down
 DEBUG root [0x000029e8] [2019-06-20 08:57:22,562] - Account::~Account(): 2005
 DEBUG root [0x000029e8] [2019-06-20 08:57:22,562] - Account::~Account(): 2002
 DEBUG root [0x000029e8] [2019-06-20 08:57:22,562] - Account::~Account(): 2004
 DEBUG root [0x000029e8] [2019-06-20 08:57:22,563] - EntityRef::destroyObjPool(): size 16.
 DEBUG root [0x000029e8] [2019-06-20 08:57:22,563] - Witness::destroyObjPool(): size 16.
 ERROR root [0x000029e8] [2019-06-20 08:57:22,577] - EntityGarbages::~EntityGarbages(): leaked, size=1.
 ERROR root [0x000029e8] [2019-06-20 08:57:22,579] - 	--> leaked: Room(2003).
 ERROR root [0x000029e8] [2019-06-20 08:57:22,581] - PyGC::debugTracing(): EntityCall : leaked(4)
 ERROR root [0x000029e8] [2019-06-20 08:57:22,581] - PyGC::debugTracing(): Vector3 : leaked(2)
 ERROR root [0x000029e8] [2019-06-20 08:57:22,583] - PyGC::debugTracing(): Entity : leaked(1)
 DEBUG root [0x000029e8] [2019-06-20 08:57:22,591] - Room::~Room(): 2003
  INFO root [0x000029e8] [2019-06-20 08:57:22,606] - Script::uninstall(): is successfully!
 DEBUG root [0x000029e8] [2019-06-20 08:57:22,606] - ThreadPool::destroy(): starting size 2.
  INFO root [0x00003130] [2019-06-20 11:09:41,149] - 
  INFO root [0x00003130] [2019-06-20 11:09:41,223] - -----------------------------------------------------------------------------------------


  INFO root [0x00003130] [2019-06-20 11:09:41,224] - Resmgr::initialize: KBE_ROOT=D:/kbengine/
  INFO root [0x00003130] [2019-06-20 11:09:41,224] - Resmgr::initialize: KBE_RES_PATH=D:/kbengine/kbe/res/;D:/kbengine/HappyPoker_assets/;D:/kbengine/HappyPoker_assets/scripts/;D:/kbengine/HappyPoker_assets/res/
  INFO root [0x00003130] [2019-06-20 11:09:41,224] - Resmgr::initialize: KBE_BIN_PATH=D:/kbengine/kbe/bin/server/
  INFO root [0x00003130] [2019-06-20 11:09:41,233] - NetworkInterface::initialize(INTERNAL-TCP): bound to all interfaces with default route interface on 192.168.56.1 ( 192.168.56.1:54048 )
  INFO root [0x00003130] [2019-06-20 11:09:41,234] - NetworkInterface::initialize(INTERNAL-TCP): address 192.168.56.1:54048, SOMAXCONN=5.
  INFO root [0x00003130] [2019-06-20 11:09:41,234] - server-configs:
  INFO root [0x00003130] [2019-06-20 11:09:41,234] - 	gameUpdateHertz : 10
  INFO root [0x00003130] [2019-06-20 11:09:41,234] - 	defaultViewRadius : 80
  INFO root [0x00003130] [2019-06-20 11:09:41,234] - 	defaultViewHysteresisArea : 5
  INFO root [0x00003130] [2019-06-20 11:09:41,234] - 	entryScriptFile : kbemain
  INFO root [0x00003130] [2019-06-20 11:09:41,235] - 	internalTcpAddr : 192.168.56.1:54048
  INFO root [0x00003130] [2019-06-20 11:09:41,235] - 	componentID : 8001
  WARN root [0x00003130] [2019-06-20 11:09:41,240] - invalid UID(0) <= 0, please check UID for environment! automatically set to 3960.
  INFO root [0x00003130] [2019-06-20 11:09:41,530] - Components::findLogger: found logger, addr:192.168.56.1:54043
  INFO root [0x00003130] [2019-06-20 11:09:41,531] - Components::addComponent: reset orderLog, uid=3960!
  INFO root [0x00003130] [2019-06-20 11:09:41,531] - Components::addComponent[logger], uid=3960, componentID=2000, globalorderid=1, grouporderid=1, totalcount=1
  INFO root [0x00003130] [2019-06-20 11:09:41,546] - ---- cellapp Version: 2.4.5. ScriptVersion: 0.1.0. Pythoncore: 3.7.3. Protocol: C9FCABE153AC3D64A8F240810ADA666D. Config: Debug X86. Built: 09:56:57 May  8 2019. AppID: 8001. UID: 3960. PID: 3056 ----
  INFO root [0x00003130] [2019-06-20 11:09:41,547] - Server error_name: Intel(R) Core(TM) i5-6300HQ CPU @ 2.30GHz with 2097151kB RAM
  INFO root [0x00003130] [2019-06-20 11:09:41,547] - ThreadPool::createThreadPool: creating  threadpool...
  INFO root [0x00003130] [2019-06-20 11:09:41,547] - ThreadPool::createThreadPool: successfully(2), newThreadCount=1, normalMaxThreadCount=2, maxThreadCount=8
  INFO root [0x00003130] [2019-06-20 11:09:41,990] - Script::install(): is successfully, Python=(3.7.3 (default, May  8 2019, 09:53:38) [MSC v.1916 32 bit (Intel)])!
  INFO root [0x00003130] [2019-06-20 11:09:41,991] - Script::install(): KBExtra is successfully!
  WARN root [0x00003130] [2019-06-20 11:09:42,208] - EntityDef::checkDefMethod: exposed of method: Account.leaveRoom, check the caller can use "def leaveRoom(self, callerID, ...)", such as: if callerID == self.id!
  WARN root [0x00003130] [2019-06-20 11:09:42,208] - EntityDef::checkDefMethod: exposed of method: Account.playerMakeLandlord, check the caller can use "def playerMakeLandlord(self, callerID, ...)", such as: if callerID == self.id!
  WARN root [0x00003130] [2019-06-20 11:09:42,209] - EntityDef::checkDefMethod: exposed of method: Account.setGameReady, check the caller can use "def setGameReady(self, callerID, ...)", such as: if callerID == self.id!
 DEBUG root [0x00003130] [2019-06-20 11:09:42,209] - loaded entity-script:Account(1).
  WARN root [0x00003130] [2019-06-20 11:09:42,211] - EntityDef::checkDefMethod: exposed of method: Room.playPoker, check the caller can use "def playPoker(self, callerID, ...)", such as: if callerID == self.id!
  WARN root [0x00003130] [2019-06-20 11:09:42,211] - EntityDef::checkDefMethod: exposed of method: Room.unPlayPoker, check the caller can use "def unPlayPoker(self, callerID, ...)", such as: if callerID == self.id!
 DEBUG root [0x00003130] [2019-06-20 11:09:42,212] - loaded entity-script:Room(3).
  INFO root [0x00003130] [2019-06-20 11:09:42,212] - TelnetServer server is running on port 50000
  INFO root [0x00003130] [2019-06-20 11:09:42,667] - ---- cellapp is running ----
 DEBUG root [0x00003130] [2019-06-20 11:09:42,685] - Components::process(): Request for the process of identity...
  WARN root [0x00003130] [2019-06-20 11:09:48,834] - Forwarding logs to logger[192.168.56.1:54043/0/0/0]...
 ERROR root [0x00003130] [2019-06-20 11:11:24,933] - Components::removeComponentByChannel: logger : 2000, Abnormal exit(reason=TCPPacketReceiver::processRecv(): error=10054
)! Channel(timestamp=127690803794, lastReceivedTime=127659524021, inactivityExceptionPeriod=134887628)
  INFO root [0x00003130] [2019-06-20 11:11:24,945] - The following logs sent to logger failed:
  WARN root [0x00003130] [2019-06-20 11:11:24,946] - ==> [2019-06-20 11:11:24 928] TCPPacketReceiver::processPendingEvents(192.168.56.1:54043): Throwing REASON_GENERAL_NETWORK - WSAECONNRESET
 ERROR root [0x00003130] [2019-06-20 11:11:24,946] - ==> [2019-06-20 11:11:24 934] Components::removeComponentByChannel: logger : 2000, Abnormal exit(reason=TCPPacketReceiver::processRecv(): error=10054
)! Channel(timestamp=127690803794, lastReceivedTime=127659524021, inactivityExceptionPeriod=134887628)
  WARN root [0x00003130] [2019-06-20 11:11:25,062] - TCPPacketReceiver::processPendingEvents(192.168.56.1:54046): Throwing REASON_GENERAL_NETWORK - WSAECONNRESET
 ERROR root [0x00003130] [2019-06-20 11:11:25,065] - Components::removeComponentByChannel: dbmgr : 4000, Abnormal exit(reason=TCPPacketReceiver::processRecv(): error=10054
)! Channel(timestamp=127691102987, lastReceivedTime=127659765487, inactivityExceptionPeriod=134887628)
  INFO root [0x00003130] [2019-06-20 11:11:25,101] - Shutdowner::onShutdownBegin: shutting down(period=0, tickPeriod=1)
  INFO root [0x00003130] [2019-06-20 11:11:25,105] - Shutdowner::onShutdown: shutting down
  INFO root [0x00003130] [2019-06-20 11:11:25,106] - Shutdowner::onShutdownEnd: shutting down
 DEBUG root [0x00003130] [2019-06-20 11:11:25,107] - EntityRef::destroyObjPool(): size 0.
 DEBUG root [0x00003130] [2019-06-20 11:11:25,108] - Witness::destroyObjPool(): size 0.
  INFO root [0x00003130] [2019-06-20 11:11:25,153] - Script::uninstall(): is successfully!
 DEBUG root [0x00003130] [2019-06-20 11:11:25,154] - ThreadPool::destroy(): starting size 2.
  WARN root [0x00003130] [2019-06-20 11:11:25,456] - ThreadPool::destroy(): waiting for thread(2)[0x2534368,0x25bfdd8,], try=1
  INFO root [0x000033c0] [2019-06-20 11:14:10,740] - 
  INFO root [0x000033c0] [2019-06-20 11:14:10,742] - -----------------------------------------------------------------------------------------


  INFO root [0x000033c0] [2019-06-20 11:14:10,743] - Resmgr::initialize: KBE_ROOT=D:/kbengine/
  INFO root [0x000033c0] [2019-06-20 11:14:10,743] - Resmgr::initialize: KBE_RES_PATH=D:/kbengine/kbe/res/;D:/kbengine/HappyPoker_assets/;D:/kbengine/HappyPoker_assets/scripts/;D:/kbengine/HappyPoker_assets/res/
  INFO root [0x000033c0] [2019-06-20 11:14:10,744] - Resmgr::initialize: KBE_BIN_PATH=D:/kbengine/kbe/bin/server/
  INFO root [0x000033c0] [2019-06-20 11:14:10,764] - NetworkInterface::initialize(INTERNAL-TCP): bound to all interfaces with default route interface on 192.168.56.1 ( 192.168.56.1:54156 )
  INFO root [0x000033c0] [2019-06-20 11:14:10,764] - NetworkInterface::initialize(INTERNAL-TCP): address 192.168.56.1:54156, SOMAXCONN=5.
  INFO root [0x000033c0] [2019-06-20 11:14:10,765] - server-configs:
  INFO root [0x000033c0] [2019-06-20 11:14:10,765] - 	gameUpdateHertz : 10
  INFO root [0x000033c0] [2019-06-20 11:14:10,765] - 	defaultViewRadius : 80
  INFO root [0x000033c0] [2019-06-20 11:14:10,765] - 	defaultViewHysteresisArea : 5
  INFO root [0x000033c0] [2019-06-20 11:14:10,765] - 	entryScriptFile : kbemain
  INFO root [0x000033c0] [2019-06-20 11:14:10,765] - 	internalTcpAddr : 192.168.56.1:54156
  INFO root [0x000033c0] [2019-06-20 11:14:10,765] - 	componentID : 8001
  WARN root [0x000033c0] [2019-06-20 11:14:10,766] - invalid UID(0) <= 0, please check UID for environment! automatically set to 3960.
  INFO root [0x000033c0] [2019-06-20 11:14:12,272] - ---- cellapp Version: 2.4.5. ScriptVersion: 0.1.0. Pythoncore: 3.7.3. Protocol: C9FCABE153AC3D64A8F240810ADA666D. Config: Debug X86. Built: 09:56:57 May  8 2019. AppID: 8001. UID: 3960. PID: 1164 ----
  INFO root [0x000033c0] [2019-06-20 11:14:12,273] - Server error_name: Intel(R) Core(TM) i5-6300HQ CPU @ 2.30GHz with 2097151kB RAM
  INFO root [0x000033c0] [2019-06-20 11:14:12,273] - ThreadPool::createThreadPool: creating  threadpool...
  INFO root [0x000033c0] [2019-06-20 11:14:12,274] - ThreadPool::createThreadPool: successfully(2), newThreadCount=1, normalMaxThreadCount=2, maxThreadCount=8
  INFO root [0x000033c0] [2019-06-20 11:14:12,543] - Script::install(): is successfully, Python=(3.7.3 (default, May  8 2019, 09:53:38) [MSC v.1916 32 bit (Intel)])!
  INFO root [0x000033c0] [2019-06-20 11:14:12,543] - Script::install(): KBExtra is successfully!
  WARN root [0x000033c0] [2019-06-20 11:14:12,672] - EntityDef::checkDefMethod: exposed of method: Account.leaveRoom, check the caller can use "def leaveRoom(self, callerID, ...)", such as: if callerID == self.id!
  WARN root [0x000033c0] [2019-06-20 11:14:12,672] - EntityDef::checkDefMethod: exposed of method: Account.playerMakeLandlord, check the caller can use "def playerMakeLandlord(self, callerID, ...)", such as: if callerID == self.id!
  WARN root [0x000033c0] [2019-06-20 11:14:12,673] - EntityDef::checkDefMethod: exposed of method: Account.setGameReady, check the caller can use "def setGameReady(self, callerID, ...)", such as: if callerID == self.id!
 DEBUG root [0x000033c0] [2019-06-20 11:14:12,673] - loaded entity-script:Account(1).
  WARN root [0x000033c0] [2019-06-20 11:14:12,675] - EntityDef::checkDefMethod: exposed of method: Room.playPoker, check the caller can use "def playPoker(self, callerID, ...)", such as: if callerID == self.id!
  WARN root [0x000033c0] [2019-06-20 11:14:12,675] - EntityDef::checkDefMethod: exposed of method: Room.unPlayPoker, check the caller can use "def unPlayPoker(self, callerID, ...)", such as: if callerID == self.id!
 DEBUG root [0x000033c0] [2019-06-20 11:14:12,676] - loaded entity-script:Room(3).
  INFO root [0x000033c0] [2019-06-20 11:14:12,676] - TelnetServer server is running on port 50000
  INFO root [0x000033c0] [2019-06-20 11:14:13,143] - ---- cellapp is running ----
 DEBUG root [0x000033c0] [2019-06-20 11:14:13,168] - Components::process(): Request for the process of identity...
  WARN root [0x000033c0] [2019-06-20 11:14:19,310] - EntityApp::checkTickPeriod: tick took 6166% (6.17 seconds)!
  WARN root [0x000033c0] [2019-06-20 11:14:19,320] - TCPPacketReceiver::processPendingEvents(192.168.56.1:54171): Throwing REASON_GENERAL_NETWORK - WSAECONNABORTED
  INFO root [0x000033c0] [2019-06-20 11:14:20,344] - Components::findComponents: find logger(1)...
  INFO root [0x000033c0] [2019-06-20 11:14:20,433] - Components::findComponents: found logger, addr:192.168.56.1:54151
  INFO root [0x000033c0] [2019-06-20 11:14:20,433] - Components::addComponent: reset orderLog, uid=3960!
  INFO root [0x000033c0] [2019-06-20 11:14:20,434] - Components::addComponent[logger], uid=3960, componentID=2000, globalorderid=1, grouporderid=1, totalcount=1
  INFO root [0x000033c0] [2019-06-20 11:14:20,435] - Components::findComponents: find dbmgr(2)...
  INFO root [0x000033c0] [2019-06-20 11:14:20,537] - Components::findComponents: found dbmgr, addr:192.168.56.1:54153
  INFO root [0x000033c0] [2019-06-20 11:14:20,538] - Components::addComponent: reset orderLog, uid=3960!
  INFO root [0x000033c0] [2019-06-20 11:14:20,538] - Components::addComponent[dbmgr], uid=3960, componentID=4000, globalorderid=1, grouporderid=1, totalcount=1
  INFO root [0x000033c0] [2019-06-20 11:14:20,539] - Components::findComponents: found dbmgr, addr:192.168.56.1:54153
  WARN root [0x000033c0] [2019-06-20 11:14:21,540] - EntityApp::checkTickPeriod: tick took 1295% (1.29 seconds)!
  WARN root [0x000033c0] [2019-06-20 11:14:21,541] - Forwarding logs to logger[192.168.56.1:54151/0/0/0]...
 ERROR root [0x000033c0] [2019-06-20 11:27:31,078] - Components::removeComponentByChannel: logger : 2000, Abnormal exit(reason=TCPPacketReceiver::processRecv(): error=10054
)! Channel(timestamp=129864632236, lastReceivedTime=129818577521, inactivityExceptionPeriod=134887628)
  INFO root [0x000033c0] [2019-06-20 11:27:31,087] - The following logs sent to logger failed:
  WARN root [0x000033c0] [2019-06-20 11:27:31,088] - ==> [2019-06-20 11:27:31 074] TCPPacketReceiver::processPendingEvents(192.168.56.1:54151): Throwing REASON_GENERAL_NETWORK - WSAECONNRESET
 ERROR root [0x000033c0] [2019-06-20 11:27:31,088] - ==> [2019-06-20 11:27:31 079] Components::removeComponentByChannel: logger : 2000, Abnormal exit(reason=TCPPacketReceiver::processRecv(): error=10054
)! Channel(timestamp=129864632236, lastReceivedTime=129818577521, inactivityExceptionPeriod=134887628)
  WARN root [0x000033c0] [2019-06-20 11:27:31,185] - TCPPacketReceiver::processPendingEvents(192.168.56.1:54153): Throwing REASON_GENERAL_NETWORK - WSAECONNRESET
 ERROR root [0x000033c0] [2019-06-20 11:27:31,189] - Components::removeComponentByChannel: dbmgr : 4000, Abnormal exit(reason=TCPPacketReceiver::processRecv(): error=10054
)! Channel(timestamp=129864882677, lastReceivedTime=129818881490, inactivityExceptionPeriod=134887628)
  INFO root [0x000033c0] [2019-06-20 11:27:31,197] - Shutdowner::onShutdownBegin: shutting down(period=0, tickPeriod=1)
  INFO root [0x000033c0] [2019-06-20 11:27:31,198] - Shutdowner::onShutdown: shutting down
  INFO root [0x000033c0] [2019-06-20 11:27:31,199] - Spaces::destroySpace: 1.
  INFO root [0x000033c0] [2019-06-20 11:27:31,199] - Shutdowner::onShutdownEnd: shutting down
 DEBUG root [0x000033c0] [2019-06-20 11:27:31,200] - EntityRef::destroyObjPool(): size 16.
 DEBUG root [0x000033c0] [2019-06-20 11:27:31,200] - Witness::destroyObjPool(): size 16.
 ERROR root [0x000033c0] [2019-06-20 11:27:31,215] - EntityGarbages::~EntityGarbages(): leaked, size=1.
 ERROR root [0x000033c0] [2019-06-20 11:27:31,216] - 	--> leaked: Room(2003).
 ERROR root [0x000033c0] [2019-06-20 11:27:31,218] - PyGC::debugTracing(): EntityCall : leaked(1)
 ERROR root [0x000033c0] [2019-06-20 11:27:31,218] - PyGC::debugTracing(): Vector3 : leaked(2)
 ERROR root [0x000033c0] [2019-06-20 11:27:31,220] - PyGC::debugTracing(): Entity : leaked(1)
 DEBUG root [0x000033c0] [2019-06-20 11:27:31,225] - Room::~Room(): 2003
  INFO root [0x000033c0] [2019-06-20 11:27:31,239] - Script::uninstall(): is successfully!
 DEBUG root [0x000033c0] [2019-06-20 11:27:31,239] - ThreadPool::destroy(): starting size 2.
  WARN root [0x000033c0] [2019-06-20 11:27:31,540] - ThreadPool::destroy(): waiting for thread(2)[0x245f608,0x245f128,], try=1
