  INFO root [0x00002388] [2019-06-17 15:44:36,921] - 
  INFO root [0x00002388] [2019-06-17 15:44:36,921] - -----------------------------------------------------------------------------------------


  INFO root [0x00002388] [2019-06-17 15:44:36,923] - Resmgr::initialize: KBE_ROOT=D:/kbengine/
  INFO root [0x00002388] [2019-06-17 15:44:36,923] - Resmgr::initialize: KBE_RES_PATH=D:/kbengine/kbe/res/;D:/kbengine/HappyPoker_assets/;D:/kbengine/HappyPoker_assets/res/;D:/kbengine/HappyPoker_assets/scripts/
  INFO root [0x00002388] [2019-06-17 15:44:36,923] - Resmgr::initialize: KBE_BIN_PATH=D:/kbengine/kbe/bin/server/
  INFO root [0x00002388] [2019-06-17 15:44:36,943] - NetworkInterface::initialize(INTERNAL-TCP): bound to all interfaces with default route interface on 192.168.56.1 ( 192.168.56.1:56120 )
  INFO root [0x00002388] [2019-06-17 15:44:36,943] - NetworkInterface::initialize(INTERNAL-TCP): address 192.168.56.1:56120, SOMAXCONN=5.
  INFO root [0x00002388] [2019-06-17 15:44:36,943] - server-configs:
  INFO root [0x00002388] [2019-06-17 15:44:36,943] - 	gameUpdateHertz : 10
  INFO root [0x00002388] [2019-06-17 15:44:36,944] - 	defaultViewRadius : 80
  INFO root [0x00002388] [2019-06-17 15:44:36,944] - 	defaultViewHysteresisArea : 5
  INFO root [0x00002388] [2019-06-17 15:44:36,944] - 	entryScriptFile : kbemain
  INFO root [0x00002388] [2019-06-17 15:44:36,944] - 	internalTcpAddr : 192.168.56.1:56120
  INFO root [0x00002388] [2019-06-17 15:44:36,944] - 	componentID : 7129652375332859700
  WARN root [0x00002388] [2019-06-17 15:44:36,944] - invalid UID(0) <= 0, please check UID for environment! automatically set to 3960.
  INFO root [0x00002388] [2019-06-17 15:44:37,121] - Components::findLogger: found logger, addr:192.168.56.1:56045
  INFO root [0x00002388] [2019-06-17 15:44:37,121] - Components::addComponent: reset orderLog, uid=3960!
  INFO root [0x00002388] [2019-06-17 15:44:37,122] - Components::addComponent[logger], uid=3960, componentID=2000, globalorderid=1, grouporderid=1, totalcount=1
  INFO root [0x00002388] [2019-06-17 15:44:37,127] - ---- cellapp Version: 2.4.5. ScriptVersion: 0.1.0. Pythoncore: 3.7.3. Protocol: C9FCABE153AC3D64A8F240810ADA666D. Config: Debug X86. Built: 09:56:57 May  8 2019. AppID: 7129652375332859700. UID: 3960. PID: 12980 ----
  INFO root [0x00002388] [2019-06-17 15:44:37,127] - Server error_name: Intel(R) Core(TM) i5-6300HQ CPU @ 2.30GHz with 2097151kB RAM
  INFO root [0x00002388] [2019-06-17 15:44:37,127] - ThreadPool::createThreadPool: creating  threadpool...
  INFO root [0x00002388] [2019-06-17 15:44:37,127] - ThreadPool::createThreadPool: successfully(2), newThreadCount=1, normalMaxThreadCount=2, maxThreadCount=8
  INFO root [0x00002388] [2019-06-17 15:44:37,447] - Script::install(): is successfully, Python=(3.7.3 (default, May  8 2019, 09:53:38) [MSC v.1916 32 bit (Intel)])!
  INFO root [0x00002388] [2019-06-17 15:44:37,447] - Script::install(): KBExtra is successfully!
  WARN root [0x00002388] [2019-06-17 15:44:37,667] - EntityDef::checkDefMethod: exposed of method: Account.leaveRoom, check the caller can use "def leaveRoom(self, callerID, ...)", such as: if callerID == self.id!
  WARN root [0x00002388] [2019-06-17 15:44:37,667] - EntityDef::checkDefMethod: exposed of method: Account.playerMakeLandlord, check the caller can use "def playerMakeLandlord(self, callerID, ...)", such as: if callerID == self.id!
  WARN root [0x00002388] [2019-06-17 15:44:37,667] - EntityDef::checkDefMethod: exposed of method: Account.setGameReady, check the caller can use "def setGameReady(self, callerID, ...)", such as: if callerID == self.id!
 DEBUG root [0x00002388] [2019-06-17 15:44:37,668] - loaded entity-script:Account(1).
  WARN root [0x00002388] [2019-06-17 15:44:37,670] - EntityDef::checkDefMethod: exposed of method: Room.playPoker, check the caller can use "def playPoker(self, callerID, ...)", such as: if callerID == self.id!
  WARN root [0x00002388] [2019-06-17 15:44:37,670] - EntityDef::checkDefMethod: exposed of method: Room.unPlayPoker, check the caller can use "def unPlayPoker(self, callerID, ...)", such as: if callerID == self.id!
 DEBUG root [0x00002388] [2019-06-17 15:44:37,670] - loaded entity-script:Room(3).
  INFO root [0x00002388] [2019-06-17 15:44:37,671] - TelnetServer server is running on port 50001
  INFO root [0x00002388] [2019-06-17 15:44:38,405] - ---- cellapp is running ----
 DEBUG root [0x00002388] [2019-06-17 15:44:38,405] - Components::process(): Request for the process of identity...
