  INFO root [0x00000e8c] [2019-06-01 10:23:54,361] - 
  INFO root [0x00000e8c] [2019-06-01 10:23:54,362] - -----------------------------------------------------------------------------------------


  INFO root [0x00000e8c] [2019-06-01 10:23:54,407] - Resmgr::initialize: KBE_ROOT=D:/kbengine/
  INFO root [0x00000e8c] [2019-06-01 10:23:54,407] - Resmgr::initialize: KBE_RES_PATH=D:/kbengine/kbe/res/;D:/kbengine/HappyPoker_assets/;D:/kbengine/HappyPoker_assets/scripts/;D:/kbengine/HappyPoker_assets/res/
  INFO root [0x00000e8c] [2019-06-01 10:23:54,407] - Resmgr::initialize: KBE_BIN_PATH=D:/kbengine/kbe/bin/server/
  INFO root [0x00000e8c] [2019-06-01 10:23:54,456] - NetworkInterface::initialize(INTERNAL-TCP): bound to all interfaces with default route interface on 192.168.56.1 ( 192.168.56.1:59715 )
  INFO root [0x00000e8c] [2019-06-01 10:23:54,457] - NetworkInterface::initialize(INTERNAL-TCP): address 192.168.56.1:59715, SOMAXCONN=5.
  INFO root [0x00000e8c] [2019-06-01 10:23:54,458] - server-configs:
  INFO root [0x00000e8c] [2019-06-01 10:23:54,458] - 	gameUpdateHertz : 10
  INFO root [0x00000e8c] [2019-06-01 10:23:54,469] - 	defaultViewRadius : 80
  INFO root [0x00000e8c] [2019-06-01 10:23:54,469] - 	defaultViewHysteresisArea : 5
  INFO root [0x00000e8c] [2019-06-01 10:23:54,470] - 	entryScriptFile : kbemain
  INFO root [0x00000e8c] [2019-06-01 10:23:54,470] - 	internalTcpAddr : 192.168.56.1:59715
  INFO root [0x00000e8c] [2019-06-01 10:23:54,470] - 	componentID : 8001
  WARN root [0x00000e8c] [2019-06-01 10:23:54,470] - invalid UID(0) <= 0, please check UID for environment! automatically set to 3960.
  INFO root [0x00000e8c] [2019-06-01 10:23:54,550] - Components::findLogger: found logger, addr:192.168.56.1:59692
  INFO root [0x00000e8c] [2019-06-01 10:23:54,550] - Components::addComponent: reset orderLog, uid=3960!
  INFO root [0x00000e8c] [2019-06-01 10:23:54,550] - Components::addComponent[logger], uid=3960, componentID=2000, globalorderid=1, grouporderid=1, totalcount=1
  INFO root [0x00000e8c] [2019-06-01 10:23:54,578] - ---- cellapp Version: 2.4.5. ScriptVersion: 0.1.0. Pythoncore: 3.7.3. Protocol: C9FCABE153AC3D64A8F240810ADA666D. Config: Debug X86. Built: 09:56:57 May  8 2019. AppID: 8001. UID: 3960. PID: 13148 ----
  INFO root [0x00000e8c] [2019-06-01 10:23:54,578] - Server error_name: Intel(R) Core(TM) i5-6300HQ CPU @ 2.30GHz with 2097151kB RAM
  INFO root [0x00000e8c] [2019-06-01 10:23:54,592] - ThreadPool::createThreadPool: creating  threadpool...
  INFO root [0x00000e8c] [2019-06-01 10:23:54,599] - ThreadPool::createThreadPool: successfully(2), newThreadCount=1, normalMaxThreadCount=2, maxThreadCount=8
  INFO root [0x00000e8c] [2019-06-01 10:23:54,832] - Script::install(): is successfully, Python=(3.7.3 (default, May  8 2019, 09:53:38) [MSC v.1916 32 bit (Intel)])!
  INFO root [0x00000e8c] [2019-06-01 10:23:54,832] - Script::install(): KBExtra is successfully!
  WARN root [0x00000e8c] [2019-06-01 10:23:54,968] - EntityDef::checkDefMethod: exposed of method: Account.playerMakeLandlord, check the caller can use "def playerMakeLandlord(self, callerID, ...)", such as: if callerID == self.id!
  WARN root [0x00000e8c] [2019-06-01 10:23:54,968] - EntityDef::checkDefMethod: exposed of method: Account.setGameReady, check the caller can use "def setGameReady(self, callerID, ...)", such as: if callerID == self.id!
 DEBUG root [0x00000e8c] [2019-06-01 10:23:54,968] - loaded entity-script:Account(1).
 ERROR root [0x00000e8c] [2019-06-01 10:23:54,970] - EntityDef::checkDefMethod: <class 'Room.Room'> does not have method[nextToplayPoker], defined in Room.def!
 ERROR root [0x00000e8c] [2019-06-01 10:23:54,971] - EntityDef::initialize: EntityClass[Room] checkDefMethod is failed!
 ERROR root [0x00000e8c] [2019-06-01 10:23:54,971] - app::initialize(): initialization failed!
 DEBUG root [0x00000e8c] [2019-06-01 10:23:54,972] - EntityRef::destroyObjPool(): size 0.
 DEBUG root [0x00000e8c] [2019-06-01 10:23:54,973] - Witness::destroyObjPool(): size 0.
  INFO root [0x00000e8c] [2019-06-01 10:23:54,985] - Script::uninstall(): is successfully!
 DEBUG root [0x00000e8c] [2019-06-01 10:23:54,986] - ThreadPool::destroy(): starting size 2.
  WARN root [0x00000e8c] [2019-06-01 10:23:55,287] - ThreadPool::destroy(): waiting for thread(2)[0x8a0b38,0x8a0588,], try=1
 DEBUG root [0x00000e8c] [2019-06-01 10:23:55,689] - TPThread::~TPThread(): 0x8a0b38
 DEBUG root [0x00000e8c] [2019-06-01 10:23:55,689] - TPThread::~TPThread(): 0x8a0588
 DEBUG root [0x00000e8c] [2019-06-01 10:23:55,689] - ThreadPool::destroy(): successfully!
 DEBUG root [0x00000e8c] [2019-06-01 10:23:55,695] - Bundle::destroyObjPool(): size 11.
 DEBUG root [0x00000e8c] [2019-06-01 10:23:55,695] - Channel::destroyObjPool(): size 15.
 DEBUG root [0x00000e8c] [2019-06-01 10:23:55,703] - TCPPacket::destroyObjPool(): size 0.
 DEBUG root [0x00000e8c] [2019-06-01 10:23:55,703] - UDPPacket::destroyObjPool(): size 14.
 DEBUG root [0x00000e8c] [2019-06-01 10:23:55,703] - EndPoint::destroyObjPool(): size 15.
 DEBUG root [0x00000e8c] [2019-06-01 10:23:55,705] - Address::destroyObjPool(): size 0.
 DEBUG root [0x00000e8c] [2019-06-01 10:23:55,705] - TCPPacketReceiver::destroyObjPool(): size 0.
 DEBUG root [0x00000e8c] [2019-06-01 10:23:55,705] - UDPPacketReceiver::destroyObjPool(): size 0.
  WARN root [0x00000e8c] [2019-06-01 10:23:55,705] - Forwarding logs to logger[192.168.56.1:59692/0/0/0]...
  INFO root [0x00000e8c] [2019-06-01 10:24:02,344] - EventDispatcher()::~EventDispatcher: Num timers = 1
  INFO root [0x0000412c] [2019-06-01 10:29:57,572] - 
  INFO root [0x0000412c] [2019-06-01 10:29:57,574] - -----------------------------------------------------------------------------------------


  INFO root [0x0000412c] [2019-06-01 10:29:57,575] - Resmgr::initialize: KBE_ROOT=D:/kbengine/
  INFO root [0x0000412c] [2019-06-01 10:29:57,575] - Resmgr::initialize: KBE_RES_PATH=D:/kbengine/kbe/res/;D:/kbengine/HappyPoker_assets/;D:/kbengine/HappyPoker_assets/scripts/;D:/kbengine/HappyPoker_assets/res/
  INFO root [0x0000412c] [2019-06-01 10:29:57,575] - Resmgr::initialize: KBE_BIN_PATH=D:/kbengine/kbe/bin/server/
  INFO root [0x0000412c] [2019-06-01 10:29:57,603] - NetworkInterface::initialize(INTERNAL-TCP): bound to all interfaces with default route interface on 192.168.56.1 ( 192.168.56.1:59733 )
  INFO root [0x0000412c] [2019-06-01 10:29:57,603] - NetworkInterface::initialize(INTERNAL-TCP): address 192.168.56.1:59733, SOMAXCONN=5.
  INFO root [0x0000412c] [2019-06-01 10:29:57,603] - server-configs:
  INFO root [0x0000412c] [2019-06-01 10:29:57,603] - 	gameUpdateHertz : 10
  INFO root [0x0000412c] [2019-06-01 10:29:57,603] - 	defaultViewRadius : 80
  INFO root [0x0000412c] [2019-06-01 10:29:57,603] - 	defaultViewHysteresisArea : 5
  INFO root [0x0000412c] [2019-06-01 10:29:57,604] - 	entryScriptFile : kbemain
  INFO root [0x0000412c] [2019-06-01 10:29:57,604] - 	internalTcpAddr : 192.168.56.1:59733
  INFO root [0x0000412c] [2019-06-01 10:29:57,604] - 	componentID : 8001
  WARN root [0x0000412c] [2019-06-01 10:29:57,604] - invalid UID(0) <= 0, please check UID for environment! automatically set to 3960.
  INFO root [0x0000412c] [2019-06-01 10:29:59,112] - ---- cellapp Version: 2.4.5. ScriptVersion: 0.1.0. Pythoncore: 3.7.3. Protocol: C9FCABE153AC3D64A8F240810ADA666D. Config: Debug X86. Built: 09:56:57 May  8 2019. AppID: 8001. UID: 3960. PID: 8248 ----
  INFO root [0x0000412c] [2019-06-01 10:29:59,113] - Server error_name: Intel(R) Core(TM) i5-6300HQ CPU @ 2.30GHz with 2097151kB RAM
  INFO root [0x0000412c] [2019-06-01 10:29:59,114] - ThreadPool::createThreadPool: creating  threadpool...
  INFO root [0x0000412c] [2019-06-01 10:29:59,115] - ThreadPool::createThreadPool: successfully(2), newThreadCount=1, normalMaxThreadCount=2, maxThreadCount=8
  INFO root [0x0000412c] [2019-06-01 10:29:59,356] - Script::install(): is successfully, Python=(3.7.3 (default, May  8 2019, 09:53:38) [MSC v.1916 32 bit (Intel)])!
  INFO root [0x0000412c] [2019-06-01 10:29:59,356] - Script::install(): KBExtra is successfully!
  WARN root [0x0000412c] [2019-06-01 10:29:59,542] - EntityDef::checkDefMethod: exposed of method: Account.playerMakeLandlord, check the caller can use "def playerMakeLandlord(self, callerID, ...)", such as: if callerID == self.id!
  WARN root [0x0000412c] [2019-06-01 10:29:59,542] - EntityDef::checkDefMethod: exposed of method: Account.setGameReady, check the caller can use "def setGameReady(self, callerID, ...)", such as: if callerID == self.id!
 DEBUG root [0x0000412c] [2019-06-01 10:29:59,542] - loaded entity-script:Account(1).
 ERROR root [0x0000412c] [2019-06-01 10:29:59,544] - EntityDef::checkDefMethod: <class 'Room.Room'> does not have method[nextToplayPoker], defined in Room.def!
 ERROR root [0x0000412c] [2019-06-01 10:29:59,545] - EntityDef::initialize: EntityClass[Room] checkDefMethod is failed!
 ERROR root [0x0000412c] [2019-06-01 10:29:59,545] - app::initialize(): initialization failed!
 DEBUG root [0x0000412c] [2019-06-01 10:29:59,545] - EntityRef::destroyObjPool(): size 0.
 DEBUG root [0x0000412c] [2019-06-01 10:29:59,545] - Witness::destroyObjPool(): size 0.
  INFO root [0x0000412c] [2019-06-01 10:29:59,556] - Script::uninstall(): is successfully!
 DEBUG root [0x0000412c] [2019-06-01 10:29:59,556] - ThreadPool::destroy(): starting size 2.
  WARN root [0x0000412c] [2019-06-01 10:29:59,857] - ThreadPool::destroy(): waiting for thread(2)[0xb84438,0xb84368,], try=1
 DEBUG root [0x0000412c] [2019-06-01 10:30:00,270] - TPThread::~TPThread(): 0xb84438
 DEBUG root [0x0000412c] [2019-06-01 10:30:00,270] - TPThread::~TPThread(): 0xb84368
 DEBUG root [0x0000412c] [2019-06-01 10:30:00,271] - ThreadPool::destroy(): successfully!
 DEBUG root [0x0000412c] [2019-06-01 10:30:00,274] - Bundle::destroyObjPool(): size 14.
 DEBUG root [0x0000412c] [2019-06-01 10:30:00,275] - Channel::destroyObjPool(): size 0.
 DEBUG root [0x0000412c] [2019-06-01 10:30:00,276] - TCPPacket::destroyObjPool(): size 0.
 DEBUG root [0x0000412c] [2019-06-01 10:30:00,276] - UDPPacket::destroyObjPool(): size 14.
 DEBUG root [0x0000412c] [2019-06-01 10:30:00,276] - EndPoint::destroyObjPool(): size 0.
 DEBUG root [0x0000412c] [2019-06-01 10:30:00,276] - Address::destroyObjPool(): size 0.
 DEBUG root [0x0000412c] [2019-06-01 10:30:00,279] - TCPPacketReceiver::destroyObjPool(): size 0.
 DEBUG root [0x0000412c] [2019-06-01 10:30:00,279] - UDPPacketReceiver::destroyObjPool(): size 0.
  INFO root [0x0000412c] [2019-06-01 10:30:06,791] - EventDispatcher()::~EventDispatcher: Num timers = 1
  INFO root [0x00002284] [2019-06-01 10:31:47,141] - 
  INFO root [0x00002284] [2019-06-01 10:31:47,151] - -----------------------------------------------------------------------------------------


  INFO root [0x00002284] [2019-06-01 10:31:47,154] - Resmgr::initialize: KBE_ROOT=D:/kbengine/
  INFO root [0x00002284] [2019-06-01 10:31:47,154] - Resmgr::initialize: KBE_RES_PATH=D:/kbengine/kbe/res/;D:/kbengine/HappyPoker_assets/;D:/kbengine/HappyPoker_assets/scripts/;D:/kbengine/HappyPoker_assets/res/
  INFO root [0x00002284] [2019-06-01 10:31:47,154] - Resmgr::initialize: KBE_BIN_PATH=D:/kbengine/kbe/bin/server/
  INFO root [0x00002284] [2019-06-01 10:31:47,190] - NetworkInterface::initialize(INTERNAL-TCP): bound to all interfaces with default route interface on 192.168.56.1 ( 192.168.56.1:59762 )
  INFO root [0x00002284] [2019-06-01 10:31:47,190] - NetworkInterface::initialize(INTERNAL-TCP): address 192.168.56.1:59762, SOMAXCONN=5.
  INFO root [0x00002284] [2019-06-01 10:31:47,190] - server-configs:
  INFO root [0x00002284] [2019-06-01 10:31:47,191] - 	gameUpdateHertz : 10
  INFO root [0x00002284] [2019-06-01 10:31:47,191] - 	defaultViewRadius : 80
  INFO root [0x00002284] [2019-06-01 10:31:47,191] - 	defaultViewHysteresisArea : 5
  INFO root [0x00002284] [2019-06-01 10:31:47,192] - 	entryScriptFile : kbemain
  INFO root [0x00002284] [2019-06-01 10:31:47,192] - 	internalTcpAddr : 192.168.56.1:59762
  INFO root [0x00002284] [2019-06-01 10:31:47,192] - 	componentID : 8001
  WARN root [0x00002284] [2019-06-01 10:31:47,196] - invalid UID(0) <= 0, please check UID for environment! automatically set to 3960.
  INFO root [0x00002284] [2019-06-01 10:31:48,711] - ---- cellapp Version: 2.4.5. ScriptVersion: 0.1.0. Pythoncore: 3.7.3. Protocol: C9FCABE153AC3D64A8F240810ADA666D. Config: Debug X86. Built: 09:56:57 May  8 2019. AppID: 8001. UID: 3960. PID: 9880 ----
  INFO root [0x00002284] [2019-06-01 10:31:48,712] - Server error_name: Intel(R) Core(TM) i5-6300HQ CPU @ 2.30GHz with 2097151kB RAM
  INFO root [0x00002284] [2019-06-01 10:31:48,713] - ThreadPool::createThreadPool: creating  threadpool...
  INFO root [0x00002284] [2019-06-01 10:31:48,714] - ThreadPool::createThreadPool: successfully(2), newThreadCount=1, normalMaxThreadCount=2, maxThreadCount=8
  INFO root [0x00002284] [2019-06-01 10:31:48,915] - Script::install(): is successfully, Python=(3.7.3 (default, May  8 2019, 09:53:38) [MSC v.1916 32 bit (Intel)])!
  INFO root [0x00002284] [2019-06-01 10:31:48,915] - Script::install(): KBExtra is successfully!
  WARN root [0x00002284] [2019-06-01 10:31:49,036] - EntityDef::checkDefMethod: exposed of method: Account.playerMakeLandlord, check the caller can use "def playerMakeLandlord(self, callerID, ...)", such as: if callerID == self.id!
  WARN root [0x00002284] [2019-06-01 10:31:49,037] - EntityDef::checkDefMethod: exposed of method: Account.setGameReady, check the caller can use "def setGameReady(self, callerID, ...)", such as: if callerID == self.id!
 DEBUG root [0x00002284] [2019-06-01 10:31:49,037] - loaded entity-script:Account(1).
  WARN root [0x00002284] [2019-06-01 10:31:49,039] - EntityDef::checkDefMethod: exposed of method: Room.playPoker, check the caller can use "def playPoker(self, callerID, ...)", such as: if callerID == self.id!
  WARN root [0x00002284] [2019-06-01 10:31:49,040] - EntityDef::checkDefMethod: exposed of method: Room.unPlayPoker, check the caller can use "def unPlayPoker(self, callerID, ...)", such as: if callerID == self.id!
 DEBUG root [0x00002284] [2019-06-01 10:31:49,040] - loaded entity-script:Room(3).
  INFO root [0x00002284] [2019-06-01 10:31:49,041] - TelnetServer server is running on port 50000
  INFO root [0x00002284] [2019-06-01 10:31:49,622] - ---- cellapp is running ----
 DEBUG root [0x00002284] [2019-06-01 10:31:49,624] - Components::process(): Request for the process of identity...
  WARN root [0x00002284] [2019-06-01 10:31:55,884] - EntityApp::checkTickPeriod: tick took 6259% (6.26 seconds)!
  INFO root [0x00002284] [2019-06-01 10:31:56,968] - Components::findComponents: find logger(1)...
  INFO root [0x00002284] [2019-06-01 10:31:57,059] - Components::findComponents: found logger, addr:192.168.56.1:59766
  INFO root [0x00002284] [2019-06-01 10:31:57,059] - Components::addComponent: reset orderLog, uid=3960!
  INFO root [0x00002284] [2019-06-01 10:31:57,060] - Components::addComponent[logger], uid=3960, componentID=2000, globalorderid=1, grouporderid=1, totalcount=1
  INFO root [0x00002284] [2019-06-01 10:31:57,062] - Components::findComponents: find dbmgr(2)...
  INFO root [0x00002284] [2019-06-01 10:31:57,163] - Components::findComponents: found dbmgr, addr:192.168.56.1:59759
  INFO root [0x00002284] [2019-06-01 10:31:57,164] - Components::addComponent: reset orderLog, uid=3960!
  INFO root [0x00002284] [2019-06-01 10:31:57,164] - Components::addComponent[dbmgr], uid=3960, componentID=4000, globalorderid=1, grouporderid=1, totalcount=1
  INFO root [0x00002284] [2019-06-01 10:31:57,164] - Components::findComponents: found dbmgr, addr:192.168.56.1:59759
  WARN root [0x00002284] [2019-06-01 10:31:58,166] - Forwarding logs to logger[192.168.56.1:59766/0/0/0]...
 ERROR root [0x00002284] [2019-06-01 10:41:52,695] - Components::removeComponentByChannel: logger : 2000, Abnormal exit(reason=TCPPacketReceiver::processRecv(): error=10054
)! Channel(timestamp=711527560532, lastReceivedTime=711515197421, inactivityExceptionPeriod=134887437)
  INFO root [0x00002284] [2019-06-01 10:41:52,698] - The following logs sent to logger failed:
  WARN root [0x00002284] [2019-06-01 10:41:52,698] - ==> [2019-06-01 10:41:52 695] TCPPacketReceiver::processPendingEvents(192.168.56.1:59766): Throwing REASON_GENERAL_NETWORK - WSAECONNRESET
 ERROR root [0x00002284] [2019-06-01 10:41:52,699] - ==> [2019-06-01 10:41:52 695] Components::removeComponentByChannel: logger : 2000, Abnormal exit(reason=TCPPacketReceiver::processRecv(): error=10054
)! Channel(timestamp=711527560532, lastReceivedTime=711515197421, inactivityExceptionPeriod=134887437)
  WARN root [0x00002284] [2019-06-01 10:41:52,754] - TCPPacketReceiver::processPendingEvents(192.168.56.1:59759): Throwing REASON_GENERAL_NETWORK - WSAECONNRESET
 ERROR root [0x00002284] [2019-06-01 10:41:52,756] - Components::removeComponentByChannel: dbmgr : 4000, Abnormal exit(reason=TCPPacketReceiver::processRecv(): error=10054
)! Channel(timestamp=711527699242, lastReceivedTime=711514834906, inactivityExceptionPeriod=134887437)
  INFO root [0x00002284] [2019-06-01 10:41:52,770] - Shutdowner::onShutdownBegin: shutting down(period=0, tickPeriod=1)
  INFO root [0x00002284] [2019-06-01 10:41:52,771] - Shutdowner::onShutdown: shutting down
  INFO root [0x00002284] [2019-06-01 10:41:52,773] - Spaces::destroySpace: 1.
  INFO root [0x00002284] [2019-06-01 10:41:52,773] - Shutdowner::onShutdownEnd: shutting down
 DEBUG root [0x00002284] [2019-06-01 10:41:52,789] - Account::~Account(): 2
 DEBUG root [0x00002284] [2019-06-01 10:41:52,790] - EntityRef::destroyObjPool(): size 16.
 DEBUG root [0x00002284] [2019-06-01 10:41:52,790] - Witness::destroyObjPool(): size 16.
 DEBUG root [0x00002284] [2019-06-01 10:41:52,803] - Room::~Room(): 3
  INFO root [0x00002284] [2019-06-01 10:41:52,816] - Script::uninstall(): is successfully!
 DEBUG root [0x00002284] [2019-06-01 10:41:52,817] - ThreadPool::destroy(): starting size 2.
  WARN root [0x00002284] [2019-06-01 10:41:53,117] - ThreadPool::destroy(): waiting for thread(2)[0x21b4b0,0x21b990,], try=1
  INFO root [0x00001088] [2019-06-01 10:41:54,498] - 
  INFO root [0x00001088] [2019-06-01 10:41:54,500] - -----------------------------------------------------------------------------------------


  INFO root [0x00001088] [2019-06-01 10:41:54,501] - Resmgr::initialize: KBE_ROOT=D:/kbengine/
  INFO root [0x00001088] [2019-06-01 10:41:54,501] - Resmgr::initialize: KBE_RES_PATH=D:/kbengine/kbe/res/;D:/kbengine/HappyPoker_assets/;D:/kbengine/HappyPoker_assets/scripts/;D:/kbengine/HappyPoker_assets/res/
  INFO root [0x00001088] [2019-06-01 10:41:54,502] - Resmgr::initialize: KBE_BIN_PATH=D:/kbengine/kbe/bin/server/
  INFO root [0x00001088] [2019-06-01 10:41:54,520] - NetworkInterface::initialize(INTERNAL-TCP): bound to all interfaces with default route interface on 192.168.56.1 ( 192.168.56.1:59879 )
  INFO root [0x00001088] [2019-06-01 10:41:54,520] - NetworkInterface::initialize(INTERNAL-TCP): address 192.168.56.1:59879, SOMAXCONN=5.
  INFO root [0x00001088] [2019-06-01 10:41:54,520] - server-configs:
  INFO root [0x00001088] [2019-06-01 10:41:54,520] - 	gameUpdateHertz : 10
  INFO root [0x00001088] [2019-06-01 10:41:54,520] - 	defaultViewRadius : 80
  INFO root [0x00001088] [2019-06-01 10:41:54,521] - 	defaultViewHysteresisArea : 5
  INFO root [0x00001088] [2019-06-01 10:41:54,521] - 	entryScriptFile : kbemain
  INFO root [0x00001088] [2019-06-01 10:41:54,521] - 	internalTcpAddr : 192.168.56.1:59879
  INFO root [0x00001088] [2019-06-01 10:41:54,521] - 	componentID : 8001
  WARN root [0x00001088] [2019-06-01 10:41:54,523] - invalid UID(0) <= 0, please check UID for environment! automatically set to 3960.
  INFO root [0x00001088] [2019-06-01 10:41:56,028] - ---- cellapp Version: 2.4.5. ScriptVersion: 0.1.0. Pythoncore: 3.7.3. Protocol: C9FCABE153AC3D64A8F240810ADA666D. Config: Debug X86. Built: 09:56:57 May  8 2019. AppID: 8001. UID: 3960. PID: 6424 ----
  INFO root [0x00001088] [2019-06-01 10:41:56,029] - Server error_name: Intel(R) Core(TM) i5-6300HQ CPU @ 2.30GHz with 2097151kB RAM
  INFO root [0x00001088] [2019-06-01 10:41:56,029] - ThreadPool::createThreadPool: creating  threadpool...
  INFO root [0x00001088] [2019-06-01 10:41:56,030] - ThreadPool::createThreadPool: successfully(2), newThreadCount=1, normalMaxThreadCount=2, maxThreadCount=8
  INFO root [0x00001088] [2019-06-01 10:41:56,235] - Script::install(): is successfully, Python=(3.7.3 (default, May  8 2019, 09:53:38) [MSC v.1916 32 bit (Intel)])!
  INFO root [0x00001088] [2019-06-01 10:41:56,235] - Script::install(): KBExtra is successfully!
  WARN root [0x00001088] [2019-06-01 10:41:56,359] - EntityDef::checkDefMethod: exposed of method: Account.playerMakeLandlord, check the caller can use "def playerMakeLandlord(self, callerID, ...)", such as: if callerID == self.id!
  WARN root [0x00001088] [2019-06-01 10:41:56,360] - EntityDef::checkDefMethod: exposed of method: Account.setGameReady, check the caller can use "def setGameReady(self, callerID, ...)", such as: if callerID == self.id!
 DEBUG root [0x00001088] [2019-06-01 10:41:56,360] - loaded entity-script:Account(1).
  WARN root [0x00001088] [2019-06-01 10:41:56,362] - EntityDef::checkDefMethod: exposed of method: Room.playPoker, check the caller can use "def playPoker(self, callerID, ...)", such as: if callerID == self.id!
  WARN root [0x00001088] [2019-06-01 10:41:56,362] - EntityDef::checkDefMethod: exposed of method: Room.unPlayPoker, check the caller can use "def unPlayPoker(self, callerID, ...)", such as: if callerID == self.id!
 DEBUG root [0x00001088] [2019-06-01 10:41:56,363] - loaded entity-script:Room(3).
  INFO root [0x00001088] [2019-06-01 10:41:56,363] - TelnetServer server is running on port 50000
  INFO root [0x00001088] [2019-06-01 10:41:56,828] - ---- cellapp is running ----
 DEBUG root [0x00001088] [2019-06-01 10:41:56,828] - Components::process(): Request for the process of identity...
  WARN root [0x00001088] [2019-06-01 10:42:02,964] - EntityApp::checkTickPeriod: tick took 6136% (6.14 seconds)!
  INFO root [0x00001088] [2019-06-01 10:42:04,029] - Components::findComponents: find logger(1)...
  INFO root [0x00001088] [2019-06-01 10:42:04,032] - Components::findComponents: found logger, addr:192.168.56.1:59876
  INFO root [0x00001088] [2019-06-01 10:42:04,032] - Components::addComponent: reset orderLog, uid=3960!
  INFO root [0x00001088] [2019-06-01 10:42:04,033] - Components::addComponent[logger], uid=3960, componentID=2000, globalorderid=1, grouporderid=1, totalcount=1
  INFO root [0x00001088] [2019-06-01 10:42:04,034] - Components::findComponents: find dbmgr(2)...
  INFO root [0x00001088] [2019-06-01 10:42:04,138] - Components::findComponents: found dbmgr, addr:192.168.56.1:59875
  INFO root [0x00001088] [2019-06-01 10:42:04,138] - Components::addComponent: reset orderLog, uid=3960!
  INFO root [0x00001088] [2019-06-01 10:42:04,138] - Components::addComponent[dbmgr], uid=3960, componentID=4000, globalorderid=1, grouporderid=1, totalcount=1
  INFO root [0x00001088] [2019-06-01 10:42:04,139] - Components::findComponents: found dbmgr, addr:192.168.56.1:59875
  WARN root [0x00001088] [2019-06-01 10:42:05,140] - EntityApp::checkTickPeriod: tick took 1212% (1.21 seconds)!
  WARN root [0x00001088] [2019-06-01 10:42:05,141] - Forwarding logs to logger[192.168.56.1:59876/0/0/0]...
 ERROR root [0x00001088] [2019-06-01 10:44:41,276] - Components::removeComponentByChannel: logger : 2000, Abnormal exit(reason=TCPPacketReceiver::processRecv(): error=10054
)! Channel(timestamp=711906867089, lastReceivedTime=711869097613, inactivityExceptionPeriod=134887564)
  INFO root [0x00001088] [2019-06-01 10:44:41,281] - The following logs sent to logger failed:
  WARN root [0x00001088] [2019-06-01 10:44:41,281] - ==> [2019-06-01 10:44:41 274] TCPPacketReceiver::processPendingEvents(192.168.56.1:59876): Throwing REASON_GENERAL_NETWORK - WSAECONNRESET
 ERROR root [0x00001088] [2019-06-01 10:44:41,282] - ==> [2019-06-01 10:44:41 276] Components::removeComponentByChannel: logger : 2000, Abnormal exit(reason=TCPPacketReceiver::processRecv(): error=10054
)! Channel(timestamp=711906867089, lastReceivedTime=711869097613, inactivityExceptionPeriod=134887564)
  WARN root [0x00001088] [2019-06-01 10:44:41,335] - TCPPacketReceiver::processPendingEvents(192.168.56.1:59875): Throwing REASON_GENERAL_NETWORK - WSAECONNRESET
 ERROR root [0x00001088] [2019-06-01 10:44:41,339] - Components::removeComponentByChannel: dbmgr : 4000, Abnormal exit(reason=TCPPacketReceiver::processRecv(): error=10054
)! Channel(timestamp=711907011702, lastReceivedTime=711869134817, inactivityExceptionPeriod=134887564)
  INFO root [0x00001088] [2019-06-01 10:44:41,345] - Shutdowner::onShutdownBegin: shutting down(period=0, tickPeriod=1)
  INFO root [0x00001088] [2019-06-01 10:44:41,357] - Shutdowner::onShutdown: shutting down
  INFO root [0x00001088] [2019-06-01 10:44:41,360] - Spaces::destroySpace: 1.
  INFO root [0x00001088] [2019-06-01 10:44:41,360] - Shutdowner::onShutdownEnd: shutting down
 DEBUG root [0x00001088] [2019-06-01 10:44:41,360] - Account::~Account(): 2002
 DEBUG root [0x00001088] [2019-06-01 10:44:41,361] - Account::~Account(): 2004
 DEBUG root [0x00001088] [2019-06-01 10:44:41,361] - Account::~Account(): 2005
 DEBUG root [0x00001088] [2019-06-01 10:44:41,362] - EntityRef::destroyObjPool(): size 16.
 DEBUG root [0x00001088] [2019-06-01 10:44:41,362] - Witness::destroyObjPool(): size 16.
 DEBUG root [0x00001088] [2019-06-01 10:44:41,377] - Room::~Room(): 2003
  INFO root [0x00001088] [2019-06-01 10:44:41,392] - Script::uninstall(): is successfully!
 DEBUG root [0x00001088] [2019-06-01 10:44:41,392] - ThreadPool::destroy(): starting size 2.
  WARN root [0x00001088] [2019-06-01 10:44:41,694] - ThreadPool::destroy(): waiting for thread(2)[0x9446e8,0x944750,], try=1
  INFO root [0x00001a2c] [2019-06-01 10:52:11,186] - 
  INFO root [0x00001a2c] [2019-06-01 10:52:11,188] - -----------------------------------------------------------------------------------------


  INFO root [0x00001a2c] [2019-06-01 10:52:11,189] - Resmgr::initialize: KBE_ROOT=D:/kbengine/
  INFO root [0x00001a2c] [2019-06-01 10:52:11,189] - Resmgr::initialize: KBE_RES_PATH=D:/kbengine/kbe/res/;D:/kbengine/HappyPoker_assets/;D:/kbengine/HappyPoker_assets/scripts/;D:/kbengine/HappyPoker_assets/res/
  INFO root [0x00001a2c] [2019-06-01 10:52:11,189] - Resmgr::initialize: KBE_BIN_PATH=D:/kbengine/kbe/bin/server/
  INFO root [0x00001a2c] [2019-06-01 10:52:11,217] - NetworkInterface::initialize(INTERNAL-TCP): bound to all interfaces with default route interface on 192.168.56.1 ( 192.168.56.1:59967 )
  INFO root [0x00001a2c] [2019-06-01 10:52:11,217] - NetworkInterface::initialize(INTERNAL-TCP): address 192.168.56.1:59967, SOMAXCONN=5.
  INFO root [0x00001a2c] [2019-06-01 10:52:11,217] - server-configs:
  INFO root [0x00001a2c] [2019-06-01 10:52:11,218] - 	gameUpdateHertz : 10
  INFO root [0x00001a2c] [2019-06-01 10:52:11,218] - 	defaultViewRadius : 80
  INFO root [0x00001a2c] [2019-06-01 10:52:11,219] - 	defaultViewHysteresisArea : 5
  INFO root [0x00001a2c] [2019-06-01 10:52:11,219] - 	entryScriptFile : kbemain
  INFO root [0x00001a2c] [2019-06-01 10:52:11,219] - 	internalTcpAddr : 192.168.56.1:59967
  INFO root [0x00001a2c] [2019-06-01 10:52:11,219] - 	componentID : 8001
  WARN root [0x00001a2c] [2019-06-01 10:52:11,225] - invalid UID(0) <= 0, please check UID for environment! automatically set to 3960.
  INFO root [0x00001a2c] [2019-06-01 10:52:11,619] - Components::findLogger: found logger, addr:192.168.56.1:59965
  INFO root [0x00001a2c] [2019-06-01 10:52:11,619] - Components::addComponent: reset orderLog, uid=3960!
  INFO root [0x00001a2c] [2019-06-01 10:52:11,620] - Components::addComponent[logger], uid=3960, componentID=2000, globalorderid=1, grouporderid=1, totalcount=1
  INFO root [0x00001a2c] [2019-06-01 10:52:11,627] - ---- cellapp Version: 2.4.5. ScriptVersion: 0.1.0. Pythoncore: 3.7.3. Protocol: C9FCABE153AC3D64A8F240810ADA666D. Config: Debug X86. Built: 09:56:57 May  8 2019. AppID: 8001. UID: 3960. PID: 13424 ----
  INFO root [0x00001a2c] [2019-06-01 10:52:11,627] - Server error_name: Intel(R) Core(TM) i5-6300HQ CPU @ 2.30GHz with 2097151kB RAM
  INFO root [0x00001a2c] [2019-06-01 10:52:11,627] - ThreadPool::createThreadPool: creating  threadpool...
  INFO root [0x00001a2c] [2019-06-01 10:52:11,627] - ThreadPool::createThreadPool: successfully(2), newThreadCount=1, normalMaxThreadCount=2, maxThreadCount=8
  INFO root [0x00001a2c] [2019-06-01 10:52:11,830] - Script::install(): is successfully, Python=(3.7.3 (default, May  8 2019, 09:53:38) [MSC v.1916 32 bit (Intel)])!
  INFO root [0x00001a2c] [2019-06-01 10:52:11,830] - Script::install(): KBExtra is successfully!
  WARN root [0x00001a2c] [2019-06-01 10:52:11,983] - EntityDef::checkDefMethod: exposed of method: Account.playerMakeLandlord, check the caller can use "def playerMakeLandlord(self, callerID, ...)", such as: if callerID == self.id!
  WARN root [0x00001a2c] [2019-06-01 10:52:11,984] - EntityDef::checkDefMethod: exposed of method: Account.setGameReady, check the caller can use "def setGameReady(self, callerID, ...)", such as: if callerID == self.id!
 DEBUG root [0x00001a2c] [2019-06-01 10:52:11,984] - loaded entity-script:Account(1).
  WARN root [0x00001a2c] [2019-06-01 10:52:11,986] - EntityDef::checkDefMethod: exposed of method: Room.playPoker, check the caller can use "def playPoker(self, callerID, ...)", such as: if callerID == self.id!
  WARN root [0x00001a2c] [2019-06-01 10:52:11,986] - EntityDef::checkDefMethod: exposed of method: Room.unPlayPoker, check the caller can use "def unPlayPoker(self, callerID, ...)", such as: if callerID == self.id!
 DEBUG root [0x00001a2c] [2019-06-01 10:52:11,987] - loaded entity-script:Room(3).
  INFO root [0x00001a2c] [2019-06-01 10:52:11,987] - TelnetServer server is running on port 50000
  INFO root [0x00001a2c] [2019-06-01 10:52:12,405] - ---- cellapp is running ----
 DEBUG root [0x00001a2c] [2019-06-01 10:52:12,406] - Components::process(): Request for the process of identity...
  WARN root [0x00001a2c] [2019-06-01 10:52:18,525] - Forwarding logs to logger[192.168.56.1:59965/0/0/0]...
 ERROR root [0x00001a2c] [2019-06-01 10:54:48,102] - Components::removeComponentByChannel: logger : 2000, Abnormal exit(reason=TCPPacketReceiver::processRecv(): error=10054
)! Channel(timestamp=713272228034, lastReceivedTime=713256404638, inactivityExceptionPeriod=134887564)
  INFO root [0x00001a2c] [2019-06-01 10:54:48,107] - The following logs sent to logger failed:
  WARN root [0x00001a2c] [2019-06-01 10:54:48,108] - ==> [2019-06-01 10:54:48 102] TCPPacketReceiver::processPendingEvents(192.168.56.1:59965): Throwing REASON_GENERAL_NETWORK - WSAECONNRESET
 ERROR root [0x00001a2c] [2019-06-01 10:54:48,108] - ==> [2019-06-01 10:54:48 103] Components::removeComponentByChannel: logger : 2000, Abnormal exit(reason=TCPPacketReceiver::processRecv(): error=10054
)! Channel(timestamp=713272228034, lastReceivedTime=713256404638, inactivityExceptionPeriod=134887564)
  WARN root [0x00001a2c] [2019-06-01 10:54:48,167] - TCPPacketReceiver::processPendingEvents(192.168.56.1:59962): Throwing REASON_GENERAL_NETWORK - WSAECONNRESET
 ERROR root [0x00001a2c] [2019-06-01 10:54:48,169] - Components::removeComponentByChannel: dbmgr : 4000, Abnormal exit(reason=TCPPacketReceiver::processRecv(): error=10054
)! Channel(timestamp=713272377813, lastReceivedTime=713256400367, inactivityExceptionPeriod=134887564)
  INFO root [0x00001a2c] [2019-06-01 10:54:48,185] - Shutdowner::onShutdownBegin: shutting down(period=0, tickPeriod=1)
  INFO root [0x00001a2c] [2019-06-01 10:54:48,186] - Shutdowner::onShutdown: shutting down
  INFO root [0x00001a2c] [2019-06-01 10:54:48,190] - Spaces::destroySpace: 1.
  INFO root [0x00001a2c] [2019-06-01 10:54:48,190] - Shutdowner::onShutdownEnd: shutting down
 DEBUG root [0x00001a2c] [2019-06-01 10:54:48,192] - Account::~Account(): 2
 DEBUG root [0x00001a2c] [2019-06-01 10:54:48,192] - Account::~Account(): 4
 DEBUG root [0x00001a2c] [2019-06-01 10:54:48,192] - Account::~Account(): 5
 DEBUG root [0x00001a2c] [2019-06-01 10:54:48,193] - EntityRef::destroyObjPool(): size 16.
 DEBUG root [0x00001a2c] [2019-06-01 10:54:48,193] - Witness::destroyObjPool(): size 16.
 DEBUG root [0x00001a2c] [2019-06-01 10:54:48,205] - Room::~Room(): 3
  INFO root [0x00001a2c] [2019-06-01 10:54:48,222] - Script::uninstall(): is successfully!
 DEBUG root [0x00001a2c] [2019-06-01 10:54:48,222] - ThreadPool::destroy(): starting size 2.
  WARN root [0x00001a2c] [2019-06-01 10:54:48,523] - ThreadPool::destroy(): waiting for thread(2)[0x29d4f88,0x2a5eef8,], try=1
  INFO root [0x00004278] [2019-06-01 10:56:17,033] - 
  INFO root [0x00004278] [2019-06-01 10:56:17,035] - -----------------------------------------------------------------------------------------


  INFO root [0x00004278] [2019-06-01 10:56:17,036] - Resmgr::initialize: KBE_ROOT=D:/kbengine/
  INFO root [0x00004278] [2019-06-01 10:56:17,036] - Resmgr::initialize: KBE_RES_PATH=D:/kbengine/kbe/res/;D:/kbengine/HappyPoker_assets/;D:/kbengine/HappyPoker_assets/scripts/;D:/kbengine/HappyPoker_assets/res/
  INFO root [0x00004278] [2019-06-01 10:56:17,037] - Resmgr::initialize: KBE_BIN_PATH=D:/kbengine/kbe/bin/server/
  INFO root [0x00004278] [2019-06-01 10:56:17,069] - NetworkInterface::initialize(INTERNAL-TCP): bound to all interfaces with default route interface on 192.168.56.1 ( 192.168.56.1:60100 )
  INFO root [0x00004278] [2019-06-01 10:56:17,069] - NetworkInterface::initialize(INTERNAL-TCP): address 192.168.56.1:60100, SOMAXCONN=5.
  INFO root [0x00004278] [2019-06-01 10:56:17,069] - server-configs:
  INFO root [0x00004278] [2019-06-01 10:56:17,073] - 	gameUpdateHertz : 10
  INFO root [0x00004278] [2019-06-01 10:56:17,074] - 	defaultViewRadius : 80
  INFO root [0x00004278] [2019-06-01 10:56:17,074] - 	defaultViewHysteresisArea : 5
  INFO root [0x00004278] [2019-06-01 10:56:17,074] - 	entryScriptFile : kbemain
  INFO root [0x00004278] [2019-06-01 10:56:17,074] - 	internalTcpAddr : 192.168.56.1:60100
  INFO root [0x00004278] [2019-06-01 10:56:17,074] - 	componentID : 8001
  WARN root [0x00004278] [2019-06-01 10:56:17,076] - invalid UID(0) <= 0, please check UID for environment! automatically set to 3960.
  INFO root [0x00004278] [2019-06-01 10:56:18,581] - ---- cellapp Version: 2.4.5. ScriptVersion: 0.1.0. Pythoncore: 3.7.3. Protocol: C9FCABE153AC3D64A8F240810ADA666D. Config: Debug X86. Built: 09:56:57 May  8 2019. AppID: 8001. UID: 3960. PID: 9264 ----
  INFO root [0x00004278] [2019-06-01 10:56:18,582] - Server error_name: Intel(R) Core(TM) i5-6300HQ CPU @ 2.30GHz with 2097151kB RAM
  INFO root [0x00004278] [2019-06-01 10:56:18,582] - ThreadPool::createThreadPool: creating  threadpool...
  INFO root [0x00004278] [2019-06-01 10:56:18,583] - ThreadPool::createThreadPool: successfully(2), newThreadCount=1, normalMaxThreadCount=2, maxThreadCount=8
  INFO root [0x00004278] [2019-06-01 10:56:18,792] - Script::install(): is successfully, Python=(3.7.3 (default, May  8 2019, 09:53:38) [MSC v.1916 32 bit (Intel)])!
  INFO root [0x00004278] [2019-06-01 10:56:18,793] - Script::install(): KBExtra is successfully!
  WARN root [0x00004278] [2019-06-01 10:56:18,945] - EntityDef::checkDefMethod: exposed of method: Account.playerMakeLandlord, check the caller can use "def playerMakeLandlord(self, callerID, ...)", such as: if callerID == self.id!
  WARN root [0x00004278] [2019-06-01 10:56:18,952] - EntityDef::checkDefMethod: exposed of method: Account.setGameReady, check the caller can use "def setGameReady(self, callerID, ...)", such as: if callerID == self.id!
 DEBUG root [0x00004278] [2019-06-01 10:56:18,952] - loaded entity-script:Account(1).
  WARN root [0x00004278] [2019-06-01 10:56:18,954] - EntityDef::checkDefMethod: exposed of method: Room.playPoker, check the caller can use "def playPoker(self, callerID, ...)", such as: if callerID == self.id!
  WARN root [0x00004278] [2019-06-01 10:56:18,973] - EntityDef::checkDefMethod: exposed of method: Room.unPlayPoker, check the caller can use "def unPlayPoker(self, callerID, ...)", such as: if callerID == self.id!
 DEBUG root [0x00004278] [2019-06-01 10:56:18,996] - loaded entity-script:Room(3).
  INFO root [0x00004278] [2019-06-01 10:56:18,997] - TelnetServer server is running on port 50000
  INFO root [0x00004278] [2019-06-01 10:56:19,464] - ---- cellapp is running ----
 DEBUG root [0x00004278] [2019-06-01 10:56:19,478] - Components::process(): Request for the process of identity...
  WARN root [0x00004278] [2019-06-01 10:56:25,642] - EntityApp::checkTickPeriod: tick took 6178% (6.18 seconds)!
  INFO root [0x00004278] [2019-06-01 10:56:26,654] - Components::findComponents: find logger(1)...
  INFO root [0x00004278] [2019-06-01 10:56:26,678] - Components::findComponents: found logger, addr:192.168.56.1:60094
  INFO root [0x00004278] [2019-06-01 10:56:26,678] - Components::addComponent: reset orderLog, uid=3960!
  INFO root [0x00004278] [2019-06-01 10:56:26,679] - Components::addComponent[logger], uid=3960, componentID=2000, globalorderid=1, grouporderid=1, totalcount=1
  INFO root [0x00004278] [2019-06-01 10:56:26,680] - Components::findComponents: find dbmgr(2)...
  INFO root [0x00004278] [2019-06-01 10:56:26,683] - Components::findComponents: found dbmgr, addr:192.168.56.1:60095
  INFO root [0x00004278] [2019-06-01 10:56:26,683] - Components::addComponent: reset orderLog, uid=3960!
  INFO root [0x00004278] [2019-06-01 10:56:26,684] - Components::addComponent[dbmgr], uid=3960, componentID=4000, globalorderid=1, grouporderid=1, totalcount=1
  INFO root [0x00004278] [2019-06-01 10:56:26,785] - Components::findComponents: found dbmgr, addr:192.168.56.1:60095
  WARN root [0x00004278] [2019-06-01 10:56:27,785] - Forwarding logs to logger[192.168.56.1:60094/0/0/0]...
 ERROR root [0x00004278] [2019-06-01 11:01:20,781] - Components::removeComponentByChannel: logger : 2000, Abnormal exit(reason=TCPPacketReceiver::processRecv(): error=10054
)! Channel(timestamp=714155758128, lastReceivedTime=714147216500, inactivityExceptionPeriod=134887740)
  INFO root [0x00004278] [2019-06-01 11:01:20,787] - The following logs sent to logger failed:
  WARN root [0x00004278] [2019-06-01 11:01:20,788] - ==> [2019-06-01 11:01:20 782] TCPPacketReceiver::processPendingEvents(192.168.56.1:60094): Throwing REASON_GENERAL_NETWORK - WSAECONNRESET
 ERROR root [0x00004278] [2019-06-01 11:01:20,788] - ==> [2019-06-01 11:01:20 783] Components::removeComponentByChannel: logger : 2000, Abnormal exit(reason=TCPPacketReceiver::processRecv(): error=10054
)! Channel(timestamp=714155758128, lastReceivedTime=714147216500, inactivityExceptionPeriod=134887740)
  WARN root [0x00004278] [2019-06-01 11:01:20,848] - TCPPacketReceiver::processPendingEvents(192.168.56.1:60095): Throwing REASON_GENERAL_NETWORK - WSAECONNRESET
 ERROR root [0x00004278] [2019-06-01 11:01:20,849] - Components::removeComponentByChannel: dbmgr : 4000, Abnormal exit(reason=TCPPacketReceiver::processRecv(): error=10054
)! Channel(timestamp=714155909021, lastReceivedTime=714147280848, inactivityExceptionPeriod=134887740)
  INFO root [0x00004278] [2019-06-01 11:01:20,857] - Shutdowner::onShutdownBegin: shutting down(period=0, tickPeriod=1)
  INFO root [0x00004278] [2019-06-01 11:01:20,862] - Shutdowner::onShutdown: shutting down
  INFO root [0x00004278] [2019-06-01 11:01:20,867] - Spaces::destroySpace: 1.
  INFO root [0x00004278] [2019-06-01 11:01:20,867] - Shutdowner::onShutdownEnd: shutting down
 DEBUG root [0x00004278] [2019-06-01 11:01:20,868] - Account::~Account(): 2002
 DEBUG root [0x00004278] [2019-06-01 11:01:20,869] - Account::~Account(): 2004
 DEBUG root [0x00004278] [2019-06-01 11:01:20,869] - Account::~Account(): 2005
 DEBUG root [0x00004278] [2019-06-01 11:01:20,870] - EntityRef::destroyObjPool(): size 16.
 DEBUG root [0x00004278] [2019-06-01 11:01:20,870] - Witness::destroyObjPool(): size 16.
 DEBUG root [0x00004278] [2019-06-01 11:01:20,886] - Room::~Room(): 2003
  INFO root [0x00004278] [2019-06-01 11:01:20,912] - Script::uninstall(): is successfully!
 DEBUG root [0x00004278] [2019-06-01 11:01:20,913] - ThreadPool::destroy(): starting size 2.
  WARN root [0x00004278] [2019-06-01 11:01:21,214] - ThreadPool::destroy(): waiting for thread(2)[0xdb530,0xdb870,], try=1
