  INFO root [0x00000a10] [2019-06-19 19:33:00,082] - 
  INFO root [0x00000a10] [2019-06-19 19:33:00,088] - -----------------------------------------------------------------------------------------


  INFO root [0x00000a10] [2019-06-19 19:33:00,088] - Resmgr::initialize: KBE_ROOT=D:/kbengine/
  INFO root [0x00000a10] [2019-06-19 19:33:00,088] - Resmgr::initialize: KBE_RES_PATH=D:/kbengine/kbe/res/;D:/kbengine/HappyPoker_assets/;D:/kbengine/HappyPoker_assets/scripts/;D:/kbengine/HappyPoker_assets/res/
  INFO root [0x00000a10] [2019-06-19 19:33:00,088] - Resmgr::initialize: KBE_BIN_PATH=D:/kbengine/kbe/bin/server/
  INFO root [0x00000a10] [2019-06-19 19:33:00,101] - NetworkInterface::initialize(INTERNAL-TCP): bound to all interfaces with default route interface on 192.168.56.1 ( 192.168.56.1:49807 )
  INFO root [0x00000a10] [2019-06-19 19:33:00,101] - NetworkInterface::initialize(INTERNAL-TCP): address 192.168.56.1:49807, SOMAXCONN=5.
  INFO root [0x00000a10] [2019-06-19 19:33:00,101] - server-configs:
  INFO root [0x00000a10] [2019-06-19 19:33:00,101] - 	gameUpdateHertz : 10
  INFO root [0x00000a10] [2019-06-19 19:33:00,101] - 	defaultViewRadius : 80
  INFO root [0x00000a10] [2019-06-19 19:33:00,101] - 	defaultViewHysteresisArea : 5
  INFO root [0x00000a10] [2019-06-19 19:33:00,101] - 	entryScriptFile : kbemain
  INFO root [0x00000a10] [2019-06-19 19:33:00,101] - 	internalTcpAddr : 192.168.56.1:49807
  INFO root [0x00000a10] [2019-06-19 19:33:00,101] - 	componentID : 8001
  WARN root [0x00000a10] [2019-06-19 19:33:00,101] - invalid UID(0) <= 0, please check UID for environment! automatically set to 3960.
  INFO root [0x00000a10] [2019-06-19 19:33:01,618] - ---- cellapp Version: 2.4.5. ScriptVersion: 0.1.0. Pythoncore: 3.7.3. Protocol: C9FCABE153AC3D64A8F240810ADA666D. Config: Debug X86. Built: 09:56:57 May  8 2019. AppID: 8001. UID: 3960. PID: 8784 ----
  INFO root [0x00000a10] [2019-06-19 19:33:01,618] - Server error_name: Intel(R) Core(TM) i5-6300HQ CPU @ 2.30GHz with 2097151kB RAM
  INFO root [0x00000a10] [2019-06-19 19:33:01,618] - ThreadPool::createThreadPool: creating  threadpool...
  INFO root [0x00000a10] [2019-06-19 19:33:01,618] - ThreadPool::createThreadPool: successfully(2), newThreadCount=1, normalMaxThreadCount=2, maxThreadCount=8
  INFO root [0x00000a10] [2019-06-19 19:33:01,832] - Script::install(): is successfully, Python=(3.7.3 (default, May  8 2019, 09:53:38) [MSC v.1916 32 bit (Intel)])!
  INFO root [0x00000a10] [2019-06-19 19:33:01,832] - Script::install(): KBExtra is successfully!
 ERROR root [0x00000a10] [2019-06-19 19:33:01,889] - app::initialize(): initialization failed!
 DEBUG root [0x00000a10] [2019-06-19 19:33:01,889] - EntityRef::destroyObjPool(): size 0.
 DEBUG root [0x00000a10] [2019-06-19 19:33:01,889] - Witness::destroyObjPool(): size 0.
  INFO root [0x00000a10] [2019-06-19 19:33:01,900] - Script::uninstall(): is successfully!
 DEBUG root [0x00000a10] [2019-06-19 19:33:01,900] - ThreadPool::destroy(): starting size 2.
  WARN root [0x00000a10] [2019-06-19 19:33:02,208] - ThreadPool::destroy(): waiting for thread(2)[0x1e97b58,0x1e972d0,], try=1
 DEBUG root [0x00000a10] [2019-06-19 19:33:02,648] - TPThread::~TPThread(): 0x1e97b58
 DEBUG root [0x00000a10] [2019-06-19 19:33:02,648] - TPThread::~TPThread(): 0x1e972d0
 DEBUG root [0x00000a10] [2019-06-19 19:33:02,648] - ThreadPool::destroy(): successfully!
 DEBUG root [0x00000a10] [2019-06-19 19:33:02,648] - Bundle::destroyObjPool(): size 3.
 DEBUG root [0x00000a10] [2019-06-19 19:33:02,657] - Channel::destroyObjPool(): size 0.
 DEBUG root [0x00000a10] [2019-06-19 19:33:02,668] - TCPPacket::destroyObjPool(): size 0.
 DEBUG root [0x00000a10] [2019-06-19 19:33:02,668] - UDPPacket::destroyObjPool(): size 14.
 DEBUG root [0x00000a10] [2019-06-19 19:33:02,668] - EndPoint::destroyObjPool(): size 0.
 DEBUG root [0x00000a10] [2019-06-19 19:33:02,668] - Address::destroyObjPool(): size 0.
 DEBUG root [0x00000a10] [2019-06-19 19:33:02,668] - TCPPacketReceiver::destroyObjPool(): size 0.
 DEBUG root [0x00000a10] [2019-06-19 19:33:02,668] - UDPPacketReceiver::destroyObjPool(): size 0.
  INFO root [0x00000a10] [2019-06-19 19:33:09,229] - EventDispatcher()::~EventDispatcher: Num timers = 1
