  INFO root [0x000038f8] [2019-07-13 16:49:56,229] - 
  INFO root [0x000038f8] [2019-07-13 16:49:56,229] - -----------------------------------------------------------------------------------------


  INFO root [0x000038f8] [2019-07-13 16:49:56,230] - Resmgr::initialize: KBE_ROOT=D:/kbengine/
  INFO root [0x000038f8] [2019-07-13 16:49:56,231] - Resmgr::initialize: KBE_RES_PATH=D:/kbengine/kbe/res/;D:/kbengine/HappyPoker_assets/;D:/kbengine/HappyPoker_assets/scripts/;D:/kbengine/HappyPoker_assets/res/
  INFO root [0x000038f8] [2019-07-13 16:49:56,231] - Resmgr::initialize: KBE_BIN_PATH=D:/kbengine/kbe/bin/server/
  INFO root [0x000038f8] [2019-07-13 16:49:56,248] - NetworkInterface::initialize(INTERNAL-TCP): bound to all interfaces with default route interface on 192.168.56.1 ( 192.168.56.1:50001 )
  INFO root [0x000038f8] [2019-07-13 16:49:56,249] - NetworkInterface::initialize(INTERNAL-TCP): address 192.168.56.1:50001, SOMAXCONN=5.
  INFO root [0x000038f8] [2019-07-13 16:49:56,249] - server-configs:
  INFO root [0x000038f8] [2019-07-13 16:49:56,249] - 	gameUpdateHertz : 10
  INFO root [0x000038f8] [2019-07-13 16:49:56,249] - 	defaultViewRadius : 80
  INFO root [0x000038f8] [2019-07-13 16:49:56,249] - 	defaultViewHysteresisArea : 5
  INFO root [0x000038f8] [2019-07-13 16:49:56,249] - 	entryScriptFile : kbemain
  INFO root [0x000038f8] [2019-07-13 16:49:56,249] - 	internalTcpAddr : 192.168.56.1:50001
  INFO root [0x000038f8] [2019-07-13 16:49:56,250] - 	componentID : 8001
  WARN root [0x000038f8] [2019-07-13 16:49:56,250] - invalid UID(0) <= 0, please check UID for environment! automatically set to 2082.
  INFO root [0x000038f8] [2019-07-13 16:49:56,302] - Components::findLogger: found logger, addr:192.168.56.1:49990
  INFO root [0x000038f8] [2019-07-13 16:49:56,343] - Components::addComponent: reset orderLog, uid=2082!
  INFO root [0x000038f8] [2019-07-13 16:49:56,343] - Components::addComponent[logger], uid=2082, componentID=2000, globalorderid=1, grouporderid=1, totalcount=1
  INFO root [0x000038f8] [2019-07-13 16:49:56,490] - ---- cellapp Version: 2.4.5. ScriptVersion: 0.1.0. Pythoncore: 3.7.3. Protocol: C9FCABE153AC3D64A8F240810ADA666D. Config: Debug X86. Built: 09:56:57 May  8 2019. AppID: 8001. UID: 2082. PID: 10480 ----
  INFO root [0x000038f8] [2019-07-13 16:49:56,490] - Server error_name: Intel(R) Core(TM) i5-6300HQ CPU @ 2.30GHz with 2097151kB RAM
  INFO root [0x000038f8] [2019-07-13 16:49:56,491] - ThreadPool::createThreadPool: creating  threadpool...
  INFO root [0x000038f8] [2019-07-13 16:49:56,491] - ThreadPool::createThreadPool: successfully(2), newThreadCount=1, normalMaxThreadCount=2, maxThreadCount=8
  INFO root [0x000038f8] [2019-07-13 16:49:56,700] - Script::install(): is successfully, Python=(3.7.3 (default, May  8 2019, 09:53:38) [MSC v.1916 32 bit (Intel)])!
  INFO root [0x000038f8] [2019-07-13 16:49:56,701] - Script::install(): KBExtra is successfully!
  WARN root [0x000038f8] [2019-07-13 16:49:56,834] - EntityDef::checkDefMethod: exposed of method: Account.leaveRoom, check the caller can use "def leaveRoom(self, callerID, ...)", such as: if callerID == self.id!
  WARN root [0x000038f8] [2019-07-13 16:49:56,835] - EntityDef::checkDefMethod: exposed of method: Account.playerMakeLandlord, check the caller can use "def playerMakeLandlord(self, callerID, ...)", such as: if callerID == self.id!
  WARN root [0x000038f8] [2019-07-13 16:49:56,836] - EntityDef::checkDefMethod: exposed of method: Account.setGameReady, check the caller can use "def setGameReady(self, callerID, ...)", such as: if callerID == self.id!
 DEBUG root [0x000038f8] [2019-07-13 16:49:56,837] - loaded entity-script:Account(1).
  WARN root [0x000038f8] [2019-07-13 16:49:56,838] - EntityDef::checkDefMethod: exposed of method: Room.playPoker, check the caller can use "def playPoker(self, callerID, ...)", such as: if callerID == self.id!
  WARN root [0x000038f8] [2019-07-13 16:49:56,839] - EntityDef::checkDefMethod: exposed of method: Room.unPlayPoker, check the caller can use "def unPlayPoker(self, callerID, ...)", such as: if callerID == self.id!
 DEBUG root [0x000038f8] [2019-07-13 16:49:56,839] - loaded entity-script:Room(3).
  INFO root [0x000038f8] [2019-07-13 16:49:56,842] - TelnetServer server is running on port 50004
  INFO root [0x000038f8] [2019-07-13 16:49:57,272] - ---- cellapp is running ----
 DEBUG root [0x000038f8] [2019-07-13 16:49:57,281] - Components::process(): Request for the process of identity...
  WARN root [0x000038f8] [2019-07-13 16:50:03,498] - Forwarding logs to logger[192.168.56.1:49990/0/0/0]...
 ERROR root [0x000038f8] [2019-07-13 16:51:24,648] - Components::removeComponentByChannel: logger : 2000, Abnormal exit(reason=TCPPacketReceiver::processRecv(): error=10054
)! Channel(timestamp=1569855471347, lastReceivedTime=1569854253207, inactivityExceptionPeriod=134887564)
  INFO root [0x000038f8] [2019-07-13 16:51:24,770] - The following logs sent to logger failed:
  WARN root [0x000038f8] [2019-07-13 16:51:24,811] - ==> [2019-07-13 16:51:24 540] TCPPacketReceiver::processPendingEvents(192.168.56.1:49990): Throwing REASON_GENERAL_NETWORK - WSAECONNRESET
 ERROR root [0x000038f8] [2019-07-13 16:51:24,812] - ==> [2019-07-13 16:51:24 649] Components::removeComponentByChannel: logger : 2000, Abnormal exit(reason=TCPPacketReceiver::processRecv(): error=10054
)! Channel(timestamp=1569855471347, lastReceivedTime=1569854253207, inactivityExceptionPeriod=134887564)
  WARN root [0x000038f8] [2019-07-13 16:51:24,812] - EntityApp::checkTickPeriod: tick took 340% (0.34 seconds)!
  WARN root [0x000038f8] [2019-07-13 16:51:24,813] - TCPPacketReceiver::processPendingEvents(192.168.56.1:49991): Throwing REASON_GENERAL_NETWORK - WSAECONNRESET
 ERROR root [0x000038f8] [2019-07-13 16:51:24,814] - Components::removeComponentByChannel: dbmgr : 4000, Abnormal exit(reason=TCPPacketReceiver::processRecv(): error=10054
)! Channel(timestamp=1569855845510, lastReceivedTime=1569788425688, inactivityExceptionPeriod=134887564)
  INFO root [0x000038f8] [2019-07-13 16:51:24,849] - Shutdowner::onShutdownBegin: shutting down(period=0, tickPeriod=1)
  INFO root [0x000038f8] [2019-07-13 16:51:24,863] - Shutdowner::onShutdown: shutting down
  INFO root [0x000038f8] [2019-07-13 16:51:24,881] - Shutdowner::onShutdownEnd: shutting down
  WARN root [0x000038f8] [2019-07-13 16:51:24,882] - TCPPacketReceiver::processPendingEvents(192.168.56.1:49993): Throwing REASON_GENERAL_NETWORK - WSAECONNRESET
  INFO root [0x000038f8] [2019-07-13 16:51:24,883] - Components::removeComponentByChannel: baseappmgr : 5000, Normal exit!
 DEBUG root [0x000038f8] [2019-07-13 16:51:24,920] - EntityRef::destroyObjPool(): size 0.
 DEBUG root [0x000038f8] [2019-07-13 16:51:24,920] - Witness::destroyObjPool(): size 0.
  INFO root [0x000038f8] [2019-07-13 16:51:25,017] - Script::uninstall(): is successfully!
 DEBUG root [0x000038f8] [2019-07-13 16:51:25,017] - ThreadPool::destroy(): starting size 2.
