  INFO root [0x00003330] [2019-05-20 16:58:09,708] - 
  INFO root [0x00003330] [2019-05-20 16:58:09,709] - -----------------------------------------------------------------------------------------


  INFO root [0x00003330] [2019-05-20 16:58:09,735] - Resmgr::initialize: KBE_ROOT=D:/kbengine/
  INFO root [0x00003330] [2019-05-20 16:58:09,735] - Resmgr::initialize: KBE_RES_PATH=D:/kbengine/kbe/res/;D:/kbengine/HappyPoker_assets/;D:/kbengine/HappyPoker_assets/scripts/;D:/kbengine/HappyPoker_assets/res/
  INFO root [0x00003330] [2019-05-20 16:58:09,735] - Resmgr::initialize: KBE_BIN_PATH=D:/kbengine/kbe/bin/server/
  INFO root [0x00003330] [2019-05-20 16:58:09,777] - NetworkInterface::initialize(INTERNAL-TCP): bound to all interfaces with default route interface on 192.168.56.1 ( 192.168.56.1:62931 )
  INFO root [0x00003330] [2019-05-20 16:58:09,778] - NetworkInterface::initialize(INTERNAL-TCP): address 192.168.56.1:62931, SOMAXCONN=5.
  INFO root [0x00003330] [2019-05-20 16:58:09,778] - server-configs:
  INFO root [0x00003330] [2019-05-20 16:58:09,778] - 	gameUpdateHertz : 10
  INFO root [0x00003330] [2019-05-20 16:58:09,779] - 	defaultViewRadius : 80
  INFO root [0x00003330] [2019-05-20 16:58:09,779] - 	defaultViewHysteresisArea : 5
  INFO root [0x00003330] [2019-05-20 16:58:09,779] - 	entryScriptFile : kbemain
  INFO root [0x00003330] [2019-05-20 16:58:09,779] - 	internalTcpAddr : 192.168.56.1:62931
  INFO root [0x00003330] [2019-05-20 16:58:09,780] - 	componentID : 8001
  WARN root [0x00003330] [2019-05-20 16:58:09,781] - invalid UID(0) <= 0, please check UID for environment! automatically set to 3960.
  INFO root [0x00003330] [2019-05-20 16:58:09,810] - Components::findLogger: found logger, addr:192.168.56.1:62894
  INFO root [0x00003330] [2019-05-20 16:58:09,810] - Components::addComponent: reset orderLog, uid=3960!
  INFO root [0x00003330] [2019-05-20 16:58:09,820] - Components::addComponent[logger], uid=3960, componentID=2000, globalorderid=1, grouporderid=1, totalcount=1
  INFO root [0x00003330] [2019-05-20 16:58:09,826] - ---- cellapp Version: 2.4.5. ScriptVersion: 0.1.0. Pythoncore: 3.7.3. Protocol: C9FCABE153AC3D64A8F240810ADA666D. Config: Debug X86. Built: 09:56:57 May  8 2019. AppID: 8001. UID: 3960. PID: 18036 ----
  INFO root [0x00003330] [2019-05-20 16:58:09,826] - Server error_name: Intel(R) Core(TM) i5-6300HQ CPU @ 2.30GHz with 2097151kB RAM
  INFO root [0x00003330] [2019-05-20 16:58:09,827] - ThreadPool::createThreadPool: creating  threadpool...
  INFO root [0x00003330] [2019-05-20 16:58:09,828] - ThreadPool::createThreadPool: successfully(2), newThreadCount=1, normalMaxThreadCount=2, maxThreadCount=8
  INFO root [0x00003330] [2019-05-20 16:58:10,068] - Script::install(): is successfully, Python=(3.7.3 (default, May  8 2019, 09:53:38) [MSC v.1916 32 bit (Intel)])!
  INFO root [0x00003330] [2019-05-20 16:58:10,068] - Script::install(): KBExtra is successfully!
  WARN root [0x00003330] [2019-05-20 16:58:10,228] - EntityDef::checkDefMethod: exposed of method: Account.playerMakeLandlord, check the caller can use "def playerMakeLandlord(self, callerID, ...)", such as: if callerID == self.id!
  WARN root [0x00003330] [2019-05-20 16:58:10,229] - EntityDef::checkDefMethod: exposed of method: Account.setGameReady, check the caller can use "def setGameReady(self, callerID, ...)", such as: if callerID == self.id!
 DEBUG root [0x00003330] [2019-05-20 16:58:10,229] - loaded entity-script:Account(1).
 DEBUG root [0x00003330] [2019-05-20 16:58:10,231] - loaded entity-script:Room(3).
  INFO root [0x00003330] [2019-05-20 16:58:10,232] - TelnetServer server is running on port 50000
  INFO root [0x00003330] [2019-05-20 16:58:10,777] - ---- cellapp is running ----
 DEBUG root [0x00003330] [2019-05-20 16:58:10,777] - Components::process(): Request for the process of identity...
  WARN root [0x00003330] [2019-05-20 16:58:16,954] - Forwarding logs to logger[192.168.56.1:62894/0/0/0]...
 ERROR root [0x00003330] [2019-05-20 17:03:47,026] - Components::removeComponentByChannel: dbmgr : 4000, Abnormal exit(reason=TCPPacketReceiver::processRecv(): error=10054
)! Channel(timestamp=577657183603, lastReceivedTime=577617576993, inactivityExceptionPeriod=134887676)
  INFO root [0x000046bc] [2019-05-20 17:03:49,048] - 
  INFO root [0x000046bc] [2019-05-20 17:03:49,049] - -----------------------------------------------------------------------------------------


  INFO root [0x000046bc] [2019-05-20 17:03:49,050] - Resmgr::initialize: KBE_ROOT=D:/kbengine/
  INFO root [0x000046bc] [2019-05-20 17:03:49,050] - Resmgr::initialize: KBE_RES_PATH=D:/kbengine/kbe/res/;D:/kbengine/HappyPoker_assets/;D:/kbengine/HappyPoker_assets/scripts/;D:/kbengine/HappyPoker_assets/res/
  INFO root [0x000046bc] [2019-05-20 17:03:49,050] - Resmgr::initialize: KBE_BIN_PATH=D:/kbengine/kbe/bin/server/
  INFO root [0x000046bc] [2019-05-20 17:03:49,064] - NetworkInterface::initialize(INTERNAL-TCP): bound to all interfaces with default route interface on 192.168.56.1 ( 192.168.56.1:63103 )
  INFO root [0x000046bc] [2019-05-20 17:03:49,064] - NetworkInterface::initialize(INTERNAL-TCP): address 192.168.56.1:63103, SOMAXCONN=5.
  INFO root [0x000046bc] [2019-05-20 17:03:49,064] - server-configs:
  INFO root [0x000046bc] [2019-05-20 17:03:49,064] - 	gameUpdateHertz : 10
  INFO root [0x000046bc] [2019-05-20 17:03:49,064] - 	defaultViewRadius : 80
  INFO root [0x000046bc] [2019-05-20 17:03:49,065] - 	defaultViewHysteresisArea : 5
  INFO root [0x000046bc] [2019-05-20 17:03:49,065] - 	entryScriptFile : kbemain
  INFO root [0x000046bc] [2019-05-20 17:03:49,065] - 	internalTcpAddr : 192.168.56.1:63103
  INFO root [0x000046bc] [2019-05-20 17:03:49,065] - 	componentID : 8001
  WARN root [0x000046bc] [2019-05-20 17:03:49,066] - invalid UID(0) <= 0, please check UID for environment! automatically set to 3960.
  INFO root [0x000046bc] [2019-05-20 17:03:50,574] - ---- cellapp Version: 2.4.5. ScriptVersion: 0.1.0. Pythoncore: 3.7.3. Protocol: C9FCABE153AC3D64A8F240810ADA666D. Config: Debug X86. Built: 09:56:57 May  8 2019. AppID: 8001. UID: 3960. PID: 14772 ----
  INFO root [0x000046bc] [2019-05-20 17:03:50,574] - Server error_name: Intel(R) Core(TM) i5-6300HQ CPU @ 2.30GHz with 2097151kB RAM
  INFO root [0x000046bc] [2019-05-20 17:03:50,575] - ThreadPool::createThreadPool: creating  threadpool...
  INFO root [0x000046bc] [2019-05-20 17:03:50,575] - ThreadPool::createThreadPool: successfully(2), newThreadCount=1, normalMaxThreadCount=2, maxThreadCount=8
  INFO root [0x000046bc] [2019-05-20 17:03:50,836] - Script::install(): is successfully, Python=(3.7.3 (default, May  8 2019, 09:53:38) [MSC v.1916 32 bit (Intel)])!
  INFO root [0x000046bc] [2019-05-20 17:03:50,836] - Script::install(): KBExtra is successfully!
  WARN root [0x000046bc] [2019-05-20 17:03:51,063] - EntityDef::checkDefMethod: exposed of method: Account.playerMakeLandlord, check the caller can use "def playerMakeLandlord(self, callerID, ...)", such as: if callerID == self.id!
  WARN root [0x000046bc] [2019-05-20 17:03:51,082] - EntityDef::checkDefMethod: exposed of method: Account.setGameReady, check the caller can use "def setGameReady(self, callerID, ...)", such as: if callerID == self.id!
 DEBUG root [0x000046bc] [2019-05-20 17:03:51,086] - loaded entity-script:Account(1).
 DEBUG root [0x000046bc] [2019-05-20 17:03:51,090] - loaded entity-script:Room(3).
  INFO root [0x000046bc] [2019-05-20 17:03:51,090] - TelnetServer server is running on port 50000
  INFO root [0x000046bc] [2019-05-20 17:03:51,699] - ---- cellapp is running ----
 DEBUG root [0x000046bc] [2019-05-20 17:03:51,738] - Components::process(): Request for the process of identity...
  WARN root [0x000046bc] [2019-05-20 17:03:57,929] - EntityApp::checkTickPeriod: tick took 6230% (6.23 seconds)!
  INFO root [0x000046bc] [2019-05-20 17:03:58,952] - Components::findComponents: find logger(1)...
  INFO root [0x000046bc] [2019-05-20 17:03:58,991] - Components::findComponents: found logger, addr:192.168.56.1:63098
  INFO root [0x000046bc] [2019-05-20 17:03:58,992] - Components::addComponent: reset orderLog, uid=3960!
  INFO root [0x000046bc] [2019-05-20 17:03:58,992] - Components::addComponent[logger], uid=3960, componentID=2000, globalorderid=1, grouporderid=1, totalcount=1
  INFO root [0x000046bc] [2019-05-20 17:03:58,994] - Components::findComponents: find dbmgr(2)...
  INFO root [0x000046bc] [2019-05-20 17:03:58,997] - Components::findComponents: found dbmgr, addr:192.168.56.1:63099
  INFO root [0x000046bc] [2019-05-20 17:03:58,997] - Components::addComponent: reset orderLog, uid=3960!
  INFO root [0x000046bc] [2019-05-20 17:03:58,997] - Components::addComponent[dbmgr], uid=3960, componentID=4000, globalorderid=1, grouporderid=1, totalcount=1
  INFO root [0x000046bc] [2019-05-20 17:03:59,000] - Components::findComponents: found logger, addr:192.168.56.1:63098
  INFO root [0x000046bc] [2019-05-20 17:03:59,005] - Components::findComponents: found dbmgr, addr:192.168.56.1:63099
  WARN root [0x000046bc] [2019-05-20 17:04:00,006] - Forwarding logs to logger[192.168.56.1:63098/0/0/0]...
 ERROR root [0x000046bc] [2019-05-20 17:10:01,705] - Components::removeComponentByChannel: logger : 2000, Abnormal exit(reason=TCPPacketReceiver::processRecv(): error=10054
)! Channel(timestamp=578500211579, lastReceivedTime=578471581005, inactivityExceptionPeriod=134887676)
  INFO root [0x000046bc] [2019-05-20 17:10:01,711] - The following logs sent to logger failed:
  WARN root [0x000046bc] [2019-05-20 17:10:01,712] - ==> [2019-05-20 17:10:01 704] TCPPacketReceiver::processPendingEvents(192.168.56.1:63098): Throwing REASON_GENERAL_NETWORK - WSAECONNRESET
 ERROR root [0x000046bc] [2019-05-20 17:10:01,712] - ==> [2019-05-20 17:10:01 706] Components::removeComponentByChannel: logger : 2000, Abnormal exit(reason=TCPPacketReceiver::processRecv(): error=10054
)! Channel(timestamp=578500211579, lastReceivedTime=578471581005, inactivityExceptionPeriod=134887676)
  WARN root [0x000046bc] [2019-05-20 17:10:01,770] - TCPPacketReceiver::processPendingEvents(192.168.56.1:63099): Throwing REASON_GENERAL_NETWORK - WSAECONNRESET
 ERROR root [0x000046bc] [2019-05-20 17:10:01,773] - Components::removeComponentByChannel: dbmgr : 4000, Abnormal exit(reason=TCPPacketReceiver::processRecv(): error=10054
)! Channel(timestamp=578500367124, lastReceivedTime=578471634576, inactivityExceptionPeriod=134887676)
  INFO root [0x000046bc] [2019-05-20 17:10:01,789] - Shutdowner::onShutdownBegin: shutting down(period=0, tickPeriod=1)
  INFO root [0x000046bc] [2019-05-20 17:10:01,791] - Shutdowner::onShutdown: shutting down
  INFO root [0x000046bc] [2019-05-20 17:10:01,796] - Spaces::destroySpace: 1.
  INFO root [0x000046bc] [2019-05-20 17:10:01,796] - Shutdowner::onShutdownEnd: shutting down
 DEBUG root [0x000046bc] [2019-05-20 17:10:01,797] - Account::~Account(): 2002
 DEBUG root [0x000046bc] [2019-05-20 17:10:01,798] - Account::~Account(): 2004
 DEBUG root [0x000046bc] [2019-05-20 17:10:01,798] - Account::~Account(): 2005
 DEBUG root [0x000046bc] [2019-05-20 17:10:01,799] - EntityRef::destroyObjPool(): size 16.
 DEBUG root [0x000046bc] [2019-05-20 17:10:01,799] - Witness::destroyObjPool(): size 16.
 DEBUG root [0x000046bc] [2019-05-20 17:10:01,811] - Room::~Room(): 2003
  INFO root [0x000046bc] [2019-05-20 17:10:01,827] - Script::uninstall(): is successfully!
 DEBUG root [0x000046bc] [2019-05-20 17:10:01,828] - ThreadPool::destroy(): starting size 2.
  WARN root [0x000046bc] [2019-05-20 17:10:02,129] - ThreadPool::destroy(): waiting for thread(2)[0x9252f8,0x9250f0,], try=1
  INFO root [0x00003b54] [2019-05-20 17:10:03,583] - 
  INFO root [0x00003b54] [2019-05-20 17:10:03,597] - -----------------------------------------------------------------------------------------


  INFO root [0x00003b54] [2019-05-20 17:10:03,599] - Resmgr::initialize: KBE_ROOT=D:/kbengine/
  INFO root [0x00003b54] [2019-05-20 17:10:03,599] - Resmgr::initialize: KBE_RES_PATH=D:/kbengine/kbe/res/;D:/kbengine/HappyPoker_assets/;D:/kbengine/HappyPoker_assets/scripts/;D:/kbengine/HappyPoker_assets/res/
  INFO root [0x00003b54] [2019-05-20 17:10:03,599] - Resmgr::initialize: KBE_BIN_PATH=D:/kbengine/kbe/bin/server/
  INFO root [0x00003b54] [2019-05-20 17:10:03,644] - NetworkInterface::initialize(INTERNAL-TCP): bound to all interfaces with default route interface on 192.168.56.1 ( 192.168.56.1:63301 )
  INFO root [0x00003b54] [2019-05-20 17:10:03,646] - NetworkInterface::initialize(INTERNAL-TCP): address 192.168.56.1:63301, SOMAXCONN=5.
  INFO root [0x00003b54] [2019-05-20 17:10:03,646] - server-configs:
  INFO root [0x00003b54] [2019-05-20 17:10:03,646] - 	gameUpdateHertz : 10
  INFO root [0x00003b54] [2019-05-20 17:10:03,646] - 	defaultViewRadius : 80
  INFO root [0x00003b54] [2019-05-20 17:10:03,646] - 	defaultViewHysteresisArea : 5
  INFO root [0x00003b54] [2019-05-20 17:10:03,646] - 	entryScriptFile : kbemain
  INFO root [0x00003b54] [2019-05-20 17:10:03,646] - 	internalTcpAddr : 192.168.56.1:63301
  INFO root [0x00003b54] [2019-05-20 17:10:03,646] - 	componentID : 8001
  WARN root [0x00003b54] [2019-05-20 17:10:03,648] - invalid UID(0) <= 0, please check UID for environment! automatically set to 3960.
  WARN root [0x00003b54] [2019-05-20 17:10:04,050] - BundleBroadcast::BundleBroadcast: Cannot bind to port 20351, errorno=10048
  INFO root [0x00003b54] [2019-05-20 17:10:04,055] - ---- cellapp Version: 2.4.5. ScriptVersion: 0.1.0. Pythoncore: 3.7.3. Protocol: C9FCABE153AC3D64A8F240810ADA666D. Config: Debug X86. Built: 09:56:57 May  8 2019. AppID: 8001. UID: 3960. PID: 16972 ----
  INFO root [0x00003b54] [2019-05-20 17:10:04,055] - Server error_name: Intel(R) Core(TM) i5-6300HQ CPU @ 2.30GHz with 2097151kB RAM
  INFO root [0x00003b54] [2019-05-20 17:10:04,056] - ThreadPool::createThreadPool: creating  threadpool...
  INFO root [0x00003b54] [2019-05-20 17:10:04,056] - ThreadPool::createThreadPool: successfully(2), newThreadCount=1, normalMaxThreadCount=2, maxThreadCount=8
  INFO root [0x00003b54] [2019-05-20 17:10:04,265] - Script::install(): is successfully, Python=(3.7.3 (default, May  8 2019, 09:53:38) [MSC v.1916 32 bit (Intel)])!
  INFO root [0x00003b54] [2019-05-20 17:10:04,265] - Script::install(): KBExtra is successfully!
  WARN root [0x00003b54] [2019-05-20 17:10:04,377] - EntityDef::checkDefMethod: exposed of method: Account.playerMakeLandlord, check the caller can use "def playerMakeLandlord(self, callerID, ...)", such as: if callerID == self.id!
  WARN root [0x00003b54] [2019-05-20 17:10:04,377] - EntityDef::checkDefMethod: exposed of method: Account.setGameReady, check the caller can use "def setGameReady(self, callerID, ...)", such as: if callerID == self.id!
 DEBUG root [0x00003b54] [2019-05-20 17:10:04,377] - loaded entity-script:Account(1).
 DEBUG root [0x00003b54] [2019-05-20 17:10:04,379] - loaded entity-script:Room(3).
  INFO root [0x00003b54] [2019-05-20 17:10:04,379] - TelnetServer server is running on port 50000
  INFO root [0x00003b54] [2019-05-20 17:10:04,809] - ---- cellapp is running ----
 DEBUG root [0x00003b54] [2019-05-20 17:10:04,809] - Components::process(): Request for the process of identity...
  WARN root [0x00003b54] [2019-05-20 17:10:10,935] - EntityApp::checkTickPeriod: tick took 6126% (6.13 seconds)!
  INFO root [0x00003b54] [2019-05-20 17:10:12,010] - Components::findComponents: find logger(1)...
  INFO root [0x00003b54] [2019-05-20 17:10:12,096] - Components::findComponents: found logger, addr:192.168.56.1:63296
  INFO root [0x00003b54] [2019-05-20 17:10:12,097] - Components::addComponent: reset orderLog, uid=3960!
  INFO root [0x00003b54] [2019-05-20 17:10:12,097] - Components::addComponent[logger], uid=3960, componentID=2000, globalorderid=1, grouporderid=1, totalcount=1
  INFO root [0x00003b54] [2019-05-20 17:10:12,098] - Components::findComponents: find dbmgr(2)...
  INFO root [0x00003b54] [2019-05-20 17:10:12,102] - Components::findComponents: found dbmgr, addr:192.168.56.1:63300
  INFO root [0x00003b54] [2019-05-20 17:10:12,102] - Components::addComponent: reset orderLog, uid=3960!
  INFO root [0x00003b54] [2019-05-20 17:10:12,102] - Components::addComponent[dbmgr], uid=3960, componentID=4000, globalorderid=1, grouporderid=1, totalcount=1
  INFO root [0x00003b54] [2019-05-20 17:10:12,202] - Components::findComponents: found dbmgr, addr:192.168.56.1:63300
  WARN root [0x00003b54] [2019-05-20 17:10:13,203] - EntityApp::checkTickPeriod: tick took 1294% (1.29 seconds)!
  WARN root [0x00003b54] [2019-05-20 17:10:13,204] - Forwarding logs to logger[192.168.56.1:63296/0/0/0]...
 ERROR root [0x00003b54] [2019-05-20 17:13:46,335] - Components::removeComponentByChannel: logger : 2000, Abnormal exit(reason=TCPPacketReceiver::processRecv(): error=10054
)! Channel(timestamp=579005631130, lastReceivedTime=578976760034, inactivityExceptionPeriod=134887740)
  INFO root [0x00003b54] [2019-05-20 17:13:46,341] - The following logs sent to logger failed:
  WARN root [0x00003b54] [2019-05-20 17:13:46,341] - ==> [2019-05-20 17:13:46 335] TCPPacketReceiver::processPendingEvents(192.168.56.1:63296): Throwing REASON_GENERAL_NETWORK - WSAECONNRESET
 ERROR root [0x00003b54] [2019-05-20 17:13:46,342] - ==> [2019-05-20 17:13:46 336] Components::removeComponentByChannel: logger : 2000, Abnormal exit(reason=TCPPacketReceiver::processRecv(): error=10054
)! Channel(timestamp=579005631130, lastReceivedTime=578976760034, inactivityExceptionPeriod=134887740)
  WARN root [0x00003b54] [2019-05-20 17:13:46,403] - TCPPacketReceiver::processPendingEvents(192.168.56.1:63300): Throwing REASON_GENERAL_NETWORK - WSAECONNRESET
 ERROR root [0x00003b54] [2019-05-20 17:13:46,406] - Components::removeComponentByChannel: dbmgr : 4000, Abnormal exit(reason=TCPPacketReceiver::processRecv(): error=10054
)! Channel(timestamp=579005792522, lastReceivedTime=578977049581, inactivityExceptionPeriod=134887740)
  INFO root [0x00003b54] [2019-05-20 17:13:46,416] - Shutdowner::onShutdownBegin: shutting down(period=0, tickPeriod=1)
  INFO root [0x00003b54] [2019-05-20 17:13:46,417] - Shutdowner::onShutdown: shutting down
  INFO root [0x00003b54] [2019-05-20 17:13:46,420] - Spaces::destroySpace: 1.
  INFO root [0x00003b54] [2019-05-20 17:13:46,420] - Shutdowner::onShutdownEnd: shutting down
 DEBUG root [0x00003b54] [2019-05-20 17:13:46,421] - Account::~Account(): 2002
 DEBUG root [0x00003b54] [2019-05-20 17:13:46,421] - Account::~Account(): 2004
 DEBUG root [0x00003b54] [2019-05-20 17:13:46,421] - Account::~Account(): 2005
 DEBUG root [0x00003b54] [2019-05-20 17:13:46,422] - EntityRef::destroyObjPool(): size 16.
 DEBUG root [0x00003b54] [2019-05-20 17:13:46,423] - Witness::destroyObjPool(): size 16.
 DEBUG root [0x00003b54] [2019-05-20 17:13:46,436] - Room::~Room(): 2003
  INFO root [0x00003b54] [2019-05-20 17:13:46,454] - Script::uninstall(): is successfully!
 DEBUG root [0x00003b54] [2019-05-20 17:13:46,454] - ThreadPool::destroy(): starting size 2.
  WARN root [0x00003b54] [2019-05-20 17:13:46,757] - ThreadPool::destroy(): waiting for thread(2)[0x10cb748,0x10cb7b0,], try=1
  INFO root [0x00001e08] [2019-05-20 17:13:50,609] - 
  INFO root [0x00001e08] [2019-05-20 17:13:50,615] - -----------------------------------------------------------------------------------------


  INFO root [0x00001e08] [2019-05-20 17:13:50,616] - Resmgr::initialize: KBE_ROOT=D:/kbengine/
  INFO root [0x00001e08] [2019-05-20 17:13:50,616] - Resmgr::initialize: KBE_RES_PATH=D:/kbengine/kbe/res/;D:/kbengine/HappyPoker_assets/;D:/kbengine/HappyPoker_assets/scripts/;D:/kbengine/HappyPoker_assets/res/
  INFO root [0x00001e08] [2019-05-20 17:13:50,617] - Resmgr::initialize: KBE_BIN_PATH=D:/kbengine/kbe/bin/server/
  INFO root [0x00001e08] [2019-05-20 17:13:50,643] - NetworkInterface::initialize(INTERNAL-TCP): bound to all interfaces with default route interface on 192.168.56.1 ( 192.168.56.1:63439 )
  INFO root [0x00001e08] [2019-05-20 17:13:50,643] - NetworkInterface::initialize(INTERNAL-TCP): address 192.168.56.1:63439, SOMAXCONN=5.
  INFO root [0x00001e08] [2019-05-20 17:13:50,643] - server-configs:
  INFO root [0x00001e08] [2019-05-20 17:13:50,644] - 	gameUpdateHertz : 10
  INFO root [0x00001e08] [2019-05-20 17:13:50,644] - 	defaultViewRadius : 80
  INFO root [0x00001e08] [2019-05-20 17:13:50,644] - 	defaultViewHysteresisArea : 5
  INFO root [0x00001e08] [2019-05-20 17:13:50,644] - 	entryScriptFile : kbemain
  INFO root [0x00001e08] [2019-05-20 17:13:50,644] - 	internalTcpAddr : 192.168.56.1:63439
  INFO root [0x00001e08] [2019-05-20 17:13:50,644] - 	componentID : 8001
  WARN root [0x00001e08] [2019-05-20 17:13:50,646] - invalid UID(0) <= 0, please check UID for environment! automatically set to 3960.
  INFO root [0x00001e08] [2019-05-20 17:13:52,153] - ---- cellapp Version: 2.4.5. ScriptVersion: 0.1.0. Pythoncore: 3.7.3. Protocol: C9FCABE153AC3D64A8F240810ADA666D. Config: Debug X86. Built: 09:56:57 May  8 2019. AppID: 8001. UID: 3960. PID: 2800 ----
  INFO root [0x00001e08] [2019-05-20 17:13:52,154] - Server error_name: Intel(R) Core(TM) i5-6300HQ CPU @ 2.30GHz with 2097151kB RAM
  INFO root [0x00001e08] [2019-05-20 17:13:52,154] - ThreadPool::createThreadPool: creating  threadpool...
  INFO root [0x00001e08] [2019-05-20 17:13:52,156] - ThreadPool::createThreadPool: successfully(2), newThreadCount=1, normalMaxThreadCount=2, maxThreadCount=8
  INFO root [0x00001e08] [2019-05-20 17:13:52,363] - Script::install(): is successfully, Python=(3.7.3 (default, May  8 2019, 09:53:38) [MSC v.1916 32 bit (Intel)])!
  INFO root [0x00001e08] [2019-05-20 17:13:52,363] - Script::install(): KBExtra is successfully!
  WARN root [0x00001e08] [2019-05-20 17:13:52,480] - EntityDef::checkDefMethod: exposed of method: Account.playerMakeLandlord, check the caller can use "def playerMakeLandlord(self, callerID, ...)", such as: if callerID == self.id!
  WARN root [0x00001e08] [2019-05-20 17:13:52,481] - EntityDef::checkDefMethod: exposed of method: Account.setGameReady, check the caller can use "def setGameReady(self, callerID, ...)", such as: if callerID == self.id!
 DEBUG root [0x00001e08] [2019-05-20 17:13:52,481] - loaded entity-script:Account(1).
 DEBUG root [0x00001e08] [2019-05-20 17:13:52,483] - loaded entity-script:Room(3).
  INFO root [0x00001e08] [2019-05-20 17:13:52,483] - TelnetServer server is running on port 50000
  INFO root [0x00001e08] [2019-05-20 17:13:52,940] - ---- cellapp is running ----
 DEBUG root [0x00001e08] [2019-05-20 17:13:52,956] - Components::process(): Request for the process of identity...
  WARN root [0x00001e08] [2019-05-20 17:13:59,096] - EntityApp::checkTickPeriod: tick took 6155% (6.16 seconds)!
  INFO root [0x00001e08] [2019-05-20 17:14:00,141] - Components::findComponents: find logger(1)...
  INFO root [0x00001e08] [2019-05-20 17:14:00,243] - Components::findComponents: found logger, addr:192.168.56.1:63435
  INFO root [0x00001e08] [2019-05-20 17:14:00,243] - Components::addComponent: reset orderLog, uid=3960!
  INFO root [0x00001e08] [2019-05-20 17:14:00,243] - Components::addComponent[logger], uid=3960, componentID=2000, globalorderid=1, grouporderid=1, totalcount=1
  INFO root [0x00001e08] [2019-05-20 17:14:00,245] - Components::findComponents: find dbmgr(2)...
  INFO root [0x00001e08] [2019-05-20 17:14:00,348] - Components::findComponents: found dbmgr, addr:192.168.56.1:63434
  INFO root [0x00001e08] [2019-05-20 17:14:00,348] - Components::addComponent: reset orderLog, uid=3960!
  INFO root [0x00001e08] [2019-05-20 17:14:00,349] - Components::addComponent[dbmgr], uid=3960, componentID=4000, globalorderid=1, grouporderid=1, totalcount=1
  INFO root [0x00001e08] [2019-05-20 17:14:00,349] - Components::findComponents: found dbmgr, addr:192.168.56.1:63434
  WARN root [0x00001e08] [2019-05-20 17:14:01,349] - EntityApp::checkTickPeriod: tick took 1307% (1.31 seconds)!
  WARN root [0x00001e08] [2019-05-20 17:14:01,350] - Forwarding logs to logger[192.168.56.1:63435/0/0/0]...
 ERROR root [0x00001e08] [2019-05-20 17:20:42,087] - Components::removeComponentByChannel: logger : 2000, Abnormal exit(reason=TCPPacketReceiver::processRecv(): error=10054
)! Channel(timestamp=579941075875, lastReceivedTime=579892743863, inactivityExceptionPeriod=134887437)
  INFO root [0x00001e08] [2019-05-20 17:20:42,092] - The following logs sent to logger failed:
  WARN root [0x00001e08] [2019-05-20 17:20:42,092] - ==> [2019-05-20 17:20:42 088] TCPPacketReceiver::processPendingEvents(192.168.56.1:63435): Throwing REASON_GENERAL_NETWORK - WSAECONNRESET
 ERROR root [0x00001e08] [2019-05-20 17:20:42,093] - ==> [2019-05-20 17:20:42 089] Components::removeComponentByChannel: logger : 2000, Abnormal exit(reason=TCPPacketReceiver::processRecv(): error=10054
)! Channel(timestamp=579941075875, lastReceivedTime=579892743863, inactivityExceptionPeriod=134887437)
  WARN root [0x00001e08] [2019-05-20 17:20:42,159] - TCPPacketReceiver::processPendingEvents(192.168.56.1:63434): Throwing REASON_GENERAL_NETWORK - WSAECONNRESET
 ERROR root [0x00001e08] [2019-05-20 17:20:42,161] - Components::removeComponentByChannel: dbmgr : 4000, Abnormal exit(reason=TCPPacketReceiver::processRecv(): error=10054
)! Channel(timestamp=579941239996, lastReceivedTime=579892758846, inactivityExceptionPeriod=134887437)
  INFO root [0x00001e08] [2019-05-20 17:20:42,174] - Shutdowner::onShutdownBegin: shutting down(period=0, tickPeriod=1)
  INFO root [0x00001e08] [2019-05-20 17:20:42,180] - Shutdowner::onShutdown: shutting down
  INFO root [0x00001e08] [2019-05-20 17:20:42,185] - Spaces::destroySpace: 1.
  INFO root [0x00001e08] [2019-05-20 17:20:42,185] - Shutdowner::onShutdownEnd: shutting down
 DEBUG root [0x00001e08] [2019-05-20 17:20:42,186] - Account::~Account(): 2
 DEBUG root [0x00001e08] [2019-05-20 17:20:42,186] - Account::~Account(): 4
 DEBUG root [0x00001e08] [2019-05-20 17:20:42,186] - Account::~Account(): 5
 DEBUG root [0x00001e08] [2019-05-20 17:20:42,187] - EntityRef::destroyObjPool(): size 16.
 DEBUG root [0x00001e08] [2019-05-20 17:20:42,187] - Witness::destroyObjPool(): size 16.
 DEBUG root [0x00001e08] [2019-05-20 17:20:42,202] - Room::~Room(): 3
  INFO root [0x00001e08] [2019-05-20 17:20:42,221] - Script::uninstall(): is successfully!
 DEBUG root [0x00001e08] [2019-05-20 17:20:42,221] - ThreadPool::destroy(): starting size 2.
  WARN root [0x00001e08] [2019-05-20 17:20:42,523] - ThreadPool::destroy(): waiting for thread(2)[0x9eec8,0x9ef98,], try=1
