  INFO root [0x00001900] [2019-07-15 09:19:37,118] - 
  INFO root [0x00001900] [2019-07-15 09:19:37,125] - -----------------------------------------------------------------------------------------


  INFO root [0x00001900] [2019-07-15 09:19:37,126] - Resmgr::initialize: KBE_ROOT=D:/kbengine/
  INFO root [0x00001900] [2019-07-15 09:19:37,126] - Resmgr::initialize: KBE_RES_PATH=D:/kbengine/kbe/res/;D:/kbengine/HappyPoker_assets/;D:/kbengine/HappyPoker_assets/scripts/;D:/kbengine/HappyPoker_assets/res/
  INFO root [0x00001900] [2019-07-15 09:19:37,126] - Resmgr::initialize: KBE_BIN_PATH=D:/kbengine/kbe/bin/server/
  INFO root [0x00001900] [2019-07-15 09:19:37,272] - NetworkInterface::initialize(INTERNAL-TCP): bound to all interfaces with default route interface on 192.168.56.1 ( 192.168.56.1:58180 )
  INFO root [0x00001900] [2019-07-15 09:19:37,272] - NetworkInterface::initialize(INTERNAL-TCP): address 192.168.56.1:58180, SOMAXCONN=5.
  INFO root [0x00001900] [2019-07-15 09:19:37,273] - server-configs:
  INFO root [0x00001900] [2019-07-15 09:19:37,273] - 	gameUpdateHertz : 10
  INFO root [0x00001900] [2019-07-15 09:19:37,273] - 	defaultViewRadius : 80
  INFO root [0x00001900] [2019-07-15 09:19:37,273] - 	defaultViewHysteresisArea : 5
  INFO root [0x00001900] [2019-07-15 09:19:37,273] - 	entryScriptFile : kbemain
  INFO root [0x00001900] [2019-07-15 09:19:37,273] - 	internalTcpAddr : 192.168.56.1:58180
  INFO root [0x00001900] [2019-07-15 09:19:37,273] - 	componentID : 8001
  WARN root [0x00001900] [2019-07-15 09:19:37,276] - invalid UID(0) <= 0, please check UID for environment! automatically set to 2082.
  INFO root [0x00001900] [2019-07-15 09:19:38,785] - ---- cellapp Version: 2.4.5. ScriptVersion: 0.1.0. Pythoncore: 3.7.3. Protocol: C9FCABE153AC3D64A8F240810ADA666D. Config: Debug X86. Built: 09:56:57 May  8 2019. AppID: 8001. UID: 2082. PID: 14976 ----
  INFO root [0x00001900] [2019-07-15 09:19:38,785] - Server error_name: Intel(R) Core(TM) i5-6300HQ CPU @ 2.30GHz with 2097151kB RAM
  INFO root [0x00001900] [2019-07-15 09:19:38,786] - ThreadPool::createThreadPool: creating  threadpool...
  INFO root [0x00001900] [2019-07-15 09:19:38,786] - ThreadPool::createThreadPool: successfully(2), newThreadCount=1, normalMaxThreadCount=2, maxThreadCount=8
  INFO root [0x00001900] [2019-07-15 09:19:39,000] - Script::install(): is successfully, Python=(3.7.3 (default, May  8 2019, 09:53:38) [MSC v.1916 32 bit (Intel)])!
  INFO root [0x00001900] [2019-07-15 09:19:39,000] - Script::install(): KBExtra is successfully!
  WARN root [0x00001900] [2019-07-15 09:19:39,129] - EntityDef::checkDefMethod: exposed of method: Account.leaveRoom, check the caller can use "def leaveRoom(self, callerID, ...)", such as: if callerID == self.id!
  WARN root [0x00001900] [2019-07-15 09:19:39,130] - EntityDef::checkDefMethod: exposed of method: Account.playerMakeLandlord, check the caller can use "def playerMakeLandlord(self, callerID, ...)", such as: if callerID == self.id!
  WARN root [0x00001900] [2019-07-15 09:19:39,130] - EntityDef::checkDefMethod: exposed of method: Account.setGameReady, check the caller can use "def setGameReady(self, callerID, ...)", such as: if callerID == self.id!
 DEBUG root [0x00001900] [2019-07-15 09:19:39,131] - loaded entity-script:Account(1).
  WARN root [0x00001900] [2019-07-15 09:19:39,133] - EntityDef::checkDefMethod: exposed of method: Room.playPoker, check the caller can use "def playPoker(self, callerID, ...)", such as: if callerID == self.id!
  WARN root [0x00001900] [2019-07-15 09:19:39,133] - EntityDef::checkDefMethod: exposed of method: Room.unPlayPoker, check the caller can use "def unPlayPoker(self, callerID, ...)", such as: if callerID == self.id!
 DEBUG root [0x00001900] [2019-07-15 09:19:39,133] - loaded entity-script:Room(3).
  INFO root [0x00001900] [2019-07-15 09:19:39,136] - TelnetServer server is running on port 50000
  INFO root [0x00001900] [2019-07-15 09:19:39,556] - ---- cellapp is running ----
 DEBUG root [0x00001900] [2019-07-15 09:19:39,557] - Components::process(): Request for the process of identity...
  WARN root [0x00001900] [2019-07-15 09:19:45,652] - EntityApp::checkTickPeriod: tick took 6096% (6.10 seconds)!
  WARN root [0x00001900] [2019-07-15 09:19:45,658] - TCPPacketReceiver::processPendingEvents(192.168.56.1:58199): Throwing REASON_GENERAL_NETWORK - WSAECONNABORTED
  INFO root [0x00001900] [2019-07-15 09:19:46,733] - Components::findComponents: find logger(1)...
  INFO root [0x00001900] [2019-07-15 09:19:46,783] - Components::findComponents: found logger, addr:192.168.56.1:58186
  INFO root [0x00001900] [2019-07-15 09:19:46,783] - Components::addComponent: reset orderLog, uid=2082!
  INFO root [0x00001900] [2019-07-15 09:19:46,783] - Components::addComponent[logger], uid=2082, componentID=2000, globalorderid=1, grouporderid=1, totalcount=1
  INFO root [0x00001900] [2019-07-15 09:19:46,784] - Components::findComponents: find dbmgr(2)...
  INFO root [0x00001900] [2019-07-15 09:19:46,886] - Components::findComponents: found dbmgr, addr:192.168.56.1:58181
  INFO root [0x00001900] [2019-07-15 09:19:46,887] - Components::addComponent: reset orderLog, uid=2082!
  INFO root [0x00001900] [2019-07-15 09:19:46,887] - Components::addComponent[dbmgr], uid=2082, componentID=4000, globalorderid=1, grouporderid=1, totalcount=1
  INFO root [0x00001900] [2019-07-15 09:19:46,893] - Components::findComponents: found dbmgr, addr:192.168.56.1:58181
  WARN root [0x00001900] [2019-07-15 09:19:47,893] - Forwarding logs to logger[192.168.56.1:58186/0/0/0]...
 ERROR root [0x00001900] [2019-07-15 09:21:26,802] - Components::removeComponentByChannel: logger : 2000, Abnormal exit(reason=TCPPacketReceiver::processRecv(): error=10054
)! Channel(timestamp=158494259868, lastReceivedTime=158450410604, inactivityExceptionPeriod=134887261)
  INFO root [0x00001900] [2019-07-15 09:21:26,804] - The following logs sent to logger failed:
  WARN root [0x00001900] [2019-07-15 09:21:26,804] - ==> [2019-07-15 09:21:26 798] TCPPacketReceiver::processPendingEvents(192.168.56.1:58186): Throwing REASON_GENERAL_NETWORK - WSAECONNRESET
 ERROR root [0x00001900] [2019-07-15 09:21:26,804] - ==> [2019-07-15 09:21:26 802] Components::removeComponentByChannel: logger : 2000, Abnormal exit(reason=TCPPacketReceiver::processRecv(): error=10054
)! Channel(timestamp=158494259868, lastReceivedTime=158450410604, inactivityExceptionPeriod=134887261)
  WARN root [0x00001900] [2019-07-15 09:21:26,917] - TCPPacketReceiver::processPendingEvents(192.168.56.1:58181): Throwing REASON_GENERAL_NETWORK - WSAECONNRESET
 ERROR root [0x00001900] [2019-07-15 09:21:26,919] - Components::removeComponentByChannel: dbmgr : 4000, Abnormal exit(reason=TCPPacketReceiver::processRecv(): error=10054
)! Channel(timestamp=158494525267, lastReceivedTime=158450383765, inactivityExceptionPeriod=134887261)
  INFO root [0x00001900] [2019-07-15 09:21:26,923] - Shutdowner::onShutdownBegin: shutting down(period=0, tickPeriod=1)
  INFO root [0x00001900] [2019-07-15 09:21:26,931] - Shutdowner::onShutdown: shutting down
  INFO root [0x00001900] [2019-07-15 09:21:26,933] - Spaces::destroySpace: 1.
  INFO root [0x00001900] [2019-07-15 09:21:26,933] - Shutdowner::onShutdownEnd: shutting down
 DEBUG root [0x00001900] [2019-07-15 09:21:26,934] - Account::~Account(): 4
 DEBUG root [0x00001900] [2019-07-15 09:21:26,934] - Account::~Account(): 6
 DEBUG root [0x00001900] [2019-07-15 09:21:26,934] - EntityRef::destroyObjPool(): size 16.
 DEBUG root [0x00001900] [2019-07-15 09:21:26,934] - Witness::destroyObjPool(): size 16.
 DEBUG root [0x00001900] [2019-07-15 09:21:26,947] - Room::~Room(): 5
  INFO root [0x00001900] [2019-07-15 09:21:26,965] - Script::uninstall(): is successfully!
 DEBUG root [0x00001900] [2019-07-15 09:21:26,965] - ThreadPool::destroy(): starting size 2.
  WARN root [0x00001900] [2019-07-15 09:21:27,266] - ThreadPool::destroy(): waiting for thread(2)[0x23c3798,0x23c3388,], try=1
  INFO root [0x00002830] [2019-07-15 09:21:28,766] - 
  INFO root [0x00002830] [2019-07-15 09:21:28,782] - -----------------------------------------------------------------------------------------


  INFO root [0x00002830] [2019-07-15 09:21:28,784] - Resmgr::initialize: KBE_ROOT=D:/kbengine/
  INFO root [0x00002830] [2019-07-15 09:21:28,784] - Resmgr::initialize: KBE_RES_PATH=D:/kbengine/kbe/res/;D:/kbengine/HappyPoker_assets/;D:/kbengine/HappyPoker_assets/scripts/;D:/kbengine/HappyPoker_assets/res/
  INFO root [0x00002830] [2019-07-15 09:21:28,784] - Resmgr::initialize: KBE_BIN_PATH=D:/kbengine/kbe/bin/server/
  INFO root [0x00002830] [2019-07-15 09:21:28,821] - NetworkInterface::initialize(INTERNAL-TCP): bound to all interfaces with default route interface on 192.168.56.1 ( 192.168.56.1:58280 )
  INFO root [0x00002830] [2019-07-15 09:21:28,822] - NetworkInterface::initialize(INTERNAL-TCP): address 192.168.56.1:58280, SOMAXCONN=5.
  INFO root [0x00002830] [2019-07-15 09:21:28,822] - server-configs:
  INFO root [0x00002830] [2019-07-15 09:21:28,822] - 	gameUpdateHertz : 10
  INFO root [0x00002830] [2019-07-15 09:21:28,822] - 	defaultViewRadius : 80
  INFO root [0x00002830] [2019-07-15 09:21:28,822] - 	defaultViewHysteresisArea : 5
  INFO root [0x00002830] [2019-07-15 09:21:28,823] - 	entryScriptFile : kbemain
  INFO root [0x00002830] [2019-07-15 09:21:28,823] - 	internalTcpAddr : 192.168.56.1:58280
  INFO root [0x00002830] [2019-07-15 09:21:28,823] - 	componentID : 8001
  WARN root [0x00002830] [2019-07-15 09:21:28,832] - invalid UID(0) <= 0, please check UID for environment! automatically set to 2082.
  INFO root [0x00002830] [2019-07-15 09:21:30,338] - ---- cellapp Version: 2.4.5. ScriptVersion: 0.1.0. Pythoncore: 3.7.3. Protocol: C9FCABE153AC3D64A8F240810ADA666D. Config: Debug X86. Built: 09:56:57 May  8 2019. AppID: 8001. UID: 2082. PID: 15720 ----
  INFO root [0x00002830] [2019-07-15 09:21:30,338] - Server error_name: Intel(R) Core(TM) i5-6300HQ CPU @ 2.30GHz with 2097151kB RAM
  INFO root [0x00002830] [2019-07-15 09:21:30,339] - ThreadPool::createThreadPool: creating  threadpool...
  INFO root [0x00002830] [2019-07-15 09:21:30,339] - ThreadPool::createThreadPool: successfully(2), newThreadCount=1, normalMaxThreadCount=2, maxThreadCount=8
  INFO root [0x00002830] [2019-07-15 09:21:30,711] - Script::install(): is successfully, Python=(3.7.3 (default, May  8 2019, 09:53:38) [MSC v.1916 32 bit (Intel)])!
  INFO root [0x00002830] [2019-07-15 09:21:30,711] - Script::install(): KBExtra is successfully!
  WARN root [0x00002830] [2019-07-15 09:21:30,910] - EntityDef::checkDefMethod: exposed of method: Account.leaveRoom, check the caller can use "def leaveRoom(self, callerID, ...)", such as: if callerID == self.id!
  WARN root [0x00002830] [2019-07-15 09:21:30,915] - EntityDef::checkDefMethod: exposed of method: Account.playerMakeLandlord, check the caller can use "def playerMakeLandlord(self, callerID, ...)", such as: if callerID == self.id!
  WARN root [0x00002830] [2019-07-15 09:21:30,917] - EntityDef::checkDefMethod: exposed of method: Account.setGameReady, check the caller can use "def setGameReady(self, callerID, ...)", such as: if callerID == self.id!
 DEBUG root [0x00002830] [2019-07-15 09:21:30,918] - loaded entity-script:Account(1).
  WARN root [0x00002830] [2019-07-15 09:21:30,920] - EntityDef::checkDefMethod: exposed of method: Room.playPoker, check the caller can use "def playPoker(self, callerID, ...)", such as: if callerID == self.id!
  WARN root [0x00002830] [2019-07-15 09:21:30,920] - EntityDef::checkDefMethod: exposed of method: Room.unPlayPoker, check the caller can use "def unPlayPoker(self, callerID, ...)", such as: if callerID == self.id!
 DEBUG root [0x00002830] [2019-07-15 09:21:30,921] - loaded entity-script:Room(3).
  INFO root [0x00002830] [2019-07-15 09:21:30,924] - TelnetServer server is running on port 50000
  INFO root [0x00002830] [2019-07-15 09:21:31,450] - ---- cellapp is running ----
 DEBUG root [0x00002830] [2019-07-15 09:21:31,484] - Components::process(): Request for the process of identity...
  WARN root [0x00002830] [2019-07-15 09:21:37,621] - EntityApp::checkTickPeriod: tick took 6169% (6.17 seconds)!
  INFO root [0x00002830] [2019-07-15 09:21:38,653] - Components::findComponents: find logger(1)...
  INFO root [0x00002830] [2019-07-15 09:21:38,750] - Components::findComponents: found logger, addr:192.168.56.1:58278
  INFO root [0x00002830] [2019-07-15 09:21:38,751] - Components::addComponent: reset orderLog, uid=2082!
  INFO root [0x00002830] [2019-07-15 09:21:38,751] - Components::addComponent[logger], uid=2082, componentID=2000, globalorderid=1, grouporderid=1, totalcount=1
  INFO root [0x00002830] [2019-07-15 09:21:38,753] - Components::findComponents: find dbmgr(2)...
  INFO root [0x00002830] [2019-07-15 09:21:38,855] - Components::findComponents: found dbmgr, addr:192.168.56.1:58274
  INFO root [0x00002830] [2019-07-15 09:21:38,856] - Components::addComponent: reset orderLog, uid=2082!
  INFO root [0x00002830] [2019-07-15 09:21:38,856] - Components::addComponent[dbmgr], uid=2082, componentID=4000, globalorderid=1, grouporderid=1, totalcount=1
  INFO root [0x00002830] [2019-07-15 09:21:38,863] - Components::findComponents: found dbmgr, addr:192.168.56.1:58274
  WARN root [0x00002830] [2019-07-15 09:21:39,865] - EntityApp::checkTickPeriod: tick took 1312% (1.31 seconds)!
  WARN root [0x00002830] [2019-07-15 09:21:39,866] - Forwarding logs to logger[192.168.56.1:58278/0/0/0]...
 ERROR root [0x00002830] [2019-07-15 09:25:45,571] - Components::removeComponentByChannel: logger : 2000, Abnormal exit(reason=TCPPacketReceiver::processRecv(): error=10054
)! Channel(timestamp=159076354353, lastReceivedTime=159038768614, inactivityExceptionPeriod=134887437)
  INFO root [0x00002830] [2019-07-15 09:25:45,575] - The following logs sent to logger failed:
  WARN root [0x00002830] [2019-07-15 09:25:45,576] - ==> [2019-07-15 09:25:45 568] TCPPacketReceiver::processPendingEvents(192.168.56.1:58278): Throwing REASON_GENERAL_NETWORK - WSAECONNRESET
 ERROR root [0x00002830] [2019-07-15 09:25:45,576] - ==> [2019-07-15 09:25:45 572] Components::removeComponentByChannel: logger : 2000, Abnormal exit(reason=TCPPacketReceiver::processRecv(): error=10054
)! Channel(timestamp=159076354353, lastReceivedTime=159038768614, inactivityExceptionPeriod=134887437)
  WARN root [0x00002830] [2019-07-15 09:25:45,667] - TCPPacketReceiver::processPendingEvents(192.168.56.1:58274): Throwing REASON_GENERAL_NETWORK - WSAECONNRESET
 ERROR root [0x00002830] [2019-07-15 09:25:45,670] - Components::removeComponentByChannel: dbmgr : 4000, Abnormal exit(reason=TCPPacketReceiver::processRecv(): error=10054
)! Channel(timestamp=159076575707, lastReceivedTime=159038655848, inactivityExceptionPeriod=134887437)
  INFO root [0x00002830] [2019-07-15 09:25:45,679] - Shutdowner::onShutdownBegin: shutting down(period=0, tickPeriod=1)
  INFO root [0x00002830] [2019-07-15 09:25:45,682] - Shutdowner::onShutdown: shutting down
  INFO root [0x00002830] [2019-07-15 09:25:45,686] - Spaces::destroySpace: 1.
  INFO root [0x00002830] [2019-07-15 09:25:45,687] - Shutdowner::onShutdownEnd: shutting down
 DEBUG root [0x00002830] [2019-07-15 09:25:45,687] - Account::~Account(): 2004
 DEBUG root [0x00002830] [2019-07-15 09:25:45,688] - Account::~Account(): 2006
 DEBUG root [0x00002830] [2019-07-15 09:25:45,688] - Account::~Account(): 2007
 DEBUG root [0x00002830] [2019-07-15 09:25:45,689] - EntityRef::destroyObjPool(): size 16.
 DEBUG root [0x00002830] [2019-07-15 09:25:45,689] - Witness::destroyObjPool(): size 16.
 ERROR root [0x00002830] [2019-07-15 09:25:45,701] - EntityGarbages::~EntityGarbages(): leaked, size=1.
 ERROR root [0x00002830] [2019-07-15 09:25:45,702] - 	--> leaked: Room(2005).
 ERROR root [0x00002830] [2019-07-15 09:25:45,706] - PyGC::debugTracing(): EntityCall : leaked(4)
 ERROR root [0x00002830] [2019-07-15 09:25:45,707] - PyGC::debugTracing(): Vector3 : leaked(2)
 ERROR root [0x00002830] [2019-07-15 09:25:45,708] - PyGC::debugTracing(): Entity : leaked(1)
 DEBUG root [0x00002830] [2019-07-15 09:25:45,712] - Room::~Room(): 2005
  INFO root [0x00002830] [2019-07-15 09:25:45,725] - Script::uninstall(): is successfully!
 DEBUG root [0x00002830] [2019-07-15 09:25:45,726] - ThreadPool::destroy(): starting size 2.
  INFO root [0x00001d68] [2019-07-15 09:28:32,925] - 
  INFO root [0x00001d68] [2019-07-15 09:28:32,930] - -----------------------------------------------------------------------------------------


  INFO root [0x00001d68] [2019-07-15 09:28:32,932] - Resmgr::initialize: KBE_ROOT=D:/kbengine/
  INFO root [0x00001d68] [2019-07-15 09:28:32,932] - Resmgr::initialize: KBE_RES_PATH=D:/kbengine/kbe/res/;D:/kbengine/HappyPoker_assets/;D:/kbengine/HappyPoker_assets/scripts/;D:/kbengine/HappyPoker_assets/res/
  INFO root [0x00001d68] [2019-07-15 09:28:32,932] - Resmgr::initialize: KBE_BIN_PATH=D:/kbengine/kbe/bin/server/
  INFO root [0x00001d68] [2019-07-15 09:28:32,964] - NetworkInterface::initialize(INTERNAL-TCP): bound to all interfaces with default route interface on 192.168.56.1 ( 192.168.56.1:58472 )
  INFO root [0x00001d68] [2019-07-15 09:28:32,964] - NetworkInterface::initialize(INTERNAL-TCP): address 192.168.56.1:58472, SOMAXCONN=5.
  INFO root [0x00001d68] [2019-07-15 09:28:32,964] - server-configs:
  INFO root [0x00001d68] [2019-07-15 09:28:32,964] - 	gameUpdateHertz : 10
  INFO root [0x00001d68] [2019-07-15 09:28:32,964] - 	defaultViewRadius : 80
  INFO root [0x00001d68] [2019-07-15 09:28:32,965] - 	defaultViewHysteresisArea : 5
  INFO root [0x00001d68] [2019-07-15 09:28:32,965] - 	entryScriptFile : kbemain
  INFO root [0x00001d68] [2019-07-15 09:28:32,965] - 	internalTcpAddr : 192.168.56.1:58472
  INFO root [0x00001d68] [2019-07-15 09:28:32,965] - 	componentID : 8001
  WARN root [0x00001d68] [2019-07-15 09:28:32,966] - invalid UID(0) <= 0, please check UID for environment! automatically set to 2082.
  WARN root [0x00001d68] [2019-07-15 09:28:33,340] - BundleBroadcast::BundleBroadcast: Cannot bind to port 20550, errorno=10048
  INFO root [0x00001d68] [2019-07-15 09:28:33,342] - ---- cellapp Version: 2.4.5. ScriptVersion: 0.1.0. Pythoncore: 3.7.3. Protocol: C9FCABE153AC3D64A8F240810ADA666D. Config: Debug X86. Built: 09:56:57 May  8 2019. AppID: 8001. UID: 2082. PID: 13664 ----
  INFO root [0x00001d68] [2019-07-15 09:28:33,342] - Server error_name: Intel(R) Core(TM) i5-6300HQ CPU @ 2.30GHz with 2097151kB RAM
  INFO root [0x00001d68] [2019-07-15 09:28:33,342] - ThreadPool::createThreadPool: creating  threadpool...
  INFO root [0x00001d68] [2019-07-15 09:28:33,342] - ThreadPool::createThreadPool: successfully(2), newThreadCount=1, normalMaxThreadCount=2, maxThreadCount=8
  INFO root [0x00001d68] [2019-07-15 09:28:33,542] - Script::install(): is successfully, Python=(3.7.3 (default, May  8 2019, 09:53:38) [MSC v.1916 32 bit (Intel)])!
  INFO root [0x00001d68] [2019-07-15 09:28:33,542] - Script::install(): KBExtra is successfully!
  WARN root [0x00001d68] [2019-07-15 09:28:33,672] - EntityDef::checkDefMethod: exposed of method: Account.leaveRoom, check the caller can use "def leaveRoom(self, callerID, ...)", such as: if callerID == self.id!
  WARN root [0x00001d68] [2019-07-15 09:28:33,672] - EntityDef::checkDefMethod: exposed of method: Account.playerMakeLandlord, check the caller can use "def playerMakeLandlord(self, callerID, ...)", such as: if callerID == self.id!
  WARN root [0x00001d68] [2019-07-15 09:28:33,672] - EntityDef::checkDefMethod: exposed of method: Account.setGameReady, check the caller can use "def setGameReady(self, callerID, ...)", such as: if callerID == self.id!
 DEBUG root [0x00001d68] [2019-07-15 09:28:33,672] - loaded entity-script:Account(1).
  WARN root [0x00001d68] [2019-07-15 09:28:33,672] - EntityDef::checkDefMethod: exposed of method: Room.playPoker, check the caller can use "def playPoker(self, callerID, ...)", such as: if callerID == self.id!
  WARN root [0x00001d68] [2019-07-15 09:28:33,680] - EntityDef::checkDefMethod: exposed of method: Room.unPlayPoker, check the caller can use "def unPlayPoker(self, callerID, ...)", such as: if callerID == self.id!
 DEBUG root [0x00001d68] [2019-07-15 09:28:33,681] - loaded entity-script:Room(3).
  INFO root [0x00001d68] [2019-07-15 09:28:33,682] - TelnetServer server is running on port 50000
  INFO root [0x00001d68] [2019-07-15 09:28:34,081] - ---- cellapp is running ----
 DEBUG root [0x00001d68] [2019-07-15 09:28:34,081] - Components::process(): Request for the process of identity...
  WARN root [0x00001d68] [2019-07-15 09:28:40,197] - EntityApp::checkTickPeriod: tick took 6115% (6.11 seconds)!
  INFO root [0x00001d68] [2019-07-15 09:28:41,242] - Components::findComponents: find logger(1)...
  INFO root [0x00001d68] [2019-07-15 09:28:41,300] - Components::findComponents: found logger, addr:192.168.56.1:58476
  INFO root [0x00001d68] [2019-07-15 09:28:41,301] - Components::addComponent: reset orderLog, uid=2082!
  INFO root [0x00001d68] [2019-07-15 09:28:41,301] - Components::addComponent[logger], uid=2082, componentID=2000, globalorderid=1, grouporderid=1, totalcount=1
  INFO root [0x00001d68] [2019-07-15 09:28:41,303] - Components::findComponents: find dbmgr(2)...
  INFO root [0x00001d68] [2019-07-15 09:28:41,405] - Components::findComponents: found dbmgr, addr:192.168.56.1:58471
  INFO root [0x00001d68] [2019-07-15 09:28:41,405] - Components::addComponent: reset orderLog, uid=2082!
  INFO root [0x00001d68] [2019-07-15 09:28:41,406] - Components::addComponent[dbmgr], uid=2082, componentID=4000, globalorderid=1, grouporderid=1, totalcount=1
  INFO root [0x00001d68] [2019-07-15 09:28:41,406] - Components::findComponents: found dbmgr, addr:192.168.56.1:58471
  WARN root [0x00001d68] [2019-07-15 09:28:42,406] - Forwarding logs to logger[192.168.56.1:58476/0/0/0]...
 ERROR root [0x00001d68] [2019-07-15 09:33:30,261] - Components::removeComponentByChannel: logger : 2000, Abnormal exit(reason=TCPPacketReceiver::processRecv(): error=10054
)! Channel(timestamp=160121677581, lastReceivedTime=160060414070, inactivityExceptionPeriod=134887373)
  INFO root [0x00001d68] [2019-07-15 09:33:30,273] - The following logs sent to logger failed:
  WARN root [0x00001d68] [2019-07-15 09:33:30,273] - ==> [2019-07-15 09:33:30 269] TCPPacketReceiver::processPendingEvents(192.168.56.1:58476): Throwing REASON_GENERAL_NETWORK - WSAECONNRESET
 ERROR root [0x00001d68] [2019-07-15 09:33:30,273] - ==> [2019-07-15 09:33:30 270] Components::removeComponentByChannel: logger : 2000, Abnormal exit(reason=TCPPacketReceiver::processRecv(): error=10054
)! Channel(timestamp=160121677581, lastReceivedTime=160060414070, inactivityExceptionPeriod=134887373)
  WARN root [0x00001d68] [2019-07-15 09:33:30,373] - TCPPacketReceiver::processPendingEvents(192.168.56.1:58471): Throwing REASON_GENERAL_NETWORK - WSAECONNRESET
 ERROR root [0x00001d68] [2019-07-15 09:33:30,373] - Components::removeComponentByChannel: dbmgr : 4000, Abnormal exit(reason=TCPPacketReceiver::processRecv(): error=10054
)! Channel(timestamp=160121923875, lastReceivedTime=160060348763, inactivityExceptionPeriod=134887373)
  INFO root [0x00001d68] [2019-07-15 09:33:30,380] - Shutdowner::onShutdownBegin: shutting down(period=0, tickPeriod=1)
  INFO root [0x00001d68] [2019-07-15 09:33:30,380] - Shutdowner::onShutdown: shutting down
  INFO root [0x00001d68] [2019-07-15 09:33:30,380] - Spaces::destroySpace: 1.
  INFO root [0x00001d68] [2019-07-15 09:33:30,380] - Shutdowner::onShutdownEnd: shutting down
 DEBUG root [0x00001d68] [2019-07-15 09:33:30,380] - EntityRef::destroyObjPool(): size 16.
 DEBUG root [0x00001d68] [2019-07-15 09:33:30,380] - Witness::destroyObjPool(): size 16.
 ERROR root [0x00001d68] [2019-07-15 09:33:30,394] - EntityGarbages::~EntityGarbages(): leaked, size=1.
 ERROR root [0x00001d68] [2019-07-15 09:33:30,394] - 	--> leaked: Room(2005).
 ERROR root [0x00001d68] [2019-07-15 09:33:30,394] - PyGC::debugTracing(): EntityCall : leaked(1)
 ERROR root [0x00001d68] [2019-07-15 09:33:30,394] - PyGC::debugTracing(): Vector3 : leaked(2)
 ERROR root [0x00001d68] [2019-07-15 09:33:30,394] - PyGC::debugTracing(): Entity : leaked(1)
 DEBUG root [0x00001d68] [2019-07-15 09:33:30,401] - Room::~Room(): 2005
  INFO root [0x00001d68] [2019-07-15 09:33:30,411] - Script::uninstall(): is successfully!
 DEBUG root [0x00001d68] [2019-07-15 09:33:30,415] - ThreadPool::destroy(): starting size 2.
  WARN root [0x00001d68] [2019-07-15 09:33:30,732] - ThreadPool::destroy(): waiting for thread(2)[0x2501810,0x2501400,], try=1
  INFO root [0x0000390c] [2019-07-15 09:33:32,001] - 
  INFO root [0x0000390c] [2019-07-15 09:33:32,001] - -----------------------------------------------------------------------------------------


  INFO root [0x0000390c] [2019-07-15 09:33:32,002] - Resmgr::initialize: KBE_ROOT=D:/kbengine/
  INFO root [0x0000390c] [2019-07-15 09:33:32,003] - Resmgr::initialize: KBE_RES_PATH=D:/kbengine/kbe/res/;D:/kbengine/HappyPoker_assets/;D:/kbengine/HappyPoker_assets/scripts/;D:/kbengine/HappyPoker_assets/res/
  INFO root [0x0000390c] [2019-07-15 09:33:32,003] - Resmgr::initialize: KBE_BIN_PATH=D:/kbengine/kbe/bin/server/
  INFO root [0x0000390c] [2019-07-15 09:33:32,058] - NetworkInterface::initialize(INTERNAL-TCP): bound to all interfaces with default route interface on 192.168.56.1 ( 192.168.56.1:58573 )
  INFO root [0x0000390c] [2019-07-15 09:33:32,058] - NetworkInterface::initialize(INTERNAL-TCP): address 192.168.56.1:58573, SOMAXCONN=5.
  INFO root [0x0000390c] [2019-07-15 09:33:32,058] - server-configs:
  INFO root [0x0000390c] [2019-07-15 09:33:32,061] - 	gameUpdateHertz : 10
  INFO root [0x0000390c] [2019-07-15 09:33:32,061] - 	defaultViewRadius : 80
  INFO root [0x0000390c] [2019-07-15 09:33:32,061] - 	defaultViewHysteresisArea : 5
  INFO root [0x0000390c] [2019-07-15 09:33:32,061] - 	entryScriptFile : kbemain
  INFO root [0x0000390c] [2019-07-15 09:33:32,061] - 	internalTcpAddr : 192.168.56.1:58573
  INFO root [0x0000390c] [2019-07-15 09:33:32,061] - 	componentID : 8001
  WARN root [0x0000390c] [2019-07-15 09:33:32,063] - invalid UID(0) <= 0, please check UID for environment! automatically set to 2082.
  INFO root [0x0000390c] [2019-07-15 09:33:33,583] - ---- cellapp Version: 2.4.5. ScriptVersion: 0.1.0. Pythoncore: 3.7.3. Protocol: C9FCABE153AC3D64A8F240810ADA666D. Config: Debug X86. Built: 09:56:57 May  8 2019. AppID: 8001. UID: 2082. PID: 13876 ----
  INFO root [0x0000390c] [2019-07-15 09:33:33,584] - Server error_name: Intel(R) Core(TM) i5-6300HQ CPU @ 2.30GHz with 2097151kB RAM
  INFO root [0x0000390c] [2019-07-15 09:33:33,584] - ThreadPool::createThreadPool: creating  threadpool...
  INFO root [0x0000390c] [2019-07-15 09:33:33,585] - ThreadPool::createThreadPool: successfully(2), newThreadCount=1, normalMaxThreadCount=2, maxThreadCount=8
  INFO root [0x0000390c] [2019-07-15 09:33:33,782] - Script::install(): is successfully, Python=(3.7.3 (default, May  8 2019, 09:53:38) [MSC v.1916 32 bit (Intel)])!
  INFO root [0x0000390c] [2019-07-15 09:33:33,783] - Script::install(): KBExtra is successfully!
  WARN root [0x0000390c] [2019-07-15 09:33:33,914] - EntityDef::checkDefMethod: exposed of method: Account.leaveRoom, check the caller can use "def leaveRoom(self, callerID, ...)", such as: if callerID == self.id!
  WARN root [0x0000390c] [2019-07-15 09:33:33,929] - EntityDef::checkDefMethod: exposed of method: Account.playerMakeLandlord, check the caller can use "def playerMakeLandlord(self, callerID, ...)", such as: if callerID == self.id!
  WARN root [0x0000390c] [2019-07-15 09:33:33,935] - EntityDef::checkDefMethod: exposed of method: Account.setGameReady, check the caller can use "def setGameReady(self, callerID, ...)", such as: if callerID == self.id!
 DEBUG root [0x0000390c] [2019-07-15 09:33:33,936] - loaded entity-script:Account(1).
  WARN root [0x0000390c] [2019-07-15 09:33:33,937] - EntityDef::checkDefMethod: exposed of method: Room.playPoker, check the caller can use "def playPoker(self, callerID, ...)", such as: if callerID == self.id!
  WARN root [0x0000390c] [2019-07-15 09:33:33,938] - EntityDef::checkDefMethod: exposed of method: Room.unPlayPoker, check the caller can use "def unPlayPoker(self, callerID, ...)", such as: if callerID == self.id!
 DEBUG root [0x0000390c] [2019-07-15 09:33:33,938] - loaded entity-script:Room(3).
  INFO root [0x0000390c] [2019-07-15 09:33:33,941] - TelnetServer server is running on port 50000
  INFO root [0x0000390c] [2019-07-15 09:33:34,365] - ---- cellapp is running ----
 DEBUG root [0x0000390c] [2019-07-15 09:33:34,365] - Components::process(): Request for the process of identity...
  WARN root [0x0000390c] [2019-07-15 09:33:40,468] - EntityApp::checkTickPeriod: tick took 6100% (6.10 seconds)!
  INFO root [0x0000390c] [2019-07-15 09:33:41,507] - Components::findComponents: find logger(1)...
  INFO root [0x0000390c] [2019-07-15 09:33:41,555] - Components::findComponents: found logger, addr:192.168.56.1:58578
  INFO root [0x0000390c] [2019-07-15 09:33:41,556] - Components::addComponent: reset orderLog, uid=2082!
  INFO root [0x0000390c] [2019-07-15 09:33:41,556] - Components::addComponent[logger], uid=2082, componentID=2000, globalorderid=1, grouporderid=1, totalcount=1
  INFO root [0x0000390c] [2019-07-15 09:33:41,558] - Components::findComponents: find dbmgr(2)...
  INFO root [0x0000390c] [2019-07-15 09:33:41,562] - Components::findComponents: found dbmgr, addr:192.168.56.1:58579
  INFO root [0x0000390c] [2019-07-15 09:33:41,562] - Components::addComponent: reset orderLog, uid=2082!
  INFO root [0x0000390c] [2019-07-15 09:33:41,562] - Components::addComponent[dbmgr], uid=2082, componentID=4000, globalorderid=1, grouporderid=1, totalcount=1
  INFO root [0x0000390c] [2019-07-15 09:33:41,665] - Components::findComponents: found dbmgr, addr:192.168.56.1:58579
  WARN root [0x0000390c] [2019-07-15 09:33:42,666] - Forwarding logs to logger[192.168.56.1:58578/0/0/0]...
 ERROR root [0x0000390c] [2019-07-15 09:40:42,718] - Components::removeComponentByChannel: logger : 2000, Abnormal exit(reason=TCPPacketReceiver::processRecv(): error=10054
)! Channel(timestamp=161094484196, lastReceivedTime=161070813209, inactivityExceptionPeriod=134887261)
  INFO root [0x0000390c] [2019-07-15 09:40:42,723] - The following logs sent to logger failed:
  WARN root [0x0000390c] [2019-07-15 09:40:42,724] - ==> [2019-07-15 09:40:42 714] TCPPacketReceiver::processPendingEvents(192.168.56.1:58578): Throwing REASON_GENERAL_NETWORK - WSAECONNRESET
 ERROR root [0x0000390c] [2019-07-15 09:40:42,724] - ==> [2019-07-15 09:40:42 719] Components::removeComponentByChannel: logger : 2000, Abnormal exit(reason=TCPPacketReceiver::processRecv(): error=10054
)! Channel(timestamp=161094484196, lastReceivedTime=161070813209, inactivityExceptionPeriod=134887261)
  WARN root [0x0000390c] [2019-07-15 09:40:42,820] - TCPPacketReceiver::processPendingEvents(192.168.56.1:58579): Throwing REASON_GENERAL_NETWORK - WSAECONNRESET
 ERROR root [0x0000390c] [2019-07-15 09:40:42,825] - Components::removeComponentByChannel: dbmgr : 4000, Abnormal exit(reason=TCPPacketReceiver::processRecv(): error=10054
)! Channel(timestamp=161094726738, lastReceivedTime=161070850941, inactivityExceptionPeriod=134887261)
  INFO root [0x0000390c] [2019-07-15 09:40:42,839] - Shutdowner::onShutdownBegin: shutting down(period=0, tickPeriod=1)
  INFO root [0x0000390c] [2019-07-15 09:40:42,844] - Shutdowner::onShutdown: shutting down
  INFO root [0x0000390c] [2019-07-15 09:40:42,848] - Spaces::destroySpace: 1.
  INFO root [0x0000390c] [2019-07-15 09:40:42,848] - Shutdowner::onShutdownEnd: shutting down
 DEBUG root [0x0000390c] [2019-07-15 09:40:42,849] - Account::~Account(): 4
 DEBUG root [0x0000390c] [2019-07-15 09:40:42,849] - Account::~Account(): 6
 DEBUG root [0x0000390c] [2019-07-15 09:40:42,849] - Account::~Account(): 7
 DEBUG root [0x0000390c] [2019-07-15 09:40:42,850] - EntityRef::destroyObjPool(): size 16.
 DEBUG root [0x0000390c] [2019-07-15 09:40:42,850] - Witness::destroyObjPool(): size 16.
 ERROR root [0x0000390c] [2019-07-15 09:40:42,865] - EntityGarbages::~EntityGarbages(): leaked, size=1.
 ERROR root [0x0000390c] [2019-07-15 09:40:42,868] - 	--> leaked: Room(5).
 ERROR root [0x0000390c] [2019-07-15 09:40:42,870] - PyGC::debugTracing(): EntityCall : leaked(4)
 ERROR root [0x0000390c] [2019-07-15 09:40:42,870] - PyGC::debugTracing(): Vector3 : leaked(2)
 ERROR root [0x0000390c] [2019-07-15 09:40:42,875] - PyGC::debugTracing(): Entity : leaked(1)
 DEBUG root [0x0000390c] [2019-07-15 09:40:42,884] - Room::~Room(): 5
  INFO root [0x0000390c] [2019-07-15 09:40:42,902] - Script::uninstall(): is successfully!
 DEBUG root [0x0000390c] [2019-07-15 09:40:42,902] - ThreadPool::destroy(): starting size 2.
  WARN root [0x0000390c] [2019-07-15 09:40:43,203] - ThreadPool::destroy(): waiting for thread(2)[0xeca68,0xec5f0,], try=1
  INFO root [0x0000030c] [2019-07-15 09:45:15,124] - 
  INFO root [0x0000030c] [2019-07-15 09:45:15,131] - -----------------------------------------------------------------------------------------


  INFO root [0x0000030c] [2019-07-15 09:45:15,132] - Resmgr::initialize: KBE_ROOT=D:/kbengine/
  INFO root [0x0000030c] [2019-07-15 09:45:15,132] - Resmgr::initialize: KBE_RES_PATH=D:/kbengine/kbe/res/;D:/kbengine/HappyPoker_assets/;D:/kbengine/HappyPoker_assets/scripts/;D:/kbengine/HappyPoker_assets/res/
  INFO root [0x0000030c] [2019-07-15 09:45:15,133] - Resmgr::initialize: KBE_BIN_PATH=D:/kbengine/kbe/bin/server/
  INFO root [0x0000030c] [2019-07-15 09:45:15,172] - NetworkInterface::initialize(INTERNAL-TCP): bound to all interfaces with default route interface on 192.168.56.1 ( 192.168.56.1:58721 )
  INFO root [0x0000030c] [2019-07-15 09:45:15,172] - NetworkInterface::initialize(INTERNAL-TCP): address 192.168.56.1:58721, SOMAXCONN=5.
  INFO root [0x0000030c] [2019-07-15 09:45:15,173] - server-configs:
  INFO root [0x0000030c] [2019-07-15 09:45:15,173] - 	gameUpdateHertz : 10
  INFO root [0x0000030c] [2019-07-15 09:45:15,173] - 	defaultViewRadius : 80
  INFO root [0x0000030c] [2019-07-15 09:45:15,173] - 	defaultViewHysteresisArea : 5
  INFO root [0x0000030c] [2019-07-15 09:45:15,173] - 	entryScriptFile : kbemain
  INFO root [0x0000030c] [2019-07-15 09:45:15,173] - 	internalTcpAddr : 192.168.56.1:58721
  INFO root [0x0000030c] [2019-07-15 09:45:15,173] - 	componentID : 8001
  WARN root [0x0000030c] [2019-07-15 09:45:15,174] - invalid UID(0) <= 0, please check UID for environment! automatically set to 2082.
  WARN root [0x0000030c] [2019-07-15 09:45:15,515] - BundleBroadcast::BundleBroadcast: Cannot bind to port 20860, errorno=10048
  INFO root [0x0000030c] [2019-07-15 09:45:15,519] - ---- cellapp Version: 2.4.5. ScriptVersion: 0.1.0. Pythoncore: 3.7.3. Protocol: C9FCABE153AC3D64A8F240810ADA666D. Config: Debug X86. Built: 09:56:57 May  8 2019. AppID: 8001. UID: 2082. PID: 12544 ----
  INFO root [0x0000030c] [2019-07-15 09:45:15,519] - Server error_name: Intel(R) Core(TM) i5-6300HQ CPU @ 2.30GHz with 2097151kB RAM
  INFO root [0x0000030c] [2019-07-15 09:45:15,519] - ThreadPool::createThreadPool: creating  threadpool...
  INFO root [0x0000030c] [2019-07-15 09:45:15,520] - ThreadPool::createThreadPool: successfully(2), newThreadCount=1, normalMaxThreadCount=2, maxThreadCount=8
  INFO root [0x0000030c] [2019-07-15 09:45:15,716] - Script::install(): is successfully, Python=(3.7.3 (default, May  8 2019, 09:53:38) [MSC v.1916 32 bit (Intel)])!
  INFO root [0x0000030c] [2019-07-15 09:45:15,717] - Script::install(): KBExtra is successfully!
  WARN root [0x0000030c] [2019-07-15 09:45:15,848] - EntityDef::checkDefMethod: exposed of method: Account.leaveRoom, check the caller can use "def leaveRoom(self, callerID, ...)", such as: if callerID == self.id!
  WARN root [0x0000030c] [2019-07-15 09:45:15,849] - EntityDef::checkDefMethod: exposed of method: Account.playerMakeLandlord, check the caller can use "def playerMakeLandlord(self, callerID, ...)", such as: if callerID == self.id!
  WARN root [0x0000030c] [2019-07-15 09:45:15,849] - EntityDef::checkDefMethod: exposed of method: Account.setGameReady, check the caller can use "def setGameReady(self, callerID, ...)", such as: if callerID == self.id!
 DEBUG root [0x0000030c] [2019-07-15 09:45:15,850] - loaded entity-script:Account(1).
  WARN root [0x0000030c] [2019-07-15 09:45:15,852] - EntityDef::checkDefMethod: exposed of method: Room.playPoker, check the caller can use "def playPoker(self, callerID, ...)", such as: if callerID == self.id!
  WARN root [0x0000030c] [2019-07-15 09:45:15,852] - EntityDef::checkDefMethod: exposed of method: Room.unPlayPoker, check the caller can use "def unPlayPoker(self, callerID, ...)", such as: if callerID == self.id!
 DEBUG root [0x0000030c] [2019-07-15 09:45:15,853] - loaded entity-script:Room(3).
  INFO root [0x0000030c] [2019-07-15 09:45:15,856] - TelnetServer server is running on port 50000
  INFO root [0x0000030c] [2019-07-15 09:45:16,280] - ---- cellapp is running ----
 DEBUG root [0x0000030c] [2019-07-15 09:45:16,280] - Components::process(): Request for the process of identity...
  WARN root [0x0000030c] [2019-07-15 09:45:22,410] - EntityApp::checkTickPeriod: tick took 6128% (6.13 seconds)!
  INFO root [0x0000030c] [2019-07-15 09:45:23,482] - Components::findComponents: find logger(1)...
  INFO root [0x0000030c] [2019-07-15 09:45:23,509] - Components::findComponents: found logger, addr:192.168.56.1:58718
  INFO root [0x0000030c] [2019-07-15 09:45:23,509] - Components::addComponent: reset orderLog, uid=2082!
  INFO root [0x0000030c] [2019-07-15 09:45:23,510] - Components::addComponent[logger], uid=2082, componentID=2000, globalorderid=1, grouporderid=1, totalcount=1
  INFO root [0x0000030c] [2019-07-15 09:45:23,511] - Components::findComponents: find dbmgr(2)...
  INFO root [0x0000030c] [2019-07-15 09:45:23,614] - Components::findComponents: found dbmgr, addr:192.168.56.1:58722
  INFO root [0x0000030c] [2019-07-15 09:45:23,615] - Components::addComponent: reset orderLog, uid=2082!
  INFO root [0x0000030c] [2019-07-15 09:45:23,615] - Components::addComponent[dbmgr], uid=2082, componentID=4000, globalorderid=1, grouporderid=1, totalcount=1
  INFO root [0x0000030c] [2019-07-15 09:45:23,615] - Components::findComponents: found dbmgr, addr:192.168.56.1:58722
  WARN root [0x0000030c] [2019-07-15 09:45:24,615] - EntityApp::checkTickPeriod: tick took 1233% (1.23 seconds)!
  WARN root [0x0000030c] [2019-07-15 09:45:24,615] - Forwarding logs to logger[192.168.56.1:58718/0/0/0]...
 ERROR root [0x0000030c] [2019-07-15 09:57:56,358] - Components::removeComponentByChannel: logger : 2000, Abnormal exit(reason=TCPPacketReceiver::processRecv(): error=10054
)! Channel(timestamp=163419799073, lastReceivedTime=163394834392, inactivityExceptionPeriod=134887149)
  INFO root [0x0000030c] [2019-07-15 09:57:56,362] - The following logs sent to logger failed:
  WARN root [0x0000030c] [2019-07-15 09:57:56,362] - ==> [2019-07-15 09:57:56 355] TCPPacketReceiver::processPendingEvents(192.168.56.1:58718): Throwing REASON_GENERAL_NETWORK - WSAECONNRESET
 ERROR root [0x0000030c] [2019-07-15 09:57:56,362] - ==> [2019-07-15 09:57:56 358] Components::removeComponentByChannel: logger : 2000, Abnormal exit(reason=TCPPacketReceiver::processRecv(): error=10054
)! Channel(timestamp=163419799073, lastReceivedTime=163394834392, inactivityExceptionPeriod=134887149)
  WARN root [0x0000030c] [2019-07-15 09:57:56,450] - TCPPacketReceiver::processPendingEvents(192.168.56.1:58722): Throwing REASON_GENERAL_NETWORK - WSAECONNRESET
 ERROR root [0x0000030c] [2019-07-15 09:57:56,450] - Components::removeComponentByChannel: dbmgr : 4000, Abnormal exit(reason=TCPPacketReceiver::processRecv(): error=10054
)! Channel(timestamp=163420009927, lastReceivedTime=163394878797, inactivityExceptionPeriod=134887149)
  INFO root [0x0000030c] [2019-07-15 09:57:56,454] - Shutdowner::onShutdownBegin: shutting down(period=0, tickPeriod=1)
  INFO root [0x0000030c] [2019-07-15 09:57:56,454] - Shutdowner::onShutdown: shutting down
  INFO root [0x0000030c] [2019-07-15 09:57:56,457] - Spaces::destroySpace: 1.
  INFO root [0x0000030c] [2019-07-15 09:57:56,457] - Shutdowner::onShutdownEnd: shutting down
 DEBUG root [0x0000030c] [2019-07-15 09:57:56,458] - Account::~Account(): 2006
 DEBUG root [0x0000030c] [2019-07-15 09:57:56,458] - Account::~Account(): 2007
 DEBUG root [0x0000030c] [2019-07-15 09:57:56,458] - Account::~Account(): 2004
 DEBUG root [0x0000030c] [2019-07-15 09:57:56,459] - EntityRef::destroyObjPool(): size 16.
 DEBUG root [0x0000030c] [2019-07-15 09:57:56,459] - Witness::destroyObjPool(): size 16.
 DEBUG root [0x0000030c] [2019-07-15 09:57:56,471] - Room::~Room(): 2005
  INFO root [0x0000030c] [2019-07-15 09:57:56,493] - Script::uninstall(): is successfully!
 DEBUG root [0x0000030c] [2019-07-15 09:57:56,493] - ThreadPool::destroy(): starting size 2.
  WARN root [0x0000030c] [2019-07-15 09:57:56,795] - ThreadPool::destroy(): waiting for thread(2)[0x123d48,0x123c10,], try=1
  INFO root [0x00001ec0] [2019-07-15 09:57:58,228] - 
  INFO root [0x00001ec0] [2019-07-15 09:57:58,229] - -----------------------------------------------------------------------------------------


  INFO root [0x00001ec0] [2019-07-15 09:57:58,230] - Resmgr::initialize: KBE_ROOT=D:/kbengine/
  INFO root [0x00001ec0] [2019-07-15 09:57:58,230] - Resmgr::initialize: KBE_RES_PATH=D:/kbengine/kbe/res/;D:/kbengine/HappyPoker_assets/;D:/kbengine/HappyPoker_assets/scripts/;D:/kbengine/HappyPoker_assets/res/
  INFO root [0x00001ec0] [2019-07-15 09:57:58,231] - Resmgr::initialize: KBE_BIN_PATH=D:/kbengine/kbe/bin/server/
  INFO root [0x00001ec0] [2019-07-15 09:57:58,261] - NetworkInterface::initialize(INTERNAL-TCP): bound to all interfaces with default route interface on 192.168.56.1 ( 192.168.56.1:58868 )
  INFO root [0x00001ec0] [2019-07-15 09:57:58,261] - NetworkInterface::initialize(INTERNAL-TCP): address 192.168.56.1:58868, SOMAXCONN=5.
  INFO root [0x00001ec0] [2019-07-15 09:57:58,261] - server-configs:
  INFO root [0x00001ec0] [2019-07-15 09:57:58,261] - 	gameUpdateHertz : 10
  INFO root [0x00001ec0] [2019-07-15 09:57:58,261] - 	defaultViewRadius : 80
  INFO root [0x00001ec0] [2019-07-15 09:57:58,261] - 	defaultViewHysteresisArea : 5
  INFO root [0x00001ec0] [2019-07-15 09:57:58,262] - 	entryScriptFile : kbemain
  INFO root [0x00001ec0] [2019-07-15 09:57:58,262] - 	internalTcpAddr : 192.168.56.1:58868
  INFO root [0x00001ec0] [2019-07-15 09:57:58,262] - 	componentID : 8001
  WARN root [0x00001ec0] [2019-07-15 09:57:58,276] - invalid UID(0) <= 0, please check UID for environment! automatically set to 2082.
  INFO root [0x00001ec0] [2019-07-15 09:57:58,604] - Components::findLogger: found logger, addr:192.168.56.1:58863
  INFO root [0x00001ec0] [2019-07-15 09:57:58,604] - Components::addComponent: reset orderLog, uid=2082!
  INFO root [0x00001ec0] [2019-07-15 09:57:58,604] - Components::addComponent[logger], uid=2082, componentID=2000, globalorderid=1, grouporderid=1, totalcount=1
  INFO root [0x00001ec0] [2019-07-15 09:57:58,610] - ---- cellapp Version: 2.4.5. ScriptVersion: 0.1.0. Pythoncore: 3.7.3. Protocol: C9FCABE153AC3D64A8F240810ADA666D. Config: Debug X86. Built: 09:56:57 May  8 2019. AppID: 8001. UID: 2082. PID: 5808 ----
  INFO root [0x00001ec0] [2019-07-15 09:57:58,610] - Server error_name: Intel(R) Core(TM) i5-6300HQ CPU @ 2.30GHz with 2097151kB RAM
  INFO root [0x00001ec0] [2019-07-15 09:57:58,610] - ThreadPool::createThreadPool: creating  threadpool...
  INFO root [0x00001ec0] [2019-07-15 09:57:58,611] - ThreadPool::createThreadPool: successfully(2), newThreadCount=1, normalMaxThreadCount=2, maxThreadCount=8
  INFO root [0x00001ec0] [2019-07-15 09:57:58,807] - Script::install(): is successfully, Python=(3.7.3 (default, May  8 2019, 09:53:38) [MSC v.1916 32 bit (Intel)])!
  INFO root [0x00001ec0] [2019-07-15 09:57:58,807] - Script::install(): KBExtra is successfully!
  WARN root [0x00001ec0] [2019-07-15 09:57:58,938] - EntityDef::checkDefMethod: exposed of method: Account.leaveRoom, check the caller can use "def leaveRoom(self, callerID, ...)", such as: if callerID == self.id!
  WARN root [0x00001ec0] [2019-07-15 09:57:58,939] - EntityDef::checkDefMethod: exposed of method: Account.playerMakeLandlord, check the caller can use "def playerMakeLandlord(self, callerID, ...)", such as: if callerID == self.id!
  WARN root [0x00001ec0] [2019-07-15 09:57:58,939] - EntityDef::checkDefMethod: exposed of method: Account.setGameReady, check the caller can use "def setGameReady(self, callerID, ...)", such as: if callerID == self.id!
 DEBUG root [0x00001ec0] [2019-07-15 09:57:58,939] - loaded entity-script:Account(1).
  WARN root [0x00001ec0] [2019-07-15 09:57:58,941] - EntityDef::checkDefMethod: exposed of method: Room.playPoker, check the caller can use "def playPoker(self, callerID, ...)", such as: if callerID == self.id!
  WARN root [0x00001ec0] [2019-07-15 09:57:58,942] - EntityDef::checkDefMethod: exposed of method: Room.unPlayPoker, check the caller can use "def unPlayPoker(self, callerID, ...)", such as: if callerID == self.id!
 DEBUG root [0x00001ec0] [2019-07-15 09:57:58,942] - loaded entity-script:Room(3).
  INFO root [0x00001ec0] [2019-07-15 09:57:58,945] - TelnetServer server is running on port 50000
  INFO root [0x00001ec0] [2019-07-15 09:57:59,357] - ---- cellapp is running ----
 DEBUG root [0x00001ec0] [2019-07-15 09:57:59,357] - Components::process(): Request for the process of identity...
  WARN root [0x00001ec0] [2019-07-15 09:58:05,471] - Forwarding logs to logger[192.168.56.1:58863/0/0/0]...
 ERROR root [0x00001ec0] [2019-07-15 10:17:48,191] - Components::removeComponentByChannel: logger : 2000, Abnormal exit(reason=TCPPacketReceiver::processRecv(): error=10054
)! Channel(timestamp=166101099357, lastReceivedTime=166056245700, inactivityExceptionPeriod=134887149)
  INFO root [0x00001ec0] [2019-07-15 10:17:48,197] - The following logs sent to logger failed:
  WARN root [0x00001ec0] [2019-07-15 10:17:48,198] - ==> [2019-07-15 10:17:48 187] TCPPacketReceiver::processPendingEvents(192.168.56.1:58863): Throwing REASON_GENERAL_NETWORK - WSAECONNRESET
 ERROR root [0x00001ec0] [2019-07-15 10:17:48,198] - ==> [2019-07-15 10:17:48 192] Components::removeComponentByChannel: logger : 2000, Abnormal exit(reason=TCPPacketReceiver::processRecv(): error=10054
)! Channel(timestamp=166101099357, lastReceivedTime=166056245700, inactivityExceptionPeriod=134887149)
  WARN root [0x00001ec0] [2019-07-15 10:17:48,285] - TCPPacketReceiver::processPendingEvents(192.168.56.1:58865): Throwing REASON_GENERAL_NETWORK - WSAECONNRESET
 ERROR root [0x00001ec0] [2019-07-15 10:17:48,291] - Components::removeComponentByChannel: dbmgr : 4000, Abnormal exit(reason=TCPPacketReceiver::processRecv(): error=10054
)! Channel(timestamp=166101324093, lastReceivedTime=166056201823, inactivityExceptionPeriod=134887149)
  INFO root [0x00001ec0] [2019-07-15 10:17:48,295] - Shutdowner::onShutdownBegin: shutting down(period=0, tickPeriod=1)
  INFO root [0x00001ec0] [2019-07-15 10:17:48,303] - Shutdowner::onShutdown: shutting down
  INFO root [0x00001ec0] [2019-07-15 10:17:48,307] - Spaces::destroySpace: 1.
  INFO root [0x00001ec0] [2019-07-15 10:17:48,307] - Spaces::destroySpace: 2.
  INFO root [0x00001ec0] [2019-07-15 10:17:48,308] - Shutdowner::onShutdownEnd: shutting down
 DEBUG root [0x00001ec0] [2019-07-15 10:17:48,308] - Account::~Account(): 6
 DEBUG root [0x00001ec0] [2019-07-15 10:17:48,309] - Account::~Account(): 7
 DEBUG root [0x00001ec0] [2019-07-15 10:17:48,309] - Account::~Account(): 4
 DEBUG root [0x00001ec0] [2019-07-15 10:17:48,309] - EntityRef::destroyObjPool(): size 16.
 DEBUG root [0x00001ec0] [2019-07-15 10:17:48,309] - Witness::destroyObjPool(): size 16.
 DEBUG root [0x00001ec0] [2019-07-15 10:17:48,320] - Room::~Room(): 8
 ERROR root [0x00001ec0] [2019-07-15 10:17:48,321] - EntityGarbages::~EntityGarbages(): leaked, size=1.
 ERROR root [0x00001ec0] [2019-07-15 10:17:48,321] - 	--> leaked: Room(5).
 ERROR root [0x00001ec0] [2019-07-15 10:17:48,323] - PyGC::debugTracing(): EntityCall : leaked(4)
 ERROR root [0x00001ec0] [2019-07-15 10:17:48,324] - PyGC::debugTracing(): Vector3 : leaked(2)
 ERROR root [0x00001ec0] [2019-07-15 10:17:48,327] - PyGC::debugTracing(): Entity : leaked(1)
 DEBUG root [0x00001ec0] [2019-07-15 10:17:48,333] - Room::~Room(): 5
  INFO root [0x00001ec0] [2019-07-15 10:17:48,345] - Script::uninstall(): is successfully!
 DEBUG root [0x00001ec0] [2019-07-15 10:17:48,345] - ThreadPool::destroy(): starting size 2.
  INFO root [0x00003418] [2019-07-15 10:17:49,923] - 
  INFO root [0x00003418] [2019-07-15 10:17:49,929] - -----------------------------------------------------------------------------------------


  INFO root [0x00003418] [2019-07-15 10:17:49,931] - Resmgr::initialize: KBE_ROOT=D:/kbengine/
  INFO root [0x00003418] [2019-07-15 10:17:49,931] - Resmgr::initialize: KBE_RES_PATH=D:/kbengine/kbe/res/;D:/kbengine/HappyPoker_assets/;D:/kbengine/HappyPoker_assets/scripts/;D:/kbengine/HappyPoker_assets/res/
  INFO root [0x00003418] [2019-07-15 10:17:49,931] - Resmgr::initialize: KBE_BIN_PATH=D:/kbengine/kbe/bin/server/
  INFO root [0x00003418] [2019-07-15 10:17:49,961] - NetworkInterface::initialize(INTERNAL-TCP): bound to all interfaces with default route interface on 192.168.56.1 ( 192.168.56.1:59129 )
  INFO root [0x00003418] [2019-07-15 10:17:49,961] - NetworkInterface::initialize(INTERNAL-TCP): address 192.168.56.1:59129, SOMAXCONN=5.
  INFO root [0x00003418] [2019-07-15 10:17:49,961] - server-configs:
  INFO root [0x00003418] [2019-07-15 10:17:49,962] - 	gameUpdateHertz : 10
  INFO root [0x00003418] [2019-07-15 10:17:49,962] - 	defaultViewRadius : 80
  INFO root [0x00003418] [2019-07-15 10:17:49,962] - 	defaultViewHysteresisArea : 5
  INFO root [0x00003418] [2019-07-15 10:17:49,962] - 	entryScriptFile : kbemain
  INFO root [0x00003418] [2019-07-15 10:17:49,962] - 	internalTcpAddr : 192.168.56.1:59129
  INFO root [0x00003418] [2019-07-15 10:17:49,962] - 	componentID : 8001
  WARN root [0x00003418] [2019-07-15 10:17:49,964] - invalid UID(0) <= 0, please check UID for environment! automatically set to 2082.
  WARN root [0x00003418] [2019-07-15 10:17:50,304] - BundleBroadcast::BundleBroadcast: Cannot bind to port 20776, errorno=10048
  INFO root [0x00003418] [2019-07-15 10:17:50,308] - ---- cellapp Version: 2.4.5. ScriptVersion: 0.1.0. Pythoncore: 3.7.3. Protocol: C9FCABE153AC3D64A8F240810ADA666D. Config: Debug X86. Built: 09:56:57 May  8 2019. AppID: 8001. UID: 2082. PID: 15356 ----
  INFO root [0x00003418] [2019-07-15 10:17:50,308] - Server error_name: Intel(R) Core(TM) i5-6300HQ CPU @ 2.30GHz with 2097151kB RAM
  INFO root [0x00003418] [2019-07-15 10:17:50,309] - ThreadPool::createThreadPool: creating  threadpool...
  INFO root [0x00003418] [2019-07-15 10:17:50,309] - ThreadPool::createThreadPool: successfully(2), newThreadCount=1, normalMaxThreadCount=2, maxThreadCount=8
  INFO root [0x00003418] [2019-07-15 10:17:50,505] - Script::install(): is successfully, Python=(3.7.3 (default, May  8 2019, 09:53:38) [MSC v.1916 32 bit (Intel)])!
  INFO root [0x00003418] [2019-07-15 10:17:50,505] - Script::install(): KBExtra is successfully!
  WARN root [0x00003418] [2019-07-15 10:17:50,633] - EntityDef::checkDefMethod: exposed of method: Account.leaveRoom, check the caller can use "def leaveRoom(self, callerID, ...)", such as: if callerID == self.id!
  WARN root [0x00003418] [2019-07-15 10:17:50,634] - EntityDef::checkDefMethod: exposed of method: Account.playerMakeLandlord, check the caller can use "def playerMakeLandlord(self, callerID, ...)", such as: if callerID == self.id!
  WARN root [0x00003418] [2019-07-15 10:17:50,634] - EntityDef::checkDefMethod: exposed of method: Account.setGameReady, check the caller can use "def setGameReady(self, callerID, ...)", such as: if callerID == self.id!
 DEBUG root [0x00003418] [2019-07-15 10:17:50,635] - loaded entity-script:Account(1).
  WARN root [0x00003418] [2019-07-15 10:17:50,637] - EntityDef::checkDefMethod: exposed of method: Room.playPoker, check the caller can use "def playPoker(self, callerID, ...)", such as: if callerID == self.id!
  WARN root [0x00003418] [2019-07-15 10:17:50,637] - EntityDef::checkDefMethod: exposed of method: Room.unPlayPoker, check the caller can use "def unPlayPoker(self, callerID, ...)", such as: if callerID == self.id!
 DEBUG root [0x00003418] [2019-07-15 10:17:50,637] - loaded entity-script:Room(3).
  INFO root [0x00003418] [2019-07-15 10:17:50,640] - TelnetServer server is running on port 50000
  INFO root [0x00003418] [2019-07-15 10:17:51,062] - ---- cellapp is running ----
 DEBUG root [0x00003418] [2019-07-15 10:17:51,062] - Components::process(): Request for the process of identity...
  WARN root [0x00003418] [2019-07-15 10:17:57,166] - EntityApp::checkTickPeriod: tick took 6102% (6.10 seconds)!
  INFO root [0x00003418] [2019-07-15 10:17:58,242] - Components::findComponents: find logger(1)...
  INFO root [0x00003418] [2019-07-15 10:17:58,258] - Components::findComponents: found logger, addr:192.168.56.1:59124
  INFO root [0x00003418] [2019-07-15 10:17:58,259] - Components::addComponent: reset orderLog, uid=2082!
  INFO root [0x00003418] [2019-07-15 10:17:58,259] - Components::addComponent[logger], uid=2082, componentID=2000, globalorderid=1, grouporderid=1, totalcount=1
  INFO root [0x00003418] [2019-07-15 10:17:58,260] - Components::findComponents: find dbmgr(2)...
  INFO root [0x00003418] [2019-07-15 10:17:58,363] - Components::findComponents: found dbmgr, addr:192.168.56.1:59125
  INFO root [0x00003418] [2019-07-15 10:17:58,364] - Components::addComponent: reset orderLog, uid=2082!
  INFO root [0x00003418] [2019-07-15 10:17:58,364] - Components::addComponent[dbmgr], uid=2082, componentID=4000, globalorderid=1, grouporderid=1, totalcount=1
  INFO root [0x00003418] [2019-07-15 10:17:58,364] - Components::findComponents: found dbmgr, addr:192.168.56.1:59125
  WARN root [0x00003418] [2019-07-15 10:17:59,365] - Forwarding logs to logger[192.168.56.1:59124/0/0/0]...
 ERROR root [0x00003418] [2019-07-15 10:28:51,241] - Components::removeComponentByChannel: logger : 2000, Abnormal exit(reason=TCPPacketReceiver::processRecv(): error=10054
)! Channel(timestamp=167592779108, lastReceivedTime=167589976410, inactivityExceptionPeriod=134887373)
  INFO root [0x00003418] [2019-07-15 10:28:51,247] - The following logs sent to logger failed:
  WARN root [0x00003418] [2019-07-15 10:28:51,247] - ==> [2019-07-15 10:28:51 235] TCPPacketReceiver::processPendingEvents(192.168.56.1:59124): Throwing REASON_GENERAL_NETWORK - WSAECONNRESET
 ERROR root [0x00003418] [2019-07-15 10:28:51,248] - ==> [2019-07-15 10:28:51 242] Components::removeComponentByChannel: logger : 2000, Abnormal exit(reason=TCPPacketReceiver::processRecv(): error=10054
)! Channel(timestamp=167592779108, lastReceivedTime=167589976410, inactivityExceptionPeriod=134887373)
  WARN root [0x00003418] [2019-07-15 10:28:51,347] - TCPPacketReceiver::processPendingEvents(192.168.56.1:59125): Throwing REASON_GENERAL_NETWORK - WSAECONNRESET
 ERROR root [0x00003418] [2019-07-15 10:28:51,366] - Components::removeComponentByChannel: dbmgr : 4000, Abnormal exit(reason=TCPPacketReceiver::processRecv(): error=10054
)! Channel(timestamp=167593061111, lastReceivedTime=167589924245, inactivityExceptionPeriod=134887373)
  INFO root [0x00003418] [2019-07-15 10:28:51,379] - Shutdowner::onShutdownBegin: shutting down(period=0, tickPeriod=1)
  INFO root [0x00003418] [2019-07-15 10:28:51,380] - Shutdowner::onShutdown: shutting down
  INFO root [0x00003418] [2019-07-15 10:28:51,385] - Spaces::destroySpace: 1.
  INFO root [0x00003418] [2019-07-15 10:28:51,385] - Shutdowner::onShutdownEnd: shutting down
 DEBUG root [0x00003418] [2019-07-15 10:28:51,386] - Account::~Account(): 5
 DEBUG root [0x00003418] [2019-07-15 10:28:51,387] - Account::~Account(): 6
 DEBUG root [0x00003418] [2019-07-15 10:28:51,387] - Account::~Account(): 4
 DEBUG root [0x00003418] [2019-07-15 10:28:51,388] - EntityRef::destroyObjPool(): size 16.
 DEBUG root [0x00003418] [2019-07-15 10:28:51,388] - Witness::destroyObjPool(): size 16.
 DEBUG root [0x00003418] [2019-07-15 10:28:51,401] - Room::~Room(): 7
  INFO root [0x00003418] [2019-07-15 10:28:51,422] - Script::uninstall(): is successfully!
 DEBUG root [0x00003418] [2019-07-15 10:28:51,423] - ThreadPool::destroy(): starting size 2.
  WARN root [0x00003418] [2019-07-15 10:28:51,724] - ThreadPool::destroy(): waiting for thread(2)[0x5d1b60,0x5d1c30,], try=1
  INFO root [0x00002b94] [2019-07-15 10:28:53,210] - 
  INFO root [0x00002b94] [2019-07-15 10:28:53,210] - -----------------------------------------------------------------------------------------


  INFO root [0x00002b94] [2019-07-15 10:28:53,211] - Resmgr::initialize: KBE_ROOT=D:/kbengine/
  INFO root [0x00002b94] [2019-07-15 10:28:53,212] - Resmgr::initialize: KBE_RES_PATH=D:/kbengine/kbe/res/;D:/kbengine/HappyPoker_assets/;D:/kbengine/HappyPoker_assets/scripts/;D:/kbengine/HappyPoker_assets/res/
  INFO root [0x00002b94] [2019-07-15 10:28:53,212] - Resmgr::initialize: KBE_BIN_PATH=D:/kbengine/kbe/bin/server/
  INFO root [0x00002b94] [2019-07-15 10:28:53,242] - NetworkInterface::initialize(INTERNAL-TCP): bound to all interfaces with default route interface on 192.168.56.1 ( 192.168.56.1:59275 )
  INFO root [0x00002b94] [2019-07-15 10:28:53,243] - NetworkInterface::initialize(INTERNAL-TCP): address 192.168.56.1:59275, SOMAXCONN=5.
  INFO root [0x00002b94] [2019-07-15 10:28:53,243] - server-configs:
  INFO root [0x00002b94] [2019-07-15 10:28:53,243] - 	gameUpdateHertz : 10
  INFO root [0x00002b94] [2019-07-15 10:28:53,243] - 	defaultViewRadius : 80
  INFO root [0x00002b94] [2019-07-15 10:28:53,244] - 	defaultViewHysteresisArea : 5
  INFO root [0x00002b94] [2019-07-15 10:28:53,244] - 	entryScriptFile : kbemain
  INFO root [0x00002b94] [2019-07-15 10:28:53,244] - 	internalTcpAddr : 192.168.56.1:59275
  INFO root [0x00002b94] [2019-07-15 10:28:53,244] - 	componentID : 8001
  WARN root [0x00002b94] [2019-07-15 10:28:53,248] - invalid UID(0) <= 0, please check UID for environment! automatically set to 2082.
  INFO root [0x00002b94] [2019-07-15 10:28:54,758] - ---- cellapp Version: 2.4.5. ScriptVersion: 0.1.0. Pythoncore: 3.7.3. Protocol: C9FCABE153AC3D64A8F240810ADA666D. Config: Debug X86. Built: 09:56:57 May  8 2019. AppID: 8001. UID: 2082. PID: 3196 ----
  INFO root [0x00002b94] [2019-07-15 10:28:54,760] - Server error_name: Intel(R) Core(TM) i5-6300HQ CPU @ 2.30GHz with 2097151kB RAM
  INFO root [0x00002b94] [2019-07-15 10:28:54,760] - ThreadPool::createThreadPool: creating  threadpool...
  INFO root [0x00002b94] [2019-07-15 10:28:54,761] - ThreadPool::createThreadPool: successfully(2), newThreadCount=1, normalMaxThreadCount=2, maxThreadCount=8
  INFO root [0x00002b94] [2019-07-15 10:28:55,020] - Script::install(): is successfully, Python=(3.7.3 (default, May  8 2019, 09:53:38) [MSC v.1916 32 bit (Intel)])!
  INFO root [0x00002b94] [2019-07-15 10:28:55,021] - Script::install(): KBExtra is successfully!
  WARN root [0x00002b94] [2019-07-15 10:28:55,204] - EntityDef::checkDefMethod: exposed of method: Account.leaveRoom, check the caller can use "def leaveRoom(self, callerID, ...)", such as: if callerID == self.id!
  WARN root [0x00002b94] [2019-07-15 10:28:55,208] - EntityDef::checkDefMethod: exposed of method: Account.playerMakeLandlord, check the caller can use "def playerMakeLandlord(self, callerID, ...)", such as: if callerID == self.id!
  WARN root [0x00002b94] [2019-07-15 10:28:55,209] - EntityDef::checkDefMethod: exposed of method: Account.setGameReady, check the caller can use "def setGameReady(self, callerID, ...)", such as: if callerID == self.id!
 DEBUG root [0x00002b94] [2019-07-15 10:28:55,209] - loaded entity-script:Account(1).
  WARN root [0x00002b94] [2019-07-15 10:28:55,211] - EntityDef::checkDefMethod: exposed of method: Room.playPoker, check the caller can use "def playPoker(self, callerID, ...)", such as: if callerID == self.id!
  WARN root [0x00002b94] [2019-07-15 10:28:55,213] - EntityDef::checkDefMethod: exposed of method: Room.unPlayPoker, check the caller can use "def unPlayPoker(self, callerID, ...)", such as: if callerID == self.id!
 DEBUG root [0x00002b94] [2019-07-15 10:28:55,214] - loaded entity-script:Room(3).
  INFO root [0x00002b94] [2019-07-15 10:28:55,216] - TelnetServer server is running on port 50000
  INFO root [0x00002b94] [2019-07-15 10:28:55,733] - ---- cellapp is running ----
 DEBUG root [0x00002b94] [2019-07-15 10:28:55,733] - Components::process(): Request for the process of identity...
  WARN root [0x00002b94] [2019-07-15 10:29:01,867] - EntityApp::checkTickPeriod: tick took 6133% (6.13 seconds)!
  INFO root [0x00002b94] [2019-07-15 10:29:02,934] - Components::findComponents: find logger(1)...
  INFO root [0x00002b94] [2019-07-15 10:29:03,013] - Components::findComponents: found logger, addr:192.168.56.1:59274
  INFO root [0x00002b94] [2019-07-15 10:29:03,014] - Components::addComponent: reset orderLog, uid=2082!
  INFO root [0x00002b94] [2019-07-15 10:29:03,015] - Components::addComponent[logger], uid=2082, componentID=2000, globalorderid=1, grouporderid=1, totalcount=1
  INFO root [0x00002b94] [2019-07-15 10:29:03,016] - Components::findComponents: find dbmgr(2)...
  INFO root [0x00002b94] [2019-07-15 10:29:03,117] - Components::findComponents: found dbmgr, addr:192.168.56.1:59277
  INFO root [0x00002b94] [2019-07-15 10:29:03,118] - Components::addComponent: reset orderLog, uid=2082!
  INFO root [0x00002b94] [2019-07-15 10:29:03,118] - Components::addComponent[dbmgr], uid=2082, componentID=4000, globalorderid=1, grouporderid=1, totalcount=1
  INFO root [0x00002b94] [2019-07-15 10:29:03,118] - Components::findComponents: found dbmgr, addr:192.168.56.1:59277
  WARN root [0x00002b94] [2019-07-15 10:29:04,120] - EntityApp::checkTickPeriod: tick took 1286% (1.29 seconds)!
  WARN root [0x00002b94] [2019-07-15 10:29:04,121] - Forwarding logs to logger[192.168.56.1:59274/0/0/0]...
 ERROR root [0x00002b94] [2019-07-15 10:48:19,723] - Components::removeComponentByChannel: logger : 2000, Abnormal exit(reason=TCPPacketReceiver::processRecv(): error=10054
)! Channel(timestamp=170221725289, lastReceivedTime=170162131883, inactivityExceptionPeriod=134887676)
  INFO root [0x00002b94] [2019-07-15 10:48:19,727] - The following logs sent to logger failed:
  WARN root [0x00002b94] [2019-07-15 10:48:19,727] - ==> [2019-07-15 10:48:19 722] TCPPacketReceiver::processPendingEvents(192.168.56.1:59274): Throwing REASON_GENERAL_NETWORK - WSAECONNRESET
 ERROR root [0x00002b94] [2019-07-15 10:48:19,728] - ==> [2019-07-15 10:48:19 724] Components::removeComponentByChannel: logger : 2000, Abnormal exit(reason=TCPPacketReceiver::processRecv(): error=10054
)! Channel(timestamp=170221725289, lastReceivedTime=170162131883, inactivityExceptionPeriod=134887676)
  WARN root [0x00002b94] [2019-07-15 10:48:19,820] - TCPPacketReceiver::processPendingEvents(192.168.56.1:59277): Throwing REASON_GENERAL_NETWORK - WSAECONNRESET
 ERROR root [0x00002b94] [2019-07-15 10:48:19,820] - Components::removeComponentByChannel: dbmgr : 4000, Abnormal exit(reason=TCPPacketReceiver::processRecv(): error=10054
)! Channel(timestamp=170221943300, lastReceivedTime=170162241723, inactivityExceptionPeriod=134887676)
  INFO root [0x00002b94] [2019-07-15 10:48:19,823] - Shutdowner::onShutdownBegin: shutting down(period=0, tickPeriod=1)
  INFO root [0x00002b94] [2019-07-15 10:48:19,823] - Shutdowner::onShutdown: shutting down
  INFO root [0x00002b94] [2019-07-15 10:48:19,825] - Spaces::destroySpace: 1.
  INFO root [0x00002b94] [2019-07-15 10:48:19,825] - Shutdowner::onShutdownEnd: shutting down
 DEBUG root [0x00002b94] [2019-07-15 10:48:19,825] - Account::~Account(): 7
 DEBUG root [0x00002b94] [2019-07-15 10:48:19,825] - Account::~Account(): 6
 DEBUG root [0x00002b94] [2019-07-15 10:48:19,826] - Account::~Account(): 4
 DEBUG root [0x00002b94] [2019-07-15 10:48:19,826] - EntityRef::destroyObjPool(): size 16.
 DEBUG root [0x00002b94] [2019-07-15 10:48:19,826] - Witness::destroyObjPool(): size 16.
 ERROR root [0x00002b94] [2019-07-15 10:48:19,841] - EntityGarbages::~EntityGarbages(): leaked, size=1.
 ERROR root [0x00002b94] [2019-07-15 10:48:19,843] - 	--> leaked: Room(5).
 ERROR root [0x00002b94] [2019-07-15 10:48:19,846] - PyGC::debugTracing(): EntityCall : leaked(4)
 ERROR root [0x00002b94] [2019-07-15 10:48:19,847] - PyGC::debugTracing(): Vector3 : leaked(2)
 ERROR root [0x00002b94] [2019-07-15 10:48:19,848] - PyGC::debugTracing(): Entity : leaked(1)
 DEBUG root [0x00002b94] [2019-07-15 10:48:19,855] - Room::~Room(): 5
  INFO root [0x00002b94] [2019-07-15 10:48:19,869] - Script::uninstall(): is successfully!
 DEBUG root [0x00002b94] [2019-07-15 10:48:19,870] - ThreadPool::destroy(): starting size 2.
  INFO root [0x000018cc] [2019-07-15 10:48:21,429] - 
  INFO root [0x000018cc] [2019-07-15 10:48:21,434] - -----------------------------------------------------------------------------------------


  INFO root [0x000018cc] [2019-07-15 10:48:21,435] - Resmgr::initialize: KBE_ROOT=D:/kbengine/
  INFO root [0x000018cc] [2019-07-15 10:48:21,435] - Resmgr::initialize: KBE_RES_PATH=D:/kbengine/kbe/res/;D:/kbengine/HappyPoker_assets/;D:/kbengine/HappyPoker_assets/scripts/;D:/kbengine/HappyPoker_assets/res/
  INFO root [0x000018cc] [2019-07-15 10:48:21,435] - Resmgr::initialize: KBE_BIN_PATH=D:/kbengine/kbe/bin/server/
  INFO root [0x000018cc] [2019-07-15 10:48:21,482] - NetworkInterface::initialize(INTERNAL-TCP): bound to all interfaces with default route interface on 192.168.56.1 ( 192.168.56.1:59650 )
  INFO root [0x000018cc] [2019-07-15 10:48:21,482] - NetworkInterface::initialize(INTERNAL-TCP): address 192.168.56.1:59650, SOMAXCONN=5.
  INFO root [0x000018cc] [2019-07-15 10:48:21,483] - server-configs:
  INFO root [0x000018cc] [2019-07-15 10:48:21,483] - 	gameUpdateHertz : 10
  INFO root [0x000018cc] [2019-07-15 10:48:21,483] - 	defaultViewRadius : 80
  INFO root [0x000018cc] [2019-07-15 10:48:21,483] - 	defaultViewHysteresisArea : 5
  INFO root [0x000018cc] [2019-07-15 10:48:21,483] - 	entryScriptFile : kbemain
  INFO root [0x000018cc] [2019-07-15 10:48:21,483] - 	internalTcpAddr : 192.168.56.1:59650
  INFO root [0x000018cc] [2019-07-15 10:48:21,483] - 	componentID : 8001
  WARN root [0x000018cc] [2019-07-15 10:48:21,486] - invalid UID(0) <= 0, please check UID for environment! automatically set to 2082.
  INFO root [0x000018cc] [2019-07-15 10:48:22,996] - ---- cellapp Version: 2.4.5. ScriptVersion: 0.1.0. Pythoncore: 3.7.3. Protocol: C9FCABE153AC3D64A8F240810ADA666D. Config: Debug X86. Built: 09:56:57 May  8 2019. AppID: 8001. UID: 2082. PID: 15400 ----
  INFO root [0x000018cc] [2019-07-15 10:48:22,997] - Server error_name: Intel(R) Core(TM) i5-6300HQ CPU @ 2.30GHz with 2097151kB RAM
  INFO root [0x000018cc] [2019-07-15 10:48:22,997] - ThreadPool::createThreadPool: creating  threadpool...
  INFO root [0x000018cc] [2019-07-15 10:48:22,998] - ThreadPool::createThreadPool: successfully(2), newThreadCount=1, normalMaxThreadCount=2, maxThreadCount=8
  INFO root [0x000018cc] [2019-07-15 10:48:23,201] - Script::install(): is successfully, Python=(3.7.3 (default, May  8 2019, 09:53:38) [MSC v.1916 32 bit (Intel)])!
  INFO root [0x000018cc] [2019-07-15 10:48:23,202] - Script::install(): KBExtra is successfully!
  WARN root [0x000018cc] [2019-07-15 10:48:23,336] - EntityDef::checkDefMethod: exposed of method: Account.leaveRoom, check the caller can use "def leaveRoom(self, callerID, ...)", such as: if callerID == self.id!
  WARN root [0x000018cc] [2019-07-15 10:48:23,337] - EntityDef::checkDefMethod: exposed of method: Account.playerMakeLandlord, check the caller can use "def playerMakeLandlord(self, callerID, ...)", such as: if callerID == self.id!
  WARN root [0x000018cc] [2019-07-15 10:48:23,337] - EntityDef::checkDefMethod: exposed of method: Account.setGameReady, check the caller can use "def setGameReady(self, callerID, ...)", such as: if callerID == self.id!
 DEBUG root [0x000018cc] [2019-07-15 10:48:23,338] - loaded entity-script:Account(1).
  WARN root [0x000018cc] [2019-07-15 10:48:23,340] - EntityDef::checkDefMethod: exposed of method: Room.playPoker, check the caller can use "def playPoker(self, callerID, ...)", such as: if callerID == self.id!
  WARN root [0x000018cc] [2019-07-15 10:48:23,340] - EntityDef::checkDefMethod: exposed of method: Room.unPlayPoker, check the caller can use "def unPlayPoker(self, callerID, ...)", such as: if callerID == self.id!
 DEBUG root [0x000018cc] [2019-07-15 10:48:23,342] - loaded entity-script:Room(3).
  INFO root [0x000018cc] [2019-07-15 10:48:23,344] - TelnetServer server is running on port 50000
  INFO root [0x000018cc] [2019-07-15 10:48:23,786] - ---- cellapp is running ----
 DEBUG root [0x000018cc] [2019-07-15 10:48:23,786] - Components::process(): Request for the process of identity...
  WARN root [0x000018cc] [2019-07-15 10:48:29,900] - EntityApp::checkTickPeriod: tick took 6114% (6.11 seconds)!
  INFO root [0x000018cc] [2019-07-15 10:48:30,959] - Components::findComponents: find logger(1)...
  INFO root [0x000018cc] [2019-07-15 10:48:31,044] - Components::findComponents: found logger, addr:192.168.56.1:59656
  INFO root [0x000018cc] [2019-07-15 10:48:31,045] - Components::addComponent: reset orderLog, uid=2082!
  INFO root [0x000018cc] [2019-07-15 10:48:31,045] - Components::addComponent[logger], uid=2082, componentID=2000, globalorderid=1, grouporderid=1, totalcount=1
  INFO root [0x000018cc] [2019-07-15 10:48:31,047] - Components::findComponents: find dbmgr(2)...
  INFO root [0x000018cc] [2019-07-15 10:48:31,149] - Components::findComponents: found dbmgr, addr:192.168.56.1:59649
  INFO root [0x000018cc] [2019-07-15 10:48:31,150] - Components::addComponent: reset orderLog, uid=2082!
  INFO root [0x000018cc] [2019-07-15 10:48:31,150] - Components::addComponent[dbmgr], uid=2082, componentID=4000, globalorderid=1, grouporderid=1, totalcount=1
  INFO root [0x000018cc] [2019-07-15 10:48:31,151] - Components::findComponents: found dbmgr, addr:192.168.56.1:59649
  WARN root [0x000018cc] [2019-07-15 10:48:32,151] - Forwarding logs to logger[192.168.56.1:59656/0/0/0]...
 ERROR root [0x000018cc] [2019-07-15 10:58:12,928] - Components::removeComponentByChannel: logger : 2000, Abnormal exit(reason=TCPPacketReceiver::processRecv(): error=10054
)! Channel(timestamp=171556365636, lastReceivedTime=171508347743, inactivityExceptionPeriod=134887149)
  INFO root [0x000018cc] [2019-07-15 10:58:12,934] - The following logs sent to logger failed:
  WARN root [0x000018cc] [2019-07-15 10:58:12,934] - ==> [2019-07-15 10:58:12 926] TCPPacketReceiver::processPendingEvents(192.168.56.1:59656): Throwing REASON_GENERAL_NETWORK - WSAECONNRESET
 ERROR root [0x000018cc] [2019-07-15 10:58:12,934] - ==> [2019-07-15 10:58:12 929] Components::removeComponentByChannel: logger : 2000, Abnormal exit(reason=TCPPacketReceiver::processRecv(): error=10054
)! Channel(timestamp=171556365636, lastReceivedTime=171508347743, inactivityExceptionPeriod=134887149)
  WARN root [0x000018cc] [2019-07-15 10:58:13,049] - TCPPacketReceiver::processPendingEvents(192.168.56.1:59649): Throwing REASON_GENERAL_NETWORK - WSAECONNRESET
 ERROR root [0x000018cc] [2019-07-15 10:58:13,053] - Components::removeComponentByChannel: dbmgr : 4000, Abnormal exit(reason=TCPPacketReceiver::processRecv(): error=10054
)! Channel(timestamp=171556647780, lastReceivedTime=171508136410, inactivityExceptionPeriod=134887149)
  INFO root [0x000018cc] [2019-07-15 10:58:13,068] - Shutdowner::onShutdownBegin: shutting down(period=0, tickPeriod=1)
  INFO root [0x000018cc] [2019-07-15 10:58:13,074] - Shutdowner::onShutdown: shutting down
  INFO root [0x000018cc] [2019-07-15 10:58:13,078] - Spaces::destroySpace: 1.
  INFO root [0x000018cc] [2019-07-15 10:58:13,079] - Shutdowner::onShutdownEnd: shutting down
 DEBUG root [0x000018cc] [2019-07-15 10:58:13,080] - Account::~Account(): 6
 DEBUG root [0x000018cc] [2019-07-15 10:58:13,080] - Account::~Account(): 7
 DEBUG root [0x000018cc] [2019-07-15 10:58:13,080] - Account::~Account(): 4
 DEBUG root [0x000018cc] [2019-07-15 10:58:13,081] - EntityRef::destroyObjPool(): size 16.
 DEBUG root [0x000018cc] [2019-07-15 10:58:13,081] - Witness::destroyObjPool(): size 16.
 DEBUG root [0x000018cc] [2019-07-15 10:58:13,095] - Room::~Room(): 5
  INFO root [0x000018cc] [2019-07-15 10:58:13,115] - Script::uninstall(): is successfully!
 DEBUG root [0x000018cc] [2019-07-15 10:58:13,115] - ThreadPool::destroy(): starting size 2.
  WARN root [0x000018cc] [2019-07-15 10:58:13,416] - ThreadPool::destroy(): waiting for thread(2)[0x753ba8,0x753c10,], try=1
  INFO root [0x00003838] [2019-07-15 10:58:15,123] - 
  INFO root [0x00003838] [2019-07-15 10:58:15,136] - -----------------------------------------------------------------------------------------


  INFO root [0x00003838] [2019-07-15 10:58:15,138] - Resmgr::initialize: KBE_ROOT=D:/kbengine/
  INFO root [0x00003838] [2019-07-15 10:58:15,138] - Resmgr::initialize: KBE_RES_PATH=D:/kbengine/kbe/res/;D:/kbengine/HappyPoker_assets/;D:/kbengine/HappyPoker_assets/scripts/;D:/kbengine/HappyPoker_assets/res/
  INFO root [0x00003838] [2019-07-15 10:58:15,138] - Resmgr::initialize: KBE_BIN_PATH=D:/kbengine/kbe/bin/server/
  INFO root [0x00003838] [2019-07-15 10:58:15,178] - NetworkInterface::initialize(INTERNAL-TCP): bound to all interfaces with default route interface on 192.168.56.1 ( 192.168.56.1:59964 )
  INFO root [0x00003838] [2019-07-15 10:58:15,178] - NetworkInterface::initialize(INTERNAL-TCP): address 192.168.56.1:59964, SOMAXCONN=5.
  INFO root [0x00003838] [2019-07-15 10:58:15,178] - server-configs:
  INFO root [0x00003838] [2019-07-15 10:58:15,178] - 	gameUpdateHertz : 10
  INFO root [0x00003838] [2019-07-15 10:58:15,178] - 	defaultViewRadius : 80
  INFO root [0x00003838] [2019-07-15 10:58:15,179] - 	defaultViewHysteresisArea : 5
  INFO root [0x00003838] [2019-07-15 10:58:15,179] - 	entryScriptFile : kbemain
  INFO root [0x00003838] [2019-07-15 10:58:15,179] - 	internalTcpAddr : 192.168.56.1:59964
  INFO root [0x00003838] [2019-07-15 10:58:15,179] - 	componentID : 8001
  WARN root [0x00003838] [2019-07-15 10:58:15,186] - invalid UID(0) <= 0, please check UID for environment! automatically set to 2082.
  INFO root [0x00003838] [2019-07-15 10:58:16,698] - ---- cellapp Version: 2.4.5. ScriptVersion: 0.1.0. Pythoncore: 3.7.3. Protocol: C9FCABE153AC3D64A8F240810ADA666D. Config: Debug X86. Built: 09:56:57 May  8 2019. AppID: 8001. UID: 2082. PID: 9100 ----
  INFO root [0x00003838] [2019-07-15 10:58:16,698] - Server error_name: Intel(R) Core(TM) i5-6300HQ CPU @ 2.30GHz with 2097151kB RAM
  INFO root [0x00003838] [2019-07-15 10:58:16,699] - ThreadPool::createThreadPool: creating  threadpool...
  INFO root [0x00003838] [2019-07-15 10:58:16,699] - ThreadPool::createThreadPool: successfully(2), newThreadCount=1, normalMaxThreadCount=2, maxThreadCount=8
  INFO root [0x00003838] [2019-07-15 10:58:16,948] - Script::install(): is successfully, Python=(3.7.3 (default, May  8 2019, 09:53:38) [MSC v.1916 32 bit (Intel)])!
  INFO root [0x00003838] [2019-07-15 10:58:16,949] - Script::install(): KBExtra is successfully!
  WARN root [0x00003838] [2019-07-15 10:58:17,172] - EntityDef::checkDefMethod: exposed of method: Account.leaveRoom, check the caller can use "def leaveRoom(self, callerID, ...)", such as: if callerID == self.id!
  WARN root [0x00003838] [2019-07-15 10:58:17,173] - EntityDef::checkDefMethod: exposed of method: Account.playerMakeLandlord, check the caller can use "def playerMakeLandlord(self, callerID, ...)", such as: if callerID == self.id!
  WARN root [0x00003838] [2019-07-15 10:58:17,173] - EntityDef::checkDefMethod: exposed of method: Account.setGameReady, check the caller can use "def setGameReady(self, callerID, ...)", such as: if callerID == self.id!
 DEBUG root [0x00003838] [2019-07-15 10:58:17,174] - loaded entity-script:Account(1).
  WARN root [0x00003838] [2019-07-15 10:58:17,176] - EntityDef::checkDefMethod: exposed of method: Room.playPoker, check the caller can use "def playPoker(self, callerID, ...)", such as: if callerID == self.id!
  WARN root [0x00003838] [2019-07-15 10:58:17,180] - EntityDef::checkDefMethod: exposed of method: Room.unPlayPoker, check the caller can use "def unPlayPoker(self, callerID, ...)", such as: if callerID == self.id!
 DEBUG root [0x00003838] [2019-07-15 10:58:17,180] - loaded entity-script:Room(3).
  INFO root [0x00003838] [2019-07-15 10:58:17,183] - TelnetServer server is running on port 50000
  INFO root [0x00003838] [2019-07-15 10:58:17,885] - ---- cellapp is running ----
 DEBUG root [0x00003838] [2019-07-15 10:58:17,923] - Components::process(): Request for the process of identity...
  WARN root [0x00003838] [2019-07-15 10:58:24,151] - EntityApp::checkTickPeriod: tick took 6266% (6.27 seconds)!
  INFO root [0x00003838] [2019-07-15 10:58:25,186] - Components::findComponents: find logger(1)...
  INFO root [0x00003838] [2019-07-15 10:58:25,280] - Components::findComponents: found logger, addr:192.168.56.1:59958
  INFO root [0x00003838] [2019-07-15 10:58:25,281] - Components::addComponent: reset orderLog, uid=2082!
  INFO root [0x00003838] [2019-07-15 10:58:25,281] - Components::addComponent[logger], uid=2082, componentID=2000, globalorderid=1, grouporderid=1, totalcount=1
  INFO root [0x00003838] [2019-07-15 10:58:25,283] - Components::findComponents: find dbmgr(2)...
  INFO root [0x00003838] [2019-07-15 10:58:25,287] - Components::findComponents: found dbmgr, addr:192.168.56.1:59960
  INFO root [0x00003838] [2019-07-15 10:58:25,288] - Components::addComponent: reset orderLog, uid=2082!
  INFO root [0x00003838] [2019-07-15 10:58:25,288] - Components::addComponent[dbmgr], uid=2082, componentID=4000, globalorderid=1, grouporderid=1, totalcount=1
  INFO root [0x00003838] [2019-07-15 10:58:25,291] - Components::findComponents: found logger, addr:192.168.56.1:59958
  INFO root [0x00003838] [2019-07-15 10:58:25,297] - Components::findComponents: found dbmgr, addr:192.168.56.1:59960
  WARN root [0x00003838] [2019-07-15 10:58:26,298] - EntityApp::checkTickPeriod: tick took 1211% (1.21 seconds)!
  WARN root [0x00003838] [2019-07-15 10:58:26,298] - Forwarding logs to logger[192.168.56.1:59958/0/0/0]...
 ERROR root [0x00003838] [2019-07-15 11:03:50,990] - Components::removeComponentByChannel: logger : 2000, Abnormal exit(reason=TCPPacketReceiver::processRecv(): error=10054
)! Channel(timestamp=172316969402, lastReceivedTime=172303395535, inactivityExceptionPeriod=134887437)
  INFO root [0x00003838] [2019-07-15 11:03:50,996] - The following logs sent to logger failed:
  WARN root [0x00003838] [2019-07-15 11:03:50,997] - ==> [2019-07-15 11:03:50 987] TCPPacketReceiver::processPendingEvents(192.168.56.1:59958): Throwing REASON_GENERAL_NETWORK - WSAECONNRESET
 ERROR root [0x00003838] [2019-07-15 11:03:50,997] - ==> [2019-07-15 11:03:50 991] Components::removeComponentByChannel: logger : 2000, Abnormal exit(reason=TCPPacketReceiver::processRecv(): error=10054
)! Channel(timestamp=172316969402, lastReceivedTime=172303395535, inactivityExceptionPeriod=134887437)
  WARN root [0x00003838] [2019-07-15 11:03:51,091] - TCPPacketReceiver::processPendingEvents(192.168.56.1:59960): Throwing REASON_GENERAL_NETWORK - WSAECONNRESET
 ERROR root [0x00003838] [2019-07-15 11:03:51,093] - Components::removeComponentByChannel: dbmgr : 4000, Abnormal exit(reason=TCPPacketReceiver::processRecv(): error=10054
)! Channel(timestamp=172317200227, lastReceivedTime=172303563953, inactivityExceptionPeriod=134887437)
  INFO root [0x00003838] [2019-07-15 11:03:51,100] - Shutdowner::onShutdownBegin: shutting down(period=0, tickPeriod=1)
  INFO root [0x00003838] [2019-07-15 11:03:51,104] - Shutdowner::onShutdown: shutting down
  INFO root [0x00003838] [2019-07-15 11:03:51,108] - Spaces::destroySpace: 1.
  INFO root [0x00003838] [2019-07-15 11:03:51,108] - Shutdowner::onShutdownEnd: shutting down
 DEBUG root [0x00003838] [2019-07-15 11:03:51,109] - Account::~Account(): 2006
 DEBUG root [0x00003838] [2019-07-15 11:03:51,110] - Account::~Account(): 2007
 DEBUG root [0x00003838] [2019-07-15 11:03:51,110] - Account::~Account(): 2004
 DEBUG root [0x00003838] [2019-07-15 11:03:51,111] - EntityRef::destroyObjPool(): size 16.
 DEBUG root [0x00003838] [2019-07-15 11:03:51,112] - Witness::destroyObjPool(): size 16.
 DEBUG root [0x00003838] [2019-07-15 11:03:51,127] - Room::~Room(): 2005
  INFO root [0x00003838] [2019-07-15 11:03:51,147] - Script::uninstall(): is successfully!
 DEBUG root [0x00003838] [2019-07-15 11:03:51,147] - ThreadPool::destroy(): starting size 2.
  WARN root [0x00003838] [2019-07-15 11:03:51,448] - ThreadPool::destroy(): waiting for thread(2)[0x1cda98,0x1cda30,], try=1
  INFO root [0x00000b34] [2019-07-15 15:03:16,506] - 
  INFO root [0x00000b34] [2019-07-15 15:03:16,506] - -----------------------------------------------------------------------------------------


  INFO root [0x00000b34] [2019-07-15 15:03:16,506] - Resmgr::initialize: KBE_ROOT=D:/kbengine/
  INFO root [0x00000b34] [2019-07-15 15:03:16,506] - Resmgr::initialize: KBE_RES_PATH=D:/kbengine/kbe/res/;D:/kbengine/HappyPoker_assets/;D:/kbengine/HappyPoker_assets/scripts/;D:/kbengine/HappyPoker_assets/res/
  INFO root [0x00000b34] [2019-07-15 15:03:16,510] - Resmgr::initialize: KBE_BIN_PATH=D:/kbengine/kbe/bin/server/
  INFO root [0x00000b34] [2019-07-15 15:03:16,607] - NetworkInterface::initialize(INTERNAL-TCP): bound to all interfaces with default route interface on 192.168.56.1 ( 192.168.56.1:60245 )
  INFO root [0x00000b34] [2019-07-15 15:03:16,607] - NetworkInterface::initialize(INTERNAL-TCP): address 192.168.56.1:60245, SOMAXCONN=5.
  INFO root [0x00000b34] [2019-07-15 15:03:16,607] - server-configs:
  INFO root [0x00000b34] [2019-07-15 15:03:16,607] - 	gameUpdateHertz : 10
  INFO root [0x00000b34] [2019-07-15 15:03:16,611] - 	defaultViewRadius : 80
  INFO root [0x00000b34] [2019-07-15 15:03:16,611] - 	defaultViewHysteresisArea : 5
  INFO root [0x00000b34] [2019-07-15 15:03:16,611] - 	entryScriptFile : kbemain
  INFO root [0x00000b34] [2019-07-15 15:03:16,611] - 	internalTcpAddr : 192.168.56.1:60245
  INFO root [0x00000b34] [2019-07-15 15:03:16,611] - 	componentID : 8001
  WARN root [0x00000b34] [2019-07-15 15:03:16,611] - invalid UID(0) <= 0, please check UID for environment! automatically set to 2082.
  WARN root [0x00000b34] [2019-07-15 15:03:17,246] - BundleBroadcast::BundleBroadcast: Cannot bind to port 20540, errorno=10048
  INFO root [0x00000b34] [2019-07-15 15:03:17,247] - ---- cellapp Version: 2.4.5. ScriptVersion: 0.1.0. Pythoncore: 3.7.3. Protocol: C9FCABE153AC3D64A8F240810ADA666D. Config: Debug X86. Built: 09:56:57 May  8 2019. AppID: 8001. UID: 2082. PID: 10216 ----
  INFO root [0x00000b34] [2019-07-15 15:03:17,247] - Server error_name: Intel(R) Core(TM) i5-6300HQ CPU @ 2.30GHz with 2097151kB RAM
  INFO root [0x00000b34] [2019-07-15 15:03:17,247] - ThreadPool::createThreadPool: creating  threadpool...
  INFO root [0x00000b34] [2019-07-15 15:03:17,247] - ThreadPool::createThreadPool: successfully(2), newThreadCount=1, normalMaxThreadCount=2, maxThreadCount=8
  INFO root [0x00000b34] [2019-07-15 15:03:17,450] - Script::install(): is successfully, Python=(3.7.3 (default, May  8 2019, 09:53:38) [MSC v.1916 32 bit (Intel)])!
  INFO root [0x00000b34] [2019-07-15 15:03:17,450] - Script::install(): KBExtra is successfully!
  WARN root [0x00000b34] [2019-07-15 15:03:17,566] - EntityDef::checkDefMethod: exposed of method: Account.leaveRoom, check the caller can use "def leaveRoom(self, callerID, ...)", such as: if callerID == self.id!
  WARN root [0x00000b34] [2019-07-15 15:03:17,566] - EntityDef::checkDefMethod: exposed of method: Account.playerMakeLandlord, check the caller can use "def playerMakeLandlord(self, callerID, ...)", such as: if callerID == self.id!
  WARN root [0x00000b34] [2019-07-15 15:03:17,566] - EntityDef::checkDefMethod: exposed of method: Account.setGameReady, check the caller can use "def setGameReady(self, callerID, ...)", such as: if callerID == self.id!
 DEBUG root [0x00000b34] [2019-07-15 15:03:17,576] - loaded entity-script:Account(1).
  WARN root [0x00000b34] [2019-07-15 15:03:17,576] - EntityDef::checkDefMethod: exposed of method: Room.playPoker, check the caller can use "def playPoker(self, callerID, ...)", such as: if callerID == self.id!
  WARN root [0x00000b34] [2019-07-15 15:03:17,576] - EntityDef::checkDefMethod: exposed of method: Room.unPlayPoker, check the caller can use "def unPlayPoker(self, callerID, ...)", such as: if callerID == self.id!
 DEBUG root [0x00000b34] [2019-07-15 15:03:17,576] - loaded entity-script:Room(3).
  INFO root [0x00000b34] [2019-07-15 15:03:17,580] - TelnetServer server is running on port 50000
  INFO root [0x00000b34] [2019-07-15 15:03:17,960] - ---- cellapp is running ----
 DEBUG root [0x00000b34] [2019-07-15 15:03:17,960] - Components::process(): Request for the process of identity...
  WARN root [0x00000b34] [2019-07-15 15:03:21,726] - BundleBroadcast::BundleBroadcast: Cannot bind to port 20236, errorno=10048
  WARN root [0x00000b34] [2019-07-15 15:03:24,816] - EntityApp::checkTickPeriod: tick took 6857% (6.86 seconds)!
  INFO root [0x00000b34] [2019-07-15 15:03:25,915] - Components::findComponents: find logger(1)...
  INFO root [0x00000b34] [2019-07-15 15:03:26,015] - Components::findComponents: found logger, addr:192.168.56.1:60253
  INFO root [0x00000b34] [2019-07-15 15:03:26,015] - Components::addComponent: reset orderLog, uid=2082!
  INFO root [0x00000b34] [2019-07-15 15:03:26,015] - Components::addComponent[logger], uid=2082, componentID=2000, globalorderid=1, grouporderid=1, totalcount=1
  INFO root [0x00000b34] [2019-07-15 15:03:26,015] - Components::findComponents: find dbmgr(2)...
  INFO root [0x00000b34] [2019-07-15 15:03:26,137] - Components::findComponents: found dbmgr, addr:192.168.56.1:60246
  INFO root [0x00000b34] [2019-07-15 15:03:26,137] - Components::addComponent: reset orderLog, uid=2082!
  INFO root [0x00000b34] [2019-07-15 15:03:26,137] - Components::addComponent[dbmgr], uid=2082, componentID=4000, globalorderid=1, grouporderid=1, totalcount=1
  INFO root [0x00000b34] [2019-07-15 15:03:26,137] - Components::findComponents: found dbmgr, addr:192.168.56.1:60246
  WARN root [0x00000b34] [2019-07-15 15:03:27,146] - Forwarding logs to logger[192.168.56.1:60253/0/0/0]...
 ERROR root [0x00000b34] [2019-07-15 15:19:42,338] - Components::removeComponentByChannel: logger : 2000, Abnormal exit(reason=TCPPacketReceiver::processRecv(): error=10054
)! Channel(timestamp=206857459558, lastReceivedTime=206800013512, inactivityExceptionPeriod=134887149)
  INFO root [0x00000b34] [2019-07-15 15:19:42,347] - The following logs sent to logger failed:
  WARN root [0x00000b34] [2019-07-15 15:19:42,347] - ==> [2019-07-15 15:19:42 342] TCPPacketReceiver::processPendingEvents(192.168.56.1:60253): Throwing REASON_GENERAL_NETWORK - WSAECONNRESET
 ERROR root [0x00000b34] [2019-07-15 15:19:42,347] - ==> [2019-07-15 15:19:42 346] Components::removeComponentByChannel: logger : 2000, Abnormal exit(reason=TCPPacketReceiver::processRecv(): error=10054
)! Channel(timestamp=206857459558, lastReceivedTime=206800013512, inactivityExceptionPeriod=134887149)
  WARN root [0x00000b34] [2019-07-15 15:19:42,437] - TCPPacketReceiver::processPendingEvents(192.168.56.1:60246): Throwing REASON_GENERAL_NETWORK - WSAECONNRESET
 ERROR root [0x00000b34] [2019-07-15 15:19:42,440] - Components::removeComponentByChannel: dbmgr : 4000, Abnormal exit(reason=TCPPacketReceiver::processRecv(): error=10054
)! Channel(timestamp=206857674829, lastReceivedTime=206799540419, inactivityExceptionPeriod=134887149)
  INFO root [0x00000b34] [2019-07-15 15:19:42,457] - Shutdowner::onShutdownBegin: shutting down(period=0, tickPeriod=1)
  INFO root [0x00000b34] [2019-07-15 15:19:42,467] - Shutdowner::onShutdown: shutting down
  INFO root [0x00000b34] [2019-07-15 15:19:42,471] - Spaces::destroySpace: 1.
  INFO root [0x00000b34] [2019-07-15 15:19:42,471] - Shutdowner::onShutdownEnd: shutting down
 DEBUG root [0x00000b34] [2019-07-15 15:19:42,471] - Account::~Account(): 2004
 DEBUG root [0x00000b34] [2019-07-15 15:19:42,471] - Account::~Account(): 2006
 DEBUG root [0x00000b34] [2019-07-15 15:19:42,471] - Account::~Account(): 2007
 DEBUG root [0x00000b34] [2019-07-15 15:19:42,471] - EntityRef::destroyObjPool(): size 16.
 DEBUG root [0x00000b34] [2019-07-15 15:19:42,471] - Witness::destroyObjPool(): size 16.
 ERROR root [0x00000b34] [2019-07-15 15:19:42,480] - EntityGarbages::~EntityGarbages(): leaked, size=1.
 ERROR root [0x00000b34] [2019-07-15 15:19:42,480] - 	--> leaked: Room(2005).
 ERROR root [0x00000b34] [2019-07-15 15:19:42,487] - PyGC::debugTracing(): EntityCall : leaked(4)
 ERROR root [0x00000b34] [2019-07-15 15:19:42,487] - PyGC::debugTracing(): Vector3 : leaked(2)
 ERROR root [0x00000b34] [2019-07-15 15:19:42,487] - PyGC::debugTracing(): Entity : leaked(1)
 DEBUG root [0x00000b34] [2019-07-15 15:19:42,491] - Room::~Room(): 2005
  INFO root [0x00000b34] [2019-07-15 15:19:42,501] - Script::uninstall(): is successfully!
 DEBUG root [0x00000b34] [2019-07-15 15:19:42,501] - ThreadPool::destroy(): starting size 2.
  WARN root [0x00000b34] [2019-07-15 15:19:42,817] - ThreadPool::destroy(): waiting for thread(2)[0x255bd8,0x255488,], try=1
