  INFO root [0x000024f0] [2019-09-16 20:23:02,097] - 
  INFO root [0x000024f0] [2019-09-16 20:23:02,112] - -----------------------------------------------------------------------------------------


  INFO root [0x000024f0] [2019-09-16 20:23:02,113] - Resmgr::initialize: KBE_ROOT=D:/kbengine/
  INFO root [0x000024f0] [2019-09-16 20:23:02,113] - Resmgr::initialize: KBE_RES_PATH=D:/kbengine/kbe/res/;D:/kbengine/HappyPoker_assets/;D:/kbengine/HappyPoker_assets/scripts/;D:/kbengine/HappyPoker_assets/res/
  INFO root [0x000024f0] [2019-09-16 20:23:02,113] - Resmgr::initialize: KBE_BIN_PATH=D:/kbengine/kbe/bin/server/
  INFO root [0x000024f0] [2019-09-16 20:23:02,143] - NetworkInterface::initialize(INTERNAL-TCP): bound to all interfaces with default route interface on 192.168.56.1 ( 192.168.56.1:52070 )
  INFO root [0x000024f0] [2019-09-16 20:23:02,144] - NetworkInterface::initialize(INTERNAL-TCP): address 192.168.56.1:52070, SOMAXCONN=5.
  INFO root [0x000024f0] [2019-09-16 20:23:02,144] - server-configs:
  INFO root [0x000024f0] [2019-09-16 20:23:02,144] - 	gameUpdateHertz : 10
  INFO root [0x000024f0] [2019-09-16 20:23:02,144] - 	defaultViewRadius : 80
  INFO root [0x000024f0] [2019-09-16 20:23:02,144] - 	defaultViewHysteresisArea : 5
  INFO root [0x000024f0] [2019-09-16 20:23:02,144] - 	entryScriptFile : kbemain
  INFO root [0x000024f0] [2019-09-16 20:23:02,145] - 	internalTcpAddr : 192.168.56.1:52070
  INFO root [0x000024f0] [2019-09-16 20:23:02,145] - 	componentID : 8001
  WARN root [0x000024f0] [2019-09-16 20:23:02,149] - invalid UID(0) <= 0, please check UID for environment! automatically set to 2082.
  INFO root [0x000024f0] [2019-09-16 20:23:03,663] - ---- cellapp Version: 2.4.5. ScriptVersion: 0.1.0. Pythoncore: 3.7.3. Protocol: C9FCABE153AC3D64A8F240810ADA666D. Config: Debug X86. Built: 09:56:57 May  8 2019. AppID: 8001. UID: 2082. PID: 7952 ----
  INFO root [0x000024f0] [2019-09-16 20:23:03,664] - Server error_name: Intel(R) Core(TM) i5-6300HQ CPU @ 2.30GHz with 2097151kB RAM
  INFO root [0x000024f0] [2019-09-16 20:23:03,664] - ThreadPool::createThreadPool: creating  threadpool...
  INFO root [0x000024f0] [2019-09-16 20:23:03,665] - ThreadPool::createThreadPool: successfully(2), newThreadCount=1, normalMaxThreadCount=2, maxThreadCount=8
  INFO root [0x000024f0] [2019-09-16 20:23:03,958] - Script::install(): is successfully, Python=(3.7.3 (default, May  8 2019, 09:53:38) [MSC v.1916 32 bit (Intel)])!
  INFO root [0x000024f0] [2019-09-16 20:23:03,959] - Script::install(): KBExtra is successfully!
  WARN root [0x000024f0] [2019-09-16 20:23:04,520] - EntityDef::checkDefMethod: exposed of method: Account.leaveRoom, check the caller can use "def leaveRoom(self, callerID, ...)", such as: if callerID == self.id!
  WARN root [0x000024f0] [2019-09-16 20:23:04,521] - EntityDef::checkDefMethod: exposed of method: Account.playerMakeLandlord, check the caller can use "def playerMakeLandlord(self, callerID, ...)", such as: if callerID == self.id!
  WARN root [0x000024f0] [2019-09-16 20:23:04,522] - EntityDef::checkDefMethod: exposed of method: Account.setGameReady, check the caller can use "def setGameReady(self, callerID, ...)", such as: if callerID == self.id!
  WARN root [0x000024f0] [2019-09-16 20:23:04,522] - EntityDef::checkDefMethod: exposed of method: Account.stayRoom, check the caller can use "def stayRoom(self, callerID, ...)", such as: if callerID == self.id!
 DEBUG root [0x000024f0] [2019-09-16 20:23:04,522] - loaded entity-script:Account(1).
  WARN root [0x000024f0] [2019-09-16 20:23:04,524] - EntityDef::checkDefMethod: exposed of method: Room.playPoker, check the caller can use "def playPoker(self, callerID, ...)", such as: if callerID == self.id!
  WARN root [0x000024f0] [2019-09-16 20:23:04,526] - EntityDef::checkDefMethod: exposed of method: Room.unPlayPoker, check the caller can use "def unPlayPoker(self, callerID, ...)", such as: if callerID == self.id!
 DEBUG root [0x000024f0] [2019-09-16 20:23:04,527] - loaded entity-script:Room(3).
  INFO root [0x000024f0] [2019-09-16 20:23:04,531] - TelnetServer server is running on port 50000
  INFO root [0x000024f0] [2019-09-16 20:23:05,034] - ---- cellapp is running ----
 DEBUG root [0x000024f0] [2019-09-16 20:23:05,035] - Components::process(): Request for the process of identity...
  WARN root [0x000024f0] [2019-09-16 20:23:11,162] - EntityApp::checkTickPeriod: tick took 6127% (6.13 seconds)!
  INFO root [0x000024f0] [2019-09-16 20:23:12,219] - Components::findComponents: find logger(1)...
  INFO root [0x000024f0] [2019-09-16 20:23:12,314] - Components::findComponents: found logger, addr:192.168.56.1:52072
  INFO root [0x000024f0] [2019-09-16 20:23:12,314] - Components::addComponent: reset orderLog, uid=2082!
  INFO root [0x000024f0] [2019-09-16 20:23:12,314] - Components::addComponent[logger], uid=2082, componentID=2000, globalorderid=1, grouporderid=1, totalcount=1
  INFO root [0x000024f0] [2019-09-16 20:23:12,316] - Components::findComponents: find dbmgr(2)...
  WARN root [0x000024f0] [2019-09-16 20:23:13,420] - Forwarding logs to logger[192.168.56.1:52072/0/0/0]...
 ERROR root [0x000024f0] [2019-09-16 20:23:24,661] - Components::removeComponentByChannel: logger : 2000, Abnormal exit(reason=TCPPacketReceiver::processRecv(): error=10054
)! Channel(timestamp=263540065595, lastReceivedTime=263512291085, inactivityExceptionPeriod=134887325)
  INFO root [0x000024f0] [2019-09-16 20:23:24,666] - The following logs sent to logger failed:
  WARN root [0x000024f0] [2019-09-16 20:23:24,667] - ==> [2019-09-16 20:23:24 660] TCPPacketReceiver::processPendingEvents(192.168.56.1:52072): Throwing REASON_GENERAL_NETWORK - WSAECONNRESET
 ERROR root [0x000024f0] [2019-09-16 20:23:24,667] - ==> [2019-09-16 20:23:24 662] Components::removeComponentByChannel: logger : 2000, Abnormal exit(reason=TCPPacketReceiver::processRecv(): error=10054
)! Channel(timestamp=263540065595, lastReceivedTime=263512291085, inactivityExceptionPeriod=134887325)
  INFO root [0x000024f0] [2019-09-16 20:23:24,936] - Components::findComponents: find dbmgr(8)...
  INFO root [0x00003b24] [2019-09-16 20:23:26,575] - 
  INFO root [0x00003b24] [2019-09-16 20:23:26,600] - -----------------------------------------------------------------------------------------


  INFO root [0x00003b24] [2019-09-16 20:23:26,601] - Resmgr::initialize: KBE_ROOT=D:/kbengine/
  INFO root [0x00003b24] [2019-09-16 20:23:26,601] - Resmgr::initialize: KBE_RES_PATH=D:/kbengine/kbe/res/;D:/kbengine/HappyPoker_assets/;D:/kbengine/HappyPoker_assets/scripts/;D:/kbengine/HappyPoker_assets/res/
  INFO root [0x00003b24] [2019-09-16 20:23:26,601] - Resmgr::initialize: KBE_BIN_PATH=D:/kbengine/kbe/bin/server/
  INFO root [0x00003b24] [2019-09-16 20:23:26,685] - NetworkInterface::initialize(INTERNAL-TCP): bound to all interfaces with default route interface on 192.168.56.1 ( 192.168.56.1:52094 )
  INFO root [0x00003b24] [2019-09-16 20:23:26,686] - NetworkInterface::initialize(INTERNAL-TCP): address 192.168.56.1:52094, SOMAXCONN=5.
  INFO root [0x00003b24] [2019-09-16 20:23:26,687] - server-configs:
  INFO root [0x00003b24] [2019-09-16 20:23:26,687] - 	gameUpdateHertz : 10
  INFO root [0x00003b24] [2019-09-16 20:23:26,688] - 	defaultViewRadius : 80
  INFO root [0x00003b24] [2019-09-16 20:23:26,688] - 	defaultViewHysteresisArea : 5
  INFO root [0x00003b24] [2019-09-16 20:23:26,688] - 	entryScriptFile : kbemain
  INFO root [0x00003b24] [2019-09-16 20:23:26,688] - 	internalTcpAddr : 192.168.56.1:52094
  INFO root [0x00003b24] [2019-09-16 20:23:26,688] - 	componentID : 8001
  WARN root [0x00003b24] [2019-09-16 20:23:26,730] - invalid UID(0) <= 0, please check UID for environment! automatically set to 2082.
  WARN root [0x00003b24] [2019-09-16 20:23:27,210] - BundleBroadcast::BundleBroadcast: Cannot bind to port 20715, errorno=10048
  INFO root [0x00003b24] [2019-09-16 20:23:27,214] - ---- cellapp Version: 2.4.5. ScriptVersion: 0.1.0. Pythoncore: 3.7.3. Protocol: C9FCABE153AC3D64A8F240810ADA666D. Config: Debug X86. Built: 09:56:57 May  8 2019. AppID: 8001. UID: 2082. PID: 8932 ----
  INFO root [0x00003b24] [2019-09-16 20:23:27,216] - Server error_name: Intel(R) Core(TM) i5-6300HQ CPU @ 2.30GHz with 2097151kB RAM
  INFO root [0x00003b24] [2019-09-16 20:23:27,218] - ThreadPool::createThreadPool: creating  threadpool...
  INFO root [0x00003b24] [2019-09-16 20:23:27,218] - ThreadPool::createThreadPool: successfully(2), newThreadCount=1, normalMaxThreadCount=2, maxThreadCount=8
  INFO root [0x00003b24] [2019-09-16 20:23:27,439] - Script::install(): is successfully, Python=(3.7.3 (default, May  8 2019, 09:53:38) [MSC v.1916 32 bit (Intel)])!
  INFO root [0x00003b24] [2019-09-16 20:23:27,439] - Script::install(): KBExtra is successfully!
  WARN root [0x00003b24] [2019-09-16 20:23:27,599] - EntityDef::checkDefMethod: exposed of method: Account.leaveRoom, check the caller can use "def leaveRoom(self, callerID, ...)", such as: if callerID == self.id!
  WARN root [0x00003b24] [2019-09-16 20:23:27,601] - EntityDef::checkDefMethod: exposed of method: Account.playerMakeLandlord, check the caller can use "def playerMakeLandlord(self, callerID, ...)", such as: if callerID == self.id!
  WARN root [0x00003b24] [2019-09-16 20:23:27,602] - EntityDef::checkDefMethod: exposed of method: Account.setGameReady, check the caller can use "def setGameReady(self, callerID, ...)", such as: if callerID == self.id!
  WARN root [0x00003b24] [2019-09-16 20:23:27,602] - EntityDef::checkDefMethod: exposed of method: Account.stayRoom, check the caller can use "def stayRoom(self, callerID, ...)", such as: if callerID == self.id!
 DEBUG root [0x00003b24] [2019-09-16 20:23:27,603] - loaded entity-script:Account(1).
  WARN root [0x00003b24] [2019-09-16 20:23:27,605] - EntityDef::checkDefMethod: exposed of method: Room.playPoker, check the caller can use "def playPoker(self, callerID, ...)", such as: if callerID == self.id!
  WARN root [0x00003b24] [2019-09-16 20:23:27,606] - EntityDef::checkDefMethod: exposed of method: Room.unPlayPoker, check the caller can use "def unPlayPoker(self, callerID, ...)", such as: if callerID == self.id!
 DEBUG root [0x00003b24] [2019-09-16 20:23:27,606] - loaded entity-script:Room(3).
  INFO root [0x00003b24] [2019-09-16 20:23:27,609] - TelnetServer server is running on port 50000
  INFO root [0x00003b24] [2019-09-16 20:23:28,101] - ---- cellapp is running ----
 DEBUG root [0x00003b24] [2019-09-16 20:23:28,102] - Components::process(): Request for the process of identity...
  WARN root [0x00003b24] [2019-09-16 20:23:34,224] - EntityApp::checkTickPeriod: tick took 6122% (6.12 seconds)!
  INFO root [0x00003b24] [2019-09-16 20:23:35,303] - Components::findComponents: find logger(1)...
  INFO root [0x00003b24] [2019-09-16 20:23:35,368] - Components::findComponents: found logger, addr:192.168.56.1:52097
  INFO root [0x00003b24] [2019-09-16 20:23:35,368] - Components::addComponent: reset orderLog, uid=2082!
  INFO root [0x00003b24] [2019-09-16 20:23:35,369] - Components::addComponent[logger], uid=2082, componentID=2000, globalorderid=1, grouporderid=1, totalcount=1
  INFO root [0x00003b24] [2019-09-16 20:23:35,370] - Components::findComponents: find dbmgr(2)...
  INFO root [0x00003b24] [2019-09-16 20:23:35,473] - Components::findComponents: found dbmgr, addr:192.168.56.1:52099
  INFO root [0x00003b24] [2019-09-16 20:23:35,473] - Components::addComponent: reset orderLog, uid=2082!
  INFO root [0x00003b24] [2019-09-16 20:23:35,474] - Components::addComponent[dbmgr], uid=2082, componentID=4000, globalorderid=1, grouporderid=1, totalcount=1
  INFO root [0x00003b24] [2019-09-16 20:23:35,475] - Components::findComponents: found dbmgr, addr:192.168.56.1:52099
  WARN root [0x00003b24] [2019-09-16 20:23:36,475] - EntityApp::checkTickPeriod: tick took 1271% (1.27 seconds)!
  WARN root [0x00003b24] [2019-09-16 20:23:36,476] - Forwarding logs to logger[192.168.56.1:52097/0/0/0]...
 ERROR root [0x00003b24] [2019-09-16 20:23:46,313] - Components::removeComponentByChannel: dbmgr : 4000, Abnormal exit(reason=TCPPacketReceiver::processRecv(): error=10054
)! Channel(timestamp=263588779747, lastReceivedTime=263585280285, inactivityExceptionPeriod=134887085)
  INFO root [0x000022d8] [2019-09-16 20:23:47,855] - 
  INFO root [0x000022d8] [2019-09-16 20:23:47,856] - -----------------------------------------------------------------------------------------


  INFO root [0x000022d8] [2019-09-16 20:23:47,857] - Resmgr::initialize: KBE_ROOT=D:/kbengine/
  INFO root [0x000022d8] [2019-09-16 20:23:47,857] - Resmgr::initialize: KBE_RES_PATH=D:/kbengine/kbe/res/;D:/kbengine/HappyPoker_assets/;D:/kbengine/HappyPoker_assets/scripts/;D:/kbengine/HappyPoker_assets/res/
  INFO root [0x000022d8] [2019-09-16 20:23:47,858] - Resmgr::initialize: KBE_BIN_PATH=D:/kbengine/kbe/bin/server/
  INFO root [0x000022d8] [2019-09-16 20:23:47,877] - NetworkInterface::initialize(INTERNAL-TCP): bound to all interfaces with default route interface on 192.168.56.1 ( 192.168.56.1:52124 )
  INFO root [0x000022d8] [2019-09-16 20:23:47,878] - NetworkInterface::initialize(INTERNAL-TCP): address 192.168.56.1:52124, SOMAXCONN=5.
  INFO root [0x000022d8] [2019-09-16 20:23:47,878] - server-configs:
  INFO root [0x000022d8] [2019-09-16 20:23:47,878] - 	gameUpdateHertz : 10
  INFO root [0x000022d8] [2019-09-16 20:23:47,879] - 	defaultViewRadius : 80
  INFO root [0x000022d8] [2019-09-16 20:23:47,879] - 	defaultViewHysteresisArea : 5
  INFO root [0x000022d8] [2019-09-16 20:23:47,879] - 	entryScriptFile : kbemain
  INFO root [0x000022d8] [2019-09-16 20:23:47,880] - 	internalTcpAddr : 192.168.56.1:52124
  INFO root [0x000022d8] [2019-09-16 20:23:47,880] - 	componentID : 8001
  WARN root [0x000022d8] [2019-09-16 20:23:47,921] - invalid UID(0) <= 0, please check UID for environment! automatically set to 2082.
  INFO root [0x000022d8] [2019-09-16 20:23:49,446] - ---- cellapp Version: 2.4.5. ScriptVersion: 0.1.0. Pythoncore: 3.7.3. Protocol: C9FCABE153AC3D64A8F240810ADA666D. Config: Debug X86. Built: 09:56:57 May  8 2019. AppID: 8001. UID: 2082. PID: 10648 ----
  INFO root [0x000022d8] [2019-09-16 20:23:49,446] - Server error_name: Intel(R) Core(TM) i5-6300HQ CPU @ 2.30GHz with 2097151kB RAM
  INFO root [0x000022d8] [2019-09-16 20:23:49,447] - ThreadPool::createThreadPool: creating  threadpool...
  INFO root [0x000022d8] [2019-09-16 20:23:49,447] - ThreadPool::createThreadPool: successfully(2), newThreadCount=1, normalMaxThreadCount=2, maxThreadCount=8
  INFO root [0x000022d8] [2019-09-16 20:23:49,679] - Script::install(): is successfully, Python=(3.7.3 (default, May  8 2019, 09:53:38) [MSC v.1916 32 bit (Intel)])!
  INFO root [0x000022d8] [2019-09-16 20:23:49,679] - Script::install(): KBExtra is successfully!
  WARN root [0x000022d8] [2019-09-16 20:23:49,839] - EntityDef::checkDefMethod: exposed of method: Account.leaveRoom, check the caller can use "def leaveRoom(self, callerID, ...)", such as: if callerID == self.id!
  WARN root [0x000022d8] [2019-09-16 20:23:49,840] - EntityDef::checkDefMethod: exposed of method: Account.playerMakeLandlord, check the caller can use "def playerMakeLandlord(self, callerID, ...)", such as: if callerID == self.id!
  WARN root [0x000022d8] [2019-09-16 20:23:49,840] - EntityDef::checkDefMethod: exposed of method: Account.setGameReady, check the caller can use "def setGameReady(self, callerID, ...)", such as: if callerID == self.id!
  WARN root [0x000022d8] [2019-09-16 20:23:49,840] - EntityDef::checkDefMethod: exposed of method: Account.stayRoom, check the caller can use "def stayRoom(self, callerID, ...)", such as: if callerID == self.id!
 DEBUG root [0x000022d8] [2019-09-16 20:23:49,841] - loaded entity-script:Account(1).
  WARN root [0x000022d8] [2019-09-16 20:23:49,843] - EntityDef::checkDefMethod: exposed of method: Room.playPoker, check the caller can use "def playPoker(self, callerID, ...)", such as: if callerID == self.id!
  WARN root [0x000022d8] [2019-09-16 20:23:49,843] - EntityDef::checkDefMethod: exposed of method: Room.unPlayPoker, check the caller can use "def unPlayPoker(self, callerID, ...)", such as: if callerID == self.id!
 DEBUG root [0x000022d8] [2019-09-16 20:23:49,843] - loaded entity-script:Room(3).
  INFO root [0x000022d8] [2019-09-16 20:23:49,846] - TelnetServer server is running on port 50000
  INFO root [0x000022d8] [2019-09-16 20:23:50,393] - ---- cellapp is running ----
 DEBUG root [0x000022d8] [2019-09-16 20:23:50,422] - Components::process(): Request for the process of identity...
  WARN root [0x000022d8] [2019-09-16 20:23:56,577] - EntityApp::checkTickPeriod: tick took 6182% (6.18 seconds)!
  WARN root [0x000022d8] [2019-09-16 20:23:56,582] - TCPPacketReceiver::processPendingEvents(192.168.56.1:52144): Throwing REASON_GENERAL_NETWORK - WSAECONNABORTED
  INFO root [0x000022d8] [2019-09-16 20:23:57,595] - Components::findComponents: find logger(1)...
  INFO root [0x000022d8] [2019-09-16 20:23:57,605] - Components::findComponents: found logger, addr:192.168.56.1:52130
  INFO root [0x000022d8] [2019-09-16 20:23:57,605] - Components::addComponent: reset orderLog, uid=2082!
  INFO root [0x000022d8] [2019-09-16 20:23:57,605] - Components::addComponent[logger], uid=2082, componentID=2000, globalorderid=1, grouporderid=1, totalcount=1
  INFO root [0x000022d8] [2019-09-16 20:23:57,606] - Components::findComponents: find dbmgr(2)...
  INFO root [0x000022d8] [2019-09-16 20:23:57,708] - Components::findComponents: found dbmgr, addr:192.168.56.1:52125
  INFO root [0x000022d8] [2019-09-16 20:23:57,708] - Components::addComponent: reset orderLog, uid=2082!
  INFO root [0x000022d8] [2019-09-16 20:23:57,708] - Components::addComponent[dbmgr], uid=2082, componentID=4000, globalorderid=1, grouporderid=1, totalcount=1
  INFO root [0x000022d8] [2019-09-16 20:23:57,708] - Components::findComponents: found dbmgr, addr:192.168.56.1:52125
  WARN root [0x000022d8] [2019-09-16 20:23:58,709] - EntityApp::checkTickPeriod: tick took 1215% (1.22 seconds)!
  WARN root [0x000022d8] [2019-09-16 20:23:58,711] - Forwarding logs to logger[192.168.56.1:52130/0/0/0]...
 ERROR root [0x000022d8] [2019-09-16 20:24:08,681] - Components::removeComponentByChannel: logger : 2000, Abnormal exit(reason=TCPPacketReceiver::processRecv(): error=10054
)! Channel(timestamp=263639102292, lastReceivedTime=263614186023, inactivityExceptionPeriod=134887437)
  INFO root [0x000022d8] [2019-09-16 20:24:08,683] - The following logs sent to logger failed:
  WARN root [0x000022d8] [2019-09-16 20:24:08,683] - ==> [2019-09-16 20:24:08 676] TCPPacketReceiver::processPendingEvents(192.168.56.1:52130): Throwing REASON_GENERAL_NETWORK - WSAECONNRESET
 ERROR root [0x000022d8] [2019-09-16 20:24:08,683] - ==> [2019-09-16 20:24:08 681] Components::removeComponentByChannel: logger : 2000, Abnormal exit(reason=TCPPacketReceiver::processRecv(): error=10054
)! Channel(timestamp=263639102292, lastReceivedTime=263614186023, inactivityExceptionPeriod=134887437)
  WARN root [0x000022d8] [2019-09-16 20:24:08,797] - TCPPacketReceiver::processPendingEvents(192.168.56.1:52125): Throwing REASON_GENERAL_NETWORK - WSAECONNRESET
 ERROR root [0x000022d8] [2019-09-16 20:24:08,799] - Components::removeComponentByChannel: dbmgr : 4000, Abnormal exit(reason=TCPPacketReceiver::processRecv(): error=10054
)! Channel(timestamp=263639368520, lastReceivedTime=263635339294, inactivityExceptionPeriod=134887437)
  INFO root [0x000022d8] [2019-09-16 20:24:08,800] - Shutdowner::onShutdownBegin: shutting down(period=0, tickPeriod=1)
  INFO root [0x000022d8] [2019-09-16 20:24:08,801] - Shutdowner::onShutdown: shutting down
  INFO root [0x000022d8] [2019-09-16 20:24:08,801] - Shutdowner::onShutdownEnd: shutting down
 DEBUG root [0x000022d8] [2019-09-16 20:24:08,801] - EntityRef::destroyObjPool(): size 0.
 DEBUG root [0x000022d8] [2019-09-16 20:24:08,801] - Witness::destroyObjPool(): size 0.
  INFO root [0x000022d8] [2019-09-16 20:24:08,855] - Script::uninstall(): is successfully!
 DEBUG root [0x000022d8] [2019-09-16 20:24:08,856] - ThreadPool::destroy(): starting size 2.
  WARN root [0x000022d8] [2019-09-16 20:24:09,156] - ThreadPool::destroy(): waiting for thread(2)[0x136728,0x136fb0,], try=1
  INFO root [0x000046b4] [2019-09-16 22:12:58,311] - 
  INFO root [0x000046b4] [2019-09-16 22:12:58,316] - -----------------------------------------------------------------------------------------


  INFO root [0x000046b4] [2019-09-16 22:12:58,317] - Resmgr::initialize: KBE_ROOT=D:/kbengine/
  INFO root [0x000046b4] [2019-09-16 22:12:58,318] - Resmgr::initialize: KBE_RES_PATH=D:/kbengine/kbe/res/;D:/kbengine/HappyPoker_assets/;D:/kbengine/HappyPoker_assets/scripts/;D:/kbengine/HappyPoker_assets/res/
  INFO root [0x000046b4] [2019-09-16 22:12:58,318] - Resmgr::initialize: KBE_BIN_PATH=D:/kbengine/kbe/bin/server/
  INFO root [0x000046b4] [2019-09-16 22:12:58,344] - NetworkInterface::initialize(INTERNAL-TCP): bound to all interfaces with default route interface on 192.168.56.1 ( 192.168.56.1:54275 )
  INFO root [0x000046b4] [2019-09-16 22:12:58,345] - NetworkInterface::initialize(INTERNAL-TCP): address 192.168.56.1:54275, SOMAXCONN=5.
  INFO root [0x000046b4] [2019-09-16 22:12:58,345] - server-configs:
  INFO root [0x000046b4] [2019-09-16 22:12:58,345] - 	gameUpdateHertz : 10
  INFO root [0x000046b4] [2019-09-16 22:12:58,346] - 	defaultViewRadius : 80
  INFO root [0x000046b4] [2019-09-16 22:12:58,346] - 	defaultViewHysteresisArea : 5
  INFO root [0x000046b4] [2019-09-16 22:12:58,346] - 	entryScriptFile : kbemain
  INFO root [0x000046b4] [2019-09-16 22:12:58,346] - 	internalTcpAddr : 192.168.56.1:54275
  INFO root [0x000046b4] [2019-09-16 22:12:58,346] - 	componentID : 8001
  WARN root [0x000046b4] [2019-09-16 22:12:58,347] - invalid UID(0) <= 0, please check UID for environment! automatically set to 2082.
  WARN root [0x000046b4] [2019-09-16 22:12:58,687] - BundleBroadcast::BundleBroadcast: Cannot bind to port 20122, errorno=10048
  INFO root [0x000046b4] [2019-09-16 22:12:58,691] - ---- cellapp Version: 2.4.5. ScriptVersion: 0.1.0. Pythoncore: 3.7.3. Protocol: C9FCABE153AC3D64A8F240810ADA666D. Config: Debug X86. Built: 09:56:57 May  8 2019. AppID: 8001. UID: 2082. PID: 21868 ----
  INFO root [0x000046b4] [2019-09-16 22:12:58,691] - Server error_name: Intel(R) Core(TM) i5-6300HQ CPU @ 2.30GHz with 2097151kB RAM
  INFO root [0x000046b4] [2019-09-16 22:12:58,692] - ThreadPool::createThreadPool: creating  threadpool...
  INFO root [0x000046b4] [2019-09-16 22:12:58,692] - ThreadPool::createThreadPool: successfully(2), newThreadCount=1, normalMaxThreadCount=2, maxThreadCount=8
  INFO root [0x000046b4] [2019-09-16 22:12:58,890] - Script::install(): is successfully, Python=(3.7.3 (default, May  8 2019, 09:53:38) [MSC v.1916 32 bit (Intel)])!
  INFO root [0x000046b4] [2019-09-16 22:12:58,890] - Script::install(): KBExtra is successfully!
  WARN root [0x000046b4] [2019-09-16 22:12:59,024] - EntityDef::checkDefMethod: exposed of method: Account.leaveRoom, check the caller can use "def leaveRoom(self, callerID, ...)", such as: if callerID == self.id!
  WARN root [0x000046b4] [2019-09-16 22:12:59,024] - EntityDef::checkDefMethod: exposed of method: Account.playerMakeLandlord, check the caller can use "def playerMakeLandlord(self, callerID, ...)", such as: if callerID == self.id!
  WARN root [0x000046b4] [2019-09-16 22:12:59,025] - EntityDef::checkDefMethod: exposed of method: Account.setGameReady, check the caller can use "def setGameReady(self, callerID, ...)", such as: if callerID == self.id!
  WARN root [0x000046b4] [2019-09-16 22:12:59,025] - EntityDef::checkDefMethod: exposed of method: Account.stayRoom, check the caller can use "def stayRoom(self, callerID, ...)", such as: if callerID == self.id!
 DEBUG root [0x000046b4] [2019-09-16 22:12:59,025] - loaded entity-script:Account(1).
  WARN root [0x000046b4] [2019-09-16 22:12:59,027] - EntityDef::checkDefMethod: exposed of method: Room.playPoker, check the caller can use "def playPoker(self, callerID, ...)", such as: if callerID == self.id!
  WARN root [0x000046b4] [2019-09-16 22:12:59,028] - EntityDef::checkDefMethod: exposed of method: Room.unPlayPoker, check the caller can use "def unPlayPoker(self, callerID, ...)", such as: if callerID == self.id!
 DEBUG root [0x000046b4] [2019-09-16 22:12:59,028] - loaded entity-script:Room(3).
  INFO root [0x000046b4] [2019-09-16 22:12:59,031] - TelnetServer server is running on port 50000
  INFO root [0x000046b4] [2019-09-16 22:12:59,468] - ---- cellapp is running ----
 DEBUG root [0x000046b4] [2019-09-16 22:12:59,468] - Components::process(): Request for the process of identity...
  WARN root [0x000046b4] [2019-09-16 22:13:05,628] - EntityApp::checkTickPeriod: tick took 6159% (6.16 seconds)!
  INFO root [0x000046b4] [2019-09-16 22:13:06,669] - Components::findComponents: find logger(1)...
  INFO root [0x000046b4] [2019-09-16 22:13:06,765] - Components::findComponents: found logger, addr:192.168.56.1:54272
  INFO root [0x000046b4] [2019-09-16 22:13:06,765] - Components::addComponent: reset orderLog, uid=2082!
  INFO root [0x000046b4] [2019-09-16 22:13:06,765] - Components::addComponent[logger], uid=2082, componentID=2000, globalorderid=1, grouporderid=1, totalcount=1
  INFO root [0x000046b4] [2019-09-16 22:13:06,768] - Components::findComponents: find dbmgr(2)...
  WARN root [0x000046b4] [2019-09-16 22:13:07,869] - EntityApp::checkTickPeriod: tick took 1299% (1.30 seconds)!
  WARN root [0x000046b4] [2019-09-16 22:13:07,869] - Forwarding logs to logger[192.168.56.1:54272/0/0/0]...
 ERROR root [0x000046b4] [2019-09-16 22:13:44,234] - Components::removeComponentByChannel: logger : 2000, Abnormal exit(reason=TCPPacketReceiver::processRecv(): error=10054
)! Channel(timestamp=278433658654, lastReceivedTime=278398638029, inactivityExceptionPeriod=134887197)
  INFO root [0x000046b4] [2019-09-16 22:13:44,242] - The following logs sent to logger failed:
  WARN root [0x000046b4] [2019-09-16 22:13:44,243] - ==> [2019-09-16 22:13:44 232] TCPPacketReceiver::processPendingEvents(192.168.56.1:54272): Throwing REASON_GENERAL_NETWORK - WSAECONNRESET
 ERROR root [0x000046b4] [2019-09-16 22:13:44,243] - ==> [2019-09-16 22:13:44 234] Components::removeComponentByChannel: logger : 2000, Abnormal exit(reason=TCPPacketReceiver::processRecv(): error=10054
)! Channel(timestamp=278433658654, lastReceivedTime=278398638029, inactivityExceptionPeriod=134887197)
  WARN root [0x000046b4] [2019-09-16 22:13:44,357] - TCPPacketReceiver::processPendingEvents(192.168.56.1:54273): Throwing REASON_GENERAL_NETWORK - WSAECONNRESET
 ERROR root [0x000046b4] [2019-09-16 22:13:44,365] - Components::removeComponentByChannel: dbmgr : 4000, Abnormal exit(reason=TCPPacketReceiver::processRecv(): error=10054
)! Channel(timestamp=278433954674, lastReceivedTime=278412508595, inactivityExceptionPeriod=134887197)
  INFO root [0x000046b4] [2019-09-16 22:13:44,379] - Shutdowner::onShutdownBegin: shutting down(period=0, tickPeriod=1)
  INFO root [0x000046b4] [2019-09-16 22:13:44,381] - Shutdowner::onShutdown: shutting down
  INFO root [0x000046b4] [2019-09-16 22:13:44,381] - Shutdowner::onShutdownEnd: shutting down
 DEBUG root [0x000046b4] [2019-09-16 22:13:44,382] - EntityRef::destroyObjPool(): size 0.
 DEBUG root [0x000046b4] [2019-09-16 22:13:44,382] - Witness::destroyObjPool(): size 0.
  INFO root [0x000046b4] [2019-09-16 22:13:44,416] - Script::uninstall(): is successfully!
 DEBUG root [0x000046b4] [2019-09-16 22:13:44,416] - ThreadPool::destroy(): starting size 2.
  WARN root [0x000046b4] [2019-09-16 22:13:44,718] - ThreadPool::destroy(): waiting for thread(2)[0x6ed2a0,0x6ed4a8,], try=1
  INFO root [0x00005548] [2019-09-16 22:14:27,329] - 
  INFO root [0x00005548] [2019-09-16 22:14:27,340] - -----------------------------------------------------------------------------------------


  INFO root [0x00005548] [2019-09-16 22:14:27,340] - Resmgr::initialize: KBE_ROOT=D:/kbengine/
  INFO root [0x00005548] [2019-09-16 22:14:27,340] - Resmgr::initialize: KBE_RES_PATH=D:/kbengine/kbe/res/;D:/kbengine/HappyPoker_assets/;D:/kbengine/HappyPoker_assets/scripts/;D:/kbengine/HappyPoker_assets/res/
  INFO root [0x00005548] [2019-09-16 22:14:27,340] - Resmgr::initialize: KBE_BIN_PATH=D:/kbengine/kbe/bin/server/
  INFO root [0x00005548] [2019-09-16 22:14:27,370] - NetworkInterface::initialize(INTERNAL-TCP): bound to all interfaces with default route interface on 192.168.56.1 ( 192.168.56.1:54343 )
  INFO root [0x00005548] [2019-09-16 22:14:27,370] - NetworkInterface::initialize(INTERNAL-TCP): address 192.168.56.1:54343, SOMAXCONN=5.
  INFO root [0x00005548] [2019-09-16 22:14:27,370] - server-configs:
  INFO root [0x00005548] [2019-09-16 22:14:27,370] - 	gameUpdateHertz : 10
  INFO root [0x00005548] [2019-09-16 22:14:27,370] - 	defaultViewRadius : 80
  INFO root [0x00005548] [2019-09-16 22:14:27,370] - 	defaultViewHysteresisArea : 5
  INFO root [0x00005548] [2019-09-16 22:14:27,370] - 	entryScriptFile : kbemain
  INFO root [0x00005548] [2019-09-16 22:14:27,370] - 	internalTcpAddr : 192.168.56.1:54343
  INFO root [0x00005548] [2019-09-16 22:14:27,370] - 	componentID : 8001
  WARN root [0x00005548] [2019-09-16 22:14:27,370] - invalid UID(0) <= 0, please check UID for environment! automatically set to 2082.
  INFO root [0x00005548] [2019-09-16 22:14:28,880] - ---- cellapp Version: 2.4.5. ScriptVersion: 0.1.0. Pythoncore: 3.7.3. Protocol: C9FCABE153AC3D64A8F240810ADA666D. Config: Debug X86. Built: 09:56:57 May  8 2019. AppID: 8001. UID: 2082. PID: 6672 ----
  INFO root [0x00005548] [2019-09-16 22:14:28,880] - Server error_name: Intel(R) Core(TM) i5-6300HQ CPU @ 2.30GHz with 2097151kB RAM
  INFO root [0x00005548] [2019-09-16 22:14:28,880] - ThreadPool::createThreadPool: creating  threadpool...
  INFO root [0x00005548] [2019-09-16 22:14:28,880] - ThreadPool::createThreadPool: successfully(2), newThreadCount=1, normalMaxThreadCount=2, maxThreadCount=8
  INFO root [0x00005548] [2019-09-16 22:14:29,086] - Script::install(): is successfully, Python=(3.7.3 (default, May  8 2019, 09:53:38) [MSC v.1916 32 bit (Intel)])!
  INFO root [0x00005548] [2019-09-16 22:14:29,086] - Script::install(): KBExtra is successfully!
  WARN root [0x00005548] [2019-09-16 22:14:29,211] - EntityDef::checkDefMethod: exposed of method: Account.leaveRoom, check the caller can use "def leaveRoom(self, callerID, ...)", such as: if callerID == self.id!
  WARN root [0x00005548] [2019-09-16 22:14:29,211] - EntityDef::checkDefMethod: exposed of method: Account.playerMakeLandlord, check the caller can use "def playerMakeLandlord(self, callerID, ...)", such as: if callerID == self.id!
  WARN root [0x00005548] [2019-09-16 22:14:29,211] - EntityDef::checkDefMethod: exposed of method: Account.setGameReady, check the caller can use "def setGameReady(self, callerID, ...)", such as: if callerID == self.id!
  WARN root [0x00005548] [2019-09-16 22:14:29,211] - EntityDef::checkDefMethod: exposed of method: Account.stayRoom, check the caller can use "def stayRoom(self, callerID, ...)", such as: if callerID == self.id!
 DEBUG root [0x00005548] [2019-09-16 22:14:29,216] - loaded entity-script:Account(1).
  WARN root [0x00005548] [2019-09-16 22:14:29,217] - EntityDef::checkDefMethod: exposed of method: Room.playPoker, check the caller can use "def playPoker(self, callerID, ...)", such as: if callerID == self.id!
  WARN root [0x00005548] [2019-09-16 22:14:29,217] - EntityDef::checkDefMethod: exposed of method: Room.unPlayPoker, check the caller can use "def unPlayPoker(self, callerID, ...)", such as: if callerID == self.id!
 DEBUG root [0x00005548] [2019-09-16 22:14:29,217] - loaded entity-script:Room(3).
  INFO root [0x00005548] [2019-09-16 22:14:29,219] - TelnetServer server is running on port 50000
  INFO root [0x00005548] [2019-09-16 22:14:29,639] - ---- cellapp is running ----
 DEBUG root [0x00005548] [2019-09-16 22:14:29,646] - Components::process(): Request for the process of identity...
  WARN root [0x00005548] [2019-09-16 22:14:35,926] - EntityApp::checkTickPeriod: tick took 6282% (6.28 seconds)!
  INFO root [0x00005548] [2019-09-16 22:14:36,966] - Components::findComponents: find logger(1)...
  INFO root [0x00005548] [2019-09-16 22:14:37,061] - Components::findComponents: found logger, addr:192.168.56.1:54342
  INFO root [0x00005548] [2019-09-16 22:14:37,065] - Components::addComponent: reset orderLog, uid=2082!
  INFO root [0x00005548] [2019-09-16 22:14:37,065] - Components::addComponent[logger], uid=2082, componentID=2000, globalorderid=1, grouporderid=1, totalcount=1
  INFO root [0x00005548] [2019-09-16 22:14:37,065] - Components::findComponents: find dbmgr(2)...
  INFO root [0x00005548] [2019-09-16 22:14:37,186] - Components::findComponents: found dbmgr, addr:192.168.56.1:54337
  INFO root [0x00005548] [2019-09-16 22:14:37,186] - Components::addComponent: reset orderLog, uid=2082!
  INFO root [0x00005548] [2019-09-16 22:14:37,186] - Components::addComponent[dbmgr], uid=2082, componentID=4000, globalorderid=1, grouporderid=1, totalcount=1
  INFO root [0x00005548] [2019-09-16 22:14:37,186] - Components::findComponents: found dbmgr, addr:192.168.56.1:54337
  WARN root [0x00005548] [2019-09-16 22:14:38,187] - Forwarding logs to logger[192.168.56.1:54342/0/0/0]...
 ERROR root [0x00005548] [2019-09-16 22:18:32,958] - Components::removeComponentByChannel: logger : 2000, Abnormal exit(reason=TCPPacketReceiver::processRecv(): error=10054
)! Channel(timestamp=279083283443, lastReceivedTime=279070682235, inactivityExceptionPeriod=134887564)
  INFO root [0x00005548] [2019-09-16 22:18:32,961] - The following logs sent to logger failed:
  WARN root [0x00005548] [2019-09-16 22:18:32,961] - ==> [2019-09-16 22:18:32 954] TCPPacketReceiver::processPendingEvents(192.168.56.1:54342): Throwing REASON_GENERAL_NETWORK - WSAECONNRESET
 ERROR root [0x00005548] [2019-09-16 22:18:32,961] - ==> [2019-09-16 22:18:32 959] Components::removeComponentByChannel: logger : 2000, Abnormal exit(reason=TCPPacketReceiver::processRecv(): error=10054
)! Channel(timestamp=279083283443, lastReceivedTime=279070682235, inactivityExceptionPeriod=134887564)
  WARN root [0x00005548] [2019-09-16 22:18:33,068] - TCPPacketReceiver::processPendingEvents(192.168.56.1:54337): Throwing REASON_GENERAL_NETWORK - WSAECONNRESET
 ERROR root [0x00005548] [2019-09-16 22:18:33,076] - Components::removeComponentByChannel: dbmgr : 4000, Abnormal exit(reason=TCPPacketReceiver::processRecv(): error=10054
)! Channel(timestamp=279083547344, lastReceivedTime=279070373024, inactivityExceptionPeriod=134887564)
  INFO root [0x00005548] [2019-09-16 22:18:33,078] - Shutdowner::onShutdownBegin: shutting down(period=0, tickPeriod=1)
  INFO root [0x00005548] [2019-09-16 22:18:33,078] - Shutdowner::onShutdown: shutting down
  INFO root [0x00005548] [2019-09-16 22:18:33,078] - Shutdowner::onShutdownEnd: shutting down
 DEBUG root [0x00005548] [2019-09-16 22:18:33,078] - EntityRef::destroyObjPool(): size 0.
 DEBUG root [0x00005548] [2019-09-16 22:18:33,078] - Witness::destroyObjPool(): size 0.
  INFO root [0x00005548] [2019-09-16 22:18:33,101] - Script::uninstall(): is successfully!
 DEBUG root [0x00005548] [2019-09-16 22:18:33,102] - ThreadPool::destroy(): starting size 2.
  WARN root [0x00005548] [2019-09-16 22:18:33,403] - ThreadPool::destroy(): waiting for thread(2)[0xb32978,0xb32430,], try=1
  INFO root [0x00000674] [2019-09-16 22:21:18,192] - 
  INFO root [0x00000674] [2019-09-16 22:21:18,201] - -----------------------------------------------------------------------------------------


  INFO root [0x00000674] [2019-09-16 22:21:18,202] - Resmgr::initialize: KBE_ROOT=D:/kbengine/
  INFO root [0x00000674] [2019-09-16 22:21:18,202] - Resmgr::initialize: KBE_RES_PATH=D:/kbengine/kbe/res/;D:/kbengine/HappyPoker_assets/;D:/kbengine/HappyPoker_assets/scripts/;D:/kbengine/HappyPoker_assets/res/
  INFO root [0x00000674] [2019-09-16 22:21:18,203] - Resmgr::initialize: KBE_BIN_PATH=D:/kbengine/kbe/bin/server/
  INFO root [0x00000674] [2019-09-16 22:21:18,230] - NetworkInterface::initialize(INTERNAL-TCP): bound to all interfaces with default route interface on 192.168.56.1 ( 192.168.56.1:54529 )
  INFO root [0x00000674] [2019-09-16 22:21:18,230] - NetworkInterface::initialize(INTERNAL-TCP): address 192.168.56.1:54529, SOMAXCONN=5.
  INFO root [0x00000674] [2019-09-16 22:21:18,230] - server-configs:
  INFO root [0x00000674] [2019-09-16 22:21:18,230] - 	gameUpdateHertz : 10
  INFO root [0x00000674] [2019-09-16 22:21:18,230] - 	defaultViewRadius : 80
  INFO root [0x00000674] [2019-09-16 22:21:18,230] - 	defaultViewHysteresisArea : 5
  INFO root [0x00000674] [2019-09-16 22:21:18,231] - 	entryScriptFile : kbemain
  INFO root [0x00000674] [2019-09-16 22:21:18,231] - 	internalTcpAddr : 192.168.56.1:54529
  INFO root [0x00000674] [2019-09-16 22:21:18,231] - 	componentID : 8001
  WARN root [0x00000674] [2019-09-16 22:21:18,231] - invalid UID(0) <= 0, please check UID for environment! automatically set to 2082.
  INFO root [0x00000674] [2019-09-16 22:21:19,734] - ---- cellapp Version: 2.4.5. ScriptVersion: 0.1.0. Pythoncore: 3.7.3. Protocol: C9FCABE153AC3D64A8F240810ADA666D. Config: Debug X86. Built: 09:56:57 May  8 2019. AppID: 8001. UID: 2082. PID: 14904 ----
  INFO root [0x00000674] [2019-09-16 22:21:19,734] - Server error_name: Intel(R) Core(TM) i5-6300HQ CPU @ 2.30GHz with 2097151kB RAM
  INFO root [0x00000674] [2019-09-16 22:21:19,734] - ThreadPool::createThreadPool: creating  threadpool...
  INFO root [0x00000674] [2019-09-16 22:21:19,734] - ThreadPool::createThreadPool: successfully(2), newThreadCount=1, normalMaxThreadCount=2, maxThreadCount=8
  INFO root [0x00000674] [2019-09-16 22:21:19,921] - Script::install(): is successfully, Python=(3.7.3 (default, May  8 2019, 09:53:38) [MSC v.1916 32 bit (Intel)])!
  INFO root [0x00000674] [2019-09-16 22:21:19,921] - Script::install(): KBExtra is successfully!
  WARN root [0x00000674] [2019-09-16 22:21:20,046] - EntityDef::checkDefMethod: exposed of method: Room.playPoker, check the caller can use "def playPoker(self, callerID, ...)", such as: if callerID == self.id!
  WARN root [0x00000674] [2019-09-16 22:21:20,046] - EntityDef::checkDefMethod: exposed of method: Room.unPlayPoker, check the caller can use "def unPlayPoker(self, callerID, ...)", such as: if callerID == self.id!
 DEBUG root [0x00000674] [2019-09-16 22:21:20,046] - loaded entity-script:Room(3).
  INFO root [0x00000674] [2019-09-16 22:21:20,046] - TelnetServer server is running on port 50000
  INFO root [0x00000674] [2019-09-16 22:21:20,452] - ---- cellapp is running ----
 DEBUG root [0x00000674] [2019-09-16 22:21:20,452] - Components::process(): Request for the process of identity...
  WARN root [0x00000674] [2019-09-16 22:21:26,689] - EntityApp::checkTickPeriod: tick took 6233% (6.23 seconds)!
  INFO root [0x00000674] [2019-09-16 22:21:27,767] - Components::findComponents: find logger(1)...
  INFO root [0x00000674] [2019-09-16 22:21:27,782] - Components::findComponents: found logger, addr:192.168.56.1:54525
  INFO root [0x00000674] [2019-09-16 22:21:27,782] - Components::addComponent: reset orderLog, uid=2082!
  INFO root [0x00000674] [2019-09-16 22:21:27,782] - Components::addComponent[logger], uid=2082, componentID=2000, globalorderid=1, grouporderid=1, totalcount=1
  INFO root [0x00000674] [2019-09-16 22:21:27,782] - Components::findComponents: find dbmgr(2)...
  WARN root [0x00000674] [2019-09-16 22:21:28,893] - EntityApp::checkTickPeriod: tick took 1235% (1.24 seconds)!
  WARN root [0x00000674] [2019-09-16 22:21:28,893] - Forwarding logs to logger[192.168.56.1:54525/0/0/0]...
 ERROR root [0x00000674] [2019-09-16 22:21:37,329] - Components::removeComponentByChannel: logger : 2000, Abnormal exit(reason=TCPPacketReceiver::processRecv(): error=10054
)! Channel(timestamp=279498117698, lastReceivedTime=279476642293, inactivityExceptionPeriod=134887564)
  INFO root [0x00000674] [2019-09-16 22:21:37,329] - The following logs sent to logger failed:
  WARN root [0x00000674] [2019-09-16 22:21:37,329] - ==> [2019-09-16 22:21:37 329] TCPPacketReceiver::processPendingEvents(192.168.56.1:54525): Throwing REASON_GENERAL_NETWORK - WSAECONNRESET
 ERROR root [0x00000674] [2019-09-16 22:21:37,329] - ==> [2019-09-16 22:21:37 330] Components::removeComponentByChannel: logger : 2000, Abnormal exit(reason=TCPPacketReceiver::processRecv(): error=10054
)! Channel(timestamp=279498117698, lastReceivedTime=279476642293, inactivityExceptionPeriod=134887564)
  INFO root [0x00005794] [2019-09-16 22:21:39,032] - 
  INFO root [0x00005794] [2019-09-16 22:21:39,032] - -----------------------------------------------------------------------------------------


  INFO root [0x00005794] [2019-09-16 22:21:39,032] - Resmgr::initialize: KBE_ROOT=D:/kbengine/
  INFO root [0x00005794] [2019-09-16 22:21:39,032] - Resmgr::initialize: KBE_RES_PATH=D:/kbengine/kbe/res/;D:/kbengine/HappyPoker_assets/;D:/kbengine/HappyPoker_assets/scripts/;D:/kbengine/HappyPoker_assets/res/
  INFO root [0x00005794] [2019-09-16 22:21:39,032] - Resmgr::initialize: KBE_BIN_PATH=D:/kbengine/kbe/bin/server/
  INFO root [0x00005794] [2019-09-16 22:21:39,063] - NetworkInterface::initialize(INTERNAL-TCP): bound to all interfaces with default route interface on 192.168.56.1 ( 192.168.56.1:54554 )
  INFO root [0x00005794] [2019-09-16 22:21:39,063] - NetworkInterface::initialize(INTERNAL-TCP): address 192.168.56.1:54554, SOMAXCONN=5.
  INFO root [0x00005794] [2019-09-16 22:21:39,063] - server-configs:
  INFO root [0x00005794] [2019-09-16 22:21:39,063] - 	gameUpdateHertz : 10
  INFO root [0x00005794] [2019-09-16 22:21:39,063] - 	defaultViewRadius : 80
  INFO root [0x00005794] [2019-09-16 22:21:39,063] - 	defaultViewHysteresisArea : 5
  INFO root [0x00005794] [2019-09-16 22:21:39,063] - 	entryScriptFile : kbemain
  INFO root [0x00005794] [2019-09-16 22:21:39,063] - 	internalTcpAddr : 192.168.56.1:54554
  INFO root [0x00005794] [2019-09-16 22:21:39,063] - 	componentID : 8001
  WARN root [0x00005794] [2019-09-16 22:21:39,063] - invalid UID(0) <= 0, please check UID for environment! automatically set to 2082.
  INFO root [0x00005794] [2019-09-16 22:21:40,578] - ---- cellapp Version: 2.4.5. ScriptVersion: 0.1.0. Pythoncore: 3.7.3. Protocol: C9FCABE153AC3D64A8F240810ADA666D. Config: Debug X86. Built: 09:56:57 May  8 2019. AppID: 8001. UID: 2082. PID: 14136 ----
  INFO root [0x00005794] [2019-09-16 22:21:40,578] - Server error_name: Intel(R) Core(TM) i5-6300HQ CPU @ 2.30GHz with 2097151kB RAM
  INFO root [0x00005794] [2019-09-16 22:21:40,578] - ThreadPool::createThreadPool: creating  threadpool...
  INFO root [0x00005794] [2019-09-16 22:21:40,578] - ThreadPool::createThreadPool: successfully(2), newThreadCount=1, normalMaxThreadCount=2, maxThreadCount=8
  INFO root [0x00005794] [2019-09-16 22:21:40,765] - Script::install(): is successfully, Python=(3.7.3 (default, May  8 2019, 09:53:38) [MSC v.1916 32 bit (Intel)])!
  INFO root [0x00005794] [2019-09-16 22:21:40,781] - Script::install(): KBExtra is successfully!
  WARN root [0x00005794] [2019-09-16 22:21:40,890] - EntityDef::checkDefMethod: exposed of method: Room.playPoker, check the caller can use "def playPoker(self, callerID, ...)", such as: if callerID == self.id!
  WARN root [0x00005794] [2019-09-16 22:21:40,890] - EntityDef::checkDefMethod: exposed of method: Room.unPlayPoker, check the caller can use "def unPlayPoker(self, callerID, ...)", such as: if callerID == self.id!
 DEBUG root [0x00005794] [2019-09-16 22:21:40,890] - loaded entity-script:Room(3).
  INFO root [0x00005794] [2019-09-16 22:21:40,906] - TelnetServer server is running on port 50000
  INFO root [0x00005794] [2019-09-16 22:21:41,297] - ---- cellapp is running ----
 DEBUG root [0x00005794] [2019-09-16 22:21:41,297] - Components::process(): Request for the process of identity...
  WARN root [0x00005794] [2019-09-16 22:21:47,562] - EntityApp::checkTickPeriod: tick took 6252% (6.25 seconds)!
  INFO root [0x00005794] [2019-09-16 22:21:48,625] - Components::findComponents: find logger(1)...
  INFO root [0x00005794] [2019-09-16 22:21:48,656] - Components::findComponents: found logger, addr:192.168.56.1:54550
  INFO root [0x00005794] [2019-09-16 22:21:48,656] - Components::addComponent: reset orderLog, uid=2082!
  INFO root [0x00005794] [2019-09-16 22:21:48,656] - Components::addComponent[logger], uid=2082, componentID=2000, globalorderid=1, grouporderid=1, totalcount=1
  INFO root [0x00005794] [2019-09-16 22:21:48,656] - Components::findComponents: find dbmgr(2)...
  INFO root [0x00005794] [2019-09-16 22:21:48,765] - Components::findComponents: found dbmgr, addr:192.168.56.1:54552
  INFO root [0x00005794] [2019-09-16 22:21:48,765] - Components::addComponent: reset orderLog, uid=2082!
  INFO root [0x00005794] [2019-09-16 22:21:48,765] - Components::addComponent[dbmgr], uid=2082, componentID=4000, globalorderid=1, grouporderid=1, totalcount=1
  INFO root [0x00005794] [2019-09-16 22:21:48,765] - Components::findComponents: found dbmgr, addr:192.168.56.1:54552
  WARN root [0x00005794] [2019-09-16 22:21:49,781] - EntityApp::checkTickPeriod: tick took 1265% (1.26 seconds)!
  WARN root [0x00005794] [2019-09-16 22:21:49,781] - Forwarding logs to logger[192.168.56.1:54550/0/0/0]...
 ERROR root [0x00005794] [2019-09-16 22:21:51,874] - Components::removeComponentByChannel: logger : 2000, Abnormal exit(reason=TCPPacketReceiver::processRecv(): error=10054
)! Channel(timestamp=279530845354, lastReceivedTime=279523615596, inactivityExceptionPeriod=134887628)
  INFO root [0x00005794] [2019-09-16 22:21:51,874] - The following logs sent to logger failed:
  WARN root [0x00005794] [2019-09-16 22:21:51,874] - ==> [2019-09-16 22:21:51 875] TCPPacketReceiver::processPendingEvents(192.168.56.1:54550): Throwing REASON_GENERAL_NETWORK - WSAECONNRESET
 ERROR root [0x00005794] [2019-09-16 22:21:51,874] - ==> [2019-09-16 22:21:51 876] Components::removeComponentByChannel: logger : 2000, Abnormal exit(reason=TCPPacketReceiver::processRecv(): error=10054
)! Channel(timestamp=279530845354, lastReceivedTime=279523615596, inactivityExceptionPeriod=134887628)
  INFO root [0x00004ad0] [2019-09-16 22:21:53,173] - 
  INFO root [0x00004ad0] [2019-09-16 22:21:53,173] - -----------------------------------------------------------------------------------------


  INFO root [0x00004ad0] [2019-09-16 22:21:53,173] - Resmgr::initialize: KBE_ROOT=D:/kbengine/
  INFO root [0x00004ad0] [2019-09-16 22:21:53,173] - Resmgr::initialize: KBE_RES_PATH=D:/kbengine/kbe/res/;D:/kbengine/HappyPoker_assets/;D:/kbengine/HappyPoker_assets/scripts/;D:/kbengine/HappyPoker_assets/res/
  INFO root [0x00004ad0] [2019-09-16 22:21:53,173] - Resmgr::initialize: KBE_BIN_PATH=D:/kbengine/kbe/bin/server/
  INFO root [0x00004ad0] [2019-09-16 22:21:53,188] - NetworkInterface::initialize(INTERNAL-TCP): bound to all interfaces with default route interface on 192.168.56.1 ( 192.168.56.1:54577 )
  INFO root [0x00004ad0] [2019-09-16 22:21:53,188] - NetworkInterface::initialize(INTERNAL-TCP): address 192.168.56.1:54577, SOMAXCONN=5.
  INFO root [0x00004ad0] [2019-09-16 22:21:53,188] - server-configs:
  INFO root [0x00004ad0] [2019-09-16 22:21:53,188] - 	gameUpdateHertz : 10
  INFO root [0x00004ad0] [2019-09-16 22:21:53,188] - 	defaultViewRadius : 80
  INFO root [0x00004ad0] [2019-09-16 22:21:53,188] - 	defaultViewHysteresisArea : 5
  INFO root [0x00004ad0] [2019-09-16 22:21:53,188] - 	entryScriptFile : kbemain
  INFO root [0x00004ad0] [2019-09-16 22:21:53,188] - 	internalTcpAddr : 192.168.56.1:54577
  INFO root [0x00004ad0] [2019-09-16 22:21:53,188] - 	componentID : 8001
  WARN root [0x00004ad0] [2019-09-16 22:21:53,188] - invalid UID(0) <= 0, please check UID for environment! automatically set to 2082.
  WARN root [0x00004ad0] [2019-09-16 22:21:53,688] - BundleBroadcast::BundleBroadcast: Cannot bind to port 20174, errorno=10048
  INFO root [0x00004ad0] [2019-09-16 22:21:53,688] - ---- cellapp Version: 2.4.5. ScriptVersion: 0.1.0. Pythoncore: 3.7.3. Protocol: C9FCABE153AC3D64A8F240810ADA666D. Config: Debug X86. Built: 09:56:57 May  8 2019. AppID: 8001. UID: 2082. PID: 20228 ----
  INFO root [0x00004ad0] [2019-09-16 22:21:53,688] - Server error_name: Intel(R) Core(TM) i5-6300HQ CPU @ 2.30GHz with 2097151kB RAM
  INFO root [0x00004ad0] [2019-09-16 22:21:53,688] - ThreadPool::createThreadPool: creating  threadpool...
  INFO root [0x00004ad0] [2019-09-16 22:21:53,688] - ThreadPool::createThreadPool: successfully(2), newThreadCount=1, normalMaxThreadCount=2, maxThreadCount=8
  INFO root [0x00004ad0] [2019-09-16 22:21:53,891] - Script::install(): is successfully, Python=(3.7.3 (default, May  8 2019, 09:53:38) [MSC v.1916 32 bit (Intel)])!
  INFO root [0x00004ad0] [2019-09-16 22:21:53,891] - Script::install(): KBExtra is successfully!
  WARN root [0x00004ad0] [2019-09-16 22:21:54,016] - EntityDef::checkDefMethod: exposed of method: Room.playPoker, check the caller can use "def playPoker(self, callerID, ...)", such as: if callerID == self.id!
  WARN root [0x00004ad0] [2019-09-16 22:21:54,016] - EntityDef::checkDefMethod: exposed of method: Room.unPlayPoker, check the caller can use "def unPlayPoker(self, callerID, ...)", such as: if callerID == self.id!
 DEBUG root [0x00004ad0] [2019-09-16 22:21:54,016] - loaded entity-script:Room(3).
  INFO root [0x00004ad0] [2019-09-16 22:21:54,016] - TelnetServer server is running on port 50000
  INFO root [0x00004ad0] [2019-09-16 22:21:54,438] - ---- cellapp is running ----
 DEBUG root [0x00004ad0] [2019-09-16 22:21:54,438] - Components::process(): Request for the process of identity...
  WARN root [0x00004ad0] [2019-09-16 22:22:00,749] - EntityApp::checkTickPeriod: tick took 6309% (6.31 seconds)!
  INFO root [0x00004ad0] [2019-09-16 22:22:01,796] - Components::findComponents: find logger(1)...
  INFO root [0x00004ad0] [2019-09-16 22:22:01,811] - Components::findComponents: found logger, addr:192.168.56.1:54573
  INFO root [0x00004ad0] [2019-09-16 22:22:01,811] - Components::addComponent: reset orderLog, uid=2082!
  INFO root [0x00004ad0] [2019-09-16 22:22:01,811] - Components::addComponent[logger], uid=2082, componentID=2000, globalorderid=1, grouporderid=1, totalcount=1
  INFO root [0x00004ad0] [2019-09-16 22:22:01,811] - Components::findComponents: find dbmgr(2)...
  INFO root [0x00004ad0] [2019-09-16 22:22:01,921] - Components::findComponents: found dbmgr, addr:192.168.56.1:54575
  INFO root [0x00004ad0] [2019-09-16 22:22:01,921] - Components::addComponent: reset orderLog, uid=2082!
  INFO root [0x00004ad0] [2019-09-16 22:22:01,921] - Components::addComponent[dbmgr], uid=2082, componentID=4000, globalorderid=1, grouporderid=1, totalcount=1
  INFO root [0x00004ad0] [2019-09-16 22:22:01,921] - Components::findComponents: found dbmgr, addr:192.168.56.1:54575
  INFO root [0x00003dac] [2019-09-16 22:24:51,438] - 
  INFO root [0x00003dac] [2019-09-16 22:24:51,453] - -----------------------------------------------------------------------------------------


  INFO root [0x00003dac] [2019-09-16 22:24:51,453] - Resmgr::initialize: KBE_ROOT=D:/kbengine/
  INFO root [0x00003dac] [2019-09-16 22:24:51,453] - Resmgr::initialize: KBE_RES_PATH=D:/kbengine/kbe/res/;D:/kbengine/HappyPoker_assets/;D:/kbengine/HappyPoker_assets/scripts/;D:/kbengine/HappyPoker_assets/res/
  INFO root [0x00003dac] [2019-09-16 22:24:51,453] - Resmgr::initialize: KBE_BIN_PATH=D:/kbengine/kbe/bin/server/
  INFO root [0x00003dac] [2019-09-16 22:24:51,469] - NetworkInterface::initialize(INTERNAL-TCP): bound to all interfaces with default route interface on 192.168.56.1 ( 192.168.56.1:54623 )
  INFO root [0x00003dac] [2019-09-16 22:24:51,469] - NetworkInterface::initialize(INTERNAL-TCP): address 192.168.56.1:54623, SOMAXCONN=5.
  INFO root [0x00003dac] [2019-09-16 22:24:51,469] - server-configs:
  INFO root [0x00003dac] [2019-09-16 22:24:51,469] - 	gameUpdateHertz : 10
  INFO root [0x00003dac] [2019-09-16 22:24:51,469] - 	defaultViewRadius : 80
  INFO root [0x00003dac] [2019-09-16 22:24:51,469] - 	defaultViewHysteresisArea : 5
  INFO root [0x00003dac] [2019-09-16 22:24:51,469] - 	entryScriptFile : kbemain
  INFO root [0x00003dac] [2019-09-16 22:24:51,469] - 	internalTcpAddr : 192.168.56.1:54623
  INFO root [0x00003dac] [2019-09-16 22:24:51,469] - 	componentID : 8001
  WARN root [0x00003dac] [2019-09-16 22:24:51,469] - invalid UID(0) <= 0, please check UID for environment! automatically set to 2082.
  INFO root [0x00003dac] [2019-09-16 22:24:52,984] - ---- cellapp Version: 2.4.5. ScriptVersion: 0.1.0. Pythoncore: 3.7.3. Protocol: C9FCABE153AC3D64A8F240810ADA666D. Config: Debug X86. Built: 09:56:57 May  8 2019. AppID: 8001. UID: 2082. PID: 13952 ----
  INFO root [0x00003dac] [2019-09-16 22:24:52,984] - Server error_name: Intel(R) Core(TM) i5-6300HQ CPU @ 2.30GHz with 2097151kB RAM
  INFO root [0x00003dac] [2019-09-16 22:24:52,984] - ThreadPool::createThreadPool: creating  threadpool...
  INFO root [0x00003dac] [2019-09-16 22:24:52,984] - ThreadPool::createThreadPool: successfully(2), newThreadCount=1, normalMaxThreadCount=2, maxThreadCount=8
  INFO root [0x00003dac] [2019-09-16 22:24:53,172] - Script::install(): is successfully, Python=(3.7.3 (default, May  8 2019, 09:53:38) [MSC v.1916 32 bit (Intel)])!
  INFO root [0x00003dac] [2019-09-16 22:24:53,172] - Script::install(): KBExtra is successfully!
  WARN root [0x00003dac] [2019-09-16 22:24:53,312] - EntityDef::checkDefMethod: exposed of method: Account.leaveRoom, check the caller can use "def leaveRoom(self, callerID, ...)", such as: if callerID == self.id!
  WARN root [0x00003dac] [2019-09-16 22:24:53,312] - EntityDef::checkDefMethod: exposed of method: Account.playerMakeLandlord, check the caller can use "def playerMakeLandlord(self, callerID, ...)", such as: if callerID == self.id!
  WARN root [0x00003dac] [2019-09-16 22:24:53,312] - EntityDef::checkDefMethod: exposed of method: Account.setGameReady, check the caller can use "def setGameReady(self, callerID, ...)", such as: if callerID == self.id!
  WARN root [0x00003dac] [2019-09-16 22:24:53,312] - EntityDef::checkDefMethod: exposed of method: Account.stayRoom, check the caller can use "def stayRoom(self, callerID, ...)", such as: if callerID == self.id!
 DEBUG root [0x00003dac] [2019-09-16 22:24:53,312] - loaded entity-script:Account(1).
  WARN root [0x00003dac] [2019-09-16 22:24:53,312] - EntityDef::checkDefMethod: exposed of method: Room.playPoker, check the caller can use "def playPoker(self, callerID, ...)", such as: if callerID == self.id!
  WARN root [0x00003dac] [2019-09-16 22:24:53,312] - EntityDef::checkDefMethod: exposed of method: Room.unPlayPoker, check the caller can use "def unPlayPoker(self, callerID, ...)", such as: if callerID == self.id!
 DEBUG root [0x00003dac] [2019-09-16 22:24:53,312] - loaded entity-script:Room(3).
  INFO root [0x00003dac] [2019-09-16 22:24:53,312] - TelnetServer server is running on port 50000
  INFO root [0x00003dac] [2019-09-16 22:24:53,718] - ---- cellapp is running ----
 DEBUG root [0x00003dac] [2019-09-16 22:24:53,718] - Components::process(): Request for the process of identity...
  WARN root [0x00003dac] [2019-09-16 22:24:59,955] - EntityApp::checkTickPeriod: tick took 6235% (6.24 seconds)!
  INFO root [0x00003dac] [2019-09-16 22:25:01,033] - Components::findComponents: find logger(1)...
  INFO root [0x00003dac] [2019-09-16 22:25:01,095] - Components::findComponents: found logger, addr:192.168.56.1:54618
  INFO root [0x00003dac] [2019-09-16 22:25:01,095] - Components::addComponent: reset orderLog, uid=2082!
  INFO root [0x00003dac] [2019-09-16 22:25:01,095] - Components::addComponent[logger], uid=2082, componentID=2000, globalorderid=1, grouporderid=1, totalcount=1
  INFO root [0x00003dac] [2019-09-16 22:25:01,095] - Components::findComponents: find dbmgr(2)...
  INFO root [0x00003dac] [2019-09-16 22:25:01,204] - Components::findComponents: found dbmgr, addr:192.168.56.1:54621
  INFO root [0x00003dac] [2019-09-16 22:25:01,204] - Components::addComponent: reset orderLog, uid=2082!
  INFO root [0x00003dac] [2019-09-16 22:25:01,204] - Components::addComponent[dbmgr], uid=2082, componentID=4000, globalorderid=1, grouporderid=1, totalcount=1
  INFO root [0x00003dac] [2019-09-16 22:25:01,204] - Components::findComponents: found dbmgr, addr:192.168.56.1:54621
  WARN root [0x00003dac] [2019-09-16 22:25:02,220] - EntityApp::checkTickPeriod: tick took 1296% (1.30 seconds)!
  WARN root [0x00003dac] [2019-09-16 22:25:02,220] - Forwarding logs to logger[192.168.56.1:54618/0/0/0]...
 ERROR root [0x00003dac] [2019-09-16 22:26:16,875] - Components::removeComponentByChannel: logger : 2000, Abnormal exit(reason=TCPPacketReceiver::processRecv(): error=10054
)! Channel(timestamp=280127124857, lastReceivedTime=280069652820, inactivityExceptionPeriod=134887564)
  INFO root [0x00003dac] [2019-09-16 22:26:16,891] - The following logs sent to logger failed:
  WARN root [0x00003dac] [2019-09-16 22:26:16,891] - ==> [2019-09-16 22:26:16 886] TCPPacketReceiver::processPendingEvents(192.168.56.1:54618): Throwing REASON_GENERAL_NETWORK - WSAECONNRESET
 ERROR root [0x00003dac] [2019-09-16 22:26:16,891] - ==> [2019-09-16 22:26:16 890] Components::removeComponentByChannel: logger : 2000, Abnormal exit(reason=TCPPacketReceiver::processRecv(): error=10054
)! Channel(timestamp=280127124857, lastReceivedTime=280069652820, inactivityExceptionPeriod=134887564)
  WARN root [0x00003dac] [2019-09-16 22:26:17,000] - TCPPacketReceiver::processPendingEvents(192.168.56.1:54621): Throwing REASON_GENERAL_NETWORK - WSAECONNRESET
 ERROR root [0x00003dac] [2019-09-16 22:26:17,000] - Components::removeComponentByChannel: dbmgr : 4000, Abnormal exit(reason=TCPPacketReceiver::processRecv(): error=10054
)! Channel(timestamp=280127398024, lastReceivedTime=280069933678, inactivityExceptionPeriod=134887564)
  INFO root [0x00003dac] [2019-09-16 22:26:17,016] - Shutdowner::onShutdownBegin: shutting down(period=0, tickPeriod=1)
  INFO root [0x00003dac] [2019-09-16 22:26:17,016] - Shutdowner::onShutdown: shutting down
  INFO root [0x00003dac] [2019-09-16 22:26:17,016] - Shutdowner::onShutdownEnd: shutting down
 DEBUG root [0x00003dac] [2019-09-16 22:26:17,016] - EntityRef::destroyObjPool(): size 0.
 DEBUG root [0x00003dac] [2019-09-16 22:26:17,016] - Witness::destroyObjPool(): size 0.
  INFO root [0x00003dac] [2019-09-16 22:26:17,047] - Script::uninstall(): is successfully!
 DEBUG root [0x00003dac] [2019-09-16 22:26:17,047] - ThreadPool::destroy(): starting size 2.
  WARN root [0x00003dac] [2019-09-16 22:26:17,359] - ThreadPool::destroy(): waiting for thread(2)[0x69e838,0x69e7d0,], try=1
  INFO root [0x00004220] [2019-09-16 22:36:44,065] - 
  INFO root [0x00004220] [2019-09-16 22:36:44,065] - -----------------------------------------------------------------------------------------


  INFO root [0x00004220] [2019-09-16 22:36:44,065] - Resmgr::initialize: KBE_ROOT=D:/kbengine/
  INFO root [0x00004220] [2019-09-16 22:36:44,065] - Resmgr::initialize: KBE_RES_PATH=D:/kbengine/kbe/res/;D:/kbengine/HappyPoker_assets/;D:/kbengine/HappyPoker_assets/scripts/;D:/kbengine/HappyPoker_assets/res/
  INFO root [0x00004220] [2019-09-16 22:36:44,065] - Resmgr::initialize: KBE_BIN_PATH=D:/kbengine/kbe/bin/server/
  INFO root [0x00004220] [2019-09-16 22:36:44,096] - NetworkInterface::initialize(INTERNAL-TCP): bound to all interfaces with default route interface on 192.168.56.1 ( 192.168.56.1:54814 )
  INFO root [0x00004220] [2019-09-16 22:36:44,096] - NetworkInterface::initialize(INTERNAL-TCP): address 192.168.56.1:54814, SOMAXCONN=5.
  INFO root [0x00004220] [2019-09-16 22:36:44,096] - server-configs:
  INFO root [0x00004220] [2019-09-16 22:36:44,096] - 	gameUpdateHertz : 10
  INFO root [0x00004220] [2019-09-16 22:36:44,096] - 	defaultViewRadius : 80
  INFO root [0x00004220] [2019-09-16 22:36:44,096] - 	defaultViewHysteresisArea : 5
  INFO root [0x00004220] [2019-09-16 22:36:44,096] - 	entryScriptFile : kbemain
  INFO root [0x00004220] [2019-09-16 22:36:44,096] - 	internalTcpAddr : 192.168.56.1:54814
  INFO root [0x00004220] [2019-09-16 22:36:44,096] - 	componentID : 8001
  WARN root [0x00004220] [2019-09-16 22:36:44,096] - invalid UID(0) <= 0, please check UID for environment! automatically set to 2082.
  INFO root [0x00004220] [2019-09-16 22:36:45,600] - ---- cellapp Version: 2.4.5. ScriptVersion: 0.1.0. Pythoncore: 3.7.3. Protocol: C9FCABE153AC3D64A8F240810ADA666D. Config: Debug X86. Built: 09:56:57 May  8 2019. AppID: 8001. UID: 2082. PID: 16824 ----
  INFO root [0x00004220] [2019-09-16 22:36:45,600] - Server error_name: Intel(R) Core(TM) i5-6300HQ CPU @ 2.30GHz with 2097151kB RAM
  INFO root [0x00004220] [2019-09-16 22:36:45,601] - ThreadPool::createThreadPool: creating  threadpool...
  INFO root [0x00004220] [2019-09-16 22:36:45,601] - ThreadPool::createThreadPool: successfully(2), newThreadCount=1, normalMaxThreadCount=2, maxThreadCount=8
  INFO root [0x00004220] [2019-09-16 22:36:45,794] - Script::install(): is successfully, Python=(3.7.3 (default, May  8 2019, 09:53:38) [MSC v.1916 32 bit (Intel)])!
  INFO root [0x00004220] [2019-09-16 22:36:45,795] - Script::install(): KBExtra is successfully!
  WARN root [0x00004220] [2019-09-16 22:36:45,917] - EntityDef::checkDefMethod: exposed of method: Account.leaveRoom, check the caller can use "def leaveRoom(self, callerID, ...)", such as: if callerID == self.id!
  WARN root [0x00004220] [2019-09-16 22:36:45,918] - EntityDef::checkDefMethod: exposed of method: Account.playerMakeLandlord, check the caller can use "def playerMakeLandlord(self, callerID, ...)", such as: if callerID == self.id!
  WARN root [0x00004220] [2019-09-16 22:36:45,918] - EntityDef::checkDefMethod: exposed of method: Account.setGameReady, check the caller can use "def setGameReady(self, callerID, ...)", such as: if callerID == self.id!
  WARN root [0x00004220] [2019-09-16 22:36:45,918] - EntityDef::checkDefMethod: exposed of method: Account.stayRoom, check the caller can use "def stayRoom(self, callerID, ...)", such as: if callerID == self.id!
 DEBUG root [0x00004220] [2019-09-16 22:36:45,919] - loaded entity-script:Account(1).
  WARN root [0x00004220] [2019-09-16 22:36:45,921] - EntityDef::checkDefMethod: exposed of method: Room.playPoker, check the caller can use "def playPoker(self, callerID, ...)", such as: if callerID == self.id!
  WARN root [0x00004220] [2019-09-16 22:36:45,921] - EntityDef::checkDefMethod: exposed of method: Room.unPlayPoker, check the caller can use "def unPlayPoker(self, callerID, ...)", such as: if callerID == self.id!
 DEBUG root [0x00004220] [2019-09-16 22:36:45,922] - loaded entity-script:Room(3).
  INFO root [0x00004220] [2019-09-16 22:36:45,924] - TelnetServer server is running on port 50000
  INFO root [0x00004220] [2019-09-16 22:36:46,354] - ---- cellapp is running ----
 DEBUG root [0x00004220] [2019-09-16 22:36:46,355] - Components::process(): Request for the process of identity...
  WARN root [0x00004220] [2019-09-16 22:36:52,628] - EntityApp::checkTickPeriod: tick took 6275% (6.28 seconds)!
  INFO root [0x00004220] [2019-09-16 22:36:53,691] - Components::findComponents: find logger(1)...
  INFO root [0x00004220] [2019-09-16 22:36:53,784] - Components::findComponents: found logger, addr:192.168.56.1:54810
  INFO root [0x00004220] [2019-09-16 22:36:53,784] - Components::addComponent: reset orderLog, uid=2082!
  INFO root [0x00004220] [2019-09-16 22:36:53,784] - Components::addComponent[logger], uid=2082, componentID=2000, globalorderid=1, grouporderid=1, totalcount=1
  INFO root [0x00004220] [2019-09-16 22:36:53,784] - Components::findComponents: find dbmgr(2)...
  INFO root [0x00004220] [2019-09-16 22:36:53,894] - Components::findComponents: found dbmgr, addr:192.168.56.1:54808
  INFO root [0x00004220] [2019-09-16 22:36:53,894] - Components::addComponent: reset orderLog, uid=2082!
  INFO root [0x00004220] [2019-09-16 22:36:53,894] - Components::addComponent[dbmgr], uid=2082, componentID=4000, globalorderid=1, grouporderid=1, totalcount=1
  INFO root [0x00004220] [2019-09-16 22:36:53,894] - Components::findComponents: found dbmgr, addr:192.168.56.1:54808
  WARN root [0x00004220] [2019-09-16 22:36:54,909] - Forwarding logs to logger[192.168.56.1:54810/0/0/0]...
 ERROR root [0x00004220] [2019-09-16 22:36:55,378] - Components::removeComponentByChannel: logger : 2000, Abnormal exit(reason=TCPPacketReceiver::processRecv(): error=10054
)! Channel(timestamp=281563745926, lastReceivedTime=281560145415, inactivityExceptionPeriod=134887564)
  INFO root [0x00004220] [2019-09-16 22:36:55,378] - The following logs sent to logger failed:
  WARN root [0x00004220] [2019-09-16 22:36:55,378] - ==> [2019-09-16 22:36:55 387] TCPPacketReceiver::processPendingEvents(192.168.56.1:54810): Throwing REASON_GENERAL_NETWORK - WSAECONNRESET
 ERROR root [0x00004220] [2019-09-16 22:36:55,393] - ==> [2019-09-16 22:36:55 390] Components::removeComponentByChannel: logger : 2000, Abnormal exit(reason=TCPPacketReceiver::processRecv(): error=10054
)! Channel(timestamp=281563745926, lastReceivedTime=281560145415, inactivityExceptionPeriod=134887564)
