  INFO root [0x00005d28] [2019-07-25 09:52:04,113] - 
  INFO root [0x00005d28] [2019-07-25 09:52:04,119] - -----------------------------------------------------------------------------------------


  INFO root [0x00005d28] [2019-07-25 09:52:04,382] - Resmgr::initialize: KBE_ROOT=D:/kbengine/
  INFO root [0x00005d28] [2019-07-25 09:52:04,382] - Resmgr::initialize: KBE_RES_PATH=D:/kbengine/kbe/res/;D:/kbengine/HappyPoker_assets/;D:/kbengine/HappyPoker_assets/scripts/;D:/kbengine/HappyPoker_assets/res/
  INFO root [0x00005d28] [2019-07-25 09:52:04,382] - Resmgr::initialize: KBE_BIN_PATH=D:/kbengine/kbe/bin/server/
  INFO root [0x00005d28] [2019-07-25 09:52:04,438] - NetworkInterface::initialize(INTERNAL-TCP): bound to all interfaces with default route interface on 192.168.56.1 ( 192.168.56.1:57094 )
  INFO root [0x00005d28] [2019-07-25 09:52:04,438] - NetworkInterface::initialize(INTERNAL-TCP): address 192.168.56.1:57094, SOMAXCONN=5.
  INFO root [0x00005d28] [2019-07-25 09:52:04,438] - server-configs:
  INFO root [0x00005d28] [2019-07-25 09:52:04,439] - 	gameUpdateHertz : 10
  INFO root [0x00005d28] [2019-07-25 09:52:04,502] - 	defaultViewRadius : 80
  INFO root [0x00005d28] [2019-07-25 09:52:04,503] - 	defaultViewHysteresisArea : 5
  INFO root [0x00005d28] [2019-07-25 09:52:04,503] - 	entryScriptFile : kbemain
  INFO root [0x00005d28] [2019-07-25 09:52:04,503] - 	internalTcpAddr : 192.168.56.1:57094
  INFO root [0x00005d28] [2019-07-25 09:52:04,503] - 	componentID : 8001
  WARN root [0x00005d28] [2019-07-25 09:52:04,503] - invalid UID(0) <= 0, please check UID for environment! automatically set to 2082.
  INFO root [0x00005d28] [2019-07-25 09:52:04,577] - ---- cellapp Version: 2.4.5. ScriptVersion: 0.1.0. Pythoncore: 3.7.3. Protocol: C9FCABE153AC3D64A8F240810ADA666D. Config: Debug X86. Built: 09:56:57 May  8 2019. AppID: 8001. UID: 2082. PID: 21348 ----
  INFO root [0x00005d28] [2019-07-25 09:52:04,577] - Server error_name: Intel(R) Core(TM) i5-6300HQ CPU @ 2.30GHz with 2097151kB RAM
  INFO root [0x00005d28] [2019-07-25 09:52:04,599] - ThreadPool::createThreadPool: creating  threadpool...
  INFO root [0x00005d28] [2019-07-25 09:52:04,603] - ThreadPool::createThreadPool: successfully(2), newThreadCount=1, normalMaxThreadCount=2, maxThreadCount=8
  INFO root [0x00005d28] [2019-07-25 09:52:05,165] - Script::install(): is successfully, Python=(3.7.3 (default, May  8 2019, 09:53:38) [MSC v.1916 32 bit (Intel)])!
  INFO root [0x00005d28] [2019-07-25 09:52:05,165] - Script::install(): KBExtra is successfully!
  WARN root [0x00005d28] [2019-07-25 09:52:06,670] - EntityDef::checkDefMethod: exposed of method: Account.leaveRoom, check the caller can use "def leaveRoom(self, callerID, ...)", such as: if callerID == self.id!
  WARN root [0x00005d28] [2019-07-25 09:52:06,671] - EntityDef::checkDefMethod: exposed of method: Account.playerMakeLandlord, check the caller can use "def playerMakeLandlord(self, callerID, ...)", such as: if callerID == self.id!
  WARN root [0x00005d28] [2019-07-25 09:52:06,672] - EntityDef::checkDefMethod: exposed of method: Account.setGameReady, check the caller can use "def setGameReady(self, callerID, ...)", such as: if callerID == self.id!
  WARN root [0x00005d28] [2019-07-25 09:52:06,672] - EntityDef::checkDefMethod: exposed of method: Account.stayRoom, check the caller can use "def stayRoom(self, callerID, ...)", such as: if callerID == self.id!
 DEBUG root [0x00005d28] [2019-07-25 09:52:06,673] - loaded entity-script:Account(1).
  WARN root [0x00005d28] [2019-07-25 09:52:06,675] - EntityDef::checkDefMethod: exposed of method: Room.playPoker, check the caller can use "def playPoker(self, callerID, ...)", such as: if callerID == self.id!
  WARN root [0x00005d28] [2019-07-25 09:52:06,675] - EntityDef::checkDefMethod: exposed of method: Room.unPlayPoker, check the caller can use "def unPlayPoker(self, callerID, ...)", such as: if callerID == self.id!
 DEBUG root [0x00005d28] [2019-07-25 09:52:06,675] - loaded entity-script:Room(3).
  INFO root [0x00005d28] [2019-07-25 09:52:06,707] - TelnetServer server is running on port 50000
  INFO root [0x00005d28] [2019-07-25 09:52:07,481] - ---- cellapp is running ----
 DEBUG root [0x00005d28] [2019-07-25 09:52:07,491] - Components::process(): Request for the process of identity...
  WARN root [0x00005d28] [2019-07-25 09:52:13,828] - EntityApp::checkTickPeriod: tick took 6347% (6.35 seconds)!
  WARN root [0x00005d28] [2019-07-25 09:52:13,884] - d:\kbengine\kbe\src\lib\network\event_dispatcher.cpp:153: Profile callSystemTimers took 0.13 seconds
  WARN root [0x00005d28] [2019-07-25 09:52:14,331] - d:\kbengine\kbe\src\lib\network\channel.cpp:1023: Profile processRecvMessages took 0.37 seconds
  WARN root [0x00005d28] [2019-07-25 09:52:14,332] - TCPPacketReceiver::processPendingEvents(192.168.56.1:57106): Throwing REASON_GENERAL_NETWORK - WSAECONNABORTED
  WARN root [0x00005d28] [2019-07-25 09:52:14,429] - EntityApp::checkTickPeriod: tick took 465% (0.47 seconds)!
  INFO root [0x00005d28] [2019-07-25 09:52:14,981] - Components::findComponents: find logger(1)...
  INFO root [0x00005d28] [2019-07-25 09:52:15,067] - Components::findComponents: found logger, addr:192.168.56.1:57091
  INFO root [0x00005d28] [2019-07-25 09:52:15,068] - Components::addComponent: reset orderLog, uid=2082!
  INFO root [0x00005d28] [2019-07-25 09:52:15,068] - Components::addComponent[logger], uid=2082, componentID=2000, globalorderid=1, grouporderid=1, totalcount=1
  INFO root [0x00005d28] [2019-07-25 09:52:15,069] - Components::findComponents: find dbmgr(2)...
  WARN root [0x00005d28] [2019-07-25 09:52:16,173] - EntityApp::checkTickPeriod: tick took 1291% (1.29 seconds)!
  WARN root [0x00005d28] [2019-07-25 09:52:16,173] - Forwarding logs to logger[192.168.56.1:57091/0/0/0]...
 ERROR root [0x00005d28] [2019-07-25 10:01:48,198] - Components::removeComponentByChannel: logger : 2000, Abnormal exit(reason=TCPPacketReceiver::processRecv(): error=10054
)! Channel(timestamp=2108191559636, lastReceivedTime=2108153548545, inactivityExceptionPeriod=134887373)
  INFO root [0x00005d28] [2019-07-25 10:01:48,203] - The following logs sent to logger failed:
  WARN root [0x00005d28] [2019-07-25 10:01:48,204] - ==> [2019-07-25 10:01:48 195] TCPPacketReceiver::processPendingEvents(192.168.56.1:57091): Throwing REASON_GENERAL_NETWORK - WSAECONNRESET
 ERROR root [0x00005d28] [2019-07-25 10:01:48,204] - ==> [2019-07-25 10:01:48 198] Components::removeComponentByChannel: logger : 2000, Abnormal exit(reason=TCPPacketReceiver::processRecv(): error=10054
)! Channel(timestamp=2108191559636, lastReceivedTime=2108153548545, inactivityExceptionPeriod=134887373)
  WARN root [0x00005d28] [2019-07-25 10:01:48,307] - TCPPacketReceiver::processPendingEvents(192.168.56.1:57093): Throwing REASON_GENERAL_NETWORK - WSAECONNRESET
 ERROR root [0x00005d28] [2019-07-25 10:01:48,312] - Components::removeComponentByChannel: dbmgr : 4000, Abnormal exit(reason=TCPPacketReceiver::processRecv(): error=10054
)! Channel(timestamp=2108191815808, lastReceivedTime=2108155348667, inactivityExceptionPeriod=134887373)
  INFO root [0x00005d28] [2019-07-25 10:01:48,320] - Shutdowner::onShutdownBegin: shutting down(period=0, tickPeriod=1)
  INFO root [0x00005d28] [2019-07-25 10:01:48,323] - Shutdowner::onShutdown: shutting down
  INFO root [0x00005d28] [2019-07-25 10:01:48,325] - Spaces::destroySpace: 1.
  INFO root [0x00005d28] [2019-07-25 10:01:48,325] - Shutdowner::onShutdownEnd: shutting down
 DEBUG root [0x00005d28] [2019-07-25 10:01:48,415] - Account::~Account(): 5
 DEBUG root [0x00005d28] [2019-07-25 10:01:48,428] - EntityRef::destroyObjPool(): size 16.
 DEBUG root [0x00005d28] [2019-07-25 10:01:48,428] - Witness::destroyObjPool(): size 16.
 ERROR root [0x00005d28] [2019-07-25 10:01:48,474] - EntityGarbages::~EntityGarbages(): leaked, size=1.
 ERROR root [0x00005d28] [2019-07-25 10:01:48,475] - 	--> leaked: Room(7).
 ERROR root [0x00005d28] [2019-07-25 10:01:48,478] - PyGC::debugTracing(): EntityCall : leaked(2)
 ERROR root [0x00005d28] [2019-07-25 10:01:48,479] - PyGC::debugTracing(): Vector3 : leaked(2)
 ERROR root [0x00005d28] [2019-07-25 10:01:48,481] - PyGC::debugTracing(): Entity : leaked(1)
 DEBUG root [0x00005d28] [2019-07-25 10:01:48,489] - Room::~Room(): 7
  INFO root [0x00005d28] [2019-07-25 10:01:48,502] - Script::uninstall(): is successfully!
 DEBUG root [0x00005d28] [2019-07-25 10:01:48,503] - ThreadPool::destroy(): starting size 2.
  INFO root [0x00003e2c] [2019-07-25 10:03:53,354] - 
  INFO root [0x00003e2c] [2019-07-25 10:03:53,358] - -----------------------------------------------------------------------------------------


  INFO root [0x00003e2c] [2019-07-25 10:03:53,359] - Resmgr::initialize: KBE_ROOT=D:/kbengine/
  INFO root [0x00003e2c] [2019-07-25 10:03:53,360] - Resmgr::initialize: KBE_RES_PATH=D:/kbengine/kbe/res/;D:/kbengine/HappyPoker_assets/;D:/kbengine/HappyPoker_assets/scripts/;D:/kbengine/HappyPoker_assets/res/
  INFO root [0x00003e2c] [2019-07-25 10:03:53,360] - Resmgr::initialize: KBE_BIN_PATH=D:/kbengine/kbe/bin/server/
  INFO root [0x00003e2c] [2019-07-25 10:03:53,444] - NetworkInterface::initialize(INTERNAL-TCP): bound to all interfaces with default route interface on 192.168.56.1 ( 192.168.56.1:57235 )
  INFO root [0x00003e2c] [2019-07-25 10:03:53,444] - NetworkInterface::initialize(INTERNAL-TCP): address 192.168.56.1:57235, SOMAXCONN=5.
  INFO root [0x00003e2c] [2019-07-25 10:03:53,444] - server-configs:
  INFO root [0x00003e2c] [2019-07-25 10:03:53,444] - 	gameUpdateHertz : 10
  INFO root [0x00003e2c] [2019-07-25 10:03:53,445] - 	defaultViewRadius : 80
  INFO root [0x00003e2c] [2019-07-25 10:03:53,445] - 	defaultViewHysteresisArea : 5
  INFO root [0x00003e2c] [2019-07-25 10:03:53,445] - 	entryScriptFile : kbemain
  INFO root [0x00003e2c] [2019-07-25 10:03:53,445] - 	internalTcpAddr : 192.168.56.1:57235
  INFO root [0x00003e2c] [2019-07-25 10:03:53,445] - 	componentID : 8001
  WARN root [0x00003e2c] [2019-07-25 10:03:53,445] - invalid UID(0) <= 0, please check UID for environment! automatically set to 2082.
  INFO root [0x00003e2c] [2019-07-25 10:03:54,952] - ---- cellapp Version: 2.4.5. ScriptVersion: 0.1.0. Pythoncore: 3.7.3. Protocol: C9FCABE153AC3D64A8F240810ADA666D. Config: Debug X86. Built: 09:56:57 May  8 2019. AppID: 8001. UID: 2082. PID: 24456 ----
  INFO root [0x00003e2c] [2019-07-25 10:03:54,952] - Server error_name: Intel(R) Core(TM) i5-6300HQ CPU @ 2.30GHz with 2097151kB RAM
  INFO root [0x00003e2c] [2019-07-25 10:03:54,952] - ThreadPool::createThreadPool: creating  threadpool...
  INFO root [0x00003e2c] [2019-07-25 10:03:54,953] - ThreadPool::createThreadPool: successfully(2), newThreadCount=1, normalMaxThreadCount=2, maxThreadCount=8
  INFO root [0x00003e2c] [2019-07-25 10:03:55,194] - Script::install(): is successfully, Python=(3.7.3 (default, May  8 2019, 09:53:38) [MSC v.1916 32 bit (Intel)])!
  INFO root [0x00003e2c] [2019-07-25 10:03:55,195] - Script::install(): KBExtra is successfully!
  WARN root [0x00003e2c] [2019-07-25 10:03:55,374] - EntityDef::checkDefMethod: exposed of method: Account.leaveRoom, check the caller can use "def leaveRoom(self, callerID, ...)", such as: if callerID == self.id!
  WARN root [0x00003e2c] [2019-07-25 10:03:55,376] - EntityDef::checkDefMethod: exposed of method: Account.playerMakeLandlord, check the caller can use "def playerMakeLandlord(self, callerID, ...)", such as: if callerID == self.id!
  WARN root [0x00003e2c] [2019-07-25 10:03:55,380] - EntityDef::checkDefMethod: exposed of method: Account.setGameReady, check the caller can use "def setGameReady(self, callerID, ...)", such as: if callerID == self.id!
  WARN root [0x00003e2c] [2019-07-25 10:03:55,382] - EntityDef::checkDefMethod: exposed of method: Account.stayRoom, check the caller can use "def stayRoom(self, callerID, ...)", such as: if callerID == self.id!
 DEBUG root [0x00003e2c] [2019-07-25 10:03:55,382] - loaded entity-script:Account(1).
  WARN root [0x00003e2c] [2019-07-25 10:03:55,384] - EntityDef::checkDefMethod: exposed of method: Room.playPoker, check the caller can use "def playPoker(self, callerID, ...)", such as: if callerID == self.id!
  WARN root [0x00003e2c] [2019-07-25 10:03:55,385] - EntityDef::checkDefMethod: exposed of method: Room.unPlayPoker, check the caller can use "def unPlayPoker(self, callerID, ...)", such as: if callerID == self.id!
 DEBUG root [0x00003e2c] [2019-07-25 10:03:55,385] - loaded entity-script:Room(3).
  INFO root [0x00003e2c] [2019-07-25 10:03:55,388] - TelnetServer server is running on port 50000
  INFO root [0x00003e2c] [2019-07-25 10:03:55,913] - ---- cellapp is running ----
 DEBUG root [0x00003e2c] [2019-07-25 10:03:55,913] - Components::process(): Request for the process of identity...
  WARN root [0x00003e2c] [2019-07-25 10:04:02,059] - EntityApp::checkTickPeriod: tick took 6146% (6.15 seconds)!
  INFO root [0x00003e2c] [2019-07-25 10:04:03,113] - Components::findComponents: find logger(1)...
  INFO root [0x00003e2c] [2019-07-25 10:04:03,208] - Components::findComponents: found logger, addr:192.168.56.1:57230
  INFO root [0x00003e2c] [2019-07-25 10:04:03,208] - Components::addComponent: reset orderLog, uid=2082!
  INFO root [0x00003e2c] [2019-07-25 10:04:03,208] - Components::addComponent[logger], uid=2082, componentID=2000, globalorderid=1, grouporderid=1, totalcount=1
  INFO root [0x00003e2c] [2019-07-25 10:04:03,209] - Components::findComponents: find dbmgr(2)...
  INFO root [0x00003e2c] [2019-07-25 10:04:03,312] - Components::findComponents: found dbmgr, addr:192.168.56.1:57232
  INFO root [0x00003e2c] [2019-07-25 10:04:03,312] - Components::addComponent: reset orderLog, uid=2082!
  INFO root [0x00003e2c] [2019-07-25 10:04:03,313] - Components::addComponent[dbmgr], uid=2082, componentID=4000, globalorderid=1, grouporderid=1, totalcount=1
  INFO root [0x00003e2c] [2019-07-25 10:04:03,313] - Components::findComponents: found dbmgr, addr:192.168.56.1:57232
  WARN root [0x00003e2c] [2019-07-25 10:04:04,314] - EntityApp::checkTickPeriod: tick took 1301% (1.30 seconds)!
  WARN root [0x00003e2c] [2019-07-25 10:04:04,315] - Forwarding logs to logger[192.168.56.1:57230/0/0/0]...
 ERROR root [0x00003e2c] [2019-07-25 10:11:25,382] - Components::removeComponentByChannel: logger : 2000, Abnormal exit(reason=TCPPacketReceiver::processRecv(): error=10054
)! Channel(timestamp=2109490223362, lastReceivedTime=2109485256755, inactivityExceptionPeriod=134887373)
  INFO root [0x00003e2c] [2019-07-25 10:11:25,385] - The following logs sent to logger failed:
  WARN root [0x00003e2c] [2019-07-25 10:11:25,386] - ==> [2019-07-25 10:11:25 379] TCPPacketReceiver::processPendingEvents(192.168.56.1:57230): Throwing REASON_GENERAL_NETWORK - WSAECONNRESET
 ERROR root [0x00003e2c] [2019-07-25 10:11:25,386] - ==> [2019-07-25 10:11:25 383] Components::removeComponentByChannel: logger : 2000, Abnormal exit(reason=TCPPacketReceiver::processRecv(): error=10054
)! Channel(timestamp=2109490223362, lastReceivedTime=2109485256755, inactivityExceptionPeriod=134887373)
  WARN root [0x00003e2c] [2019-07-25 10:11:25,495] - TCPPacketReceiver::processPendingEvents(192.168.56.1:57232): Throwing REASON_GENERAL_NETWORK - WSAECONNRESET
 ERROR root [0x00003e2c] [2019-07-25 10:11:25,496] - Components::removeComponentByChannel: dbmgr : 4000, Abnormal exit(reason=TCPPacketReceiver::processRecv(): error=10054
)! Channel(timestamp=2109490479753, lastReceivedTime=2109485764301, inactivityExceptionPeriod=134887373)
  INFO root [0x00003e2c] [2019-07-25 10:11:25,515] - Shutdowner::onShutdownBegin: shutting down(period=0, tickPeriod=1)
  INFO root [0x00003e2c] [2019-07-25 10:11:25,519] - Shutdowner::onShutdown: shutting down
  INFO root [0x00003e2c] [2019-07-25 10:11:25,520] - Spaces::destroySpace: 1.
  INFO root [0x00003e2c] [2019-07-25 10:11:25,520] - Shutdowner::onShutdownEnd: shutting down
 DEBUG root [0x00003e2c] [2019-07-25 10:11:25,522] - EntityRef::destroyObjPool(): size 16.
 DEBUG root [0x00003e2c] [2019-07-25 10:11:25,523] - Witness::destroyObjPool(): size 16.
 ERROR root [0x00003e2c] [2019-07-25 10:11:25,535] - EntityGarbages::~EntityGarbages(): leaked, size=1.
 ERROR root [0x00003e2c] [2019-07-25 10:11:25,537] - 	--> leaked: Room(2007).
 ERROR root [0x00003e2c] [2019-07-25 10:11:25,546] - PyGC::debugTracing(): EntityCall : leaked(1)
 ERROR root [0x00003e2c] [2019-07-25 10:11:25,547] - PyGC::debugTracing(): Vector3 : leaked(2)
 ERROR root [0x00003e2c] [2019-07-25 10:11:25,550] - PyGC::debugTracing(): Entity : leaked(1)
 DEBUG root [0x00003e2c] [2019-07-25 10:11:25,559] - Room::~Room(): 2007
  INFO root [0x00003e2c] [2019-07-25 10:11:25,575] - Script::uninstall(): is successfully!
 DEBUG root [0x00003e2c] [2019-07-25 10:11:25,575] - ThreadPool::destroy(): starting size 2.
  WARN root [0x00003e2c] [2019-07-25 10:11:25,877] - ThreadPool::destroy(): waiting for thread(2)[0x2081170,0x2081928,], try=1
