  INFO root [0x00001e28] [2019-08-20 09:55:27,573] - 
  INFO root [0x00001e28] [2019-08-20 09:55:27,573] - -----------------------------------------------------------------------------------------


  INFO root [0x00001e28] [2019-08-20 09:55:27,573] - Resmgr::initialize: KBE_ROOT=D:/kbengine/
  INFO root [0x00001e28] [2019-08-20 09:55:27,573] - Resmgr::initialize: KBE_RES_PATH=D:/kbengine/kbe/res/;D:/kbengine/HappyPoker_assets/;D:/kbengine/HappyPoker_assets/scripts/;D:/kbengine/HappyPoker_assets/res/
  INFO root [0x00001e28] [2019-08-20 09:55:27,573] - Resmgr::initialize: KBE_BIN_PATH=D:/kbengine/kbe/bin/server/
  INFO root [0x00001e28] [2019-08-20 09:55:27,615] - NetworkInterface::initialize(INTERNAL-TCP): bound to all interfaces with default route interface on 192.168.56.1 ( 192.168.56.1:52558 )
  INFO root [0x00001e28] [2019-08-20 09:55:27,615] - NetworkInterface::initialize(INTERNAL-TCP): address 192.168.56.1:52558, SOMAXCONN=5.
  INFO root [0x00001e28] [2019-08-20 09:55:27,615] - server-configs:
  INFO root [0x00001e28] [2019-08-20 09:55:27,615] - 	gameUpdateHertz : 10
  INFO root [0x00001e28] [2019-08-20 09:55:27,615] - 	defaultViewRadius : 80
  INFO root [0x00001e28] [2019-08-20 09:55:27,615] - 	defaultViewHysteresisArea : 5
  INFO root [0x00001e28] [2019-08-20 09:55:27,615] - 	entryScriptFile : kbemain
  INFO root [0x00001e28] [2019-08-20 09:55:27,615] - 	internalTcpAddr : 192.168.56.1:52558
  INFO root [0x00001e28] [2019-08-20 09:55:27,615] - 	componentID : 8001
  WARN root [0x00001e28] [2019-08-20 09:55:27,615] - invalid UID(0) <= 0, please check UID for environment! automatically set to 2082.
  WARN root [0x00001e28] [2019-08-20 09:55:28,202] - BundleBroadcast::BundleBroadcast: Cannot bind to port 20968, errorno=10048
  INFO root [0x00001e28] [2019-08-20 09:55:28,205] - ---- cellapp Version: 2.4.5. ScriptVersion: 0.1.0. Pythoncore: 3.7.3. Protocol: C9FCABE153AC3D64A8F240810ADA666D. Config: Debug X86. Built: 09:56:57 May  8 2019. AppID: 8001. UID: 2082. PID: 2160 ----
  INFO root [0x00001e28] [2019-08-20 09:55:28,205] - Server error_name: Intel(R) Core(TM) i5-6300HQ CPU @ 2.30GHz with 2097151kB RAM
  INFO root [0x00001e28] [2019-08-20 09:55:28,205] - ThreadPool::createThreadPool: creating  threadpool...
  INFO root [0x00001e28] [2019-08-20 09:55:28,205] - ThreadPool::createThreadPool: successfully(2), newThreadCount=1, normalMaxThreadCount=2, maxThreadCount=8
  INFO root [0x00001e28] [2019-08-20 09:55:28,417] - Script::install(): is successfully, Python=(3.7.3 (default, May  8 2019, 09:53:38) [MSC v.1916 32 bit (Intel)])!
  INFO root [0x00001e28] [2019-08-20 09:55:28,417] - Script::install(): KBExtra is successfully!
  WARN root [0x00001e28] [2019-08-20 09:55:28,943] - EntityDef::checkDefMethod: exposed of method: Account.leaveRoom, check the caller can use "def leaveRoom(self, callerID, ...)", such as: if callerID == self.id!
  WARN root [0x00001e28] [2019-08-20 09:55:28,943] - EntityDef::checkDefMethod: exposed of method: Account.playerMakeLandlord, check the caller can use "def playerMakeLandlord(self, callerID, ...)", such as: if callerID == self.id!
  WARN root [0x00001e28] [2019-08-20 09:55:28,943] - EntityDef::checkDefMethod: exposed of method: Account.setGameReady, check the caller can use "def setGameReady(self, callerID, ...)", such as: if callerID == self.id!
  WARN root [0x00001e28] [2019-08-20 09:55:28,943] - EntityDef::checkDefMethod: exposed of method: Account.stayRoom, check the caller can use "def stayRoom(self, callerID, ...)", such as: if callerID == self.id!
 DEBUG root [0x00001e28] [2019-08-20 09:55:28,943] - loaded entity-script:Account(1).
  WARN root [0x00001e28] [2019-08-20 09:55:28,953] - EntityDef::checkDefMethod: exposed of method: Room.playPoker, check the caller can use "def playPoker(self, callerID, ...)", such as: if callerID == self.id!
  WARN root [0x00001e28] [2019-08-20 09:55:28,953] - EntityDef::checkDefMethod: exposed of method: Room.unPlayPoker, check the caller can use "def unPlayPoker(self, callerID, ...)", such as: if callerID == self.id!
 DEBUG root [0x00001e28] [2019-08-20 09:55:28,953] - loaded entity-script:Room(3).
  INFO root [0x00001e28] [2019-08-20 09:55:28,953] - TelnetServer server is running on port 50000
  INFO root [0x00001e28] [2019-08-20 09:55:29,363] - ---- cellapp is running ----
 DEBUG root [0x00001e28] [2019-08-20 09:55:29,363] - Components::process(): Request for the process of identity...
  WARN root [0x00001e28] [2019-08-20 09:55:35,623] - EntityApp::checkTickPeriod: tick took 6260% (6.26 seconds)!
  INFO root [0x00001e28] [2019-08-20 09:55:36,682] - Components::findComponents: find logger(1)...
  INFO root [0x00001e28] [2019-08-20 09:55:36,766] - Components::findComponents: found logger, addr:192.168.56.1:52561
  INFO root [0x00001e28] [2019-08-20 09:55:36,766] - Components::addComponent: reset orderLog, uid=2082!
  INFO root [0x00001e28] [2019-08-20 09:55:36,766] - Components::addComponent[logger], uid=2082, componentID=2000, globalorderid=1, grouporderid=1, totalcount=1
  INFO root [0x00001e28] [2019-08-20 09:55:36,766] - Components::findComponents: find dbmgr(2)...
  WARN root [0x00001e28] [2019-08-20 09:55:37,893] - EntityApp::checkTickPeriod: tick took 1309% (1.31 seconds)!
  WARN root [0x00001e28] [2019-08-20 09:55:37,893] - Forwarding logs to logger[192.168.56.1:52561/0/0/0]...
 ERROR root [0x00001e28] [2019-08-20 09:55:40,052] - Components::removeComponentByChannel: logger : 2000, Abnormal exit(reason=TCPPacketReceiver::processRecv(): error=10054
)! Channel(timestamp=159583655401, lastReceivedTime=159576265043, inactivityExceptionPeriod=134887325)
  INFO root [0x00001e28] [2019-08-20 09:55:40,052] - The following logs sent to logger failed:
  WARN root [0x00001e28] [2019-08-20 09:55:40,052] - ==> [2019-08-20 09:55:40 055] TCPPacketReceiver::processPendingEvents(192.168.56.1:52561): Throwing REASON_GENERAL_NETWORK - WSAECONNRESET
 ERROR root [0x00001e28] [2019-08-20 09:55:40,052] - ==> [2019-08-20 09:55:40 055] Components::removeComponentByChannel: logger : 2000, Abnormal exit(reason=TCPPacketReceiver::processRecv(): error=10054
)! Channel(timestamp=159583655401, lastReceivedTime=159576265043, inactivityExceptionPeriod=134887325)
  INFO root [0x000023d8] [2019-08-20 09:56:14,153] - 
  INFO root [0x000023d8] [2019-08-20 09:56:14,153] - -----------------------------------------------------------------------------------------


  INFO root [0x000023d8] [2019-08-20 09:56:14,153] - Resmgr::initialize: KBE_ROOT=D:/kbengine/
  INFO root [0x000023d8] [2019-08-20 09:56:14,156] - Resmgr::initialize: KBE_RES_PATH=D:/kbengine/kbe/res/;D:/kbengine/HappyPoker_assets/;D:/kbengine/HappyPoker_assets/scripts/;D:/kbengine/HappyPoker_assets/res/
  INFO root [0x000023d8] [2019-08-20 09:56:14,156] - Resmgr::initialize: KBE_BIN_PATH=D:/kbengine/kbe/bin/server/
  INFO root [0x000023d8] [2019-08-20 09:56:14,177] - NetworkInterface::initialize(INTERNAL-TCP): bound to all interfaces with default route interface on 192.168.56.1 ( 192.168.56.1:52588 )
  INFO root [0x000023d8] [2019-08-20 09:56:14,177] - NetworkInterface::initialize(INTERNAL-TCP): address 192.168.56.1:52588, SOMAXCONN=5.
  INFO root [0x000023d8] [2019-08-20 09:56:14,177] - server-configs:
  INFO root [0x000023d8] [2019-08-20 09:56:14,177] - 	gameUpdateHertz : 10
  INFO root [0x000023d8] [2019-08-20 09:56:14,177] - 	defaultViewRadius : 80
  INFO root [0x000023d8] [2019-08-20 09:56:14,177] - 	defaultViewHysteresisArea : 5
  INFO root [0x000023d8] [2019-08-20 09:56:14,177] - 	entryScriptFile : kbemain
  INFO root [0x000023d8] [2019-08-20 09:56:14,177] - 	internalTcpAddr : 192.168.56.1:52588
  INFO root [0x000023d8] [2019-08-20 09:56:14,177] - 	componentID : 8001
  WARN root [0x000023d8] [2019-08-20 09:56:14,177] - invalid UID(0) <= 0, please check UID for environment! automatically set to 2082.
  INFO root [0x000023d8] [2019-08-20 09:56:15,686] - ---- cellapp Version: 2.4.5. ScriptVersion: 0.1.0. Pythoncore: 3.7.3. Protocol: C9FCABE153AC3D64A8F240810ADA666D. Config: Debug X86. Built: 09:56:57 May  8 2019. AppID: 8001. UID: 2082. PID: 9464 ----
  INFO root [0x000023d8] [2019-08-20 09:56:15,686] - Server error_name: Intel(R) Core(TM) i5-6300HQ CPU @ 2.30GHz with 2097151kB RAM
  INFO root [0x000023d8] [2019-08-20 09:56:15,686] - ThreadPool::createThreadPool: creating  threadpool...
  INFO root [0x000023d8] [2019-08-20 09:56:15,686] - ThreadPool::createThreadPool: successfully(2), newThreadCount=1, normalMaxThreadCount=2, maxThreadCount=8
  INFO root [0x000023d8] [2019-08-20 09:56:15,887] - Script::install(): is successfully, Python=(3.7.3 (default, May  8 2019, 09:53:38) [MSC v.1916 32 bit (Intel)])!
  INFO root [0x000023d8] [2019-08-20 09:56:15,887] - Script::install(): KBExtra is successfully!
  WARN root [0x000023d8] [2019-08-20 09:56:16,044] - EntityDef::checkDefMethod: exposed of method: Account.leaveRoom, check the caller can use "def leaveRoom(self, callerID, ...)", such as: if callerID == self.id!
  WARN root [0x000023d8] [2019-08-20 09:56:16,046] - EntityDef::checkDefMethod: exposed of method: Account.playerMakeLandlord, check the caller can use "def playerMakeLandlord(self, callerID, ...)", such as: if callerID == self.id!
  WARN root [0x000023d8] [2019-08-20 09:56:16,046] - EntityDef::checkDefMethod: exposed of method: Account.setGameReady, check the caller can use "def setGameReady(self, callerID, ...)", such as: if callerID == self.id!
  WARN root [0x000023d8] [2019-08-20 09:56:16,050] - EntityDef::checkDefMethod: exposed of method: Account.stayRoom, check the caller can use "def stayRoom(self, callerID, ...)", such as: if callerID == self.id!
 DEBUG root [0x000023d8] [2019-08-20 09:56:16,050] - loaded entity-script:Account(1).
  WARN root [0x000023d8] [2019-08-20 09:56:16,050] - EntityDef::checkDefMethod: exposed of method: Room.playPoker, check the caller can use "def playPoker(self, callerID, ...)", such as: if callerID == self.id!
  WARN root [0x000023d8] [2019-08-20 09:56:16,050] - EntityDef::checkDefMethod: exposed of method: Room.unPlayPoker, check the caller can use "def unPlayPoker(self, callerID, ...)", such as: if callerID == self.id!
 DEBUG root [0x000023d8] [2019-08-20 09:56:16,050] - loaded entity-script:Room(3).
  INFO root [0x000023d8] [2019-08-20 09:56:16,056] - TelnetServer server is running on port 50000
  INFO root [0x000023d8] [2019-08-20 09:56:16,505] - ---- cellapp is running ----
 DEBUG root [0x000023d8] [2019-08-20 09:56:16,505] - Components::process(): Request for the process of identity...
  WARN root [0x000023d8] [2019-08-20 09:56:22,793] - EntityApp::checkTickPeriod: tick took 6283% (6.28 seconds)!
  INFO root [0x000023d8] [2019-08-20 09:56:23,873] - Components::findComponents: find logger(1)...
  INFO root [0x000023d8] [2019-08-20 09:56:23,913] - Components::findComponents: found logger, addr:192.168.56.1:52594
  INFO root [0x000023d8] [2019-08-20 09:56:23,913] - Components::addComponent: reset orderLog, uid=2082!
  INFO root [0x000023d8] [2019-08-20 09:56:23,913] - Components::addComponent[logger], uid=2082, componentID=2000, globalorderid=1, grouporderid=1, totalcount=1
  INFO root [0x000023d8] [2019-08-20 09:56:23,913] - Components::findComponents: find dbmgr(2)...
  WARN root [0x000023d8] [2019-08-20 09:56:25,051] - Forwarding logs to logger[192.168.56.1:52594/0/0/0]...
 ERROR root [0x000023d8] [2019-08-20 09:56:51,043] - Components::removeComponentByChannel: logger : 2000, Abnormal exit(reason=TCPPacketReceiver::processRecv(): error=10054
)! Channel(timestamp=159743378552, lastReceivedTime=159728216835, inactivityExceptionPeriod=134887085)
  INFO root [0x000023d8] [2019-08-20 09:56:51,047] - The following logs sent to logger failed:
  WARN root [0x000023d8] [2019-08-20 09:56:51,047] - ==> [2019-08-20 09:56:51 032] TCPPacketReceiver::processPendingEvents(192.168.56.1:52594): Throwing REASON_GENERAL_NETWORK - WSAECONNRESET
 ERROR root [0x000023d8] [2019-08-20 09:56:51,047] - ==> [2019-08-20 09:56:51 043] Components::removeComponentByChannel: logger : 2000, Abnormal exit(reason=TCPPacketReceiver::processRecv(): error=10054
)! Channel(timestamp=159743378552, lastReceivedTime=159728216835, inactivityExceptionPeriod=134887085)
  WARN root [0x000023d8] [2019-08-20 09:56:51,146] - TCPPacketReceiver::processPendingEvents(192.168.56.1:52590): Throwing REASON_GENERAL_NETWORK - WSAECONNRESET
 ERROR root [0x000023d8] [2019-08-20 09:56:51,153] - Components::removeComponentByChannel: dbmgr : 4000, Abnormal exit(reason=TCPPacketReceiver::processRecv(): error=10054
)! Channel(timestamp=159743629838, lastReceivedTime=159732713548, inactivityExceptionPeriod=134887085)
  INFO root [0x000023d8] [2019-08-20 09:56:51,163] - Shutdowner::onShutdownBegin: shutting down(period=0, tickPeriod=1)
  INFO root [0x000023d8] [2019-08-20 09:56:51,166] - Shutdowner::onShutdown: shutting down
  INFO root [0x000023d8] [2019-08-20 09:56:51,166] - Shutdowner::onShutdownEnd: shutting down
 DEBUG root [0x000023d8] [2019-08-20 09:56:51,166] - EntityRef::destroyObjPool(): size 0.
 DEBUG root [0x000023d8] [2019-08-20 09:56:51,166] - Witness::destroyObjPool(): size 0.
  INFO root [0x000023d8] [2019-08-20 09:56:51,196] - Script::uninstall(): is successfully!
 DEBUG root [0x000023d8] [2019-08-20 09:56:51,196] - ThreadPool::destroy(): starting size 2.
  WARN root [0x000023d8] [2019-08-20 09:56:51,503] - ThreadPool::destroy(): waiting for thread(2)[0xba1810,0xba1ae8,], try=1
