  INFO root [0x00004f04] [2019-07-02 09:07:55,379] - 
  INFO root [0x00004f04] [2019-07-02 09:07:55,393] - -----------------------------------------------------------------------------------------


  INFO root [0x00004f04] [2019-07-02 09:07:55,728] - Resmgr::initialize: KBE_ROOT=D:/kbengine/
  INFO root [0x00004f04] [2019-07-02 09:07:55,730] - Resmgr::initialize: KBE_RES_PATH=D:/kbengine/kbe/res/;D:/kbengine/HappyPoker_assets/;D:/kbengine/HappyPoker_assets/scripts/;D:/kbengine/HappyPoker_assets/res/
  INFO root [0x00004f04] [2019-07-02 09:07:55,730] - Resmgr::initialize: KBE_BIN_PATH=D:/kbengine/kbe/bin/server/
  INFO root [0x00004f04] [2019-07-02 09:07:55,949] - NetworkInterface::initialize(INTERNAL-TCP): bound to all interfaces with default route interface on 192.168.56.1 ( 192.168.56.1:58849 )
  INFO root [0x00004f04] [2019-07-02 09:07:55,951] - NetworkInterface::initialize(INTERNAL-TCP): address 192.168.56.1:58849, SOMAXCONN=5.
  INFO root [0x00004f04] [2019-07-02 09:07:55,951] - server-configs:
  INFO root [0x00004f04] [2019-07-02 09:07:55,951] - 	gameUpdateHertz : 10
  INFO root [0x00004f04] [2019-07-02 09:07:55,983] - 	defaultViewRadius : 80
  INFO root [0x00004f04] [2019-07-02 09:07:55,983] - 	defaultViewHysteresisArea : 5
  INFO root [0x00004f04] [2019-07-02 09:07:55,983] - 	entryScriptFile : kbemain
  INFO root [0x00004f04] [2019-07-02 09:07:55,983] - 	internalTcpAddr : 192.168.56.1:58849
  INFO root [0x00004f04] [2019-07-02 09:07:55,983] - 	componentID : 8001
  WARN root [0x00004f04] [2019-07-02 09:07:55,984] - invalid UID(0) <= 0, please check UID for environment! automatically set to 3960.
  INFO root [0x00004f04] [2019-07-02 09:07:56,290] - Components::findLogger: found logger, addr:192.168.56.1:58837
  INFO root [0x00004f04] [2019-07-02 09:07:56,290] - Components::addComponent: reset orderLog, uid=3960!
  INFO root [0x00004f04] [2019-07-02 09:07:56,290] - Components::addComponent[logger], uid=3960, componentID=2000, globalorderid=1, grouporderid=1, totalcount=1
  INFO root [0x00004f04] [2019-07-02 09:07:56,326] - ---- cellapp Version: 2.4.5. ScriptVersion: 0.1.0. Pythoncore: 3.7.3. Protocol: C9FCABE153AC3D64A8F240810ADA666D. Config: Debug X86. Built: 09:56:57 May  8 2019. AppID: 8001. UID: 3960. PID: 17612 ----
  INFO root [0x00004f04] [2019-07-02 09:07:56,327] - Server error_name: Intel(R) Core(TM) i5-6300HQ CPU @ 2.30GHz with 2097151kB RAM
  INFO root [0x00004f04] [2019-07-02 09:07:56,370] - ThreadPool::createThreadPool: creating  threadpool...
  INFO root [0x00004f04] [2019-07-02 09:07:56,428] - ThreadPool::createThreadPool: successfully(2), newThreadCount=1, normalMaxThreadCount=2, maxThreadCount=8
  INFO root [0x00004f04] [2019-07-02 09:07:56,998] - Script::install(): is successfully, Python=(3.7.3 (default, May  8 2019, 09:53:38) [MSC v.1916 32 bit (Intel)])!
  INFO root [0x00004f04] [2019-07-02 09:07:56,998] - Script::install(): KBExtra is successfully!
  WARN root [0x00004f04] [2019-07-02 09:07:57,446] - EntityDef::checkDefMethod: exposed of method: Account.leaveRoom, check the caller can use "def leaveRoom(self, callerID, ...)", such as: if callerID == self.id!
  WARN root [0x00004f04] [2019-07-02 09:07:57,447] - EntityDef::checkDefMethod: exposed of method: Account.playerMakeLandlord, check the caller can use "def playerMakeLandlord(self, callerID, ...)", such as: if callerID == self.id!
  WARN root [0x00004f04] [2019-07-02 09:07:57,449] - EntityDef::checkDefMethod: exposed of method: Account.setGameReady, check the caller can use "def setGameReady(self, callerID, ...)", such as: if callerID == self.id!
 DEBUG root [0x00004f04] [2019-07-02 09:07:57,449] - loaded entity-script:Account(1).
  WARN root [0x00004f04] [2019-07-02 09:07:57,452] - EntityDef::checkDefMethod: exposed of method: Room.playPoker, check the caller can use "def playPoker(self, callerID, ...)", such as: if callerID == self.id!
  WARN root [0x00004f04] [2019-07-02 09:07:57,452] - EntityDef::checkDefMethod: exposed of method: Room.unPlayPoker, check the caller can use "def unPlayPoker(self, callerID, ...)", such as: if callerID == self.id!
 DEBUG root [0x00004f04] [2019-07-02 09:07:57,452] - loaded entity-script:Room(3).
  INFO root [0x00004f04] [2019-07-02 09:07:57,538] - TelnetServer server is running on port 50000
  INFO root [0x00004f04] [2019-07-02 09:07:59,484] - ---- cellapp is running ----
 DEBUG root [0x00004f04] [2019-07-02 09:07:59,484] - Components::process(): Request for the process of identity...
  WARN root [0x00004f04] [2019-07-02 09:08:05,770] - Forwarding logs to logger[192.168.56.1:58837/0/0/0]...
 ERROR root [0x00004f04] [2019-07-02 09:09:52,733] - Components::removeComponentByChannel: logger : 2000, Abnormal exit(reason=TCPPacketReceiver::processRecv(): error=10054
)! Channel(timestamp=2444292389180, lastReceivedTime=2444286295363, inactivityExceptionPeriod=134887628)
  INFO root [0x00004f04] [2019-07-02 09:09:52,736] - The following logs sent to logger failed:
  WARN root [0x00004f04] [2019-07-02 09:09:52,736] - ==> [2019-07-02 09:09:52 728] TCPPacketReceiver::processPendingEvents(192.168.56.1:58837): Throwing REASON_GENERAL_NETWORK - WSAECONNRESET
 ERROR root [0x00004f04] [2019-07-02 09:09:52,737] - ==> [2019-07-02 09:09:52 734] Components::removeComponentByChannel: logger : 2000, Abnormal exit(reason=TCPPacketReceiver::processRecv(): error=10054
)! Channel(timestamp=2444292389180, lastReceivedTime=2444286295363, inactivityExceptionPeriod=134887628)
  WARN root [0x00004f04] [2019-07-02 09:09:52,865] - TCPPacketReceiver::processPendingEvents(192.168.56.1:58838): Throwing REASON_GENERAL_NETWORK - WSAECONNRESET
 ERROR root [0x00004f04] [2019-07-02 09:09:52,866] - Components::removeComponentByChannel: dbmgr : 4000, Abnormal exit(reason=TCPPacketReceiver::processRecv(): error=10054
)! Channel(timestamp=2444292689163, lastReceivedTime=2444289899953, inactivityExceptionPeriod=134887628)
  INFO root [0x00004f04] [2019-07-02 09:09:52,876] - Shutdowner::onShutdownBegin: shutting down(period=0, tickPeriod=1)
  INFO root [0x00004f04] [2019-07-02 09:09:52,877] - Shutdowner::onShutdown: shutting down
  INFO root [0x00004f04] [2019-07-02 09:09:52,932] - Spaces::destroySpace: 1.
  INFO root [0x00004f04] [2019-07-02 09:09:52,932] - Shutdowner::onShutdownEnd: shutting down
 DEBUG root [0x00004f04] [2019-07-02 09:09:52,989] - Account::~Account(): 2
 DEBUG root [0x00004f04] [2019-07-02 09:09:53,011] - EntityRef::destroyObjPool(): size 16.
 DEBUG root [0x00004f04] [2019-07-02 09:09:53,012] - Witness::destroyObjPool(): size 16.
 DEBUG root [0x00004f04] [2019-07-02 09:09:53,046] - Room::~Room(): 3
  INFO root [0x00004f04] [2019-07-02 09:09:53,078] - Script::uninstall(): is successfully!
 DEBUG root [0x00004f04] [2019-07-02 09:09:53,078] - ThreadPool::destroy(): starting size 2.
  WARN root [0x00004f04] [2019-07-02 09:09:53,392] - ThreadPool::destroy(): waiting for thread(2)[0x1bfe60,0x1bf3d0,], try=1
  INFO root [0x00005710] [2019-07-02 09:10:21,278] - 
  INFO root [0x00005710] [2019-07-02 09:10:21,283] - -----------------------------------------------------------------------------------------


  INFO root [0x00005710] [2019-07-02 09:10:21,286] - Resmgr::initialize: KBE_ROOT=D:/kbengine/
  INFO root [0x00005710] [2019-07-02 09:10:21,286] - Resmgr::initialize: KBE_RES_PATH=D:/kbengine/kbe/res/;D:/kbengine/HappyPoker_assets/;D:/kbengine/HappyPoker_assets/scripts/;D:/kbengine/HappyPoker_assets/res/
  INFO root [0x00005710] [2019-07-02 09:10:21,286] - Resmgr::initialize: KBE_BIN_PATH=D:/kbengine/kbe/bin/server/
  INFO root [0x00005710] [2019-07-02 09:10:21,349] - NetworkInterface::initialize(INTERNAL-TCP): bound to all interfaces with default route interface on 192.168.56.1 ( 192.168.56.1:58919 )
  INFO root [0x00005710] [2019-07-02 09:10:21,349] - NetworkInterface::initialize(INTERNAL-TCP): address 192.168.56.1:58919, SOMAXCONN=5.
  INFO root [0x00005710] [2019-07-02 09:10:21,350] - server-configs:
  INFO root [0x00005710] [2019-07-02 09:10:21,350] - 	gameUpdateHertz : 10
  INFO root [0x00005710] [2019-07-02 09:10:21,350] - 	defaultViewRadius : 80
  INFO root [0x00005710] [2019-07-02 09:10:21,350] - 	defaultViewHysteresisArea : 5
  INFO root [0x00005710] [2019-07-02 09:10:21,350] - 	entryScriptFile : kbemain
  INFO root [0x00005710] [2019-07-02 09:10:21,350] - 	internalTcpAddr : 192.168.56.1:58919
  INFO root [0x00005710] [2019-07-02 09:10:21,350] - 	componentID : 8001
  WARN root [0x00005710] [2019-07-02 09:10:21,352] - invalid UID(0) <= 0, please check UID for environment! automatically set to 3960.
  WARN root [0x00005710] [2019-07-02 09:10:21,856] - BundleBroadcast::BundleBroadcast: Cannot bind to port 20582, errorno=10048
  INFO root [0x00005710] [2019-07-02 09:10:21,860] - ---- cellapp Version: 2.4.5. ScriptVersion: 0.1.0. Pythoncore: 3.7.3. Protocol: C9FCABE153AC3D64A8F240810ADA666D. Config: Debug X86. Built: 09:56:57 May  8 2019. AppID: 8001. UID: 3960. PID: 21828 ----
  INFO root [0x00005710] [2019-07-02 09:10:21,860] - Server error_name: Intel(R) Core(TM) i5-6300HQ CPU @ 2.30GHz with 2097151kB RAM
  INFO root [0x00005710] [2019-07-02 09:10:21,861] - ThreadPool::createThreadPool: creating  threadpool...
  INFO root [0x00005710] [2019-07-02 09:10:21,861] - ThreadPool::createThreadPool: successfully(2), newThreadCount=1, normalMaxThreadCount=2, maxThreadCount=8
  INFO root [0x00005710] [2019-07-02 09:10:22,147] - Script::install(): is successfully, Python=(3.7.3 (default, May  8 2019, 09:53:38) [MSC v.1916 32 bit (Intel)])!
  INFO root [0x00005710] [2019-07-02 09:10:22,147] - Script::install(): KBExtra is successfully!
  WARN root [0x00005710] [2019-07-02 09:10:22,269] - EntityDef::checkDefMethod: exposed of method: Account.leaveRoom, check the caller can use "def leaveRoom(self, callerID, ...)", such as: if callerID == self.id!
  WARN root [0x00005710] [2019-07-02 09:10:22,275] - EntityDef::checkDefMethod: exposed of method: Account.playerMakeLandlord, check the caller can use "def playerMakeLandlord(self, callerID, ...)", such as: if callerID == self.id!
  WARN root [0x00005710] [2019-07-02 09:10:22,276] - EntityDef::checkDefMethod: exposed of method: Account.setGameReady, check the caller can use "def setGameReady(self, callerID, ...)", such as: if callerID == self.id!
 DEBUG root [0x00005710] [2019-07-02 09:10:22,276] - loaded entity-script:Account(1).
  WARN root [0x00005710] [2019-07-02 09:10:22,278] - EntityDef::checkDefMethod: exposed of method: Room.playPoker, check the caller can use "def playPoker(self, callerID, ...)", such as: if callerID == self.id!
  WARN root [0x00005710] [2019-07-02 09:10:22,278] - EntityDef::checkDefMethod: exposed of method: Room.unPlayPoker, check the caller can use "def unPlayPoker(self, callerID, ...)", such as: if callerID == self.id!
 DEBUG root [0x00005710] [2019-07-02 09:10:22,278] - loaded entity-script:Room(3).
  INFO root [0x00005710] [2019-07-02 09:10:22,280] - TelnetServer server is running on port 50000
  INFO root [0x00005710] [2019-07-02 09:10:22,721] - ---- cellapp is running ----
 DEBUG root [0x00005710] [2019-07-02 09:10:22,722] - Components::process(): Request for the process of identity...
  WARN root [0x00005710] [2019-07-02 09:10:29,008] - EntityApp::checkTickPeriod: tick took 6287% (6.29 seconds)!
  INFO root [0x00005710] [2019-07-02 09:10:30,025] - Components::findComponents: find logger(1)...
  INFO root [0x00005710] [2019-07-02 09:10:30,140] - Components::findComponents: found logger, addr:192.168.56.1:58923
  INFO root [0x00005710] [2019-07-02 09:10:30,140] - Components::addComponent: reset orderLog, uid=3960!
  INFO root [0x00005710] [2019-07-02 09:10:30,140] - Components::addComponent[logger], uid=3960, componentID=2000, globalorderid=1, grouporderid=1, totalcount=1
  INFO root [0x00005710] [2019-07-02 09:10:30,142] - Components::findComponents: find dbmgr(2)...
  INFO root [0x00005710] [2019-07-02 09:10:30,145] - Components::findComponents: found dbmgr, addr:192.168.56.1:58918
  INFO root [0x00005710] [2019-07-02 09:10:30,145] - Components::addComponent: reset orderLog, uid=3960!
  INFO root [0x00005710] [2019-07-02 09:10:30,145] - Components::addComponent[dbmgr], uid=3960, componentID=4000, globalorderid=1, grouporderid=1, totalcount=1
  INFO root [0x00005710] [2019-07-02 09:10:30,149] - Components::findComponents: found logger, addr:192.168.56.1:58923
  INFO root [0x00005710] [2019-07-02 09:10:30,150] - Components::findComponents: found dbmgr, addr:192.168.56.1:58918
  WARN root [0x00005710] [2019-07-02 09:10:31,158] - Forwarding logs to logger[192.168.56.1:58923/0/0/0]...
 ERROR root [0x00005710] [2019-07-02 09:17:31,512] - Components::removeComponentByChannel: logger : 2000, Abnormal exit(reason=TCPPacketReceiver::processRecv(): error=10054
)! Channel(timestamp=2445324666057, lastReceivedTime=2445301891351, inactivityExceptionPeriod=134887628)
  INFO root [0x00005710] [2019-07-02 09:17:31,514] - The following logs sent to logger failed:
  WARN root [0x00005710] [2019-07-02 09:17:31,515] - ==> [2019-07-02 09:17:31 510] TCPPacketReceiver::processPendingEvents(192.168.56.1:58923): Throwing REASON_GENERAL_NETWORK - WSAECONNRESET
 ERROR root [0x00005710] [2019-07-02 09:17:31,515] - ==> [2019-07-02 09:17:31 513] Components::removeComponentByChannel: logger : 2000, Abnormal exit(reason=TCPPacketReceiver::processRecv(): error=10054
)! Channel(timestamp=2445324666057, lastReceivedTime=2445301891351, inactivityExceptionPeriod=134887628)
  WARN root [0x00005710] [2019-07-02 09:17:31,638] - TCPPacketReceiver::processPendingEvents(192.168.56.1:58918): Throwing REASON_GENERAL_NETWORK - WSAECONNRESET
 ERROR root [0x00005710] [2019-07-02 09:17:31,639] - Components::removeComponentByChannel: dbmgr : 4000, Abnormal exit(reason=TCPPacketReceiver::processRecv(): error=10054
)! Channel(timestamp=2445324952237, lastReceivedTime=2445301750223, inactivityExceptionPeriod=134887628)
  INFO root [0x00005710] [2019-07-02 09:17:31,645] - Shutdowner::onShutdownBegin: shutting down(period=0, tickPeriod=1)
  INFO root [0x00005710] [2019-07-02 09:17:31,647] - Shutdowner::onShutdown: shutting down
  INFO root [0x00005710] [2019-07-02 09:17:31,648] - Spaces::destroySpace: 1.
  INFO root [0x00005710] [2019-07-02 09:17:31,649] - Shutdowner::onShutdownEnd: shutting down
 DEBUG root [0x00005710] [2019-07-02 09:17:31,649] - EntityRef::destroyObjPool(): size 16.
 DEBUG root [0x00005710] [2019-07-02 09:17:31,649] - Witness::destroyObjPool(): size 16.
 ERROR root [0x00005710] [2019-07-02 09:17:31,662] - EntityGarbages::~EntityGarbages(): leaked, size=1.
 ERROR root [0x00005710] [2019-07-02 09:17:31,663] - 	--> leaked: Room(3).
 ERROR root [0x00005710] [2019-07-02 09:17:31,664] - PyGC::debugTracing(): EntityCall : leaked(1)
 ERROR root [0x00005710] [2019-07-02 09:17:31,665] - PyGC::debugTracing(): Vector3 : leaked(2)
 ERROR root [0x00005710] [2019-07-02 09:17:31,665] - PyGC::debugTracing(): Entity : leaked(1)
 DEBUG root [0x00005710] [2019-07-02 09:17:31,670] - Room::~Room(): 3
  INFO root [0x00005710] [2019-07-02 09:17:31,682] - Script::uninstall(): is successfully!
 DEBUG root [0x00005710] [2019-07-02 09:17:31,682] - ThreadPool::destroy(): starting size 2.
  WARN root [0x00005710] [2019-07-02 09:17:31,997] - ThreadPool::destroy(): waiting for thread(2)[0x1f1a10,0x1f1050,], try=1
  INFO root [0x000057f4] [2019-07-02 09:27:43,587] - 
  INFO root [0x000057f4] [2019-07-02 09:27:43,587] - -----------------------------------------------------------------------------------------


  INFO root [0x000057f4] [2019-07-02 09:27:43,589] - Resmgr::initialize: KBE_ROOT=D:/kbengine/
  INFO root [0x000057f4] [2019-07-02 09:27:43,589] - Resmgr::initialize: KBE_RES_PATH=D:/kbengine/kbe/res/;D:/kbengine/HappyPoker_assets/;D:/kbengine/HappyPoker_assets/scripts/;D:/kbengine/HappyPoker_assets/res/
  INFO root [0x000057f4] [2019-07-02 09:27:43,589] - Resmgr::initialize: KBE_BIN_PATH=D:/kbengine/kbe/bin/server/
  INFO root [0x000057f4] [2019-07-02 09:27:43,636] - NetworkInterface::initialize(INTERNAL-TCP): bound to all interfaces with default route interface on 192.168.56.1 ( 192.168.56.1:59067 )
  INFO root [0x000057f4] [2019-07-02 09:27:43,636] - NetworkInterface::initialize(INTERNAL-TCP): address 192.168.56.1:59067, SOMAXCONN=5.
  INFO root [0x000057f4] [2019-07-02 09:27:43,636] - server-configs:
  INFO root [0x000057f4] [2019-07-02 09:27:43,637] - 	gameUpdateHertz : 10
  INFO root [0x000057f4] [2019-07-02 09:27:43,637] - 	defaultViewRadius : 80
  INFO root [0x000057f4] [2019-07-02 09:27:43,637] - 	defaultViewHysteresisArea : 5
  INFO root [0x000057f4] [2019-07-02 09:27:43,637] - 	entryScriptFile : kbemain
  INFO root [0x000057f4] [2019-07-02 09:27:43,638] - 	internalTcpAddr : 192.168.56.1:59067
  INFO root [0x000057f4] [2019-07-02 09:27:43,638] - 	componentID : 8001
  WARN root [0x000057f4] [2019-07-02 09:27:43,650] - invalid UID(0) <= 0, please check UID for environment! automatically set to 3960.
  INFO root [0x000057f4] [2019-07-02 09:27:45,158] - ---- cellapp Version: 2.4.5. ScriptVersion: 0.1.0. Pythoncore: 3.7.3. Protocol: C9FCABE153AC3D64A8F240810ADA666D. Config: Debug X86. Built: 09:56:57 May  8 2019. AppID: 8001. UID: 3960. PID: 17980 ----
  INFO root [0x000057f4] [2019-07-02 09:27:45,158] - Server error_name: Intel(R) Core(TM) i5-6300HQ CPU @ 2.30GHz with 2097151kB RAM
  INFO root [0x000057f4] [2019-07-02 09:27:45,159] - ThreadPool::createThreadPool: creating  threadpool...
  INFO root [0x000057f4] [2019-07-02 09:27:45,160] - ThreadPool::createThreadPool: successfully(2), newThreadCount=1, normalMaxThreadCount=2, maxThreadCount=8
  INFO root [0x000057f4] [2019-07-02 09:27:45,445] - Script::install(): is successfully, Python=(3.7.3 (default, May  8 2019, 09:53:38) [MSC v.1916 32 bit (Intel)])!
  INFO root [0x000057f4] [2019-07-02 09:27:45,445] - Script::install(): KBExtra is successfully!
  WARN root [0x000057f4] [2019-07-02 09:27:45,710] - EntityDef::checkDefMethod: exposed of method: Account.leaveRoom, check the caller can use "def leaveRoom(self, callerID, ...)", such as: if callerID == self.id!
  WARN root [0x000057f4] [2019-07-02 09:27:45,712] - EntityDef::checkDefMethod: exposed of method: Account.playerMakeLandlord, check the caller can use "def playerMakeLandlord(self, callerID, ...)", such as: if callerID == self.id!
  WARN root [0x000057f4] [2019-07-02 09:27:45,712] - EntityDef::checkDefMethod: exposed of method: Account.setGameReady, check the caller can use "def setGameReady(self, callerID, ...)", such as: if callerID == self.id!
 DEBUG root [0x000057f4] [2019-07-02 09:27:45,712] - loaded entity-script:Account(1).
  WARN root [0x000057f4] [2019-07-02 09:27:45,714] - EntityDef::checkDefMethod: exposed of method: Room.playPoker, check the caller can use "def playPoker(self, callerID, ...)", such as: if callerID == self.id!
  WARN root [0x000057f4] [2019-07-02 09:27:45,729] - EntityDef::checkDefMethod: exposed of method: Room.unPlayPoker, check the caller can use "def unPlayPoker(self, callerID, ...)", such as: if callerID == self.id!
 DEBUG root [0x000057f4] [2019-07-02 09:27:45,752] - loaded entity-script:Room(3).
  INFO root [0x000057f4] [2019-07-02 09:27:45,752] - TelnetServer server is running on port 50000
  INFO root [0x000057f4] [2019-07-02 09:27:46,268] - ---- cellapp is running ----
 DEBUG root [0x000057f4] [2019-07-02 09:27:46,271] - Components::process(): Request for the process of identity...
  WARN root [0x000057f4] [2019-07-02 09:27:52,436] - EntityApp::checkTickPeriod: tick took 6167% (6.17 seconds)!
  INFO root [0x000057f4] [2019-07-02 09:27:53,469] - Components::findComponents: find logger(1)...
  INFO root [0x000057f4] [2019-07-02 09:27:53,557] - Components::findComponents: found logger, addr:192.168.56.1:59074
  INFO root [0x000057f4] [2019-07-02 09:27:53,557] - Components::addComponent: reset orderLog, uid=3960!
  INFO root [0x000057f4] [2019-07-02 09:27:53,558] - Components::addComponent[logger], uid=3960, componentID=2000, globalorderid=1, grouporderid=1, totalcount=1
  INFO root [0x000057f4] [2019-07-02 09:27:53,559] - Components::findComponents: find dbmgr(2)...
  INFO root [0x000057f4] [2019-07-02 09:27:53,564] - Components::findComponents: found logger, addr:192.168.56.1:59074
  INFO root [0x000057f4] [2019-07-02 09:27:53,568] - Components::findComponents: found dbmgr, addr:192.168.56.1:59068
  INFO root [0x000057f4] [2019-07-02 09:27:53,568] - Components::addComponent: reset orderLog, uid=3960!
  INFO root [0x000057f4] [2019-07-02 09:27:53,568] - Components::addComponent[dbmgr], uid=3960, componentID=4000, globalorderid=1, grouporderid=1, totalcount=1
  INFO root [0x000057f4] [2019-07-02 09:27:53,669] - Components::findComponents: found dbmgr, addr:192.168.56.1:59068
  WARN root [0x000057f4] [2019-07-02 09:27:54,670] - EntityApp::checkTickPeriod: tick took 1302% (1.30 seconds)!
  WARN root [0x000057f4] [2019-07-02 09:27:54,671] - Forwarding logs to logger[192.168.56.1:59074/0/0/0]...
 ERROR root [0x000057f4] [2019-07-02 09:33:13,887] - Components::removeComponentByChannel: logger : 2000, Abnormal exit(reason=TCPPacketReceiver::processRecv(): error=10054
)! Channel(timestamp=2447445045953, lastReceivedTime=2447444847905, inactivityExceptionPeriod=134887628)
  INFO root [0x000057f4] [2019-07-02 09:33:13,890] - The following logs sent to logger failed:
  WARN root [0x000057f4] [2019-07-02 09:33:13,891] - ==> [2019-07-02 09:33:13 885] TCPPacketReceiver::processPendingEvents(192.168.56.1:59074): Throwing REASON_GENERAL_NETWORK - WSAECONNRESET
 ERROR root [0x000057f4] [2019-07-02 09:33:13,891] - ==> [2019-07-02 09:33:13 888] Components::removeComponentByChannel: logger : 2000, Abnormal exit(reason=TCPPacketReceiver::processRecv(): error=10054
)! Channel(timestamp=2447445045953, lastReceivedTime=2447444847905, inactivityExceptionPeriod=134887628)
  WARN root [0x000057f4] [2019-07-02 09:33:14,009] - TCPPacketReceiver::processPendingEvents(192.168.56.1:59068): Throwing REASON_GENERAL_NETWORK - WSAECONNRESET
 ERROR root [0x000057f4] [2019-07-02 09:33:14,011] - Components::removeComponentByChannel: dbmgr : 4000, Abnormal exit(reason=TCPPacketReceiver::processRecv(): error=10054
)! Channel(timestamp=2447445327461, lastReceivedTime=2447444704242, inactivityExceptionPeriod=134887628)
  INFO root [0x000057f4] [2019-07-02 09:33:14,016] - Shutdowner::onShutdownBegin: shutting down(period=0, tickPeriod=1)
  INFO root [0x000057f4] [2019-07-02 09:33:14,017] - Shutdowner::onShutdown: shutting down
  INFO root [0x000057f4] [2019-07-02 09:33:14,019] - Spaces::destroySpace: 1.
  INFO root [0x000057f4] [2019-07-02 09:33:14,020] - Shutdowner::onShutdownEnd: shutting down
 DEBUG root [0x000057f4] [2019-07-02 09:33:14,020] - Account::~Account(): 2002
 DEBUG root [0x000057f4] [2019-07-02 09:33:14,020] - Account::~Account(): 2004
 DEBUG root [0x000057f4] [2019-07-02 09:33:14,021] - Account::~Account(): 2005
 DEBUG root [0x000057f4] [2019-07-02 09:33:14,021] - EntityRef::destroyObjPool(): size 16.
 DEBUG root [0x000057f4] [2019-07-02 09:33:14,021] - Witness::destroyObjPool(): size 16.
 ERROR root [0x000057f4] [2019-07-02 09:33:14,037] - EntityGarbages::~EntityGarbages(): leaked, size=1.
 ERROR root [0x000057f4] [2019-07-02 09:33:14,039] - 	--> leaked: Room(2003).
 ERROR root [0x000057f4] [2019-07-02 09:33:14,041] - PyGC::debugTracing(): EntityCall : leaked(4)
 ERROR root [0x000057f4] [2019-07-02 09:33:14,042] - PyGC::debugTracing(): Vector3 : leaked(2)
 ERROR root [0x000057f4] [2019-07-02 09:33:14,043] - PyGC::debugTracing(): Entity : leaked(1)
 DEBUG root [0x000057f4] [2019-07-02 09:33:14,049] - Room::~Room(): 2003
  INFO root [0x000057f4] [2019-07-02 09:33:14,063] - Script::uninstall(): is successfully!
 DEBUG root [0x000057f4] [2019-07-02 09:33:14,064] - ThreadPool::destroy(): starting size 2.
  WARN root [0x000057f4] [2019-07-02 09:33:14,365] - ThreadPool::destroy(): waiting for thread(2)[0x153798,0x153c10,], try=1
  INFO root [0x000016b0] [2019-07-02 09:33:15,914] - 
  INFO root [0x000016b0] [2019-07-02 09:33:15,921] - -----------------------------------------------------------------------------------------


  INFO root [0x000016b0] [2019-07-02 09:33:15,923] - Resmgr::initialize: KBE_ROOT=D:/kbengine/
  INFO root [0x000016b0] [2019-07-02 09:33:15,923] - Resmgr::initialize: KBE_RES_PATH=D:/kbengine/kbe/res/;D:/kbengine/HappyPoker_assets/;D:/kbengine/HappyPoker_assets/scripts/;D:/kbengine/HappyPoker_assets/res/
  INFO root [0x000016b0] [2019-07-02 09:33:15,923] - Resmgr::initialize: KBE_BIN_PATH=D:/kbengine/kbe/bin/server/
  INFO root [0x000016b0] [2019-07-02 09:33:15,973] - NetworkInterface::initialize(INTERNAL-TCP): bound to all interfaces with default route interface on 192.168.56.1 ( 192.168.56.1:59152 )
  INFO root [0x000016b0] [2019-07-02 09:33:15,973] - NetworkInterface::initialize(INTERNAL-TCP): address 192.168.56.1:59152, SOMAXCONN=5.
  INFO root [0x000016b0] [2019-07-02 09:33:15,973] - server-configs:
  INFO root [0x000016b0] [2019-07-02 09:33:15,974] - 	gameUpdateHertz : 10
  INFO root [0x000016b0] [2019-07-02 09:33:15,974] - 	defaultViewRadius : 80
  INFO root [0x000016b0] [2019-07-02 09:33:15,974] - 	defaultViewHysteresisArea : 5
  INFO root [0x000016b0] [2019-07-02 09:33:15,974] - 	entryScriptFile : kbemain
  INFO root [0x000016b0] [2019-07-02 09:33:15,974] - 	internalTcpAddr : 192.168.56.1:59152
  INFO root [0x000016b0] [2019-07-02 09:33:15,974] - 	componentID : 8001
  WARN root [0x000016b0] [2019-07-02 09:33:15,976] - invalid UID(0) <= 0, please check UID for environment! automatically set to 3960.
  WARN root [0x000016b0] [2019-07-02 09:33:16,308] - BundleBroadcast::BundleBroadcast: Cannot bind to port 20365, errorno=10048
  INFO root [0x000016b0] [2019-07-02 09:33:16,313] - ---- cellapp Version: 2.4.5. ScriptVersion: 0.1.0. Pythoncore: 3.7.3. Protocol: C9FCABE153AC3D64A8F240810ADA666D. Config: Debug X86. Built: 09:56:57 May  8 2019. AppID: 8001. UID: 3960. PID: 21272 ----
  INFO root [0x000016b0] [2019-07-02 09:33:16,314] - Server error_name: Intel(R) Core(TM) i5-6300HQ CPU @ 2.30GHz with 2097151kB RAM
  INFO root [0x000016b0] [2019-07-02 09:33:16,315] - ThreadPool::createThreadPool: creating  threadpool...
  INFO root [0x000016b0] [2019-07-02 09:33:16,315] - ThreadPool::createThreadPool: successfully(2), newThreadCount=1, normalMaxThreadCount=2, maxThreadCount=8
  INFO root [0x000016b0] [2019-07-02 09:33:16,585] - Script::install(): is successfully, Python=(3.7.3 (default, May  8 2019, 09:53:38) [MSC v.1916 32 bit (Intel)])!
  INFO root [0x000016b0] [2019-07-02 09:33:16,585] - Script::install(): KBExtra is successfully!
  WARN root [0x000016b0] [2019-07-02 09:33:16,768] - EntityDef::checkDefMethod: exposed of method: Account.leaveRoom, check the caller can use "def leaveRoom(self, callerID, ...)", such as: if callerID == self.id!
  WARN root [0x000016b0] [2019-07-02 09:33:16,769] - EntityDef::checkDefMethod: exposed of method: Account.playerMakeLandlord, check the caller can use "def playerMakeLandlord(self, callerID, ...)", such as: if callerID == self.id!
  WARN root [0x000016b0] [2019-07-02 09:33:16,770] - EntityDef::checkDefMethod: exposed of method: Account.setGameReady, check the caller can use "def setGameReady(self, callerID, ...)", such as: if callerID == self.id!
 DEBUG root [0x000016b0] [2019-07-02 09:33:16,770] - loaded entity-script:Account(1).
  WARN root [0x000016b0] [2019-07-02 09:33:16,774] - EntityDef::checkDefMethod: exposed of method: Room.playPoker, check the caller can use "def playPoker(self, callerID, ...)", such as: if callerID == self.id!
  WARN root [0x000016b0] [2019-07-02 09:33:16,775] - EntityDef::checkDefMethod: exposed of method: Room.unPlayPoker, check the caller can use "def unPlayPoker(self, callerID, ...)", such as: if callerID == self.id!
 DEBUG root [0x000016b0] [2019-07-02 09:33:16,776] - loaded entity-script:Room(3).
  INFO root [0x000016b0] [2019-07-02 09:33:16,776] - TelnetServer server is running on port 50000
  INFO root [0x000016b0] [2019-07-02 09:33:17,434] - ---- cellapp is running ----
 DEBUG root [0x000016b0] [2019-07-02 09:33:17,435] - Components::process(): Request for the process of identity...
  WARN root [0x000016b0] [2019-07-02 09:33:23,641] - EntityApp::checkTickPeriod: tick took 6207% (6.21 seconds)!
  INFO root [0x000016b0] [2019-07-02 09:33:24,735] - Components::findComponents: find logger(1)...
  INFO root [0x000016b0] [2019-07-02 09:33:24,756] - Components::findComponents: found logger, addr:192.168.56.1:59153
  INFO root [0x000016b0] [2019-07-02 09:33:24,756] - Components::addComponent: reset orderLog, uid=3960!
  INFO root [0x000016b0] [2019-07-02 09:33:24,756] - Components::addComponent[logger], uid=3960, componentID=2000, globalorderid=1, grouporderid=1, totalcount=1
  INFO root [0x000016b0] [2019-07-02 09:33:24,758] - Components::findComponents: find dbmgr(2)...
  INFO root [0x000016b0] [2019-07-02 09:33:24,862] - Components::findComponents: found dbmgr, addr:192.168.56.1:59146
  INFO root [0x000016b0] [2019-07-02 09:33:24,863] - Components::addComponent: reset orderLog, uid=3960!
  INFO root [0x000016b0] [2019-07-02 09:33:24,863] - Components::addComponent[dbmgr], uid=3960, componentID=4000, globalorderid=1, grouporderid=1, totalcount=1
  INFO root [0x000016b0] [2019-07-02 09:33:24,864] - Components::findComponents: found dbmgr, addr:192.168.56.1:59146
  WARN root [0x000016b0] [2019-07-02 09:33:25,864] - EntityApp::checkTickPeriod: tick took 1229% (1.23 seconds)!
  WARN root [0x000016b0] [2019-07-02 09:33:25,865] - Forwarding logs to logger[192.168.56.1:59153/0/0/0]...
 ERROR root [0x000016b0] [2019-07-02 09:40:24,034] - Components::removeComponentByChannel: logger : 2000, Abnormal exit(reason=TCPPacketReceiver::processRecv(): error=10054
)! Channel(timestamp=2448412890077, lastReceivedTime=2448394754171, inactivityExceptionPeriod=134887628)
  INFO root [0x000016b0] [2019-07-02 09:40:24,041] - The following logs sent to logger failed:
  WARN root [0x000016b0] [2019-07-02 09:40:24,041] - ==> [2019-07-02 09:40:24 027] TCPPacketReceiver::processPendingEvents(192.168.56.1:59153): Throwing REASON_GENERAL_NETWORK - WSAECONNRESET
 ERROR root [0x000016b0] [2019-07-02 09:40:24,042] - ==> [2019-07-02 09:40:24 035] Components::removeComponentByChannel: logger : 2000, Abnormal exit(reason=TCPPacketReceiver::processRecv(): error=10054
)! Channel(timestamp=2448412890077, lastReceivedTime=2448394754171, inactivityExceptionPeriod=134887628)
  WARN root [0x000016b0] [2019-07-02 09:40:24,154] - TCPPacketReceiver::processPendingEvents(192.168.56.1:59146): Throwing REASON_GENERAL_NETWORK - WSAECONNRESET
 ERROR root [0x000016b0] [2019-07-02 09:40:24,156] - Components::removeComponentByChannel: dbmgr : 4000, Abnormal exit(reason=TCPPacketReceiver::processRecv(): error=10054
)! Channel(timestamp=2448413166263, lastReceivedTime=2448394589843, inactivityExceptionPeriod=134887628)
  INFO root [0x000016b0] [2019-07-02 09:40:24,173] - Shutdowner::onShutdownBegin: shutting down(period=0, tickPeriod=1)
  INFO root [0x000016b0] [2019-07-02 09:40:24,176] - Shutdowner::onShutdown: shutting down
  INFO root [0x000016b0] [2019-07-02 09:40:24,177] - Spaces::destroySpace: 1.
  INFO root [0x000016b0] [2019-07-02 09:40:24,178] - Shutdowner::onShutdownEnd: shutting down
 DEBUG root [0x000016b0] [2019-07-02 09:40:24,179] - EntityRef::destroyObjPool(): size 16.
 DEBUG root [0x000016b0] [2019-07-02 09:40:24,179] - Witness::destroyObjPool(): size 16.
 ERROR root [0x000016b0] [2019-07-02 09:40:24,201] - EntityGarbages::~EntityGarbages(): leaked, size=1.
 ERROR root [0x000016b0] [2019-07-02 09:40:24,206] - 	--> leaked: Room(2003).
 ERROR root [0x000016b0] [2019-07-02 09:40:24,208] - PyGC::debugTracing(): EntityCall : leaked(1)
 ERROR root [0x000016b0] [2019-07-02 09:40:24,210] - PyGC::debugTracing(): Vector3 : leaked(2)
 ERROR root [0x000016b0] [2019-07-02 09:40:24,212] - PyGC::debugTracing(): Entity : leaked(1)
 DEBUG root [0x000016b0] [2019-07-02 09:40:24,223] - Room::~Room(): 2003
  INFO root [0x000016b0] [2019-07-02 09:40:24,241] - Script::uninstall(): is successfully!
 DEBUG root [0x000016b0] [2019-07-02 09:40:24,241] - ThreadPool::destroy(): starting size 2.
  WARN root [0x000016b0] [2019-07-02 09:40:24,543] - ThreadPool::destroy(): waiting for thread(2)[0x5d1928,0x5d1038,], try=1
  INFO root [0x00004a10] [2019-07-02 09:45:14,977] - 
  INFO root [0x00004a10] [2019-07-02 09:45:14,989] - -----------------------------------------------------------------------------------------


  INFO root [0x00004a10] [2019-07-02 09:45:14,991] - Resmgr::initialize: KBE_ROOT=D:/kbengine/
  INFO root [0x00004a10] [2019-07-02 09:45:14,991] - Resmgr::initialize: KBE_RES_PATH=D:/kbengine/kbe/res/;D:/kbengine/HappyPoker_assets/;D:/kbengine/HappyPoker_assets/scripts/;D:/kbengine/HappyPoker_assets/res/
  INFO root [0x00004a10] [2019-07-02 09:45:14,992] - Resmgr::initialize: KBE_BIN_PATH=D:/kbengine/kbe/bin/server/
  INFO root [0x00004a10] [2019-07-02 09:45:15,039] - NetworkInterface::initialize(INTERNAL-TCP): bound to all interfaces with default route interface on 192.168.56.1 ( 192.168.56.1:59234 )
  INFO root [0x00004a10] [2019-07-02 09:45:15,041] - NetworkInterface::initialize(INTERNAL-TCP): address 192.168.56.1:59234, SOMAXCONN=5.
  INFO root [0x00004a10] [2019-07-02 09:45:15,041] - server-configs:
  INFO root [0x00004a10] [2019-07-02 09:45:15,041] - 	gameUpdateHertz : 10
  INFO root [0x00004a10] [2019-07-02 09:45:15,042] - 	defaultViewRadius : 80
  INFO root [0x00004a10] [2019-07-02 09:45:15,042] - 	defaultViewHysteresisArea : 5
  INFO root [0x00004a10] [2019-07-02 09:45:15,042] - 	entryScriptFile : kbemain
  INFO root [0x00004a10] [2019-07-02 09:45:15,042] - 	internalTcpAddr : 192.168.56.1:59234
  INFO root [0x00004a10] [2019-07-02 09:45:15,042] - 	componentID : 8001
  WARN root [0x00004a10] [2019-07-02 09:45:15,051] - invalid UID(0) <= 0, please check UID for environment! automatically set to 3960.
  WARN root [0x00004a10] [2019-07-02 09:45:15,445] - BundleBroadcast::BundleBroadcast: Cannot bind to port 20095, errorno=10048
  INFO root [0x00004a10] [2019-07-02 09:45:15,449] - ---- cellapp Version: 2.4.5. ScriptVersion: 0.1.0. Pythoncore: 3.7.3. Protocol: C9FCABE153AC3D64A8F240810ADA666D. Config: Debug X86. Built: 09:56:57 May  8 2019. AppID: 8001. UID: 3960. PID: 19448 ----
  INFO root [0x00004a10] [2019-07-02 09:45:15,449] - Server error_name: Intel(R) Core(TM) i5-6300HQ CPU @ 2.30GHz with 2097151kB RAM
  INFO root [0x00004a10] [2019-07-02 09:45:15,450] - ThreadPool::createThreadPool: creating  threadpool...
  INFO root [0x00004a10] [2019-07-02 09:45:15,450] - ThreadPool::createThreadPool: successfully(2), newThreadCount=1, normalMaxThreadCount=2, maxThreadCount=8
  INFO root [0x00004a10] [2019-07-02 09:45:15,658] - Script::install(): is successfully, Python=(3.7.3 (default, May  8 2019, 09:53:38) [MSC v.1916 32 bit (Intel)])!
  INFO root [0x00004a10] [2019-07-02 09:45:15,658] - Script::install(): KBExtra is successfully!
  WARN root [0x00004a10] [2019-07-02 09:45:15,818] - EntityDef::checkDefMethod: exposed of method: Account.leaveRoom, check the caller can use "def leaveRoom(self, callerID, ...)", such as: if callerID == self.id!
  WARN root [0x00004a10] [2019-07-02 09:45:15,818] - EntityDef::checkDefMethod: exposed of method: Account.playerMakeLandlord, check the caller can use "def playerMakeLandlord(self, callerID, ...)", such as: if callerID == self.id!
  WARN root [0x00004a10] [2019-07-02 09:45:15,819] - EntityDef::checkDefMethod: exposed of method: Account.setGameReady, check the caller can use "def setGameReady(self, callerID, ...)", such as: if callerID == self.id!
 DEBUG root [0x00004a10] [2019-07-02 09:45:15,819] - loaded entity-script:Account(1).
  WARN root [0x00004a10] [2019-07-02 09:45:15,821] - EntityDef::checkDefMethod: exposed of method: Room.playPoker, check the caller can use "def playPoker(self, callerID, ...)", such as: if callerID == self.id!
  WARN root [0x00004a10] [2019-07-02 09:45:15,822] - EntityDef::checkDefMethod: exposed of method: Room.unPlayPoker, check the caller can use "def unPlayPoker(self, callerID, ...)", such as: if callerID == self.id!
 DEBUG root [0x00004a10] [2019-07-02 09:45:15,822] - loaded entity-script:Room(3).
  INFO root [0x00004a10] [2019-07-02 09:45:15,822] - TelnetServer server is running on port 50000
  INFO root [0x00004a10] [2019-07-02 09:45:16,392] - ---- cellapp is running ----
 DEBUG root [0x00004a10] [2019-07-02 09:45:16,392] - Components::process(): Request for the process of identity...
  WARN root [0x00004a10] [2019-07-02 09:45:22,589] - EntityApp::checkTickPeriod: tick took 6198% (6.20 seconds)!
  INFO root [0x00004a10] [2019-07-02 09:45:23,692] - Components::findComponents: find logger(1)...
  INFO root [0x00004a10] [2019-07-02 09:45:23,800] - Components::findComponents: found logger, addr:192.168.56.1:59240
  INFO root [0x00004a10] [2019-07-02 09:45:23,800] - Components::addComponent: reset orderLog, uid=3960!
  INFO root [0x00004a10] [2019-07-02 09:45:23,801] - Components::addComponent[logger], uid=3960, componentID=2000, globalorderid=1, grouporderid=1, totalcount=1
  INFO root [0x00004a10] [2019-07-02 09:45:23,803] - Components::findComponents: find dbmgr(2)...
  INFO root [0x00004a10] [2019-07-02 09:45:23,905] - Components::findComponents: found dbmgr, addr:192.168.56.1:59236
  INFO root [0x00004a10] [2019-07-02 09:45:23,906] - Components::addComponent: reset orderLog, uid=3960!
  INFO root [0x00004a10] [2019-07-02 09:45:23,906] - Components::addComponent[dbmgr], uid=3960, componentID=4000, globalorderid=1, grouporderid=1, totalcount=1
  INFO root [0x00004a10] [2019-07-02 09:45:23,906] - Components::findComponents: found dbmgr, addr:192.168.56.1:59236
  WARN root [0x00004a10] [2019-07-02 09:45:24,907] - EntityApp::checkTickPeriod: tick took 1315% (1.32 seconds)!
  WARN root [0x00004a10] [2019-07-02 09:45:24,908] - Forwarding logs to logger[192.168.56.1:59240/0/0/0]...
 ERROR root [0x00004a10] [2019-07-02 09:55:51,061] - Components::removeComponentByChannel: logger : 2000, Abnormal exit(reason=TCPPacketReceiver::processRecv(): error=10054
)! Channel(timestamp=2450498724478, lastReceivedTime=2450485259526, inactivityExceptionPeriod=134887628)
  INFO root [0x00004a10] [2019-07-02 09:55:51,065] - The following logs sent to logger failed:
  WARN root [0x00004a10] [2019-07-02 09:55:51,065] - ==> [2019-07-02 09:55:51 058] TCPPacketReceiver::processPendingEvents(192.168.56.1:59240): Throwing REASON_GENERAL_NETWORK - WSAECONNRESET
 ERROR root [0x00004a10] [2019-07-02 09:55:51,066] - ==> [2019-07-02 09:55:51 061] Components::removeComponentByChannel: logger : 2000, Abnormal exit(reason=TCPPacketReceiver::processRecv(): error=10054
)! Channel(timestamp=2450498724478, lastReceivedTime=2450485259526, inactivityExceptionPeriod=134887628)
  WARN root [0x00004a10] [2019-07-02 09:55:51,178] - TCPPacketReceiver::processPendingEvents(192.168.56.1:59236): Throwing REASON_GENERAL_NETWORK - WSAECONNRESET
 ERROR root [0x00004a10] [2019-07-02 09:55:51,182] - Components::removeComponentByChannel: dbmgr : 4000, Abnormal exit(reason=TCPPacketReceiver::processRecv(): error=10054
)! Channel(timestamp=2450498998414, lastReceivedTime=2450485173710, inactivityExceptionPeriod=134887628)
  INFO root [0x00004a10] [2019-07-02 09:55:51,194] - Shutdowner::onShutdownBegin: shutting down(period=0, tickPeriod=1)
  INFO root [0x00004a10] [2019-07-02 09:55:51,202] - Shutdowner::onShutdown: shutting down
  INFO root [0x00004a10] [2019-07-02 09:55:51,207] - Spaces::destroySpace: 1.
  INFO root [0x00004a10] [2019-07-02 09:55:51,207] - Shutdowner::onShutdownEnd: shutting down
 DEBUG root [0x00004a10] [2019-07-02 09:55:51,208] - Account::~Account(): 2002
 DEBUG root [0x00004a10] [2019-07-02 09:55:51,208] - Account::~Account(): 2004
 DEBUG root [0x00004a10] [2019-07-02 09:55:51,208] - Account::~Account(): 2005
 DEBUG root [0x00004a10] [2019-07-02 09:55:51,209] - EntityRef::destroyObjPool(): size 16.
 DEBUG root [0x00004a10] [2019-07-02 09:55:51,209] - Witness::destroyObjPool(): size 16.
 ERROR root [0x00004a10] [2019-07-02 09:55:51,222] - EntityGarbages::~EntityGarbages(): leaked, size=1.
 ERROR root [0x00004a10] [2019-07-02 09:55:51,223] - 	--> leaked: Room(2003).
 ERROR root [0x00004a10] [2019-07-02 09:55:51,225] - PyGC::debugTracing(): EntityCall : leaked(4)
 ERROR root [0x00004a10] [2019-07-02 09:55:51,226] - PyGC::debugTracing(): Vector3 : leaked(2)
 ERROR root [0x00004a10] [2019-07-02 09:55:51,227] - PyGC::debugTracing(): Entity : leaked(1)
 DEBUG root [0x00004a10] [2019-07-02 09:55:51,232] - Room::~Room(): 2003
  INFO root [0x00004a10] [2019-07-02 09:55:51,245] - Script::uninstall(): is successfully!
 DEBUG root [0x00004a10] [2019-07-02 09:55:51,246] - ThreadPool::destroy(): starting size 2.
  WARN root [0x00004a10] [2019-07-02 09:55:51,547] - ThreadPool::destroy(): waiting for thread(2)[0x262bb8,0x262330,], try=1
  INFO root [0x00002b60] [2019-07-02 09:55:53,114] - 
  INFO root [0x00002b60] [2019-07-02 09:55:53,121] - -----------------------------------------------------------------------------------------


  INFO root [0x00002b60] [2019-07-02 09:55:53,123] - Resmgr::initialize: KBE_ROOT=D:/kbengine/
  INFO root [0x00002b60] [2019-07-02 09:55:53,123] - Resmgr::initialize: KBE_RES_PATH=D:/kbengine/kbe/res/;D:/kbengine/HappyPoker_assets/;D:/kbengine/HappyPoker_assets/scripts/;D:/kbengine/HappyPoker_assets/res/
  INFO root [0x00002b60] [2019-07-02 09:55:53,123] - Resmgr::initialize: KBE_BIN_PATH=D:/kbengine/kbe/bin/server/
  INFO root [0x00002b60] [2019-07-02 09:55:53,145] - NetworkInterface::initialize(INTERNAL-TCP): bound to all interfaces with default route interface on 192.168.56.1 ( 192.168.56.1:59310 )
  INFO root [0x00002b60] [2019-07-02 09:55:53,145] - NetworkInterface::initialize(INTERNAL-TCP): address 192.168.56.1:59310, SOMAXCONN=5.
  INFO root [0x00002b60] [2019-07-02 09:55:53,145] - server-configs:
  INFO root [0x00002b60] [2019-07-02 09:55:53,145] - 	gameUpdateHertz : 10
  INFO root [0x00002b60] [2019-07-02 09:55:53,146] - 	defaultViewRadius : 80
  INFO root [0x00002b60] [2019-07-02 09:55:53,146] - 	defaultViewHysteresisArea : 5
  INFO root [0x00002b60] [2019-07-02 09:55:53,146] - 	entryScriptFile : kbemain
  INFO root [0x00002b60] [2019-07-02 09:55:53,146] - 	internalTcpAddr : 192.168.56.1:59310
  INFO root [0x00002b60] [2019-07-02 09:55:53,146] - 	componentID : 8001
  WARN root [0x00002b60] [2019-07-02 09:55:53,146] - invalid UID(0) <= 0, please check UID for environment! automatically set to 3960.
  INFO root [0x00002b60] [2019-07-02 09:55:54,654] - ---- cellapp Version: 2.4.5. ScriptVersion: 0.1.0. Pythoncore: 3.7.3. Protocol: C9FCABE153AC3D64A8F240810ADA666D. Config: Debug X86. Built: 09:56:57 May  8 2019. AppID: 8001. UID: 3960. PID: 10596 ----
  INFO root [0x00002b60] [2019-07-02 09:55:54,654] - Server error_name: Intel(R) Core(TM) i5-6300HQ CPU @ 2.30GHz with 2097151kB RAM
  INFO root [0x00002b60] [2019-07-02 09:55:54,654] - ThreadPool::createThreadPool: creating  threadpool...
  INFO root [0x00002b60] [2019-07-02 09:55:54,654] - ThreadPool::createThreadPool: successfully(2), newThreadCount=1, normalMaxThreadCount=2, maxThreadCount=8
  INFO root [0x00002b60] [2019-07-02 09:55:55,011] - Script::install(): is successfully, Python=(3.7.3 (default, May  8 2019, 09:53:38) [MSC v.1916 32 bit (Intel)])!
  INFO root [0x00002b60] [2019-07-02 09:55:55,011] - Script::install(): KBExtra is successfully!
  WARN root [0x00002b60] [2019-07-02 09:55:55,011] - EntityDef::checkDefMethod: exposed of method: Account.leaveRoom, check the caller can use "def leaveRoom(self, callerID, ...)", such as: if callerID == self.id!
  WARN root [0x00002b60] [2019-07-02 09:55:55,011] - EntityDef::checkDefMethod: exposed of method: Account.playerMakeLandlord, check the caller can use "def playerMakeLandlord(self, callerID, ...)", such as: if callerID == self.id!
  WARN root [0x00002b60] [2019-07-02 09:55:55,011] - EntityDef::checkDefMethod: exposed of method: Account.setGameReady, check the caller can use "def setGameReady(self, callerID, ...)", such as: if callerID == self.id!
 DEBUG root [0x00002b60] [2019-07-02 09:55:55,011] - loaded entity-script:Account(1).
  WARN root [0x00002b60] [2019-07-02 09:55:55,011] - EntityDef::checkDefMethod: exposed of method: Room.playPoker, check the caller can use "def playPoker(self, callerID, ...)", such as: if callerID == self.id!
  WARN root [0x00002b60] [2019-07-02 09:55:55,011] - EntityDef::checkDefMethod: exposed of method: Room.unPlayPoker, check the caller can use "def unPlayPoker(self, callerID, ...)", such as: if callerID == self.id!
 DEBUG root [0x00002b60] [2019-07-02 09:55:55,011] - loaded entity-script:Room(3).
  INFO root [0x00002b60] [2019-07-02 09:55:55,011] - TelnetServer server is running on port 50000
  INFO root [0x00002b60] [2019-07-02 09:55:55,011] - ---- cellapp is running ----
 DEBUG root [0x00002b60] [2019-07-02 09:55:55,011] - Components::process(): Request for the process of identity...
  WARN root [0x00002b60] [2019-07-02 09:56:01,832] - EntityApp::checkTickPeriod: tick took 6238% (6.24 seconds)!
  INFO root [0x00002b60] [2019-07-02 09:56:02,895] - Components::findComponents: find logger(1)...
  INFO root [0x00002b60] [2019-07-02 09:56:02,895] - Components::findComponents: found logger, addr:192.168.56.1:59309
  INFO root [0x00002b60] [2019-07-02 09:56:02,895] - Components::addComponent: reset orderLog, uid=3960!
  INFO root [0x00002b60] [2019-07-02 09:56:02,895] - Components::addComponent[logger], uid=3960, componentID=2000, globalorderid=1, grouporderid=1, totalcount=1
  INFO root [0x00002b60] [2019-07-02 09:56:02,895] - Components::findComponents: find dbmgr(2)...
  INFO root [0x00002b60] [2019-07-02 09:56:02,895] - Components::findComponents: found dbmgr, addr:192.168.56.1:59303
  INFO root [0x00002b60] [2019-07-02 09:56:02,895] - Components::addComponent: reset orderLog, uid=3960!
  INFO root [0x00002b60] [2019-07-02 09:56:02,895] - Components::addComponent[dbmgr], uid=3960, componentID=4000, globalorderid=1, grouporderid=1, totalcount=1
  INFO root [0x00002b60] [2019-07-02 09:56:03,029] - Components::findComponents: found dbmgr, addr:192.168.56.1:59303
  WARN root [0x00002b60] [2019-07-02 09:56:04,030] - EntityApp::checkTickPeriod: tick took 1235% (1.24 seconds)!
  WARN root [0x00002b60] [2019-07-02 09:56:04,030] - Forwarding logs to logger[192.168.56.1:59309/0/0/0]...
 ERROR root [0x00002b60] [2019-07-02 10:12:20,668] - Components::removeComponentByChannel: logger : 2000, Abnormal exit(reason=TCPPacketReceiver::processRecv(): error=10054
)! Channel(timestamp=2452725493079, lastReceivedTime=2452663377788, inactivityExceptionPeriod=134887628)
  INFO root [0x00002b60] [2019-07-02 10:12:20,668] - The following logs sent to logger failed:
  WARN root [0x00002b60] [2019-07-02 10:12:20,668] - ==> [2019-07-02 10:12:20 664] TCPPacketReceiver::processPendingEvents(192.168.56.1:59309): Throwing REASON_GENERAL_NETWORK - WSAECONNRESET
 ERROR root [0x00002b60] [2019-07-02 10:12:20,668] - ==> [2019-07-02 10:12:20 669] Components::removeComponentByChannel: logger : 2000, Abnormal exit(reason=TCPPacketReceiver::processRecv(): error=10054
)! Channel(timestamp=2452725493079, lastReceivedTime=2452663377788, inactivityExceptionPeriod=134887628)
  WARN root [0x00002b60] [2019-07-02 10:12:20,668] - TCPPacketReceiver::processPendingEvents(192.168.56.1:59303): Throwing REASON_GENERAL_NETWORK - WSAECONNRESET
 ERROR root [0x00002b60] [2019-07-02 10:12:20,668] - Components::removeComponentByChannel: dbmgr : 4000, Abnormal exit(reason=TCPPacketReceiver::processRecv(): error=10054
)! Channel(timestamp=2452725760381, lastReceivedTime=2452663168058, inactivityExceptionPeriod=134887628)
  INFO root [0x00002b60] [2019-07-02 10:12:20,668] - Shutdowner::onShutdownBegin: shutting down(period=0, tickPeriod=1)
  INFO root [0x00002b60] [2019-07-02 10:12:20,668] - Shutdowner::onShutdown: shutting down
  INFO root [0x00002b60] [2019-07-02 10:12:20,668] - Spaces::destroySpace: 1.
  INFO root [0x00002b60] [2019-07-02 10:12:20,668] - Shutdowner::onShutdownEnd: shutting down
 DEBUG root [0x00002b60] [2019-07-02 10:12:20,668] - Account::~Account(): 2002
 DEBUG root [0x00002b60] [2019-07-02 10:12:20,668] - Account::~Account(): 2004
 DEBUG root [0x00002b60] [2019-07-02 10:12:20,668] - Account::~Account(): 2005
 DEBUG root [0x00002b60] [2019-07-02 10:12:20,668] - EntityRef::destroyObjPool(): size 16.
 DEBUG root [0x00002b60] [2019-07-02 10:12:20,668] - Witness::destroyObjPool(): size 16.
 ERROR root [0x00002b60] [2019-07-02 10:12:20,668] - EntityGarbages::~EntityGarbages(): leaked, size=1.
 ERROR root [0x00002b60] [2019-07-02 10:12:20,668] - 	--> leaked: Room(2003).
 ERROR root [0x00002b60] [2019-07-02 10:12:20,668] - PyGC::debugTracing(): EntityCall : leaked(4)
 ERROR root [0x00002b60] [2019-07-02 10:12:20,668] - PyGC::debugTracing(): Vector3 : leaked(2)
 ERROR root [0x00002b60] [2019-07-02 10:12:20,668] - PyGC::debugTracing(): Entity : leaked(1)
 DEBUG root [0x00002b60] [2019-07-02 10:12:20,668] - Room::~Room(): 2003
  INFO root [0x00002b60] [2019-07-02 10:12:20,668] - Script::uninstall(): is successfully!
 DEBUG root [0x00002b60] [2019-07-02 10:12:20,668] - ThreadPool::destroy(): starting size 2.
  WARN root [0x00002b60] [2019-07-02 10:12:21,148] - ThreadPool::destroy(): waiting for thread(2)[0x13e9a8,0x13e1f0,], try=1
  INFO root [0x00003fb0] [2019-07-02 10:18:16,159] - 
  INFO root [0x00003fb0] [2019-07-02 10:18:16,165] - -----------------------------------------------------------------------------------------


  INFO root [0x00003fb0] [2019-07-02 10:18:16,168] - Resmgr::initialize: KBE_ROOT=D:/kbengine/
  INFO root [0x00003fb0] [2019-07-02 10:18:16,168] - Resmgr::initialize: KBE_RES_PATH=D:/kbengine/kbe/res/;D:/kbengine/HappyPoker_assets/;D:/kbengine/HappyPoker_assets/scripts/;D:/kbengine/HappyPoker_assets/res/
  INFO root [0x00003fb0] [2019-07-02 10:18:16,168] - Resmgr::initialize: KBE_BIN_PATH=D:/kbengine/kbe/bin/server/
  INFO root [0x00003fb0] [2019-07-02 10:18:16,233] - NetworkInterface::initialize(INTERNAL-TCP): bound to all interfaces with default route interface on 192.168.56.1 ( 192.168.56.1:59495 )
  INFO root [0x00003fb0] [2019-07-02 10:18:16,233] - NetworkInterface::initialize(INTERNAL-TCP): address 192.168.56.1:59495, SOMAXCONN=5.
  INFO root [0x00003fb0] [2019-07-02 10:18:16,233] - server-configs:
  INFO root [0x00003fb0] [2019-07-02 10:18:16,234] - 	gameUpdateHertz : 10
  INFO root [0x00003fb0] [2019-07-02 10:18:16,234] - 	defaultViewRadius : 80
  INFO root [0x00003fb0] [2019-07-02 10:18:16,234] - 	defaultViewHysteresisArea : 5
  INFO root [0x00003fb0] [2019-07-02 10:18:16,234] - 	entryScriptFile : kbemain
  INFO root [0x00003fb0] [2019-07-02 10:18:16,234] - 	internalTcpAddr : 192.168.56.1:59495
  INFO root [0x00003fb0] [2019-07-02 10:18:16,234] - 	componentID : 8001
  WARN root [0x00003fb0] [2019-07-02 10:18:16,238] - invalid UID(0) <= 0, please check UID for environment! automatically set to 3960.
  INFO root [0x00003fb0] [2019-07-02 10:18:17,744] - ---- cellapp Version: 2.4.5. ScriptVersion: 0.1.0. Pythoncore: 3.7.3. Protocol: C9FCABE153AC3D64A8F240810ADA666D. Config: Debug X86. Built: 09:56:57 May  8 2019. AppID: 8001. UID: 3960. PID: 8668 ----
  INFO root [0x00003fb0] [2019-07-02 10:18:17,745] - Server error_name: Intel(R) Core(TM) i5-6300HQ CPU @ 2.30GHz with 2097151kB RAM
  INFO root [0x00003fb0] [2019-07-02 10:18:17,745] - ThreadPool::createThreadPool: creating  threadpool...
  INFO root [0x00003fb0] [2019-07-02 10:18:17,746] - ThreadPool::createThreadPool: successfully(2), newThreadCount=1, normalMaxThreadCount=2, maxThreadCount=8
  INFO root [0x00003fb0] [2019-07-02 10:18:17,946] - Script::install(): is successfully, Python=(3.7.3 (default, May  8 2019, 09:53:38) [MSC v.1916 32 bit (Intel)])!
  INFO root [0x00003fb0] [2019-07-02 10:18:17,946] - Script::install(): KBExtra is successfully!
  WARN root [0x00003fb0] [2019-07-02 10:18:18,079] - EntityDef::checkDefMethod: exposed of method: Account.leaveRoom, check the caller can use "def leaveRoom(self, callerID, ...)", such as: if callerID == self.id!
  WARN root [0x00003fb0] [2019-07-02 10:18:18,098] - EntityDef::checkDefMethod: exposed of method: Account.playerMakeLandlord, check the caller can use "def playerMakeLandlord(self, callerID, ...)", such as: if callerID == self.id!
  WARN root [0x00003fb0] [2019-07-02 10:18:18,135] - EntityDef::checkDefMethod: exposed of method: Account.setGameReady, check the caller can use "def setGameReady(self, callerID, ...)", such as: if callerID == self.id!
 DEBUG root [0x00003fb0] [2019-07-02 10:18:18,145] - loaded entity-script:Account(1).
  WARN root [0x00003fb0] [2019-07-02 10:18:18,148] - EntityDef::checkDefMethod: exposed of method: Room.playPoker, check the caller can use "def playPoker(self, callerID, ...)", such as: if callerID == self.id!
  WARN root [0x00003fb0] [2019-07-02 10:18:18,152] - EntityDef::checkDefMethod: exposed of method: Room.unPlayPoker, check the caller can use "def unPlayPoker(self, callerID, ...)", such as: if callerID == self.id!
 DEBUG root [0x00003fb0] [2019-07-02 10:18:18,156] - loaded entity-script:Room(3).
  INFO root [0x00003fb0] [2019-07-02 10:18:18,157] - TelnetServer server is running on port 50000
  INFO root [0x00003fb0] [2019-07-02 10:18:18,711] - ---- cellapp is running ----
 DEBUG root [0x00003fb0] [2019-07-02 10:18:18,718] - Components::process(): Request for the process of identity...
  WARN root [0x00003fb0] [2019-07-02 10:18:24,875] - EntityApp::checkTickPeriod: tick took 6164% (6.16 seconds)!
  WARN root [0x00003fb0] [2019-07-02 10:18:24,883] - TCPPacketReceiver::processPendingEvents(192.168.56.1:59507): Throwing REASON_GENERAL_NETWORK - WSAECONNABORTED
  INFO root [0x00003fb0] [2019-07-02 10:18:25,907] - Components::findComponents: find logger(1)...
  INFO root [0x00003fb0] [2019-07-02 10:18:26,006] - Components::findComponents: found logger, addr:192.168.56.1:59491
  INFO root [0x00003fb0] [2019-07-02 10:18:26,006] - Components::addComponent: reset orderLog, uid=3960!
  INFO root [0x00003fb0] [2019-07-02 10:18:26,006] - Components::addComponent[logger], uid=3960, componentID=2000, globalorderid=1, grouporderid=1, totalcount=1
  INFO root [0x00003fb0] [2019-07-02 10:18:26,008] - Components::findComponents: find dbmgr(2)...
  INFO root [0x00003fb0] [2019-07-02 10:18:26,012] - Components::findComponents: found dbmgr, addr:192.168.56.1:59489
  INFO root [0x00003fb0] [2019-07-02 10:18:26,012] - Components::addComponent: reset orderLog, uid=3960!
  INFO root [0x00003fb0] [2019-07-02 10:18:26,012] - Components::addComponent[dbmgr], uid=3960, componentID=4000, globalorderid=1, grouporderid=1, totalcount=1
  INFO root [0x00003fb0] [2019-07-02 10:18:26,115] - Components::findComponents: found dbmgr, addr:192.168.56.1:59489
  WARN root [0x00003fb0] [2019-07-02 10:18:27,116] - Forwarding logs to logger[192.168.56.1:59491/0/0/0]...
 ERROR root [0x00003fb0] [2019-07-02 10:27:35,420] - Components::removeComponentByChannel: logger : 2000, Abnormal exit(reason=TCPPacketReceiver::processRecv(): error=10054
)! Channel(timestamp=2454783847144, lastReceivedTime=2454740144547, inactivityExceptionPeriod=134887628)
  INFO root [0x00003fb0] [2019-07-02 10:27:35,440] - The following logs sent to logger failed:
  WARN root [0x00003fb0] [2019-07-02 10:27:35,441] - ==> [2019-07-02 10:27:35 414] TCPPacketReceiver::processPendingEvents(192.168.56.1:59491): Throwing REASON_GENERAL_NETWORK - WSAECONNRESET
 ERROR root [0x00003fb0] [2019-07-02 10:27:35,441] - ==> [2019-07-02 10:27:35 421] Components::removeComponentByChannel: logger : 2000, Abnormal exit(reason=TCPPacketReceiver::processRecv(): error=10054
)! Channel(timestamp=2454783847144, lastReceivedTime=2454740144547, inactivityExceptionPeriod=134887628)
  WARN root [0x00003fb0] [2019-07-02 10:27:35,650] - TCPPacketReceiver::processPendingEvents(192.168.56.1:59489): Throwing REASON_GENERAL_NETWORK - WSAECONNRESET
 ERROR root [0x00003fb0] [2019-07-02 10:27:35,669] - Components::removeComponentByChannel: dbmgr : 4000, Abnormal exit(reason=TCPPacketReceiver::processRecv(): error=10054
)! Channel(timestamp=2454784405349, lastReceivedTime=2454740098841, inactivityExceptionPeriod=134887628)
  INFO root [0x00003fb0] [2019-07-02 10:27:35,679] - Shutdowner::onShutdownBegin: shutting down(period=0, tickPeriod=1)
  INFO root [0x00003fb0] [2019-07-02 10:27:35,681] - Shutdowner::onShutdown: shutting down
  INFO root [0x00003fb0] [2019-07-02 10:27:35,690] - Spaces::destroySpace: 1.
  INFO root [0x00003fb0] [2019-07-02 10:27:35,692] - Shutdowner::onShutdownEnd: shutting down
 DEBUG root [0x00003fb0] [2019-07-02 10:27:35,693] - Account::~Account(): 2002
 DEBUG root [0x00003fb0] [2019-07-02 10:27:35,693] - Account::~Account(): 2004
 DEBUG root [0x00003fb0] [2019-07-02 10:27:35,694] - Account::~Account(): 2005
 DEBUG root [0x00003fb0] [2019-07-02 10:27:35,695] - EntityRef::destroyObjPool(): size 16.
 DEBUG root [0x00003fb0] [2019-07-02 10:27:35,696] - Witness::destroyObjPool(): size 16.
 ERROR root [0x00003fb0] [2019-07-02 10:27:35,712] - EntityGarbages::~EntityGarbages(): leaked, size=1.
 ERROR root [0x00003fb0] [2019-07-02 10:27:35,716] - 	--> leaked: Room(2003).
 ERROR root [0x00003fb0] [2019-07-02 10:27:35,725] - PyGC::debugTracing(): EntityCall : leaked(4)
 ERROR root [0x00003fb0] [2019-07-02 10:27:35,728] - PyGC::debugTracing(): Vector3 : leaked(2)
 ERROR root [0x00003fb0] [2019-07-02 10:27:35,729] - PyGC::debugTracing(): Entity : leaked(1)
 DEBUG root [0x00003fb0] [2019-07-02 10:27:35,753] - Room::~Room(): 2003
  INFO root [0x00003fb0] [2019-07-02 10:27:35,808] - Script::uninstall(): is successfully!
 DEBUG root [0x00003fb0] [2019-07-02 10:27:35,809] - ThreadPool::destroy(): starting size 2.
  WARN root [0x00003fb0] [2019-07-02 10:27:36,110] - ThreadPool::destroy(): waiting for thread(2)[0xf3c808,0xf3c390,], try=1
  INFO root [0x000054ec] [2019-07-02 10:27:38,453] - 
  INFO root [0x000054ec] [2019-07-02 10:27:38,458] - -----------------------------------------------------------------------------------------


  INFO root [0x000054ec] [2019-07-02 10:27:38,460] - Resmgr::initialize: KBE_ROOT=D:/kbengine/
  INFO root [0x000054ec] [2019-07-02 10:27:38,461] - Resmgr::initialize: KBE_RES_PATH=D:/kbengine/kbe/res/;D:/kbengine/HappyPoker_assets/;D:/kbengine/HappyPoker_assets/scripts/;D:/kbengine/HappyPoker_assets/res/
  INFO root [0x000054ec] [2019-07-02 10:27:38,461] - Resmgr::initialize: KBE_BIN_PATH=D:/kbengine/kbe/bin/server/
  INFO root [0x000054ec] [2019-07-02 10:27:38,511] - NetworkInterface::initialize(INTERNAL-TCP): bound to all interfaces with default route interface on 192.168.56.1 ( 192.168.56.1:59578 )
  INFO root [0x000054ec] [2019-07-02 10:27:38,512] - NetworkInterface::initialize(INTERNAL-TCP): address 192.168.56.1:59578, SOMAXCONN=5.
  INFO root [0x000054ec] [2019-07-02 10:27:38,512] - server-configs:
  INFO root [0x000054ec] [2019-07-02 10:27:38,512] - 	gameUpdateHertz : 10
  INFO root [0x000054ec] [2019-07-02 10:27:38,513] - 	defaultViewRadius : 80
  INFO root [0x000054ec] [2019-07-02 10:27:38,513] - 	defaultViewHysteresisArea : 5
  INFO root [0x000054ec] [2019-07-02 10:27:38,513] - 	entryScriptFile : kbemain
  INFO root [0x000054ec] [2019-07-02 10:27:38,513] - 	internalTcpAddr : 192.168.56.1:59578
  INFO root [0x000054ec] [2019-07-02 10:27:38,513] - 	componentID : 8001
  WARN root [0x000054ec] [2019-07-02 10:27:38,525] - invalid UID(0) <= 0, please check UID for environment! automatically set to 3960.
  INFO root [0x000054ec] [2019-07-02 10:27:40,042] - ---- cellapp Version: 2.4.5. ScriptVersion: 0.1.0. Pythoncore: 3.7.3. Protocol: C9FCABE153AC3D64A8F240810ADA666D. Config: Debug X86. Built: 09:56:57 May  8 2019. AppID: 8001. UID: 3960. PID: 11604 ----
  INFO root [0x000054ec] [2019-07-02 10:27:40,051] - Server error_name: Intel(R) Core(TM) i5-6300HQ CPU @ 2.30GHz with 2097151kB RAM
  INFO root [0x000054ec] [2019-07-02 10:27:40,056] - ThreadPool::createThreadPool: creating  threadpool...
  INFO root [0x000054ec] [2019-07-02 10:27:40,057] - ThreadPool::createThreadPool: successfully(2), newThreadCount=1, normalMaxThreadCount=2, maxThreadCount=8
  INFO root [0x000054ec] [2019-07-02 10:27:40,693] - Script::install(): is successfully, Python=(3.7.3 (default, May  8 2019, 09:53:38) [MSC v.1916 32 bit (Intel)])!
  INFO root [0x000054ec] [2019-07-02 10:27:40,693] - Script::install(): KBExtra is successfully!
  WARN root [0x000054ec] [2019-07-02 10:27:41,417] - EntityDef::checkDefMethod: exposed of method: Account.leaveRoom, check the caller can use "def leaveRoom(self, callerID, ...)", such as: if callerID == self.id!
  WARN root [0x000054ec] [2019-07-02 10:27:41,419] - EntityDef::checkDefMethod: exposed of method: Account.playerMakeLandlord, check the caller can use "def playerMakeLandlord(self, callerID, ...)", such as: if callerID == self.id!
  WARN root [0x000054ec] [2019-07-02 10:27:41,419] - EntityDef::checkDefMethod: exposed of method: Account.setGameReady, check the caller can use "def setGameReady(self, callerID, ...)", such as: if callerID == self.id!
 DEBUG root [0x000054ec] [2019-07-02 10:27:41,420] - loaded entity-script:Account(1).
  WARN root [0x000054ec] [2019-07-02 10:27:41,422] - EntityDef::checkDefMethod: exposed of method: Room.playPoker, check the caller can use "def playPoker(self, callerID, ...)", such as: if callerID == self.id!
  WARN root [0x000054ec] [2019-07-02 10:27:41,422] - EntityDef::checkDefMethod: exposed of method: Room.unPlayPoker, check the caller can use "def unPlayPoker(self, callerID, ...)", such as: if callerID == self.id!
 DEBUG root [0x000054ec] [2019-07-02 10:27:41,432] - loaded entity-script:Room(3).
  INFO root [0x000054ec] [2019-07-02 10:27:41,434] - TelnetServer server is running on port 50000
  INFO root [0x000054ec] [2019-07-02 10:27:42,467] - ---- cellapp is running ----
 DEBUG root [0x000054ec] [2019-07-02 10:27:42,468] - Components::process(): Request for the process of identity...
  WARN root [0x000054ec] [2019-07-02 10:27:48,966] - EntityApp::checkTickPeriod: tick took 6499% (6.50 seconds)!
  INFO root [0x000054ec] [2019-07-02 10:27:50,065] - Components::findComponents: find logger(1)...
  INFO root [0x000054ec] [2019-07-02 10:27:50,100] - Components::findComponents: found logger, addr:192.168.56.1:59575
  INFO root [0x000054ec] [2019-07-02 10:27:50,101] - Components::addComponent: reset orderLog, uid=3960!
  INFO root [0x000054ec] [2019-07-02 10:27:50,102] - Components::addComponent[logger], uid=3960, componentID=2000, globalorderid=1, grouporderid=1, totalcount=1
  INFO root [0x000054ec] [2019-07-02 10:27:50,108] - Components::findComponents: find dbmgr(2)...
  INFO root [0x000054ec] [2019-07-02 10:27:50,217] - Components::findComponents: found dbmgr, addr:192.168.56.1:59576
  INFO root [0x000054ec] [2019-07-02 10:27:50,217] - Components::addComponent: reset orderLog, uid=3960!
  INFO root [0x000054ec] [2019-07-02 10:27:50,218] - Components::addComponent[dbmgr], uid=3960, componentID=4000, globalorderid=1, grouporderid=1, totalcount=1
  INFO root [0x000054ec] [2019-07-02 10:27:50,219] - Components::findComponents: found dbmgr, addr:192.168.56.1:59576
  WARN root [0x000054ec] [2019-07-02 10:27:51,220] - Forwarding logs to logger[192.168.56.1:59575/0/0/0]...
 ERROR root [0x000054ec] [2019-07-02 10:31:15,731] - Components::removeComponentByChannel: logger : 2000, Abnormal exit(reason=TCPPacketReceiver::processRecv(): error=10054
)! Channel(timestamp=2455279548422, lastReceivedTime=2455262997118, inactivityExceptionPeriod=134887804)
  INFO root [0x000054ec] [2019-07-02 10:31:15,735] - The following logs sent to logger failed:
  WARN root [0x000054ec] [2019-07-02 10:31:15,735] - ==> [2019-07-02 10:31:15 728] TCPPacketReceiver::processPendingEvents(192.168.56.1:59575): Throwing REASON_GENERAL_NETWORK - WSAECONNRESET
 ERROR root [0x000054ec] [2019-07-02 10:31:15,736] - ==> [2019-07-02 10:31:15 732] Components::removeComponentByChannel: logger : 2000, Abnormal exit(reason=TCPPacketReceiver::processRecv(): error=10054
)! Channel(timestamp=2455279548422, lastReceivedTime=2455262997118, inactivityExceptionPeriod=134887804)
  WARN root [0x000054ec] [2019-07-02 10:31:15,849] - TCPPacketReceiver::processPendingEvents(192.168.56.1:59576): Throwing REASON_GENERAL_NETWORK - WSAECONNRESET
 ERROR root [0x000054ec] [2019-07-02 10:31:15,857] - Components::removeComponentByChannel: dbmgr : 4000, Abnormal exit(reason=TCPPacketReceiver::processRecv(): error=10054
)! Channel(timestamp=2455279831172, lastReceivedTime=2455263094793, inactivityExceptionPeriod=134887804)
  INFO root [0x000054ec] [2019-07-02 10:31:15,862] - Shutdowner::onShutdownBegin: shutting down(period=0, tickPeriod=1)
  INFO root [0x000054ec] [2019-07-02 10:31:15,865] - Shutdowner::onShutdown: shutting down
  INFO root [0x000054ec] [2019-07-02 10:31:15,867] - Spaces::destroySpace: 1.
  INFO root [0x000054ec] [2019-07-02 10:31:15,868] - Shutdowner::onShutdownEnd: shutting down
 DEBUG root [0x000054ec] [2019-07-02 10:31:15,868] - Account::~Account(): 2002
 DEBUG root [0x000054ec] [2019-07-02 10:31:15,869] - Account::~Account(): 2004
 DEBUG root [0x000054ec] [2019-07-02 10:31:15,869] - EntityRef::destroyObjPool(): size 16.
 DEBUG root [0x000054ec] [2019-07-02 10:31:15,869] - Witness::destroyObjPool(): size 16.
 ERROR root [0x000054ec] [2019-07-02 10:31:15,882] - EntityGarbages::~EntityGarbages(): leaked, size=1.
 ERROR root [0x000054ec] [2019-07-02 10:31:15,883] - 	--> leaked: Room(2003).
 ERROR root [0x000054ec] [2019-07-02 10:31:15,884] - PyGC::debugTracing(): EntityCall : leaked(3)
 ERROR root [0x000054ec] [2019-07-02 10:31:15,885] - PyGC::debugTracing(): Vector3 : leaked(2)
 ERROR root [0x000054ec] [2019-07-02 10:31:15,886] - PyGC::debugTracing(): Entity : leaked(1)
 DEBUG root [0x000054ec] [2019-07-02 10:31:15,891] - Room::~Room(): 2003
  INFO root [0x000054ec] [2019-07-02 10:31:15,906] - Script::uninstall(): is successfully!
 DEBUG root [0x000054ec] [2019-07-02 10:31:15,907] - ThreadPool::destroy(): starting size 2.
  WARN root [0x000054ec] [2019-07-02 10:31:16,208] - ThreadPool::destroy(): waiting for thread(2)[0x1dfe50,0x1df8a0,], try=1
  INFO root [0x000023e4] [2019-07-02 10:31:17,971] - 
  INFO root [0x000023e4] [2019-07-02 10:31:17,976] - -----------------------------------------------------------------------------------------


  INFO root [0x000023e4] [2019-07-02 10:31:17,978] - Resmgr::initialize: KBE_ROOT=D:/kbengine/
  INFO root [0x000023e4] [2019-07-02 10:31:17,978] - Resmgr::initialize: KBE_RES_PATH=D:/kbengine/kbe/res/;D:/kbengine/HappyPoker_assets/;D:/kbengine/HappyPoker_assets/scripts/;D:/kbengine/HappyPoker_assets/res/
  INFO root [0x000023e4] [2019-07-02 10:31:17,978] - Resmgr::initialize: KBE_BIN_PATH=D:/kbengine/kbe/bin/server/
  INFO root [0x000023e4] [2019-07-02 10:31:17,999] - NetworkInterface::initialize(INTERNAL-TCP): bound to all interfaces with default route interface on 192.168.56.1 ( 192.168.56.1:59636 )
  INFO root [0x000023e4] [2019-07-02 10:31:17,999] - NetworkInterface::initialize(INTERNAL-TCP): address 192.168.56.1:59636, SOMAXCONN=5.
  INFO root [0x000023e4] [2019-07-02 10:31:18,000] - server-configs:
  INFO root [0x000023e4] [2019-07-02 10:31:18,000] - 	gameUpdateHertz : 10
  INFO root [0x000023e4] [2019-07-02 10:31:18,000] - 	defaultViewRadius : 80
  INFO root [0x000023e4] [2019-07-02 10:31:18,000] - 	defaultViewHysteresisArea : 5
  INFO root [0x000023e4] [2019-07-02 10:31:18,000] - 	entryScriptFile : kbemain
  INFO root [0x000023e4] [2019-07-02 10:31:18,000] - 	internalTcpAddr : 192.168.56.1:59636
  INFO root [0x000023e4] [2019-07-02 10:31:18,000] - 	componentID : 8001
  WARN root [0x000023e4] [2019-07-02 10:31:18,003] - invalid UID(0) <= 0, please check UID for environment! automatically set to 3960.
  INFO root [0x000023e4] [2019-07-02 10:31:19,510] - ---- cellapp Version: 2.4.5. ScriptVersion: 0.1.0. Pythoncore: 3.7.3. Protocol: C9FCABE153AC3D64A8F240810ADA666D. Config: Debug X86. Built: 09:56:57 May  8 2019. AppID: 8001. UID: 3960. PID: 7040 ----
  INFO root [0x000023e4] [2019-07-02 10:31:19,511] - Server error_name: Intel(R) Core(TM) i5-6300HQ CPU @ 2.30GHz with 2097151kB RAM
  INFO root [0x000023e4] [2019-07-02 10:31:19,511] - ThreadPool::createThreadPool: creating  threadpool...
  INFO root [0x000023e4] [2019-07-02 10:31:19,512] - ThreadPool::createThreadPool: successfully(2), newThreadCount=1, normalMaxThreadCount=2, maxThreadCount=8
  INFO root [0x000023e4] [2019-07-02 10:31:19,995] - Script::install(): is successfully, Python=(3.7.3 (default, May  8 2019, 09:53:38) [MSC v.1916 32 bit (Intel)])!
  INFO root [0x000023e4] [2019-07-02 10:31:19,995] - Script::install(): KBExtra is successfully!
  WARN root [0x000023e4] [2019-07-02 10:31:20,392] - EntityDef::checkDefMethod: exposed of method: Account.leaveRoom, check the caller can use "def leaveRoom(self, callerID, ...)", such as: if callerID == self.id!
  WARN root [0x000023e4] [2019-07-02 10:31:20,393] - EntityDef::checkDefMethod: exposed of method: Account.playerMakeLandlord, check the caller can use "def playerMakeLandlord(self, callerID, ...)", such as: if callerID == self.id!
  WARN root [0x000023e4] [2019-07-02 10:31:20,394] - EntityDef::checkDefMethod: exposed of method: Account.setGameReady, check the caller can use "def setGameReady(self, callerID, ...)", such as: if callerID == self.id!
 DEBUG root [0x000023e4] [2019-07-02 10:31:20,394] - loaded entity-script:Account(1).
  WARN root [0x000023e4] [2019-07-02 10:31:20,396] - EntityDef::checkDefMethod: exposed of method: Room.playPoker, check the caller can use "def playPoker(self, callerID, ...)", such as: if callerID == self.id!
  WARN root [0x000023e4] [2019-07-02 10:31:20,396] - EntityDef::checkDefMethod: exposed of method: Room.unPlayPoker, check the caller can use "def unPlayPoker(self, callerID, ...)", such as: if callerID == self.id!
 DEBUG root [0x000023e4] [2019-07-02 10:31:20,397] - loaded entity-script:Room(3).
  INFO root [0x000023e4] [2019-07-02 10:31:20,397] - TelnetServer server is running on port 50000
  INFO root [0x000023e4] [2019-07-02 10:31:20,896] - ---- cellapp is running ----
 DEBUG root [0x000023e4] [2019-07-02 10:31:20,897] - Components::process(): Request for the process of identity...
  WARN root [0x000023e4] [2019-07-02 10:31:27,086] - EntityApp::checkTickPeriod: tick took 6189% (6.19 seconds)!
  INFO root [0x000023e4] [2019-07-02 10:31:28,097] - Components::findComponents: find logger(1)...
  INFO root [0x000023e4] [2019-07-02 10:31:28,113] - Components::findComponents: found logger, addr:192.168.56.1:59633
  INFO root [0x000023e4] [2019-07-02 10:31:28,114] - Components::addComponent: reset orderLog, uid=3960!
  INFO root [0x000023e4] [2019-07-02 10:31:28,114] - Components::addComponent[logger], uid=3960, componentID=2000, globalorderid=1, grouporderid=1, totalcount=1
  INFO root [0x000023e4] [2019-07-02 10:31:28,115] - Components::findComponents: find dbmgr(2)...
  INFO root [0x000023e4] [2019-07-02 10:31:28,219] - Components::findComponents: found dbmgr, addr:192.168.56.1:59637
  INFO root [0x000023e4] [2019-07-02 10:31:28,219] - Components::addComponent: reset orderLog, uid=3960!
  INFO root [0x000023e4] [2019-07-02 10:31:28,219] - Components::addComponent[dbmgr], uid=3960, componentID=4000, globalorderid=1, grouporderid=1, totalcount=1
  INFO root [0x000023e4] [2019-07-02 10:31:28,229] - Components::findComponents: found dbmgr, addr:192.168.56.1:59637
  WARN root [0x000023e4] [2019-07-02 10:31:29,230] - EntityApp::checkTickPeriod: tick took 1233% (1.23 seconds)!
  WARN root [0x000023e4] [2019-07-02 10:31:29,231] - Forwarding logs to logger[192.168.56.1:59633/0/0/0]...
 ERROR root [0x000023e4] [2019-07-02 10:32:28,134] - Components::removeComponentByChannel: logger : 2000, Abnormal exit(reason=TCPPacketReceiver::processRecv(): error=10054
)! Channel(timestamp=2455442454223, lastReceivedTime=2455419476654, inactivityExceptionPeriod=134887021)
  INFO root [0x000023e4] [2019-07-02 10:32:28,139] - The following logs sent to logger failed:
  WARN root [0x000023e4] [2019-07-02 10:32:28,140] - ==> [2019-07-02 10:32:28 128] TCPPacketReceiver::processPendingEvents(192.168.56.1:59633): Throwing REASON_GENERAL_NETWORK - WSAECONNRESET
 ERROR root [0x000023e4] [2019-07-02 10:32:28,140] - ==> [2019-07-02 10:32:28 135] Components::removeComponentByChannel: logger : 2000, Abnormal exit(reason=TCPPacketReceiver::processRecv(): error=10054
)! Channel(timestamp=2455442454223, lastReceivedTime=2455419476654, inactivityExceptionPeriod=134887021)
  WARN root [0x000023e4] [2019-07-02 10:32:28,289] - TCPPacketReceiver::processPendingEvents(192.168.56.1:59637): Throwing REASON_GENERAL_NETWORK - WSAECONNRESET
 ERROR root [0x000023e4] [2019-07-02 10:32:28,292] - Components::removeComponentByChannel: dbmgr : 4000, Abnormal exit(reason=TCPPacketReceiver::processRecv(): error=10054
)! Channel(timestamp=2455442807957, lastReceivedTime=2455419683738, inactivityExceptionPeriod=134887021)
  INFO root [0x000023e4] [2019-07-02 10:32:28,299] - Shutdowner::onShutdownBegin: shutting down(period=0, tickPeriod=1)
  INFO root [0x000023e4] [2019-07-02 10:32:28,300] - Shutdowner::onShutdown: shutting down
  INFO root [0x000023e4] [2019-07-02 10:32:28,303] - Spaces::destroySpace: 1.
  INFO root [0x000023e4] [2019-07-02 10:32:28,304] - Shutdowner::onShutdownEnd: shutting down
 DEBUG root [0x000023e4] [2019-07-02 10:32:28,305] - Account::~Account(): 2
 DEBUG root [0x000023e4] [2019-07-02 10:32:28,306] - EntityRef::destroyObjPool(): size 16.
 DEBUG root [0x000023e4] [2019-07-02 10:32:28,306] - Witness::destroyObjPool(): size 16.
 DEBUG root [0x000023e4] [2019-07-02 10:32:28,320] - Room::~Room(): 3
  INFO root [0x000023e4] [2019-07-02 10:32:28,359] - Script::uninstall(): is successfully!
 DEBUG root [0x000023e4] [2019-07-02 10:32:28,359] - ThreadPool::destroy(): starting size 2.
  WARN root [0x000023e4] [2019-07-02 10:32:28,660] - ThreadPool::destroy(): waiting for thread(2)[0xea1528,0xea1730,], try=1
  INFO root [0x00002c84] [2019-07-02 10:32:30,649] - 
  INFO root [0x00002c84] [2019-07-02 10:32:30,649] - -----------------------------------------------------------------------------------------


  INFO root [0x00002c84] [2019-07-02 10:32:30,650] - Resmgr::initialize: KBE_ROOT=D:/kbengine/
  INFO root [0x00002c84] [2019-07-02 10:32:30,651] - Resmgr::initialize: KBE_RES_PATH=D:/kbengine/kbe/res/;D:/kbengine/HappyPoker_assets/;D:/kbengine/HappyPoker_assets/scripts/;D:/kbengine/HappyPoker_assets/res/
  INFO root [0x00002c84] [2019-07-02 10:32:30,651] - Resmgr::initialize: KBE_BIN_PATH=D:/kbengine/kbe/bin/server/
  INFO root [0x00002c84] [2019-07-02 10:32:30,723] - NetworkInterface::initialize(INTERNAL-TCP): bound to all interfaces with default route interface on 192.168.56.1 ( 192.168.56.1:59690 )
  INFO root [0x00002c84] [2019-07-02 10:32:30,724] - NetworkInterface::initialize(INTERNAL-TCP): address 192.168.56.1:59690, SOMAXCONN=5.
  INFO root [0x00002c84] [2019-07-02 10:32:30,724] - server-configs:
  INFO root [0x00002c84] [2019-07-02 10:32:30,724] - 	gameUpdateHertz : 10
  INFO root [0x00002c84] [2019-07-02 10:32:30,724] - 	defaultViewRadius : 80
  INFO root [0x00002c84] [2019-07-02 10:32:30,724] - 	defaultViewHysteresisArea : 5
  INFO root [0x00002c84] [2019-07-02 10:32:30,725] - 	entryScriptFile : kbemain
  INFO root [0x00002c84] [2019-07-02 10:32:30,725] - 	internalTcpAddr : 192.168.56.1:59690
  INFO root [0x00002c84] [2019-07-02 10:32:30,725] - 	componentID : 8001
  WARN root [0x00002c84] [2019-07-02 10:32:30,731] - invalid UID(0) <= 0, please check UID for environment! automatically set to 3960.
  INFO root [0x00002c84] [2019-07-02 10:32:32,245] - ---- cellapp Version: 2.4.5. ScriptVersion: 0.1.0. Pythoncore: 3.7.3. Protocol: C9FCABE153AC3D64A8F240810ADA666D. Config: Debug X86. Built: 09:56:57 May  8 2019. AppID: 8001. UID: 3960. PID: 21836 ----
  INFO root [0x00002c84] [2019-07-02 10:32:32,245] - Server error_name: Intel(R) Core(TM) i5-6300HQ CPU @ 2.30GHz with 2097151kB RAM
  INFO root [0x00002c84] [2019-07-02 10:32:32,245] - ThreadPool::createThreadPool: creating  threadpool...
  INFO root [0x00002c84] [2019-07-02 10:32:32,246] - ThreadPool::createThreadPool: successfully(2), newThreadCount=1, normalMaxThreadCount=2, maxThreadCount=8
  INFO root [0x00002c84] [2019-07-02 10:32:32,467] - Script::install(): is successfully, Python=(3.7.3 (default, May  8 2019, 09:53:38) [MSC v.1916 32 bit (Intel)])!
  INFO root [0x00002c84] [2019-07-02 10:32:32,468] - Script::install(): KBExtra is successfully!
  WARN root [0x00002c84] [2019-07-02 10:32:32,770] - EntityDef::checkDefMethod: exposed of method: Account.leaveRoom, check the caller can use "def leaveRoom(self, callerID, ...)", such as: if callerID == self.id!
  WARN root [0x00002c84] [2019-07-02 10:32:32,772] - EntityDef::checkDefMethod: exposed of method: Account.playerMakeLandlord, check the caller can use "def playerMakeLandlord(self, callerID, ...)", such as: if callerID == self.id!
  WARN root [0x00002c84] [2019-07-02 10:32:32,777] - EntityDef::checkDefMethod: exposed of method: Account.setGameReady, check the caller can use "def setGameReady(self, callerID, ...)", such as: if callerID == self.id!
 DEBUG root [0x00002c84] [2019-07-02 10:32:32,782] - loaded entity-script:Account(1).
  WARN root [0x00002c84] [2019-07-02 10:32:32,784] - EntityDef::checkDefMethod: exposed of method: Room.playPoker, check the caller can use "def playPoker(self, callerID, ...)", such as: if callerID == self.id!
  WARN root [0x00002c84] [2019-07-02 10:32:32,786] - EntityDef::checkDefMethod: exposed of method: Room.unPlayPoker, check the caller can use "def unPlayPoker(self, callerID, ...)", such as: if callerID == self.id!
 DEBUG root [0x00002c84] [2019-07-02 10:32:32,787] - loaded entity-script:Room(3).
  INFO root [0x00002c84] [2019-07-02 10:32:32,787] - TelnetServer server is running on port 50000
  INFO root [0x00002c84] [2019-07-02 10:32:33,255] - ---- cellapp is running ----
 DEBUG root [0x00002c84] [2019-07-02 10:32:33,256] - Components::process(): Request for the process of identity...
  WARN root [0x00002c84] [2019-07-02 10:32:39,400] - EntityApp::checkTickPeriod: tick took 6144% (6.14 seconds)!
  INFO root [0x00002c84] [2019-07-02 10:32:40,456] - Components::findComponents: find logger(1)...
  INFO root [0x00002c84] [2019-07-02 10:32:40,474] - Components::findComponents: found logger, addr:192.168.56.1:59695
  INFO root [0x00002c84] [2019-07-02 10:32:40,475] - Components::addComponent: reset orderLog, uid=3960!
  INFO root [0x00002c84] [2019-07-02 10:32:40,476] - Components::addComponent[logger], uid=3960, componentID=2000, globalorderid=1, grouporderid=1, totalcount=1
  INFO root [0x00002c84] [2019-07-02 10:32:40,478] - Components::findComponents: find dbmgr(2)...
  INFO root [0x00002c84] [2019-07-02 10:32:40,581] - Components::findComponents: found dbmgr, addr:192.168.56.1:59696
  INFO root [0x00002c84] [2019-07-02 10:32:40,582] - Components::addComponent: reset orderLog, uid=3960!
  INFO root [0x00002c84] [2019-07-02 10:32:40,582] - Components::addComponent[dbmgr], uid=3960, componentID=4000, globalorderid=1, grouporderid=1, totalcount=1
  INFO root [0x00002c84] [2019-07-02 10:32:40,583] - Components::findComponents: found dbmgr, addr:192.168.56.1:59696
  WARN root [0x00002c84] [2019-07-02 10:32:41,584] - EntityApp::checkTickPeriod: tick took 1227% (1.23 seconds)!
  WARN root [0x00002c84] [2019-07-02 10:32:41,585] - Forwarding logs to logger[192.168.56.1:59695/0/0/0]...
 ERROR root [0x00002c84] [2019-07-02 10:35:16,337] - Components::removeComponentByChannel: logger : 2000, Abnormal exit(reason=TCPPacketReceiver::processRecv(): error=10054
)! Channel(timestamp=2455820910041, lastReceivedTime=2455785838137, inactivityExceptionPeriod=134887021)
  INFO root [0x00002c84] [2019-07-02 10:35:16,340] - The following logs sent to logger failed:
  WARN root [0x00002c84] [2019-07-02 10:35:16,341] - ==> [2019-07-02 10:35:16 333] TCPPacketReceiver::processPendingEvents(192.168.56.1:59695): Throwing REASON_GENERAL_NETWORK - WSAECONNRESET
 ERROR root [0x00002c84] [2019-07-02 10:35:16,341] - ==> [2019-07-02 10:35:16 337] Components::removeComponentByChannel: logger : 2000, Abnormal exit(reason=TCPPacketReceiver::processRecv(): error=10054
)! Channel(timestamp=2455820910041, lastReceivedTime=2455785838137, inactivityExceptionPeriod=134887021)
  WARN root [0x00002c84] [2019-07-02 10:35:16,443] - TCPPacketReceiver::processPendingEvents(192.168.56.1:59696): Throwing REASON_GENERAL_NETWORK - WSAECONNRESET
 ERROR root [0x00002c84] [2019-07-02 10:35:16,447] - Components::removeComponentByChannel: dbmgr : 4000, Abnormal exit(reason=TCPPacketReceiver::processRecv(): error=10054
)! Channel(timestamp=2455821158896, lastReceivedTime=2455785763794, inactivityExceptionPeriod=134887021)
  INFO root [0x00002c84] [2019-07-02 10:35:16,465] - Shutdowner::onShutdownBegin: shutting down(period=0, tickPeriod=1)
  INFO root [0x00002c84] [2019-07-02 10:35:16,471] - Shutdowner::onShutdown: shutting down
  INFO root [0x00002c84] [2019-07-02 10:35:16,476] - Spaces::destroySpace: 1.
  INFO root [0x00002c84] [2019-07-02 10:35:16,477] - Shutdowner::onShutdownEnd: shutting down
 DEBUG root [0x00002c84] [2019-07-02 10:35:16,477] - Account::~Account(): 2
 DEBUG root [0x00002c84] [2019-07-02 10:35:16,477] - Account::~Account(): 4
 DEBUG root [0x00002c84] [2019-07-02 10:35:16,478] - Account::~Account(): 5
 DEBUG root [0x00002c84] [2019-07-02 10:35:16,478] - EntityRef::destroyObjPool(): size 16.
 DEBUG root [0x00002c84] [2019-07-02 10:35:16,478] - Witness::destroyObjPool(): size 16.
 ERROR root [0x00002c84] [2019-07-02 10:35:16,496] - EntityGarbages::~EntityGarbages(): leaked, size=1.
 ERROR root [0x00002c84] [2019-07-02 10:35:16,497] - 	--> leaked: Room(3).
 ERROR root [0x00002c84] [2019-07-02 10:35:16,499] - PyGC::debugTracing(): EntityCall : leaked(4)
 ERROR root [0x00002c84] [2019-07-02 10:35:16,500] - PyGC::debugTracing(): Vector3 : leaked(2)
 ERROR root [0x00002c84] [2019-07-02 10:35:16,502] - PyGC::debugTracing(): Entity : leaked(1)
 DEBUG root [0x00002c84] [2019-07-02 10:35:16,509] - Room::~Room(): 3
  INFO root [0x00002c84] [2019-07-02 10:35:16,517] - Script::uninstall(): is successfully!
 DEBUG root [0x00002c84] [2019-07-02 10:35:16,518] - ThreadPool::destroy(): starting size 2.
  WARN root [0x00002c84] [2019-07-02 10:35:16,819] - ThreadPool::destroy(): waiting for thread(2)[0x63c570,0x63ca50,], try=1
