  INFO root [0x000019cc] [2019-05-18 14:48:18,910] - 
  INFO root [0x000019cc] [2019-05-18 14:48:18,910] - -----------------------------------------------------------------------------------------


  INFO root [0x000019cc] [2019-05-18 14:48:18,911] - Resmgr::initialize: KBE_ROOT=D:/kbengine/
  INFO root [0x000019cc] [2019-05-18 14:48:18,911] - Resmgr::initialize: KBE_RES_PATH=D:/kbengine/kbe/res/;D:/kbengine/HappyPoker_assets/;D:/kbengine/HappyPoker_assets/scripts/;D:/kbengine/HappyPoker_assets/res/
  INFO root [0x000019cc] [2019-05-18 14:48:18,911] - Resmgr::initialize: KBE_BIN_PATH=D:/kbengine/kbe/bin/server/
  INFO root [0x000019cc] [2019-05-18 14:48:18,923] - NetworkInterface::initialize(INTERNAL-TCP): bound to all interfaces with default route interface on 192.168.56.1 ( 192.168.56.1:59245 )
  INFO root [0x000019cc] [2019-05-18 14:48:18,923] - NetworkInterface::initialize(INTERNAL-TCP): address 192.168.56.1:59245, SOMAXCONN=5.
  INFO root [0x000019cc] [2019-05-18 14:48:18,923] - server-configs:
  INFO root [0x000019cc] [2019-05-18 14:48:18,923] - 	gameUpdateHertz : 10
  INFO root [0x000019cc] [2019-05-18 14:48:18,924] - 	defaultViewRadius : 80
  INFO root [0x000019cc] [2019-05-18 14:48:18,924] - 	defaultViewHysteresisArea : 5
  INFO root [0x000019cc] [2019-05-18 14:48:18,924] - 	entryScriptFile : kbemain
  INFO root [0x000019cc] [2019-05-18 14:48:18,924] - 	internalTcpAddr : 192.168.56.1:59245
  INFO root [0x000019cc] [2019-05-18 14:48:18,924] - 	componentID : 8001
  WARN root [0x000019cc] [2019-05-18 14:48:18,924] - invalid UID(0) <= 0, please check UID for environment! automatically set to 3960.
  INFO root [0x000019cc] [2019-05-18 14:48:19,001] - Components::findLogger: found logger, addr:192.168.56.1:59221
  INFO root [0x000019cc] [2019-05-18 14:48:19,002] - Components::addComponent: reset orderLog, uid=3960!
  INFO root [0x000019cc] [2019-05-18 14:48:19,002] - Components::addComponent[logger], uid=3960, componentID=2000, globalorderid=1, grouporderid=1, totalcount=1
  INFO root [0x000019cc] [2019-05-18 14:48:19,007] - ---- cellapp Version: 2.4.5. ScriptVersion: 0.1.0. Pythoncore: 3.7.3. Protocol: C9FCABE153AC3D64A8F240810ADA666D. Config: Debug X86. Built: 09:56:57 May  8 2019. AppID: 8001. UID: 3960. PID: 4728 ----
  INFO root [0x000019cc] [2019-05-18 14:48:19,007] - Server error_name: Intel(R) Core(TM) i5-6300HQ CPU @ 2.30GHz with 2097151kB RAM
  INFO root [0x000019cc] [2019-05-18 14:48:19,007] - ThreadPool::createThreadPool: creating  threadpool...
  INFO root [0x000019cc] [2019-05-18 14:48:19,008] - ThreadPool::createThreadPool: successfully(2), newThreadCount=1, normalMaxThreadCount=2, maxThreadCount=8
  INFO root [0x000019cc] [2019-05-18 14:48:19,210] - Script::install(): is successfully, Python=(3.7.3 (default, May  8 2019, 09:53:38) [MSC v.1916 32 bit (Intel)])!
  INFO root [0x000019cc] [2019-05-18 14:48:19,210] - Script::install(): KBExtra is successfully!
  WARN root [0x000019cc] [2019-05-18 14:48:19,321] - EntityDef::checkDefMethod: exposed of method: Account.playerMakeLandlord, check the caller can use "def playerMakeLandlord(self, callerID, ...)", such as: if callerID == self.id!
  WARN root [0x000019cc] [2019-05-18 14:48:19,321] - EntityDef::checkDefMethod: exposed of method: Account.setGameReady, check the caller can use "def setGameReady(self, callerID, ...)", such as: if callerID == self.id!
 DEBUG root [0x000019cc] [2019-05-18 14:48:19,322] - loaded entity-script:Account(1).
 DEBUG root [0x000019cc] [2019-05-18 14:48:19,324] - loaded entity-script:Room(3).
  INFO root [0x000019cc] [2019-05-18 14:48:19,324] - TelnetServer server is running on port 50000
  INFO root [0x000019cc] [2019-05-18 14:48:19,738] - ---- cellapp is running ----
 DEBUG root [0x000019cc] [2019-05-18 14:48:19,739] - Components::process(): Request for the process of identity...
  WARN root [0x000019cc] [2019-05-18 14:48:25,845] - Forwarding logs to logger[192.168.56.1:59221/0/0/0]...
 ERROR root [0x000019cc] [2019-05-18 14:51:36,224] - Components::removeComponentByChannel: dbmgr : 4000, Abnormal exit(reason=TCPPacketReceiver::processRecv(): error=10054
)! Channel(timestamp=170955429245, lastReceivedTime=170892828654, inactivityExceptionPeriod=134887564)
