  INFO root [0x00003dd0] [2019-07-12 09:23:38,845] - 
  INFO root [0x00003dd0] [2019-07-12 09:23:38,845] - -----------------------------------------------------------------------------------------


  INFO root [0x00003dd0] [2019-07-12 09:23:39,134] - Resmgr::initialize: KBE_ROOT=D:/kbengine/
  INFO root [0x00003dd0] [2019-07-12 09:23:39,134] - Resmgr::initialize: KBE_RES_PATH=D:/kbengine/kbe/res/;D:/kbengine/HappyPoker_assets/;D:/kbengine/HappyPoker_assets/scripts/;D:/kbengine/HappyPoker_assets/res/
  INFO root [0x00003dd0] [2019-07-12 09:23:39,134] - Resmgr::initialize: KBE_BIN_PATH=D:/kbengine/kbe/bin/server/
  INFO root [0x00003dd0] [2019-07-12 09:23:39,294] - NetworkInterface::initialize(INTERNAL-TCP): bound to all interfaces with default route interface on 192.168.56.1 ( 192.168.56.1:57387 )
  INFO root [0x00003dd0] [2019-07-12 09:23:39,294] - NetworkInterface::initialize(INTERNAL-TCP): address 192.168.56.1:57387, SOMAXCONN=5.
  INFO root [0x00003dd0] [2019-07-12 09:23:39,294] - server-configs:
  INFO root [0x00003dd0] [2019-07-12 09:23:39,294] - 	gameUpdateHertz : 10
  INFO root [0x00003dd0] [2019-07-12 09:23:39,335] - 	defaultViewRadius : 80
  INFO root [0x00003dd0] [2019-07-12 09:23:39,335] - 	defaultViewHysteresisArea : 5
  INFO root [0x00003dd0] [2019-07-12 09:23:39,335] - 	entryScriptFile : kbemain
  INFO root [0x00003dd0] [2019-07-12 09:23:39,335] - 	internalTcpAddr : 192.168.56.1:57387
  INFO root [0x00003dd0] [2019-07-12 09:23:39,335] - 	componentID : 8001
  WARN root [0x00003dd0] [2019-07-12 09:23:39,335] - invalid UID(0) <= 0, please check UID for environment! automatically set to 2082.
  INFO root [0x00003dd0] [2019-07-12 09:23:40,989] - ---- cellapp Version: 2.4.5. ScriptVersion: 0.1.0. Pythoncore: 3.7.3. Protocol: C9FCABE153AC3D64A8F240810ADA666D. Config: Debug X86. Built: 09:56:57 May  8 2019. AppID: 8001. UID: 2082. PID: 6408 ----
  INFO root [0x00003dd0] [2019-07-12 09:23:40,989] - Server error_name: Intel(R) Core(TM) i5-6300HQ CPU @ 2.30GHz with 2097151kB RAM
  INFO root [0x00003dd0] [2019-07-12 09:23:41,005] - ThreadPool::createThreadPool: creating  threadpool...
  INFO root [0x00003dd0] [2019-07-12 09:23:41,015] - ThreadPool::createThreadPool: successfully(2), newThreadCount=1, normalMaxThreadCount=2, maxThreadCount=8
  INFO root [0x00003dd0] [2019-07-12 09:23:41,236] - Script::install(): is successfully, Python=(3.7.3 (default, May  8 2019, 09:53:38) [MSC v.1916 32 bit (Intel)])!
  INFO root [0x00003dd0] [2019-07-12 09:23:41,236] - Script::install(): KBExtra is successfully!
 ERROR root [0x00003dd0] [2019-07-12 09:23:41,305] - FixedDictType::initialize: key[senderID] no label["Type"], key[senderID] will be ignored!
 ERROR root [0x00003dd0] [2019-07-12 09:23:41,305] - FixedDictType::initialize: key[senderName] no label["Type"], key[senderName] will be ignored!
 ERROR root [0x00003dd0] [2019-07-12 09:23:41,305] - FixedDictType::initialize: key[recverID] no label["Type"], key[recverID] will be ignored!
 ERROR root [0x00003dd0] [2019-07-12 09:23:41,305] - FixedDictType::initialize: key[mailInfor] no label["Type"], key[mailInfor] will be ignored!
 ERROR root [0x00003dd0] [2019-07-12 09:23:41,318] - FixedDictType::initialize(): FIXED_DICT() no keys! 
 ERROR root [0x00003dd0] [2019-07-12 09:23:41,318] - DataTypes::loadTypes: parse FIXED_DICT [MAILDATA] error!
 ERROR root [0x00003dd0] [2019-07-12 09:23:41,318] - app::initialize(): initialization failed!
 DEBUG root [0x00003dd0] [2019-07-12 09:23:41,318] - EntityRef::destroyObjPool(): size 0.
 DEBUG root [0x00003dd0] [2019-07-12 09:23:41,325] - Witness::destroyObjPool(): size 0.
  INFO root [0x00003dd0] [2019-07-12 09:23:41,343] - Script::uninstall(): is successfully!
 DEBUG root [0x00003dd0] [2019-07-12 09:23:41,343] - ThreadPool::destroy(): starting size 2.
  WARN root [0x00003dd0] [2019-07-12 09:23:41,675] - ThreadPool::destroy(): waiting for thread(2)[0xfaf5a0,0xfaf468,], try=1
 DEBUG root [0x00003dd0] [2019-07-12 09:23:42,105] - TPThread::~TPThread(): 0xfaf5a0
 DEBUG root [0x00003dd0] [2019-07-12 09:23:42,105] - TPThread::~TPThread(): 0xfaf468
 DEBUG root [0x00003dd0] [2019-07-12 09:23:42,105] - ThreadPool::destroy(): successfully!
 DEBUG root [0x00003dd0] [2019-07-12 09:23:42,128] - Bundle::destroyObjPool(): size 13.
 DEBUG root [0x00003dd0] [2019-07-12 09:23:42,128] - Channel::destroyObjPool(): size 0.
 DEBUG root [0x00003dd0] [2019-07-12 09:23:42,137] - TCPPacket::destroyObjPool(): size 0.
 DEBUG root [0x00003dd0] [2019-07-12 09:23:42,144] - UDPPacket::destroyObjPool(): size 14.
 DEBUG root [0x00003dd0] [2019-07-12 09:23:42,144] - EndPoint::destroyObjPool(): size 0.
 DEBUG root [0x00003dd0] [2019-07-12 09:23:42,144] - Address::destroyObjPool(): size 0.
 DEBUG root [0x00003dd0] [2019-07-12 09:23:42,144] - TCPPacketReceiver::destroyObjPool(): size 0.
 DEBUG root [0x00003dd0] [2019-07-12 09:23:42,144] - UDPPacketReceiver::destroyObjPool(): size 0.
  INFO root [0x00003dd0] [2019-07-12 09:23:48,707] - EventDispatcher()::~EventDispatcher: Num timers = 1
  INFO root [0x000039c0] [2019-07-12 09:26:05,489] - 
  INFO root [0x000039c0] [2019-07-12 09:26:05,499] - -----------------------------------------------------------------------------------------


  INFO root [0x000039c0] [2019-07-12 09:26:05,501] - Resmgr::initialize: KBE_ROOT=D:/kbengine/
  INFO root [0x000039c0] [2019-07-12 09:26:05,501] - Resmgr::initialize: KBE_RES_PATH=D:/kbengine/kbe/res/;D:/kbengine/HappyPoker_assets/;D:/kbengine/HappyPoker_assets/scripts/;D:/kbengine/HappyPoker_assets/res/
  INFO root [0x000039c0] [2019-07-12 09:26:05,501] - Resmgr::initialize: KBE_BIN_PATH=D:/kbengine/kbe/bin/server/
  INFO root [0x000039c0] [2019-07-12 09:26:05,545] - NetworkInterface::initialize(INTERNAL-TCP): bound to all interfaces with default route interface on 192.168.56.1 ( 192.168.56.1:57431 )
  INFO root [0x000039c0] [2019-07-12 09:26:05,545] - NetworkInterface::initialize(INTERNAL-TCP): address 192.168.56.1:57431, SOMAXCONN=5.
  INFO root [0x000039c0] [2019-07-12 09:26:05,546] - server-configs:
  INFO root [0x000039c0] [2019-07-12 09:26:05,546] - 	gameUpdateHertz : 10
  INFO root [0x000039c0] [2019-07-12 09:26:05,546] - 	defaultViewRadius : 80
  INFO root [0x000039c0] [2019-07-12 09:26:05,546] - 	defaultViewHysteresisArea : 5
  INFO root [0x000039c0] [2019-07-12 09:26:05,546] - 	entryScriptFile : kbemain
  INFO root [0x000039c0] [2019-07-12 09:26:05,546] - 	internalTcpAddr : 192.168.56.1:57431
  INFO root [0x000039c0] [2019-07-12 09:26:05,547] - 	componentID : 8001
  WARN root [0x000039c0] [2019-07-12 09:26:05,547] - invalid UID(0) <= 0, please check UID for environment! automatically set to 2082.
  WARN root [0x000039c0] [2019-07-12 09:26:05,915] - BundleBroadcast::BundleBroadcast: Cannot bind to port 20912, errorno=10048
  INFO root [0x000039c0] [2019-07-12 09:26:05,919] - ---- cellapp Version: 2.4.5. ScriptVersion: 0.1.0. Pythoncore: 3.7.3. Protocol: C9FCABE153AC3D64A8F240810ADA666D. Config: Debug X86. Built: 09:56:57 May  8 2019. AppID: 8001. UID: 2082. PID: 17012 ----
  INFO root [0x000039c0] [2019-07-12 09:26:05,920] - Server error_name: Intel(R) Core(TM) i5-6300HQ CPU @ 2.30GHz with 2097151kB RAM
  INFO root [0x000039c0] [2019-07-12 09:26:05,920] - ThreadPool::createThreadPool: creating  threadpool...
  INFO root [0x000039c0] [2019-07-12 09:26:05,921] - ThreadPool::createThreadPool: successfully(2), newThreadCount=1, normalMaxThreadCount=2, maxThreadCount=8
  INFO root [0x000039c0] [2019-07-12 09:26:06,117] - Script::install(): is successfully, Python=(3.7.3 (default, May  8 2019, 09:53:38) [MSC v.1916 32 bit (Intel)])!
  INFO root [0x000039c0] [2019-07-12 09:26:06,117] - Script::install(): KBExtra is successfully!
 ERROR root [0x000039c0] [2019-07-12 09:26:06,133] - DataTypes::getDataType:not found type .
 ERROR root [0x000039c0] [2019-07-12 09:26:06,134] - DataTypes::loadTypes: can't fount type  by alias[MAILLIST].
 ERROR root [0x000039c0] [2019-07-12 09:26:06,134] - app::initialize(): initialization failed!
 DEBUG root [0x000039c0] [2019-07-12 09:26:06,135] - EntityRef::destroyObjPool(): size 0.
 DEBUG root [0x000039c0] [2019-07-12 09:26:06,135] - Witness::destroyObjPool(): size 0.
  INFO root [0x000039c0] [2019-07-12 09:26:06,142] - Script::uninstall(): is successfully!
 DEBUG root [0x000039c0] [2019-07-12 09:26:06,142] - ThreadPool::destroy(): starting size 2.
  WARN root [0x000039c0] [2019-07-12 09:26:06,444] - ThreadPool::destroy(): waiting for thread(2)[0x9e4278,0x9e4348,], try=1
 DEBUG root [0x000039c0] [2019-07-12 09:26:06,846] - TPThread::~TPThread(): 0x9e4278
 DEBUG root [0x000039c0] [2019-07-12 09:26:06,846] - TPThread::~TPThread(): 0x9e4348
 DEBUG root [0x000039c0] [2019-07-12 09:26:06,846] - ThreadPool::destroy(): successfully!
 DEBUG root [0x000039c0] [2019-07-12 09:26:06,847] - Bundle::destroyObjPool(): size 0.
 DEBUG root [0x000039c0] [2019-07-12 09:26:06,847] - Channel::destroyObjPool(): size 0.
 DEBUG root [0x000039c0] [2019-07-12 09:26:06,848] - TCPPacket::destroyObjPool(): size 0.
 DEBUG root [0x000039c0] [2019-07-12 09:26:06,848] - UDPPacket::destroyObjPool(): size 15.
 DEBUG root [0x000039c0] [2019-07-12 09:26:06,848] - EndPoint::destroyObjPool(): size 0.
 DEBUG root [0x000039c0] [2019-07-12 09:26:06,849] - Address::destroyObjPool(): size 0.
 DEBUG root [0x000039c0] [2019-07-12 09:26:06,849] - TCPPacketReceiver::destroyObjPool(): size 0.
 DEBUG root [0x000039c0] [2019-07-12 09:26:06,849] - UDPPacketReceiver::destroyObjPool(): size 0.
  INFO root [0x000039c0] [2019-07-12 09:26:13,352] - EventDispatcher()::~EventDispatcher: Num timers = 1
  INFO root [0x000035a8] [2019-07-12 14:27:14,827] - 
  INFO root [0x000035a8] [2019-07-12 14:27:14,866] - -----------------------------------------------------------------------------------------


  INFO root [0x000035a8] [2019-07-12 14:27:15,232] - Resmgr::initialize: KBE_ROOT=D:/kbengine/
  INFO root [0x000035a8] [2019-07-12 14:27:15,233] - Resmgr::initialize: KBE_RES_PATH=D:/kbengine/kbe/res/;D:/kbengine/HappyPoker_assets/;D:/kbengine/HappyPoker_assets/scripts/;D:/kbengine/HappyPoker_assets/res/
  INFO root [0x000035a8] [2019-07-12 14:27:15,233] - Resmgr::initialize: KBE_BIN_PATH=D:/kbengine/kbe/bin/server/
  INFO root [0x000035a8] [2019-07-12 14:27:15,331] - NetworkInterface::initialize(INTERNAL-TCP): bound to all interfaces with default route interface on 192.168.56.1 ( 192.168.56.1:57686 )
  INFO root [0x000035a8] [2019-07-12 14:27:15,331] - NetworkInterface::initialize(INTERNAL-TCP): address 192.168.56.1:57686, SOMAXCONN=5.
  INFO root [0x000035a8] [2019-07-12 14:27:15,331] - server-configs:
  INFO root [0x000035a8] [2019-07-12 14:27:15,331] - 	gameUpdateHertz : 10
  INFO root [0x000035a8] [2019-07-12 14:27:15,357] - 	defaultViewRadius : 80
  INFO root [0x000035a8] [2019-07-12 14:27:15,357] - 	defaultViewHysteresisArea : 5
  INFO root [0x000035a8] [2019-07-12 14:27:15,357] - 	entryScriptFile : kbemain
  INFO root [0x000035a8] [2019-07-12 14:27:15,357] - 	internalTcpAddr : 192.168.56.1:57686
  INFO root [0x000035a8] [2019-07-12 14:27:15,358] - 	componentID : 8001
  WARN root [0x000035a8] [2019-07-12 14:27:15,358] - invalid UID(0) <= 0, please check UID for environment! automatically set to 2082.
  INFO root [0x000035a8] [2019-07-12 14:27:15,483] - Components::findLogger: found logger, addr:192.168.56.1:57676
  INFO root [0x000035a8] [2019-07-12 14:27:15,483] - Components::addComponent: reset orderLog, uid=2082!
  INFO root [0x000035a8] [2019-07-12 14:27:15,483] - Components::addComponent[logger], uid=2082, componentID=2000, globalorderid=1, grouporderid=1, totalcount=1
  INFO root [0x000035a8] [2019-07-12 14:27:15,522] - ---- cellapp Version: 2.4.5. ScriptVersion: 0.1.0. Pythoncore: 3.7.3. Protocol: C9FCABE153AC3D64A8F240810ADA666D. Config: Debug X86. Built: 09:56:57 May  8 2019. AppID: 8001. UID: 2082. PID: 14072 ----
  INFO root [0x000035a8] [2019-07-12 14:27:15,523] - Server error_name: Intel(R) Core(TM) i5-6300HQ CPU @ 2.30GHz with 2097151kB RAM
  INFO root [0x000035a8] [2019-07-12 14:27:15,523] - ThreadPool::createThreadPool: creating  threadpool...
  INFO root [0x000035a8] [2019-07-12 14:27:15,524] - ThreadPool::createThreadPool: successfully(2), newThreadCount=1, normalMaxThreadCount=2, maxThreadCount=8
  INFO root [0x000035a8] [2019-07-12 14:27:15,772] - Script::install(): is successfully, Python=(3.7.3 (default, May  8 2019, 09:53:38) [MSC v.1916 32 bit (Intel)])!
  INFO root [0x000035a8] [2019-07-12 14:27:15,772] - Script::install(): KBExtra is successfully!
 ERROR root [0x000035a8] [2019-07-12 14:27:15,815] - DataTypes::getDataType:not found type RRIENDDATA.
 ERROR root [0x000035a8] [2019-07-12 14:27:15,816] - FixedArrayType::initialize: key[ARRAY] did not find type[RRIENDDATA]!
 ERROR root [0x000035a8] [2019-07-12 14:27:15,816] - DataTypes::loadTypes: parse ARRAY [FRIENDDATALIST] error!
 ERROR root [0x000035a8] [2019-07-12 14:27:15,817] - app::initialize(): initialization failed!
 DEBUG root [0x000035a8] [2019-07-12 14:27:15,818] - EntityRef::destroyObjPool(): size 0.
 DEBUG root [0x000035a8] [2019-07-12 14:27:15,819] - Witness::destroyObjPool(): size 0.
  INFO root [0x000035a8] [2019-07-12 14:27:15,832] - Script::uninstall(): is successfully!
 DEBUG root [0x000035a8] [2019-07-12 14:27:15,832] - ThreadPool::destroy(): starting size 2.
  WARN root [0x000035a8] [2019-07-12 14:27:16,133] - ThreadPool::destroy(): waiting for thread(2)[0x192e818,0x192eb58,], try=1
 DEBUG root [0x000035a8] [2019-07-12 14:27:16,536] - TPThread::~TPThread(): 0x192e818
 DEBUG root [0x000035a8] [2019-07-12 14:27:16,537] - TPThread::~TPThread(): 0x192eb58
 DEBUG root [0x000035a8] [2019-07-12 14:27:16,537] - ThreadPool::destroy(): successfully!
 DEBUG root [0x000035a8] [2019-07-12 14:27:16,562] - Bundle::destroyObjPool(): size 13.
 DEBUG root [0x000035a8] [2019-07-12 14:27:16,562] - Channel::destroyObjPool(): size 15.
 DEBUG root [0x000035a8] [2019-07-12 14:27:16,573] - TCPPacket::destroyObjPool(): size 0.
 DEBUG root [0x000035a8] [2019-07-12 14:27:16,573] - UDPPacket::destroyObjPool(): size 14.
 DEBUG root [0x000035a8] [2019-07-12 14:27:16,574] - EndPoint::destroyObjPool(): size 15.
 DEBUG root [0x000035a8] [2019-07-12 14:27:16,574] - Address::destroyObjPool(): size 0.
 DEBUG root [0x000035a8] [2019-07-12 14:27:16,574] - TCPPacketReceiver::destroyObjPool(): size 0.
 DEBUG root [0x000035a8] [2019-07-12 14:27:16,574] - UDPPacketReceiver::destroyObjPool(): size 0.
  WARN root [0x000035a8] [2019-07-12 14:27:16,574] - Forwarding logs to logger[192.168.56.1:57676/0/0/0]...
  INFO root [0x00001fc0] [2019-07-12 14:31:22,170] - 
  INFO root [0x00001fc0] [2019-07-12 14:31:22,176] - -----------------------------------------------------------------------------------------


  INFO root [0x00001fc0] [2019-07-12 14:31:22,177] - Resmgr::initialize: KBE_ROOT=D:/kbengine/
  INFO root [0x00001fc0] [2019-07-12 14:31:22,177] - Resmgr::initialize: KBE_RES_PATH=D:/kbengine/kbe/res/;D:/kbengine/HappyPoker_assets/;D:/kbengine/HappyPoker_assets/scripts/;D:/kbengine/HappyPoker_assets/res/
  INFO root [0x00001fc0] [2019-07-12 14:31:22,178] - Resmgr::initialize: KBE_BIN_PATH=D:/kbengine/kbe/bin/server/
  INFO root [0x00001fc0] [2019-07-12 14:31:22,220] - NetworkInterface::initialize(INTERNAL-TCP): bound to all interfaces with default route interface on 192.168.56.1 ( 192.168.56.1:57736 )
  INFO root [0x00001fc0] [2019-07-12 14:31:22,220] - NetworkInterface::initialize(INTERNAL-TCP): address 192.168.56.1:57736, SOMAXCONN=5.
  INFO root [0x00001fc0] [2019-07-12 14:31:22,221] - server-configs:
  INFO root [0x00001fc0] [2019-07-12 14:31:22,221] - 	gameUpdateHertz : 10
  INFO root [0x00001fc0] [2019-07-12 14:31:22,221] - 	defaultViewRadius : 80
  INFO root [0x00001fc0] [2019-07-12 14:31:22,221] - 	defaultViewHysteresisArea : 5
  INFO root [0x00001fc0] [2019-07-12 14:31:22,221] - 	entryScriptFile : kbemain
  INFO root [0x00001fc0] [2019-07-12 14:31:22,221] - 	internalTcpAddr : 192.168.56.1:57736
  INFO root [0x00001fc0] [2019-07-12 14:31:22,221] - 	componentID : 8001
  WARN root [0x00001fc0] [2019-07-12 14:31:22,222] - invalid UID(0) <= 0, please check UID for environment! automatically set to 2082.
  WARN root [0x00001fc0] [2019-07-12 14:31:22,561] - BundleBroadcast::BundleBroadcast: Cannot bind to port 20088, errorno=10048
  INFO root [0x00001fc0] [2019-07-12 14:31:22,565] - ---- cellapp Version: 2.4.5. ScriptVersion: 0.1.0. Pythoncore: 3.7.3. Protocol: C9FCABE153AC3D64A8F240810ADA666D. Config: Debug X86. Built: 09:56:57 May  8 2019. AppID: 8001. UID: 2082. PID: 5088 ----
  INFO root [0x00001fc0] [2019-07-12 14:31:22,565] - Server error_name: Intel(R) Core(TM) i5-6300HQ CPU @ 2.30GHz with 2097151kB RAM
  INFO root [0x00001fc0] [2019-07-12 14:31:22,566] - ThreadPool::createThreadPool: creating  threadpool...
  INFO root [0x00001fc0] [2019-07-12 14:31:22,566] - ThreadPool::createThreadPool: successfully(2), newThreadCount=1, normalMaxThreadCount=2, maxThreadCount=8
  INFO root [0x00001fc0] [2019-07-12 14:31:22,760] - Script::install(): is successfully, Python=(3.7.3 (default, May  8 2019, 09:53:38) [MSC v.1916 32 bit (Intel)])!
  INFO root [0x00001fc0] [2019-07-12 14:31:22,760] - Script::install(): KBExtra is successfully!
 ERROR root [0x00001fc0] [2019-07-12 14:31:22,834] - EntityDef::loadDefPropertys: not fount TypeNode, is Friend.pulicDataList!
 ERROR root [0x00001fc0] [2019-07-12 14:31:22,835] - EntityDef::loadDefInfo: failed to loadAllDefDescription(), entity:Friend
 ERROR root [0x00001fc0] [2019-07-12 14:31:22,835] - EntityDef::initialize: failed to load entity(Friend) module!
 ERROR root [0x00001fc0] [2019-07-12 14:31:22,835] - app::initialize(): initialization failed!
 DEBUG root [0x00001fc0] [2019-07-12 14:31:22,836] - EntityRef::destroyObjPool(): size 0.
 DEBUG root [0x00001fc0] [2019-07-12 14:31:22,836] - Witness::destroyObjPool(): size 0.
  INFO root [0x00001fc0] [2019-07-12 14:31:22,844] - Script::uninstall(): is successfully!
 DEBUG root [0x00001fc0] [2019-07-12 14:31:22,844] - ThreadPool::destroy(): starting size 2.
  WARN root [0x00001fc0] [2019-07-12 14:31:23,145] - ThreadPool::destroy(): waiting for thread(2)[0x1a142d0,0x1a149b8,], try=1
 DEBUG root [0x00001fc0] [2019-07-12 14:31:23,548] - TPThread::~TPThread(): 0x1a142d0
 DEBUG root [0x00001fc0] [2019-07-12 14:31:23,548] - TPThread::~TPThread(): 0x1a149b8
 DEBUG root [0x00001fc0] [2019-07-12 14:31:23,548] - ThreadPool::destroy(): successfully!
 DEBUG root [0x00001fc0] [2019-07-12 14:31:23,549] - Bundle::destroyObjPool(): size 15.
 DEBUG root [0x00001fc0] [2019-07-12 14:31:23,549] - Channel::destroyObjPool(): size 0.
 DEBUG root [0x00001fc0] [2019-07-12 14:31:23,549] - TCPPacket::destroyObjPool(): size 0.
 DEBUG root [0x00001fc0] [2019-07-12 14:31:23,549] - UDPPacket::destroyObjPool(): size 15.
 DEBUG root [0x00001fc0] [2019-07-12 14:31:23,549] - EndPoint::destroyObjPool(): size 0.
 DEBUG root [0x00001fc0] [2019-07-12 14:31:23,550] - Address::destroyObjPool(): size 0.
 DEBUG root [0x00001fc0] [2019-07-12 14:31:23,550] - TCPPacketReceiver::destroyObjPool(): size 0.
 DEBUG root [0x00001fc0] [2019-07-12 14:31:23,550] - UDPPacketReceiver::destroyObjPool(): size 0.
  INFO root [0x00001fc0] [2019-07-12 14:31:30,078] - EventDispatcher()::~EventDispatcher: Num timers = 1
  INFO root [0x00002d88] [2019-07-12 14:33:53,228] - 
  INFO root [0x00002d88] [2019-07-12 14:33:53,229] - -----------------------------------------------------------------------------------------


  INFO root [0x00002d88] [2019-07-12 14:33:53,230] - Resmgr::initialize: KBE_ROOT=D:/kbengine/
  INFO root [0x00002d88] [2019-07-12 14:33:53,230] - Resmgr::initialize: KBE_RES_PATH=D:/kbengine/kbe/res/;D:/kbengine/HappyPoker_assets/;D:/kbengine/HappyPoker_assets/scripts/;D:/kbengine/HappyPoker_assets/res/
  INFO root [0x00002d88] [2019-07-12 14:33:53,230] - Resmgr::initialize: KBE_BIN_PATH=D:/kbengine/kbe/bin/server/
  INFO root [0x00002d88] [2019-07-12 14:33:53,256] - NetworkInterface::initialize(INTERNAL-TCP): bound to all interfaces with default route interface on 192.168.56.1 ( 192.168.56.1:57759 )
  INFO root [0x00002d88] [2019-07-12 14:33:53,256] - NetworkInterface::initialize(INTERNAL-TCP): address 192.168.56.1:57759, SOMAXCONN=5.
  INFO root [0x00002d88] [2019-07-12 14:33:53,257] - server-configs:
  INFO root [0x00002d88] [2019-07-12 14:33:53,257] - 	gameUpdateHertz : 10
  INFO root [0x00002d88] [2019-07-12 14:33:53,257] - 	defaultViewRadius : 80
  INFO root [0x00002d88] [2019-07-12 14:33:53,257] - 	defaultViewHysteresisArea : 5
  INFO root [0x00002d88] [2019-07-12 14:33:53,258] - 	entryScriptFile : kbemain
  INFO root [0x00002d88] [2019-07-12 14:33:53,258] - 	internalTcpAddr : 192.168.56.1:57759
  INFO root [0x00002d88] [2019-07-12 14:33:53,258] - 	componentID : 8001
  WARN root [0x00002d88] [2019-07-12 14:33:53,259] - invalid UID(0) <= 0, please check UID for environment! automatically set to 2082.
  INFO root [0x00002d88] [2019-07-12 14:33:54,764] - ---- cellapp Version: 2.4.5. ScriptVersion: 0.1.0. Pythoncore: 3.7.3. Protocol: C9FCABE153AC3D64A8F240810ADA666D. Config: Debug X86. Built: 09:56:57 May  8 2019. AppID: 8001. UID: 2082. PID: 16624 ----
  INFO root [0x00002d88] [2019-07-12 14:33:54,765] - Server error_name: Intel(R) Core(TM) i5-6300HQ CPU @ 2.30GHz with 2097151kB RAM
  INFO root [0x00002d88] [2019-07-12 14:33:54,765] - ThreadPool::createThreadPool: creating  threadpool...
  INFO root [0x00002d88] [2019-07-12 14:33:54,766] - ThreadPool::createThreadPool: successfully(2), newThreadCount=1, normalMaxThreadCount=2, maxThreadCount=8
  INFO root [0x00002d88] [2019-07-12 14:33:54,963] - Script::install(): is successfully, Python=(3.7.3 (default, May  8 2019, 09:53:38) [MSC v.1916 32 bit (Intel)])!
  INFO root [0x00002d88] [2019-07-12 14:33:54,963] - Script::install(): KBExtra is successfully!
 ERROR root [0x00002d88] [2019-07-12 14:33:54,982] - EntityDef::loadDefPropertys: not fount flagsNode, is Friend.synchroFriendList!
 ERROR root [0x00002d88] [2019-07-12 14:33:54,982] - EntityDef::loadDefInfo: failed to loadAllDefDescription(), entity:Friend
 ERROR root [0x00002d88] [2019-07-12 14:33:54,983] - EntityDef::initialize: failed to load entity(Friend) module!
 ERROR root [0x00002d88] [2019-07-12 14:33:54,983] - app::initialize(): initialization failed!
 DEBUG root [0x00002d88] [2019-07-12 14:33:54,984] - EntityRef::destroyObjPool(): size 0.
 DEBUG root [0x00002d88] [2019-07-12 14:33:54,984] - Witness::destroyObjPool(): size 0.
  INFO root [0x00002d88] [2019-07-12 14:33:54,992] - Script::uninstall(): is successfully!
 DEBUG root [0x00002d88] [2019-07-12 14:33:54,992] - ThreadPool::destroy(): starting size 2.
  WARN root [0x00002d88] [2019-07-12 14:33:55,293] - ThreadPool::destroy(): waiting for thread(2)[0x1754c78,0x1754a08,], try=1
 DEBUG root [0x00002d88] [2019-07-12 14:33:55,696] - TPThread::~TPThread(): 0x1754c78
 DEBUG root [0x00002d88] [2019-07-12 14:33:55,696] - TPThread::~TPThread(): 0x1754a08
 DEBUG root [0x00002d88] [2019-07-12 14:33:55,696] - ThreadPool::destroy(): successfully!
 DEBUG root [0x00002d88] [2019-07-12 14:33:55,696] - Bundle::destroyObjPool(): size 0.
 DEBUG root [0x00002d88] [2019-07-12 14:33:55,697] - Channel::destroyObjPool(): size 0.
 DEBUG root [0x00002d88] [2019-07-12 14:33:55,697] - TCPPacket::destroyObjPool(): size 0.
 DEBUG root [0x00002d88] [2019-07-12 14:33:55,697] - UDPPacket::destroyObjPool(): size 14.
 DEBUG root [0x00002d88] [2019-07-12 14:33:55,697] - EndPoint::destroyObjPool(): size 0.
 DEBUG root [0x00002d88] [2019-07-12 14:33:55,697] - Address::destroyObjPool(): size 0.
 DEBUG root [0x00002d88] [2019-07-12 14:33:55,698] - TCPPacketReceiver::destroyObjPool(): size 0.
 DEBUG root [0x00002d88] [2019-07-12 14:33:55,698] - UDPPacketReceiver::destroyObjPool(): size 0.
  INFO root [0x00002d88] [2019-07-12 14:34:02,200] - EventDispatcher()::~EventDispatcher: Num timers = 1
  INFO root [0x00002a5c] [2019-07-12 14:34:12,956] - 
  INFO root [0x00002a5c] [2019-07-12 14:34:12,966] - -----------------------------------------------------------------------------------------


  INFO root [0x00002a5c] [2019-07-12 14:34:12,967] - Resmgr::initialize: KBE_ROOT=D:/kbengine/
  INFO root [0x00002a5c] [2019-07-12 14:34:12,967] - Resmgr::initialize: KBE_RES_PATH=D:/kbengine/kbe/res/;D:/kbengine/HappyPoker_assets/;D:/kbengine/HappyPoker_assets/scripts/;D:/kbengine/HappyPoker_assets/res/
  INFO root [0x00002a5c] [2019-07-12 14:34:12,968] - Resmgr::initialize: KBE_BIN_PATH=D:/kbengine/kbe/bin/server/
  INFO root [0x00002a5c] [2019-07-12 14:34:12,994] - NetworkInterface::initialize(INTERNAL-TCP): bound to all interfaces with default route interface on 192.168.56.1 ( 192.168.56.1:57772 )
  INFO root [0x00002a5c] [2019-07-12 14:34:12,995] - NetworkInterface::initialize(INTERNAL-TCP): address 192.168.56.1:57772, SOMAXCONN=5.
  INFO root [0x00002a5c] [2019-07-12 14:34:12,995] - server-configs:
  INFO root [0x00002a5c] [2019-07-12 14:34:12,995] - 	gameUpdateHertz : 10
  INFO root [0x00002a5c] [2019-07-12 14:34:12,995] - 	defaultViewRadius : 80
  INFO root [0x00002a5c] [2019-07-12 14:34:12,995] - 	defaultViewHysteresisArea : 5
  INFO root [0x00002a5c] [2019-07-12 14:34:12,995] - 	entryScriptFile : kbemain
  INFO root [0x00002a5c] [2019-07-12 14:34:12,995] - 	internalTcpAddr : 192.168.56.1:57772
  INFO root [0x00002a5c] [2019-07-12 14:34:12,996] - 	componentID : 8001
  WARN root [0x00002a5c] [2019-07-12 14:34:12,999] - invalid UID(0) <= 0, please check UID for environment! automatically set to 2082.
  INFO root [0x00002a5c] [2019-07-12 14:34:14,519] - ---- cellapp Version: 2.4.5. ScriptVersion: 0.1.0. Pythoncore: 3.7.3. Protocol: C9FCABE153AC3D64A8F240810ADA666D. Config: Debug X86. Built: 09:56:57 May  8 2019. AppID: 8001. UID: 2082. PID: 7448 ----
  INFO root [0x00002a5c] [2019-07-12 14:34:14,520] - Server error_name: Intel(R) Core(TM) i5-6300HQ CPU @ 2.30GHz with 2097151kB RAM
  INFO root [0x00002a5c] [2019-07-12 14:34:14,520] - ThreadPool::createThreadPool: creating  threadpool...
  INFO root [0x00002a5c] [2019-07-12 14:34:14,521] - ThreadPool::createThreadPool: successfully(2), newThreadCount=1, normalMaxThreadCount=2, maxThreadCount=8
  INFO root [0x00002a5c] [2019-07-12 14:34:14,725] - Script::install(): is successfully, Python=(3.7.3 (default, May  8 2019, 09:53:38) [MSC v.1916 32 bit (Intel)])!
  INFO root [0x00002a5c] [2019-07-12 14:34:14,725] - Script::install(): KBExtra is successfully!
 ERROR root [0x00002a5c] [2019-07-12 14:34:14,743] - EntityDef::loadDefPropertys: not fount flagsNode, is Friend.synchroFriendList!
 ERROR root [0x00002a5c] [2019-07-12 14:34:14,744] - EntityDef::loadDefInfo: failed to loadAllDefDescription(), entity:Friend
 ERROR root [0x00002a5c] [2019-07-12 14:34:14,744] - EntityDef::initialize: failed to load entity(Friend) module!
 ERROR root [0x00002a5c] [2019-07-12 14:34:14,745] - app::initialize(): initialization failed!
 DEBUG root [0x00002a5c] [2019-07-12 14:34:14,745] - EntityRef::destroyObjPool(): size 0.
 DEBUG root [0x00002a5c] [2019-07-12 14:34:14,746] - Witness::destroyObjPool(): size 0.
  INFO root [0x00002a5c] [2019-07-12 14:34:14,754] - Script::uninstall(): is successfully!
 DEBUG root [0x00002a5c] [2019-07-12 14:34:14,754] - ThreadPool::destroy(): starting size 2.
  WARN root [0x00002a5c] [2019-07-12 14:34:15,055] - ThreadPool::destroy(): waiting for thread(2)[0x1693798,0x1693938,], try=1
 DEBUG root [0x00002a5c] [2019-07-12 14:34:15,457] - TPThread::~TPThread(): 0x1693798
 DEBUG root [0x00002a5c] [2019-07-12 14:34:15,457] - TPThread::~TPThread(): 0x1693938
 DEBUG root [0x00002a5c] [2019-07-12 14:34:15,457] - ThreadPool::destroy(): successfully!
 DEBUG root [0x00002a5c] [2019-07-12 14:34:15,457] - Bundle::destroyObjPool(): size 0.
 DEBUG root [0x00002a5c] [2019-07-12 14:34:15,458] - Channel::destroyObjPool(): size 0.
 DEBUG root [0x00002a5c] [2019-07-12 14:34:15,458] - TCPPacket::destroyObjPool(): size 0.
 DEBUG root [0x00002a5c] [2019-07-12 14:34:15,458] - UDPPacket::destroyObjPool(): size 14.
 DEBUG root [0x00002a5c] [2019-07-12 14:34:15,458] - EndPoint::destroyObjPool(): size 0.
 DEBUG root [0x00002a5c] [2019-07-12 14:34:15,458] - Address::destroyObjPool(): size 0.
 DEBUG root [0x00002a5c] [2019-07-12 14:34:15,459] - TCPPacketReceiver::destroyObjPool(): size 0.
 DEBUG root [0x00002a5c] [2019-07-12 14:34:15,459] - UDPPacketReceiver::destroyObjPool(): size 0.
  INFO root [0x00003dc4] [2019-07-12 14:35:26,625] - 
  INFO root [0x00003dc4] [2019-07-12 14:35:26,631] - -----------------------------------------------------------------------------------------


  INFO root [0x00003dc4] [2019-07-12 14:35:26,632] - Resmgr::initialize: KBE_ROOT=D:/kbengine/
  INFO root [0x00003dc4] [2019-07-12 14:35:26,632] - Resmgr::initialize: KBE_RES_PATH=D:/kbengine/kbe/res/;D:/kbengine/HappyPoker_assets/;D:/kbengine/HappyPoker_assets/scripts/;D:/kbengine/HappyPoker_assets/res/
  INFO root [0x00003dc4] [2019-07-12 14:35:26,632] - Resmgr::initialize: KBE_BIN_PATH=D:/kbengine/kbe/bin/server/
  INFO root [0x00003dc4] [2019-07-12 14:35:26,679] - NetworkInterface::initialize(INTERNAL-TCP): bound to all interfaces with default route interface on 192.168.56.1 ( 192.168.56.1:57790 )
  INFO root [0x00003dc4] [2019-07-12 14:35:26,679] - NetworkInterface::initialize(INTERNAL-TCP): address 192.168.56.1:57790, SOMAXCONN=5.
  INFO root [0x00003dc4] [2019-07-12 14:35:26,679] - server-configs:
  INFO root [0x00003dc4] [2019-07-12 14:35:26,680] - 	gameUpdateHertz : 10
  INFO root [0x00003dc4] [2019-07-12 14:35:26,680] - 	defaultViewRadius : 80
  INFO root [0x00003dc4] [2019-07-12 14:35:26,680] - 	defaultViewHysteresisArea : 5
  INFO root [0x00003dc4] [2019-07-12 14:35:26,680] - 	entryScriptFile : kbemain
  INFO root [0x00003dc4] [2019-07-12 14:35:26,680] - 	internalTcpAddr : 192.168.56.1:57790
  INFO root [0x00003dc4] [2019-07-12 14:35:26,680] - 	componentID : 8001
  WARN root [0x00003dc4] [2019-07-12 14:35:26,688] - invalid UID(0) <= 0, please check UID for environment! automatically set to 2082.
  INFO root [0x00003dc4] [2019-07-12 14:35:28,195] - ---- cellapp Version: 2.4.5. ScriptVersion: 0.1.0. Pythoncore: 3.7.3. Protocol: C9FCABE153AC3D64A8F240810ADA666D. Config: Debug X86. Built: 09:56:57 May  8 2019. AppID: 8001. UID: 2082. PID: 7152 ----
  INFO root [0x00003dc4] [2019-07-12 14:35:28,195] - Server error_name: Intel(R) Core(TM) i5-6300HQ CPU @ 2.30GHz with 2097151kB RAM
  INFO root [0x00003dc4] [2019-07-12 14:35:28,195] - ThreadPool::createThreadPool: creating  threadpool...
  INFO root [0x00003dc4] [2019-07-12 14:35:28,196] - ThreadPool::createThreadPool: successfully(2), newThreadCount=1, normalMaxThreadCount=2, maxThreadCount=8
  INFO root [0x00003dc4] [2019-07-12 14:35:28,397] - Script::install(): is successfully, Python=(3.7.3 (default, May  8 2019, 09:53:38) [MSC v.1916 32 bit (Intel)])!
  INFO root [0x00003dc4] [2019-07-12 14:35:28,398] - Script::install(): KBExtra is successfully!
 ERROR root [0x00003dc4] [2019-07-12 14:35:28,655] - app::initialize(): initialization failed!
 DEBUG root [0x00003dc4] [2019-07-12 14:35:28,656] - EntityRef::destroyObjPool(): size 0.
 DEBUG root [0x00003dc4] [2019-07-12 14:35:28,657] - Witness::destroyObjPool(): size 0.
  INFO root [0x00003dc4] [2019-07-12 14:35:28,666] - Script::uninstall(): is successfully!
 DEBUG root [0x00003dc4] [2019-07-12 14:35:28,667] - ThreadPool::destroy(): starting size 2.
  WARN root [0x00003dc4] [2019-07-12 14:35:28,967] - ThreadPool::destroy(): waiting for thread(2)[0x16dc008,0x16dc2e0,], try=1
 DEBUG root [0x00003dc4] [2019-07-12 14:35:29,370] - TPThread::~TPThread(): 0x16dc008
 DEBUG root [0x00003dc4] [2019-07-12 14:35:29,371] - TPThread::~TPThread(): 0x16dc2e0
 DEBUG root [0x00003dc4] [2019-07-12 14:35:29,371] - ThreadPool::destroy(): successfully!
 DEBUG root [0x00003dc4] [2019-07-12 14:35:29,371] - Bundle::destroyObjPool(): size 3.
 DEBUG root [0x00003dc4] [2019-07-12 14:35:29,371] - Channel::destroyObjPool(): size 0.
 DEBUG root [0x00003dc4] [2019-07-12 14:35:29,371] - TCPPacket::destroyObjPool(): size 0.
 DEBUG root [0x00003dc4] [2019-07-12 14:35:29,371] - UDPPacket::destroyObjPool(): size 14.
 DEBUG root [0x00003dc4] [2019-07-12 14:35:29,371] - EndPoint::destroyObjPool(): size 0.
 DEBUG root [0x00003dc4] [2019-07-12 14:35:29,372] - Address::destroyObjPool(): size 0.
 DEBUG root [0x00003dc4] [2019-07-12 14:35:29,372] - TCPPacketReceiver::destroyObjPool(): size 0.
 DEBUG root [0x00003dc4] [2019-07-12 14:35:29,372] - UDPPacketReceiver::destroyObjPool(): size 0.
  INFO root [0x00003dc4] [2019-07-12 14:35:35,875] - EventDispatcher()::~EventDispatcher: Num timers = 1
  INFO root [0x000041c0] [2019-07-12 14:35:43,773] - 
  INFO root [0x000041c0] [2019-07-12 14:35:43,773] - -----------------------------------------------------------------------------------------


  INFO root [0x000041c0] [2019-07-12 14:35:43,775] - Resmgr::initialize: KBE_ROOT=D:/kbengine/
  INFO root [0x000041c0] [2019-07-12 14:35:43,775] - Resmgr::initialize: KBE_RES_PATH=D:/kbengine/kbe/res/;D:/kbengine/HappyPoker_assets/;D:/kbengine/HappyPoker_assets/scripts/;D:/kbengine/HappyPoker_assets/res/
  INFO root [0x000041c0] [2019-07-12 14:35:43,775] - Resmgr::initialize: KBE_BIN_PATH=D:/kbengine/kbe/bin/server/
  INFO root [0x000041c0] [2019-07-12 14:35:43,794] - NetworkInterface::initialize(INTERNAL-TCP): bound to all interfaces with default route interface on 192.168.56.1 ( 192.168.56.1:57808 )
  INFO root [0x000041c0] [2019-07-12 14:35:43,795] - NetworkInterface::initialize(INTERNAL-TCP): address 192.168.56.1:57808, SOMAXCONN=5.
  INFO root [0x000041c0] [2019-07-12 14:35:43,795] - server-configs:
  INFO root [0x000041c0] [2019-07-12 14:35:43,795] - 	gameUpdateHertz : 10
  INFO root [0x000041c0] [2019-07-12 14:35:43,795] - 	defaultViewRadius : 80
  INFO root [0x000041c0] [2019-07-12 14:35:43,795] - 	defaultViewHysteresisArea : 5
  INFO root [0x000041c0] [2019-07-12 14:35:43,796] - 	entryScriptFile : kbemain
  INFO root [0x000041c0] [2019-07-12 14:35:43,796] - 	internalTcpAddr : 192.168.56.1:57808
  INFO root [0x000041c0] [2019-07-12 14:35:43,796] - 	componentID : 8001
  WARN root [0x000041c0] [2019-07-12 14:35:43,797] - invalid UID(0) <= 0, please check UID for environment! automatically set to 2082.
  INFO root [0x000041c0] [2019-07-12 14:35:45,306] - ---- cellapp Version: 2.4.5. ScriptVersion: 0.1.0. Pythoncore: 3.7.3. Protocol: C9FCABE153AC3D64A8F240810ADA666D. Config: Debug X86. Built: 09:56:57 May  8 2019. AppID: 8001. UID: 2082. PID: 15724 ----
  INFO root [0x000041c0] [2019-07-12 14:35:45,307] - Server error_name: Intel(R) Core(TM) i5-6300HQ CPU @ 2.30GHz with 2097151kB RAM
  INFO root [0x000041c0] [2019-07-12 14:35:45,308] - ThreadPool::createThreadPool: creating  threadpool...
  INFO root [0x000041c0] [2019-07-12 14:35:45,309] - ThreadPool::createThreadPool: successfully(2), newThreadCount=1, normalMaxThreadCount=2, maxThreadCount=8
  INFO root [0x000041c0] [2019-07-12 14:35:45,506] - Script::install(): is successfully, Python=(3.7.3 (default, May  8 2019, 09:53:38) [MSC v.1916 32 bit (Intel)])!
  INFO root [0x000041c0] [2019-07-12 14:35:45,506] - Script::install(): KBExtra is successfully!
 ERROR root [0x000041c0] [2019-07-12 14:35:45,574] - app::initialize(): initialization failed!
 DEBUG root [0x000041c0] [2019-07-12 14:35:45,574] - EntityRef::destroyObjPool(): size 0.
 DEBUG root [0x000041c0] [2019-07-12 14:35:45,575] - Witness::destroyObjPool(): size 0.
  INFO root [0x000041c0] [2019-07-12 14:35:45,584] - Script::uninstall(): is successfully!
 DEBUG root [0x000041c0] [2019-07-12 14:35:45,584] - ThreadPool::destroy(): starting size 2.
  WARN root [0x000041c0] [2019-07-12 14:35:45,886] - ThreadPool::destroy(): waiting for thread(2)[0x17e6d30,0x17e6d98,], try=1
 DEBUG root [0x000041c0] [2019-07-12 14:35:46,287] - TPThread::~TPThread(): 0x17e6d30
 DEBUG root [0x000041c0] [2019-07-12 14:35:46,287] - TPThread::~TPThread(): 0x17e6d98
 DEBUG root [0x000041c0] [2019-07-12 14:35:46,287] - ThreadPool::destroy(): successfully!
 DEBUG root [0x000041c0] [2019-07-12 14:35:46,288] - Bundle::destroyObjPool(): size 3.
 DEBUG root [0x000041c0] [2019-07-12 14:35:46,288] - Channel::destroyObjPool(): size 0.
 DEBUG root [0x000041c0] [2019-07-12 14:35:46,289] - TCPPacket::destroyObjPool(): size 0.
 DEBUG root [0x000041c0] [2019-07-12 14:35:46,289] - UDPPacket::destroyObjPool(): size 14.
 DEBUG root [0x000041c0] [2019-07-12 14:35:46,289] - EndPoint::destroyObjPool(): size 0.
 DEBUG root [0x000041c0] [2019-07-12 14:35:46,289] - Address::destroyObjPool(): size 0.
 DEBUG root [0x000041c0] [2019-07-12 14:35:46,290] - TCPPacketReceiver::destroyObjPool(): size 0.
 DEBUG root [0x000041c0] [2019-07-12 14:35:46,290] - UDPPacketReceiver::destroyObjPool(): size 0.
  INFO root [0x000041c0] [2019-07-12 14:35:52,792] - EventDispatcher()::~EventDispatcher: Num timers = 1
  INFO root [0x00002a40] [2019-07-12 14:36:35,129] - 
  INFO root [0x00002a40] [2019-07-12 14:36:35,137] - -----------------------------------------------------------------------------------------


  INFO root [0x00002a40] [2019-07-12 14:36:35,138] - Resmgr::initialize: KBE_ROOT=D:/kbengine/
  INFO root [0x00002a40] [2019-07-12 14:36:35,138] - Resmgr::initialize: KBE_RES_PATH=D:/kbengine/kbe/res/;D:/kbengine/HappyPoker_assets/;D:/kbengine/HappyPoker_assets/scripts/;D:/kbengine/HappyPoker_assets/res/
  INFO root [0x00002a40] [2019-07-12 14:36:35,139] - Resmgr::initialize: KBE_BIN_PATH=D:/kbengine/kbe/bin/server/
  INFO root [0x00002a40] [2019-07-12 14:36:35,178] - NetworkInterface::initialize(INTERNAL-TCP): bound to all interfaces with default route interface on 192.168.56.1 ( 192.168.56.1:57818 )
  INFO root [0x00002a40] [2019-07-12 14:36:35,179] - NetworkInterface::initialize(INTERNAL-TCP): address 192.168.56.1:57818, SOMAXCONN=5.
  INFO root [0x00002a40] [2019-07-12 14:36:35,179] - server-configs:
  INFO root [0x00002a40] [2019-07-12 14:36:35,179] - 	gameUpdateHertz : 10
  INFO root [0x00002a40] [2019-07-12 14:36:35,179] - 	defaultViewRadius : 80
  INFO root [0x00002a40] [2019-07-12 14:36:35,179] - 	defaultViewHysteresisArea : 5
  INFO root [0x00002a40] [2019-07-12 14:36:35,179] - 	entryScriptFile : kbemain
  INFO root [0x00002a40] [2019-07-12 14:36:35,179] - 	internalTcpAddr : 192.168.56.1:57818
  INFO root [0x00002a40] [2019-07-12 14:36:35,179] - 	componentID : 8001
  WARN root [0x00002a40] [2019-07-12 14:36:35,181] - invalid UID(0) <= 0, please check UID for environment! automatically set to 2082.
  WARN root [0x00002a40] [2019-07-12 14:36:35,523] - BundleBroadcast::BundleBroadcast: Cannot bind to port 20252, errorno=10048
  INFO root [0x00002a40] [2019-07-12 14:36:35,526] - ---- cellapp Version: 2.4.5. ScriptVersion: 0.1.0. Pythoncore: 3.7.3. Protocol: C9FCABE153AC3D64A8F240810ADA666D. Config: Debug X86. Built: 09:56:57 May  8 2019. AppID: 8001. UID: 2082. PID: 5292 ----
  INFO root [0x00002a40] [2019-07-12 14:36:35,526] - Server error_name: Intel(R) Core(TM) i5-6300HQ CPU @ 2.30GHz with 2097151kB RAM
  INFO root [0x00002a40] [2019-07-12 14:36:35,527] - ThreadPool::createThreadPool: creating  threadpool...
  INFO root [0x00002a40] [2019-07-12 14:36:35,527] - ThreadPool::createThreadPool: successfully(2), newThreadCount=1, normalMaxThreadCount=2, maxThreadCount=8
  INFO root [0x00002a40] [2019-07-12 14:36:35,731] - Script::install(): is successfully, Python=(3.7.3 (default, May  8 2019, 09:53:38) [MSC v.1916 32 bit (Intel)])!
  INFO root [0x00002a40] [2019-07-12 14:36:35,731] - Script::install(): KBExtra is successfully!
  WARN root [0x00002a40] [2019-07-12 14:36:35,922] - EntityDef::checkDefMethod: exposed of method: Account.leaveRoom, check the caller can use "def leaveRoom(self, callerID, ...)", such as: if callerID == self.id!
  WARN root [0x00002a40] [2019-07-12 14:36:35,927] - EntityDef::checkDefMethod: exposed of method: Account.playerMakeLandlord, check the caller can use "def playerMakeLandlord(self, callerID, ...)", such as: if callerID == self.id!
  WARN root [0x00002a40] [2019-07-12 14:36:35,931] - EntityDef::checkDefMethod: exposed of method: Account.setGameReady, check the caller can use "def setGameReady(self, callerID, ...)", such as: if callerID == self.id!
 DEBUG root [0x00002a40] [2019-07-12 14:36:35,932] - loaded entity-script:Account(1).
  WARN root [0x00002a40] [2019-07-12 14:36:35,934] - EntityDef::checkDefMethod: exposed of method: Room.playPoker, check the caller can use "def playPoker(self, callerID, ...)", such as: if callerID == self.id!
  WARN root [0x00002a40] [2019-07-12 14:36:35,935] - EntityDef::checkDefMethod: exposed of method: Room.unPlayPoker, check the caller can use "def unPlayPoker(self, callerID, ...)", such as: if callerID == self.id!
 DEBUG root [0x00002a40] [2019-07-12 14:36:35,935] - loaded entity-script:Room(3).
  INFO root [0x00002a40] [2019-07-12 14:36:35,946] - TelnetServer server is running on port 50000
  INFO root [0x00002a40] [2019-07-12 14:36:36,437] - ---- cellapp is running ----
 DEBUG root [0x00002a40] [2019-07-12 14:36:36,438] - Components::process(): Request for the process of identity...
  WARN root [0x00002a40] [2019-07-12 14:36:42,601] - EntityApp::checkTickPeriod: tick took 6164% (6.16 seconds)!
  INFO root [0x00002a40] [2019-07-12 14:36:43,661] - Components::findComponents: find logger(1)...
  INFO root [0x00002a40] [2019-07-12 14:36:43,681] - Components::findComponents: found logger, addr:192.168.56.1:57814
  INFO root [0x00002a40] [2019-07-12 14:36:43,681] - Components::addComponent: reset orderLog, uid=2082!
  INFO root [0x00002a40] [2019-07-12 14:36:43,682] - Components::addComponent[logger], uid=2082, componentID=2000, globalorderid=1, grouporderid=1, totalcount=1
  INFO root [0x00002a40] [2019-07-12 14:36:43,684] - Components::findComponents: find dbmgr(2)...
  WARN root [0x00002a40] [2019-07-12 14:36:44,786] - Forwarding logs to logger[192.168.56.1:57814/0/0/0]...
 ERROR root [0x00002a40] [2019-07-12 14:36:59,381] - Components::removeComponentByChannel: logger : 2000, Abnormal exit(reason=TCPPacketReceiver::processRecv(): error=10054
)! Channel(timestamp=1357287841823, lastReceivedTime=1357252520552, inactivityExceptionPeriod=134887564)
  INFO root [0x00002a40] [2019-07-12 14:36:59,382] - The following logs sent to logger failed:
  WARN root [0x00002a40] [2019-07-12 14:36:59,383] - ==> [2019-07-12 14:36:59 382] TCPPacketReceiver::processPendingEvents(192.168.56.1:57814): Throwing REASON_GENERAL_NETWORK - WSAECONNRESET
 ERROR root [0x00002a40] [2019-07-12 14:36:59,383] - ==> [2019-07-12 14:36:59 383] Components::removeComponentByChannel: logger : 2000, Abnormal exit(reason=TCPPacketReceiver::processRecv(): error=10054
)! Channel(timestamp=1357287841823, lastReceivedTime=1357252520552, inactivityExceptionPeriod=134887564)
  INFO root [0x00001908] [2019-07-12 14:38:31,539] - 
  INFO root [0x00001908] [2019-07-12 14:38:31,539] - -----------------------------------------------------------------------------------------


  INFO root [0x00001908] [2019-07-12 14:38:31,542] - Resmgr::initialize: KBE_ROOT=D:/kbengine/
  INFO root [0x00001908] [2019-07-12 14:38:31,542] - Resmgr::initialize: KBE_RES_PATH=D:/kbengine/kbe/res/;D:/kbengine/HappyPoker_assets/;D:/kbengine/HappyPoker_assets/scripts/;D:/kbengine/HappyPoker_assets/res/
  INFO root [0x00001908] [2019-07-12 14:38:31,542] - Resmgr::initialize: KBE_BIN_PATH=D:/kbengine/kbe/bin/server/
  INFO root [0x00001908] [2019-07-12 14:38:31,564] - NetworkInterface::initialize(INTERNAL-TCP): bound to all interfaces with default route interface on 192.168.56.1 ( 192.168.56.1:57849 )
  INFO root [0x00001908] [2019-07-12 14:38:31,564] - NetworkInterface::initialize(INTERNAL-TCP): address 192.168.56.1:57849, SOMAXCONN=5.
  INFO root [0x00001908] [2019-07-12 14:38:31,565] - server-configs:
  INFO root [0x00001908] [2019-07-12 14:38:31,565] - 	gameUpdateHertz : 10
  INFO root [0x00001908] [2019-07-12 14:38:31,565] - 	defaultViewRadius : 80
  INFO root [0x00001908] [2019-07-12 14:38:31,565] - 	defaultViewHysteresisArea : 5
  INFO root [0x00001908] [2019-07-12 14:38:31,565] - 	entryScriptFile : kbemain
  INFO root [0x00001908] [2019-07-12 14:38:31,565] - 	internalTcpAddr : 192.168.56.1:57849
  INFO root [0x00001908] [2019-07-12 14:38:31,566] - 	componentID : 8001
  WARN root [0x00001908] [2019-07-12 14:38:31,566] - invalid UID(0) <= 0, please check UID for environment! automatically set to 2082.
  INFO root [0x00001908] [2019-07-12 14:38:33,073] - ---- cellapp Version: 2.4.5. ScriptVersion: 0.1.0. Pythoncore: 3.7.3. Protocol: C9FCABE153AC3D64A8F240810ADA666D. Config: Debug X86. Built: 09:56:57 May  8 2019. AppID: 8001. UID: 2082. PID: 14656 ----
  INFO root [0x00001908] [2019-07-12 14:38:33,073] - Server error_name: Intel(R) Core(TM) i5-6300HQ CPU @ 2.30GHz with 2097151kB RAM
  INFO root [0x00001908] [2019-07-12 14:38:33,073] - ThreadPool::createThreadPool: creating  threadpool...
  INFO root [0x00001908] [2019-07-12 14:38:33,074] - ThreadPool::createThreadPool: successfully(2), newThreadCount=1, normalMaxThreadCount=2, maxThreadCount=8
  INFO root [0x00001908] [2019-07-12 14:38:33,278] - Script::install(): is successfully, Python=(3.7.3 (default, May  8 2019, 09:53:38) [MSC v.1916 32 bit (Intel)])!
  INFO root [0x00001908] [2019-07-12 14:38:33,278] - Script::install(): KBExtra is successfully!
  WARN root [0x00001908] [2019-07-12 14:38:33,412] - EntityDef::checkDefMethod: exposed of method: Account.leaveRoom, check the caller can use "def leaveRoom(self, callerID, ...)", such as: if callerID == self.id!
  WARN root [0x00001908] [2019-07-12 14:38:33,413] - EntityDef::checkDefMethod: exposed of method: Account.playerMakeLandlord, check the caller can use "def playerMakeLandlord(self, callerID, ...)", such as: if callerID == self.id!
  WARN root [0x00001908] [2019-07-12 14:38:33,413] - EntityDef::checkDefMethod: exposed of method: Account.setGameReady, check the caller can use "def setGameReady(self, callerID, ...)", such as: if callerID == self.id!
 DEBUG root [0x00001908] [2019-07-12 14:38:33,414] - loaded entity-script:Account(1).
  WARN root [0x00001908] [2019-07-12 14:38:33,416] - EntityDef::checkDefMethod: exposed of method: Room.playPoker, check the caller can use "def playPoker(self, callerID, ...)", such as: if callerID == self.id!
  WARN root [0x00001908] [2019-07-12 14:38:33,416] - EntityDef::checkDefMethod: exposed of method: Room.unPlayPoker, check the caller can use "def unPlayPoker(self, callerID, ...)", such as: if callerID == self.id!
 DEBUG root [0x00001908] [2019-07-12 14:38:33,416] - loaded entity-script:Room(3).
  INFO root [0x00001908] [2019-07-12 14:38:33,420] - TelnetServer server is running on port 50000
  INFO root [0x00001908] [2019-07-12 14:38:33,906] - ---- cellapp is running ----
 DEBUG root [0x00001908] [2019-07-12 14:38:33,907] - Components::process(): Request for the process of identity...
  WARN root [0x00001908] [2019-07-12 14:38:40,055] - EntityApp::checkTickPeriod: tick took 6149% (6.15 seconds)!
  INFO root [0x00001908] [2019-07-12 14:38:41,147] - Components::findComponents: find logger(1)...
  INFO root [0x00001908] [2019-07-12 14:38:41,204] - Components::findComponents: found logger, addr:192.168.56.1:57846
  INFO root [0x00001908] [2019-07-12 14:38:41,204] - Components::addComponent: reset orderLog, uid=2082!
  INFO root [0x00001908] [2019-07-12 14:38:41,205] - Components::addComponent[logger], uid=2082, componentID=2000, globalorderid=1, grouporderid=1, totalcount=1
  INFO root [0x00001908] [2019-07-12 14:38:41,206] - Components::findComponents: find dbmgr(2)...
  INFO root [0x00001908] [2019-07-12 14:38:41,209] - Components::findComponents: found logger, addr:192.168.56.1:57846
  INFO root [0x00001908] [2019-07-12 14:38:41,212] - Components::findComponents: found dbmgr, addr:192.168.56.1:57842
  INFO root [0x00001908] [2019-07-12 14:38:41,212] - Components::addComponent: reset orderLog, uid=2082!
  INFO root [0x00001908] [2019-07-12 14:38:41,212] - Components::addComponent[dbmgr], uid=2082, componentID=4000, globalorderid=1, grouporderid=1, totalcount=1
  INFO root [0x00001908] [2019-07-12 14:38:41,312] - Components::findComponents: found dbmgr, addr:192.168.56.1:57842
  WARN root [0x00001908] [2019-07-12 14:38:42,313] - Forwarding logs to logger[192.168.56.1:57846/0/0/0]...
 ERROR root [0x00001908] [2019-07-12 14:38:45,095] - Components::removeComponentByChannel: logger : 2000, Abnormal exit(reason=TCPPacketReceiver::processRecv(): error=10054
)! Channel(timestamp=1357525697877, lastReceivedTime=1357516944946, inactivityExceptionPeriod=134883792)
  INFO root [0x00001908] [2019-07-12 14:38:45,098] - The following logs sent to logger failed:
  WARN root [0x00001908] [2019-07-12 14:38:45,098] - ==> [2019-07-12 14:38:45 091] TCPPacketReceiver::processPendingEvents(192.168.56.1:57846): Throwing REASON_GENERAL_NETWORK - WSAECONNRESET
 ERROR root [0x00001908] [2019-07-12 14:38:45,098] - ==> [2019-07-12 14:38:45 096] Components::removeComponentByChannel: logger : 2000, Abnormal exit(reason=TCPPacketReceiver::processRecv(): error=10054
)! Channel(timestamp=1357525697877, lastReceivedTime=1357516944946, inactivityExceptionPeriod=134883792)
  INFO root [0x00001908] [2019-07-12 14:38:45,447] - Components::findComponents: find baseappmgr(1)...
  INFO root [0x00003d94] [2019-07-12 14:39:52,648] - 
  INFO root [0x00003d94] [2019-07-12 14:39:52,656] - -----------------------------------------------------------------------------------------


  INFO root [0x00003d94] [2019-07-12 14:39:52,658] - Resmgr::initialize: KBE_ROOT=D:/kbengine/
  INFO root [0x00003d94] [2019-07-12 14:39:52,658] - Resmgr::initialize: KBE_RES_PATH=D:/kbengine/kbe/res/;D:/kbengine/HappyPoker_assets/;D:/kbengine/HappyPoker_assets/scripts/;D:/kbengine/HappyPoker_assets/res/
  INFO root [0x00003d94] [2019-07-12 14:39:52,658] - Resmgr::initialize: KBE_BIN_PATH=D:/kbengine/kbe/bin/server/
  INFO root [0x00003d94] [2019-07-12 14:39:52,687] - NetworkInterface::initialize(INTERNAL-TCP): bound to all interfaces with default route interface on 192.168.56.1 ( 192.168.56.1:57881 )
  INFO root [0x00003d94] [2019-07-12 14:39:52,687] - NetworkInterface::initialize(INTERNAL-TCP): address 192.168.56.1:57881, SOMAXCONN=5.
  INFO root [0x00003d94] [2019-07-12 14:39:52,687] - server-configs:
  INFO root [0x00003d94] [2019-07-12 14:39:52,687] - 	gameUpdateHertz : 10
  INFO root [0x00003d94] [2019-07-12 14:39:52,688] - 	defaultViewRadius : 80
  INFO root [0x00003d94] [2019-07-12 14:39:52,688] - 	defaultViewHysteresisArea : 5
  INFO root [0x00003d94] [2019-07-12 14:39:52,688] - 	entryScriptFile : kbemain
  INFO root [0x00003d94] [2019-07-12 14:39:52,688] - 	internalTcpAddr : 192.168.56.1:57881
  INFO root [0x00003d94] [2019-07-12 14:39:52,688] - 	componentID : 8001
  WARN root [0x00003d94] [2019-07-12 14:39:52,690] - invalid UID(0) <= 0, please check UID for environment! automatically set to 2082.
  INFO root [0x00003d94] [2019-07-12 14:39:54,208] - ---- cellapp Version: 2.4.5. ScriptVersion: 0.1.0. Pythoncore: 3.7.3. Protocol: C9FCABE153AC3D64A8F240810ADA666D. Config: Debug X86. Built: 09:56:57 May  8 2019. AppID: 8001. UID: 2082. PID: 18100 ----
  INFO root [0x00003d94] [2019-07-12 14:39:54,273] - Server error_name: Intel(R) Core(TM) i5-6300HQ CPU @ 2.30GHz with 2097151kB RAM
  INFO root [0x00003d94] [2019-07-12 14:39:54,304] - ThreadPool::createThreadPool: creating  threadpool...
  INFO root [0x00003d94] [2019-07-12 14:39:54,305] - ThreadPool::createThreadPool: successfully(2), newThreadCount=1, normalMaxThreadCount=2, maxThreadCount=8
  INFO root [0x00003d94] [2019-07-12 14:39:54,592] - Script::install(): is successfully, Python=(3.7.3 (default, May  8 2019, 09:53:38) [MSC v.1916 32 bit (Intel)])!
  INFO root [0x00003d94] [2019-07-12 14:39:54,592] - Script::install(): KBExtra is successfully!
  WARN root [0x00003d94] [2019-07-12 14:39:54,842] - EntityDef::checkDefMethod: exposed of method: Account.leaveRoom, check the caller can use "def leaveRoom(self, callerID, ...)", such as: if callerID == self.id!
  WARN root [0x00003d94] [2019-07-12 14:39:54,846] - EntityDef::checkDefMethod: exposed of method: Account.playerMakeLandlord, check the caller can use "def playerMakeLandlord(self, callerID, ...)", such as: if callerID == self.id!
  WARN root [0x00003d94] [2019-07-12 14:39:54,848] - EntityDef::checkDefMethod: exposed of method: Account.setGameReady, check the caller can use "def setGameReady(self, callerID, ...)", such as: if callerID == self.id!
 DEBUG root [0x00003d94] [2019-07-12 14:39:54,848] - loaded entity-script:Account(1).
  WARN root [0x00003d94] [2019-07-12 14:39:54,851] - EntityDef::checkDefMethod: exposed of method: Room.playPoker, check the caller can use "def playPoker(self, callerID, ...)", such as: if callerID == self.id!
  WARN root [0x00003d94] [2019-07-12 14:39:54,851] - EntityDef::checkDefMethod: exposed of method: Room.unPlayPoker, check the caller can use "def unPlayPoker(self, callerID, ...)", such as: if callerID == self.id!
 DEBUG root [0x00003d94] [2019-07-12 14:39:54,851] - loaded entity-script:Room(3).
  INFO root [0x00003d94] [2019-07-12 14:39:54,856] - TelnetServer server is running on port 50000
  INFO root [0x00003d94] [2019-07-12 14:39:55,277] - ---- cellapp is running ----
 DEBUG root [0x00003d94] [2019-07-12 14:39:55,278] - Components::process(): Request for the process of identity...
  WARN root [0x00003d94] [2019-07-12 14:40:01,384] - EntityApp::checkTickPeriod: tick took 6106% (6.11 seconds)!
  INFO root [0x00003d94] [2019-07-12 14:40:02,464] - Components::findComponents: find logger(1)...
  INFO root [0x00003d94] [2019-07-12 14:40:02,539] - Components::findComponents: found logger, addr:192.168.56.1:57877
  INFO root [0x00003d94] [2019-07-12 14:40:02,539] - Components::addComponent: reset orderLog, uid=2082!
  INFO root [0x00003d94] [2019-07-12 14:40:02,540] - Components::addComponent[logger], uid=2082, componentID=2000, globalorderid=1, grouporderid=1, totalcount=1
  INFO root [0x00003d94] [2019-07-12 14:40:02,541] - Components::findComponents: find dbmgr(2)...
  INFO root [0x00003d94] [2019-07-12 14:40:02,643] - Components::findComponents: found dbmgr, addr:192.168.56.1:57882
  INFO root [0x00003d94] [2019-07-12 14:40:02,644] - Components::addComponent: reset orderLog, uid=2082!
  INFO root [0x00003d94] [2019-07-12 14:40:02,644] - Components::addComponent[dbmgr], uid=2082, componentID=4000, globalorderid=1, grouporderid=1, totalcount=1
  INFO root [0x00003d94] [2019-07-12 14:40:02,644] - Components::findComponents: found dbmgr, addr:192.168.56.1:57882
  WARN root [0x00003d94] [2019-07-12 14:40:03,646] - Forwarding logs to logger[192.168.56.1:57877/0/0/0]...
 ERROR root [0x00003d94] [2019-07-12 14:41:16,115] - Components::removeComponentByChannel: logger : 2000, Abnormal exit(reason=TCPPacketReceiver::processRecv(): error=10054
)! Channel(timestamp=1357865493023, lastReceivedTime=1357812530037, inactivityExceptionPeriod=134887085)
  INFO root [0x00003d94] [2019-07-12 14:41:16,124] - The following logs sent to logger failed:
  WARN root [0x00003d94] [2019-07-12 14:41:16,124] - ==> [2019-07-12 14:41:16 116] TCPPacketReceiver::processPendingEvents(192.168.56.1:57877): Throwing REASON_GENERAL_NETWORK - WSAECONNRESET
 ERROR root [0x00003d94] [2019-07-12 14:41:16,124] - ==> [2019-07-12 14:41:16 116] Components::removeComponentByChannel: logger : 2000, Abnormal exit(reason=TCPPacketReceiver::processRecv(): error=10054
)! Channel(timestamp=1357865493023, lastReceivedTime=1357812530037, inactivityExceptionPeriod=134887085)
  WARN root [0x00003d94] [2019-07-12 14:41:16,218] - TCPPacketReceiver::processPendingEvents(192.168.56.1:57882): Throwing REASON_GENERAL_NETWORK - WSAECONNRESET
 ERROR root [0x00003d94] [2019-07-12 14:41:16,220] - Components::removeComponentByChannel: dbmgr : 4000, Abnormal exit(reason=TCPPacketReceiver::processRecv(): error=10054
)! Channel(timestamp=1357865730110, lastReceivedTime=1357812795156, inactivityExceptionPeriod=134887085)
  INFO root [0x00003d94] [2019-07-12 14:41:16,226] - Shutdowner::onShutdownBegin: shutting down(period=0, tickPeriod=1)
  INFO root [0x00003d94] [2019-07-12 14:41:16,226] - Shutdowner::onShutdown: shutting down
  INFO root [0x00003d94] [2019-07-12 14:41:16,226] - Shutdowner::onShutdownEnd: shutting down
 DEBUG root [0x00003d94] [2019-07-12 14:41:16,283] - EntityRef::destroyObjPool(): size 0.
 DEBUG root [0x00003d94] [2019-07-12 14:41:16,283] - Witness::destroyObjPool(): size 0.
  INFO root [0x00003d94] [2019-07-12 14:41:16,336] - Script::uninstall(): is successfully!
 DEBUG root [0x00003d94] [2019-07-12 14:41:16,336] - ThreadPool::destroy(): starting size 2.
  WARN root [0x00003d94] [2019-07-12 14:41:16,636] - ThreadPool::destroy(): waiting for thread(2)[0x1963ba0,0x1963c08,], try=1
  INFO root [0x00002550] [2019-07-12 14:49:19,820] - 
  INFO root [0x00002550] [2019-07-12 14:49:19,822] - -----------------------------------------------------------------------------------------


  INFO root [0x00002550] [2019-07-12 14:49:19,826] - Resmgr::initialize: KBE_ROOT=D:/kbengine/
  INFO root [0x00002550] [2019-07-12 14:49:19,826] - Resmgr::initialize: KBE_RES_PATH=D:/kbengine/kbe/res/;D:/kbengine/HappyPoker_assets/;D:/kbengine/HappyPoker_assets/scripts/;D:/kbengine/HappyPoker_assets/res/
  INFO root [0x00002550] [2019-07-12 14:49:19,826] - Resmgr::initialize: KBE_BIN_PATH=D:/kbengine/kbe/bin/server/
  INFO root [0x00002550] [2019-07-12 14:49:19,875] - NetworkInterface::initialize(INTERNAL-TCP): bound to all interfaces with default route interface on 192.168.56.1 ( 192.168.56.1:57970 )
  INFO root [0x00002550] [2019-07-12 14:49:19,876] - NetworkInterface::initialize(INTERNAL-TCP): address 192.168.56.1:57970, SOMAXCONN=5.
  INFO root [0x00002550] [2019-07-12 14:49:19,876] - server-configs:
  INFO root [0x00002550] [2019-07-12 14:49:19,876] - 	gameUpdateHertz : 10
  INFO root [0x00002550] [2019-07-12 14:49:19,876] - 	defaultViewRadius : 80
  INFO root [0x00002550] [2019-07-12 14:49:19,876] - 	defaultViewHysteresisArea : 5
  INFO root [0x00002550] [2019-07-12 14:49:19,876] - 	entryScriptFile : kbemain
  INFO root [0x00002550] [2019-07-12 14:49:19,877] - 	internalTcpAddr : 192.168.56.1:57970
  INFO root [0x00002550] [2019-07-12 14:49:19,877] - 	componentID : 8001
  WARN root [0x00002550] [2019-07-12 14:49:19,877] - invalid UID(0) <= 0, please check UID for environment! automatically set to 2082.
  INFO root [0x00002550] [2019-07-12 14:49:21,383] - ---- cellapp Version: 2.4.5. ScriptVersion: 0.1.0. Pythoncore: 3.7.3. Protocol: C9FCABE153AC3D64A8F240810ADA666D. Config: Debug X86. Built: 09:56:57 May  8 2019. AppID: 8001. UID: 2082. PID: 10520 ----
  INFO root [0x00002550] [2019-07-12 14:49:21,384] - Server error_name: Intel(R) Core(TM) i5-6300HQ CPU @ 2.30GHz with 2097151kB RAM
  INFO root [0x00002550] [2019-07-12 14:49:21,385] - ThreadPool::createThreadPool: creating  threadpool...
  INFO root [0x00002550] [2019-07-12 14:49:21,385] - ThreadPool::createThreadPool: successfully(2), newThreadCount=1, normalMaxThreadCount=2, maxThreadCount=8
  INFO root [0x00002550] [2019-07-12 14:49:21,612] - Script::install(): is successfully, Python=(3.7.3 (default, May  8 2019, 09:53:38) [MSC v.1916 32 bit (Intel)])!
  INFO root [0x00002550] [2019-07-12 14:49:21,612] - Script::install(): KBExtra is successfully!
  WARN root [0x00002550] [2019-07-12 14:49:21,849] - EntityDef::checkDefMethod: exposed of method: Account.leaveRoom, check the caller can use "def leaveRoom(self, callerID, ...)", such as: if callerID == self.id!
  WARN root [0x00002550] [2019-07-12 14:49:21,859] - EntityDef::checkDefMethod: exposed of method: Account.playerMakeLandlord, check the caller can use "def playerMakeLandlord(self, callerID, ...)", such as: if callerID == self.id!
  WARN root [0x00002550] [2019-07-12 14:49:21,892] - EntityDef::checkDefMethod: exposed of method: Account.setGameReady, check the caller can use "def setGameReady(self, callerID, ...)", such as: if callerID == self.id!
 DEBUG root [0x00002550] [2019-07-12 14:49:21,911] - loaded entity-script:Account(1).
  WARN root [0x00002550] [2019-07-12 14:49:21,913] - EntityDef::checkDefMethod: exposed of method: Room.playPoker, check the caller can use "def playPoker(self, callerID, ...)", such as: if callerID == self.id!
  WARN root [0x00002550] [2019-07-12 14:49:21,918] - EntityDef::checkDefMethod: exposed of method: Room.unPlayPoker, check the caller can use "def unPlayPoker(self, callerID, ...)", such as: if callerID == self.id!
 DEBUG root [0x00002550] [2019-07-12 14:49:21,919] - loaded entity-script:Room(3).
  INFO root [0x00002550] [2019-07-12 14:49:21,922] - TelnetServer server is running on port 50000
  INFO root [0x00002550] [2019-07-12 14:49:22,344] - ---- cellapp is running ----
 DEBUG root [0x00002550] [2019-07-12 14:49:22,345] - Components::process(): Request for the process of identity...
  WARN root [0x00002550] [2019-07-12 14:49:28,455] - EntityApp::checkTickPeriod: tick took 6111% (6.11 seconds)!
  WARN root [0x00002550] [2019-07-12 14:49:28,461] - TCPPacketReceiver::processPendingEvents(192.168.56.1:57985): Throwing REASON_GENERAL_NETWORK - WSAECONNABORTED
  INFO root [0x00002550] [2019-07-12 14:49:29,545] - Components::findComponents: find logger(1)...
  INFO root [0x00002550] [2019-07-12 14:49:29,565] - Components::findComponents: found logger, addr:192.168.56.1:57971
  INFO root [0x00002550] [2019-07-12 14:49:29,565] - Components::addComponent: reset orderLog, uid=2082!
  INFO root [0x00002550] [2019-07-12 14:49:29,565] - Components::addComponent[logger], uid=2082, componentID=2000, globalorderid=1, grouporderid=1, totalcount=1
  INFO root [0x00002550] [2019-07-12 14:49:29,566] - Components::findComponents: find dbmgr(2)...
  INFO root [0x00002550] [2019-07-12 14:49:29,670] - Components::findComponents: found dbmgr, addr:192.168.56.1:57966
  INFO root [0x00002550] [2019-07-12 14:49:29,670] - Components::addComponent: reset orderLog, uid=2082!
  INFO root [0x00002550] [2019-07-12 14:49:29,670] - Components::addComponent[dbmgr], uid=2082, componentID=4000, globalorderid=1, grouporderid=1, totalcount=1
  INFO root [0x00002550] [2019-07-12 14:49:29,671] - Components::findComponents: found dbmgr, addr:192.168.56.1:57966
  WARN root [0x00002550] [2019-07-12 14:49:30,671] - EntityApp::checkTickPeriod: tick took 1226% (1.23 seconds)!
  WARN root [0x00002550] [2019-07-12 14:49:30,672] - Forwarding logs to logger[192.168.56.1:57971/0/0/0]...
 ERROR root [0x00002550] [2019-07-12 14:50:00,328] - Components::removeComponentByChannel: logger : 2000, Abnormal exit(reason=TCPPacketReceiver::processRecv(): error=10054
)! Channel(timestamp=1359044971754, lastReceivedTime=1359021450971, inactivityExceptionPeriod=134887564)
  INFO root [0x00002550] [2019-07-12 14:50:00,331] - The following logs sent to logger failed:
  WARN root [0x00002550] [2019-07-12 14:50:00,332] - ==> [2019-07-12 14:50:00 319] TCPPacketReceiver::processPendingEvents(192.168.56.1:57971): Throwing REASON_GENERAL_NETWORK - WSAECONNRESET
 ERROR root [0x00002550] [2019-07-12 14:50:00,332] - ==> [2019-07-12 14:50:00 329] Components::removeComponentByChannel: logger : 2000, Abnormal exit(reason=TCPPacketReceiver::processRecv(): error=10054
)! Channel(timestamp=1359044971754, lastReceivedTime=1359021450971, inactivityExceptionPeriod=134887564)
  WARN root [0x00002550] [2019-07-12 14:50:00,422] - TCPPacketReceiver::processPendingEvents(192.168.56.1:57966): Throwing REASON_GENERAL_NETWORK - WSAECONNRESET
 ERROR root [0x00002550] [2019-07-12 14:50:00,427] - Components::removeComponentByChannel: dbmgr : 4000, Abnormal exit(reason=TCPPacketReceiver::processRecv(): error=10054
)! Channel(timestamp=1359045194293, lastReceivedTime=1359021395828, inactivityExceptionPeriod=134887564)
  INFO root [0x00002550] [2019-07-12 14:50:00,431] - Shutdowner::onShutdownBegin: shutting down(period=0, tickPeriod=1)
  INFO root [0x00002550] [2019-07-12 14:50:00,432] - Shutdowner::onShutdown: shutting down
  INFO root [0x00002550] [2019-07-12 14:50:00,432] - Shutdowner::onShutdownEnd: shutting down
 DEBUG root [0x00002550] [2019-07-12 14:50:00,433] - EntityRef::destroyObjPool(): size 0.
 DEBUG root [0x00002550] [2019-07-12 14:50:00,433] - Witness::destroyObjPool(): size 0.
  INFO root [0x00002550] [2019-07-12 14:50:00,477] - Script::uninstall(): is successfully!
 DEBUG root [0x00002550] [2019-07-12 14:50:00,477] - ThreadPool::destroy(): starting size 2.
  WARN root [0x00002550] [2019-07-12 14:50:00,777] - ThreadPool::destroy(): waiting for thread(2)[0x19622c8,0x19627a8,], try=1
  INFO root [0x000041e8] [2019-07-12 14:50:19,570] - 
  INFO root [0x000041e8] [2019-07-12 14:50:19,578] - -----------------------------------------------------------------------------------------


  INFO root [0x000041e8] [2019-07-12 14:50:19,579] - Resmgr::initialize: KBE_ROOT=D:/kbengine/
  INFO root [0x000041e8] [2019-07-12 14:50:19,580] - Resmgr::initialize: KBE_RES_PATH=D:/kbengine/kbe/res/;D:/kbengine/HappyPoker_assets/;D:/kbengine/HappyPoker_assets/scripts/;D:/kbengine/HappyPoker_assets/res/
  INFO root [0x000041e8] [2019-07-12 14:50:19,580] - Resmgr::initialize: KBE_BIN_PATH=D:/kbengine/kbe/bin/server/
  INFO root [0x000041e8] [2019-07-12 14:50:19,614] - NetworkInterface::initialize(INTERNAL-TCP): bound to all interfaces with default route interface on 192.168.56.1 ( 192.168.56.1:58018 )
  INFO root [0x000041e8] [2019-07-12 14:50:19,615] - NetworkInterface::initialize(INTERNAL-TCP): address 192.168.56.1:58018, SOMAXCONN=5.
  INFO root [0x000041e8] [2019-07-12 14:50:19,615] - server-configs:
  INFO root [0x000041e8] [2019-07-12 14:50:19,615] - 	gameUpdateHertz : 10
  INFO root [0x000041e8] [2019-07-12 14:50:19,615] - 	defaultViewRadius : 80
  INFO root [0x000041e8] [2019-07-12 14:50:19,615] - 	defaultViewHysteresisArea : 5
  INFO root [0x000041e8] [2019-07-12 14:50:19,615] - 	entryScriptFile : kbemain
  INFO root [0x000041e8] [2019-07-12 14:50:19,615] - 	internalTcpAddr : 192.168.56.1:58018
  INFO root [0x000041e8] [2019-07-12 14:50:19,616] - 	componentID : 8001
  WARN root [0x000041e8] [2019-07-12 14:50:19,618] - invalid UID(0) <= 0, please check UID for environment! automatically set to 2082.
  INFO root [0x000041e8] [2019-07-12 14:50:21,122] - ---- cellapp Version: 2.4.5. ScriptVersion: 0.1.0. Pythoncore: 3.7.3. Protocol: C9FCABE153AC3D64A8F240810ADA666D. Config: Debug X86. Built: 09:56:57 May  8 2019. AppID: 8001. UID: 2082. PID: 11972 ----
  INFO root [0x000041e8] [2019-07-12 14:50:21,123] - Server error_name: Intel(R) Core(TM) i5-6300HQ CPU @ 2.30GHz with 2097151kB RAM
  INFO root [0x000041e8] [2019-07-12 14:50:21,123] - ThreadPool::createThreadPool: creating  threadpool...
  INFO root [0x000041e8] [2019-07-12 14:50:21,125] - ThreadPool::createThreadPool: successfully(2), newThreadCount=1, normalMaxThreadCount=2, maxThreadCount=8
  INFO root [0x000041e8] [2019-07-12 14:50:21,369] - Script::install(): is successfully, Python=(3.7.3 (default, May  8 2019, 09:53:38) [MSC v.1916 32 bit (Intel)])!
  INFO root [0x000041e8] [2019-07-12 14:50:21,369] - Script::install(): KBExtra is successfully!
  WARN root [0x000041e8] [2019-07-12 14:50:21,529] - EntityDef::checkDefMethod: exposed of method: Account.leaveRoom, check the caller can use "def leaveRoom(self, callerID, ...)", such as: if callerID == self.id!
  WARN root [0x000041e8] [2019-07-12 14:50:21,546] - EntityDef::checkDefMethod: exposed of method: Account.playerMakeLandlord, check the caller can use "def playerMakeLandlord(self, callerID, ...)", such as: if callerID == self.id!
  WARN root [0x000041e8] [2019-07-12 14:50:21,559] - EntityDef::checkDefMethod: exposed of method: Account.setGameReady, check the caller can use "def setGameReady(self, callerID, ...)", such as: if callerID == self.id!
 DEBUG root [0x000041e8] [2019-07-12 14:50:21,560] - loaded entity-script:Account(1).
  WARN root [0x000041e8] [2019-07-12 14:50:21,561] - EntityDef::checkDefMethod: exposed of method: Room.playPoker, check the caller can use "def playPoker(self, callerID, ...)", such as: if callerID == self.id!
  WARN root [0x000041e8] [2019-07-12 14:50:21,562] - EntityDef::checkDefMethod: exposed of method: Room.unPlayPoker, check the caller can use "def unPlayPoker(self, callerID, ...)", such as: if callerID == self.id!
 DEBUG root [0x000041e8] [2019-07-12 14:50:21,562] - loaded entity-script:Room(3).
  INFO root [0x000041e8] [2019-07-12 14:50:21,565] - TelnetServer server is running on port 50000
  INFO root [0x000041e8] [2019-07-12 14:50:22,007] - ---- cellapp is running ----
 DEBUG root [0x000041e8] [2019-07-12 14:50:22,007] - Components::process(): Request for the process of identity...
  WARN root [0x000041e8] [2019-07-12 14:50:28,108] - EntityApp::checkTickPeriod: tick took 6102% (6.10 seconds)!
  WARN root [0x000041e8] [2019-07-12 14:50:28,113] - TCPPacketReceiver::processPendingEvents(192.168.56.1:58037): Throwing REASON_GENERAL_NETWORK - WSAECONNABORTED
  INFO root [0x000041e8] [2019-07-12 14:50:29,194] - Components::findComponents: find logger(1)...
  INFO root [0x000041e8] [2019-07-12 14:50:29,272] - Components::findComponents: found logger, addr:192.168.56.1:58017
  INFO root [0x000041e8] [2019-07-12 14:50:29,272] - Components::addComponent: reset orderLog, uid=2082!
  INFO root [0x000041e8] [2019-07-12 14:50:29,272] - Components::addComponent[logger], uid=2082, componentID=2000, globalorderid=1, grouporderid=1, totalcount=1
  INFO root [0x000041e8] [2019-07-12 14:50:29,273] - Components::findComponents: find dbmgr(2)...
  INFO root [0x000041e8] [2019-07-12 14:50:29,277] - Components::findComponents: found logger, addr:192.168.56.1:58017
  INFO root [0x000041e8] [2019-07-12 14:50:29,279] - Components::findComponents: found dbmgr, addr:192.168.56.1:58020
  INFO root [0x000041e8] [2019-07-12 14:50:29,280] - Components::addComponent: reset orderLog, uid=2082!
  INFO root [0x000041e8] [2019-07-12 14:50:29,280] - Components::addComponent[dbmgr], uid=2082, componentID=4000, globalorderid=1, grouporderid=1, totalcount=1
  INFO root [0x000041e8] [2019-07-12 14:50:29,381] - Components::findComponents: found dbmgr, addr:192.168.56.1:58020
  WARN root [0x000041e8] [2019-07-12 14:50:30,381] - Forwarding logs to logger[192.168.56.1:58017/0/0/0]...
 ERROR root [0x000041e8] [2019-07-12 14:51:45,148] - Components::removeComponentByChannel: logger : 2000, Abnormal exit(reason=TCPPacketReceiver::processRecv(): error=10054
)! Channel(timestamp=1359280815400, lastReceivedTime=1359223363865, inactivityExceptionPeriod=134887437)
  INFO root [0x000041e8] [2019-07-12 14:51:45,150] - The following logs sent to logger failed:
  WARN root [0x000041e8] [2019-07-12 14:51:45,150] - ==> [2019-07-12 14:51:45 147] TCPPacketReceiver::processPendingEvents(192.168.56.1:58017): Throwing REASON_GENERAL_NETWORK - WSAECONNRESET
 ERROR root [0x000041e8] [2019-07-12 14:51:45,151] - ==> [2019-07-12 14:51:45 148] Components::removeComponentByChannel: logger : 2000, Abnormal exit(reason=TCPPacketReceiver::processRecv(): error=10054
)! Channel(timestamp=1359280815400, lastReceivedTime=1359223363865, inactivityExceptionPeriod=134887437)
  WARN root [0x000041e8] [2019-07-12 14:51:45,267] - TCPPacketReceiver::processPendingEvents(192.168.56.1:58020): Throwing REASON_GENERAL_NETWORK - WSAECONNRESET
 ERROR root [0x000041e8] [2019-07-12 14:51:45,276] - Components::removeComponentByChannel: dbmgr : 4000, Abnormal exit(reason=TCPPacketReceiver::processRecv(): error=10054
)! Channel(timestamp=1359281104358, lastReceivedTime=1359223410527, inactivityExceptionPeriod=134887437)
  INFO root [0x000041e8] [2019-07-12 14:51:45,306] - Shutdowner::onShutdownBegin: shutting down(period=0, tickPeriod=1)
  INFO root [0x000041e8] [2019-07-12 14:51:45,308] - Shutdowner::onShutdown: shutting down
  INFO root [0x000041e8] [2019-07-12 14:51:45,308] - Shutdowner::onShutdownEnd: shutting down
 DEBUG root [0x000041e8] [2019-07-12 14:51:45,309] - EntityRef::destroyObjPool(): size 0.
 DEBUG root [0x000041e8] [2019-07-12 14:51:45,309] - Witness::destroyObjPool(): size 0.
  INFO root [0x000041e8] [2019-07-12 14:51:45,337] - Script::uninstall(): is successfully!
 DEBUG root [0x000041e8] [2019-07-12 14:51:45,337] - ThreadPool::destroy(): starting size 2.
  WARN root [0x000041e8] [2019-07-12 14:51:45,639] - ThreadPool::destroy(): waiting for thread(2)[0x1763ee8,0x1763320,], try=1
  INFO root [0x000000dc] [2019-07-12 14:53:28,456] - 
  INFO root [0x000000dc] [2019-07-12 14:53:28,458] - -----------------------------------------------------------------------------------------


  INFO root [0x000000dc] [2019-07-12 14:53:28,459] - Resmgr::initialize: KBE_ROOT=D:/kbengine/
  INFO root [0x000000dc] [2019-07-12 14:53:28,459] - Resmgr::initialize: KBE_RES_PATH=D:/kbengine/kbe/res/;D:/kbengine/HappyPoker_assets/;D:/kbengine/HappyPoker_assets/scripts/;D:/kbengine/HappyPoker_assets/res/
  INFO root [0x000000dc] [2019-07-12 14:53:28,459] - Resmgr::initialize: KBE_BIN_PATH=D:/kbengine/kbe/bin/server/
  INFO root [0x000000dc] [2019-07-12 14:53:28,495] - NetworkInterface::initialize(INTERNAL-TCP): bound to all interfaces with default route interface on 192.168.56.1 ( 192.168.56.1:58079 )
  INFO root [0x000000dc] [2019-07-12 14:53:28,495] - NetworkInterface::initialize(INTERNAL-TCP): address 192.168.56.1:58079, SOMAXCONN=5.
  INFO root [0x000000dc] [2019-07-12 14:53:28,495] - server-configs:
  INFO root [0x000000dc] [2019-07-12 14:53:28,495] - 	gameUpdateHertz : 10
  INFO root [0x000000dc] [2019-07-12 14:53:28,495] - 	defaultViewRadius : 80
  INFO root [0x000000dc] [2019-07-12 14:53:28,496] - 	defaultViewHysteresisArea : 5
  INFO root [0x000000dc] [2019-07-12 14:53:28,496] - 	entryScriptFile : kbemain
  INFO root [0x000000dc] [2019-07-12 14:53:28,496] - 	internalTcpAddr : 192.168.56.1:58079
  INFO root [0x000000dc] [2019-07-12 14:53:28,496] - 	componentID : 8001
  WARN root [0x000000dc] [2019-07-12 14:53:28,497] - invalid UID(0) <= 0, please check UID for environment! automatically set to 2082.
  INFO root [0x000000dc] [2019-07-12 14:53:30,005] - ---- cellapp Version: 2.4.5. ScriptVersion: 0.1.0. Pythoncore: 3.7.3. Protocol: C9FCABE153AC3D64A8F240810ADA666D. Config: Debug X86. Built: 09:56:57 May  8 2019. AppID: 8001. UID: 2082. PID: 10832 ----
  INFO root [0x000000dc] [2019-07-12 14:53:30,006] - Server error_name: Intel(R) Core(TM) i5-6300HQ CPU @ 2.30GHz with 2097151kB RAM
  INFO root [0x000000dc] [2019-07-12 14:53:30,007] - ThreadPool::createThreadPool: creating  threadpool...
  INFO root [0x000000dc] [2019-07-12 14:53:30,008] - ThreadPool::createThreadPool: successfully(2), newThreadCount=1, normalMaxThreadCount=2, maxThreadCount=8
  INFO root [0x000000dc] [2019-07-12 14:53:30,209] - Script::install(): is successfully, Python=(3.7.3 (default, May  8 2019, 09:53:38) [MSC v.1916 32 bit (Intel)])!
  INFO root [0x000000dc] [2019-07-12 14:53:30,209] - Script::install(): KBExtra is successfully!
  WARN root [0x000000dc] [2019-07-12 14:53:30,336] - EntityDef::checkDefMethod: exposed of method: Account.leaveRoom, check the caller can use "def leaveRoom(self, callerID, ...)", such as: if callerID == self.id!
  WARN root [0x000000dc] [2019-07-12 14:53:30,337] - EntityDef::checkDefMethod: exposed of method: Account.playerMakeLandlord, check the caller can use "def playerMakeLandlord(self, callerID, ...)", such as: if callerID == self.id!
  WARN root [0x000000dc] [2019-07-12 14:53:30,337] - EntityDef::checkDefMethod: exposed of method: Account.setGameReady, check the caller can use "def setGameReady(self, callerID, ...)", such as: if callerID == self.id!
 DEBUG root [0x000000dc] [2019-07-12 14:53:30,337] - loaded entity-script:Account(1).
  WARN root [0x000000dc] [2019-07-12 14:53:30,339] - EntityDef::checkDefMethod: exposed of method: Room.playPoker, check the caller can use "def playPoker(self, callerID, ...)", such as: if callerID == self.id!
  WARN root [0x000000dc] [2019-07-12 14:53:30,340] - EntityDef::checkDefMethod: exposed of method: Room.unPlayPoker, check the caller can use "def unPlayPoker(self, callerID, ...)", such as: if callerID == self.id!
 DEBUG root [0x000000dc] [2019-07-12 14:53:30,340] - loaded entity-script:Room(3).
  INFO root [0x000000dc] [2019-07-12 14:53:30,343] - TelnetServer server is running on port 50000
  INFO root [0x000000dc] [2019-07-12 14:53:30,812] - ---- cellapp is running ----
 DEBUG root [0x000000dc] [2019-07-12 14:53:30,813] - Components::process(): Request for the process of identity...
  WARN root [0x000000dc] [2019-07-12 14:53:36,943] - EntityApp::checkTickPeriod: tick took 6130% (6.13 seconds)!
  INFO root [0x000000dc] [2019-07-12 14:53:38,013] - Components::findComponents: find logger(1)...
  INFO root [0x000000dc] [2019-07-12 14:53:38,052] - Components::findComponents: found logger, addr:192.168.56.1:58075
  INFO root [0x000000dc] [2019-07-12 14:53:38,053] - Components::addComponent: reset orderLog, uid=2082!
  INFO root [0x000000dc] [2019-07-12 14:53:38,053] - Components::addComponent[logger], uid=2082, componentID=2000, globalorderid=1, grouporderid=1, totalcount=1
  INFO root [0x000000dc] [2019-07-12 14:53:38,055] - Components::findComponents: find dbmgr(2)...
  INFO root [0x000000dc] [2019-07-12 14:53:38,060] - Components::findComponents: found logger, addr:192.168.56.1:58075
  INFO root [0x000000dc] [2019-07-12 14:53:38,063] - Components::findComponents: found dbmgr, addr:192.168.56.1:58076
  INFO root [0x000000dc] [2019-07-12 14:53:38,063] - Components::addComponent: reset orderLog, uid=2082!
  INFO root [0x000000dc] [2019-07-12 14:53:38,063] - Components::addComponent[dbmgr], uid=2082, componentID=4000, globalorderid=1, grouporderid=1, totalcount=1
  INFO root [0x000000dc] [2019-07-12 14:53:38,165] - Components::findComponents: found dbmgr, addr:192.168.56.1:58076
  WARN root [0x000000dc] [2019-07-12 14:53:39,165] - EntityApp::checkTickPeriod: tick took 1252% (1.25 seconds)!
  WARN root [0x000000dc] [2019-07-12 14:53:39,166] - Forwarding logs to logger[192.168.56.1:58075/0/0/0]...
 ERROR root [0x000000dc] [2019-07-12 14:55:22,674] - Components::removeComponentByChannel: logger : 2000, Abnormal exit(reason=TCPPacketReceiver::processRecv(): error=10054
)! Channel(timestamp=1359770251452, lastReceivedTime=1359715762306, inactivityExceptionPeriod=134887325)
  INFO root [0x000000dc] [2019-07-12 14:55:22,678] - The following logs sent to logger failed:
  WARN root [0x000000dc] [2019-07-12 14:55:22,678] - ==> [2019-07-12 14:55:22 673] TCPPacketReceiver::processPendingEvents(192.168.56.1:58075): Throwing REASON_GENERAL_NETWORK - WSAECONNRESET
 ERROR root [0x000000dc] [2019-07-12 14:55:22,678] - ==> [2019-07-12 14:55:22 676] Components::removeComponentByChannel: logger : 2000, Abnormal exit(reason=TCPPacketReceiver::processRecv(): error=10054
)! Channel(timestamp=1359770251452, lastReceivedTime=1359715762306, inactivityExceptionPeriod=134887325)
  WARN root [0x000000dc] [2019-07-12 14:55:22,776] - TCPPacketReceiver::processPendingEvents(192.168.56.1:58076): Throwing REASON_GENERAL_NETWORK - WSAECONNRESET
 ERROR root [0x000000dc] [2019-07-12 14:55:22,776] - Components::removeComponentByChannel: dbmgr : 4000, Abnormal exit(reason=TCPPacketReceiver::processRecv(): error=10054
)! Channel(timestamp=1359770481483, lastReceivedTime=1359715810666, inactivityExceptionPeriod=134887325)
  INFO root [0x000000dc] [2019-07-12 14:55:22,780] - Shutdowner::onShutdownBegin: shutting down(period=0, tickPeriod=1)
  INFO root [0x000000dc] [2019-07-12 14:55:22,781] - Shutdowner::onShutdown: shutting down
  INFO root [0x000000dc] [2019-07-12 14:55:22,781] - Shutdowner::onShutdownEnd: shutting down
 DEBUG root [0x000000dc] [2019-07-12 14:55:22,782] - EntityRef::destroyObjPool(): size 0.
 DEBUG root [0x000000dc] [2019-07-12 14:55:22,782] - Witness::destroyObjPool(): size 0.
  INFO root [0x000000dc] [2019-07-12 14:55:22,825] - Script::uninstall(): is successfully!
 DEBUG root [0x000000dc] [2019-07-12 14:55:22,825] - ThreadPool::destroy(): starting size 2.
  WARN root [0x000000dc] [2019-07-12 14:55:23,126] - ThreadPool::destroy(): waiting for thread(2)[0x184ca28,0x184cb60,], try=1
  INFO root [0x00003394] [2019-07-12 15:00:05,339] - 
  INFO root [0x00003394] [2019-07-12 15:00:05,344] - -----------------------------------------------------------------------------------------


  INFO root [0x00003394] [2019-07-12 15:00:05,345] - Resmgr::initialize: KBE_ROOT=D:/kbengine/
  INFO root [0x00003394] [2019-07-12 15:00:05,347] - Resmgr::initialize: KBE_RES_PATH=D:/kbengine/kbe/res/;D:/kbengine/HappyPoker_assets/;D:/kbengine/HappyPoker_assets/scripts/;D:/kbengine/HappyPoker_assets/res/
  INFO root [0x00003394] [2019-07-12 15:00:05,348] - Resmgr::initialize: KBE_BIN_PATH=D:/kbengine/kbe/bin/server/
  INFO root [0x00003394] [2019-07-12 15:00:05,396] - NetworkInterface::initialize(INTERNAL-TCP): bound to all interfaces with default route interface on 192.168.56.1 ( 192.168.56.1:58165 )
  INFO root [0x00003394] [2019-07-12 15:00:05,396] - NetworkInterface::initialize(INTERNAL-TCP): address 192.168.56.1:58165, SOMAXCONN=5.
  INFO root [0x00003394] [2019-07-12 15:00:05,396] - server-configs:
  INFO root [0x00003394] [2019-07-12 15:00:05,396] - 	gameUpdateHertz : 10
  INFO root [0x00003394] [2019-07-12 15:00:05,397] - 	defaultViewRadius : 80
  INFO root [0x00003394] [2019-07-12 15:00:05,397] - 	defaultViewHysteresisArea : 5
  INFO root [0x00003394] [2019-07-12 15:00:05,397] - 	entryScriptFile : kbemain
  INFO root [0x00003394] [2019-07-12 15:00:05,397] - 	internalTcpAddr : 192.168.56.1:58165
  INFO root [0x00003394] [2019-07-12 15:00:05,397] - 	componentID : 8001
  WARN root [0x00003394] [2019-07-12 15:00:05,399] - invalid UID(0) <= 0, please check UID for environment! automatically set to 2082.
  INFO root [0x00003394] [2019-07-12 15:00:06,914] - ---- cellapp Version: 2.4.5. ScriptVersion: 0.1.0. Pythoncore: 3.7.3. Protocol: C9FCABE153AC3D64A8F240810ADA666D. Config: Debug X86. Built: 09:56:57 May  8 2019. AppID: 8001. UID: 2082. PID: 1728 ----
  INFO root [0x00003394] [2019-07-12 15:00:06,915] - Server error_name: Intel(R) Core(TM) i5-6300HQ CPU @ 2.30GHz with 2097151kB RAM
  INFO root [0x00003394] [2019-07-12 15:00:06,915] - ThreadPool::createThreadPool: creating  threadpool...
  INFO root [0x00003394] [2019-07-12 15:00:06,916] - ThreadPool::createThreadPool: successfully(2), newThreadCount=1, normalMaxThreadCount=2, maxThreadCount=8
  INFO root [0x00003394] [2019-07-12 15:00:07,115] - Script::install(): is successfully, Python=(3.7.3 (default, May  8 2019, 09:53:38) [MSC v.1916 32 bit (Intel)])!
  INFO root [0x00003394] [2019-07-12 15:00:07,116] - Script::install(): KBExtra is successfully!
  WARN root [0x00003394] [2019-07-12 15:00:07,269] - EntityDef::checkDefMethod: exposed of method: Account.leaveRoom, check the caller can use "def leaveRoom(self, callerID, ...)", such as: if callerID == self.id!
  WARN root [0x00003394] [2019-07-12 15:00:07,286] - EntityDef::checkDefMethod: exposed of method: Account.playerMakeLandlord, check the caller can use "def playerMakeLandlord(self, callerID, ...)", such as: if callerID == self.id!
  WARN root [0x00003394] [2019-07-12 15:00:07,286] - EntityDef::checkDefMethod: exposed of method: Account.setGameReady, check the caller can use "def setGameReady(self, callerID, ...)", such as: if callerID == self.id!
 DEBUG root [0x00003394] [2019-07-12 15:00:07,292] - loaded entity-script:Account(1).
  WARN root [0x00003394] [2019-07-12 15:00:07,295] - EntityDef::checkDefMethod: exposed of method: Room.playPoker, check the caller can use "def playPoker(self, callerID, ...)", such as: if callerID == self.id!
  WARN root [0x00003394] [2019-07-12 15:00:07,300] - EntityDef::checkDefMethod: exposed of method: Room.unPlayPoker, check the caller can use "def unPlayPoker(self, callerID, ...)", such as: if callerID == self.id!
 DEBUG root [0x00003394] [2019-07-12 15:00:07,300] - loaded entity-script:Room(3).
  INFO root [0x00003394] [2019-07-12 15:00:07,303] - TelnetServer server is running on port 50000
  INFO root [0x00003394] [2019-07-12 15:00:07,774] - ---- cellapp is running ----
 DEBUG root [0x00003394] [2019-07-12 15:00:07,811] - Components::process(): Request for the process of identity...
  WARN root [0x00003394] [2019-07-12 15:00:11,241] - BundleBroadcast::BundleBroadcast: Cannot bind to port 20156, errorno=10048
  WARN root [0x00003394] [2019-07-12 15:00:11,584] - BundleBroadcast::BundleBroadcast: Cannot bind to port 20279, errorno=10048
  WARN root [0x00003394] [2019-07-12 15:00:11,930] - BundleBroadcast::BundleBroadcast: Cannot bind to port 20403, errorno=10048
  WARN root [0x00003394] [2019-07-12 15:00:14,970] - EntityApp::checkTickPeriod: tick took 7195% (7.20 seconds)!
  WARN root [0x00003394] [2019-07-12 15:00:14,975] - TCPPacketReceiver::processPendingEvents(192.168.56.1:58181): Throwing REASON_GENERAL_NETWORK - WSAECONNABORTED
  INFO root [0x00003394] [2019-07-12 15:00:15,976] - Components::findComponents: find logger(1)...
  INFO root [0x00003394] [2019-07-12 15:00:16,055] - Components::findComponents: found logger, addr:192.168.56.1:58164
  INFO root [0x00003394] [2019-07-12 15:00:16,056] - Components::addComponent: reset orderLog, uid=2082!
  INFO root [0x00003394] [2019-07-12 15:00:16,056] - Components::addComponent[logger], uid=2082, componentID=2000, globalorderid=1, grouporderid=1, totalcount=1
  INFO root [0x00003394] [2019-07-12 15:00:16,056] - Components::findComponents: find dbmgr(2)...
  INFO root [0x00003394] [2019-07-12 15:00:16,160] - Components::findComponents: found dbmgr, addr:192.168.56.1:58161
  INFO root [0x00003394] [2019-07-12 15:00:16,160] - Components::addComponent: reset orderLog, uid=2082!
  INFO root [0x00003394] [2019-07-12 15:00:16,160] - Components::addComponent[dbmgr], uid=2082, componentID=4000, globalorderid=1, grouporderid=1, totalcount=1
  INFO root [0x00003394] [2019-07-12 15:00:16,167] - Components::findComponents: found dbmgr, addr:192.168.56.1:58161
  WARN root [0x00003394] [2019-07-12 15:00:17,168] - Forwarding logs to logger[192.168.56.1:58164/0/0/0]...
 ERROR root [0x00003394] [2019-07-12 15:01:07,187] - Components::removeComponentByChannel: logger : 2000, Abnormal exit(reason=TCPPacketReceiver::processRecv(): error=10054
)! Channel(timestamp=1360545405854, lastReceivedTime=1360541338671, inactivityExceptionPeriod=134887564)
  INFO root [0x00003394] [2019-07-12 15:01:07,195] - The following logs sent to logger failed:
  WARN root [0x00003394] [2019-07-12 15:01:07,195] - ==> [2019-07-12 15:01:07 184] TCPPacketReceiver::processPendingEvents(192.168.56.1:58164): Throwing REASON_GENERAL_NETWORK - WSAECONNRESET
 ERROR root [0x00003394] [2019-07-12 15:01:07,196] - ==> [2019-07-12 15:01:07 188] Components::removeComponentByChannel: logger : 2000, Abnormal exit(reason=TCPPacketReceiver::processRecv(): error=10054
)! Channel(timestamp=1360545405854, lastReceivedTime=1360541338671, inactivityExceptionPeriod=134887564)
  WARN root [0x00003394] [2019-07-12 15:01:07,304] - TCPPacketReceiver::processPendingEvents(192.168.56.1:58161): Throwing REASON_GENERAL_NETWORK - WSAECONNRESET
 ERROR root [0x00003394] [2019-07-12 15:01:07,305] - Components::removeComponentByChannel: dbmgr : 4000, Abnormal exit(reason=TCPPacketReceiver::processRecv(): error=10054
)! Channel(timestamp=1360545669756, lastReceivedTime=1360541260944, inactivityExceptionPeriod=134887564)
  INFO root [0x00003394] [2019-07-12 15:01:07,315] - Shutdowner::onShutdownBegin: shutting down(period=0, tickPeriod=1)
  INFO root [0x00003394] [2019-07-12 15:01:07,317] - Shutdowner::onShutdown: shutting down
  INFO root [0x00003394] [2019-07-12 15:01:07,317] - Shutdowner::onShutdownEnd: shutting down
 DEBUG root [0x00003394] [2019-07-12 15:01:07,318] - EntityRef::destroyObjPool(): size 0.
 DEBUG root [0x00003394] [2019-07-12 15:01:07,318] - Witness::destroyObjPool(): size 0.
  INFO root [0x00003394] [2019-07-12 15:01:07,362] - Script::uninstall(): is successfully!
 DEBUG root [0x00003394] [2019-07-12 15:01:07,362] - ThreadPool::destroy(): starting size 2.
  WARN root [0x00003394] [2019-07-12 15:01:07,664] - ThreadPool::destroy(): waiting for thread(2)[0x18a6588,0x18a5fd8,], try=1
  INFO root [0x00002024] [2019-07-12 15:01:44,016] - 
  INFO root [0x00002024] [2019-07-12 15:01:44,017] - -----------------------------------------------------------------------------------------


  INFO root [0x00002024] [2019-07-12 15:01:44,018] - Resmgr::initialize: KBE_ROOT=D:/kbengine/
  INFO root [0x00002024] [2019-07-12 15:01:44,018] - Resmgr::initialize: KBE_RES_PATH=D:/kbengine/kbe/res/;D:/kbengine/HappyPoker_assets/;D:/kbengine/HappyPoker_assets/scripts/;D:/kbengine/HappyPoker_assets/res/
  INFO root [0x00002024] [2019-07-12 15:01:44,019] - Resmgr::initialize: KBE_BIN_PATH=D:/kbengine/kbe/bin/server/
  INFO root [0x00002024] [2019-07-12 15:01:44,040] - NetworkInterface::initialize(INTERNAL-TCP): bound to all interfaces with default route interface on 192.168.56.1 ( 192.168.56.1:58218 )
  INFO root [0x00002024] [2019-07-12 15:01:44,040] - NetworkInterface::initialize(INTERNAL-TCP): address 192.168.56.1:58218, SOMAXCONN=5.
  INFO root [0x00002024] [2019-07-12 15:01:44,040] - server-configs:
  INFO root [0x00002024] [2019-07-12 15:01:44,040] - 	gameUpdateHertz : 10
  INFO root [0x00002024] [2019-07-12 15:01:44,041] - 	defaultViewRadius : 80
  INFO root [0x00002024] [2019-07-12 15:01:44,041] - 	defaultViewHysteresisArea : 5
  INFO root [0x00002024] [2019-07-12 15:01:44,041] - 	entryScriptFile : kbemain
  INFO root [0x00002024] [2019-07-12 15:01:44,041] - 	internalTcpAddr : 192.168.56.1:58218
  INFO root [0x00002024] [2019-07-12 15:01:44,041] - 	componentID : 8001
  WARN root [0x00002024] [2019-07-12 15:01:44,045] - invalid UID(0) <= 0, please check UID for environment! automatically set to 2082.
  INFO root [0x00002024] [2019-07-12 15:01:45,557] - ---- cellapp Version: 2.4.5. ScriptVersion: 0.1.0. Pythoncore: 3.7.3. Protocol: C9FCABE153AC3D64A8F240810ADA666D. Config: Debug X86. Built: 09:56:57 May  8 2019. AppID: 8001. UID: 2082. PID: 2540 ----
  INFO root [0x00002024] [2019-07-12 15:01:45,558] - Server error_name: Intel(R) Core(TM) i5-6300HQ CPU @ 2.30GHz with 2097151kB RAM
  INFO root [0x00002024] [2019-07-12 15:01:45,558] - ThreadPool::createThreadPool: creating  threadpool...
  INFO root [0x00002024] [2019-07-12 15:01:45,559] - ThreadPool::createThreadPool: successfully(2), newThreadCount=1, normalMaxThreadCount=2, maxThreadCount=8
  INFO root [0x00002024] [2019-07-12 15:01:45,760] - Script::install(): is successfully, Python=(3.7.3 (default, May  8 2019, 09:53:38) [MSC v.1916 32 bit (Intel)])!
  INFO root [0x00002024] [2019-07-12 15:01:45,761] - Script::install(): KBExtra is successfully!
  WARN root [0x00002024] [2019-07-12 15:01:45,901] - EntityDef::checkDefMethod: exposed of method: Account.leaveRoom, check the caller can use "def leaveRoom(self, callerID, ...)", such as: if callerID == self.id!
  WARN root [0x00002024] [2019-07-12 15:01:45,908] - EntityDef::checkDefMethod: exposed of method: Account.playerMakeLandlord, check the caller can use "def playerMakeLandlord(self, callerID, ...)", such as: if callerID == self.id!
  WARN root [0x00002024] [2019-07-12 15:01:45,908] - EntityDef::checkDefMethod: exposed of method: Account.setGameReady, check the caller can use "def setGameReady(self, callerID, ...)", such as: if callerID == self.id!
 DEBUG root [0x00002024] [2019-07-12 15:01:45,909] - loaded entity-script:Account(1).
  WARN root [0x00002024] [2019-07-12 15:01:45,911] - EntityDef::checkDefMethod: exposed of method: Room.playPoker, check the caller can use "def playPoker(self, callerID, ...)", such as: if callerID == self.id!
  WARN root [0x00002024] [2019-07-12 15:01:45,911] - EntityDef::checkDefMethod: exposed of method: Room.unPlayPoker, check the caller can use "def unPlayPoker(self, callerID, ...)", such as: if callerID == self.id!
 DEBUG root [0x00002024] [2019-07-12 15:01:45,911] - loaded entity-script:Room(3).
  INFO root [0x00002024] [2019-07-12 15:01:45,914] - TelnetServer server is running on port 50000
  INFO root [0x00002024] [2019-07-12 15:01:46,372] - ---- cellapp is running ----
 DEBUG root [0x00002024] [2019-07-12 15:01:46,373] - Components::process(): Request for the process of identity...
  WARN root [0x00002024] [2019-07-12 15:01:52,497] - EntityApp::checkTickPeriod: tick took 6125% (6.13 seconds)!
  WARN root [0x00002024] [2019-07-12 15:01:52,503] - TCPPacketReceiver::processPendingEvents(192.168.56.1:58229): Throwing REASON_GENERAL_NETWORK - WSAECONNABORTED
  INFO root [0x00002024] [2019-07-12 15:01:53,520] - Components::findComponents: find logger(1)...
  INFO root [0x00002024] [2019-07-12 15:01:53,528] - Components::findComponents: found logger, addr:192.168.56.1:58214
  INFO root [0x00002024] [2019-07-12 15:01:53,528] - Components::addComponent: reset orderLog, uid=2082!
  INFO root [0x00002024] [2019-07-12 15:01:53,528] - Components::addComponent[logger], uid=2082, componentID=2000, globalorderid=1, grouporderid=1, totalcount=1
  INFO root [0x00002024] [2019-07-12 15:01:53,530] - Components::findComponents: find dbmgr(2)...
  INFO root [0x00002024] [2019-07-12 15:01:53,632] - Components::findComponents: found dbmgr, addr:192.168.56.1:58219
  INFO root [0x00002024] [2019-07-12 15:01:53,633] - Components::addComponent: reset orderLog, uid=2082!
  INFO root [0x00002024] [2019-07-12 15:01:53,633] - Components::addComponent[dbmgr], uid=2082, componentID=4000, globalorderid=1, grouporderid=1, totalcount=1
  INFO root [0x00002024] [2019-07-12 15:01:53,633] - Components::findComponents: found dbmgr, addr:192.168.56.1:58219
  WARN root [0x00002024] [2019-07-12 15:01:54,633] - Forwarding logs to logger[192.168.56.1:58214/0/0/0]...
 ERROR root [0x00002024] [2019-07-12 15:02:39,449] - Components::removeComponentByChannel: logger : 2000, Abnormal exit(reason=TCPPacketReceiver::processRecv(): error=10054
)! Channel(timestamp=1360752994877, lastReceivedTime=1360695602449, inactivityExceptionPeriod=134887564)
  INFO root [0x00002024] [2019-07-12 15:02:39,455] - The following logs sent to logger failed:
  WARN root [0x00002024] [2019-07-12 15:02:39,456] - ==> [2019-07-12 15:02:39 447] TCPPacketReceiver::processPendingEvents(192.168.56.1:58214): Throwing REASON_GENERAL_NETWORK - WSAECONNRESET
 ERROR root [0x00002024] [2019-07-12 15:02:39,457] - ==> [2019-07-12 15:02:39 450] Components::removeComponentByChannel: logger : 2000, Abnormal exit(reason=TCPPacketReceiver::processRecv(): error=10054
)! Channel(timestamp=1360752994877, lastReceivedTime=1360695602449, inactivityExceptionPeriod=134887564)
  WARN root [0x00002024] [2019-07-12 15:02:39,541] - TCPPacketReceiver::processPendingEvents(192.168.56.1:58219): Throwing REASON_GENERAL_NETWORK - WSAECONNRESET
 ERROR root [0x00002024] [2019-07-12 15:02:39,543] - Components::removeComponentByChannel: dbmgr : 4000, Abnormal exit(reason=TCPPacketReceiver::processRecv(): error=10054
)! Channel(timestamp=1360753206070, lastReceivedTime=1360695966890, inactivityExceptionPeriod=134887564)
  INFO root [0x00002024] [2019-07-12 15:02:39,554] - Shutdowner::onShutdownBegin: shutting down(period=0, tickPeriod=1)
  INFO root [0x00002024] [2019-07-12 15:02:39,555] - Shutdowner::onShutdown: shutting down
  INFO root [0x00002024] [2019-07-12 15:02:39,556] - Shutdowner::onShutdownEnd: shutting down
 DEBUG root [0x00002024] [2019-07-12 15:02:39,557] - EntityRef::destroyObjPool(): size 0.
 DEBUG root [0x00002024] [2019-07-12 15:02:39,557] - Witness::destroyObjPool(): size 0.
  INFO root [0x00002024] [2019-07-12 15:02:39,590] - Script::uninstall(): is successfully!
 DEBUG root [0x00002024] [2019-07-12 15:02:39,590] - ThreadPool::destroy(): starting size 2.
  WARN root [0x00002024] [2019-07-12 15:02:39,892] - ThreadPool::destroy(): waiting for thread(2)[0x194c0a8,0x194c1e0,], try=1
