  INFO root [0x00002454] [2019-05-24 14:43:01,440] - 
  INFO root [0x00002454] [2019-05-24 14:43:01,440] - -----------------------------------------------------------------------------------------


  INFO root [0x00002454] [2019-05-24 14:43:01,441] - Resmgr::initialize: KBE_ROOT=D:/kbengine/
  INFO root [0x00002454] [2019-05-24 14:43:01,442] - Resmgr::initialize: KBE_RES_PATH=D:/kbengine/kbe/res/;D:/kbengine/HappyPoker_assets/;D:/kbengine/HappyPoker_assets/scripts/;D:/kbengine/HappyPoker_assets/res/
  INFO root [0x00002454] [2019-05-24 14:43:01,442] - Resmgr::initialize: KBE_BIN_PATH=D:/kbengine/kbe/bin/server/
  INFO root [0x00002454] [2019-05-24 14:43:01,454] - NetworkInterface::initialize(INTERNAL-TCP): bound to all interfaces with default route interface on 192.168.56.1 ( 192.168.56.1:56805 )
  INFO root [0x00002454] [2019-05-24 14:43:01,454] - NetworkInterface::initialize(INTERNAL-TCP): address 192.168.56.1:56805, SOMAXCONN=5.
  INFO root [0x00002454] [2019-05-24 14:43:01,455] - server-configs:
  INFO root [0x00002454] [2019-05-24 14:43:01,455] - 	gameUpdateHertz : 10
  INFO root [0x00002454] [2019-05-24 14:43:01,455] - 	defaultViewRadius : 80
  INFO root [0x00002454] [2019-05-24 14:43:01,455] - 	defaultViewHysteresisArea : 5
  INFO root [0x00002454] [2019-05-24 14:43:01,455] - 	entryScriptFile : kbemain
  INFO root [0x00002454] [2019-05-24 14:43:01,455] - 	internalTcpAddr : 192.168.56.1:56805
  INFO root [0x00002454] [2019-05-24 14:43:01,455] - 	componentID : 8001
  WARN root [0x00002454] [2019-05-24 14:43:01,456] - invalid UID(0) <= 0, please check UID for environment! automatically set to 3960.
  INFO root [0x00002454] [2019-05-24 14:43:01,467] - Components::findLogger: found logger, addr:192.168.56.1:56784
  INFO root [0x00002454] [2019-05-24 14:43:01,467] - Components::addComponent: reset orderLog, uid=3960!
  INFO root [0x00002454] [2019-05-24 14:43:01,468] - Components::addComponent[logger], uid=3960, componentID=2000, globalorderid=1, grouporderid=1, totalcount=1
  INFO root [0x00002454] [2019-05-24 14:43:01,473] - ---- cellapp Version: 2.4.5. ScriptVersion: 0.1.0. Pythoncore: 3.7.3. Protocol: C9FCABE153AC3D64A8F240810ADA666D. Config: Debug X86. Built: 09:56:57 May  8 2019. AppID: 8001. UID: 3960. PID: 9440 ----
  INFO root [0x00002454] [2019-05-24 14:43:01,473] - Server error_name: Intel(R) Core(TM) i5-6300HQ CPU @ 2.30GHz with 2097151kB RAM
  INFO root [0x00002454] [2019-05-24 14:43:01,474] - ThreadPool::createThreadPool: creating  threadpool...
  INFO root [0x00002454] [2019-05-24 14:43:01,474] - ThreadPool::createThreadPool: successfully(2), newThreadCount=1, normalMaxThreadCount=2, maxThreadCount=8
  INFO root [0x00002454] [2019-05-24 14:43:01,677] - Script::install(): is successfully, Python=(3.7.3 (default, May  8 2019, 09:53:38) [MSC v.1916 32 bit (Intel)])!
  INFO root [0x00002454] [2019-05-24 14:43:01,677] - Script::install(): KBExtra is successfully!
  WARN root [0x00002454] [2019-05-24 14:43:01,789] - EntityDef::checkDefMethod: exposed of method: Account.playerMakeLandlord, check the caller can use "def playerMakeLandlord(self, callerID, ...)", such as: if callerID == self.id!
  WARN root [0x00002454] [2019-05-24 14:43:01,789] - EntityDef::checkDefMethod: exposed of method: Account.setGameReady, check the caller can use "def setGameReady(self, callerID, ...)", such as: if callerID == self.id!
 DEBUG root [0x00002454] [2019-05-24 14:43:01,789] - loaded entity-script:Account(1).
 DEBUG root [0x00002454] [2019-05-24 14:43:01,791] - loaded entity-script:Room(3).
  INFO root [0x00002454] [2019-05-24 14:43:01,792] - TelnetServer server is running on port 50000
  INFO root [0x00002454] [2019-05-24 14:43:02,219] - ---- cellapp is running ----
 DEBUG root [0x00002454] [2019-05-24 14:43:02,220] - Components::process(): Request for the process of identity...
  WARN root [0x00002454] [2019-05-24 14:43:08,357] - Forwarding logs to logger[192.168.56.1:56784/0/0/0]...
 ERROR root [0x00002454] [2019-05-24 14:53:14,324] - Components::removeComponentByChannel: logger : 2000, Abnormal exit(reason=TCPPacketReceiver::processRecv(): error=10054
)! Channel(timestamp=1337743094989, lastReceivedTime=1337716155350, inactivityExceptionPeriod=134887676)
  INFO root [0x00002454] [2019-05-24 14:53:14,328] - The following logs sent to logger failed:
  WARN root [0x00002454] [2019-05-24 14:53:14,328] - ==> [2019-05-24 14:53:14 324] TCPPacketReceiver::processPendingEvents(192.168.56.1:56784): Throwing REASON_GENERAL_NETWORK - WSAECONNRESET
 ERROR root [0x00002454] [2019-05-24 14:53:14,328] - ==> [2019-05-24 14:53:14 325] Components::removeComponentByChannel: logger : 2000, Abnormal exit(reason=TCPPacketReceiver::processRecv(): error=10054
)! Channel(timestamp=1337743094989, lastReceivedTime=1337716155350, inactivityExceptionPeriod=134887676)
  WARN root [0x00002454] [2019-05-24 14:53:14,375] - TCPPacketReceiver::processPendingEvents(192.168.56.1:56785): Throwing REASON_GENERAL_NETWORK - WSAECONNRESET
 ERROR root [0x00002454] [2019-05-24 14:53:14,375] - Components::removeComponentByChannel: dbmgr : 4000, Abnormal exit(reason=TCPPacketReceiver::processRecv(): error=10054
)! Channel(timestamp=1337743210370, lastReceivedTime=1337691758415, inactivityExceptionPeriod=134887676)
  INFO root [0x00002454] [2019-05-24 14:53:14,379] - Shutdowner::onShutdownBegin: shutting down(period=0, tickPeriod=1)
  INFO root [0x00002454] [2019-05-24 14:53:14,383] - Shutdowner::onShutdown: shutting down
  INFO root [0x00002454] [2019-05-24 14:53:14,386] - Spaces::destroySpace: 1.
  INFO root [0x00002454] [2019-05-24 14:53:14,386] - Shutdowner::onShutdownEnd: shutting down
 DEBUG root [0x00002454] [2019-05-24 14:53:14,386] - Account::~Account(): 2
 DEBUG root [0x00002454] [2019-05-24 14:53:14,386] - Account::~Account(): 4
 DEBUG root [0x00002454] [2019-05-24 14:53:14,387] - Account::~Account(): 5
 DEBUG root [0x00002454] [2019-05-24 14:53:14,387] - EntityRef::destroyObjPool(): size 16.
 DEBUG root [0x00002454] [2019-05-24 14:53:14,387] - Witness::destroyObjPool(): size 16.
 DEBUG root [0x00002454] [2019-05-24 14:53:14,398] - Room::~Room(): 3
  INFO root [0x00002454] [2019-05-24 14:53:14,412] - Script::uninstall(): is successfully!
 DEBUG root [0x00002454] [2019-05-24 14:53:14,412] - ThreadPool::destroy(): starting size 2.
  WARN root [0x00002454] [2019-05-24 14:53:14,713] - ThreadPool::destroy(): waiting for thread(2)[0x2c0740,0x2c0468,], try=1
  INFO root [0x000020d8] [2019-05-24 14:53:16,087] - 
  INFO root [0x000020d8] [2019-05-24 14:53:16,087] - -----------------------------------------------------------------------------------------


  INFO root [0x000020d8] [2019-05-24 14:53:16,088] - Resmgr::initialize: KBE_ROOT=D:/kbengine/
  INFO root [0x000020d8] [2019-05-24 14:53:16,089] - Resmgr::initialize: KBE_RES_PATH=D:/kbengine/kbe/res/;D:/kbengine/HappyPoker_assets/;D:/kbengine/HappyPoker_assets/scripts/;D:/kbengine/HappyPoker_assets/res/
  INFO root [0x000020d8] [2019-05-24 14:53:16,089] - Resmgr::initialize: KBE_BIN_PATH=D:/kbengine/kbe/bin/server/
  INFO root [0x000020d8] [2019-05-24 14:53:16,109] - NetworkInterface::initialize(INTERNAL-TCP): bound to all interfaces with default route interface on 192.168.56.1 ( 192.168.56.1:56919 )
  INFO root [0x000020d8] [2019-05-24 14:53:16,109] - NetworkInterface::initialize(INTERNAL-TCP): address 192.168.56.1:56919, SOMAXCONN=5.
  INFO root [0x000020d8] [2019-05-24 14:53:16,109] - server-configs:
  INFO root [0x000020d8] [2019-05-24 14:53:16,115] - 	gameUpdateHertz : 10
  INFO root [0x000020d8] [2019-05-24 14:53:16,115] - 	defaultViewRadius : 80
  INFO root [0x000020d8] [2019-05-24 14:53:16,115] - 	defaultViewHysteresisArea : 5
  INFO root [0x000020d8] [2019-05-24 14:53:16,115] - 	entryScriptFile : kbemain
  INFO root [0x000020d8] [2019-05-24 14:53:16,116] - 	internalTcpAddr : 192.168.56.1:56919
  INFO root [0x000020d8] [2019-05-24 14:53:16,116] - 	componentID : 8001
  WARN root [0x000020d8] [2019-05-24 14:53:16,123] - invalid UID(0) <= 0, please check UID for environment! automatically set to 3960.
  INFO root [0x000020d8] [2019-05-24 14:53:17,639] - ---- cellapp Version: 2.4.5. ScriptVersion: 0.1.0. Pythoncore: 3.7.3. Protocol: C9FCABE153AC3D64A8F240810ADA666D. Config: Debug X86. Built: 09:56:57 May  8 2019. AppID: 8001. UID: 3960. PID: 16780 ----
  INFO root [0x000020d8] [2019-05-24 14:53:17,640] - Server error_name: Intel(R) Core(TM) i5-6300HQ CPU @ 2.30GHz with 2097151kB RAM
  INFO root [0x000020d8] [2019-05-24 14:53:17,640] - ThreadPool::createThreadPool: creating  threadpool...
  INFO root [0x000020d8] [2019-05-24 14:53:17,641] - ThreadPool::createThreadPool: successfully(2), newThreadCount=1, normalMaxThreadCount=2, maxThreadCount=8
  INFO root [0x000020d8] [2019-05-24 14:53:17,841] - Script::install(): is successfully, Python=(3.7.3 (default, May  8 2019, 09:53:38) [MSC v.1916 32 bit (Intel)])!
  INFO root [0x000020d8] [2019-05-24 14:53:17,841] - Script::install(): KBExtra is successfully!
  WARN root [0x000020d8] [2019-05-24 14:53:17,956] - EntityDef::checkDefMethod: exposed of method: Account.playerMakeLandlord, check the caller can use "def playerMakeLandlord(self, callerID, ...)", such as: if callerID == self.id!
  WARN root [0x000020d8] [2019-05-24 14:53:17,957] - EntityDef::checkDefMethod: exposed of method: Account.setGameReady, check the caller can use "def setGameReady(self, callerID, ...)", such as: if callerID == self.id!
 DEBUG root [0x000020d8] [2019-05-24 14:53:17,957] - loaded entity-script:Account(1).
 DEBUG root [0x000020d8] [2019-05-24 14:53:17,959] - loaded entity-script:Room(3).
  INFO root [0x000020d8] [2019-05-24 14:53:17,959] - TelnetServer server is running on port 50000
  INFO root [0x000020d8] [2019-05-24 14:53:18,387] - ---- cellapp is running ----
 DEBUG root [0x000020d8] [2019-05-24 14:53:18,388] - Components::process(): Request for the process of identity...
  WARN root [0x000020d8] [2019-05-24 14:53:24,507] - EntityApp::checkTickPeriod: tick took 6119% (6.12 seconds)!
  INFO root [0x000020d8] [2019-05-24 14:53:25,588] - Components::findComponents: find logger(1)...
  INFO root [0x000020d8] [2019-05-24 14:53:25,602] - Components::findComponents: found logger, addr:192.168.56.1:56916
  INFO root [0x000020d8] [2019-05-24 14:53:25,602] - Components::addComponent: reset orderLog, uid=3960!
  INFO root [0x000020d8] [2019-05-24 14:53:25,602] - Components::addComponent[logger], uid=3960, componentID=2000, globalorderid=1, grouporderid=1, totalcount=1
  INFO root [0x000020d8] [2019-05-24 14:53:25,604] - Components::findComponents: find dbmgr(2)...
  INFO root [0x000020d8] [2019-05-24 14:53:25,707] - Components::findComponents: found dbmgr, addr:192.168.56.1:56918
  INFO root [0x000020d8] [2019-05-24 14:53:25,708] - Components::addComponent: reset orderLog, uid=3960!
  INFO root [0x000020d8] [2019-05-24 14:53:25,708] - Components::addComponent[dbmgr], uid=3960, componentID=4000, globalorderid=1, grouporderid=1, totalcount=1
  INFO root [0x000020d8] [2019-05-24 14:53:25,708] - Components::findComponents: found dbmgr, addr:192.168.56.1:56918
  WARN root [0x000020d8] [2019-05-24 14:53:26,709] - EntityApp::checkTickPeriod: tick took 1221% (1.22 seconds)!
  WARN root [0x000020d8] [2019-05-24 14:53:26,710] - Forwarding logs to logger[192.168.56.1:56916/0/0/0]...
 ERROR root [0x000020d8] [2019-05-24 14:58:32,297] - Components::removeComponentByChannel: logger : 2000, Abnormal exit(reason=TCPPacketReceiver::processRecv(): error=10054
)! Channel(timestamp=1338458535737, lastReceivedTime=1338421846909, inactivityExceptionPeriod=134887676)
  INFO root [0x000020d8] [2019-05-24 14:58:32,301] - The following logs sent to logger failed:
  WARN root [0x000020d8] [2019-05-24 14:58:32,302] - ==> [2019-05-24 14:58:32 294] TCPPacketReceiver::processPendingEvents(192.168.56.1:56916): Throwing REASON_GENERAL_NETWORK - WSAECONNRESET
 ERROR root [0x000020d8] [2019-05-24 14:58:32,302] - ==> [2019-05-24 14:58:32 298] Components::removeComponentByChannel: logger : 2000, Abnormal exit(reason=TCPPacketReceiver::processRecv(): error=10054
)! Channel(timestamp=1338458535737, lastReceivedTime=1338421846909, inactivityExceptionPeriod=134887676)
  WARN root [0x000020d8] [2019-05-24 14:58:32,359] - TCPPacketReceiver::processPendingEvents(192.168.56.1:56918): Throwing REASON_GENERAL_NETWORK - WSAECONNRESET
 ERROR root [0x000020d8] [2019-05-24 14:58:32,361] - Components::removeComponentByChannel: dbmgr : 4000, Abnormal exit(reason=TCPPacketReceiver::processRecv(): error=10054
)! Channel(timestamp=1338458678171, lastReceivedTime=1338421989703, inactivityExceptionPeriod=134887676)
  INFO root [0x000020d8] [2019-05-24 14:58:32,372] - Shutdowner::onShutdownBegin: shutting down(period=0, tickPeriod=1)
  INFO root [0x000020d8] [2019-05-24 14:58:32,376] - Shutdowner::onShutdown: shutting down
  INFO root [0x000020d8] [2019-05-24 14:58:32,380] - Spaces::destroySpace: 1.
  INFO root [0x000020d8] [2019-05-24 14:58:32,381] - Shutdowner::onShutdownEnd: shutting down
 DEBUG root [0x000020d8] [2019-05-24 14:58:32,382] - Account::~Account(): 2
 DEBUG root [0x000020d8] [2019-05-24 14:58:32,383] - Account::~Account(): 4
 DEBUG root [0x000020d8] [2019-05-24 14:58:32,384] - Account::~Account(): 5
 DEBUG root [0x000020d8] [2019-05-24 14:58:32,385] - EntityRef::destroyObjPool(): size 16.
 DEBUG root [0x000020d8] [2019-05-24 14:58:32,385] - Witness::destroyObjPool(): size 16.
 DEBUG root [0x000020d8] [2019-05-24 14:58:32,398] - Room::~Room(): 3
  INFO root [0x000020d8] [2019-05-24 14:58:32,416] - Script::uninstall(): is successfully!
 DEBUG root [0x000020d8] [2019-05-24 14:58:32,416] - ThreadPool::destroy(): starting size 2.
  WARN root [0x000020d8] [2019-05-24 14:58:32,717] - ThreadPool::destroy(): waiting for thread(2)[0x8b5208,0x8b52d8,], try=1
