  INFO root [0x00000a60] [2019-10-08 09:14:42,737] - 
  INFO root [0x00000a60] [2019-10-08 09:14:42,738] - -----------------------------------------------------------------------------------------


  INFO root [0x00000a60] [2019-10-08 09:14:42,765] - Resmgr::initialize: KBE_ROOT=D:/kbengine/
  INFO root [0x00000a60] [2019-10-08 09:14:42,765] - Resmgr::initialize: KBE_RES_PATH=D:/kbengine/kbe/res/;D:/kbengine/HappyPoker_assets/;D:/kbengine/HappyPoker_assets/scripts/;D:/kbengine/HappyPoker_assets/res/
  INFO root [0x00000a60] [2019-10-08 09:14:42,765] - Resmgr::initialize: KBE_BIN_PATH=D:/kbengine/kbe/bin/server/
  INFO root [0x00000a60] [2019-10-08 09:14:42,803] - NetworkInterface::initialize(INTERNAL-TCP): bound to all interfaces with default route interface on 192.168.43.114 ( 192.168.43.114:53309 )
  INFO root [0x00000a60] [2019-10-08 09:14:42,803] - NetworkInterface::initialize(INTERNAL-TCP): address 192.168.43.114:53309, SOMAXCONN=5.
  INFO root [0x00000a60] [2019-10-08 09:14:42,803] - server-configs:
  INFO root [0x00000a60] [2019-10-08 09:14:42,803] - 	gameUpdateHertz : 10
  INFO root [0x00000a60] [2019-10-08 09:14:42,803] - 	defaultViewRadius : 80
  INFO root [0x00000a60] [2019-10-08 09:14:42,803] - 	defaultViewHysteresisArea : 5
  INFO root [0x00000a60] [2019-10-08 09:14:42,803] - 	entryScriptFile : kbemain
  INFO root [0x00000a60] [2019-10-08 09:14:42,803] - 	internalTcpAddr : 192.168.43.114:53309
  INFO root [0x00000a60] [2019-10-08 09:14:42,803] - 	componentID : 8001
  WARN root [0x00000a60] [2019-10-08 09:14:42,813] - invalid UID(0) <= 0, please check UID for environment! automatically set to 41181.
  INFO root [0x00000a60] [2019-10-08 09:14:42,918] - Components::findLogger: found logger, addr:192.168.43.114:53267
  INFO root [0x00000a60] [2019-10-08 09:14:42,918] - Components::addComponent: reset orderLog, uid=41181!
  INFO root [0x00000a60] [2019-10-08 09:14:42,934] - Components::addComponent[logger], uid=41181, componentID=2000, globalorderid=1, grouporderid=1, totalcount=1
  INFO root [0x00000a60] [2019-10-08 09:14:42,939] - ---- cellapp Version: 2.4.5. ScriptVersion: 0.1.0. Pythoncore: 3.7.3. Protocol: C9FCABE153AC3D64A8F240810ADA666D. Config: Debug X86. Built: 09:56:57 May  8 2019. AppID: 8001. UID: 41181. PID: 8332 ----
  INFO root [0x00000a60] [2019-10-08 09:14:42,940] - Server error_name: Intel(R) Core(TM) i5-6300HQ CPU @ 2.30GHz with 2097151kB RAM
  INFO root [0x00000a60] [2019-10-08 09:14:42,944] - ThreadPool::createThreadPool: creating  threadpool...
  INFO root [0x00000a60] [2019-10-08 09:14:42,945] - ThreadPool::createThreadPool: successfully(2), newThreadCount=1, normalMaxThreadCount=2, maxThreadCount=8
  INFO root [0x00000a60] [2019-10-08 09:14:43,169] - Script::install(): is successfully, Python=(3.7.3 (default, May  8 2019, 09:53:38) [MSC v.1916 32 bit (Intel)])!
  INFO root [0x00000a60] [2019-10-08 09:14:43,170] - Script::install(): KBExtra is successfully!
  WARN root [0x00000a60] [2019-10-08 09:14:43,336] - EntityDef::checkDefMethod: exposed of method: Account.leaveRoom, check the caller can use "def leaveRoom(self, callerID, ...)", such as: if callerID == self.id!
  WARN root [0x00000a60] [2019-10-08 09:14:43,336] - EntityDef::checkDefMethod: exposed of method: Account.playerMakeLandlord, check the caller can use "def playerMakeLandlord(self, callerID, ...)", such as: if callerID == self.id!
  WARN root [0x00000a60] [2019-10-08 09:14:43,337] - EntityDef::checkDefMethod: exposed of method: Account.setGameReady, check the caller can use "def setGameReady(self, callerID, ...)", such as: if callerID == self.id!
  WARN root [0x00000a60] [2019-10-08 09:14:43,337] - EntityDef::checkDefMethod: exposed of method: Account.stayRoom, check the caller can use "def stayRoom(self, callerID, ...)", such as: if callerID == self.id!
 DEBUG root [0x00000a60] [2019-10-08 09:14:43,338] - loaded entity-script:Account(1).
  WARN root [0x00000a60] [2019-10-08 09:14:43,339] - EntityDef::checkDefMethod: exposed of method: Room.playPoker, check the caller can use "def playPoker(self, callerID, ...)", such as: if callerID == self.id!
  WARN root [0x00000a60] [2019-10-08 09:14:43,340] - EntityDef::checkDefMethod: exposed of method: Room.unPlayPoker, check the caller can use "def unPlayPoker(self, callerID, ...)", such as: if callerID == self.id!
 DEBUG root [0x00000a60] [2019-10-08 09:14:43,340] - loaded entity-script:Room(3).
  INFO root [0x00000a60] [2019-10-08 09:14:43,385] - TelnetServer server is running on port 50000
  INFO root [0x00000a60] [2019-10-08 09:14:43,936] - ---- cellapp is running ----
 DEBUG root [0x00000a60] [2019-10-08 09:14:43,937] - Components::process(): Request for the process of identity...
  WARN root [0x00000a60] [2019-10-08 09:14:50,103] - Forwarding logs to logger[192.168.43.114:53267/0/0/0]...
 ERROR root [0x00000a60] [2019-10-08 09:18:09,653] - Components::removeComponentByChannel: dbmgr : 4000, Abnormal exit(reason=TCPPacketReceiver::processRecv(): error=10054
)! Channel(timestamp=584232123437, lastReceivedTime=584016547448, inactivityExceptionPeriod=599499745)
