  INFO root [2019-05-24 14:42:21,503] - 
  INFO root [2019-05-24 14:42:21,503] - -----------------------------------------------------------------------------------------


  INFO root [2019-05-24 14:42:21,504] - Resmgr::initialize: KBE_ROOT=D:/kbengine/
  INFO root [2019-05-24 14:42:21,505] - Resmgr::initialize: KBE_RES_PATH=D:/kbengine/kbe/res/;D:/kbengine/HappyPoker_assets/;D:/kbengine/HappyPoker_assets/scripts/;D:/kbengine/HappyPoker_assets/res/
  INFO root [2019-05-24 14:42:21,505] - Resmgr::initialize: KBE_BIN_PATH=D:/kbengine/kbe/bin/server/
  INFO root [2019-05-24 14:42:21,516] - NetworkInterface::initialize(INTERNAL-TCP): bound to all interfaces with default route interface on 192.168.56.1 ( 192.168.56.1:56785 )
  INFO root [2019-05-24 14:42:21,517] - NetworkInterface::initialize(INTERNAL-TCP): address 192.168.56.1:56785, SOMAXCONN=5.
  INFO root [2019-05-24 14:42:21,517] - server-configs:
  INFO root [2019-05-24 14:42:21,517] - 	internalTcpAddr : 192.168.56.1:56785
  INFO root [2019-05-24 14:42:21,517] - 	componentID : 4000
  WARN root [2019-05-24 14:42:21,518] - invalid UID(0) <= 0, please check UID for environment! automatically set to 3960.
  INFO root [2019-05-24 14:42:21,605] - Components::findLogger: found logger, addr:192.168.56.1:56784
  INFO root [2019-05-24 14:42:21,605] - Components::addComponent: reset orderLog, uid=3960!
  INFO root [2019-05-24 14:42:21,605] - Components::addComponent[logger], uid=3960, componentID=2000, globalorderid=1, grouporderid=1, totalcount=1
  INFO root [2019-05-24 14:42:21,610] - ---- dbmgr Version: 2.4.5. ScriptVersion: 0.1.0. Pythoncore: 3.7.3. Protocol: 11178A1C367680938C8E416B64844ACD. Config: Debug X86. Built: 09:55:16 May  8 2019. AppID: 4000. UID: 3960. PID: 9584 ----
  INFO root [2019-05-24 14:42:21,611] - Server error_name: Intel(R) Core(TM) i5-6300HQ CPU @ 2.30GHz with 2097151kB RAM
  INFO root [2019-05-24 14:42:21,611] - ThreadPool::createThreadPool: creating  threadpool...
  INFO root [2019-05-24 14:42:21,611] - ThreadPool::createThreadPool: successfully(2), newThreadCount=1, normalMaxThreadCount=2, maxThreadCount=8
  INFO root [2019-05-24 14:42:21,817] - Script::install(): is successfully, Python=(3.7.3 (default, May  8 2019, 09:53:38) [MSC v.1916 32 bit (Intel)])!
  INFO root [2019-05-24 14:42:21,817] - Script::install(): KBExtra is successfully!
  INFO root [2019-05-24 14:42:22,056] - Dbmgr::initializeEnd: digest(2C74E778B8FA1A5BE3F8033147922F39)
S_INFO root [2019-05-24 14:42:22,056] - onDBMgrReady: bootstrapGroupIndex=0, bootstrapGlobalIndex=0
  INFO root [2019-05-24 14:42:22,056] - TelnetServer server is running on port 32000
  INFO root [2019-05-24 14:42:22,057] - Dbmgr::initInterfacesHandler: interfaces addr(127.0.0.1:30099), accountType:(interfaces), chargeType:(interfaces).
  WARN root [2019-05-24 14:42:22,305] - DBUtil::initialize: db(default) password is not encrypted!
please use password(rsa):
18ADA3EF9C7F843907FE4A30D9D9F6CD52BDEB2F914CEA7F171195F69A145F80D8691D1DE4F091E3AA3E903730E679F6E091D62928F3B7AD5AD9B86862B7672B2BCA17C9537D98532615DDB7768D49D37B9D009B7887B09435573E159FABC133A6B45980128F3305428E5FE185C25AC23D901A19B8FEA8D6A9FE506635B118B6
 DEBUG root [2019-05-24 14:42:22,313] - DBInterfaceMysql::attach: connect: localhost:3306 starting...
 DEBUG root [2019-05-24 14:42:22,497] - DBInterfaceMysql::attach: successfully! addr: localhost:3306
  INFO root [2019-05-24 14:42:22,498] - DBUtil::createInterface[0x4fecc0]: interface=default, dbtype=mysql, ip=localhost, port=3306, currdatabase=kbe, username=kbe, connected=yes.

  INFO root [2019-05-24 14:42:22,498] - ThreadPool::createThreadPool: creating  threadpool...
  INFO root [2019-05-24 14:42:22,498] - ThreadPool::createThreadPool: successfully(5), newThreadCount=5, normalMaxThreadCount=5, maxThreadCount=5
 DEBUG root [2019-05-24 14:42:22,499] - DBInterfaceMysql::attach: connect: localhost:3306 starting...
 DEBUG root [2019-05-24 14:42:22,499] - DBInterfaceMysql::attach: connect: localhost:3306 starting...
 DEBUG root [2019-05-24 14:42:22,499] - DBInterfaceMysql::attach: connect: localhost:3306 starting...
 DEBUG root [2019-05-24 14:42:22,515] - DBInterfaceMysql::attach: connect: localhost:3306 starting...
 DEBUG root [2019-05-24 14:42:22,515] - DBInterfaceMysql::attach: connect: localhost:3306 starting...
 DEBUG root [2019-05-24 14:42:22,611] - DBInterfaceMysql::attach: successfully! addr: localhost:3306
 DEBUG root [2019-05-24 14:42:22,611] - DBThread::onStart(): 0x1b65548!
 DEBUG root [2019-05-24 14:42:22,839] - DBInterfaceMysql::attach: successfully! addr: localhost:3306
 DEBUG root [2019-05-24 14:42:22,839] - DBThread::onStart(): 0x1b65768!
 DEBUG root [2019-05-24 14:42:22,936] - DBInterfaceMysql::attach: successfully! addr: localhost:3306
 DEBUG root [2019-05-24 14:42:22,936] - DBThread::onStart(): 0x1b654c0!
  INFO root [2019-05-24 14:42:22,937] - DBInterfaceMysql::query: successfully!
 DEBUG root [2019-05-24 14:42:23,002] - DBInterfaceMysql::attach: successfully! addr: localhost:3306
 DEBUG root [2019-05-24 14:42:23,003] - DBThread::onStart(): 0x1b65d40!
 DEBUG root [2019-05-24 14:42:23,160] - DBInterfaceMysql::attach: successfully! addr: localhost:3306
 DEBUG root [2019-05-24 14:42:23,161] - DBThread::onStart(): 0x1b65658!
  INFO root [2019-05-24 14:42:23,277] - DBInterfaceMysql::query: successfully!
  INFO root [2019-05-24 14:42:23,294] - DBInterfaceMysql::query: successfully!
  INFO root [2019-05-24 14:42:23,294] - DBInterfaceMysql::query: successfully!
  WARN root [2019-05-24 14:42:23,295] - DBTask::process(): took 0.36 seconds
sql:(CREATE TABLE IF NOT EXISTS kbe_accountinfos (`accountName` varchar(128) not null, PRIMARY KEY idKey (`accountName`),`password` varchar(255) not null,`bindata` blob,`email` varchar(191) not null, UNIQUE KEY `email` (`email`),`entityDBID` bigint(20) unsigned not null DEFAULT 0, UNIQUE KEY `entityDBID` (`entityDBID`),`flags` int unsigned not null DEFAULT 0,`deadline` bigint(20) not null DEFAULT 0,`regtime` bigint(20) not null DEFAULT 0,`lasttime` bigint(20) not null DEFAULT 0,`numlogin` int unsigned not null DEFAULT 0)ENGINE=InnoDB)
  INFO root [2019-05-24 14:42:23,295] - DBInterfaceMysql::query: successfully!
  INFO root [2019-05-24 14:42:23,369] - DBInterfaceMysql::query: successfully!
  INFO root [2019-05-24 14:42:23,370] - DBInterfaceMysql::query: successfully!
  INFO root [2019-05-24 14:42:23,370] - DBInterfaceMysql::query: successfully!
  WARN root [2019-05-24 14:42:23,370] - DBTask::process(): took 0.37 seconds
sql:(delete from kbe_email_verification where logtime<1558676543 and type=3)
  WARN root [2019-05-24 14:42:23,477] - DBTask::process(): took 0.54 seconds
sql:(insert into kbe_serverlog (heartbeatTime, serverGroupID) values(1558680143,3960) ON DUPLICATE KEY UPDATE heartbeatTime=1558680143)
  WARN root [2019-05-24 14:42:23,608] - DBTask::process(): took 0.24 seconds
sql:(show index from tbl_Hall)
  WARN root [2019-05-24 14:42:23,608] - DBTask::process(): took 0.31 seconds
sql:(show index from tbl_Room)
  WARN root [2019-05-24 14:42:23,608] - DBTask::process(): took 0.45 seconds
sql:(show index from tbl_Account)
  INFO root [2019-05-24 14:42:23,644] - DBInterfaceMysql::query: successfully!
  WARN root [2019-05-24 14:42:23,645] - DBTask::process(): took 0.71 seconds
sql:(select distinct(serverGroupID) from kbe_entitylog)
  WARN root [2019-05-24 14:42:23,663] - d:\kbengine\kbe\src\server\dbmgr\dbmgr.cpp:306: Profile scriptCall took 1.61 seconds
  INFO root [2019-05-24 14:42:24,055] - ---- dbmgr is running ----
 DEBUG root [2019-05-24 14:42:24,056] - Components::process(): Request for the process of identity...
  WARN root [2019-05-24 14:42:30,161] - Forwarding logs to logger[192.168.56.1:56784/0/0/0]...
 ERROR root [2019-05-24 14:53:14,323] - Components::removeComponentByChannel: logger : 2000, Abnormal exit(reason=TCPPacketReceiver::processRecv(): error=10054
)! Channel(timestamp=1337743093713, lastReceivedTime=1337716154990, inactivityExceptionPeriod=134885166)
  INFO root [2019-05-24 14:53:14,326] - The following logs sent to logger failed:
  WARN root [2019-05-24 14:53:14,326] - ==> [2019-05-24 14:53:14 323] TCPPacketReceiver::processPendingEvents(192.168.56.1:56784): Throwing REASON_GENERAL_NETWORK - WSAECONNRESET
 ERROR root [2019-05-24 14:53:14,326] - ==> [2019-05-24 14:53:14 324] Components::removeComponentByChannel: logger : 2000, Abnormal exit(reason=TCPPacketReceiver::processRecv(): error=10054
)! Channel(timestamp=1337743093713, lastReceivedTime=1337716154990, inactivityExceptionPeriod=134885166)
  INFO root [2019-05-24 14:53:16,043] - 
  INFO root [2019-05-24 14:53:16,043] - -----------------------------------------------------------------------------------------


  INFO root [2019-05-24 14:53:16,045] - Resmgr::initialize: KBE_ROOT=D:/kbengine/
  INFO root [2019-05-24 14:53:16,045] - Resmgr::initialize: KBE_RES_PATH=D:/kbengine/kbe/res/;D:/kbengine/HappyPoker_assets/;D:/kbengine/HappyPoker_assets/scripts/;D:/kbengine/HappyPoker_assets/res/
  INFO root [2019-05-24 14:53:16,045] - Resmgr::initialize: KBE_BIN_PATH=D:/kbengine/kbe/bin/server/
  INFO root [2019-05-24 14:53:16,057] - NetworkInterface::initialize(INTERNAL-TCP): bound to all interfaces with default route interface on 192.168.56.1 ( 192.168.56.1:56918 )
  INFO root [2019-05-24 14:53:16,057] - NetworkInterface::initialize(INTERNAL-TCP): address 192.168.56.1:56918, SOMAXCONN=5.
  INFO root [2019-05-24 14:53:16,057] - server-configs:
  INFO root [2019-05-24 14:53:16,058] - 	internalTcpAddr : 192.168.56.1:56918
  INFO root [2019-05-24 14:53:16,058] - 	componentID : 4000
  WARN root [2019-05-24 14:53:16,058] - invalid UID(0) <= 0, please check UID for environment! automatically set to 3960.
  INFO root [2019-05-24 14:53:17,565] - ---- dbmgr Version: 2.4.5. ScriptVersion: 0.1.0. Pythoncore: 3.7.3. Protocol: 11178A1C367680938C8E416B64844ACD. Config: Debug X86. Built: 09:55:16 May  8 2019. AppID: 4000. UID: 3960. PID: 9808 ----
  INFO root [2019-05-24 14:53:17,566] - Server error_name: Intel(R) Core(TM) i5-6300HQ CPU @ 2.30GHz with 2097151kB RAM
  INFO root [2019-05-24 14:53:17,566] - ThreadPool::createThreadPool: creating  threadpool...
  INFO root [2019-05-24 14:53:17,567] - ThreadPool::createThreadPool: successfully(2), newThreadCount=1, normalMaxThreadCount=2, maxThreadCount=8
  INFO root [2019-05-24 14:53:17,765] - Script::install(): is successfully, Python=(3.7.3 (default, May  8 2019, 09:53:38) [MSC v.1916 32 bit (Intel)])!
  INFO root [2019-05-24 14:53:17,765] - Script::install(): KBExtra is successfully!
  INFO root [2019-05-24 14:53:17,891] - Dbmgr::initializeEnd: digest(2C74E778B8FA1A5BE3F8033147922F39)
S_INFO root [2019-05-24 14:53:17,892] - onDBMgrReady: bootstrapGroupIndex=0, bootstrapGlobalIndex=0
  INFO root [2019-05-24 14:53:17,892] - TelnetServer server is running on port 32000
  INFO root [2019-05-24 14:53:17,893] - Dbmgr::initInterfacesHandler: interfaces addr(127.0.0.1:30099), accountType:(interfaces), chargeType:(interfaces).
  WARN root [2019-05-24 14:53:18,126] - DBUtil::initialize: db(default) password is not encrypted!
please use password(rsa):
06FA8A91DAED02AA7260F79407A0E7060116949E4C719AE08EB579EA2A65529487D05ECD47688954B20B639EC7C1ADD0F8CEA52ED625A434F9763E89059AEF918AAD32532DC512C74E982C9D9AED57E58DD524CE32D99730F4F326DD7BCDBD29B6AA7CD5DDC4888FCB915B4CC60359B48387EC2B1D615869B4C97D2645B3755E
 DEBUG root [2019-05-24 14:53:18,130] - DBInterfaceMysql::attach: connect: localhost:3306 starting...
 DEBUG root [2019-05-24 14:53:18,320] - DBInterfaceMysql::attach: successfully! addr: localhost:3306
  INFO root [2019-05-24 14:53:18,320] - DBUtil::createInterface[0x1cff238]: interface=default, dbtype=mysql, ip=localhost, port=3306, currdatabase=kbe, username=kbe, connected=yes.

  INFO root [2019-05-24 14:53:18,320] - ThreadPool::createThreadPool: creating  threadpool...
  INFO root [2019-05-24 14:53:18,321] - ThreadPool::createThreadPool: successfully(5), newThreadCount=5, normalMaxThreadCount=5, maxThreadCount=5
 DEBUG root [2019-05-24 14:53:18,322] - DBInterfaceMysql::attach: connect: localhost:3306 starting...
 DEBUG root [2019-05-24 14:53:18,325] - DBInterfaceMysql::attach: connect: localhost:3306 starting...
 DEBUG root [2019-05-24 14:53:18,326] - DBInterfaceMysql::attach: connect: localhost:3306 starting...
 DEBUG root [2019-05-24 14:53:18,337] - DBInterfaceMysql::attach: connect: localhost:3306 starting...
 DEBUG root [2019-05-24 14:53:18,340] - DBInterfaceMysql::attach: connect: localhost:3306 starting...
 DEBUG root [2019-05-24 14:53:18,404] - DBInterfaceMysql::attach: successfully! addr: localhost:3306
 DEBUG root [2019-05-24 14:53:18,405] - DBThread::onStart(): 0x1ea17e8!
 DEBUG root [2019-05-24 14:53:18,448] - DBInterfaceMysql::attach: successfully! addr: localhost:3306
 DEBUG root [2019-05-24 14:53:18,448] - DBThread::onStart(): 0x1ea1870!
 DEBUG root [2019-05-24 14:53:18,515] - DBInterfaceMysql::attach: successfully! addr: localhost:3306
 DEBUG root [2019-05-24 14:53:18,515] - DBThread::onStart(): 0x1ea0c38!
 DEBUG root [2019-05-24 14:53:18,607] - DBInterfaceMysql::attach: successfully! addr: localhost:3306
 DEBUG root [2019-05-24 14:53:18,607] - DBThread::onStart(): 0x1ea0cc0!
 DEBUG root [2019-05-24 14:53:18,656] - DBInterfaceMysql::attach: successfully! addr: localhost:3306
 DEBUG root [2019-05-24 14:53:18,657] - DBThread::onStart(): 0x1ea1980!
  INFO root [2019-05-24 14:53:18,659] - DBInterfaceMysql::query: successfully!
  INFO root [2019-05-24 14:53:18,698] - DBInterfaceMysql::query: successfully!
  INFO root [2019-05-24 14:53:18,698] - DBInterfaceMysql::query: successfully!
  INFO root [2019-05-24 14:53:18,715] - DBInterfaceMysql::query: successfully!
  INFO root [2019-05-24 14:53:18,715] - DBInterfaceMysql::query: successfully!
  INFO root [2019-05-24 14:53:18,715] - DBInterfaceMysql::query: successfully!
  INFO root [2019-05-24 14:53:18,716] - DBInterfaceMysql::query: successfully!
  INFO root [2019-05-24 14:53:18,716] - DBInterfaceMysql::query: successfully!
  WARN root [2019-05-24 14:53:18,866] - DBTask::process(): took 0.21 seconds
sql:(insert into kbe_serverlog (heartbeatTime, serverGroupID) values(1558680798,3960) ON DUPLICATE KEY UPDATE heartbeatTime=1558680798)
  INFO root [2019-05-24 14:53:18,882] - DBInterfaceMysql::query: successfully!
  WARN root [2019-05-24 14:53:18,883] - DBTask::process(): took 0.22 seconds
sql:(select distinct(serverGroupID) from kbe_entitylog)
  WARN root [2019-05-24 14:53:18,902] - d:\kbengine\kbe\src\server\dbmgr\dbmgr.cpp:306: Profile scriptCall took 1.01 seconds
  INFO root [2019-05-24 14:53:19,287] - ---- dbmgr is running ----
 DEBUG root [2019-05-24 14:53:19,288] - Components::process(): Request for the process of identity...
  INFO root [2019-05-24 14:53:25,406] - ServerApp::onRegisterNewApp: uid:3960, username:error_name, componentType:interfaces, componentID:3000, globalorderID=-1, grouporderID=-1, intaddr:192.168.56.1, intport:30099, extaddr:nonsupport, extport:0,  from 127.0.0.1:30099/0/0/0.
  INFO root [2019-05-24 14:53:25,407] - Components::addComponent: reset orderLog, uid=3960!
  INFO root [2019-05-24 14:53:25,407] - Components::addComponent[interfaces], uid=3960, componentID=3000, globalorderid=1, grouporderid=1, totalcount=1
  INFO root [2019-05-24 14:53:26,411] - Components::findComponents: find logger(1)...
  INFO root [2019-05-24 14:53:26,420] - Components::findComponents: found logger, addr:192.168.56.1:56916
  INFO root [2019-05-24 14:53:26,420] - Components::addComponent: reset orderLog, uid=3960!
  INFO root [2019-05-24 14:53:26,420] - Components::addComponent[logger], uid=3960, componentID=2000, globalorderid=1, grouporderid=1, totalcount=1
  INFO root [2019-05-24 14:53:26,446] - Components::process(): Found all the components!
  WARN root [2019-05-24 14:53:26,447] - Forwarding logs to logger[192.168.56.1:56916/0/0/0]...
 ERROR root [2019-05-24 14:58:32,296] - Components::removeComponentByChannel: logger : 2000, Abnormal exit(reason=TCPPacketReceiver::processRecv(): error=10054
)! Channel(timestamp=1338458532677, lastReceivedTime=1338421846860, inactivityExceptionPeriod=134885406)
  INFO root [2019-05-24 14:58:32,300] - The following logs sent to logger failed:
  WARN root [2019-05-24 14:58:32,300] - ==> [2019-05-24 14:58:32 294] TCPPacketReceiver::processPendingEvents(192.168.56.1:56916): Throwing REASON_GENERAL_NETWORK - WSAECONNRESET
 ERROR root [2019-05-24 14:58:32,301] - ==> [2019-05-24 14:58:32 297] Components::removeComponentByChannel: logger : 2000, Abnormal exit(reason=TCPPacketReceiver::processRecv(): error=10054
)! Channel(timestamp=1338458532677, lastReceivedTime=1338421846860, inactivityExceptionPeriod=134885406)
