  INFO root [2019-10-08 09:13:48,023] - 
  INFO root [2019-10-08 09:13:48,023] - -----------------------------------------------------------------------------------------


  INFO root [2019-10-08 09:13:48,054] - Resmgr::initialize: KBE_ROOT=D:/kbengine/
  INFO root [2019-10-08 09:13:48,054] - Resmgr::initialize: KBE_RES_PATH=D:/kbengine/kbe/res/;D:/kbengine/HappyPoker_assets/;D:/kbengine/HappyPoker_assets/scripts/;D:/kbengine/HappyPoker_assets/res/
  INFO root [2019-10-08 09:13:48,054] - Resmgr::initialize: KBE_BIN_PATH=D:/kbengine/kbe/bin/server/
  INFO root [2019-10-08 09:13:48,083] - NetworkInterface::initialize(INTERNAL-TCP): bound to all interfaces with default route interface on 192.168.43.114 ( 192.168.43.114:53278 )
  INFO root [2019-10-08 09:13:48,083] - NetworkInterface::initialize(INTERNAL-TCP): address 192.168.43.114:53278, SOMAXCONN=5.
  INFO root [2019-10-08 09:13:48,083] - server-configs:
  INFO root [2019-10-08 09:13:48,083] - 	internalTcpAddr : 192.168.43.114:53278
  INFO root [2019-10-08 09:13:48,083] - 	componentID : 4000
  WARN root [2019-10-08 09:13:48,083] - invalid UID(0) <= 0, please check UID for environment! automatically set to 41181.
  INFO root [2019-10-08 09:13:48,183] - Components::findLogger: found logger, addr:192.168.43.114:53267
  INFO root [2019-10-08 09:13:48,183] - Components::addComponent: reset orderLog, uid=41181!
  INFO root [2019-10-08 09:13:48,188] - Components::addComponent[logger], uid=41181, componentID=2000, globalorderid=1, grouporderid=1, totalcount=1
  INFO root [2019-10-08 09:13:48,194] - ---- dbmgr Version: 2.4.5. ScriptVersion: 0.1.0. Pythoncore: 3.7.3. Protocol: 11178A1C367680938C8E416B64844ACD. Config: Debug X86. Built: 09:55:16 May  8 2019. AppID: 4000. UID: 41181. PID: 4696 ----
  INFO root [2019-10-08 09:13:48,194] - Server error_name: Intel(R) Core(TM) i5-6300HQ CPU @ 2.30GHz with 2097151kB RAM
  INFO root [2019-10-08 09:13:48,203] - ThreadPool::createThreadPool: creating  threadpool...
  INFO root [2019-10-08 09:13:48,203] - ThreadPool::createThreadPool: successfully(2), newThreadCount=1, normalMaxThreadCount=2, maxThreadCount=8
  INFO root [2019-10-08 09:13:48,478] - Script::install(): is successfully, Python=(3.7.3 (default, May  8 2019, 09:53:38) [MSC v.1916 32 bit (Intel)])!
  INFO root [2019-10-08 09:13:48,478] - Script::install(): KBExtra is successfully!
  INFO root [2019-10-08 09:13:49,743] - Dbmgr::initializeEnd: digest(B91EBE6B591F8BEB2E04FAF8BE8B7B2F)
S_INFO root [2019-10-08 09:13:49,764] - onDBMgrReady: bootstrapGroupIndex=0, bootstrapGlobalIndex=0
  INFO root [2019-10-08 09:13:49,793] - TelnetServer server is running on port 32000
  INFO root [2019-10-08 09:13:49,793] - Dbmgr::initInterfacesHandler: interfaces addr(127.0.0.1:30099), accountType:(interfaces), chargeType:(interfaces).
  WARN root [2019-10-08 09:13:50,009] - DBUtil::initialize: db(default) password is not encrypted!
please use password(rsa):
AC1E84E3EDD6A9AB0CCA12F9E2FC81776DDCBBA47891DAA317E2933815BB3CD93DD61083260A873B56AC8338CC1834216DA25198B65987F2236643A3F01019E0AD18CEC136EB5A6A82BE058E6F39EC406438FE1D718321393506EBEB50F4B8FE30E5467D460E109989431EB275C0A8796E09A20CEBB8F9BDB397A10DDD65143C
 DEBUG root [2019-10-08 09:13:50,073] - DBInterfaceMysql::attach: connect: localhost:3306 starting...
 DEBUG root [2019-10-08 09:13:50,734] - DBInterfaceMysql::attach: successfully! addr: localhost:3306
  INFO root [2019-10-08 09:13:50,734] - DBUtil::createInterface[0x175f1d0]: interface=default, dbtype=mysql, ip=localhost, port=3306, currdatabase=kbe, username=kbe, connected=yes.

  INFO root [2019-10-08 09:13:50,859] - ThreadPool::createThreadPool: creating  threadpool...
  INFO root [2019-10-08 09:13:50,859] - ThreadPool::createThreadPool: successfully(5), newThreadCount=5, normalMaxThreadCount=5, maxThreadCount=5
 DEBUG root [2019-10-08 09:13:50,859] - DBInterfaceMysql::attach: connect: localhost:3306 starting...
 DEBUG root [2019-10-08 09:13:50,859] - DBInterfaceMysql::attach: connect: localhost:3306 starting...
 DEBUG root [2019-10-08 09:13:50,859] - DBInterfaceMysql::attach: connect: localhost:3306 starting...
 DEBUG root [2019-10-08 09:13:50,859] - DBInterfaceMysql::attach: connect: localhost:3306 starting...
 DEBUG root [2019-10-08 09:13:50,859] - DBInterfaceMysql::attach: connect: localhost:3306 starting...
 DEBUG root [2019-10-08 09:13:50,968] - DBInterfaceMysql::attach: successfully! addr: localhost:3306
 DEBUG root [2019-10-08 09:13:50,968] - DBThread::onStart(): 0x1afb600!
 DEBUG root [2019-10-08 09:13:51,073] - DBInterfaceMysql::attach: successfully! addr: localhost:3306
 DEBUG root [2019-10-08 09:13:51,073] - DBThread::onStart(): 0x1afb578!
 DEBUG root [2019-10-08 09:13:51,194] - DBInterfaceMysql::attach: successfully! addr: localhost:3306
 DEBUG root [2019-10-08 09:13:51,194] - DBThread::onStart(): 0x1afb930!
 DEBUG root [2019-10-08 09:13:51,278] - DBInterfaceMysql::attach: successfully! addr: localhost:3306
 DEBUG root [2019-10-08 09:13:51,278] - DBThread::onStart(): 0x1afb0b0!
 DEBUG root [2019-10-08 09:13:51,363] - DBInterfaceMysql::attach: successfully! addr: localhost:3306
 DEBUG root [2019-10-08 09:13:51,363] - DBThread::onStart(): 0x1afbc60!
  INFO root [2019-10-08 09:13:51,524] - DBInterfaceMysql::query: successfully!
  INFO root [2019-10-08 09:13:51,793] - DBInterfaceMysql::query: successfully!
  INFO root [2019-10-08 09:13:51,793] - DBInterfaceMysql::query: successfully!
  INFO root [2019-10-08 09:13:51,883] - DBInterfaceMysql::query: successfully!
  INFO root [2019-10-08 09:13:51,883] - DBInterfaceMysql::query: successfully!
  WARN root [2019-10-08 09:13:51,904] - DBTask::process(): took 0.27 seconds
sql:(CREATE TABLE IF NOT EXISTS kbe_accountinfos (`accountName` varchar(128) not null, PRIMARY KEY idKey (`accountName`),`password` varchar(255) not null,`bindata` blob,`email` varchar(191) not null, UNIQUE KEY `email` (`email`),`entityDBID` bigint(20) unsigned not null DEFAULT 0, UNIQUE KEY `entityDBID` (`entityDBID`),`flags` int unsigned not null DEFAULT 0,`deadline` bigint(20) not null DEFAULT 0,`regtime` bigint(20) not null DEFAULT 0,`lasttime` bigint(20) not null DEFAULT 0,`numlogin` int unsigned not null DEFAULT 0)ENGINE=InnoDB)
  INFO root [2019-10-08 09:13:52,153] - DBInterfaceMysql::query: successfully!
  INFO root [2019-10-08 09:13:52,153] - DBInterfaceMysql::query: successfully!
  INFO root [2019-10-08 09:13:52,153] - DBInterfaceMysql::query: successfully!
  WARN root [2019-10-08 09:13:52,153] - DBTask::process(): took 0.63 seconds
sql:(delete from kbe_email_verification where logtime<1570493632 and type=3)
  INFO root [2019-10-08 09:13:52,313] - DBInterfaceMysql::query: successfully!
  WARN root [2019-10-08 09:13:52,384] - DBTask::process(): took 0.86 seconds
sql:(select distinct(serverGroupID) from kbe_entitylog)
 DEBUG root [2019-10-08 09:13:52,553] - syncToDB(): Account->sm_playerId(smallint unsigned not null DEFAULT 0).
  WARN root [2019-10-08 09:13:52,764] - DBTask::process(): took 1.24 seconds
sql:(insert into kbe_serverlog (heartbeatTime, serverGroupID) values(1570497231,41181) ON DUPLICATE KEY UPDATE heartbeatTime=1570497231)
 DEBUG root [2019-10-08 09:13:53,654] - syncToDB(): Account->sm_playerBean(int not null DEFAULT 0).
  WARN root [2019-10-08 09:13:53,654] - DBTask::process(): delay 1.27 seconds, try adjusting the kbengine[_defs].xml(numConnections) and MySQL(my.cnf->max_connections or innodb_flush_log_at_trx_commit)!
sql:(show index from tbl_Room)
  WARN root [2019-10-08 09:13:53,654] - DBTask::process(): took 0.92 seconds
sql:(show index from tbl_Room)
 DEBUG root [2019-10-08 09:13:53,654] - syncToDB(): Friend->sm_autoLoad(tinyint not null DEFAULT 0).
  WARN root [2019-10-08 09:13:53,654] - DBTask::process(): delay 2.20 seconds, try adjusting the kbengine[_defs].xml(numConnections) and MySQL(my.cnf->max_connections or innodb_flush_log_at_trx_commit)!
sql:(show index from tbl_Hall)
  WARN root [2019-10-08 09:13:53,654] - DBTask::process(): took 0.25 seconds
sql:(show index from tbl_Hall)
 DEBUG root [2019-10-08 09:13:54,248] - syncToDB(): Account->sm_playerNew(tinyint unsigned not null DEFAULT 1).
 DEBUG root [2019-10-08 09:13:54,248] - syncToDB(): Mail_mailList->sm_autoLoad(tinyint not null DEFAULT 0).
 DEBUG root [2019-10-08 09:13:54,248] - syncToDB(): Friend_publicDataList->sm_autoLoad(tinyint not null DEFAULT 0).
  INFO root [2019-10-08 09:13:55,343] - DBInterfaceMysql::query: successfully!
  WARN root [2019-10-08 09:13:55,343] - DBTask::process(): took 4.12 seconds
sql:(show index from tbl_Friend)
 DEBUG root [2019-10-08 09:13:56,043] - syncToDB(): Account_friendList->sm_autoLoad(tinyint not null DEFAULT 0).
 DEBUG root [2019-10-08 09:13:56,043] - DBInterfaceMysql::dropEntityTableItemFromDB: tbl_Account sm_playerNameBase.
 DEBUG root [2019-10-08 09:13:57,053] - syncToDB(): Friend_synchroFriendList->sm_autoLoad(tinyint not null DEFAULT 0).
  INFO root [2019-10-08 09:14:00,944] - DBInterfaceMysql::query: successfully!
 DEBUG root [2019-10-08 09:14:00,944] - DBInterfaceMysql::dropEntityTableItemFromDB: tbl_Account sm_playerExp.
  INFO root [2019-10-08 09:14:01,124] - DBInterfaceMysql::query: successfully!
 DEBUG root [2019-10-08 09:14:01,124] - syncToDB(): Mail_mailList->sm_senderID(bigint unsigned not null DEFAULT 0).
 DEBUG root [2019-10-08 09:14:02,738] - syncToDB(): Mail_mailList->sm_senderName(varchar(255) not null DEFAULT '[]').
  INFO root [2019-10-08 09:14:03,193] - DBInterfaceMysql::query: successfully!
 DEBUG root [2019-10-08 09:14:03,193] - syncToDB(): Friend_publicDataList->sm_status(tinyint unsigned not null DEFAULT 0).
 DEBUG root [2019-10-08 09:14:05,004] - syncToDB(): Mail_mailList->sm_recverID(bigint unsigned not null DEFAULT 0).
 DEBUG root [2019-10-08 09:14:05,004] - syncToDB(): Friend_publicDataList->sm_playerID(bigint unsigned not null DEFAULT 0).
  INFO root [2019-10-08 09:14:06,043] - DBInterfaceMysql::query: successfully!
  WARN root [2019-10-08 09:14:06,043] - DBTask::process(): took 14.11 seconds
sql:(show index from tbl_Account)
  INFO root [2019-10-08 09:14:06,043] - DBInterfaceMysql::query: successfully!
 DEBUG root [2019-10-08 09:14:06,043] - syncToDB(): Friend_synchroFriendList->sm_senderID(bigint unsigned not null DEFAULT 0).
  WARN root [2019-10-08 09:14:06,043] - DBTask::process(): took 14.45 seconds
sql:(show index from tbl_Mail_mailList)
 DEBUG root [2019-10-08 09:14:07,773] - syncToDB(): Friend_publicDataList->sm_playerName(varchar(255) not null DEFAULT '[]').
  INFO root [2019-10-08 09:14:08,634] - DBInterfaceMysql::query: successfully!
 DEBUG root [2019-10-08 09:14:08,634] - syncToDB(): Account_friendList->sm_value(bigint unsigned not null DEFAULT 0).
 DEBUG root [2019-10-08 09:14:09,714] - syncToDB(): Friend_publicDataList->sm_playerBean(int not null DEFAULT 0).
 DEBUG root [2019-10-08 09:14:09,714] - syncToDB(): Mail->sm_autoLoad(tinyint not null DEFAULT 0).
 DEBUG root [2019-10-08 09:14:11,513] - syncToDB(): Friend_synchroFriendList->sm_recverID(bigint unsigned not null DEFAULT 0).
  WARN root [2019-10-08 09:14:13,298] - DBTask::process(): took 21.34 seconds
sql:(show index from tbl_Account_friendList)
  WARN root [2019-10-08 09:14:14,078] - DBTask::process(): delay 2.45 seconds, try adjusting the kbengine[_defs].xml(numConnections) and MySQL(my.cnf->max_connections or innodb_flush_log_at_trx_commit)!
sql:(show index from tbl_Friend_publicDataList)
  WARN root [2019-10-08 09:14:14,078] - DBTask::process(): took 20.11 seconds
sql:(show index from tbl_Friend_publicDataList)
  WARN root [2019-10-08 09:14:15,373] - DBTask::process(): delay 4.12 seconds, try adjusting the kbengine[_defs].xml(numConnections) and MySQL(my.cnf->max_connections or innodb_flush_log_at_trx_commit)!
sql:(show index from tbl_Friend_synchroFriendList)
  WARN root [2019-10-08 09:14:15,373] - DBTask::process(): took 19.73 seconds
sql:(show index from tbl_Friend_synchroFriendList)
  INFO root [2019-10-08 09:14:16,359] - DBInterfaceMysql::query: successfully!
  WARN root [2019-10-08 09:14:16,359] - DBTask::process(): delay 14.97 seconds, try adjusting the kbengine[_defs].xml(numConnections) and MySQL(my.cnf->max_connections or innodb_flush_log_at_trx_commit)!
sql:(show index from tbl_Mail)
  WARN root [2019-10-08 09:14:16,359] - DBTask::process(): took 10.23 seconds
sql:(show index from tbl_Mail)
 DEBUG root [2019-10-08 09:14:16,359] - DBInterfaceMysql::dropEntityTableFromDB: tbl_food.
  INFO root [2019-10-08 09:14:19,264] - DBInterfaceMysql::query: successfully!
 DEBUG root [2019-10-08 09:14:19,264] - DBInterfaceMysql::dropEntityTableFromDB: tbl_smash.
  INFO root [2019-10-08 09:14:20,543] - DBInterfaceMysql::query: successfully!
  WARN root [2019-10-08 09:14:20,543] - d:\kbengine\kbe\src\server\dbmgr\dbmgr.cpp:306: Profile scriptCall took 30.80 seconds
  INFO root [2019-10-08 09:14:22,033] - ---- dbmgr is running ----
 DEBUG root [2019-10-08 09:14:22,033] - Components::process(): Request for the process of identity...
  WARN root [2019-10-08 09:14:28,427] - Forwarding logs to logger[192.168.43.114:53267/0/0/0]...
