  INFO root [2019-06-20 08:08:15,979] - 
  INFO root [2019-06-20 08:08:15,979] - -----------------------------------------------------------------------------------------


  INFO root [2019-06-20 08:08:15,980] - Resmgr::initialize: KBE_ROOT=D:/kbengine/
  INFO root [2019-06-20 08:08:15,981] - Resmgr::initialize: KBE_RES_PATH=D:/kbengine/kbe/res/;D:/kbengine/HappyPoker_assets/;D:/kbengine/HappyPoker_assets/scripts/;D:/kbengine/HappyPoker_assets/res/
  INFO root [2019-06-20 08:08:15,981] - Resmgr::initialize: KBE_BIN_PATH=D:/kbengine/kbe/bin/server/
  INFO root [2019-06-20 08:08:15,991] - NetworkInterface::initialize(INTERNAL-TCP): bound to all interfaces with default route interface on 192.168.56.1 ( 192.168.56.1:49913 )
  INFO root [2019-06-20 08:08:16,000] - NetworkInterface::initialize(INTERNAL-TCP): address 192.168.56.1:49913, SOMAXCONN=5.
  INFO root [2019-06-20 08:08:16,000] - server-configs:
  INFO root [2019-06-20 08:08:16,000] - 	internalTcpAddr : 192.168.56.1:49913
  INFO root [2019-06-20 08:08:16,000] - 	componentID : 4000
  WARN root [2019-06-20 08:08:16,001] - invalid UID(0) <= 0, please check UID for environment! automatically set to 3960.
  INFO root [2019-06-20 08:08:16,134] - Components::findLogger: found logger, addr:192.168.56.1:49910
  INFO root [2019-06-20 08:08:16,185] - Components::addComponent: reset orderLog, uid=3960!
  INFO root [2019-06-20 08:08:16,185] - Components::addComponent[logger], uid=3960, componentID=2000, globalorderid=1, grouporderid=1, totalcount=1
  INFO root [2019-06-20 08:08:16,300] - ---- dbmgr Version: 2.4.5. ScriptVersion: 0.1.0. Pythoncore: 3.7.3. Protocol: 11178A1C367680938C8E416B64844ACD. Config: Debug X86. Built: 09:55:16 May  8 2019. AppID: 4000. UID: 3960. PID: 1644 ----
  INFO root [2019-06-20 08:08:16,301] - Server error_name: Intel(R) Core(TM) i5-6300HQ CPU @ 2.30GHz with 2097151kB RAM
  INFO root [2019-06-20 08:08:16,301] - ThreadPool::createThreadPool: creating  threadpool...
  INFO root [2019-06-20 08:08:16,302] - ThreadPool::createThreadPool: successfully(2), newThreadCount=1, normalMaxThreadCount=2, maxThreadCount=8
  INFO root [2019-06-20 08:08:16,503] - Script::install(): is successfully, Python=(3.7.3 (default, May  8 2019, 09:53:38) [MSC v.1916 32 bit (Intel)])!
  INFO root [2019-06-20 08:08:16,503] - Script::install(): KBExtra is successfully!
 ERROR root [2019-06-20 08:08:16,573] - app::initialize(): initialization failed!
  INFO root [2019-06-20 08:08:16,582] - Script::uninstall(): is successfully!
 DEBUG root [2019-06-20 08:08:16,582] - ThreadPool::destroy(): starting size 2.
  WARN root [2019-06-20 08:08:16,883] - ThreadPool::destroy(): waiting for thread(2)[0x23d930,0x23d998,], try=1
 DEBUG root [2019-06-20 08:08:17,286] - TPThread::~TPThread(): 0x23d930
 DEBUG root [2019-06-20 08:08:17,287] - TPThread::~TPThread(): 0x23d998
 DEBUG root [2019-06-20 08:08:17,287] - ThreadPool::destroy(): successfully!
 DEBUG root [2019-06-20 08:08:17,287] - Bundle::destroyObjPool(): size 6.
 DEBUG root [2019-06-20 08:08:17,287] - Channel::destroyObjPool(): size 15.
 DEBUG root [2019-06-20 08:08:17,316] - TCPPacket::destroyObjPool(): size 0.
 DEBUG root [2019-06-20 08:08:17,316] - UDPPacket::destroyObjPool(): size 14.
 DEBUG root [2019-06-20 08:08:17,317] - EndPoint::destroyObjPool(): size 15.
 DEBUG root [2019-06-20 08:08:17,317] - Address::destroyObjPool(): size 0.
 DEBUG root [2019-06-20 08:08:17,317] - TCPPacketReceiver::destroyObjPool(): size 0.
 DEBUG root [2019-06-20 08:08:17,317] - UDPPacketReceiver::destroyObjPool(): size 0.
  WARN root [2019-06-20 08:08:17,337] - Forwarding logs to logger[192.168.56.1:49910/0/0/0]...
  INFO root [2019-06-20 08:08:24,315] - EventDispatcher()::~EventDispatcher: Num timers = 1
  INFO root [2019-06-20 08:08:58,656] - 
  INFO root [2019-06-20 08:08:58,662] - -----------------------------------------------------------------------------------------


  INFO root [2019-06-20 08:08:58,662] - Resmgr::initialize: KBE_ROOT=D:/kbengine/
  INFO root [2019-06-20 08:08:58,662] - Resmgr::initialize: KBE_RES_PATH=D:/kbengine/kbe/res/;D:/kbengine/HappyPoker_assets/;D:/kbengine/HappyPoker_assets/scripts/;D:/kbengine/HappyPoker_assets/res/
  INFO root [2019-06-20 08:08:58,662] - Resmgr::initialize: KBE_BIN_PATH=D:/kbengine/kbe/bin/server/
  INFO root [2019-06-20 08:08:58,692] - NetworkInterface::initialize(INTERNAL-TCP): bound to all interfaces with default route interface on 192.168.56.1 ( 192.168.56.1:49946 )
  INFO root [2019-06-20 08:08:58,692] - NetworkInterface::initialize(INTERNAL-TCP): address 192.168.56.1:49946, SOMAXCONN=5.
  INFO root [2019-06-20 08:08:58,692] - server-configs:
  INFO root [2019-06-20 08:08:58,692] - 	internalTcpAddr : 192.168.56.1:49946
  INFO root [2019-06-20 08:08:58,692] - 	componentID : 4000
  WARN root [2019-06-20 08:08:58,696] - invalid UID(0) <= 0, please check UID for environment! automatically set to 3960.
  WARN root [2019-06-20 08:08:59,312] - BundleBroadcast::BundleBroadcast: Cannot bind to port 20026, errorno=10048
  INFO root [2019-06-20 08:08:59,316] - ---- dbmgr Version: 2.4.5. ScriptVersion: 0.1.0. Pythoncore: 3.7.3. Protocol: 11178A1C367680938C8E416B64844ACD. Config: Debug X86. Built: 09:55:16 May  8 2019. AppID: 4000. UID: 3960. PID: 16548 ----
  INFO root [2019-06-20 08:08:59,316] - Server error_name: Intel(R) Core(TM) i5-6300HQ CPU @ 2.30GHz with 2097151kB RAM
  INFO root [2019-06-20 08:08:59,316] - ThreadPool::createThreadPool: creating  threadpool...
  INFO root [2019-06-20 08:08:59,316] - ThreadPool::createThreadPool: successfully(2), newThreadCount=1, normalMaxThreadCount=2, maxThreadCount=8
  INFO root [2019-06-20 08:08:59,526] - Script::install(): is successfully, Python=(3.7.3 (default, May  8 2019, 09:53:38) [MSC v.1916 32 bit (Intel)])!
  INFO root [2019-06-20 08:08:59,526] - Script::install(): KBExtra is successfully!
 ERROR root [2019-06-20 08:08:59,595] - app::initialize(): initialization failed!
  INFO root [2019-06-20 08:08:59,601] - Script::uninstall(): is successfully!
 DEBUG root [2019-06-20 08:08:59,601] - ThreadPool::destroy(): starting size 2.
  WARN root [2019-06-20 08:08:59,912] - ThreadPool::destroy(): waiting for thread(2)[0x2143258,0x2143120,], try=1
 DEBUG root [2019-06-20 08:09:00,352] - TPThread::~TPThread(): 0x2143258
 DEBUG root [2019-06-20 08:09:00,352] - TPThread::~TPThread(): 0x2143120
 DEBUG root [2019-06-20 08:09:00,352] - ThreadPool::destroy(): successfully!
 DEBUG root [2019-06-20 08:09:00,352] - Bundle::destroyObjPool(): size 8.
 DEBUG root [2019-06-20 08:09:00,352] - Channel::destroyObjPool(): size 0.
 DEBUG root [2019-06-20 08:09:00,352] - TCPPacket::destroyObjPool(): size 0.
 DEBUG root [2019-06-20 08:09:00,352] - UDPPacket::destroyObjPool(): size 15.
 DEBUG root [2019-06-20 08:09:00,352] - EndPoint::destroyObjPool(): size 0.
 DEBUG root [2019-06-20 08:09:00,352] - Address::destroyObjPool(): size 0.
 DEBUG root [2019-06-20 08:09:00,352] - TCPPacketReceiver::destroyObjPool(): size 0.
 DEBUG root [2019-06-20 08:09:00,352] - UDPPacketReceiver::destroyObjPool(): size 0.
  INFO root [2019-06-20 08:09:07,232] - EventDispatcher()::~EventDispatcher: Num timers = 1
  INFO root [2019-06-20 08:09:44,984] - 
  INFO root [2019-06-20 08:09:44,984] - -----------------------------------------------------------------------------------------


  INFO root [2019-06-20 08:09:44,984] - Resmgr::initialize: KBE_ROOT=D:/kbengine/
  INFO root [2019-06-20 08:09:44,984] - Resmgr::initialize: KBE_RES_PATH=D:/kbengine/kbe/res/;D:/kbengine/HappyPoker_assets/;D:/kbengine/HappyPoker_assets/scripts/;D:/kbengine/HappyPoker_assets/res/
  INFO root [2019-06-20 08:09:44,984] - Resmgr::initialize: KBE_BIN_PATH=D:/kbengine/kbe/bin/server/
  INFO root [2019-06-20 08:09:45,002] - NetworkInterface::initialize(INTERNAL-TCP): bound to all interfaces with default route interface on 192.168.56.1 ( 192.168.56.1:49971 )
  INFO root [2019-06-20 08:09:45,002] - NetworkInterface::initialize(INTERNAL-TCP): address 192.168.56.1:49971, SOMAXCONN=5.
  INFO root [2019-06-20 08:09:45,002] - server-configs:
  INFO root [2019-06-20 08:09:45,002] - 	internalTcpAddr : 192.168.56.1:49971
  INFO root [2019-06-20 08:09:45,002] - 	componentID : 4000
  WARN root [2019-06-20 08:09:45,002] - invalid UID(0) <= 0, please check UID for environment! automatically set to 3960.
  INFO root [2019-06-20 08:09:46,516] - ---- dbmgr Version: 2.4.5. ScriptVersion: 0.1.0. Pythoncore: 3.7.3. Protocol: 11178A1C367680938C8E416B64844ACD. Config: Debug X86. Built: 09:55:16 May  8 2019. AppID: 4000. UID: 3960. PID: 2348 ----
  INFO root [2019-06-20 08:09:46,516] - Server error_name: Intel(R) Core(TM) i5-6300HQ CPU @ 2.30GHz with 2097151kB RAM
  INFO root [2019-06-20 08:09:46,516] - ThreadPool::createThreadPool: creating  threadpool...
  INFO root [2019-06-20 08:09:46,516] - ThreadPool::createThreadPool: successfully(2), newThreadCount=1, normalMaxThreadCount=2, maxThreadCount=8
  INFO root [2019-06-20 08:09:46,722] - Script::install(): is successfully, Python=(3.7.3 (default, May  8 2019, 09:53:38) [MSC v.1916 32 bit (Intel)])!
  INFO root [2019-06-20 08:09:46,722] - Script::install(): KBExtra is successfully!
 ERROR root [2019-06-20 08:09:46,796] - app::initialize(): initialization failed!
  INFO root [2019-06-20 08:09:46,807] - Script::uninstall(): is successfully!
 DEBUG root [2019-06-20 08:09:46,807] - ThreadPool::destroy(): starting size 2.
  WARN root [2019-06-20 08:09:47,116] - ThreadPool::destroy(): waiting for thread(2)[0x1c53ca0,0x1c542b8,], try=1
 DEBUG root [2019-06-20 08:09:47,551] - TPThread::~TPThread(): 0x1c53ca0
 DEBUG root [2019-06-20 08:09:47,551] - TPThread::~TPThread(): 0x1c542b8
 DEBUG root [2019-06-20 08:09:47,551] - ThreadPool::destroy(): successfully!
 DEBUG root [2019-06-20 08:09:47,551] - Bundle::destroyObjPool(): size 9.
 DEBUG root [2019-06-20 08:09:47,551] - Channel::destroyObjPool(): size 0.
 DEBUG root [2019-06-20 08:09:47,551] - TCPPacket::destroyObjPool(): size 0.
 DEBUG root [2019-06-20 08:09:47,551] - UDPPacket::destroyObjPool(): size 14.
 DEBUG root [2019-06-20 08:09:47,551] - EndPoint::destroyObjPool(): size 0.
 DEBUG root [2019-06-20 08:09:47,551] - Address::destroyObjPool(): size 0.
 DEBUG root [2019-06-20 08:09:47,551] - TCPPacketReceiver::destroyObjPool(): size 0.
 DEBUG root [2019-06-20 08:09:47,551] - UDPPacketReceiver::destroyObjPool(): size 0.
  INFO root [2019-06-20 08:09:54,432] - EventDispatcher()::~EventDispatcher: Num timers = 1
  INFO root [2019-06-20 08:10:09,465] - 
  INFO root [2019-06-20 08:10:09,465] - -----------------------------------------------------------------------------------------


  INFO root [2019-06-20 08:10:09,472] - Resmgr::initialize: KBE_ROOT=D:/kbengine/
  INFO root [2019-06-20 08:10:09,472] - Resmgr::initialize: KBE_RES_PATH=D:/kbengine/kbe/res/;D:/kbengine/HappyPoker_assets/;D:/kbengine/HappyPoker_assets/scripts/;D:/kbengine/HappyPoker_assets/res/
  INFO root [2019-06-20 08:10:09,472] - Resmgr::initialize: KBE_BIN_PATH=D:/kbengine/kbe/bin/server/
  INFO root [2019-06-20 08:10:09,486] - NetworkInterface::initialize(INTERNAL-TCP): bound to all interfaces with default route interface on 192.168.56.1 ( 192.168.56.1:49996 )
  INFO root [2019-06-20 08:10:09,486] - NetworkInterface::initialize(INTERNAL-TCP): address 192.168.56.1:49996, SOMAXCONN=5.
  INFO root [2019-06-20 08:10:09,486] - server-configs:
  INFO root [2019-06-20 08:10:09,486] - 	internalTcpAddr : 192.168.56.1:49996
  INFO root [2019-06-20 08:10:09,486] - 	componentID : 4000
  WARN root [2019-06-20 08:10:09,486] - invalid UID(0) <= 0, please check UID for environment! automatically set to 3960.
  WARN root [2019-06-20 08:10:10,212] - BundleBroadcast::BundleBroadcast: Cannot bind to port 20791, errorno=10048
  INFO root [2019-06-20 08:10:10,216] - ---- dbmgr Version: 2.4.5. ScriptVersion: 0.1.0. Pythoncore: 3.7.3. Protocol: 11178A1C367680938C8E416B64844ACD. Config: Debug X86. Built: 09:55:16 May  8 2019. AppID: 4000. UID: 3960. PID: 1384 ----
  INFO root [2019-06-20 08:10:10,216] - Server error_name: Intel(R) Core(TM) i5-6300HQ CPU @ 2.30GHz with 2097151kB RAM
  INFO root [2019-06-20 08:10:10,222] - ThreadPool::createThreadPool: creating  threadpool...
  INFO root [2019-06-20 08:10:10,222] - ThreadPool::createThreadPool: successfully(2), newThreadCount=1, normalMaxThreadCount=2, maxThreadCount=8
  INFO root [2019-06-20 08:10:10,432] - Script::install(): is successfully, Python=(3.7.3 (default, May  8 2019, 09:53:38) [MSC v.1916 32 bit (Intel)])!
  INFO root [2019-06-20 08:10:10,432] - Script::install(): KBExtra is successfully!
 ERROR root [2019-06-20 08:10:10,512] - app::initialize(): initialization failed!
  INFO root [2019-06-20 08:10:10,522] - Script::uninstall(): is successfully!
 DEBUG root [2019-06-20 08:10:10,522] - ThreadPool::destroy(): starting size 2.
  WARN root [2019-06-20 08:10:10,832] - ThreadPool::destroy(): waiting for thread(2)[0x2541e8,0x254250,], try=1
 DEBUG root [2019-06-20 08:10:11,272] - TPThread::~TPThread(): 0x2541e8
 DEBUG root [2019-06-20 08:10:11,272] - TPThread::~TPThread(): 0x254250
 DEBUG root [2019-06-20 08:10:11,272] - ThreadPool::destroy(): successfully!
 DEBUG root [2019-06-20 08:10:11,272] - Bundle::destroyObjPool(): size 8.
 DEBUG root [2019-06-20 08:10:11,272] - Channel::destroyObjPool(): size 0.
 DEBUG root [2019-06-20 08:10:11,272] - TCPPacket::destroyObjPool(): size 0.
 DEBUG root [2019-06-20 08:10:11,272] - UDPPacket::destroyObjPool(): size 15.
 DEBUG root [2019-06-20 08:10:11,272] - EndPoint::destroyObjPool(): size 0.
 DEBUG root [2019-06-20 08:10:11,272] - Address::destroyObjPool(): size 0.
 DEBUG root [2019-06-20 08:10:11,272] - TCPPacketReceiver::destroyObjPool(): size 0.
 DEBUG root [2019-06-20 08:10:11,272] - UDPPacketReceiver::destroyObjPool(): size 0.
  INFO root [2019-06-20 08:10:18,142] - EventDispatcher()::~EventDispatcher: Num timers = 1
  INFO root [2019-06-20 08:10:38,566] - 
  INFO root [2019-06-20 08:10:38,572] - -----------------------------------------------------------------------------------------


  INFO root [2019-06-20 08:10:38,572] - Resmgr::initialize: KBE_ROOT=D:/kbengine/
  INFO root [2019-06-20 08:10:38,572] - Resmgr::initialize: KBE_RES_PATH=D:/kbengine/kbe/res/;D:/kbengine/HappyPoker_assets/;D:/kbengine/HappyPoker_assets/scripts/;D:/kbengine/HappyPoker_assets/res/
  INFO root [2019-06-20 08:10:38,572] - Resmgr::initialize: KBE_BIN_PATH=D:/kbengine/kbe/bin/server/
  INFO root [2019-06-20 08:10:38,591] - NetworkInterface::initialize(INTERNAL-TCP): bound to all interfaces with default route interface on 192.168.56.1 ( 192.168.56.1:50010 )
  INFO root [2019-06-20 08:10:38,591] - NetworkInterface::initialize(INTERNAL-TCP): address 192.168.56.1:50010, SOMAXCONN=5.
  INFO root [2019-06-20 08:10:38,591] - server-configs:
  INFO root [2019-06-20 08:10:38,591] - 	internalTcpAddr : 192.168.56.1:50010
  INFO root [2019-06-20 08:10:38,591] - 	componentID : 4000
  WARN root [2019-06-20 08:10:38,596] - invalid UID(0) <= 0, please check UID for environment! automatically set to 3960.
  INFO root [2019-06-20 08:10:40,102] - ---- dbmgr Version: 2.4.5. ScriptVersion: 0.1.0. Pythoncore: 3.7.3. Protocol: 11178A1C367680938C8E416B64844ACD. Config: Debug X86. Built: 09:55:16 May  8 2019. AppID: 4000. UID: 3960. PID: 7920 ----
  INFO root [2019-06-20 08:10:40,102] - Server error_name: Intel(R) Core(TM) i5-6300HQ CPU @ 2.30GHz with 2097151kB RAM
  INFO root [2019-06-20 08:10:40,102] - ThreadPool::createThreadPool: creating  threadpool...
  INFO root [2019-06-20 08:10:40,102] - ThreadPool::createThreadPool: successfully(2), newThreadCount=1, normalMaxThreadCount=2, maxThreadCount=8
  INFO root [2019-06-20 08:10:40,322] - Script::install(): is successfully, Python=(3.7.3 (default, May  8 2019, 09:53:38) [MSC v.1916 32 bit (Intel)])!
  INFO root [2019-06-20 08:10:40,322] - Script::install(): KBExtra is successfully!
  INFO root [2019-06-20 08:10:40,484] - Dbmgr::initializeEnd: digest(35046D1581FAE051845F0D5C10DF296E)
S_INFO root [2019-06-20 08:10:40,484] - onDBMgrReady: bootstrapGroupIndex=0, bootstrapGlobalIndex=0
  INFO root [2019-06-20 08:10:40,484] - TelnetServer server is running on port 32000
  INFO root [2019-06-20 08:10:40,484] - Dbmgr::initInterfacesHandler: interfaces addr(127.0.0.1:30099), accountType:(interfaces), chargeType:(interfaces).
  WARN root [2019-06-20 08:10:40,755] - DBUtil::initialize: db(default) password is not encrypted!
please use password(rsa):
51BB0A801E313F0CCAA727DFBD1F53ADA77A7EF36BCB5B6826031C0C4B8E3CB65437BCA5063324B423F09E8661F65214C1FAF66873BEE7D7E3A55658CE253C1C37F00FFFD2100723FFC6C46F8A5DBFBE7B79249A214CECC3177A0A449F1C64E0D059194DC21E18FF95F29803AE3C55946288647D9E84C265C998E2E300E049AF
 DEBUG root [2019-06-20 08:10:40,762] - DBInterfaceMysql::attach: connect: localhost:3306 starting...
 DEBUG root [2019-06-20 08:10:41,022] - DBInterfaceMysql::attach: successfully! addr: localhost:3306
  INFO root [2019-06-20 08:10:41,022] - DBUtil::createInterface[0x9cf090]: interface=default, dbtype=mysql, ip=localhost, port=3306, currdatabase=kbe, username=kbe, connected=yes.

  INFO root [2019-06-20 08:10:41,022] - ThreadPool::createThreadPool: creating  threadpool...
  INFO root [2019-06-20 08:10:41,022] - ThreadPool::createThreadPool: successfully(5), newThreadCount=5, normalMaxThreadCount=5, maxThreadCount=5
 DEBUG root [2019-06-20 08:10:41,022] - DBInterfaceMysql::attach: connect: localhost:3306 starting...
 DEBUG root [2019-06-20 08:10:41,022] - DBInterfaceMysql::attach: connect: localhost:3306 starting...
 DEBUG root [2019-06-20 08:10:41,022] - DBInterfaceMysql::attach: connect: localhost:3306 starting...
 DEBUG root [2019-06-20 08:10:41,022] - DBInterfaceMysql::attach: connect: localhost:3306 starting...
 DEBUG root [2019-06-20 08:10:41,022] - DBInterfaceMysql::attach: connect: localhost:3306 starting...
 DEBUG root [2019-06-20 08:10:41,162] - DBInterfaceMysql::attach: successfully! addr: localhost:3306
 DEBUG root [2019-06-20 08:10:41,162] - DBThread::onStart(): 0x21b7d60!
 DEBUG root [2019-06-20 08:10:41,262] - DBInterfaceMysql::attach: successfully! addr: localhost:3306
 DEBUG root [2019-06-20 08:10:41,262] - DBThread::onStart(): 0x21b7de8!
 DEBUG root [2019-06-20 08:10:41,371] - DBInterfaceMysql::attach: successfully! addr: localhost:3306
 DEBUG root [2019-06-20 08:10:41,371] - DBThread::onStart(): 0x21b8090!
  INFO root [2019-06-20 08:10:41,432] - DBInterfaceMysql::query: successfully!
 DEBUG root [2019-06-20 08:10:41,492] - DBInterfaceMysql::attach: successfully! addr: localhost:3306
 DEBUG root [2019-06-20 08:10:41,492] - DBThread::onStart(): 0x21b8008!
 DEBUG root [2019-06-20 08:10:41,542] - DBInterfaceMysql::attach: successfully! addr: localhost:3306
 DEBUG root [2019-06-20 08:10:41,542] - DBThread::onStart(): 0x21b7c50!
  INFO root [2019-06-20 08:10:41,616] - DBInterfaceMysql::query: successfully!
  INFO root [2019-06-20 08:10:41,632] - DBInterfaceMysql::query: successfully!
  INFO root [2019-06-20 08:10:41,632] - DBInterfaceMysql::query: successfully!
  INFO root [2019-06-20 08:10:41,652] - DBInterfaceMysql::query: successfully!
  INFO root [2019-06-20 08:10:41,682] - DBInterfaceMysql::query: successfully!
  INFO root [2019-06-20 08:10:41,682] - DBInterfaceMysql::query: successfully!
  INFO root [2019-06-20 08:10:41,682] - DBInterfaceMysql::query: successfully!
  WARN root [2019-06-20 08:10:41,682] - DBTask::process(): took 0.25 seconds
sql:(delete from kbe_email_verification where logtime<1560985841 and type=3)
  WARN root [2019-06-20 08:10:41,856] - DBTask::process(): took 0.36 seconds
sql:(insert into kbe_serverlog (heartbeatTime, serverGroupID) values(1560989441,3960) ON DUPLICATE KEY UPDATE heartbeatTime=1560989441)
  WARN root [2019-06-20 08:10:41,886] - DBTask::process(): took 0.45 seconds
sql:(show index from tbl_Account)
  INFO root [2019-06-20 08:10:41,956] - DBInterfaceMysql::query: successfully!
  WARN root [2019-06-20 08:10:41,956] - DBTask::process(): took 0.52 seconds
sql:(select distinct(serverGroupID) from kbe_entitylog)
  WARN root [2019-06-20 08:10:41,965] - DBTask::process(): took 0.35 seconds
sql:(show index from tbl_Room)
  WARN root [2019-06-20 08:10:41,996] - DBTask::process(): took 0.31 seconds
sql:(show index from tbl_Hall)
  WARN root [2019-06-20 08:10:42,022] - d:\kbengine\kbe\src\server\dbmgr\dbmgr.cpp:306: Profile scriptCall took 1.53 seconds
  INFO root [2019-06-20 08:10:42,395] - ---- dbmgr is running ----
 DEBUG root [2019-06-20 08:10:42,395] - Components::process(): Request for the process of identity...
  INFO root [2019-06-20 08:10:48,705] - ServerApp::onRegisterNewApp: uid:3960, username:error_name, componentType:interfaces, componentID:3000, globalorderID=-1, grouporderID=-1, intaddr:192.168.56.1, intport:30099, extaddr:nonsupport, extport:0,  from 127.0.0.1:30099/0/0/0.
  INFO root [2019-06-20 08:10:48,705] - Components::addComponent: reset orderLog, uid=3960!
  INFO root [2019-06-20 08:10:48,705] - Components::addComponent[interfaces], uid=3960, componentID=3000, globalorderid=1, grouporderid=1, totalcount=1
  INFO root [2019-06-20 08:10:49,712] - Components::findComponents: find logger(1)...
  INFO root [2019-06-20 08:10:49,732] - Components::findComponents: found logger, addr:192.168.56.1:50015
  INFO root [2019-06-20 08:10:49,732] - Components::addComponent: reset orderLog, uid=3960!
  INFO root [2019-06-20 08:10:49,732] - Components::addComponent[logger], uid=3960, componentID=2000, globalorderid=1, grouporderid=1, totalcount=1
  INFO root [2019-06-20 08:10:49,772] - Components::process(): Found all the components!
  WARN root [2019-06-20 08:10:49,791] - Forwarding logs to logger[192.168.56.1:50015/0/0/0]...
 ERROR root [2019-06-20 08:21:23,065] - Components::removeComponentByChannel: logger : 2000, Abnormal exit(reason=TCPPacketReceiver::processRecv(): error=10054
)! Channel(timestamp=104727764308, lastReceivedTime=104695291880, inactivityExceptionPeriod=134883792)
  INFO root [2019-06-20 08:21:23,072] - The following logs sent to logger failed:
  WARN root [2019-06-20 08:21:23,073] - ==> [2019-06-20 08:21:23 061] TCPPacketReceiver::processPendingEvents(192.168.56.1:50015): Throwing REASON_GENERAL_NETWORK - WSAECONNRESET
 ERROR root [2019-06-20 08:21:23,073] - ==> [2019-06-20 08:21:23 066] Components::removeComponentByChannel: logger : 2000, Abnormal exit(reason=TCPPacketReceiver::processRecv(): error=10054
)! Channel(timestamp=104727764308, lastReceivedTime=104695291880, inactivityExceptionPeriod=134883792)
  INFO root [2019-06-20 08:22:01,927] - 
  INFO root [2019-06-20 08:22:01,929] - -----------------------------------------------------------------------------------------


  INFO root [2019-06-20 08:22:01,930] - Resmgr::initialize: KBE_ROOT=D:/kbengine/
  INFO root [2019-06-20 08:22:01,931] - Resmgr::initialize: KBE_RES_PATH=D:/kbengine/kbe/res/;D:/kbengine/HappyPoker_assets/;D:/kbengine/HappyPoker_assets/scripts/;D:/kbengine/HappyPoker_assets/res/
  INFO root [2019-06-20 08:22:01,931] - Resmgr::initialize: KBE_BIN_PATH=D:/kbengine/kbe/bin/server/
  INFO root [2019-06-20 08:22:01,950] - NetworkInterface::initialize(INTERNAL-TCP): bound to all interfaces with default route interface on 192.168.56.1 ( 192.168.56.1:50146 )
  INFO root [2019-06-20 08:22:01,950] - NetworkInterface::initialize(INTERNAL-TCP): address 192.168.56.1:50146, SOMAXCONN=5.
  INFO root [2019-06-20 08:22:01,950] - server-configs:
  INFO root [2019-06-20 08:22:01,950] - 	internalTcpAddr : 192.168.56.1:50146
  INFO root [2019-06-20 08:22:01,951] - 	componentID : 4000
  WARN root [2019-06-20 08:22:01,952] - invalid UID(0) <= 0, please check UID for environment! automatically set to 3960.
  WARN root [2019-06-20 08:22:02,407] - BundleBroadcast::BundleBroadcast: Cannot bind to port 20887, errorno=10048
  INFO root [2019-06-20 08:22:02,411] - ---- dbmgr Version: 2.4.5. ScriptVersion: 0.1.0. Pythoncore: 3.7.3. Protocol: 11178A1C367680938C8E416B64844ACD. Config: Debug X86. Built: 09:55:16 May  8 2019. AppID: 4000. UID: 3960. PID: 7632 ----
  INFO root [2019-06-20 08:22:02,412] - Server error_name: Intel(R) Core(TM) i5-6300HQ CPU @ 2.30GHz with 2097151kB RAM
  INFO root [2019-06-20 08:22:02,412] - ThreadPool::createThreadPool: creating  threadpool...
  INFO root [2019-06-20 08:22:02,413] - ThreadPool::createThreadPool: successfully(2), newThreadCount=1, normalMaxThreadCount=2, maxThreadCount=8
  INFO root [2019-06-20 08:22:02,614] - Script::install(): is successfully, Python=(3.7.3 (default, May  8 2019, 09:53:38) [MSC v.1916 32 bit (Intel)])!
  INFO root [2019-06-20 08:22:02,615] - Script::install(): KBExtra is successfully!
  INFO root [2019-06-20 08:22:02,969] - Dbmgr::initializeEnd: digest(35046D1581FAE051845F0D5C10DF296E)
S_INFO root [2019-06-20 08:22:02,969] - onDBMgrReady: bootstrapGroupIndex=0, bootstrapGlobalIndex=0
  INFO root [2019-06-20 08:22:02,970] - TelnetServer server is running on port 32000
  INFO root [2019-06-20 08:22:02,975] - Dbmgr::initInterfacesHandler: interfaces addr(127.0.0.1:30099), accountType:(interfaces), chargeType:(interfaces).
  WARN root [2019-06-20 08:22:03,246] - DBUtil::initialize: db(default) password is not encrypted!
please use password(rsa):
C342A6C676D64ABBC607F2440D1098510DF2FF1BD35ACBC9FBBB171628B05E74123ED14B396517397B6376421342E3CB4B07A1BEE61A2650E8BC950D850051C2A40DE778B0B8C28FB539E3FA114695E32733169A1D4507DC57425956A52042BF411219B078DB33258DCE059EE537663448274AB3F18CDA7104F2529271ECB7D8
 DEBUG root [2019-06-20 08:22:03,250] - DBInterfaceMysql::attach: connect: localhost:3306 starting...
 DEBUG root [2019-06-20 08:22:03,502] - DBInterfaceMysql::attach: successfully! addr: localhost:3306
  INFO root [2019-06-20 08:22:03,502] - DBUtil::createInterface[0x4ff0f0]: interface=default, dbtype=mysql, ip=localhost, port=3306, currdatabase=kbe, username=kbe, connected=yes.

  INFO root [2019-06-20 08:22:03,502] - ThreadPool::createThreadPool: creating  threadpool...
  INFO root [2019-06-20 08:22:03,503] - ThreadPool::createThreadPool: successfully(5), newThreadCount=5, normalMaxThreadCount=5, maxThreadCount=5
 DEBUG root [2019-06-20 08:22:03,503] - DBInterfaceMysql::attach: connect: localhost:3306 starting...
 DEBUG root [2019-06-20 08:22:03,510] - DBInterfaceMysql::attach: connect: localhost:3306 starting...
 DEBUG root [2019-06-20 08:22:03,514] - DBInterfaceMysql::attach: connect: localhost:3306 starting...
 DEBUG root [2019-06-20 08:22:03,569] - DBInterfaceMysql::attach: successfully! addr: localhost:3306
 DEBUG root [2019-06-20 08:22:03,569] - DBThread::onStart(): 0x7b5518!
 DEBUG root [2019-06-20 08:22:03,570] - DBInterfaceMysql::attach: connect: localhost:3306 starting...
 DEBUG root [2019-06-20 08:22:03,589] - DBInterfaceMysql::attach: connect: localhost:3306 starting...
 DEBUG root [2019-06-20 08:22:03,649] - DBInterfaceMysql::attach: successfully! addr: localhost:3306
 DEBUG root [2019-06-20 08:22:03,649] - DBThread::onStart(): 0x7b5628!
 DEBUG root [2019-06-20 08:22:03,698] - DBInterfaceMysql::attach: successfully! addr: localhost:3306
 DEBUG root [2019-06-20 08:22:03,699] - DBThread::onStart(): 0x7b5050!
  INFO root [2019-06-20 08:22:03,700] - DBInterfaceMysql::query: successfully!
 DEBUG root [2019-06-20 08:22:03,749] - DBInterfaceMysql::attach: successfully! addr: localhost:3306
 DEBUG root [2019-06-20 08:22:03,749] - DBThread::onStart(): 0x7b52f8!
 DEBUG root [2019-06-20 08:22:03,837] - DBInterfaceMysql::attach: successfully! addr: localhost:3306
 DEBUG root [2019-06-20 08:22:03,837] - DBThread::onStart(): 0x7b5380!
  INFO root [2019-06-20 08:22:03,882] - DBInterfaceMysql::query: successfully!
  INFO root [2019-06-20 08:22:03,883] - DBInterfaceMysql::query: successfully!
  INFO root [2019-06-20 08:22:03,908] - DBInterfaceMysql::query: successfully!
  INFO root [2019-06-20 08:22:03,908] - DBInterfaceMysql::query: successfully!
  WARN root [2019-06-20 08:22:03,909] - DBTask::process(): took 0.21 seconds
sql:(CREATE TABLE IF NOT EXISTS kbe_accountinfos (`accountName` varchar(128) not null, PRIMARY KEY idKey (`accountName`),`password` varchar(255) not null,`bindata` blob,`email` varchar(191) not null, UNIQUE KEY `email` (`email`),`entityDBID` bigint(20) unsigned not null DEFAULT 0, UNIQUE KEY `entityDBID` (`entityDBID`),`flags` int unsigned not null DEFAULT 0,`deadline` bigint(20) not null DEFAULT 0,`regtime` bigint(20) not null DEFAULT 0,`lasttime` bigint(20) not null DEFAULT 0,`numlogin` int unsigned not null DEFAULT 0)ENGINE=InnoDB)
  INFO root [2019-06-20 08:22:03,917] - DBInterfaceMysql::query: successfully!
  INFO root [2019-06-20 08:22:03,917] - DBInterfaceMysql::query: successfully!
  INFO root [2019-06-20 08:22:03,918] - DBInterfaceMysql::query: successfully!
  WARN root [2019-06-20 08:22:04,007] - DBTask::process(): took 0.31 seconds
sql:(insert into kbe_serverlog (heartbeatTime, serverGroupID) values(1560990123,3960) ON DUPLICATE KEY UPDATE heartbeatTime=1560990123)
  INFO root [2019-06-20 08:22:04,094] - DBInterfaceMysql::query: successfully!
  WARN root [2019-06-20 08:22:04,095] - DBTask::process(): took 0.39 seconds
sql:(select distinct(serverGroupID) from kbe_entitylog)
  WARN root [2019-06-20 08:22:04,117] - d:\kbengine\kbe\src\server\dbmgr\dbmgr.cpp:306: Profile scriptCall took 1.15 seconds
  INFO root [2019-06-20 08:22:04,529] - ---- dbmgr is running ----
 DEBUG root [2019-06-20 08:22:04,530] - Components::process(): Request for the process of identity...
  INFO root [2019-06-20 08:22:10,675] - ServerApp::onRegisterNewApp: uid:3960, username:error_name, componentType:interfaces, componentID:3000, globalorderID=-1, grouporderID=-1, intaddr:192.168.56.1, intport:30099, extaddr:nonsupport, extport:0,  from 127.0.0.1:30099/0/0/0.
  INFO root [2019-06-20 08:22:10,675] - Components::addComponent: reset orderLog, uid=3960!
  INFO root [2019-06-20 08:22:10,676] - Components::addComponent[interfaces], uid=3960, componentID=3000, globalorderid=1, grouporderid=1, totalcount=1
  INFO root [2019-06-20 08:22:11,689] - Components::findComponents: find logger(1)...
  INFO root [2019-06-20 08:22:11,791] - Components::findComponents: found logger, addr:192.168.56.1:50145
  INFO root [2019-06-20 08:22:11,791] - Components::addComponent: reset orderLog, uid=3960!
  INFO root [2019-06-20 08:22:11,792] - Components::addComponent[logger], uid=3960, componentID=2000, globalorderid=1, grouporderid=1, totalcount=1
  WARN root [2019-06-20 08:22:11,793] - Forwarding logs to logger[192.168.56.1:50145/0/0/0]...
 ERROR root [2019-06-20 08:29:31,232] - Components::removeComponentByChannel: logger : 2000, Abnormal exit(reason=TCPPacketReceiver::processRecv(): error=10054
)! Channel(timestamp=105826103367, lastReceivedTime=105760218594, inactivityExceptionPeriod=134886126)
  INFO root [2019-06-20 08:29:31,235] - The following logs sent to logger failed:
  WARN root [2019-06-20 08:29:31,235] - ==> [2019-06-20 08:29:31 224] TCPPacketReceiver::processPendingEvents(192.168.56.1:50145): Throwing REASON_GENERAL_NETWORK - WSAECONNRESET
 ERROR root [2019-06-20 08:29:31,235] - ==> [2019-06-20 08:29:31 233] Components::removeComponentByChannel: logger : 2000, Abnormal exit(reason=TCPPacketReceiver::processRecv(): error=10054
)! Channel(timestamp=105826103367, lastReceivedTime=105760218594, inactivityExceptionPeriod=134886126)
  INFO root [2019-06-20 08:29:33,451] - 
  INFO root [2019-06-20 08:29:33,451] - -----------------------------------------------------------------------------------------


  INFO root [2019-06-20 08:29:33,452] - Resmgr::initialize: KBE_ROOT=D:/kbengine/
  INFO root [2019-06-20 08:29:33,453] - Resmgr::initialize: KBE_RES_PATH=D:/kbengine/kbe/res/;D:/kbengine/HappyPoker_assets/;D:/kbengine/HappyPoker_assets/scripts/;D:/kbengine/HappyPoker_assets/res/
  INFO root [2019-06-20 08:29:33,453] - Resmgr::initialize: KBE_BIN_PATH=D:/kbengine/kbe/bin/server/
  INFO root [2019-06-20 08:29:33,467] - NetworkInterface::initialize(INTERNAL-TCP): bound to all interfaces with default route interface on 192.168.56.1 ( 192.168.56.1:50221 )
  INFO root [2019-06-20 08:29:33,467] - NetworkInterface::initialize(INTERNAL-TCP): address 192.168.56.1:50221, SOMAXCONN=5.
  INFO root [2019-06-20 08:29:33,468] - server-configs:
  INFO root [2019-06-20 08:29:33,468] - 	internalTcpAddr : 192.168.56.1:50221
  INFO root [2019-06-20 08:29:33,468] - 	componentID : 4000
  WARN root [2019-06-20 08:29:33,468] - invalid UID(0) <= 0, please check UID for environment! automatically set to 3960.
  INFO root [2019-06-20 08:29:34,976] - ---- dbmgr Version: 2.4.5. ScriptVersion: 0.1.0. Pythoncore: 3.7.3. Protocol: 11178A1C367680938C8E416B64844ACD. Config: Debug X86. Built: 09:55:16 May  8 2019. AppID: 4000. UID: 3960. PID: 2700 ----
  INFO root [2019-06-20 08:29:34,991] - Server error_name: Intel(R) Core(TM) i5-6300HQ CPU @ 2.30GHz with 2097151kB RAM
  INFO root [2019-06-20 08:29:35,006] - ThreadPool::createThreadPool: creating  threadpool...
  INFO root [2019-06-20 08:29:35,007] - ThreadPool::createThreadPool: successfully(2), newThreadCount=1, normalMaxThreadCount=2, maxThreadCount=8
  INFO root [2019-06-20 08:29:35,501] - Script::install(): is successfully, Python=(3.7.3 (default, May  8 2019, 09:53:38) [MSC v.1916 32 bit (Intel)])!
  INFO root [2019-06-20 08:29:35,501] - Script::install(): KBExtra is successfully!
  INFO root [2019-06-20 08:29:35,781] - Dbmgr::initializeEnd: digest(35046D1581FAE051845F0D5C10DF296E)
S_INFO root [2019-06-20 08:29:35,782] - onDBMgrReady: bootstrapGroupIndex=0, bootstrapGlobalIndex=0
  INFO root [2019-06-20 08:29:35,782] - TelnetServer server is running on port 32000
  INFO root [2019-06-20 08:29:35,783] - Dbmgr::initInterfacesHandler: interfaces addr(127.0.0.1:30099), accountType:(interfaces), chargeType:(interfaces).
  WARN root [2019-06-20 08:29:36,058] - DBUtil::initialize: db(default) password is not encrypted!
please use password(rsa):
E6757796D80A39C2D3D805E72D9F1AFD257E2B146ABF086C44D69F8C11A8E6187593E4399DE2110294255773730A3ED95C7E31F2E4C559BFD37083D23D0BA15FDD89947660C3C4162415FC2413642F96976BF57A91BCF577644CF57045381C3D1C71C3506D3CF768334305F3B9235BC1C64E9155299EEB1A996B913CE1795792
 DEBUG root [2019-06-20 08:29:36,064] - DBInterfaceMysql::attach: connect: localhost:3306 starting...
 DEBUG root [2019-06-20 08:29:36,197] - DBInterfaceMysql::attach: successfully! addr: localhost:3306
  INFO root [2019-06-20 08:29:36,197] - DBUtil::createInterface[0xa6edfc]: interface=default, dbtype=mysql, ip=localhost, port=3306, currdatabase=kbe, username=kbe, connected=yes.

  INFO root [2019-06-20 08:29:36,198] - ThreadPool::createThreadPool: creating  threadpool...
  INFO root [2019-06-20 08:29:36,198] - ThreadPool::createThreadPool: successfully(5), newThreadCount=5, normalMaxThreadCount=5, maxThreadCount=5
 DEBUG root [2019-06-20 08:29:36,199] - DBInterfaceMysql::attach: connect: localhost:3306 starting...
 DEBUG root [2019-06-20 08:29:36,199] - DBInterfaceMysql::attach: connect: localhost:3306 starting...
 DEBUG root [2019-06-20 08:29:36,199] - DBInterfaceMysql::attach: connect: localhost:3306 starting...
 DEBUG root [2019-06-20 08:29:36,217] - DBInterfaceMysql::attach: connect: localhost:3306 starting...
 DEBUG root [2019-06-20 08:29:36,218] - DBInterfaceMysql::attach: connect: localhost:3306 starting...
 DEBUG root [2019-06-20 08:29:36,299] - DBInterfaceMysql::attach: successfully! addr: localhost:3306
 DEBUG root [2019-06-20 08:29:36,299] - DBThread::onStart(): 0x2185448!
 DEBUG root [2019-06-20 08:29:36,386] - DBInterfaceMysql::attach: successfully! addr: localhost:3306
 DEBUG root [2019-06-20 08:29:36,386] - DBThread::onStart(): 0x2185cc8!
 DEBUG root [2019-06-20 08:29:36,462] - DBInterfaceMysql::attach: successfully! addr: localhost:3306
 DEBUG root [2019-06-20 08:29:36,462] - DBThread::onStart(): 0x2185668!
  INFO root [2019-06-20 08:29:36,502] - DBInterfaceMysql::query: successfully!
 DEBUG root [2019-06-20 08:29:36,545] - DBInterfaceMysql::attach: successfully! addr: localhost:3306
 DEBUG root [2019-06-20 08:29:36,546] - DBThread::onStart(): 0x2185800!
 DEBUG root [2019-06-20 08:29:36,586] - DBInterfaceMysql::attach: successfully! addr: localhost:3306
 DEBUG root [2019-06-20 08:29:36,586] - DBThread::onStart(): 0x2185d50!
  INFO root [2019-06-20 08:29:36,645] - DBInterfaceMysql::query: successfully!
  INFO root [2019-06-20 08:29:36,674] - DBInterfaceMysql::query: successfully!
  INFO root [2019-06-20 08:29:36,675] - DBInterfaceMysql::query: successfully!
  INFO root [2019-06-20 08:29:36,675] - DBInterfaceMysql::query: successfully!
  INFO root [2019-06-20 08:29:36,675] - DBInterfaceMysql::query: successfully!
  INFO root [2019-06-20 08:29:36,676] - DBInterfaceMysql::query: successfully!
  INFO root [2019-06-20 08:29:36,677] - DBInterfaceMysql::query: successfully!
  WARN root [2019-06-20 08:29:36,803] - DBTask::process(): took 0.30 seconds
sql:(insert into kbe_serverlog (heartbeatTime, serverGroupID) values(1560990576,3960) ON DUPLICATE KEY UPDATE heartbeatTime=1560990576)
  INFO root [2019-06-20 08:29:36,861] - DBInterfaceMysql::query: successfully!
  WARN root [2019-06-20 08:29:36,862] - DBTask::process(): took 0.36 seconds
sql:(select distinct(serverGroupID) from kbe_entitylog)
  WARN root [2019-06-20 08:29:36,885] - d:\kbengine\kbe\src\server\dbmgr\dbmgr.cpp:306: Profile scriptCall took 1.10 seconds
  INFO root [2019-06-20 08:29:37,371] - ---- dbmgr is running ----
 DEBUG root [2019-06-20 08:29:37,372] - Components::process(): Request for the process of identity...
  INFO root [2019-06-20 08:29:43,525] - ServerApp::onRegisterNewApp: uid:3960, username:error_name, componentType:interfaces, componentID:3000, globalorderID=-1, grouporderID=-1, intaddr:192.168.56.1, intport:30099, extaddr:nonsupport, extport:0,  from 127.0.0.1:30099/0/0/0.
  INFO root [2019-06-20 08:29:43,526] - Components::addComponent: reset orderLog, uid=3960!
  INFO root [2019-06-20 08:29:43,526] - Components::addComponent[interfaces], uid=3960, componentID=3000, globalorderid=1, grouporderid=1, totalcount=1
  INFO root [2019-06-20 08:29:44,542] - Components::findComponents: find logger(1)...
  INFO root [2019-06-20 08:29:44,569] - Components::findComponents: found logger, addr:192.168.56.1:50218
  INFO root [2019-06-20 08:29:44,569] - Components::addComponent: reset orderLog, uid=3960!
  INFO root [2019-06-20 08:29:44,570] - Components::addComponent[logger], uid=3960, componentID=2000, globalorderid=1, grouporderid=1, totalcount=1
  WARN root [2019-06-20 08:29:44,571] - Forwarding logs to logger[192.168.56.1:50218/0/0/0]...
 ERROR root [2019-06-20 08:41:05,690] - Components::removeComponentByChannel: logger : 2000, Abnormal exit(reason=TCPPacketReceiver::processRecv(): error=10054
)! Channel(timestamp=107388549855, lastReceivedTime=107383426869, inactivityExceptionPeriod=134889835)
  INFO root [2019-06-20 08:41:05,697] - The following logs sent to logger failed:
  WARN root [2019-06-20 08:41:05,698] - ==> [2019-06-20 08:41:05 688] TCPPacketReceiver::processPendingEvents(192.168.56.1:50218): Throwing REASON_GENERAL_NETWORK - WSAECONNRESET
 ERROR root [2019-06-20 08:41:05,698] - ==> [2019-06-20 08:41:05 691] Components::removeComponentByChannel: logger : 2000, Abnormal exit(reason=TCPPacketReceiver::processRecv(): error=10054
)! Channel(timestamp=107388549855, lastReceivedTime=107383426869, inactivityExceptionPeriod=134889835)
  INFO root [2019-06-20 08:41:07,872] - 
  INFO root [2019-06-20 08:41:07,906] - -----------------------------------------------------------------------------------------


  INFO root [2019-06-20 08:41:07,907] - Resmgr::initialize: KBE_ROOT=D:/kbengine/
  INFO root [2019-06-20 08:41:07,907] - Resmgr::initialize: KBE_RES_PATH=D:/kbengine/kbe/res/;D:/kbengine/HappyPoker_assets/;D:/kbengine/HappyPoker_assets/scripts/;D:/kbengine/HappyPoker_assets/res/
  INFO root [2019-06-20 08:41:07,907] - Resmgr::initialize: KBE_BIN_PATH=D:/kbengine/kbe/bin/server/
  INFO root [2019-06-20 08:41:07,985] - NetworkInterface::initialize(INTERNAL-TCP): bound to all interfaces with default route interface on 192.168.56.1 ( 192.168.56.1:50332 )
  INFO root [2019-06-20 08:41:07,986] - NetworkInterface::initialize(INTERNAL-TCP): address 192.168.56.1:50332, SOMAXCONN=5.
  INFO root [2019-06-20 08:41:07,986] - server-configs:
  INFO root [2019-06-20 08:41:07,986] - 	internalTcpAddr : 192.168.56.1:50332
  INFO root [2019-06-20 08:41:07,986] - 	componentID : 4000
  WARN root [2019-06-20 08:41:07,989] - invalid UID(0) <= 0, please check UID for environment! automatically set to 3960.
  INFO root [2019-06-20 08:41:09,503] - ---- dbmgr Version: 2.4.5. ScriptVersion: 0.1.0. Pythoncore: 3.7.3. Protocol: 11178A1C367680938C8E416B64844ACD. Config: Debug X86. Built: 09:55:16 May  8 2019. AppID: 4000. UID: 3960. PID: 284 ----
  INFO root [2019-06-20 08:41:09,503] - Server error_name: Intel(R) Core(TM) i5-6300HQ CPU @ 2.30GHz with 2097151kB RAM
  INFO root [2019-06-20 08:41:09,503] - ThreadPool::createThreadPool: creating  threadpool...
  INFO root [2019-06-20 08:41:09,504] - ThreadPool::createThreadPool: successfully(2), newThreadCount=1, normalMaxThreadCount=2, maxThreadCount=8
  INFO root [2019-06-20 08:41:09,729] - Script::install(): is successfully, Python=(3.7.3 (default, May  8 2019, 09:53:38) [MSC v.1916 32 bit (Intel)])!
  INFO root [2019-06-20 08:41:09,729] - Script::install(): KBExtra is successfully!
  INFO root [2019-06-20 08:41:09,996] - Dbmgr::initializeEnd: digest(35046D1581FAE051845F0D5C10DF296E)
S_INFO root [2019-06-20 08:41:09,996] - onDBMgrReady: bootstrapGroupIndex=0, bootstrapGlobalIndex=0
  INFO root [2019-06-20 08:41:09,997] - TelnetServer server is running on port 32000
  INFO root [2019-06-20 08:41:09,999] - Dbmgr::initInterfacesHandler: interfaces addr(127.0.0.1:30099), accountType:(interfaces), chargeType:(interfaces).
  WARN root [2019-06-20 08:41:10,356] - DBUtil::initialize: db(default) password is not encrypted!
please use password(rsa):
42F6ECE42AA0B379B14117534EC21B5C3EE2EE6AB12EE28E35DD72C7F6CB50E146BE187C5C7F2165EEA3201C8B476B4071BFF8D2B807F9DD7EA18DBA9BE04F599FDAC06D1B27443D80DEAA82704EC21CD1D50928E5D02D713D417EEBFA2D7E1FEC2CE692797FB92C5B66C10F13BC9B3CF7BE9719FBAF050BD979E77CBAE5BE7A
 DEBUG root [2019-06-20 08:41:10,361] - DBInterfaceMysql::attach: connect: localhost:3306 starting...
 DEBUG root [2019-06-20 08:41:10,567] - DBInterfaceMysql::attach: successfully! addr: localhost:3306
  INFO root [2019-06-20 08:41:10,567] - DBUtil::createInterface[0x4ff150]: interface=default, dbtype=mysql, ip=localhost, port=3306, currdatabase=kbe, username=kbe, connected=yes.

  INFO root [2019-06-20 08:41:10,568] - ThreadPool::createThreadPool: creating  threadpool...
  INFO root [2019-06-20 08:41:10,568] - ThreadPool::createThreadPool: successfully(5), newThreadCount=5, normalMaxThreadCount=5, maxThreadCount=5
 DEBUG root [2019-06-20 08:41:10,582] - DBInterfaceMysql::attach: connect: localhost:3306 starting...
 DEBUG root [2019-06-20 08:41:10,599] - DBInterfaceMysql::attach: connect: localhost:3306 starting...
 DEBUG root [2019-06-20 08:41:10,613] - DBInterfaceMysql::attach: connect: localhost:3306 starting...
 DEBUG root [2019-06-20 08:41:10,625] - DBInterfaceMysql::attach: connect: localhost:3306 starting...
 DEBUG root [2019-06-20 08:41:10,630] - DBInterfaceMysql::attach: connect: localhost:3306 starting...
 DEBUG root [2019-06-20 08:41:10,726] - DBInterfaceMysql::attach: successfully! addr: localhost:3306
 DEBUG root [2019-06-20 08:41:10,726] - DBThread::onStart(): 0x695058!
  INFO root [2019-06-20 08:41:10,728] - DBInterfaceMysql::query: successfully!
 DEBUG root [2019-06-20 08:41:10,817] - DBInterfaceMysql::attach: successfully! addr: localhost:3306
 DEBUG root [2019-06-20 08:41:10,817] - DBThread::onStart(): 0x6958d8!
 DEBUG root [2019-06-20 08:41:10,986] - DBInterfaceMysql::attach: successfully! addr: localhost:3306
 DEBUG root [2019-06-20 08:41:10,986] - DBThread::onStart(): 0x695a70!
  INFO root [2019-06-20 08:41:11,061] - DBInterfaceMysql::query: successfully!
  WARN root [2019-06-20 08:41:11,061] - DBTask::process(): took 0.33 seconds
sql:(CREATE TABLE IF NOT EXISTS kbe_accountinfos (`accountName` varchar(128) not null, PRIMARY KEY idKey (`accountName`),`password` varchar(255) not null,`bindata` blob,`email` varchar(191) not null, UNIQUE KEY `email` (`email`),`entityDBID` bigint(20) unsigned not null DEFAULT 0, UNIQUE KEY `entityDBID` (`entityDBID`),`flags` int unsigned not null DEFAULT 0,`deadline` bigint(20) not null DEFAULT 0,`regtime` bigint(20) not null DEFAULT 0,`lasttime` bigint(20) not null DEFAULT 0,`numlogin` int unsigned not null DEFAULT 0)ENGINE=InnoDB)
  INFO root [2019-06-20 08:41:11,103] - DBInterfaceMysql::query: successfully!
 DEBUG root [2019-06-20 08:41:11,232] - DBInterfaceMysql::attach: successfully! addr: localhost:3306
 DEBUG root [2019-06-20 08:41:11,232] - DBThread::onStart(): 0x695b80!
 DEBUG root [2019-06-20 08:41:11,387] - DBInterfaceMysql::attach: successfully! addr: localhost:3306
 DEBUG root [2019-06-20 08:41:11,387] - DBThread::onStart(): 0x695960!
  WARN root [2019-06-20 08:41:11,440] - DBTask::process(): took 0.38 seconds
sql:(show index from tbl_Room)
  INFO root [2019-06-20 08:41:11,672] - DBInterfaceMysql::query: successfully!
  INFO root [2019-06-20 08:41:11,719] - DBInterfaceMysql::query: successfully!
  INFO root [2019-06-20 08:41:11,720] - DBInterfaceMysql::query: successfully!
  INFO root [2019-06-20 08:41:12,095] - DBInterfaceMysql::query: successfully!
  INFO root [2019-06-20 08:41:12,097] - DBInterfaceMysql::query: successfully!
  INFO root [2019-06-20 08:41:12,099] - DBInterfaceMysql::query: successfully!
  WARN root [2019-06-20 08:41:12,099] - DBTask::process(): took 1.11 seconds
sql:(delete from kbe_email_verification where logtime<1560987672 and type=3)
  WARN root [2019-06-20 08:41:12,173] - DBTask::process(): took 1.36 seconds
sql:(select distinct(serverGroupID) from kbe_entitylog)
  WARN root [2019-06-20 08:41:12,301] - DBTask::process(): took 0.91 seconds
sql:(insert into kbe_serverlog (heartbeatTime, serverGroupID) values(1560991271,3960) ON DUPLICATE KEY UPDATE heartbeatTime=1560991271)
  WARN root [2019-06-20 08:41:12,371] - DBTask::process(): took 0.93 seconds
sql:(show index from tbl_Hall)
  WARN root [2019-06-20 08:41:12,372] - DBTask::process(): took 1.14 seconds
sql:(show index from tbl_Account)
  WARN root [2019-06-20 08:41:12,407] - d:\kbengine\kbe\src\server\dbmgr\dbmgr.cpp:306: Profile scriptCall took 2.42 seconds
  INFO root [2019-06-20 08:41:13,017] - ---- dbmgr is running ----
 DEBUG root [2019-06-20 08:41:13,018] - Components::process(): Request for the process of identity...
  INFO root [2019-06-20 08:41:19,212] - ServerApp::onRegisterNewApp: uid:3960, username:error_name, componentType:interfaces, componentID:3000, globalorderID=-1, grouporderID=-1, intaddr:192.168.56.1, intport:30099, extaddr:nonsupport, extport:0,  from 127.0.0.1:30099/0/0/0.
  INFO root [2019-06-20 08:41:19,213] - Components::addComponent: reset orderLog, uid=3960!
  INFO root [2019-06-20 08:41:19,213] - Components::addComponent[interfaces], uid=3960, componentID=3000, globalorderid=1, grouporderid=1, totalcount=1
  INFO root [2019-06-20 08:41:20,216] - Components::findComponents: find logger(1)...
  INFO root [2019-06-20 08:41:20,238] - Components::findComponents: found logger, addr:192.168.56.1:50334
  INFO root [2019-06-20 08:41:20,238] - Components::addComponent: reset orderLog, uid=3960!
  INFO root [2019-06-20 08:41:20,239] - Components::addComponent[logger], uid=3960, componentID=2000, globalorderid=1, grouporderid=1, totalcount=1
  WARN root [2019-06-20 08:41:20,241] - Forwarding logs to logger[192.168.56.1:50334/0/0/0]...
 ERROR root [2019-06-20 08:52:13,712] - Components::removeComponentByChannel: logger : 2000, Abnormal exit(reason=TCPPacketReceiver::processRecv(): error=10054
)! Channel(timestamp=108891542164, lastReceivedTime=108879256513, inactivityExceptionPeriod=134629891)
  INFO root [2019-06-20 08:52:13,720] - The following logs sent to logger failed:
  WARN root [2019-06-20 08:52:13,720] - ==> [2019-06-20 08:52:13 705] TCPPacketReceiver::processPendingEvents(192.168.56.1:50334): Throwing REASON_GENERAL_NETWORK - WSAECONNRESET
 ERROR root [2019-06-20 08:52:13,721] - ==> [2019-06-20 08:52:13 713] Components::removeComponentByChannel: logger : 2000, Abnormal exit(reason=TCPPacketReceiver::processRecv(): error=10054
)! Channel(timestamp=108891542164, lastReceivedTime=108879256513, inactivityExceptionPeriod=134629891)
  INFO root [2019-06-20 08:52:15,560] - 
  INFO root [2019-06-20 08:52:15,561] - -----------------------------------------------------------------------------------------


  INFO root [2019-06-20 08:52:15,562] - Resmgr::initialize: KBE_ROOT=D:/kbengine/
  INFO root [2019-06-20 08:52:15,562] - Resmgr::initialize: KBE_RES_PATH=D:/kbengine/kbe/res/;D:/kbengine/HappyPoker_assets/;D:/kbengine/HappyPoker_assets/scripts/;D:/kbengine/HappyPoker_assets/res/
  INFO root [2019-06-20 08:52:15,562] - Resmgr::initialize: KBE_BIN_PATH=D:/kbengine/kbe/bin/server/
  INFO root [2019-06-20 08:52:15,572] - NetworkInterface::initialize(INTERNAL-TCP): bound to all interfaces with default route interface on 192.168.56.1 ( 192.168.56.1:50428 )
  INFO root [2019-06-20 08:52:15,572] - NetworkInterface::initialize(INTERNAL-TCP): address 192.168.56.1:50428, SOMAXCONN=5.
  INFO root [2019-06-20 08:52:15,573] - server-configs:
  INFO root [2019-06-20 08:52:15,573] - 	internalTcpAddr : 192.168.56.1:50428
  INFO root [2019-06-20 08:52:15,573] - 	componentID : 4000
  WARN root [2019-06-20 08:52:15,577] - invalid UID(0) <= 0, please check UID for environment! automatically set to 3960.
  WARN root [2019-06-20 08:52:16,003] - BundleBroadcast::BundleBroadcast: Cannot bind to port 20925, errorno=10048
  INFO root [2019-06-20 08:52:16,008] - ---- dbmgr Version: 2.4.5. ScriptVersion: 0.1.0. Pythoncore: 3.7.3. Protocol: 11178A1C367680938C8E416B64844ACD. Config: Debug X86. Built: 09:55:16 May  8 2019. AppID: 4000. UID: 3960. PID: 10244 ----
  INFO root [2019-06-20 08:52:16,014] - Server error_name: Intel(R) Core(TM) i5-6300HQ CPU @ 2.30GHz with 2097151kB RAM
  INFO root [2019-06-20 08:52:16,014] - ThreadPool::createThreadPool: creating  threadpool...
  INFO root [2019-06-20 08:52:16,014] - ThreadPool::createThreadPool: successfully(2), newThreadCount=1, normalMaxThreadCount=2, maxThreadCount=8
  INFO root [2019-06-20 08:52:16,230] - Script::install(): is successfully, Python=(3.7.3 (default, May  8 2019, 09:53:38) [MSC v.1916 32 bit (Intel)])!
  INFO root [2019-06-20 08:52:16,231] - Script::install(): KBExtra is successfully!
  INFO root [2019-06-20 08:52:16,672] - Dbmgr::initializeEnd: digest(35046D1581FAE051845F0D5C10DF296E)
S_INFO root [2019-06-20 08:52:16,672] - onDBMgrReady: bootstrapGroupIndex=0, bootstrapGlobalIndex=0
  INFO root [2019-06-20 08:52:16,672] - TelnetServer server is running on port 32000
  INFO root [2019-06-20 08:52:16,679] - Dbmgr::initInterfacesHandler: interfaces addr(127.0.0.1:30099), accountType:(interfaces), chargeType:(interfaces).
  WARN root [2019-06-20 08:52:16,992] - DBUtil::initialize: db(default) password is not encrypted!
please use password(rsa):
762E889DB5874536FFE625AC87F63297EAAEF4AC4264C06F988572D721B9D4B98C220534577C2FF60003185EAFC38F5918480306870272AE5A4FFC5F67B4C603071DA80BCB8FBADBF09163CACD8D5430344A60DD2B1957C93E1BF2BA594F30E1DF1A1159933D8B0B138306A29D7DA428C413835F0AE94D3BF83252486B5E6A60
 DEBUG root [2019-06-20 08:52:16,996] - DBInterfaceMysql::attach: connect: localhost:3306 starting...
 DEBUG root [2019-06-20 08:52:17,123] - DBInterfaceMysql::attach: successfully! addr: localhost:3306
  INFO root [2019-06-20 08:52:17,123] - DBUtil::createInterface[0xaeef68]: interface=default, dbtype=mysql, ip=localhost, port=3306, currdatabase=kbe, username=kbe, connected=yes.

  INFO root [2019-06-20 08:52:17,123] - ThreadPool::createThreadPool: creating  threadpool...
  INFO root [2019-06-20 08:52:17,124] - ThreadPool::createThreadPool: successfully(5), newThreadCount=5, normalMaxThreadCount=5, maxThreadCount=5
 DEBUG root [2019-06-20 08:52:17,181] - DBInterfaceMysql::attach: connect: localhost:3306 starting...
 DEBUG root [2019-06-20 08:52:17,198] - DBInterfaceMysql::attach: connect: localhost:3306 starting...
 DEBUG root [2019-06-20 08:52:17,201] - DBInterfaceMysql::attach: connect: localhost:3306 starting...
 DEBUG root [2019-06-20 08:52:17,257] - DBInterfaceMysql::attach: connect: localhost:3306 starting...
 DEBUG root [2019-06-20 08:52:17,286] - DBInterfaceMysql::attach: connect: localhost:3306 starting...
 DEBUG root [2019-06-20 08:52:17,299] - DBInterfaceMysql::attach: successfully! addr: localhost:3306
 DEBUG root [2019-06-20 08:52:17,299] - DBThread::onStart(): 0x169ee8!
  INFO root [2019-06-20 08:52:17,301] - DBInterfaceMysql::query: successfully!
 DEBUG root [2019-06-20 08:52:17,392] - DBInterfaceMysql::attach: successfully! addr: localhost:3306
 DEBUG root [2019-06-20 08:52:17,392] - DBThread::onStart(): 0x169e60!
 DEBUG root [2019-06-20 08:52:17,515] - DBInterfaceMysql::attach: successfully! addr: localhost:3306
 DEBUG root [2019-06-20 08:52:17,515] - DBThread::onStart(): 0x169a20!
  INFO root [2019-06-20 08:52:17,588] - DBInterfaceMysql::query: successfully!
  WARN root [2019-06-20 08:52:17,588] - DBTask::process(): took 0.29 seconds
sql:(CREATE TABLE IF NOT EXISTS kbe_accountinfos (`accountName` varchar(128) not null, PRIMARY KEY idKey (`accountName`),`password` varchar(255) not null,`bindata` blob,`email` varchar(191) not null, UNIQUE KEY `email` (`email`),`entityDBID` bigint(20) unsigned not null DEFAULT 0, UNIQUE KEY `entityDBID` (`entityDBID`),`flags` int unsigned not null DEFAULT 0,`deadline` bigint(20) not null DEFAULT 0,`regtime` bigint(20) not null DEFAULT 0,`lasttime` bigint(20) not null DEFAULT 0,`numlogin` int unsigned not null DEFAULT 0)ENGINE=InnoDB)
  INFO root [2019-06-20 08:52:17,613] - DBInterfaceMysql::query: successfully!
  INFO root [2019-06-20 08:52:17,614] - DBInterfaceMysql::query: successfully!
  INFO root [2019-06-20 08:52:17,614] - DBInterfaceMysql::query: successfully!
  INFO root [2019-06-20 08:52:17,615] - DBInterfaceMysql::query: successfully!
  WARN root [2019-06-20 08:52:17,615] - DBTask::process(): took 0.22 seconds
sql:(delete from kbe_email_verification where logtime<1560988337 and type=3)
 DEBUG root [2019-06-20 08:52:17,700] - DBInterfaceMysql::attach: successfully! addr: localhost:3306
 DEBUG root [2019-06-20 08:52:17,700] - DBThread::onStart(): 0x1694d0!
 DEBUG root [2019-06-20 08:52:17,775] - DBInterfaceMysql::attach: successfully! addr: localhost:3306
 DEBUG root [2019-06-20 08:52:17,775] - DBThread::onStart(): 0x16a3b0!
  INFO root [2019-06-20 08:52:17,824] - DBInterfaceMysql::query: successfully!
  INFO root [2019-06-20 08:52:17,842] - DBInterfaceMysql::query: successfully!
  WARN root [2019-06-20 08:52:17,845] - DBTask::process(): took 0.23 seconds
sql:(show index from tbl_Hall)
  WARN root [2019-06-20 08:52:17,845] - DBTask::process(): took 0.26 seconds
sql:(show index from tbl_Room)
  INFO root [2019-06-20 08:52:17,937] - DBInterfaceMysql::query: successfully!
  WARN root [2019-06-20 08:52:17,938] - DBTask::process(): took 0.42 seconds
sql:(select distinct(serverGroupID) from kbe_entitylog)
  WARN root [2019-06-20 08:52:18,012] - DBTask::process(): took 0.31 seconds
sql:(insert into kbe_serverlog (heartbeatTime, serverGroupID) values(1560991937,3960) ON DUPLICATE KEY UPDATE heartbeatTime=1560991937)
  WARN root [2019-06-20 08:52:18,036] - d:\kbengine\kbe\src\server\dbmgr\dbmgr.cpp:306: Profile scriptCall took 1.37 seconds
  INFO root [2019-06-20 08:52:18,432] - ---- dbmgr is running ----
 DEBUG root [2019-06-20 08:52:18,432] - Components::process(): Request for the process of identity...
  INFO root [2019-06-20 08:52:24,544] - ServerApp::onRegisterNewApp: uid:3960, username:error_name, componentType:interfaces, componentID:3000, globalorderID=-1, grouporderID=-1, intaddr:192.168.56.1, intport:30099, extaddr:nonsupport, extport:0,  from 127.0.0.1:30099/0/0/0.
  INFO root [2019-06-20 08:52:24,544] - Components::addComponent: reset orderLog, uid=3960!
  INFO root [2019-06-20 08:52:24,545] - Components::addComponent[interfaces], uid=3960, componentID=3000, globalorderid=1, grouporderid=1, totalcount=1
  INFO root [2019-06-20 08:52:25,552] - Components::findComponents: find logger(1)...
  INFO root [2019-06-20 08:52:25,636] - Components::findComponents: found logger, addr:192.168.56.1:50434
  INFO root [2019-06-20 08:52:25,636] - Components::addComponent: reset orderLog, uid=3960!
  INFO root [2019-06-20 08:52:25,637] - Components::addComponent[logger], uid=3960, componentID=2000, globalorderid=1, grouporderid=1, totalcount=1
  WARN root [2019-06-20 08:52:25,638] - Forwarding logs to logger[192.168.56.1:50434/0/0/0]...
 ERROR root [2019-06-20 08:57:22,440] - Components::removeComponentByChannel: logger : 2000, Abnormal exit(reason=TCPPacketReceiver::processRecv(): error=10054
)! Channel(timestamp=109586154226, lastReceivedTime=109570996789, inactivityExceptionPeriod=134881617)
  INFO root [2019-06-20 08:57:22,445] - The following logs sent to logger failed:
  WARN root [2019-06-20 08:57:22,445] - ==> [2019-06-20 08:57:22 440] TCPPacketReceiver::processPendingEvents(192.168.56.1:50434): Throwing REASON_GENERAL_NETWORK - WSAECONNRESET
 ERROR root [2019-06-20 08:57:22,445] - ==> [2019-06-20 08:57:22 441] Components::removeComponentByChannel: logger : 2000, Abnormal exit(reason=TCPPacketReceiver::processRecv(): error=10054
)! Channel(timestamp=109586154226, lastReceivedTime=109570996789, inactivityExceptionPeriod=134881617)
  INFO root [2019-06-20 11:09:41,122] - 
  INFO root [2019-06-20 11:09:41,126] - -----------------------------------------------------------------------------------------


  INFO root [2019-06-20 11:09:41,127] - Resmgr::initialize: KBE_ROOT=D:/kbengine/
  INFO root [2019-06-20 11:09:41,127] - Resmgr::initialize: KBE_RES_PATH=D:/kbengine/kbe/res/;D:/kbengine/HappyPoker_assets/;D:/kbengine/HappyPoker_assets/scripts/;D:/kbengine/HappyPoker_assets/res/
  INFO root [2019-06-20 11:09:41,128] - Resmgr::initialize: KBE_BIN_PATH=D:/kbengine/kbe/bin/server/
  INFO root [2019-06-20 11:09:41,137] - NetworkInterface::initialize(INTERNAL-TCP): bound to all interfaces with default route interface on 192.168.56.1 ( 192.168.56.1:54046 )
  INFO root [2019-06-20 11:09:41,138] - NetworkInterface::initialize(INTERNAL-TCP): address 192.168.56.1:54046, SOMAXCONN=5.
  INFO root [2019-06-20 11:09:41,138] - server-configs:
  INFO root [2019-06-20 11:09:41,138] - 	internalTcpAddr : 192.168.56.1:54046
  INFO root [2019-06-20 11:09:41,138] - 	componentID : 4000
  WARN root [2019-06-20 11:09:41,138] - invalid UID(0) <= 0, please check UID for environment! automatically set to 3960.
  INFO root [2019-06-20 11:09:41,530] - Components::findLogger: found logger, addr:192.168.56.1:54043
  INFO root [2019-06-20 11:09:41,530] - Components::addComponent: reset orderLog, uid=3960!
  INFO root [2019-06-20 11:09:41,530] - Components::addComponent[logger], uid=3960, componentID=2000, globalorderid=1, grouporderid=1, totalcount=1
  INFO root [2019-06-20 11:09:41,546] - ---- dbmgr Version: 2.4.5. ScriptVersion: 0.1.0. Pythoncore: 3.7.3. Protocol: 11178A1C367680938C8E416B64844ACD. Config: Debug X86. Built: 09:55:16 May  8 2019. AppID: 4000. UID: 3960. PID: 8140 ----
  INFO root [2019-06-20 11:09:41,547] - Server error_name: Intel(R) Core(TM) i5-6300HQ CPU @ 2.30GHz with 2097151kB RAM
  INFO root [2019-06-20 11:09:41,547] - ThreadPool::createThreadPool: creating  threadpool...
  INFO root [2019-06-20 11:09:41,548] - ThreadPool::createThreadPool: successfully(2), newThreadCount=1, normalMaxThreadCount=2, maxThreadCount=8
  INFO root [2019-06-20 11:09:41,838] - Script::install(): is successfully, Python=(3.7.3 (default, May  8 2019, 09:53:38) [MSC v.1916 32 bit (Intel)])!
  INFO root [2019-06-20 11:09:41,838] - Script::install(): KBExtra is successfully!
  INFO root [2019-06-20 11:09:42,285] - Dbmgr::initializeEnd: digest(35046D1581FAE051845F0D5C10DF296E)
S_INFO root [2019-06-20 11:09:42,286] - onDBMgrReady: bootstrapGroupIndex=0, bootstrapGlobalIndex=0
  INFO root [2019-06-20 11:09:42,286] - TelnetServer server is running on port 32000
  INFO root [2019-06-20 11:09:42,287] - Dbmgr::initInterfacesHandler: interfaces addr(127.0.0.1:30099), accountType:(interfaces), chargeType:(interfaces).
  WARN root [2019-06-20 11:09:42,517] - DBUtil::initialize: db(default) password is not encrypted!
please use password(rsa):
46C4456789275BEC5C247A155B7112F78652717798F2296A9621161DE1381B8576E510F226415DDD88194E97A8F8AA843B072740CDAB3E3D1AEEE58702CB1CDAFEF308931D16A3ED9354F1500E0E31B03C1ABA1CCC0BF92DFDFE9DC21A40DEEE69D7FC1947FF00E7C2F004990995FE2CB01D5FC73E2A9540EAB2190BF515C56E
 DEBUG root [2019-06-20 11:09:42,520] - DBInterfaceMysql::attach: connect: localhost:3306 starting...
 DEBUG root [2019-06-20 11:09:42,635] - DBInterfaceMysql::attach: successfully! addr: localhost:3306
  INFO root [2019-06-20 11:09:42,635] - DBUtil::createInterface[0xd8ee28]: interface=default, dbtype=mysql, ip=localhost, port=3306, currdatabase=kbe, username=kbe, connected=yes.

  INFO root [2019-06-20 11:09:42,635] - ThreadPool::createThreadPool: creating  threadpool...
  INFO root [2019-06-20 11:09:42,635] - ThreadPool::createThreadPool: successfully(5), newThreadCount=5, normalMaxThreadCount=5, maxThreadCount=5
 DEBUG root [2019-06-20 11:09:42,637] - DBInterfaceMysql::attach: connect: localhost:3306 starting...
 DEBUG root [2019-06-20 11:09:42,643] - DBInterfaceMysql::attach: connect: localhost:3306 starting...
 DEBUG root [2019-06-20 11:09:42,654] - DBInterfaceMysql::attach: connect: localhost:3306 starting...
 DEBUG root [2019-06-20 11:09:42,668] - DBInterfaceMysql::attach: connect: localhost:3306 starting...
 DEBUG root [2019-06-20 11:09:42,673] - DBInterfaceMysql::attach: connect: localhost:3306 starting...
 DEBUG root [2019-06-20 11:09:42,716] - DBInterfaceMysql::attach: successfully! addr: localhost:3306
 DEBUG root [2019-06-20 11:09:42,717] - DBThread::onStart(): 0x11d8868!
 DEBUG root [2019-06-20 11:09:42,772] - DBInterfaceMysql::attach: successfully! addr: localhost:3306
 DEBUG root [2019-06-20 11:09:42,772] - DBThread::onStart(): 0x11d8a00!
 DEBUG root [2019-06-20 11:09:42,830] - DBInterfaceMysql::attach: successfully! addr: localhost:3306
 DEBUG root [2019-06-20 11:09:42,831] - DBThread::onStart(): 0x11d88f0!
 DEBUG root [2019-06-20 11:09:42,906] - DBInterfaceMysql::attach: successfully! addr: localhost:3306
 DEBUG root [2019-06-20 11:09:42,906] - DBThread::onStart(): 0x11d8978!
  INFO root [2019-06-20 11:09:42,963] - DBInterfaceMysql::query: successfully!
 DEBUG root [2019-06-20 11:09:43,039] - DBInterfaceMysql::attach: successfully! addr: localhost:3306
 DEBUG root [2019-06-20 11:09:43,039] - DBThread::onStart(): 0x11d8db8!
  INFO root [2019-06-20 11:09:43,096] - DBInterfaceMysql::query: successfully!
  INFO root [2019-06-20 11:09:43,114] - DBInterfaceMysql::query: successfully!
  INFO root [2019-06-20 11:09:43,114] - DBInterfaceMysql::query: successfully!
  INFO root [2019-06-20 11:09:43,114] - DBInterfaceMysql::query: successfully!
  INFO root [2019-06-20 11:09:43,164] - DBInterfaceMysql::query: successfully!
  INFO root [2019-06-20 11:09:43,165] - DBInterfaceMysql::query: successfully!
  INFO root [2019-06-20 11:09:43,165] - DBInterfaceMysql::query: successfully!
  WARN root [2019-06-20 11:09:43,166] - DBTask::process(): took 0.20 seconds
sql:(delete from kbe_email_verification where logtime<1560996583 and type=3)
  WARN root [2019-06-20 11:09:43,317] - DBTask::process(): took 0.35 seconds
sql:(insert into kbe_serverlog (heartbeatTime, serverGroupID) values(1561000183,3960) ON DUPLICATE KEY UPDATE heartbeatTime=1561000183)
  INFO root [2019-06-20 11:09:43,346] - DBInterfaceMysql::query: successfully!
  WARN root [2019-06-20 11:09:43,348] - DBTask::process(): took 0.31 seconds
sql:(select distinct(serverGroupID) from kbe_entitylog)
  WARN root [2019-06-20 11:09:43,389] - d:\kbengine\kbe\src\server\dbmgr\dbmgr.cpp:306: Profile scriptCall took 1.10 seconds
  INFO root [2019-06-20 11:09:43,975] - ---- dbmgr is running ----
 DEBUG root [2019-06-20 11:09:43,976] - Components::process(): Request for the process of identity...
  WARN root [2019-06-20 11:09:50,141] - Forwarding logs to logger[192.168.56.1:54043/0/0/0]...
 ERROR root [2019-06-20 11:11:24,930] - Components::removeComponentByChannel: logger : 2000, Abnormal exit(reason=TCPPacketReceiver::processRecv(): error=10054
)! Channel(timestamp=127690799367, lastReceivedTime=127659523603, inactivityExceptionPeriod=134884271)
  INFO root [2019-06-20 11:11:24,933] - The following logs sent to logger failed:
  WARN root [2019-06-20 11:11:24,933] - ==> [2019-06-20 11:11:24 928] TCPPacketReceiver::processPendingEvents(192.168.56.1:54043): Throwing REASON_GENERAL_NETWORK - WSAECONNRESET
 ERROR root [2019-06-20 11:11:24,933] - ==> [2019-06-20 11:11:24 932] Components::removeComponentByChannel: logger : 2000, Abnormal exit(reason=TCPPacketReceiver::processRecv(): error=10054
)! Channel(timestamp=127690799367, lastReceivedTime=127659523603, inactivityExceptionPeriod=134884271)
  INFO root [2019-06-20 11:14:10,717] - 
  INFO root [2019-06-20 11:14:10,720] - -----------------------------------------------------------------------------------------


  INFO root [2019-06-20 11:14:10,721] - Resmgr::initialize: KBE_ROOT=D:/kbengine/
  INFO root [2019-06-20 11:14:10,721] - Resmgr::initialize: KBE_RES_PATH=D:/kbengine/kbe/res/;D:/kbengine/HappyPoker_assets/;D:/kbengine/HappyPoker_assets/scripts/;D:/kbengine/HappyPoker_assets/res/
  INFO root [2019-06-20 11:14:10,721] - Resmgr::initialize: KBE_BIN_PATH=D:/kbengine/kbe/bin/server/
  INFO root [2019-06-20 11:14:10,748] - NetworkInterface::initialize(INTERNAL-TCP): bound to all interfaces with default route interface on 192.168.56.1 ( 192.168.56.1:54153 )
  INFO root [2019-06-20 11:14:10,748] - NetworkInterface::initialize(INTERNAL-TCP): address 192.168.56.1:54153, SOMAXCONN=5.
  INFO root [2019-06-20 11:14:10,748] - server-configs:
  INFO root [2019-06-20 11:14:10,748] - 	internalTcpAddr : 192.168.56.1:54153
  INFO root [2019-06-20 11:14:10,748] - 	componentID : 4000
  WARN root [2019-06-20 11:14:10,754] - invalid UID(0) <= 0, please check UID for environment! automatically set to 3960.
  INFO root [2019-06-20 11:14:12,264] - ---- dbmgr Version: 2.4.5. ScriptVersion: 0.1.0. Pythoncore: 3.7.3. Protocol: 11178A1C367680938C8E416B64844ACD. Config: Debug X86. Built: 09:55:16 May  8 2019. AppID: 4000. UID: 3960. PID: 17016 ----
  INFO root [2019-06-20 11:14:12,265] - Server error_name: Intel(R) Core(TM) i5-6300HQ CPU @ 2.30GHz with 2097151kB RAM
  INFO root [2019-06-20 11:14:12,265] - ThreadPool::createThreadPool: creating  threadpool...
  INFO root [2019-06-20 11:14:12,265] - ThreadPool::createThreadPool: successfully(2), newThreadCount=1, normalMaxThreadCount=2, maxThreadCount=8
  INFO root [2019-06-20 11:14:12,531] - Script::install(): is successfully, Python=(3.7.3 (default, May  8 2019, 09:53:38) [MSC v.1916 32 bit (Intel)])!
  INFO root [2019-06-20 11:14:12,532] - Script::install(): KBExtra is successfully!
  INFO root [2019-06-20 11:14:12,719] - Dbmgr::initializeEnd: digest(35046D1581FAE051845F0D5C10DF296E)
S_INFO root [2019-06-20 11:14:12,719] - onDBMgrReady: bootstrapGroupIndex=0, bootstrapGlobalIndex=0
  INFO root [2019-06-20 11:14:12,719] - TelnetServer server is running on port 32000
  INFO root [2019-06-20 11:14:12,720] - Dbmgr::initInterfacesHandler: interfaces addr(127.0.0.1:30099), accountType:(interfaces), chargeType:(interfaces).
  WARN root [2019-06-20 11:14:12,982] - DBUtil::initialize: db(default) password is not encrypted!
please use password(rsa):
CFBF8E7E2B8891C492AA900FEF080C4A72B56ED02F2BDA842694D3E7D4C43C9CD74A2E2B00655F29CDAC1A672C0B71182C826192725C36957B97936CFCAFB93A18006B59F97367F236FB6B4906CF041D53046DAA505D64683E56B1B120BDD460FF6AB3A226CF6C1B8B8459C899FA53CAE9D24FF8CFABD377C0BA2ED7EADF013E
 DEBUG root [2019-06-20 11:14:12,987] - DBInterfaceMysql::attach: connect: localhost:3306 starting...
 DEBUG root [2019-06-20 11:14:13,112] - DBInterfaceMysql::attach: successfully! addr: localhost:3306
  INFO root [2019-06-20 11:14:13,112] - DBUtil::createInterface[0x7ff408]: interface=default, dbtype=mysql, ip=localhost, port=3306, currdatabase=kbe, username=kbe, connected=yes.

  INFO root [2019-06-20 11:14:13,113] - ThreadPool::createThreadPool: creating  threadpool...
  INFO root [2019-06-20 11:14:13,113] - ThreadPool::createThreadPool: successfully(5), newThreadCount=5, normalMaxThreadCount=5, maxThreadCount=5
 DEBUG root [2019-06-20 11:14:13,150] - DBInterfaceMysql::attach: connect: localhost:3306 starting...
 DEBUG root [2019-06-20 11:14:13,167] - DBInterfaceMysql::attach: connect: localhost:3306 starting...
 DEBUG root [2019-06-20 11:14:13,184] - DBInterfaceMysql::attach: connect: localhost:3306 starting...
 DEBUG root [2019-06-20 11:14:13,192] - DBInterfaceMysql::attach: connect: localhost:3306 starting...
 DEBUG root [2019-06-20 11:14:13,192] - DBInterfaceMysql::attach: connect: localhost:3306 starting...
 DEBUG root [2019-06-20 11:14:13,253] - DBInterfaceMysql::attach: successfully! addr: localhost:3306
 DEBUG root [2019-06-20 11:14:13,253] - DBThread::onStart(): 0xc7c48!
  INFO root [2019-06-20 11:14:13,255] - DBInterfaceMysql::query: successfully!
 DEBUG root [2019-06-20 11:14:13,316] - DBInterfaceMysql::attach: successfully! addr: localhost:3306
 DEBUG root [2019-06-20 11:14:13,316] - DBThread::onStart(): 0xc8660!
 DEBUG root [2019-06-20 11:14:13,366] - DBInterfaceMysql::attach: successfully! addr: localhost:3306
 DEBUG root [2019-06-20 11:14:13,366] - DBThread::onStart(): 0xc7ab0!
 DEBUG root [2019-06-20 11:14:13,432] - DBInterfaceMysql::attach: successfully! addr: localhost:3306
 DEBUG root [2019-06-20 11:14:13,432] - DBThread::onStart(): 0xc7ef0!
  INFO root [2019-06-20 11:14:13,482] - DBInterfaceMysql::query: successfully!
  INFO root [2019-06-20 11:14:13,482] - DBInterfaceMysql::query: successfully!
  INFO root [2019-06-20 11:14:13,482] - DBInterfaceMysql::query: successfully!
  INFO root [2019-06-20 11:14:13,483] - DBInterfaceMysql::query: successfully!
  INFO root [2019-06-20 11:14:13,499] - DBInterfaceMysql::query: successfully!
  INFO root [2019-06-20 11:14:13,499] - DBInterfaceMysql::query: successfully!
  WARN root [2019-06-20 11:14:13,499] - DBTask::process(): took 0.24 seconds
sql:(CREATE TABLE IF NOT EXISTS kbe_accountinfos (`accountName` varchar(128) not null, PRIMARY KEY idKey (`accountName`),`password` varchar(255) not null,`bindata` blob,`email` varchar(191) not null, UNIQUE KEY `email` (`email`),`entityDBID` bigint(20) unsigned not null DEFAULT 0, UNIQUE KEY `entityDBID` (`entityDBID`),`flags` int unsigned not null DEFAULT 0,`deadline` bigint(20) not null DEFAULT 0,`regtime` bigint(20) not null DEFAULT 0,`lasttime` bigint(20) not null DEFAULT 0,`numlogin` int unsigned not null DEFAULT 0)ENGINE=InnoDB)
 DEBUG root [2019-06-20 11:14:13,582] - DBInterfaceMysql::attach: successfully! addr: localhost:3306
 DEBUG root [2019-06-20 11:14:13,583] - DBThread::onStart(): 0xc7b38!
  WARN root [2019-06-20 11:14:13,670] - DBTask::process(): took 0.30 seconds
sql:(insert into kbe_serverlog (heartbeatTime, serverGroupID) values(1561000453,3960) ON DUPLICATE KEY UPDATE heartbeatTime=1561000453)
  INFO root [2019-06-20 11:14:13,731] - DBInterfaceMysql::query: successfully!
  INFO root [2019-06-20 11:14:13,732] - DBInterfaceMysql::query: successfully!
  WARN root [2019-06-20 11:14:13,734] - DBTask::process(): took 0.30 seconds
sql:(select distinct(serverGroupID) from kbe_entitylog)
  WARN root [2019-06-20 11:14:13,786] - DBTask::process(): took 0.29 seconds
sql:(show index from tbl_Hall)
  WARN root [2019-06-20 11:14:13,818] - DBTask::process(): took 0.30 seconds
sql:(show index from tbl_Room)
  WARN root [2019-06-20 11:14:13,826] - DBTask::process(): took 0.20 seconds
sql:(show index from tbl_Account)
  WARN root [2019-06-20 11:14:13,872] - d:\kbengine\kbe\src\server\dbmgr\dbmgr.cpp:306: Profile scriptCall took 1.15 seconds
  INFO root [2019-06-20 11:14:14,588] - ---- dbmgr is running ----
 DEBUG root [2019-06-20 11:14:14,589] - Components::process(): Request for the process of identity...
  INFO root [2019-06-20 11:14:20,769] - ServerApp::onRegisterNewApp: uid:3960, username:error_name, componentType:interfaces, componentID:3000, globalorderID=-1, grouporderID=-1, intaddr:192.168.56.1, intport:30099, extaddr:nonsupport, extport:0,  from 127.0.0.1:30099/0/0/0.
  INFO root [2019-06-20 11:14:20,769] - Components::addComponent: reset orderLog, uid=3960!
  INFO root [2019-06-20 11:14:20,770] - Components::addComponent[interfaces], uid=3960, componentID=3000, globalorderid=1, grouporderid=1, totalcount=1
  WARN root [2019-06-20 11:14:20,771] - TCPPacketReceiver::processPendingEvents(192.168.56.1:54170): Throwing REASON_GENERAL_NETWORK - WSAECONNABORTED
  INFO root [2019-06-20 11:14:21,779] - Components::findComponents: find logger(1)...
  INFO root [2019-06-20 11:14:21,865] - Components::findComponents: found logger, addr:192.168.56.1:54151
  INFO root [2019-06-20 11:14:21,866] - Components::addComponent: reset orderLog, uid=3960!
  INFO root [2019-06-20 11:14:21,866] - Components::addComponent[logger], uid=3960, componentID=2000, globalorderid=1, grouporderid=1, totalcount=1
  WARN root [2019-06-20 11:14:21,867] - Forwarding logs to logger[192.168.56.1:54151/0/0/0]...
 ERROR root [2019-06-20 11:27:31,077] - Components::removeComponentByChannel: logger : 2000, Abnormal exit(reason=TCPPacketReceiver::processRecv(): error=10054
)! Channel(timestamp=129864630109, lastReceivedTime=129818577146, inactivityExceptionPeriod=134885102)
  INFO root [2019-06-20 11:27:31,086] - The following logs sent to logger failed:
  WARN root [2019-06-20 11:27:31,087] - ==> [2019-06-20 11:27:31 075] TCPPacketReceiver::processPendingEvents(192.168.56.1:54151): Throwing REASON_GENERAL_NETWORK - WSAECONNRESET
 ERROR root [2019-06-20 11:27:31,087] - ==> [2019-06-20 11:27:31 078] Components::removeComponentByChannel: logger : 2000, Abnormal exit(reason=TCPPacketReceiver::processRecv(): error=10054
)! Channel(timestamp=129864630109, lastReceivedTime=129818577146, inactivityExceptionPeriod=134885102)
