  INFO root [2019-05-10 21:08:33,267] - 
  INFO root [2019-05-10 21:08:33,267] - -----------------------------------------------------------------------------------------


  INFO root [2019-05-10 21:08:33,268] - Resmgr::initialize: KBE_ROOT=D:/kbengine/
  INFO root [2019-05-10 21:08:33,269] - Resmgr::initialize: KBE_RES_PATH=D:/kbengine/kbe/res/;D:/kbengine/HappyPoker_assets/;D:/kbengine/HappyPoker_assets/scripts/;D:/kbengine/HappyPoker_assets/res/
  INFO root [2019-05-10 21:08:33,269] - Resmgr::initialize: KBE_BIN_PATH=D:/kbengine/kbe/bin/server/
  INFO root [2019-05-10 21:08:33,281] - NetworkInterface::initialize(INTERNAL-TCP): bound to all interfaces with default route interface on 192.168.56.1 ( 192.168.56.1:57745 )
  INFO root [2019-05-10 21:08:33,282] - NetworkInterface::initialize(INTERNAL-TCP): address 192.168.56.1:57745, SOMAXCONN=5.
  INFO root [2019-05-10 21:08:33,282] - server-configs:
  INFO root [2019-05-10 21:08:33,282] - 	internalTcpAddr : 192.168.56.1:57745
  INFO root [2019-05-10 21:08:33,282] - 	componentID : 4000
  WARN root [2019-05-10 21:08:33,283] - invalid UID(0) <= 0, please check UID for environment! automatically set to 3960.
  INFO root [2019-05-10 21:08:33,352] - Components::findLogger: found logger, addr:192.168.56.1:57743
  INFO root [2019-05-10 21:08:33,352] - Components::addComponent: reset orderLog, uid=3960!
  INFO root [2019-05-10 21:08:33,353] - Components::addComponent[logger], uid=3960, componentID=2000, globalorderid=1, grouporderid=1, totalcount=1
  INFO root [2019-05-10 21:08:33,359] - ---- dbmgr Version: 2.4.5. ScriptVersion: 0.1.0. Pythoncore: 3.7.3. Protocol: 11178A1C367680938C8E416B64844ACD. Config: Debug X86. Built: 09:55:16 May  8 2019. AppID: 4000. UID: 3960. PID: 16880 ----
  INFO root [2019-05-10 21:08:33,359] - Server error_name: Intel(R) Core(TM) i5-6300HQ CPU @ 2.30GHz with 2097151kB RAM
  INFO root [2019-05-10 21:08:33,360] - ThreadPool::createThreadPool: creating  threadpool...
  INFO root [2019-05-10 21:08:33,360] - ThreadPool::createThreadPool: successfully(2), newThreadCount=1, normalMaxThreadCount=2, maxThreadCount=8
  INFO root [2019-05-10 21:08:33,563] - Script::install(): is successfully, Python=(3.7.3 (default, May  8 2019, 09:53:38) [MSC v.1916 32 bit (Intel)])!
  INFO root [2019-05-10 21:08:33,563] - Script::install(): KBExtra is successfully!
  INFO root [2019-05-10 21:08:34,000] - Dbmgr::initializeEnd: digest(74B55206BE52C3722A365A8BF863C5A3)
S_INFO root [2019-05-10 21:08:34,000] - onDBMgrReady: bootstrapGroupIndex=0, bootstrapGlobalIndex=0
  INFO root [2019-05-10 21:08:34,000] - TelnetServer server is running on port 32000
  INFO root [2019-05-10 21:08:34,001] - Dbmgr::initInterfacesHandler: interfaces addr(127.0.0.1:30099), accountType:(interfaces), chargeType:(interfaces).
  WARN root [2019-05-10 21:08:34,200] - DBUtil::initialize: db(default) password is not encrypted!
please use password(rsa):
326206163012825460AA565AD0DE74875C3570E1DF003D97C0D3475CF106EA29CFC07A712278FE7E7CECC2768159FF5E23A0468410849DCE4081200BD22D92DCEBA3963061279AF83E01E7FB818C765AA594D285E1E81DA308F627912CD61EFBB45451869AFC796A300FC7382A8591F9D86816F9B22330799598EBBFA4AB3103
 DEBUG root [2019-05-10 21:08:34,208] - DBInterfaceMysql::attach: connect: localhost:3306 starting...
 DEBUG root [2019-05-10 21:08:34,343] - DBInterfaceMysql::attach: successfully! addr: localhost:3306
  INFO root [2019-05-10 21:08:34,343] - DBUtil::createInterface[0x1cfedb8]: interface=default, dbtype=mysql, ip=localhost, port=3306, currdatabase=kbe, username=kbe, connected=yes.

  INFO root [2019-05-10 21:08:34,344] - ThreadPool::createThreadPool: creating  threadpool...
  INFO root [2019-05-10 21:08:34,344] - ThreadPool::createThreadPool: successfully(5), newThreadCount=5, normalMaxThreadCount=5, maxThreadCount=5
 DEBUG root [2019-05-10 21:08:34,345] - DBInterfaceMysql::attach: connect: localhost:3306 starting...
 DEBUG root [2019-05-10 21:08:34,345] - DBInterfaceMysql::attach: connect: localhost:3306 starting...
 DEBUG root [2019-05-10 21:08:34,345] - DBInterfaceMysql::attach: connect: localhost:3306 starting...
 DEBUG root [2019-05-10 21:08:34,345] - DBInterfaceMysql::attach: connect: localhost:3306 starting...
 DEBUG root [2019-05-10 21:08:34,362] - DBInterfaceMysql::attach: connect: localhost:3306 starting...
 DEBUG root [2019-05-10 21:08:34,466] - DBInterfaceMysql::attach: successfully! addr: localhost:3306
 DEBUG root [2019-05-10 21:08:34,467] - DBThread::onStart(): 0x1ffc050!
 DEBUG root [2019-05-10 21:08:34,605] - DBInterfaceMysql::attach: successfully! addr: localhost:3306
 DEBUG root [2019-05-10 21:08:34,613] - DBThread::onStart(): 0x1ffbfc8!
 DEBUG root [2019-05-10 21:08:34,730] - DBInterfaceMysql::attach: successfully! addr: localhost:3306
 DEBUG root [2019-05-10 21:08:34,730] - DBThread::onStart(): 0x1ffbf40!
  INFO root [2019-05-10 21:08:34,734] - DBInterfaceMysql::query: successfully!
  WARN root [2019-05-10 21:08:34,734] - DBInterfaceMysql::checkErrors: not found Account table(dbInterface=default), reset kbe_* table...
 DEBUG root [2019-05-10 21:08:34,830] - DBInterfaceMysql::attach: successfully! addr: localhost:3306
 DEBUG root [2019-05-10 21:08:34,830] - DBThread::onStart(): 0x1ffbb00!
 DEBUG root [2019-05-10 21:08:34,897] - DBInterfaceMysql::attach: successfully! addr: localhost:3306
 DEBUG root [2019-05-10 21:08:34,897] - DBThread::onStart(): 0x4446858!
  WARN root [2019-05-10 21:08:36,164] - DBInterfaceMysql::checkErrors: reset kbe_* table(dbInterface=default) end!
  INFO root [2019-05-10 21:08:36,188] - DBInterfaceMysql::query: successfully!
  INFO root [2019-05-10 21:08:36,261] - DBInterfaceMysql::query: successfully!
  INFO root [2019-05-10 21:08:36,316] - DBInterfaceMysql::query: successfully!
  WARN root [2019-05-10 21:08:36,590] - DBTask::process(): took 0.43 seconds
sql:(insert into kbe_serverlog (heartbeatTime, serverGroupID) values(1557493716,3960) ON DUPLICATE KEY UPDATE heartbeatTime=1557493716)
 DEBUG root [2019-05-10 21:08:36,676] - DBInterfaceMysql::dropEntityTableItemFromDB: tbl_Room sm_roomKey.
  INFO root [2019-05-10 21:08:39,781] - DBInterfaceMysql::query: successfully!
  WARN root [2019-05-10 21:08:39,781] - DBTask::process(): took 3.62 seconds
sql:(CREATE TABLE IF NOT EXISTS kbe_accountinfos (`accountName` varchar(128) not null, PRIMARY KEY idKey (`accountName`),`password` varchar(255) not null,`bindata` blob,`email` varchar(191) not null, UNIQUE KEY `email` (`email`),`entityDBID` bigint(20) unsigned not null DEFAULT 0, UNIQUE KEY `entityDBID` (`entityDBID`),`flags` int unsigned not null DEFAULT 0,`deadline` bigint(20) not null DEFAULT 0,`regtime` bigint(20) not null DEFAULT 0,`lasttime` bigint(20) not null DEFAULT 0,`numlogin` int unsigned not null DEFAULT 0)ENGINE=InnoDB)
  INFO root [2019-05-10 21:08:40,043] - DBInterfaceMysql::query: successfully!
 DEBUG root [2019-05-10 21:08:40,050] - syncToDB(): Hall->sm_autoLoad(tinyint not null DEFAULT 0).
  INFO root [2019-05-10 21:08:40,152] - DBInterfaceMysql::query: successfully!
  INFO root [2019-05-10 21:08:40,153] - DBInterfaceMysql::query: successfully!
  INFO root [2019-05-10 21:08:40,153] - DBInterfaceMysql::query: successfully!
  WARN root [2019-05-10 21:08:40,153] - DBTask::process(): took 3.99 seconds
sql:(delete from kbe_email_verification where logtime<1557490120 and type=3)
  INFO root [2019-05-10 21:08:41,416] - DBInterfaceMysql::query: successfully!
 DEBUG root [2019-05-10 21:08:41,431] - syncToDB(): Account->sm_autoLoad(tinyint not null DEFAULT 0).
  WARN root [2019-05-10 21:08:41,513] - DBTask::process(): took 5.20 seconds
sql:(show index from tbl_Room)
  INFO root [2019-05-10 21:08:42,311] - DBInterfaceMysql::query: successfully!
  WARN root [2019-05-10 21:08:42,410] - DBTask::process(): took 5.82 seconds
sql:(show index from tbl_Hall)
  INFO root [2019-05-10 21:08:42,634] - DBInterfaceMysql::query: successfully!
 DEBUG root [2019-05-10 21:08:42,635] - syncToDB(): Account->sm_playerName(varchar(255) not null DEFAULT '').
 DEBUG root [2019-05-10 21:08:42,864] - syncToDB(): Account->sm_playerId(smallint unsigned not null DEFAULT 0).
 DEBUG root [2019-05-10 21:08:43,289] - syncToDB(): Account->sm_playerBean(int not null DEFAULT 0).
 DEBUG root [2019-05-10 21:08:43,818] - syncToDB(): Account->sm_playerNew(tinyint unsigned not null DEFAULT 1).
 DEBUG root [2019-05-10 21:08:44,479] - syncToDB(): Account->sm_0_position(float not null DEFAULT 0).
 DEBUG root [2019-05-10 21:08:44,789] - syncToDB(): Account->sm_1_position(float not null DEFAULT 0).
 DEBUG root [2019-05-10 21:08:45,161] - syncToDB(): Account->sm_2_position(float not null DEFAULT 0).
 DEBUG root [2019-05-10 21:08:45,685] - syncToDB(): Account->sm_0_direction(float not null DEFAULT 0).
 DEBUG root [2019-05-10 21:08:46,197] - syncToDB(): Account->sm_1_direction(float not null DEFAULT 0).
 DEBUG root [2019-05-10 21:08:46,521] - syncToDB(): Account->sm_2_direction(float not null DEFAULT 0).
  WARN root [2019-05-10 21:08:47,263] - DBTask::process(): took 11.10 seconds
sql:(show index from tbl_Account)
 DEBUG root [2019-05-10 21:08:47,299] - DBInterfaceMysql::dropEntityTableFromDB: tbl_avatar.
  INFO root [2019-05-10 21:08:48,071] - DBInterfaceMysql::query: successfully!
 DEBUG root [2019-05-10 21:08:48,072] - DBInterfaceMysql::dropEntityTableFromDB: tbl_food.
  INFO root [2019-05-10 21:08:48,366] - DBInterfaceMysql::query: successfully!
 DEBUG root [2019-05-10 21:08:48,366] - DBInterfaceMysql::dropEntityTableFromDB: tbl_halls.
  INFO root [2019-05-10 21:08:49,271] - DBInterfaceMysql::query: successfully!
 DEBUG root [2019-05-10 21:08:49,272] - DBInterfaceMysql::dropEntityTableFromDB: tbl_smash.
  INFO root [2019-05-10 21:08:50,355] - DBInterfaceMysql::query: successfully!
  WARN root [2019-05-10 21:08:50,356] - d:\kbengine\kbe\src\server\dbmgr\dbmgr.cpp:306: Profile scriptCall took 16.36 seconds
  INFO root [2019-05-10 21:08:50,787] - ---- dbmgr is running ----
 DEBUG root [2019-05-10 21:08:50,787] - Components::process(): Request for the process of identity...
  WARN root [2019-05-10 21:08:56,927] - Forwarding logs to logger[192.168.56.1:57743/0/0/0]...
 ERROR root [2019-05-10 21:14:45,939] - Components::removeComponentByChannel: logger : 2000, Abnormal exit(reason=TCPPacketReceiver::processRecv(): error=10054
)! Channel(timestamp=797149168014, lastReceivedTime=797147216671, inactivityExceptionPeriod=134881681)
  INFO root [2019-05-10 21:14:45,943] - The following logs sent to logger failed:
  INFO root [2019-05-10 21:14:47,695] - 
  INFO root [2019-05-10 21:14:47,696] - -----------------------------------------------------------------------------------------


  INFO root [2019-05-10 21:14:47,697] - Resmgr::initialize: KBE_ROOT=D:/kbengine/
  INFO root [2019-05-10 21:14:47,697] - Resmgr::initialize: KBE_RES_PATH=D:/kbengine/kbe/res/;D:/kbengine/HappyPoker_assets/;D:/kbengine/HappyPoker_assets/scripts/;D:/kbengine/HappyPoker_assets/res/
  INFO root [2019-05-10 21:14:47,697] - Resmgr::initialize: KBE_BIN_PATH=D:/kbengine/kbe/bin/server/
  INFO root [2019-05-10 21:14:47,714] - NetworkInterface::initialize(INTERNAL-TCP): bound to all interfaces with default route interface on 192.168.56.1 ( 192.168.56.1:57843 )
  INFO root [2019-05-10 21:14:47,714] - NetworkInterface::initialize(INTERNAL-TCP): address 192.168.56.1:57843, SOMAXCONN=5.
  INFO root [2019-05-10 21:14:47,714] - server-configs:
  INFO root [2019-05-10 21:14:47,714] - 	internalTcpAddr : 192.168.56.1:57843
  INFO root [2019-05-10 21:14:47,714] - 	componentID : 4000
  WARN root [2019-05-10 21:14:47,716] - invalid UID(0) <= 0, please check UID for environment! automatically set to 3960.
  INFO root [2019-05-10 21:14:49,224] - ---- dbmgr Version: 2.4.5. ScriptVersion: 0.1.0. Pythoncore: 3.7.3. Protocol: 11178A1C367680938C8E416B64844ACD. Config: Debug X86. Built: 09:55:16 May  8 2019. AppID: 4000. UID: 3960. PID: 12800 ----
  INFO root [2019-05-10 21:14:49,224] - Server error_name: Intel(R) Core(TM) i5-6300HQ CPU @ 2.30GHz with 2097151kB RAM
  INFO root [2019-05-10 21:14:49,225] - ThreadPool::createThreadPool: creating  threadpool...
  INFO root [2019-05-10 21:14:49,225] - ThreadPool::createThreadPool: successfully(2), newThreadCount=1, normalMaxThreadCount=2, maxThreadCount=8
  INFO root [2019-05-10 21:14:49,428] - Script::install(): is successfully, Python=(3.7.3 (default, May  8 2019, 09:53:38) [MSC v.1916 32 bit (Intel)])!
  INFO root [2019-05-10 21:14:49,429] - Script::install(): KBExtra is successfully!
  INFO root [2019-05-10 21:14:49,542] - Dbmgr::initializeEnd: digest(74B55206BE52C3722A365A8BF863C5A3)
S_INFO root [2019-05-10 21:14:49,542] - onDBMgrReady: bootstrapGroupIndex=0, bootstrapGlobalIndex=0
  INFO root [2019-05-10 21:14:49,543] - TelnetServer server is running on port 32000
  INFO root [2019-05-10 21:14:49,544] - Dbmgr::initInterfacesHandler: interfaces addr(127.0.0.1:30099), accountType:(interfaces), chargeType:(interfaces).
  WARN root [2019-05-10 21:14:49,745] - DBUtil::initialize: db(default) password is not encrypted!
please use password(rsa):
52F18678B29000D28165A3AB3BEA961E31E209A6EB18BE488B7544F46B8D02059E1C84BFFD30BD530A7B2919302FFB669E6FFEE5BB4FE4B5EE3C6C1E22266A8D1DC374B8C204DB7D302A242509D91974F829E39E1020DCB431E87E866A53154091A9F2FEBB79E419924C8BB0EF09FDD9790357BE56C219433C51F267A31B7B69
 DEBUG root [2019-05-10 21:14:49,752] - DBInterfaceMysql::attach: connect: localhost:3306 starting...
 DEBUG root [2019-05-10 21:14:49,907] - DBInterfaceMysql::attach: successfully! addr: localhost:3306
  INFO root [2019-05-10 21:14:49,907] - DBUtil::createInterface[0x7aece0]: interface=default, dbtype=mysql, ip=localhost, port=3306, currdatabase=kbe, username=kbe, connected=yes.

  INFO root [2019-05-10 21:14:49,908] - ThreadPool::createThreadPool: creating  threadpool...
  INFO root [2019-05-10 21:14:49,908] - ThreadPool::createThreadPool: successfully(5), newThreadCount=5, normalMaxThreadCount=5, maxThreadCount=5
 DEBUG root [2019-05-10 21:14:49,943] - DBInterfaceMysql::attach: connect: localhost:3306 starting...
 DEBUG root [2019-05-10 21:14:49,960] - DBInterfaceMysql::attach: connect: localhost:3306 starting...
 DEBUG root [2019-05-10 21:14:49,975] - DBInterfaceMysql::attach: connect: localhost:3306 starting...
 DEBUG root [2019-05-10 21:14:50,028] - DBInterfaceMysql::attach: successfully! addr: localhost:3306
 DEBUG root [2019-05-10 21:14:50,028] - DBThread::onStart(): 0xf2d40!
 DEBUG root [2019-05-10 21:14:50,032] - DBInterfaceMysql::attach: connect: localhost:3306 starting...
 DEBUG root [2019-05-10 21:14:50,062] - DBInterfaceMysql::attach: connect: localhost:3306 starting...
  INFO root [2019-05-10 21:14:50,064] - DBInterfaceMysql::query: successfully!
 DEBUG root [2019-05-10 21:14:50,116] - DBInterfaceMysql::attach: successfully! addr: localhost:3306
 DEBUG root [2019-05-10 21:14:50,116] - DBThread::onStart(): 0xf2988!
 DEBUG root [2019-05-10 21:14:50,201] - DBInterfaceMysql::attach: successfully! addr: localhost:3306
 DEBUG root [2019-05-10 21:14:50,201] - DBThread::onStart(): 0xf2a10!
  INFO root [2019-05-10 21:14:50,257] - DBInterfaceMysql::query: successfully!
  INFO root [2019-05-10 21:14:50,274] - DBInterfaceMysql::query: successfully!
  INFO root [2019-05-10 21:14:50,274] - DBInterfaceMysql::query: successfully!
  WARN root [2019-05-10 21:14:50,275] - DBTask::process(): took 0.21 seconds
sql:(CREATE TABLE IF NOT EXISTS kbe_accountinfos (`accountName` varchar(128) not null, PRIMARY KEY idKey (`accountName`),`password` varchar(255) not null,`bindata` blob,`email` varchar(191) not null, UNIQUE KEY `email` (`email`),`entityDBID` bigint(20) unsigned not null DEFAULT 0, UNIQUE KEY `entityDBID` (`entityDBID`),`flags` int unsigned not null DEFAULT 0,`deadline` bigint(20) not null DEFAULT 0,`regtime` bigint(20) not null DEFAULT 0,`lasttime` bigint(20) not null DEFAULT 0,`numlogin` int unsigned not null DEFAULT 0)ENGINE=InnoDB)
 DEBUG root [2019-05-10 21:14:50,482] - DBInterfaceMysql::attach: successfully! addr: localhost:3306
 DEBUG root [2019-05-10 21:14:50,482] - DBThread::onStart(): 0xf2ba8!
  INFO root [2019-05-10 21:14:50,547] - DBInterfaceMysql::query: successfully!
  WARN root [2019-05-10 21:14:50,548] - DBTask::process(): took 0.35 seconds
sql:(insert into kbe_serverlog (heartbeatTime, serverGroupID) values(1557494090,3960) ON DUPLICATE KEY UPDATE heartbeatTime=1557494090)
  WARN root [2019-05-10 21:14:50,558] - DBTask::process(): took 0.43 seconds
sql:(select distinct(serverGroupID) from kbe_entitylog)
 DEBUG root [2019-05-10 21:14:50,598] - DBInterfaceMysql::attach: successfully! addr: localhost:3306
 DEBUG root [2019-05-10 21:14:50,598] - DBThread::onStart(): 0xf2fe8!
  INFO root [2019-05-10 21:14:50,665] - DBInterfaceMysql::query: successfully!
  WARN root [2019-05-10 21:14:50,668] - DBTask::process(): took 0.39 seconds
sql:(show index from tbl_Room)
  INFO root [2019-05-10 21:14:50,687] - DBInterfaceMysql::query: successfully!
  INFO root [2019-05-10 21:14:50,688] - DBInterfaceMysql::query: successfully!
  INFO root [2019-05-10 21:14:50,688] - DBInterfaceMysql::query: successfully!
  WARN root [2019-05-10 21:14:50,689] - DBTask::process(): took 0.21 seconds
sql:(delete from kbe_email_verification where logtime<1557490490 and type=3)
  WARN root [2019-05-10 21:14:50,712] - d:\kbengine\kbe\src\server\dbmgr\dbmgr.cpp:306: Profile scriptCall took 1.17 seconds
  INFO root [2019-05-10 21:14:51,098] - ---- dbmgr is running ----
 DEBUG root [2019-05-10 21:14:51,099] - Components::process(): Request for the process of identity...
  INFO root [2019-05-10 21:14:57,264] - ServerApp::onRegisterNewApp: uid:3960, username:error_name, componentType:interfaces, componentID:3000, globalorderID=-1, grouporderID=-1, intaddr:192.168.56.1, intport:30099, extaddr:nonsupport, extport:0,  from 127.0.0.1:30099/0/0/0.
  INFO root [2019-05-10 21:14:57,265] - Components::addComponent: reset orderLog, uid=3960!
  INFO root [2019-05-10 21:14:57,265] - Components::addComponent[interfaces], uid=3960, componentID=3000, globalorderid=1, grouporderid=1, totalcount=1
  WARN root [2019-05-10 21:14:57,265] - TCPPacketReceiver::processPendingEvents(192.168.56.1:57867): Throwing REASON_GENERAL_NETWORK - WSAECONNABORTED
  INFO root [2019-05-10 21:14:58,282] - Components::findComponents: find logger(1)...
  INFO root [2019-05-10 21:14:58,375] - Components::findComponents: found logger, addr:192.168.56.1:57846
  INFO root [2019-05-10 21:14:58,375] - Components::addComponent: reset orderLog, uid=3960!
  INFO root [2019-05-10 21:14:58,376] - Components::addComponent[logger], uid=3960, componentID=2000, globalorderid=1, grouporderid=1, totalcount=1
  WARN root [2019-05-10 21:14:58,377] - Forwarding logs to logger[192.168.56.1:57846/0/0/0]...
 ERROR root [2019-05-10 21:16:03,935] - Components::removeComponentByChannel: logger : 2000, Abnormal exit(reason=TCPPacketReceiver::processRecv(): error=10054
)! Channel(timestamp=797324657559, lastReceivedTime=797288323998, inactivityExceptionPeriod=134886605)
  INFO root [2019-05-10 21:16:03,938] - The following logs sent to logger failed:
  WARN root [2019-05-10 21:16:03,962] - ==> [2019-05-10 21:16:03 934] TCPPacketReceiver::processPendingEvents(192.168.56.1:57846): Throwing REASON_GENERAL_NETWORK - WSAECONNRESET
 ERROR root [2019-05-10 21:16:03,962] - ==> [2019-05-10 21:16:03 935] Components::removeComponentByChannel: logger : 2000, Abnormal exit(reason=TCPPacketReceiver::processRecv(): error=10054
)! Channel(timestamp=797324657559, lastReceivedTime=797288323998, inactivityExceptionPeriod=134886605)
  INFO root [2019-05-10 21:16:41,855] - 
  INFO root [2019-05-10 21:16:41,891] - -----------------------------------------------------------------------------------------


  INFO root [2019-05-10 21:16:41,893] - Resmgr::initialize: KBE_ROOT=D:/kbengine/
  INFO root [2019-05-10 21:16:41,894] - Resmgr::initialize: KBE_RES_PATH=D:/kbengine/kbe/res/;D:/kbengine/HappyPoker_assets/;D:/kbengine/HappyPoker_assets/scripts/;D:/kbengine/HappyPoker_assets/res/
  INFO root [2019-05-10 21:16:41,894] - Resmgr::initialize: KBE_BIN_PATH=D:/kbengine/kbe/bin/server/
  INFO root [2019-05-10 21:16:41,956] - NetworkInterface::initialize(INTERNAL-TCP): bound to all interfaces with default route interface on 192.168.56.1 ( 192.168.56.1:57923 )
  INFO root [2019-05-10 21:16:41,956] - NetworkInterface::initialize(INTERNAL-TCP): address 192.168.56.1:57923, SOMAXCONN=5.
  INFO root [2019-05-10 21:16:41,962] - server-configs:
  INFO root [2019-05-10 21:16:41,962] - 	internalTcpAddr : 192.168.56.1:57923
  INFO root [2019-05-10 21:16:41,962] - 	componentID : 4000
  WARN root [2019-05-10 21:16:41,965] - invalid UID(0) <= 0, please check UID for environment! automatically set to 3960.
  WARN root [2019-05-10 21:16:42,382] - BundleBroadcast::BundleBroadcast: Cannot bind to port 20078, errorno=10048
  INFO root [2019-05-10 21:16:42,386] - ---- dbmgr Version: 2.4.5. ScriptVersion: 0.1.0. Pythoncore: 3.7.3. Protocol: 11178A1C367680938C8E416B64844ACD. Config: Debug X86. Built: 09:55:16 May  8 2019. AppID: 4000. UID: 3960. PID: 13788 ----
  INFO root [2019-05-10 21:16:42,387] - Server error_name: Intel(R) Core(TM) i5-6300HQ CPU @ 2.30GHz with 2097151kB RAM
  INFO root [2019-05-10 21:16:42,387] - ThreadPool::createThreadPool: creating  threadpool...
  INFO root [2019-05-10 21:16:42,387] - ThreadPool::createThreadPool: successfully(2), newThreadCount=1, normalMaxThreadCount=2, maxThreadCount=8
  INFO root [2019-05-10 21:16:42,590] - Script::install(): is successfully, Python=(3.7.3 (default, May  8 2019, 09:53:38) [MSC v.1916 32 bit (Intel)])!
  INFO root [2019-05-10 21:16:42,590] - Script::install(): KBExtra is successfully!
  INFO root [2019-05-10 21:16:42,719] - Dbmgr::initializeEnd: digest(74B55206BE52C3722A365A8BF863C5A3)
S_INFO root [2019-05-10 21:16:42,720] - onDBMgrReady: bootstrapGroupIndex=0, bootstrapGlobalIndex=0
  INFO root [2019-05-10 21:16:42,720] - TelnetServer server is running on port 32000
  INFO root [2019-05-10 21:16:42,720] - Dbmgr::initInterfacesHandler: interfaces addr(127.0.0.1:30099), accountType:(interfaces), chargeType:(interfaces).
  WARN root [2019-05-10 21:16:42,934] - DBUtil::initialize: db(default) password is not encrypted!
please use password(rsa):
8D2029B6C09890897995ADDD72AB63872232B15EAF9EBBC93E5424362A3E5C4D12AB4DFC5448EB7FBA2A210BF335E1F81FD02A8F9C322A689BEDC38AD57A56BF85D1C6FAAABCFEE2A0EEB103C4C10B110F22EA3E0D472EF163BCF3DD55181AADCAE459C175E755585D46C80AFF3297A4AF59F436225129E9EC85A86D863D1515
 DEBUG root [2019-05-10 21:16:42,938] - DBInterfaceMysql::attach: connect: localhost:3306 starting...
 DEBUG root [2019-05-10 21:16:43,105] - DBInterfaceMysql::attach: successfully! addr: localhost:3306
  INFO root [2019-05-10 21:16:43,105] - DBUtil::createInterface[0x1cfed58]: interface=default, dbtype=mysql, ip=localhost, port=3306, currdatabase=kbe, username=kbe, connected=yes.

  INFO root [2019-05-10 21:16:43,105] - ThreadPool::createThreadPool: creating  threadpool...
  INFO root [2019-05-10 21:16:43,106] - ThreadPool::createThreadPool: successfully(5), newThreadCount=5, normalMaxThreadCount=5, maxThreadCount=5
 DEBUG root [2019-05-10 21:16:43,106] - DBInterfaceMysql::attach: connect: localhost:3306 starting...
 DEBUG root [2019-05-10 21:16:43,107] - DBInterfaceMysql::attach: connect: localhost:3306 starting...
 DEBUG root [2019-05-10 21:16:43,123] - DBInterfaceMysql::attach: connect: localhost:3306 starting...
 DEBUG root [2019-05-10 21:16:43,124] - DBInterfaceMysql::attach: connect: localhost:3306 starting...
 DEBUG root [2019-05-10 21:16:43,133] - DBInterfaceMysql::attach: connect: localhost:3306 starting...
 DEBUG root [2019-05-10 21:16:43,214] - DBInterfaceMysql::attach: successfully! addr: localhost:3306
 DEBUG root [2019-05-10 21:16:43,214] - DBThread::onStart(): 0x1e74be0!
 DEBUG root [2019-05-10 21:16:43,299] - DBInterfaceMysql::attach: successfully! addr: localhost:3306
 DEBUG root [2019-05-10 21:16:43,299] - DBThread::onStart(): 0x1e748b0!
  INFO root [2019-05-10 21:16:43,301] - DBInterfaceMysql::query: successfully!
 DEBUG root [2019-05-10 21:16:43,374] - DBInterfaceMysql::attach: successfully! addr: localhost:3306
 DEBUG root [2019-05-10 21:16:43,374] - DBThread::onStart(): 0x1e752c8!
 DEBUG root [2019-05-10 21:16:43,418] - DBInterfaceMysql::attach: successfully! addr: localhost:3306
 DEBUG root [2019-05-10 21:16:43,418] - DBThread::onStart(): 0x1e74cf0!
  INFO root [2019-05-10 21:16:43,541] - DBInterfaceMysql::query: successfully!
  WARN root [2019-05-10 21:16:43,541] - DBTask::process(): took 0.24 seconds
sql:(CREATE TABLE IF NOT EXISTS kbe_accountinfos (`accountName` varchar(128) not null, PRIMARY KEY idKey (`accountName`),`password` varchar(255) not null,`bindata` blob,`email` varchar(191) not null, UNIQUE KEY `email` (`email`),`entityDBID` bigint(20) unsigned not null DEFAULT 0, UNIQUE KEY `entityDBID` (`entityDBID`),`flags` int unsigned not null DEFAULT 0,`deadline` bigint(20) not null DEFAULT 0,`regtime` bigint(20) not null DEFAULT 0,`lasttime` bigint(20) not null DEFAULT 0,`numlogin` int unsigned not null DEFAULT 0)ENGINE=InnoDB)
  INFO root [2019-05-10 21:16:43,607] - DBInterfaceMysql::query: successfully!
 DEBUG root [2019-05-10 21:16:43,782] - DBInterfaceMysql::attach: successfully! addr: localhost:3306
 DEBUG root [2019-05-10 21:16:43,782] - DBThread::onStart(): 0x1e75020!
  WARN root [2019-05-10 21:16:43,783] - DBTask::process(): took 0.41 seconds
sql:(show index from tbl_Account)
  INFO root [2019-05-10 21:16:43,824] - DBInterfaceMysql::query: successfully!
  WARN root [2019-05-10 21:16:43,825] - DBTask::process(): took 0.52 seconds
sql:(select distinct(serverGroupID) from kbe_entitylog)
  INFO root [2019-05-10 21:16:43,863] - DBInterfaceMysql::query: successfully!
  INFO root [2019-05-10 21:16:43,863] - DBInterfaceMysql::query: successfully!
  INFO root [2019-05-10 21:16:43,863] - DBInterfaceMysql::query: successfully!
  INFO root [2019-05-10 21:16:43,863] - DBInterfaceMysql::query: successfully!
  INFO root [2019-05-10 21:16:43,864] - DBInterfaceMysql::query: successfully!
  WARN root [2019-05-10 21:16:43,864] - DBTask::process(): took 0.45 seconds
sql:(delete from kbe_email_verification where logtime<1557490603 and type=3)
  WARN root [2019-05-10 21:16:43,888] - DBTask::process(): took 0.32 seconds
sql:(show index from tbl_Room)
  WARN root [2019-05-10 21:16:43,972] - d:\kbengine\kbe\src\server\dbmgr\dbmgr.cpp:306: Profile scriptCall took 1.25 seconds
  INFO root [2019-05-10 21:16:44,463] - ---- dbmgr is running ----
 DEBUG root [2019-05-10 21:16:44,464] - Components::process(): Request for the process of identity...
  INFO root [2019-05-10 21:16:50,615] - ServerApp::onRegisterNewApp: uid:3960, username:error_name, componentType:interfaces, componentID:3000, globalorderID=-1, grouporderID=-1, intaddr:192.168.56.1, intport:30099, extaddr:nonsupport, extport:0,  from 127.0.0.1:30099/0/0/0.
  INFO root [2019-05-10 21:16:50,615] - Components::addComponent: reset orderLog, uid=3960!
  INFO root [2019-05-10 21:16:50,616] - Components::addComponent[interfaces], uid=3960, componentID=3000, globalorderid=1, grouporderid=1, totalcount=1
  INFO root [2019-05-10 21:16:51,619] - Components::findComponents: find logger(1)...
  INFO root [2019-05-10 21:16:51,695] - Components::findComponents: found logger, addr:192.168.56.1:57921
  INFO root [2019-05-10 21:16:51,695] - Components::addComponent: reset orderLog, uid=3960!
  INFO root [2019-05-10 21:16:51,696] - Components::addComponent[logger], uid=3960, componentID=2000, globalorderid=1, grouporderid=1, totalcount=1
  WARN root [2019-05-10 21:16:51,697] - Forwarding logs to logger[192.168.56.1:57921/0/0/0]...
 ERROR root [2019-05-10 21:18:32,000] - Components::removeComponentByChannel: logger : 2000, Abnormal exit(reason=TCPPacketReceiver::processRecv(): error=10054
)! Channel(timestamp=797657807683, lastReceivedTime=797612667771, inactivityExceptionPeriod=134878388)
  INFO root [2019-05-10 21:18:32,002] - The following logs sent to logger failed:
  WARN root [2019-05-10 21:18:32,002] - ==> [2019-05-10 21:18:32 000] TCPPacketReceiver::processPendingEvents(192.168.56.1:57921): Throwing REASON_GENERAL_NETWORK - WSAECONNRESET
 ERROR root [2019-05-10 21:18:32,003] - ==> [2019-05-10 21:18:32 002] Components::removeComponentByChannel: logger : 2000, Abnormal exit(reason=TCPPacketReceiver::processRecv(): error=10054
)! Channel(timestamp=797657807683, lastReceivedTime=797612667771, inactivityExceptionPeriod=134878388)
  INFO root [2019-05-10 21:22:02,754] - 
  INFO root [2019-05-10 21:22:02,755] - -----------------------------------------------------------------------------------------


  INFO root [2019-05-10 21:22:02,760] - Resmgr::initialize: KBE_ROOT=D:/kbengine/
  INFO root [2019-05-10 21:22:02,760] - Resmgr::initialize: KBE_RES_PATH=D:/kbengine/kbe/res/;D:/kbengine/HappyPoker_assets/;D:/kbengine/HappyPoker_assets/scripts/;D:/kbengine/HappyPoker_assets/res/
  INFO root [2019-05-10 21:22:02,760] - Resmgr::initialize: KBE_BIN_PATH=D:/kbengine/kbe/bin/server/
  INFO root [2019-05-10 21:22:02,771] - NetworkInterface::initialize(INTERNAL-TCP): bound to all interfaces with default route interface on 192.168.56.1 ( 192.168.56.1:58031 )
  INFO root [2019-05-10 21:22:02,771] - NetworkInterface::initialize(INTERNAL-TCP): address 192.168.56.1:58031, SOMAXCONN=5.
  INFO root [2019-05-10 21:22:02,771] - server-configs:
  INFO root [2019-05-10 21:22:02,771] - 	internalTcpAddr : 192.168.56.1:58031
  INFO root [2019-05-10 21:22:02,771] - 	componentID : 4000
  WARN root [2019-05-10 21:22:02,772] - invalid UID(0) <= 0, please check UID for environment! automatically set to 3960.
  INFO root [2019-05-10 21:22:04,279] - ---- dbmgr Version: 2.4.5. ScriptVersion: 0.1.0. Pythoncore: 3.7.3. Protocol: 11178A1C367680938C8E416B64844ACD. Config: Debug X86. Built: 09:55:16 May  8 2019. AppID: 4000. UID: 3960. PID: 12080 ----
  INFO root [2019-05-10 21:22:04,280] - Server error_name: Intel(R) Core(TM) i5-6300HQ CPU @ 2.30GHz with 2097151kB RAM
  INFO root [2019-05-10 21:22:04,280] - ThreadPool::createThreadPool: creating  threadpool...
  INFO root [2019-05-10 21:22:04,281] - ThreadPool::createThreadPool: successfully(2), newThreadCount=1, normalMaxThreadCount=2, maxThreadCount=8
  INFO root [2019-05-10 21:22:04,484] - Script::install(): is successfully, Python=(3.7.3 (default, May  8 2019, 09:53:38) [MSC v.1916 32 bit (Intel)])!
  INFO root [2019-05-10 21:22:04,484] - Script::install(): KBExtra is successfully!
  INFO root [2019-05-10 21:22:04,588] - Dbmgr::initializeEnd: digest(74B55206BE52C3722A365A8BF863C5A3)
S_INFO root [2019-05-10 21:22:04,589] - onDBMgrReady: bootstrapGroupIndex=0, bootstrapGlobalIndex=0
  INFO root [2019-05-10 21:22:04,589] - TelnetServer server is running on port 32000
  INFO root [2019-05-10 21:22:04,590] - Dbmgr::initInterfacesHandler: interfaces addr(127.0.0.1:30099), accountType:(interfaces), chargeType:(interfaces).
  WARN root [2019-05-10 21:22:04,807] - DBUtil::initialize: db(default) password is not encrypted!
please use password(rsa):
A947C72B25D08952AD3B66210A443455189FA955747DACDF619BCF80D02CFE6006A373F160BCBEF0A9AAE9A9BA03EF95DD3623A6A3AF9446ADCA163B39AA8930E73AC0D30B5CB7B4BFA9F90062CFBE3EB0056E63D9C40C68792F31595D4ABB38D16E9FC32CFD6454AB45DD933FF3D4F5A9E5005A9202AEAD5A9BB23BFFDF39E7
 DEBUG root [2019-05-10 21:22:04,811] - DBInterfaceMysql::attach: connect: localhost:3306 starting...
 DEBUG root [2019-05-10 21:22:04,961] - DBInterfaceMysql::attach: successfully! addr: localhost:3306
  INFO root [2019-05-10 21:22:04,961] - DBUtil::createInterface[0x1cff3f0]: interface=default, dbtype=mysql, ip=localhost, port=3306, currdatabase=kbe, username=kbe, connected=yes.

  INFO root [2019-05-10 21:22:04,961] - ThreadPool::createThreadPool: creating  threadpool...
  INFO root [2019-05-10 21:22:04,962] - ThreadPool::createThreadPool: successfully(5), newThreadCount=5, normalMaxThreadCount=5, maxThreadCount=5
 DEBUG root [2019-05-10 21:22:04,962] - DBInterfaceMysql::attach: connect: localhost:3306 starting...
 DEBUG root [2019-05-10 21:22:04,962] - DBInterfaceMysql::attach: connect: localhost:3306 starting...
 DEBUG root [2019-05-10 21:22:04,963] - DBInterfaceMysql::attach: connect: localhost:3306 starting...
 DEBUG root [2019-05-10 21:22:04,978] - DBInterfaceMysql::attach: connect: localhost:3306 starting...
 DEBUG root [2019-05-10 21:22:04,999] - DBInterfaceMysql::attach: connect: localhost:3306 starting...
 DEBUG root [2019-05-10 21:22:05,060] - DBInterfaceMysql::attach: successfully! addr: localhost:3306
 DEBUG root [2019-05-10 21:22:05,060] - DBThread::onStart(): 0x1dc5588!
 DEBUG root [2019-05-10 21:22:05,109] - DBInterfaceMysql::attach: successfully! addr: localhost:3306
 DEBUG root [2019-05-10 21:22:05,110] - DBThread::onStart(): 0x1dc59c8!
 DEBUG root [2019-05-10 21:22:05,251] - DBInterfaceMysql::attach: successfully! addr: localhost:3306
 DEBUG root [2019-05-10 21:22:05,251] - DBThread::onStart(): 0x1dc4b70!
  INFO root [2019-05-10 21:22:05,253] - DBInterfaceMysql::query: successfully!
 DEBUG root [2019-05-10 21:22:05,376] - DBInterfaceMysql::attach: successfully! addr: localhost:3306
 DEBUG root [2019-05-10 21:22:05,377] - DBThread::onStart(): 0x1dc58b8!
 DEBUG root [2019-05-10 21:22:05,502] - DBInterfaceMysql::attach: successfully! addr: localhost:3306
 DEBUG root [2019-05-10 21:22:05,502] - DBThread::onStart(): 0x1dc5148!
  INFO root [2019-05-10 21:22:05,543] - DBInterfaceMysql::query: successfully!
  INFO root [2019-05-10 21:22:05,559] - DBInterfaceMysql::query: successfully!
  INFO root [2019-05-10 21:22:05,559] - DBInterfaceMysql::query: successfully!
  WARN root [2019-05-10 21:22:05,560] - DBTask::process(): took 0.30 seconds
sql:(CREATE TABLE IF NOT EXISTS kbe_accountinfos (`accountName` varchar(128) not null, PRIMARY KEY idKey (`accountName`),`password` varchar(255) not null,`bindata` blob,`email` varchar(191) not null, UNIQUE KEY `email` (`email`),`entityDBID` bigint(20) unsigned not null DEFAULT 0, UNIQUE KEY `entityDBID` (`entityDBID`),`flags` int unsigned not null DEFAULT 0,`deadline` bigint(20) not null DEFAULT 0,`regtime` bigint(20) not null DEFAULT 0,`lasttime` bigint(20) not null DEFAULT 0,`numlogin` int unsigned not null DEFAULT 0)ENGINE=InnoDB)
  INFO root [2019-05-10 21:22:05,560] - DBInterfaceMysql::query: successfully!
  INFO root [2019-05-10 21:22:05,560] - DBInterfaceMysql::query: successfully!
  INFO root [2019-05-10 21:22:05,561] - DBInterfaceMysql::query: successfully!
  INFO root [2019-05-10 21:22:05,561] - DBInterfaceMysql::query: successfully!
  WARN root [2019-05-10 21:22:05,609] - DBTask::process(): took 0.35 seconds
sql:(insert into kbe_serverlog (heartbeatTime, serverGroupID) values(1557494525,3960) ON DUPLICATE KEY UPDATE heartbeatTime=1557494525)
  INFO root [2019-05-10 21:22:05,634] - DBInterfaceMysql::query: successfully!
  WARN root [2019-05-10 21:22:05,635] - DBTask::process(): took 0.38 seconds
sql:(select distinct(serverGroupID) from kbe_entitylog)
  WARN root [2019-05-10 21:22:05,649] - d:\kbengine\kbe\src\server\dbmgr\dbmgr.cpp:306: Profile scriptCall took 1.06 seconds
  INFO root [2019-05-10 21:22:06,036] - ---- dbmgr is running ----
 DEBUG root [2019-05-10 21:22:06,036] - Components::process(): Request for the process of identity...
  INFO root [2019-05-10 21:22:12,177] - ServerApp::onRegisterNewApp: uid:3960, username:error_name, componentType:interfaces, componentID:3000, globalorderID=-1, grouporderID=-1, intaddr:192.168.56.1, intport:30099, extaddr:nonsupport, extport:0,  from 127.0.0.1:30099/0/0/0.
  INFO root [2019-05-10 21:22:12,177] - Components::addComponent: reset orderLog, uid=3960!
  INFO root [2019-05-10 21:22:12,177] - Components::addComponent[interfaces], uid=3960, componentID=3000, globalorderid=1, grouporderid=1, totalcount=1
  INFO root [2019-05-10 21:22:13,189] - Components::findComponents: find logger(1)...
  INFO root [2019-05-10 21:22:13,240] - Components::findComponents: found logger, addr:192.168.56.1:58030
  INFO root [2019-05-10 21:22:13,241] - Components::addComponent: reset orderLog, uid=3960!
  INFO root [2019-05-10 21:22:13,241] - Components::addComponent[logger], uid=3960, componentID=2000, globalorderid=1, grouporderid=1, totalcount=1
  INFO root [2019-05-10 21:22:13,262] - Components::process(): Found all the components!
  WARN root [2019-05-10 21:22:13,262] - Forwarding logs to logger[192.168.56.1:58030/0/0/0]...
 ERROR root [2019-05-10 21:26:16,421] - Components::removeComponentByChannel: logger : 2000, Abnormal exit(reason=TCPPacketReceiver::processRecv(): error=10054
)! Channel(timestamp=798702755806, lastReceivedTime=798672033544, inactivityExceptionPeriod=134885886)
  INFO root [2019-05-10 21:26:16,424] - The following logs sent to logger failed:
  WARN root [2019-05-10 21:26:16,424] - ==> [2019-05-10 21:26:16 421] TCPPacketReceiver::processPendingEvents(192.168.56.1:58030): Throwing REASON_GENERAL_NETWORK - WSAECONNRESET
 ERROR root [2019-05-10 21:26:16,424] - ==> [2019-05-10 21:26:16 422] Components::removeComponentByChannel: logger : 2000, Abnormal exit(reason=TCPPacketReceiver::processRecv(): error=10054
)! Channel(timestamp=798702755806, lastReceivedTime=798672033544, inactivityExceptionPeriod=134885886)
  INFO root [2019-05-10 21:26:20,790] - 
  INFO root [2019-05-10 21:26:20,793] - -----------------------------------------------------------------------------------------


  INFO root [2019-05-10 21:26:20,794] - Resmgr::initialize: KBE_ROOT=D:/kbengine/
  INFO root [2019-05-10 21:26:20,794] - Resmgr::initialize: KBE_RES_PATH=D:/kbengine/kbe/res/;D:/kbengine/HappyPoker_assets/;D:/kbengine/HappyPoker_assets/scripts/;D:/kbengine/HappyPoker_assets/res/
  INFO root [2019-05-10 21:26:20,794] - Resmgr::initialize: KBE_BIN_PATH=D:/kbengine/kbe/bin/server/
  INFO root [2019-05-10 21:26:20,804] - NetworkInterface::initialize(INTERNAL-TCP): bound to all interfaces with default route interface on 192.168.56.1 ( 192.168.56.1:58122 )
  INFO root [2019-05-10 21:26:20,805] - NetworkInterface::initialize(INTERNAL-TCP): address 192.168.56.1:58122, SOMAXCONN=5.
  INFO root [2019-05-10 21:26:20,805] - server-configs:
  INFO root [2019-05-10 21:26:20,805] - 	internalTcpAddr : 192.168.56.1:58122
  INFO root [2019-05-10 21:26:20,805] - 	componentID : 4000
  WARN root [2019-05-10 21:26:20,806] - invalid UID(0) <= 0, please check UID for environment! automatically set to 3960.
  INFO root [2019-05-10 21:26:22,317] - ---- dbmgr Version: 2.4.5. ScriptVersion: 0.1.0. Pythoncore: 3.7.3. Protocol: 11178A1C367680938C8E416B64844ACD. Config: Debug X86. Built: 09:55:16 May  8 2019. AppID: 4000. UID: 3960. PID: 2948 ----
  INFO root [2019-05-10 21:26:22,318] - Server error_name: Intel(R) Core(TM) i5-6300HQ CPU @ 2.30GHz with 2097151kB RAM
  INFO root [2019-05-10 21:26:22,319] - ThreadPool::createThreadPool: creating  threadpool...
  INFO root [2019-05-10 21:26:22,319] - ThreadPool::createThreadPool: successfully(2), newThreadCount=1, normalMaxThreadCount=2, maxThreadCount=8
  INFO root [2019-05-10 21:26:22,516] - Script::install(): is successfully, Python=(3.7.3 (default, May  8 2019, 09:53:38) [MSC v.1916 32 bit (Intel)])!
  INFO root [2019-05-10 21:26:22,516] - Script::install(): KBExtra is successfully!
  INFO root [2019-05-10 21:26:22,622] - Dbmgr::initializeEnd: digest(74B55206BE52C3722A365A8BF863C5A3)
S_INFO root [2019-05-10 21:26:22,622] - onDBMgrReady: bootstrapGroupIndex=0, bootstrapGlobalIndex=0
  INFO root [2019-05-10 21:26:22,623] - TelnetServer server is running on port 32000
  INFO root [2019-05-10 21:26:22,623] - Dbmgr::initInterfacesHandler: interfaces addr(127.0.0.1:30099), accountType:(interfaces), chargeType:(interfaces).
  WARN root [2019-05-10 21:26:22,822] - DBUtil::initialize: db(default) password is not encrypted!
please use password(rsa):
AAA9DB877B3002056E88684A74348F8F7ED2D2D20B0DAAFD7907F28880A60984E3C0F3AF8F86D5958437C24BCF8E96951422EC47BDD2E3E7A549FA1D50DE7333AAF6E4AA882CEA0E621AE4335655638202BFAD1D5209A3081A0B6CA63BF439E8C29F1A889D4E4D80F8734B23618C2FF5C7A491C0641E6F6AFB16D20991C83A56
 DEBUG root [2019-05-10 21:26:22,827] - DBInterfaceMysql::attach: connect: localhost:3306 starting...
 DEBUG root [2019-05-10 21:26:23,037] - DBInterfaceMysql::attach: successfully! addr: localhost:3306
  INFO root [2019-05-10 21:26:23,037] - DBUtil::createInterface[0x4ff27c]: interface=default, dbtype=mysql, ip=localhost, port=3306, currdatabase=kbe, username=kbe, connected=yes.

  INFO root [2019-05-10 21:26:23,037] - ThreadPool::createThreadPool: creating  threadpool...
  INFO root [2019-05-10 21:26:23,038] - ThreadPool::createThreadPool: successfully(5), newThreadCount=5, normalMaxThreadCount=5, maxThreadCount=5
 DEBUG root [2019-05-10 21:26:23,043] - DBInterfaceMysql::attach: connect: localhost:3306 starting...
 DEBUG root [2019-05-10 21:26:23,059] - DBInterfaceMysql::attach: connect: localhost:3306 starting...
 DEBUG root [2019-05-10 21:26:23,065] - DBInterfaceMysql::attach: connect: localhost:3306 starting...
 DEBUG root [2019-05-10 21:26:23,080] - DBInterfaceMysql::attach: connect: localhost:3306 starting...
 DEBUG root [2019-05-10 21:26:23,088] - DBInterfaceMysql::attach: connect: localhost:3306 starting...
 DEBUG root [2019-05-10 21:26:23,155] - DBInterfaceMysql::attach: successfully! addr: localhost:3306
 DEBUG root [2019-05-10 21:26:23,155] - DBThread::onStart(): 0x775430!
  INFO root [2019-05-10 21:26:23,156] - DBInterfaceMysql::query: successfully!
 DEBUG root [2019-05-10 21:26:23,202] - DBInterfaceMysql::attach: successfully! addr: localhost:3306
 DEBUG root [2019-05-10 21:26:23,202] - DBThread::onStart(): 0x7755c8!
 DEBUG root [2019-05-10 21:26:23,277] - DBInterfaceMysql::attach: successfully! addr: localhost:3306
 DEBUG root [2019-05-10 21:26:23,278] - DBThread::onStart(): 0x7754b8!
 DEBUG root [2019-05-10 21:26:23,319] - DBInterfaceMysql::attach: successfully! addr: localhost:3306
 DEBUG root [2019-05-10 21:26:23,319] - DBThread::onStart(): 0x775320!
  INFO root [2019-05-10 21:26:23,361] - DBInterfaceMysql::query: successfully!
  WARN root [2019-05-10 21:26:23,361] - DBTask::process(): took 0.20 seconds
sql:(CREATE TABLE IF NOT EXISTS kbe_accountinfos (`accountName` varchar(128) not null, PRIMARY KEY idKey (`accountName`),`password` varchar(255) not null,`bindata` blob,`email` varchar(191) not null, UNIQUE KEY `email` (`email`),`entityDBID` bigint(20) unsigned not null DEFAULT 0, UNIQUE KEY `entityDBID` (`entityDBID`),`flags` int unsigned not null DEFAULT 0,`deadline` bigint(20) not null DEFAULT 0,`regtime` bigint(20) not null DEFAULT 0,`lasttime` bigint(20) not null DEFAULT 0,`numlogin` int unsigned not null DEFAULT 0)ENGINE=InnoDB)
  INFO root [2019-05-10 21:26:23,377] - DBInterfaceMysql::query: successfully!
  INFO root [2019-05-10 21:26:23,378] - DBInterfaceMysql::query: successfully!
  INFO root [2019-05-10 21:26:23,378] - DBInterfaceMysql::query: successfully!
  INFO root [2019-05-10 21:26:23,378] - DBInterfaceMysql::query: successfully!
 DEBUG root [2019-05-10 21:26:23,427] - DBInterfaceMysql::attach: successfully! addr: localhost:3306
 DEBUG root [2019-05-10 21:26:23,427] - DBThread::onStart(): 0x775298!
  WARN root [2019-05-10 21:26:23,428] - DBTask::process(): took 0.23 seconds
sql:(show index from tbl_Account)
  INFO root [2019-05-10 21:26:23,502] - DBInterfaceMysql::query: successfully!
  INFO root [2019-05-10 21:26:23,502] - DBInterfaceMysql::query: successfully!
  WARN root [2019-05-10 21:26:23,561] - DBTask::process(): took 0.24 seconds
sql:(insert into kbe_serverlog (heartbeatTime, serverGroupID) values(1557494783,3960) ON DUPLICATE KEY UPDATE heartbeatTime=1557494783)
  INFO root [2019-05-10 21:26:23,585] - DBInterfaceMysql::query: successfully!
  WARN root [2019-05-10 21:26:23,607] - d:\kbengine\kbe\src\server\dbmgr\dbmgr.cpp:306: Profile scriptCall took 0.99 seconds
  INFO root [2019-05-10 21:26:24,002] - ---- dbmgr is running ----
 DEBUG root [2019-05-10 21:26:24,002] - Components::process(): Request for the process of identity...
  INFO root [2019-05-10 21:26:30,136] - ServerApp::onRegisterNewApp: uid:3960, username:error_name, componentType:interfaces, componentID:3000, globalorderID=-1, grouporderID=-1, intaddr:192.168.56.1, intport:30099, extaddr:nonsupport, extport:0,  from 127.0.0.1:30099/0/0/0.
  INFO root [2019-05-10 21:26:30,136] - Components::addComponent: reset orderLog, uid=3960!
  INFO root [2019-05-10 21:26:30,136] - Components::addComponent[interfaces], uid=3960, componentID=3000, globalorderid=1, grouporderid=1, totalcount=1
  INFO root [2019-05-10 21:26:31,133] - Components::findComponents: find logger(1)...
  INFO root [2019-05-10 21:26:31,210] - Components::findComponents: found logger, addr:192.168.56.1:58125
  INFO root [2019-05-10 21:26:31,211] - Components::addComponent: reset orderLog, uid=3960!
  INFO root [2019-05-10 21:26:31,211] - Components::addComponent[logger], uid=3960, componentID=2000, globalorderid=1, grouporderid=1, totalcount=1
  WARN root [2019-05-10 21:26:31,212] - Forwarding logs to logger[192.168.56.1:58125/0/0/0]...
 ERROR root [2019-05-10 21:29:01,315] - Components::removeComponentByChannel: logger : 2000, Abnormal exit(reason=TCPPacketReceiver::processRecv(): error=10054
)! Channel(timestamp=799073767394, lastReceivedTime=799050175523, inactivityExceptionPeriod=134421985)
  INFO root [2019-05-10 21:29:01,320] - The following logs sent to logger failed:
  WARN root [2019-05-10 21:29:01,320] - ==> [2019-05-10 21:29:01 314] TCPPacketReceiver::processPendingEvents(192.168.56.1:58125): Throwing REASON_GENERAL_NETWORK - WSAECONNRESET
 ERROR root [2019-05-10 21:29:01,320] - ==> [2019-05-10 21:29:01 316] Components::removeComponentByChannel: logger : 2000, Abnormal exit(reason=TCPPacketReceiver::processRecv(): error=10054
)! Channel(timestamp=799073767394, lastReceivedTime=799050175523, inactivityExceptionPeriod=134421985)
  INFO root [2019-05-10 21:29:08,300] - 
  INFO root [2019-05-10 21:29:08,301] - -----------------------------------------------------------------------------------------


  INFO root [2019-05-10 21:29:08,302] - Resmgr::initialize: KBE_ROOT=D:/kbengine/
  INFO root [2019-05-10 21:29:08,302] - Resmgr::initialize: KBE_RES_PATH=D:/kbengine/kbe/res/;D:/kbengine/HappyPoker_assets/;D:/kbengine/HappyPoker_assets/scripts/;D:/kbengine/HappyPoker_assets/res/
  INFO root [2019-05-10 21:29:08,303] - Resmgr::initialize: KBE_BIN_PATH=D:/kbengine/kbe/bin/server/
  INFO root [2019-05-10 21:29:08,330] - NetworkInterface::initialize(INTERNAL-TCP): bound to all interfaces with default route interface on 192.168.56.1 ( 192.168.56.1:58178 )
  INFO root [2019-05-10 21:29:08,331] - NetworkInterface::initialize(INTERNAL-TCP): address 192.168.56.1:58178, SOMAXCONN=5.
  INFO root [2019-05-10 21:29:08,331] - server-configs:
  INFO root [2019-05-10 21:29:08,331] - 	internalTcpAddr : 192.168.56.1:58178
  INFO root [2019-05-10 21:29:08,331] - 	componentID : 4000
  WARN root [2019-05-10 21:29:08,334] - invalid UID(0) <= 0, please check UID for environment! automatically set to 3960.
  INFO root [2019-05-10 21:29:09,848] - ---- dbmgr Version: 2.4.5. ScriptVersion: 0.1.0. Pythoncore: 3.7.3. Protocol: 11178A1C367680938C8E416B64844ACD. Config: Debug X86. Built: 09:55:16 May  8 2019. AppID: 4000. UID: 3960. PID: 5092 ----
  INFO root [2019-05-10 21:29:09,849] - Server error_name: Intel(R) Core(TM) i5-6300HQ CPU @ 2.30GHz with 2097151kB RAM
  INFO root [2019-05-10 21:29:09,849] - ThreadPool::createThreadPool: creating  threadpool...
  INFO root [2019-05-10 21:29:09,849] - ThreadPool::createThreadPool: successfully(2), newThreadCount=1, normalMaxThreadCount=2, maxThreadCount=8
  INFO root [2019-05-10 21:29:10,064] - Script::install(): is successfully, Python=(3.7.3 (default, May  8 2019, 09:53:38) [MSC v.1916 32 bit (Intel)])!
  INFO root [2019-05-10 21:29:10,064] - Script::install(): KBExtra is successfully!
  INFO root [2019-05-10 21:29:10,208] - Dbmgr::initializeEnd: digest(74B55206BE52C3722A365A8BF863C5A3)
S_INFO root [2019-05-10 21:29:10,209] - onDBMgrReady: bootstrapGroupIndex=0, bootstrapGlobalIndex=0
  INFO root [2019-05-10 21:29:10,209] - TelnetServer server is running on port 32000
  INFO root [2019-05-10 21:29:10,214] - Dbmgr::initInterfacesHandler: interfaces addr(127.0.0.1:30099), accountType:(interfaces), chargeType:(interfaces).
  WARN root [2019-05-10 21:29:10,434] - DBUtil::initialize: db(default) password is not encrypted!
please use password(rsa):
76200573311091CAB426A43CE92AC7F43F5DDABF218FEE555585D9693EB71D8193523C4655042F4FAC83161770BA05F32B556312DEC187E000A0D9E3C34E3CBADA94C0A5F630C3CB8765C034D63631992B51805028A678E5FB15178D0FE83840B52D51FC046478E88EB2C34ED30169C322C81635F7101A6617E700514E956493
 DEBUG root [2019-05-10 21:29:10,443] - DBInterfaceMysql::attach: connect: localhost:3306 starting...
 DEBUG root [2019-05-10 21:29:10,631] - DBInterfaceMysql::attach: successfully! addr: localhost:3306
  INFO root [2019-05-10 21:29:10,631] - DBUtil::createInterface[0x1ff0e4]: interface=default, dbtype=mysql, ip=localhost, port=3306, currdatabase=kbe, username=kbe, connected=yes.

  INFO root [2019-05-10 21:29:10,632] - ThreadPool::createThreadPool: creating  threadpool...
  INFO root [2019-05-10 21:29:10,632] - ThreadPool::createThreadPool: successfully(5), newThreadCount=5, normalMaxThreadCount=5, maxThreadCount=5
 DEBUG root [2019-05-10 21:29:10,633] - DBInterfaceMysql::attach: connect: localhost:3306 starting...
 DEBUG root [2019-05-10 21:29:10,642] - DBInterfaceMysql::attach: connect: localhost:3306 starting...
 DEBUG root [2019-05-10 21:29:10,677] - DBInterfaceMysql::attach: connect: localhost:3306 starting...
 DEBUG root [2019-05-10 21:29:10,678] - DBInterfaceMysql::attach: connect: localhost:3306 starting...
 DEBUG root [2019-05-10 21:29:10,683] - DBInterfaceMysql::attach: connect: localhost:3306 starting...
 DEBUG root [2019-05-10 21:29:10,772] - DBInterfaceMysql::attach: successfully! addr: localhost:3306
 DEBUG root [2019-05-10 21:29:10,772] - DBThread::onStart(): 0x8056f8!
  INFO root [2019-05-10 21:29:10,827] - DBInterfaceMysql::query: successfully!
 DEBUG root [2019-05-10 21:29:10,878] - DBInterfaceMysql::attach: successfully! addr: localhost:3306
 DEBUG root [2019-05-10 21:29:10,878] - DBThread::onStart(): 0x804ac0!
 DEBUG root [2019-05-10 21:29:10,929] - DBInterfaceMysql::attach: successfully! addr: localhost:3306
 DEBUG root [2019-05-10 21:29:10,929] - DBThread::onStart(): 0x804b48!
  INFO root [2019-05-10 21:29:10,969] - DBInterfaceMysql::query: successfully!
  INFO root [2019-05-10 21:29:10,969] - DBInterfaceMysql::query: successfully!
 DEBUG root [2019-05-10 21:29:11,045] - DBInterfaceMysql::attach: successfully! addr: localhost:3306
 DEBUG root [2019-05-10 21:29:11,045] - DBThread::onStart(): 0x805780!
  INFO root [2019-05-10 21:29:11,128] - DBInterfaceMysql::query: successfully!
  WARN root [2019-05-10 21:29:11,129] - DBTask::process(): took 0.25 seconds
sql:(select distinct(serverGroupID) from kbe_entitylog)
 DEBUG root [2019-05-10 21:29:11,161] - DBInterfaceMysql::attach: successfully! addr: localhost:3306
 DEBUG root [2019-05-10 21:29:11,162] - DBThread::onStart(): 0x805890!
  INFO root [2019-05-10 21:29:11,228] - DBInterfaceMysql::query: successfully!
  INFO root [2019-05-10 21:29:11,228] - DBInterfaceMysql::query: successfully!
  INFO root [2019-05-10 21:29:11,276] - DBInterfaceMysql::query: successfully!
  INFO root [2019-05-10 21:29:11,277] - DBInterfaceMysql::query: successfully!
  INFO root [2019-05-10 21:29:11,277] - DBInterfaceMysql::query: successfully!
  WARN root [2019-05-10 21:29:11,344] - DBTask::process(): took 0.30 seconds
sql:(insert into kbe_serverlog (heartbeatTime, serverGroupID) values(1557494951,3960) ON DUPLICATE KEY UPDATE heartbeatTime=1557494951)
  WARN root [2019-05-10 21:29:11,345] - DBTask::process(): took 0.22 seconds
sql:(show index from tbl_Hall)
  WARN root [2019-05-10 21:29:11,348] - DBTask::process(): took 0.42 seconds
sql:(show index from tbl_Account)
  WARN root [2019-05-10 21:29:11,348] - DBTask::process(): took 0.38 seconds
sql:(show index from tbl_Room)
  WARN root [2019-05-10 21:29:11,365] - d:\kbengine\kbe\src\server\dbmgr\dbmgr.cpp:306: Profile scriptCall took 1.16 seconds
  INFO root [2019-05-10 21:29:11,784] - ---- dbmgr is running ----
 DEBUG root [2019-05-10 21:29:11,784] - Components::process(): Request for the process of identity...
  INFO root [2019-05-10 21:29:17,952] - ServerApp::onRegisterNewApp: uid:3960, username:error_name, componentType:interfaces, componentID:3000, globalorderID=-1, grouporderID=-1, intaddr:192.168.56.1, intport:30099, extaddr:nonsupport, extport:0,  from 127.0.0.1:30099/0/0/0.
  INFO root [2019-05-10 21:29:17,952] - Components::addComponent: reset orderLog, uid=3960!
  INFO root [2019-05-10 21:29:17,952] - Components::addComponent[interfaces], uid=3960, componentID=3000, globalorderid=1, grouporderid=1, totalcount=1
  INFO root [2019-05-10 21:29:18,968] - Components::findComponents: find logger(1)...
  INFO root [2019-05-10 21:29:19,068] - Components::findComponents: found logger, addr:192.168.56.1:58181
  INFO root [2019-05-10 21:29:19,069] - Components::addComponent: reset orderLog, uid=3960!
  INFO root [2019-05-10 21:29:19,069] - Components::addComponent[logger], uid=3960, componentID=2000, globalorderid=1, grouporderid=1, totalcount=1
  WARN root [2019-05-10 21:29:19,071] - Forwarding logs to logger[192.168.56.1:58181/0/0/0]...
 ERROR root [2019-05-10 21:34:20,610] - Components::removeComponentByChannel: logger : 2000, Abnormal exit(reason=TCPPacketReceiver::processRecv(): error=10054
)! Channel(timestamp=799792181777, lastReceivedTime=799764680452, inactivityExceptionPeriod=134886477)
  INFO root [2019-05-10 21:34:20,616] - The following logs sent to logger failed:
  WARN root [2019-05-10 21:34:20,617] - ==> [2019-05-10 21:34:20 609] TCPPacketReceiver::processPendingEvents(192.168.56.1:58181): Throwing REASON_GENERAL_NETWORK - WSAECONNRESET
 ERROR root [2019-05-10 21:34:20,617] - ==> [2019-05-10 21:34:20 610] Components::removeComponentByChannel: logger : 2000, Abnormal exit(reason=TCPPacketReceiver::processRecv(): error=10054
)! Channel(timestamp=799792181777, lastReceivedTime=799764680452, inactivityExceptionPeriod=134886477)
  INFO root [2019-05-10 21:34:29,069] - 
  INFO root [2019-05-10 21:34:29,074] - -----------------------------------------------------------------------------------------


  INFO root [2019-05-10 21:34:29,076] - Resmgr::initialize: KBE_ROOT=D:/kbengine/
  INFO root [2019-05-10 21:34:29,076] - Resmgr::initialize: KBE_RES_PATH=D:/kbengine/kbe/res/;D:/kbengine/HappyPoker_assets/;D:/kbengine/HappyPoker_assets/scripts/;D:/kbengine/HappyPoker_assets/res/
  INFO root [2019-05-10 21:34:29,076] - Resmgr::initialize: KBE_BIN_PATH=D:/kbengine/kbe/bin/server/
  INFO root [2019-05-10 21:34:29,131] - NetworkInterface::initialize(INTERNAL-TCP): bound to all interfaces with default route interface on 192.168.56.1 ( 192.168.56.1:58259 )
  INFO root [2019-05-10 21:34:29,131] - NetworkInterface::initialize(INTERNAL-TCP): address 192.168.56.1:58259, SOMAXCONN=5.
  INFO root [2019-05-10 21:34:29,132] - server-configs:
  INFO root [2019-05-10 21:34:29,132] - 	internalTcpAddr : 192.168.56.1:58259
  INFO root [2019-05-10 21:34:29,132] - 	componentID : 4000
  WARN root [2019-05-10 21:34:29,133] - invalid UID(0) <= 0, please check UID for environment! automatically set to 3960.
  INFO root [2019-05-10 21:34:30,640] - ---- dbmgr Version: 2.4.5. ScriptVersion: 0.1.0. Pythoncore: 3.7.3. Protocol: 11178A1C367680938C8E416B64844ACD. Config: Debug X86. Built: 09:55:16 May  8 2019. AppID: 4000. UID: 3960. PID: 6500 ----
  INFO root [2019-05-10 21:34:30,641] - Server error_name: Intel(R) Core(TM) i5-6300HQ CPU @ 2.30GHz with 2097151kB RAM
  INFO root [2019-05-10 21:34:30,641] - ThreadPool::createThreadPool: creating  threadpool...
  INFO root [2019-05-10 21:34:30,642] - ThreadPool::createThreadPool: successfully(2), newThreadCount=1, normalMaxThreadCount=2, maxThreadCount=8
  INFO root [2019-05-10 21:34:30,853] - Script::install(): is successfully, Python=(3.7.3 (default, May  8 2019, 09:53:38) [MSC v.1916 32 bit (Intel)])!
  INFO root [2019-05-10 21:34:30,853] - Script::install(): KBExtra is successfully!
  INFO root [2019-05-10 21:34:30,960] - Dbmgr::initializeEnd: digest(74B55206BE52C3722A365A8BF863C5A3)
S_INFO root [2019-05-10 21:34:30,961] - onDBMgrReady: bootstrapGroupIndex=0, bootstrapGlobalIndex=0
  INFO root [2019-05-10 21:34:30,961] - TelnetServer server is running on port 32000
  INFO root [2019-05-10 21:34:30,961] - Dbmgr::initInterfacesHandler: interfaces addr(127.0.0.1:30099), accountType:(interfaces), chargeType:(interfaces).
  WARN root [2019-05-10 21:34:31,165] - DBUtil::initialize: db(default) password is not encrypted!
please use password(rsa):
D208C9A578D78527D9EDF565C0251ADC62B1AD28B3EF55D4E5339083BB30A01B16C2CA09A258C6604E1317DEC55566BD9DBA0A5FF0159E85F5D8CBF4DBA1E262A819151A1D3B569EC4AF71AFFB65DB30F4B06649F5A1C18A10DCC9BA300C742296C9B62C2A6BFD994296E2C417F4141D91D3F73A9FBCA065DA55A5A057EF902B
 DEBUG root [2019-05-10 21:34:31,169] - DBInterfaceMysql::attach: connect: localhost:3306 starting...
 DEBUG root [2019-05-10 21:34:31,380] - DBInterfaceMysql::attach: successfully! addr: localhost:3306
  INFO root [2019-05-10 21:34:31,380] - DBUtil::createInterface[0x53ef88]: interface=default, dbtype=mysql, ip=localhost, port=3306, currdatabase=kbe, username=kbe, connected=yes.

  INFO root [2019-05-10 21:34:31,380] - ThreadPool::createThreadPool: creating  threadpool...
  INFO root [2019-05-10 21:34:31,380] - ThreadPool::createThreadPool: successfully(5), newThreadCount=5, normalMaxThreadCount=5, maxThreadCount=5
 DEBUG root [2019-05-10 21:34:31,380] - DBInterfaceMysql::attach: connect: localhost:3306 starting...
 DEBUG root [2019-05-10 21:34:31,380] - DBInterfaceMysql::attach: connect: localhost:3306 starting...
 DEBUG root [2019-05-10 21:34:31,381] - DBInterfaceMysql::attach: connect: localhost:3306 starting...
 DEBUG root [2019-05-10 21:34:31,392] - DBInterfaceMysql::attach: connect: localhost:3306 starting...
 DEBUG root [2019-05-10 21:34:31,397] - DBInterfaceMysql::attach: connect: localhost:3306 starting...
 DEBUG root [2019-05-10 21:34:31,451] - DBInterfaceMysql::attach: successfully! addr: localhost:3306
 DEBUG root [2019-05-10 21:34:31,451] - DBThread::onStart(): 0x8a4ac0!
 DEBUG root [2019-05-10 21:34:31,536] - DBInterfaceMysql::attach: successfully! addr: localhost:3306
 DEBUG root [2019-05-10 21:34:31,536] - DBThread::onStart(): 0x8a4b48!
  INFO root [2019-05-10 21:34:31,540] - DBInterfaceMysql::query: successfully!
 DEBUG root [2019-05-10 21:34:31,638] - DBInterfaceMysql::attach: successfully! addr: localhost:3306
 DEBUG root [2019-05-10 21:34:31,638] - DBThread::onStart(): 0x8a4790!
  INFO root [2019-05-10 21:34:31,680] - DBInterfaceMysql::query: successfully!
  INFO root [2019-05-10 21:34:31,696] - DBInterfaceMysql::query: successfully!
  WARN root [2019-05-10 21:34:31,786] - DBTask::process(): took 0.24 seconds
sql:(insert into kbe_serverlog (heartbeatTime, serverGroupID) values(1557495271,3960) ON DUPLICATE KEY UPDATE heartbeatTime=1557495271)
  INFO root [2019-05-10 21:34:31,837] - DBInterfaceMysql::query: successfully!
 DEBUG root [2019-05-10 21:34:31,837] - DBInterfaceMysql::attach: successfully! addr: localhost:3306
 DEBUG root [2019-05-10 21:34:31,838] - DBThread::onStart(): 0x8a3e88!
  WARN root [2019-05-10 21:34:31,838] - DBTask::process(): took 0.30 seconds
sql:(select distinct(serverGroupID) from kbe_entitylog)
 DEBUG root [2019-05-10 21:34:31,913] - DBInterfaceMysql::attach: successfully! addr: localhost:3306
 DEBUG root [2019-05-10 21:34:31,913] - DBThread::onStart(): 0x8a4928!
  INFO root [2019-05-10 21:34:31,971] - DBInterfaceMysql::query: successfully!
  INFO root [2019-05-10 21:34:31,971] - DBInterfaceMysql::query: successfully!
  INFO root [2019-05-10 21:34:31,971] - DBInterfaceMysql::query: successfully!
  INFO root [2019-05-10 21:34:31,972] - DBInterfaceMysql::query: successfully!
  INFO root [2019-05-10 21:34:31,972] - DBInterfaceMysql::query: successfully!
  WARN root [2019-05-10 21:34:31,972] - DBTask::process(): took 0.33 seconds
sql:(delete from kbe_email_verification where logtime<1557491671 and type=3)
  WARN root [2019-05-10 21:34:31,991] - d:\kbengine\kbe\src\server\dbmgr\dbmgr.cpp:306: Profile scriptCall took 1.03 seconds
  INFO root [2019-05-10 21:34:32,390] - ---- dbmgr is running ----
 DEBUG root [2019-05-10 21:34:32,391] - Components::process(): Request for the process of identity...
  INFO root [2019-05-10 21:34:38,533] - ServerApp::onRegisterNewApp: uid:3960, username:error_name, componentType:interfaces, componentID:3000, globalorderID=-1, grouporderID=-1, intaddr:192.168.56.1, intport:30099, extaddr:nonsupport, extport:0,  from 127.0.0.1:30099/0/0/0.
  INFO root [2019-05-10 21:34:38,534] - Components::addComponent: reset orderLog, uid=3960!
  INFO root [2019-05-10 21:34:38,534] - Components::addComponent[interfaces], uid=3960, componentID=3000, globalorderid=1, grouporderid=1, totalcount=1
  WARN root [2019-05-10 21:34:38,534] - TCPPacketReceiver::processPendingEvents(192.168.56.1:58281): Throwing REASON_GENERAL_NETWORK - WSAECONNABORTED
  INFO root [2019-05-10 21:34:39,540] - Components::findComponents: find logger(1)...
  INFO root [2019-05-10 21:34:39,565] - Components::findComponents: found logger, addr:192.168.56.1:58258
  INFO root [2019-05-10 21:34:39,565] - Components::addComponent: reset orderLog, uid=3960!
  INFO root [2019-05-10 21:34:39,565] - Components::addComponent[logger], uid=3960, componentID=2000, globalorderid=1, grouporderid=1, totalcount=1
  INFO root [2019-05-10 21:34:39,600] - Components::process(): Found all the components!
  WARN root [2019-05-10 21:34:39,611] - Forwarding logs to logger[192.168.56.1:58258/0/0/0]...
 ERROR root [2019-05-10 21:38:15,297] - Components::removeComponentByChannel: logger : 2000, Abnormal exit(reason=TCPPacketReceiver::processRecv(): error=10054
)! Channel(timestamp=800320229624, lastReceivedTime=800283622231, inactivityExceptionPeriod=134880962)
  INFO root [2019-05-10 21:38:15,301] - The following logs sent to logger failed:
  WARN root [2019-05-10 21:38:15,301] - ==> [2019-05-10 21:38:15 296] TCPPacketReceiver::processPendingEvents(192.168.56.1:58258): Throwing REASON_GENERAL_NETWORK - WSAECONNRESET
 ERROR root [2019-05-10 21:38:15,301] - ==> [2019-05-10 21:38:15 298] Components::removeComponentByChannel: logger : 2000, Abnormal exit(reason=TCPPacketReceiver::processRecv(): error=10054
)! Channel(timestamp=800320229624, lastReceivedTime=800283622231, inactivityExceptionPeriod=134880962)
