  INFO root [2019-07-25 09:52:01,480] - 
  INFO root [2019-07-25 09:52:01,609] - -----------------------------------------------------------------------------------------


  INFO root [2019-07-25 09:52:01,883] - Resmgr::initialize: KBE_ROOT=D:/kbengine/
  INFO root [2019-07-25 09:52:01,884] - Resmgr::initialize: KBE_RES_PATH=D:/kbengine/kbe/res/;D:/kbengine/HappyPoker_assets/;D:/kbengine/HappyPoker_assets/scripts/;D:/kbengine/HappyPoker_assets/res/
  INFO root [2019-07-25 09:52:01,884] - Resmgr::initialize: KBE_BIN_PATH=D:/kbengine/kbe/bin/server/
  INFO root [2019-07-25 09:52:02,006] - NetworkInterface::initialize(INTERNAL-TCP): bound to all interfaces with default route interface on 192.168.56.1 ( 192.168.56.1:57093 )
  INFO root [2019-07-25 09:52:02,042] - NetworkInterface::initialize(INTERNAL-TCP): address 192.168.56.1:57093, SOMAXCONN=5.
  INFO root [2019-07-25 09:52:02,042] - server-configs:
  INFO root [2019-07-25 09:52:02,042] - 	internalTcpAddr : 192.168.56.1:57093
  INFO root [2019-07-25 09:52:02,042] - 	componentID : 4000
  WARN root [2019-07-25 09:52:02,042] - invalid UID(0) <= 0, please check UID for environment! automatically set to 2082.
  INFO root [2019-07-25 09:52:02,296] - ---- dbmgr Version: 2.4.5. ScriptVersion: 0.1.0. Pythoncore: 3.7.3. Protocol: 11178A1C367680938C8E416B64844ACD. Config: Debug X86. Built: 09:55:16 May  8 2019. AppID: 4000. UID: 2082. PID: 1396 ----
  INFO root [2019-07-25 09:52:02,297] - Server error_name: Intel(R) Core(TM) i5-6300HQ CPU @ 2.30GHz with 2097151kB RAM
  INFO root [2019-07-25 09:52:02,339] - ThreadPool::createThreadPool: creating  threadpool...
  INFO root [2019-07-25 09:52:02,358] - ThreadPool::createThreadPool: successfully(2), newThreadCount=1, normalMaxThreadCount=2, maxThreadCount=8
  INFO root [2019-07-25 09:52:04,683] - Script::install(): is successfully, Python=(3.7.3 (default, May  8 2019, 09:53:38) [MSC v.1916 32 bit (Intel)])!
  INFO root [2019-07-25 09:52:04,684] - Script::install(): KBExtra is successfully!
  INFO root [2019-07-25 09:52:06,575] - Dbmgr::initializeEnd: digest(B91EBE6B591F8BEB2E04FAF8BE8B7B2F)
S_INFO root [2019-07-25 09:52:06,582] - onDBMgrReady: bootstrapGroupIndex=0, bootstrapGlobalIndex=0
  INFO root [2019-07-25 09:52:06,587] - TelnetServer server is running on port 32000
  INFO root [2019-07-25 09:52:06,608] - Dbmgr::initInterfacesHandler: interfaces addr(127.0.0.1:30099), accountType:(interfaces), chargeType:(interfaces).
  WARN root [2019-07-25 09:52:07,162] - DBUtil::initialize: db(default) password is not encrypted!
please use password(rsa):
82A8256DACC0B1CAAD8D38AEEB2377C97EBC247EE149B577E407EC02CF5924CECE2F200F932F51C55F89C53E8CC6C42BAB0867C059E82AD4C949CAD6D0F2BC336E910455AF24975A02EB782DBB0AC08A09FAE7B240E21C3BDFB5EC4629E38C341E05E73D3179C6B1FE294B081FAB8C79C452EAB2FEF1C0FE67DA3A4DE657C42A
 DEBUG root [2019-07-25 09:52:07,274] - DBInterfaceMysql::attach: connect: localhost:3306 starting...
 DEBUG root [2019-07-25 09:52:12,154] - DBInterfaceMysql::attach: successfully! addr: localhost:3306
  INFO root [2019-07-25 09:52:12,154] - DBUtil::createInterface[0xcff1c4]: interface=default, dbtype=mysql, ip=localhost, port=3306, currdatabase=kbe, username=kbe, connected=yes.

  INFO root [2019-07-25 09:52:12,334] - ThreadPool::createThreadPool: creating  threadpool...
  INFO root [2019-07-25 09:52:12,335] - ThreadPool::createThreadPool: successfully(5), newThreadCount=5, normalMaxThreadCount=5, maxThreadCount=5
 DEBUG root [2019-07-25 09:52:12,335] - DBInterfaceMysql::attach: connect: localhost:3306 starting...
 DEBUG root [2019-07-25 09:52:12,335] - DBInterfaceMysql::attach: connect: localhost:3306 starting...
 DEBUG root [2019-07-25 09:52:12,335] - DBInterfaceMysql::attach: connect: localhost:3306 starting...
 DEBUG root [2019-07-25 09:52:12,336] - DBInterfaceMysql::attach: connect: localhost:3306 starting...
 DEBUG root [2019-07-25 09:52:12,336] - DBInterfaceMysql::attach: connect: localhost:3306 starting...
 DEBUG root [2019-07-25 09:52:12,963] - DBInterfaceMysql::attach: successfully! addr: localhost:3306
 DEBUG root [2019-07-25 09:52:12,963] - DBThread::onStart(): 0x2bde30!
 DEBUG root [2019-07-25 09:52:13,091] - DBInterfaceMysql::attach: successfully! addr: localhost:3306
 DEBUG root [2019-07-25 09:52:13,091] - DBThread::onStart(): 0x2bdda8!
 DEBUG root [2019-07-25 09:52:13,214] - DBInterfaceMysql::attach: successfully! addr: localhost:3306
 DEBUG root [2019-07-25 09:52:13,214] - DBThread::onStart(): 0x2bd9f0!
  INFO root [2019-07-25 09:52:13,491] - DBInterfaceMysql::query: successfully!
 DEBUG root [2019-07-25 09:52:13,632] - DBInterfaceMysql::attach: successfully! addr: localhost:3306
 DEBUG root [2019-07-25 09:52:13,632] - DBThread::onStart(): 0x2bd638!
 DEBUG root [2019-07-25 09:52:13,983] - DBInterfaceMysql::attach: successfully! addr: localhost:3306
 DEBUG root [2019-07-25 09:52:13,983] - DBThread::onStart(): 0x2bd748!
  INFO root [2019-07-25 09:52:14,362] - DBInterfaceMysql::query: successfully!
  INFO root [2019-07-25 09:52:14,429] - DBInterfaceMysql::query: successfully!
  INFO root [2019-07-25 09:52:14,514] - DBInterfaceMysql::query: successfully!
  INFO root [2019-07-25 09:52:14,605] - DBInterfaceMysql::query: successfully!
  INFO root [2019-07-25 09:52:14,682] - DBInterfaceMysql::query: successfully!
  INFO root [2019-07-25 09:52:14,683] - DBInterfaceMysql::query: successfully!
  INFO root [2019-07-25 09:52:14,683] - DBInterfaceMysql::query: successfully!
  WARN root [2019-07-25 09:52:14,837] - DBTask::process(): took 0.90 seconds
sql:(CREATE TABLE IF NOT EXISTS kbe_accountinfos (`accountName` varchar(128) not null, PRIMARY KEY idKey (`accountName`),`password` varchar(255) not null,`bindata` blob,`email` varchar(191) not null, UNIQUE KEY `email` (`email`),`entityDBID` bigint(20) unsigned not null DEFAULT 0, UNIQUE KEY `entityDBID` (`entityDBID`),`flags` int unsigned not null DEFAULT 0,`deadline` bigint(20) not null DEFAULT 0,`regtime` bigint(20) not null DEFAULT 0,`lasttime` bigint(20) not null DEFAULT 0,`numlogin` int unsigned not null DEFAULT 0)ENGINE=InnoDB)
  WARN root [2019-07-25 09:52:14,838] - DBTask::process(): took 1.16 seconds
sql:(delete from kbe_email_verification where logtime<1564015934 and type=3)
  WARN root [2019-07-25 09:52:15,408] - DBTask::process(): took 1.88 seconds
sql:(insert into kbe_serverlog (heartbeatTime, serverGroupID) values(1564019534,2082) ON DUPLICATE KEY UPDATE heartbeatTime=1564019534)
  INFO root [2019-07-25 09:52:15,520] - DBInterfaceMysql::query: successfully!
  WARN root [2019-07-25 09:52:15,823] - DBTask::process(): took 2.19 seconds
sql:(select distinct(serverGroupID) from kbe_entitylog)
  WARN root [2019-07-25 09:52:16,360] - DBTask::process(): took 2.38 seconds
sql:(show index from tbl_Friend)
  WARN root [2019-07-25 09:52:16,487] - DBTask::process(): delay 1.35 seconds, try adjusting the kbengine[_defs].xml(numConnections) and MySQL(my.cnf->max_connections or innodb_flush_log_at_trx_commit)!
sql:(show index from tbl_Mail_mailList)
  WARN root [2019-07-25 09:52:16,487] - DBTask::process(): took 1.65 seconds
sql:(show index from tbl_Mail_mailList)
  WARN root [2019-07-25 09:52:16,653] - DBTask::process(): delay 2.33 seconds, try adjusting the kbengine[_defs].xml(numConnections) and MySQL(my.cnf->max_connections or innodb_flush_log_at_trx_commit)!
sql:(show index from tbl_Room)
  WARN root [2019-07-25 09:52:16,654] - DBTask::process(): took 0.83 seconds
sql:(show index from tbl_Room)
  WARN root [2019-07-25 09:52:16,670] - DBTask::process(): delay 1.92 seconds, try adjusting the kbengine[_defs].xml(numConnections) and MySQL(my.cnf->max_connections or innodb_flush_log_at_trx_commit)!
sql:(show index from tbl_Account)
  WARN root [2019-07-25 09:52:16,671] - DBTask::process(): delay 1.35 seconds, try adjusting the kbengine[_defs].xml(numConnections) and MySQL(my.cnf->max_connections or innodb_flush_log_at_trx_commit)!
sql:(show index from tbl_Account_friendList)
  WARN root [2019-07-25 09:52:16,671] - DBTask::process(): took 1.26 seconds
sql:(show index from tbl_Account)
  WARN root [2019-07-25 09:52:16,671] - DBTask::process(): took 1.83 seconds
sql:(show index from tbl_Account_friendList)
  WARN root [2019-07-25 09:52:16,705] - DBTask::process(): delay 2.87 seconds, try adjusting the kbengine[_defs].xml(numConnections) and MySQL(my.cnf->max_connections or innodb_flush_log_at_trx_commit)!
sql:(show index from tbl_Hall)
  WARN root [2019-07-25 09:52:16,705] - DBTask::process(): took 0.34 seconds
sql:(show index from tbl_Hall)
  WARN root [2019-07-25 09:52:17,145] - DBTask::process(): delay 3.00 seconds, try adjusting the kbengine[_defs].xml(numConnections) and MySQL(my.cnf->max_connections or innodb_flush_log_at_trx_commit)!
sql:(show index from tbl_Friend_publicDataList)
  WARN root [2019-07-25 09:52:17,145] - DBTask::process(): took 0.66 seconds
sql:(show index from tbl_Friend_publicDataList)
  WARN root [2019-07-25 09:52:17,259] - DBTask::process(): delay 3.18 seconds, try adjusting the kbengine[_defs].xml(numConnections) and MySQL(my.cnf->max_connections or innodb_flush_log_at_trx_commit)!
sql:(show index from tbl_Mail)
  WARN root [2019-07-25 09:52:17,259] - DBTask::process(): took 0.59 seconds
sql:(show index from tbl_Mail)
  WARN root [2019-07-25 09:52:17,313] - DBTask::process(): delay 3.16 seconds, try adjusting the kbengine[_defs].xml(numConnections) and MySQL(my.cnf->max_connections or innodb_flush_log_at_trx_commit)!
sql:(show index from tbl_Friend_synchroFriendList)
  WARN root [2019-07-25 09:52:17,313] - DBTask::process(): took 0.66 seconds
sql:(show index from tbl_Friend_synchroFriendList)
  WARN root [2019-07-25 09:52:17,347] - d:\kbengine\kbe\src\server\dbmgr\dbmgr.cpp:306: Profile scriptCall took 10.77 seconds
  INFO root [2019-07-25 09:52:18,022] - ---- dbmgr is running ----
 DEBUG root [2019-07-25 09:52:18,024] - Components::process(): Request for the process of identity...
  INFO root [2019-07-25 09:52:24,265] - ServerApp::onRegisterNewApp: uid:2082, username:error_name, componentType:interfaces, componentID:3000, globalorderID=-1, grouporderID=-1, intaddr:192.168.56.1, intport:30099, extaddr:nonsupport, extport:0,  from 127.0.0.1:30099/0/0/0.
  INFO root [2019-07-25 09:52:24,265] - Components::addComponent: reset orderLog, uid=2082!
  INFO root [2019-07-25 09:52:24,266] - Components::addComponent[interfaces], uid=2082, componentID=3000, globalorderid=1, grouporderid=1, totalcount=1
  WARN root [2019-07-25 09:52:24,269] - TCPPacketReceiver::processPendingEvents(192.168.56.1:57122): Throwing REASON_GENERAL_NETWORK - WSAECONNABORTED
  INFO root [2019-07-25 09:52:24,270] - ServerApp::onRegisterNewApp: uid:2082, username:error_name, componentType:loginapp, componentID:9000, globalorderID=-1, grouporderID=-1, intaddr:192.168.56.1, intport:57095, extaddr:192.168.56.1, extport:20013,  from 192.168.56.1:57130/0/0/0.
  INFO root [2019-07-25 09:52:24,270] - Components::addComponent: reset orderLog, uid=2082!
  INFO root [2019-07-25 09:52:24,270] - Components::addComponent[loginapp], uid=2082, componentID=9000, globalorderid=1, grouporderid=1, totalcount=1
  INFO root [2019-07-25 09:52:24,270] - ServerApp::onRegisterNewApp: uid:2082, username:error_name, componentType:cellappmgr, componentID:6000, globalorderID=-1, grouporderID=-1, intaddr:192.168.56.1, intport:57089, extaddr:nonsupport, extport:0,  from 192.168.56.1:57132/0/0/0.
  INFO root [2019-07-25 09:52:24,271] - Components::addComponent[cellappmgr], uid=2082, componentID=6000, globalorderid=2, grouporderid=1, totalcount=1
  INFO root [2019-07-25 09:52:24,271] - ServerApp::onRegisterNewApp: uid:2082, username:error_name, componentType:baseappmgr, componentID:5000, globalorderID=-1, grouporderID=-1, intaddr:192.168.56.1, intport:57087, extaddr:nonsupport, extport:0,  from 192.168.56.1:57134/0/0/0.
  INFO root [2019-07-25 09:52:24,271] - Components::addComponent[baseappmgr], uid=2082, componentID=5000, globalorderid=3, grouporderid=1, totalcount=1
  INFO root [2019-07-25 09:52:24,967] - ServerApp::onRegisterNewApp: uid:2082, username:error_name, componentType:baseapp, componentID:7001, globalorderID=-1, grouporderID=-1, intaddr:192.168.56.1, intport:57092, extaddr:192.168.56.1, extport:20015,  from 192.168.56.1:57136/0/0/0.
  INFO root [2019-07-25 09:52:24,967] - Components::addComponent[baseapp], uid=2082, componentID=7001, globalorderid=4, grouporderid=1, totalcount=1
  INFO root [2019-07-25 09:52:25,021] - ServerApp::onRegisterNewApp: uid:2082, username:error_name, componentType:cellapp, componentID:8001, globalorderID=-1, grouporderID=-1, intaddr:192.168.56.1, intport:57094, extaddr:nonsupport, extport:0,  from 192.168.56.1:57138/0/0/0.
  INFO root [2019-07-25 09:52:25,021] - Components::addComponent[cellapp], uid=2082, componentID=8001, globalorderid=5, grouporderid=1, totalcount=1
  INFO root [2019-07-25 09:52:25,276] - Components::findComponents: find logger(1)...
  INFO root [2019-07-25 09:52:25,338] - Components::findComponents: found logger, addr:192.168.56.1:57091
  INFO root [2019-07-25 09:52:25,338] - Components::addComponent[logger], uid=2082, componentID=2000, globalorderid=6, grouporderid=1, totalcount=1
  WARN root [2019-07-25 09:52:25,339] - Forwarding logs to logger[192.168.56.1:57091/0/0/0]...
 ERROR root [2019-07-25 10:01:48,197] - Components::removeComponentByChannel: logger : 2000, Abnormal exit(reason=TCPPacketReceiver::processRecv(): error=10054
)! Channel(timestamp=2108191557422, lastReceivedTime=2108153547984, inactivityExceptionPeriod=134880914)
  INFO root [2019-07-25 10:01:48,201] - The following logs sent to logger failed:
  WARN root [2019-07-25 10:01:48,202] - ==> [2019-07-25 10:01:48 194] TCPPacketReceiver::processPendingEvents(192.168.56.1:57091): Throwing REASON_GENERAL_NETWORK - WSAECONNRESET
 ERROR root [2019-07-25 10:01:48,202] - ==> [2019-07-25 10:01:48 197] Components::removeComponentByChannel: logger : 2000, Abnormal exit(reason=TCPPacketReceiver::processRecv(): error=10054
)! Channel(timestamp=2108191557422, lastReceivedTime=2108153547984, inactivityExceptionPeriod=134880914)
  INFO root [2019-07-25 10:03:53,306] - 
  INFO root [2019-07-25 10:03:53,331] - -----------------------------------------------------------------------------------------


  INFO root [2019-07-25 10:03:53,332] - Resmgr::initialize: KBE_ROOT=D:/kbengine/
  INFO root [2019-07-25 10:03:53,332] - Resmgr::initialize: KBE_RES_PATH=D:/kbengine/kbe/res/;D:/kbengine/HappyPoker_assets/;D:/kbengine/HappyPoker_assets/scripts/;D:/kbengine/HappyPoker_assets/res/
  INFO root [2019-07-25 10:03:53,332] - Resmgr::initialize: KBE_BIN_PATH=D:/kbengine/kbe/bin/server/
  INFO root [2019-07-25 10:03:53,405] - NetworkInterface::initialize(INTERNAL-TCP): bound to all interfaces with default route interface on 192.168.56.1 ( 192.168.56.1:57232 )
  INFO root [2019-07-25 10:03:53,406] - NetworkInterface::initialize(INTERNAL-TCP): address 192.168.56.1:57232, SOMAXCONN=5.
  INFO root [2019-07-25 10:03:53,406] - server-configs:
  INFO root [2019-07-25 10:03:53,406] - 	internalTcpAddr : 192.168.56.1:57232
  INFO root [2019-07-25 10:03:53,406] - 	componentID : 4000
  WARN root [2019-07-25 10:03:53,423] - invalid UID(0) <= 0, please check UID for environment! automatically set to 2082.
  WARN root [2019-07-25 10:03:53,770] - BundleBroadcast::BundleBroadcast: Cannot bind to port 20227, errorno=10048
  INFO root [2019-07-25 10:03:53,774] - ---- dbmgr Version: 2.4.5. ScriptVersion: 0.1.0. Pythoncore: 3.7.3. Protocol: 11178A1C367680938C8E416B64844ACD. Config: Debug X86. Built: 09:55:16 May  8 2019. AppID: 4000. UID: 2082. PID: 12880 ----
  INFO root [2019-07-25 10:03:53,774] - Server error_name: Intel(R) Core(TM) i5-6300HQ CPU @ 2.30GHz with 2097151kB RAM
  INFO root [2019-07-25 10:03:53,774] - ThreadPool::createThreadPool: creating  threadpool...
  INFO root [2019-07-25 10:03:53,775] - ThreadPool::createThreadPool: successfully(2), newThreadCount=1, normalMaxThreadCount=2, maxThreadCount=8
  INFO root [2019-07-25 10:03:53,982] - Script::install(): is successfully, Python=(3.7.3 (default, May  8 2019, 09:53:38) [MSC v.1916 32 bit (Intel)])!
  INFO root [2019-07-25 10:03:53,982] - Script::install(): KBExtra is successfully!
  INFO root [2019-07-25 10:03:54,184] - Dbmgr::initializeEnd: digest(B91EBE6B591F8BEB2E04FAF8BE8B7B2F)
S_INFO root [2019-07-25 10:03:54,184] - onDBMgrReady: bootstrapGroupIndex=0, bootstrapGlobalIndex=0
  INFO root [2019-07-25 10:03:54,185] - TelnetServer server is running on port 32000
  INFO root [2019-07-25 10:03:54,186] - Dbmgr::initInterfacesHandler: interfaces addr(127.0.0.1:30099), accountType:(interfaces), chargeType:(interfaces).
  WARN root [2019-07-25 10:03:54,519] - DBUtil::initialize: db(default) password is not encrypted!
please use password(rsa):
5F81B4385BB6BDC1858456F49D05E6E7BB99B152F36B9183FF2A22FE8FA1CB6697C1FCD0C42D154EF688BA36701489060D7553459C94E61EB3CC361AD071B3B2564747E389EC4EDA061030E47715D8E04B677FC934B4166BC13133D271D7313421206F37013948EFDB58E604BA7CC7A5D0D04919F6A1BD2C37F90ACD9688BED6
 DEBUG root [2019-07-25 10:03:54,523] - DBInterfaceMysql::attach: connect: localhost:3306 starting...
 DEBUG root [2019-07-25 10:03:54,695] - DBInterfaceMysql::attach: successfully! addr: localhost:3306
  INFO root [2019-07-25 10:03:54,696] - DBUtil::createInterface[0x10af2b8]: interface=default, dbtype=mysql, ip=localhost, port=3306, currdatabase=kbe, username=kbe, connected=yes.

  INFO root [2019-07-25 10:03:54,696] - ThreadPool::createThreadPool: creating  threadpool...
  INFO root [2019-07-25 10:03:54,696] - ThreadPool::createThreadPool: successfully(5), newThreadCount=5, normalMaxThreadCount=5, maxThreadCount=5
 DEBUG root [2019-07-25 10:03:54,697] - DBInterfaceMysql::attach: connect: localhost:3306 starting...
 DEBUG root [2019-07-25 10:03:54,697] - DBInterfaceMysql::attach: connect: localhost:3306 starting...
 DEBUG root [2019-07-25 10:03:54,697] - DBInterfaceMysql::attach: connect: localhost:3306 starting...
 DEBUG root [2019-07-25 10:03:54,701] - DBInterfaceMysql::attach: connect: localhost:3306 starting...
 DEBUG root [2019-07-25 10:03:54,715] - DBInterfaceMysql::attach: connect: localhost:3306 starting...
 DEBUG root [2019-07-25 10:03:54,901] - DBInterfaceMysql::attach: successfully! addr: localhost:3306
 DEBUG root [2019-07-25 10:03:54,901] - DBThread::onStart(): 0x202180!
 DEBUG root [2019-07-25 10:03:54,992] - DBInterfaceMysql::attach: successfully! addr: localhost:3306
 DEBUG root [2019-07-25 10:03:54,992] - DBThread::onStart(): 0x202db8!
 DEBUG root [2019-07-25 10:03:55,078] - DBInterfaceMysql::attach: successfully! addr: localhost:3306
 DEBUG root [2019-07-25 10:03:55,078] - DBThread::onStart(): 0x202538!
 DEBUG root [2019-07-25 10:03:55,285] - DBInterfaceMysql::attach: successfully! addr: localhost:3306
 DEBUG root [2019-07-25 10:03:55,285] - DBThread::onStart(): 0x202208!
 DEBUG root [2019-07-25 10:03:55,470] - DBInterfaceMysql::attach: successfully! addr: localhost:3306
 DEBUG root [2019-07-25 10:03:55,470] - DBThread::onStart(): 0x202d30!
  INFO root [2019-07-25 10:03:55,498] - DBInterfaceMysql::query: successfully!
  INFO root [2019-07-25 10:03:55,625] - DBInterfaceMysql::query: successfully!
  INFO root [2019-07-25 10:03:55,626] - DBInterfaceMysql::query: successfully!
  INFO root [2019-07-25 10:03:55,626] - DBInterfaceMysql::query: successfully!
  INFO root [2019-07-25 10:03:55,627] - DBInterfaceMysql::query: successfully!
  INFO root [2019-07-25 10:03:55,718] - DBInterfaceMysql::query: successfully!
  INFO root [2019-07-25 10:03:55,719] - DBInterfaceMysql::query: successfully!
  INFO root [2019-07-25 10:03:55,719] - DBInterfaceMysql::query: successfully!
  WARN root [2019-07-25 10:03:55,719] - DBTask::process(): took 0.22 seconds
sql:(CREATE TABLE IF NOT EXISTS kbe_accountinfos (`accountName` varchar(128) not null, PRIMARY KEY idKey (`accountName`),`password` varchar(255) not null,`bindata` blob,`email` varchar(191) not null, UNIQUE KEY `email` (`email`),`entityDBID` bigint(20) unsigned not null DEFAULT 0, UNIQUE KEY `entityDBID` (`entityDBID`),`flags` int unsigned not null DEFAULT 0,`deadline` bigint(20) not null DEFAULT 0,`regtime` bigint(20) not null DEFAULT 0,`lasttime` bigint(20) not null DEFAULT 0,`numlogin` int unsigned not null DEFAULT 0)ENGINE=InnoDB)
  WARN root [2019-07-25 10:03:55,749] - DBTask::process(): took 0.22 seconds
sql:(show index from tbl_Friend)
  WARN root [2019-07-25 10:03:55,990] - DBTask::process(): took 0.49 seconds
sql:(insert into kbe_serverlog (heartbeatTime, serverGroupID) values(1564020235,2082) ON DUPLICATE KEY UPDATE heartbeatTime=1564020235)
  INFO root [2019-07-25 10:03:56,034] - DBInterfaceMysql::query: successfully!
  WARN root [2019-07-25 10:03:56,035] - DBTask::process(): took 0.54 seconds
sql:(select distinct(serverGroupID) from kbe_entitylog)
  WARN root [2019-07-25 10:03:56,037] - DBTask::process(): took 0.25 seconds
sql:(show index from tbl_Room)
  WARN root [2019-07-25 10:03:56,037] - DBTask::process(): took 0.29 seconds
sql:(show index from tbl_Mail_mailList)
  WARN root [2019-07-25 10:03:56,038] - DBTask::process(): took 0.28 seconds
sql:(show index from tbl_Account)
  WARN root [2019-07-25 10:03:56,636] - DBTask::process(): took 0.60 seconds
sql:(show index from tbl_Friend_publicDataList)
  WARN root [2019-07-25 10:03:56,643] - DBTask::process(): took 0.61 seconds
sql:(show index from tbl_Friend_synchroFriendList)
  WARN root [2019-07-25 10:03:56,649] - DBTask::process(): took 0.61 seconds
sql:(show index from tbl_Mail)
  WARN root [2019-07-25 10:03:56,649] - DBTask::process(): took 0.66 seconds
sql:(show index from tbl_Hall)
  WARN root [2019-07-25 10:03:56,852] - d:\kbengine\kbe\src\server\dbmgr\dbmgr.cpp:306: Profile scriptCall took 2.67 seconds
  INFO root [2019-07-25 10:03:57,258] - ---- dbmgr is running ----
 DEBUG root [2019-07-25 10:03:57,259] - Components::process(): Request for the process of identity...
  INFO root [2019-07-25 10:04:03,404] - ServerApp::onRegisterNewApp: uid:2082, username:error_name, componentType:interfaces, componentID:3000, globalorderID=-1, grouporderID=-1, intaddr:192.168.56.1, intport:30099, extaddr:nonsupport, extport:0,  from 127.0.0.1:30099/0/0/0.
  INFO root [2019-07-25 10:04:03,404] - Components::addComponent: reset orderLog, uid=2082!
  INFO root [2019-07-25 10:04:03,405] - Components::addComponent[interfaces], uid=2082, componentID=3000, globalorderid=1, grouporderid=1, totalcount=1
  INFO root [2019-07-25 10:04:04,423] - Components::findComponents: find logger(1)...
  INFO root [2019-07-25 10:04:04,528] - Components::findComponents: found logger, addr:192.168.56.1:57230
  INFO root [2019-07-25 10:04:04,528] - Components::addComponent: reset orderLog, uid=2082!
  INFO root [2019-07-25 10:04:04,528] - Components::addComponent[logger], uid=2082, componentID=2000, globalorderid=1, grouporderid=1, totalcount=1
  WARN root [2019-07-25 10:04:04,529] - Forwarding logs to logger[192.168.56.1:57230/0/0/0]...
 ERROR root [2019-07-25 10:11:25,382] - Components::removeComponentByChannel: logger : 2000, Abnormal exit(reason=TCPPacketReceiver::processRecv(): error=10054
)! Channel(timestamp=2109490224156, lastReceivedTime=2109485256496, inactivityExceptionPeriod=134878260)
  INFO root [2019-07-25 10:11:25,384] - The following logs sent to logger failed:
  WARN root [2019-07-25 10:11:25,384] - ==> [2019-07-25 10:11:25 379] TCPPacketReceiver::processPendingEvents(192.168.56.1:57230): Throwing REASON_GENERAL_NETWORK - WSAECONNRESET
 ERROR root [2019-07-25 10:11:25,384] - ==> [2019-07-25 10:11:25 383] Components::removeComponentByChannel: logger : 2000, Abnormal exit(reason=TCPPacketReceiver::processRecv(): error=10054
)! Channel(timestamp=2109490224156, lastReceivedTime=2109485256496, inactivityExceptionPeriod=134878260)
