  INFO root [2019-05-20 16:57:29,341] - 
  INFO root [2019-05-20 16:57:29,342] - -----------------------------------------------------------------------------------------


  INFO root [2019-05-20 16:57:29,369] - Resmgr::initialize: KBE_ROOT=D:/kbengine/
  INFO root [2019-05-20 16:57:29,369] - Resmgr::initialize: KBE_RES_PATH=D:/kbengine/kbe/res/;D:/kbengine/HappyPoker_assets/;D:/kbengine/HappyPoker_assets/scripts/;D:/kbengine/HappyPoker_assets/res/
  INFO root [2019-05-20 16:57:29,370] - Resmgr::initialize: KBE_BIN_PATH=D:/kbengine/kbe/bin/server/
  INFO root [2019-05-20 16:57:29,418] - NetworkInterface::initialize(INTERNAL-TCP): bound to all interfaces with default route interface on 192.168.56.1 ( 192.168.56.1:62900 )
  INFO root [2019-05-20 16:57:29,418] - NetworkInterface::initialize(INTERNAL-TCP): address 192.168.56.1:62900, SOMAXCONN=5.
  INFO root [2019-05-20 16:57:29,418] - server-configs:
  INFO root [2019-05-20 16:57:29,418] - 	internalTcpAddr : 192.168.56.1:62900
  INFO root [2019-05-20 16:57:29,419] - 	componentID : 4000
  WARN root [2019-05-20 16:57:29,419] - invalid UID(0) <= 0, please check UID for environment! automatically set to 3960.
  INFO root [2019-05-20 16:57:29,505] - Components::findLogger: found logger, addr:192.168.56.1:62894
  INFO root [2019-05-20 16:57:29,510] - Components::addComponent: reset orderLog, uid=3960!
  INFO root [2019-05-20 16:57:29,511] - Components::addComponent[logger], uid=3960, componentID=2000, globalorderid=1, grouporderid=1, totalcount=1
  INFO root [2019-05-20 16:57:29,530] - ---- dbmgr Version: 2.4.5. ScriptVersion: 0.1.0. Pythoncore: 3.7.3. Protocol: 11178A1C367680938C8E416B64844ACD. Config: Debug X86. Built: 09:55:16 May  8 2019. AppID: 4000. UID: 3960. PID: 11388 ----
  INFO root [2019-05-20 16:57:29,530] - Server error_name: Intel(R) Core(TM) i5-6300HQ CPU @ 2.30GHz with 2097151kB RAM
  INFO root [2019-05-20 16:57:29,531] - ThreadPool::createThreadPool: creating  threadpool...
  INFO root [2019-05-20 16:57:29,532] - ThreadPool::createThreadPool: successfully(2), newThreadCount=1, normalMaxThreadCount=2, maxThreadCount=8
  INFO root [2019-05-20 16:57:29,802] - Script::install(): is successfully, Python=(3.7.3 (default, May  8 2019, 09:53:38) [MSC v.1916 32 bit (Intel)])!
  INFO root [2019-05-20 16:57:29,802] - Script::install(): KBExtra is successfully!
  INFO root [2019-05-20 16:57:30,514] - Dbmgr::initializeEnd: digest(2C74E778B8FA1A5BE3F8033147922F39)
S_INFO root [2019-05-20 16:57:30,536] - onDBMgrReady: bootstrapGroupIndex=0, bootstrapGlobalIndex=0
  INFO root [2019-05-20 16:57:30,566] - TelnetServer server is running on port 32000
  INFO root [2019-05-20 16:57:30,567] - Dbmgr::initInterfacesHandler: interfaces addr(127.0.0.1:30099), accountType:(interfaces), chargeType:(interfaces).
  WARN root [2019-05-20 16:57:30,819] - DBUtil::initialize: db(default) password is not encrypted!
please use password(rsa):
554D703B5D700E18DADA4DDF20D75418B5F1A26C1AAD9E873A52F96A5B8F85901116458D0B11ED61434D7DF7BA60DD83C2AF8D8C0B0FCA30FDDD6E371B8218CCE80B0C7D0E1655D306150D242FFD176F036C116E7AFAC448E5C7AF990AFDEA676A087BD1385938B3BBAB2A74887E42C3056F43C725AF9D74D3CD7F0366E37002
 DEBUG root [2019-05-20 16:57:30,892] - DBInterfaceMysql::attach: connect: localhost:3306 starting...
 DEBUG root [2019-05-20 16:57:31,253] - DBInterfaceMysql::attach: successfully! addr: localhost:3306
  INFO root [2019-05-20 16:57:31,253] - DBUtil::createInterface[0x1e1f098]: interface=default, dbtype=mysql, ip=localhost, port=3306, currdatabase=kbe, username=kbe, connected=yes.

  INFO root [2019-05-20 16:57:31,330] - ThreadPool::createThreadPool: creating  threadpool...
  INFO root [2019-05-20 16:57:31,330] - ThreadPool::createThreadPool: successfully(5), newThreadCount=5, normalMaxThreadCount=5, maxThreadCount=5
 DEBUG root [2019-05-20 16:57:31,331] - DBInterfaceMysql::attach: connect: localhost:3306 starting...
 DEBUG root [2019-05-20 16:57:31,331] - DBInterfaceMysql::attach: connect: localhost:3306 starting...
 DEBUG root [2019-05-20 16:57:31,331] - DBInterfaceMysql::attach: connect: localhost:3306 starting...
 DEBUG root [2019-05-20 16:57:31,332] - DBInterfaceMysql::attach: connect: localhost:3306 starting...
 DEBUG root [2019-05-20 16:57:31,348] - DBInterfaceMysql::attach: connect: localhost:3306 starting...
 DEBUG root [2019-05-20 16:57:31,435] - DBInterfaceMysql::attach: successfully! addr: localhost:3306
 DEBUG root [2019-05-20 16:57:31,435] - DBThread::onStart(): 0x20966c0!
 DEBUG root [2019-05-20 16:57:31,517] - DBInterfaceMysql::attach: successfully! addr: localhost:3306
 DEBUG root [2019-05-20 16:57:31,517] - DBThread::onStart(): 0x20968e0!
 DEBUG root [2019-05-20 16:57:31,575] - DBInterfaceMysql::attach: successfully! addr: localhost:3306
 DEBUG root [2019-05-20 16:57:31,575] - DBThread::onStart(): 0x2095a00!
  INFO root [2019-05-20 16:57:31,607] - DBInterfaceMysql::query: successfully!
 DEBUG root [2019-05-20 16:57:31,683] - DBInterfaceMysql::attach: successfully! addr: localhost:3306
 DEBUG root [2019-05-20 16:57:31,683] - DBThread::onStart(): 0x2095c20!
 DEBUG root [2019-05-20 16:57:31,733] - DBInterfaceMysql::attach: successfully! addr: localhost:3306
 DEBUG root [2019-05-20 16:57:31,733] - DBThread::onStart(): 0x20964a0!
  INFO root [2019-05-20 16:57:31,783] - DBInterfaceMysql::query: successfully!
  INFO root [2019-05-20 16:57:31,803] - DBInterfaceMysql::query: successfully!
  INFO root [2019-05-20 16:57:31,803] - DBInterfaceMysql::query: successfully!
  INFO root [2019-05-20 16:57:31,803] - DBInterfaceMysql::query: successfully!
  INFO root [2019-05-20 16:57:31,804] - DBInterfaceMysql::query: successfully!
  INFO root [2019-05-20 16:57:31,804] - DBInterfaceMysql::query: successfully!
  INFO root [2019-05-20 16:57:31,805] - DBInterfaceMysql::query: successfully!
  INFO root [2019-05-20 16:57:31,874] - DBInterfaceMysql::query: successfully!
  WARN root [2019-05-20 16:57:31,943] - DBTask::process(): took 0.25 seconds
sql:(select distinct(serverGroupID) from kbe_entitylog)
  WARN root [2019-05-20 16:57:32,008] - DBTask::process(): took 0.38 seconds
sql:(insert into kbe_serverlog (heartbeatTime, serverGroupID) values(1558342651,3960) ON DUPLICATE KEY UPDATE heartbeatTime=1558342651)
  WARN root [2019-05-20 16:57:32,030] - DBTask::process(): took 0.41 seconds
sql:(show index from tbl_Account)
  WARN root [2019-05-20 16:57:32,092] - DBTask::process(): took 0.29 seconds
sql:(show index from tbl_Hall)
  WARN root [2019-05-20 16:57:32,092] - DBTask::process(): took 0.29 seconds
sql:(show index from tbl_Room)
  WARN root [2019-05-20 16:57:32,113] - d:\kbengine\kbe\src\server\dbmgr\dbmgr.cpp:306: Profile scriptCall took 1.60 seconds
  INFO root [2019-05-20 16:57:32,576] - ---- dbmgr is running ----
 DEBUG root [2019-05-20 16:57:32,577] - Components::process(): Request for the process of identity...
  WARN root [2019-05-20 16:57:38,735] - Forwarding logs to logger[192.168.56.1:62894/0/0/0]...
  INFO root [2019-05-20 17:03:48,945] - 
  INFO root [2019-05-20 17:03:48,963] - -----------------------------------------------------------------------------------------


  INFO root [2019-05-20 17:03:48,964] - Resmgr::initialize: KBE_ROOT=D:/kbengine/
  INFO root [2019-05-20 17:03:48,965] - Resmgr::initialize: KBE_RES_PATH=D:/kbengine/kbe/res/;D:/kbengine/HappyPoker_assets/;D:/kbengine/HappyPoker_assets/scripts/;D:/kbengine/HappyPoker_assets/res/
  INFO root [2019-05-20 17:03:48,965] - Resmgr::initialize: KBE_BIN_PATH=D:/kbengine/kbe/bin/server/
  INFO root [2019-05-20 17:03:48,999] - NetworkInterface::initialize(INTERNAL-TCP): bound to all interfaces with default route interface on 192.168.56.1 ( 192.168.56.1:63099 )
  INFO root [2019-05-20 17:03:48,999] - NetworkInterface::initialize(INTERNAL-TCP): address 192.168.56.1:63099, SOMAXCONN=5.
  INFO root [2019-05-20 17:03:49,000] - server-configs:
  INFO root [2019-05-20 17:03:49,000] - 	internalTcpAddr : 192.168.56.1:63099
  INFO root [2019-05-20 17:03:49,000] - 	componentID : 4000
  WARN root [2019-05-20 17:03:49,002] - invalid UID(0) <= 0, please check UID for environment! automatically set to 3960.
  INFO root [2019-05-20 17:03:50,516] - ---- dbmgr Version: 2.4.5. ScriptVersion: 0.1.0. Pythoncore: 3.7.3. Protocol: 11178A1C367680938C8E416B64844ACD. Config: Debug X86. Built: 09:55:16 May  8 2019. AppID: 4000. UID: 3960. PID: 15504 ----
  INFO root [2019-05-20 17:03:50,518] - Server error_name: Intel(R) Core(TM) i5-6300HQ CPU @ 2.30GHz with 2097151kB RAM
  INFO root [2019-05-20 17:03:50,518] - ThreadPool::createThreadPool: creating  threadpool...
  INFO root [2019-05-20 17:03:50,519] - ThreadPool::createThreadPool: successfully(2), newThreadCount=1, normalMaxThreadCount=2, maxThreadCount=8
  INFO root [2019-05-20 17:03:50,745] - Script::install(): is successfully, Python=(3.7.3 (default, May  8 2019, 09:53:38) [MSC v.1916 32 bit (Intel)])!
  INFO root [2019-05-20 17:03:50,745] - Script::install(): KBExtra is successfully!
  INFO root [2019-05-20 17:03:51,080] - Dbmgr::initializeEnd: digest(2C74E778B8FA1A5BE3F8033147922F39)
S_INFO root [2019-05-20 17:03:51,081] - onDBMgrReady: bootstrapGroupIndex=0, bootstrapGlobalIndex=0
  INFO root [2019-05-20 17:03:51,081] - TelnetServer server is running on port 32000
  INFO root [2019-05-20 17:03:51,082] - Dbmgr::initInterfacesHandler: interfaces addr(127.0.0.1:30099), accountType:(interfaces), chargeType:(interfaces).
  WARN root [2019-05-20 17:03:51,393] - DBUtil::initialize: db(default) password is not encrypted!
please use password(rsa):
461D67AFDA98DB3F7000E8A196A2810A19B70E26D2E97E4D820CF16CAC9C7EAB3261529917835251D30E889AE30185F670E506DB4B974CA2A2B5C1A38C235C93C9ADACA1D165639E9F77668F1574EB6F2EC99E4EE14596B7E94D13AAED8AABDD07603E203678BD85002D841C5F58511A9A63AA827F3D60E55BC869CE745D6BC3
 DEBUG root [2019-05-20 17:03:51,402] - DBInterfaceMysql::attach: connect: localhost:3306 starting...
 DEBUG root [2019-05-20 17:03:51,565] - DBInterfaceMysql::attach: successfully! addr: localhost:3306
  INFO root [2019-05-20 17:03:51,566] - DBUtil::createInterface[0x6fecdc]: interface=default, dbtype=mysql, ip=localhost, port=3306, currdatabase=kbe, username=kbe, connected=yes.

  INFO root [2019-05-20 17:03:51,566] - ThreadPool::createThreadPool: creating  threadpool...
  INFO root [2019-05-20 17:03:51,566] - ThreadPool::createThreadPool: successfully(5), newThreadCount=5, normalMaxThreadCount=5, maxThreadCount=5
 DEBUG root [2019-05-20 17:03:51,578] - DBInterfaceMysql::attach: connect: localhost:3306 starting...
 DEBUG root [2019-05-20 17:03:51,605] - DBInterfaceMysql::attach: connect: localhost:3306 starting...
 DEBUG root [2019-05-20 17:03:51,664] - DBInterfaceMysql::attach: connect: localhost:3306 starting...
 DEBUG root [2019-05-20 17:03:51,672] - DBInterfaceMysql::attach: successfully! addr: localhost:3306
 DEBUG root [2019-05-20 17:03:51,672] - DBThread::onStart(): 0xa85ba8!
  INFO root [2019-05-20 17:03:51,674] - DBInterfaceMysql::query: successfully!
 DEBUG root [2019-05-20 17:03:51,679] - DBInterfaceMysql::attach: connect: localhost:3306 starting...
 DEBUG root [2019-05-20 17:03:51,694] - DBInterfaceMysql::attach: connect: localhost:3306 starting...
 DEBUG root [2019-05-20 17:03:51,752] - DBInterfaceMysql::attach: successfully! addr: localhost:3306
 DEBUG root [2019-05-20 17:03:51,752] - DBThread::onStart(): 0xa85900!
  INFO root [2019-05-20 17:03:51,837] - DBInterfaceMysql::query: successfully!
  INFO root [2019-05-20 17:03:51,868] - DBInterfaceMysql::query: successfully!
 DEBUG root [2019-05-20 17:03:51,937] - DBInterfaceMysql::attach: successfully! addr: localhost:3306
 DEBUG root [2019-05-20 17:03:51,937] - DBThread::onStart(): 0xa85c30!
  INFO root [2019-05-20 17:03:52,051] - DBInterfaceMysql::query: successfully!
  WARN root [2019-05-20 17:03:52,078] - DBTask::process(): took 0.33 seconds
sql:(select distinct(serverGroupID) from kbe_entitylog)
 DEBUG root [2019-05-20 17:03:52,127] - DBInterfaceMysql::attach: successfully! addr: localhost:3306
 DEBUG root [2019-05-20 17:03:52,128] - DBThread::onStart(): 0xa85080!
 DEBUG root [2019-05-20 17:03:52,277] - DBInterfaceMysql::attach: successfully! addr: localhost:3306
 DEBUG root [2019-05-20 17:03:52,277] - DBThread::onStart(): 0xa85e50!
  WARN root [2019-05-20 17:03:52,280] - DBTask::process(): took 0.44 seconds
sql:(show index from tbl_Room)
  WARN root [2019-05-20 17:03:52,372] - DBTask::process(): took 0.29 seconds
sql:(show index from tbl_Hall)
  INFO root [2019-05-20 17:03:52,418] - DBInterfaceMysql::query: successfully!
  INFO root [2019-05-20 17:03:52,419] - DBInterfaceMysql::query: successfully!
  INFO root [2019-05-20 17:03:52,420] - DBInterfaceMysql::query: successfully!
  INFO root [2019-05-20 17:03:52,421] - DBInterfaceMysql::query: successfully!
  INFO root [2019-05-20 17:03:52,422] - DBInterfaceMysql::query: successfully!
  WARN root [2019-05-20 17:03:52,423] - DBTask::process(): took 0.49 seconds
sql:(delete from kbe_email_verification where logtime<1558339432 and type=3)
  WARN root [2019-05-20 17:03:52,468] - DBTask::process(): took 0.34 seconds
sql:(insert into kbe_serverlog (heartbeatTime, serverGroupID) values(1558343032,3960) ON DUPLICATE KEY UPDATE heartbeatTime=1558343032)
  WARN root [2019-05-20 17:03:52,488] - d:\kbengine\kbe\src\server\dbmgr\dbmgr.cpp:306: Profile scriptCall took 1.41 seconds
  INFO root [2019-05-20 17:03:52,930] - ---- dbmgr is running ----
 DEBUG root [2019-05-20 17:03:52,930] - Components::process(): Request for the process of identity...
  INFO root [2019-05-20 17:03:59,093] - ServerApp::onRegisterNewApp: uid:3960, username:error_name, componentType:interfaces, componentID:3000, globalorderID=-1, grouporderID=-1, intaddr:192.168.56.1, intport:30099, extaddr:nonsupport, extport:0,  from 127.0.0.1:30099/0/0/0.
  INFO root [2019-05-20 17:03:59,094] - Components::addComponent: reset orderLog, uid=3960!
  INFO root [2019-05-20 17:03:59,094] - Components::addComponent[interfaces], uid=3960, componentID=3000, globalorderid=1, grouporderid=1, totalcount=1
  INFO root [2019-05-20 17:04:00,101] - Components::findComponents: find logger(1)...
  INFO root [2019-05-20 17:04:00,130] - Components::findComponents: found logger, addr:192.168.56.1:63098
  INFO root [2019-05-20 17:04:00,130] - Components::addComponent: reset orderLog, uid=3960!
  INFO root [2019-05-20 17:04:00,130] - Components::addComponent[logger], uid=3960, componentID=2000, globalorderid=1, grouporderid=1, totalcount=1
  INFO root [2019-05-20 17:04:00,141] - Components::process(): Found all the components!
  WARN root [2019-05-20 17:04:00,185] - Forwarding logs to logger[192.168.56.1:63098/0/0/0]...
 ERROR root [2019-05-20 17:10:01,706] - Components::removeComponentByChannel: logger : 2000, Abnormal exit(reason=TCPPacketReceiver::processRecv(): error=10054
)! Channel(timestamp=578500213937, lastReceivedTime=578471580802, inactivityExceptionPeriod=134884687)
  INFO root [2019-05-20 17:10:01,711] - The following logs sent to logger failed:
  WARN root [2019-05-20 17:10:01,711] - ==> [2019-05-20 17:10:01 704] TCPPacketReceiver::processPendingEvents(192.168.56.1:63098): Throwing REASON_GENERAL_NETWORK - WSAECONNRESET
 ERROR root [2019-05-20 17:10:01,711] - ==> [2019-05-20 17:10:01 707] Components::removeComponentByChannel: logger : 2000, Abnormal exit(reason=TCPPacketReceiver::processRecv(): error=10054
)! Channel(timestamp=578500213937, lastReceivedTime=578471580802, inactivityExceptionPeriod=134884687)
  INFO root [2019-05-20 17:10:03,568] - 
  INFO root [2019-05-20 17:10:03,570] - -----------------------------------------------------------------------------------------


  INFO root [2019-05-20 17:10:03,572] - Resmgr::initialize: KBE_ROOT=D:/kbengine/
  INFO root [2019-05-20 17:10:03,572] - Resmgr::initialize: KBE_RES_PATH=D:/kbengine/kbe/res/;D:/kbengine/HappyPoker_assets/;D:/kbengine/HappyPoker_assets/scripts/;D:/kbengine/HappyPoker_assets/res/
  INFO root [2019-05-20 17:10:03,572] - Resmgr::initialize: KBE_BIN_PATH=D:/kbengine/kbe/bin/server/
  INFO root [2019-05-20 17:10:03,644] - NetworkInterface::initialize(INTERNAL-TCP): bound to all interfaces with default route interface on 192.168.56.1 ( 192.168.56.1:63300 )
  INFO root [2019-05-20 17:10:03,644] - NetworkInterface::initialize(INTERNAL-TCP): address 192.168.56.1:63300, SOMAXCONN=5.
  INFO root [2019-05-20 17:10:03,644] - server-configs:
  INFO root [2019-05-20 17:10:03,644] - 	internalTcpAddr : 192.168.56.1:63300
  INFO root [2019-05-20 17:10:03,644] - 	componentID : 4000
  WARN root [2019-05-20 17:10:03,646] - invalid UID(0) <= 0, please check UID for environment! automatically set to 3960.
  INFO root [2019-05-20 17:10:05,159] - ---- dbmgr Version: 2.4.5. ScriptVersion: 0.1.0. Pythoncore: 3.7.3. Protocol: 11178A1C367680938C8E416B64844ACD. Config: Debug X86. Built: 09:55:16 May  8 2019. AppID: 4000. UID: 3960. PID: 4884 ----
  INFO root [2019-05-20 17:10:05,159] - Server error_name: Intel(R) Core(TM) i5-6300HQ CPU @ 2.30GHz with 2097151kB RAM
  INFO root [2019-05-20 17:10:05,160] - ThreadPool::createThreadPool: creating  threadpool...
  INFO root [2019-05-20 17:10:05,160] - ThreadPool::createThreadPool: successfully(2), newThreadCount=1, normalMaxThreadCount=2, maxThreadCount=8
  INFO root [2019-05-20 17:10:05,365] - Script::install(): is successfully, Python=(3.7.3 (default, May  8 2019, 09:53:38) [MSC v.1916 32 bit (Intel)])!
  INFO root [2019-05-20 17:10:05,365] - Script::install(): KBExtra is successfully!
  INFO root [2019-05-20 17:10:05,496] - Dbmgr::initializeEnd: digest(2C74E778B8FA1A5BE3F8033147922F39)
S_INFO root [2019-05-20 17:10:05,497] - onDBMgrReady: bootstrapGroupIndex=0, bootstrapGlobalIndex=0
  INFO root [2019-05-20 17:10:05,497] - TelnetServer server is running on port 32000
  INFO root [2019-05-20 17:10:05,498] - Dbmgr::initInterfacesHandler: interfaces addr(127.0.0.1:30099), accountType:(interfaces), chargeType:(interfaces).
  WARN root [2019-05-20 17:10:05,723] - DBUtil::initialize: db(default) password is not encrypted!
please use password(rsa):
37B115194C834BC70FDB2FDBDB1B848B6060640395E972D653B534E0DEF9A2F9C5A6BE87D0BB4008E901B7416490D88C1122EAEEF36C3C72FA65ACC64FF5358A67D75040678D5894E990946772BD6A2B3DC987B39D3AAF2C0F91A471F029D088EA362A111BA422994B2E3ABE58EDD0E1A2885B39606B750CB98EFF9F8F43DCF9
 DEBUG root [2019-05-20 17:10:05,727] - DBInterfaceMysql::attach: connect: localhost:3306 starting...
 DEBUG root [2019-05-20 17:10:05,984] - DBInterfaceMysql::attach: successfully! addr: localhost:3306
  INFO root [2019-05-20 17:10:05,984] - DBUtil::createInterface[0x58ee8c]: interface=default, dbtype=mysql, ip=localhost, port=3306, currdatabase=kbe, username=kbe, connected=yes.

  INFO root [2019-05-20 17:10:05,984] - ThreadPool::createThreadPool: creating  threadpool...
  INFO root [2019-05-20 17:10:05,984] - ThreadPool::createThreadPool: successfully(5), newThreadCount=5, normalMaxThreadCount=5, maxThreadCount=5
 DEBUG root [2019-05-20 17:10:05,985] - DBInterfaceMysql::attach: connect: localhost:3306 starting...
 DEBUG root [2019-05-20 17:10:05,985] - DBInterfaceMysql::attach: connect: localhost:3306 starting...
 DEBUG root [2019-05-20 17:10:05,985] - DBInterfaceMysql::attach: connect: localhost:3306 starting...
 DEBUG root [2019-05-20 17:10:06,000] - DBInterfaceMysql::attach: connect: localhost:3306 starting...
 DEBUG root [2019-05-20 17:10:06,003] - DBInterfaceMysql::attach: connect: localhost:3306 starting...
 DEBUG root [2019-05-20 17:10:06,120] - DBInterfaceMysql::attach: successfully! addr: localhost:3306
 DEBUG root [2019-05-20 17:10:06,120] - DBThread::onStart(): 0x955648!
 DEBUG root [2019-05-20 17:10:06,254] - DBInterfaceMysql::attach: successfully! addr: localhost:3306
 DEBUG root [2019-05-20 17:10:06,254] - DBThread::onStart(): 0x9555c0!
 DEBUG root [2019-05-20 17:10:06,434] - DBInterfaceMysql::attach: successfully! addr: localhost:3306
 DEBUG root [2019-05-20 17:10:06,434] - DBThread::onStart(): 0x954dc8!
  INFO root [2019-05-20 17:10:06,511] - DBInterfaceMysql::query: successfully!
 DEBUG root [2019-05-20 17:10:06,570] - DBInterfaceMysql::attach: successfully! addr: localhost:3306
 DEBUG root [2019-05-20 17:10:06,571] - DBThread::onStart(): 0x955758!
 DEBUG root [2019-05-20 17:10:06,679] - DBInterfaceMysql::attach: successfully! addr: localhost:3306
 DEBUG root [2019-05-20 17:10:06,680] - DBThread::onStart(): 0x9556d0!
  INFO root [2019-05-20 17:10:06,771] - DBInterfaceMysql::query: successfully!
  INFO root [2019-05-20 17:10:06,771] - DBInterfaceMysql::query: successfully!
  INFO root [2019-05-20 17:10:06,771] - DBInterfaceMysql::query: successfully!
  INFO root [2019-05-20 17:10:06,771] - DBInterfaceMysql::query: successfully!
  WARN root [2019-05-20 17:10:06,772] - DBTask::process(): took 0.26 seconds
sql:(CREATE TABLE IF NOT EXISTS kbe_accountinfos (`accountName` varchar(128) not null, PRIMARY KEY idKey (`accountName`),`password` varchar(255) not null,`bindata` blob,`email` varchar(191) not null, UNIQUE KEY `email` (`email`),`entityDBID` bigint(20) unsigned not null DEFAULT 0, UNIQUE KEY `entityDBID` (`entityDBID`),`flags` int unsigned not null DEFAULT 0,`deadline` bigint(20) not null DEFAULT 0,`regtime` bigint(20) not null DEFAULT 0,`lasttime` bigint(20) not null DEFAULT 0,`numlogin` int unsigned not null DEFAULT 0)ENGINE=InnoDB)
  INFO root [2019-05-20 17:10:06,829] - DBInterfaceMysql::query: successfully!
  INFO root [2019-05-20 17:10:06,830] - DBInterfaceMysql::query: successfully!
  INFO root [2019-05-20 17:10:06,830] - DBInterfaceMysql::query: successfully!
  WARN root [2019-05-20 17:10:06,872] - DBTask::process(): took 0.30 seconds
sql:(show index from tbl_Account)
  WARN root [2019-05-20 17:10:06,962] - DBTask::process(): took 0.45 seconds
sql:(insert into kbe_serverlog (heartbeatTime, serverGroupID) values(1558343406,3960) ON DUPLICATE KEY UPDATE heartbeatTime=1558343406)
  INFO root [2019-05-20 17:10:06,995] - DBInterfaceMysql::query: successfully!
  WARN root [2019-05-20 17:10:06,996] - DBTask::process(): took 0.48 seconds
sql:(select distinct(serverGroupID) from kbe_entitylog)
  WARN root [2019-05-20 17:10:07,017] - d:\kbengine\kbe\src\server\dbmgr\dbmgr.cpp:306: Profile scriptCall took 1.52 seconds
  INFO root [2019-05-20 17:10:07,421] - ---- dbmgr is running ----
 DEBUG root [2019-05-20 17:10:07,421] - Components::process(): Request for the process of identity...
  INFO root [2019-05-20 17:10:13,545] - ServerApp::onRegisterNewApp: uid:3960, username:error_name, componentType:interfaces, componentID:3000, globalorderID=-1, grouporderID=-1, intaddr:192.168.56.1, intport:30099, extaddr:nonsupport, extport:0,  from 127.0.0.1:30099/0/0/0.
  INFO root [2019-05-20 17:10:13,545] - Components::addComponent: reset orderLog, uid=3960!
  INFO root [2019-05-20 17:10:13,545] - Components::addComponent[interfaces], uid=3960, componentID=3000, globalorderid=1, grouporderid=1, totalcount=1
  INFO root [2019-05-20 17:10:14,556] - Components::findComponents: find logger(1)...
  INFO root [2019-05-20 17:10:14,656] - Components::findComponents: found logger, addr:192.168.56.1:63296
  INFO root [2019-05-20 17:10:14,656] - Components::addComponent: reset orderLog, uid=3960!
  INFO root [2019-05-20 17:10:14,657] - Components::addComponent[logger], uid=3960, componentID=2000, globalorderid=1, grouporderid=1, totalcount=1
  WARN root [2019-05-20 17:10:14,658] - Forwarding logs to logger[192.168.56.1:63296/0/0/0]...
 ERROR root [2019-05-20 17:13:46,336] - Components::removeComponentByChannel: logger : 2000, Abnormal exit(reason=TCPPacketReceiver::processRecv(): error=10054
)! Channel(timestamp=579005631488, lastReceivedTime=578976759653, inactivityExceptionPeriod=134872697)
  INFO root [2019-05-20 17:13:46,342] - The following logs sent to logger failed:
  WARN root [2019-05-20 17:13:46,342] - ==> [2019-05-20 17:13:46 335] TCPPacketReceiver::processPendingEvents(192.168.56.1:63296): Throwing REASON_GENERAL_NETWORK - WSAECONNRESET
 ERROR root [2019-05-20 17:13:46,343] - ==> [2019-05-20 17:13:46 336] Components::removeComponentByChannel: logger : 2000, Abnormal exit(reason=TCPPacketReceiver::processRecv(): error=10054
)! Channel(timestamp=579005631488, lastReceivedTime=578976759653, inactivityExceptionPeriod=134872697)
  INFO root [2019-05-20 17:13:50,551] - 
  INFO root [2019-05-20 17:13:50,557] - -----------------------------------------------------------------------------------------


  INFO root [2019-05-20 17:13:50,558] - Resmgr::initialize: KBE_ROOT=D:/kbengine/
  INFO root [2019-05-20 17:13:50,558] - Resmgr::initialize: KBE_RES_PATH=D:/kbengine/kbe/res/;D:/kbengine/HappyPoker_assets/;D:/kbengine/HappyPoker_assets/scripts/;D:/kbengine/HappyPoker_assets/res/
  INFO root [2019-05-20 17:13:50,559] - Resmgr::initialize: KBE_BIN_PATH=D:/kbengine/kbe/bin/server/
  INFO root [2019-05-20 17:13:50,613] - NetworkInterface::initialize(INTERNAL-TCP): bound to all interfaces with default route interface on 192.168.56.1 ( 192.168.56.1:63434 )
  INFO root [2019-05-20 17:13:50,614] - NetworkInterface::initialize(INTERNAL-TCP): address 192.168.56.1:63434, SOMAXCONN=5.
  INFO root [2019-05-20 17:13:50,614] - server-configs:
  INFO root [2019-05-20 17:13:50,614] - 	internalTcpAddr : 192.168.56.1:63434
  INFO root [2019-05-20 17:13:50,614] - 	componentID : 4000
  WARN root [2019-05-20 17:13:50,618] - invalid UID(0) <= 0, please check UID for environment! automatically set to 3960.
  INFO root [2019-05-20 17:13:52,130] - ---- dbmgr Version: 2.4.5. ScriptVersion: 0.1.0. Pythoncore: 3.7.3. Protocol: 11178A1C367680938C8E416B64844ACD. Config: Debug X86. Built: 09:55:16 May  8 2019. AppID: 4000. UID: 3960. PID: 11356 ----
  INFO root [2019-05-20 17:13:52,131] - Server error_name: Intel(R) Core(TM) i5-6300HQ CPU @ 2.30GHz with 2097151kB RAM
  INFO root [2019-05-20 17:13:52,132] - ThreadPool::createThreadPool: creating  threadpool...
  INFO root [2019-05-20 17:13:52,132] - ThreadPool::createThreadPool: successfully(2), newThreadCount=1, normalMaxThreadCount=2, maxThreadCount=8
  INFO root [2019-05-20 17:13:52,343] - Script::install(): is successfully, Python=(3.7.3 (default, May  8 2019, 09:53:38) [MSC v.1916 32 bit (Intel)])!
  INFO root [2019-05-20 17:13:52,343] - Script::install(): KBExtra is successfully!
  INFO root [2019-05-20 17:13:52,475] - Dbmgr::initializeEnd: digest(2C74E778B8FA1A5BE3F8033147922F39)
S_INFO root [2019-05-20 17:13:52,475] - onDBMgrReady: bootstrapGroupIndex=0, bootstrapGlobalIndex=0
  INFO root [2019-05-20 17:13:52,475] - TelnetServer server is running on port 32000
  INFO root [2019-05-20 17:13:52,476] - Dbmgr::initInterfacesHandler: interfaces addr(127.0.0.1:30099), accountType:(interfaces), chargeType:(interfaces).
  WARN root [2019-05-20 17:13:52,708] - DBUtil::initialize: db(default) password is not encrypted!
please use password(rsa):
E58A7636903D6F84E4D491C0423811AB6B366D2AFC9B9CEB84161305DA75A0A8B3633780D3FFA8E2A3BA36037C91EF6897EA28218B5A744DE022CDDC29950D1CFC714E76B318105A2CDF1F8A0E05BC877CDDCB82C44C2D29AF96169721B5CE90A974420B5F69F3AA873CB9EE152C3F49F1B369BEB83280E1EFD7E813FF104D0F
 DEBUG root [2019-05-20 17:13:52,713] - DBInterfaceMysql::attach: connect: localhost:3306 starting...
 DEBUG root [2019-05-20 17:13:52,862] - DBInterfaceMysql::attach: successfully! addr: localhost:3306
  INFO root [2019-05-20 17:13:52,862] - DBUtil::createInterface[0x20fefac]: interface=default, dbtype=mysql, ip=localhost, port=3306, currdatabase=kbe, username=kbe, connected=yes.

  INFO root [2019-05-20 17:13:52,862] - ThreadPool::createThreadPool: creating  threadpool...
  INFO root [2019-05-20 17:13:52,863] - ThreadPool::createThreadPool: successfully(5), newThreadCount=5, normalMaxThreadCount=5, maxThreadCount=5
 DEBUG root [2019-05-20 17:13:52,892] - DBInterfaceMysql::attach: connect: localhost:3306 starting...
 DEBUG root [2019-05-20 17:13:52,900] - DBInterfaceMysql::attach: connect: localhost:3306 starting...
 DEBUG root [2019-05-20 17:13:52,916] - DBInterfaceMysql::attach: connect: localhost:3306 starting...
 DEBUG root [2019-05-20 17:13:52,931] - DBInterfaceMysql::attach: connect: localhost:3306 starting...
 DEBUG root [2019-05-20 17:13:52,941] - DBInterfaceMysql::attach: connect: localhost:3306 starting...
 DEBUG root [2019-05-20 17:13:52,978] - DBInterfaceMysql::attach: successfully! addr: localhost:3306
 DEBUG root [2019-05-20 17:13:52,978] - DBThread::onStart(): 0x21d47b0!
  INFO root [2019-05-20 17:13:52,979] - DBInterfaceMysql::query: successfully!
 DEBUG root [2019-05-20 17:13:53,047] - DBInterfaceMysql::attach: successfully! addr: localhost:3306
 DEBUG root [2019-05-20 17:13:53,047] - DBThread::onStart(): 0x21d46a0!
  INFO root [2019-05-20 17:13:53,088] - DBInterfaceMysql::query: successfully!
 DEBUG root [2019-05-20 17:13:53,146] - DBInterfaceMysql::attach: successfully! addr: localhost:3306
 DEBUG root [2019-05-20 17:13:53,146] - DBThread::onStart(): 0x21d3f30!
 DEBUG root [2019-05-20 17:13:53,213] - DBInterfaceMysql::attach: successfully! addr: localhost:3306
 DEBUG root [2019-05-20 17:13:53,214] - DBThread::onStart(): 0x21d4040!
 DEBUG root [2019-05-20 17:13:53,289] - DBInterfaceMysql::attach: successfully! addr: localhost:3306
 DEBUG root [2019-05-20 17:13:53,289] - DBThread::onStart(): 0x21d4618!
  WARN root [2019-05-20 17:13:53,332] - DBTask::process(): took 0.28 seconds
sql:(show index from tbl_Account)
  INFO root [2019-05-20 17:13:53,355] - DBInterfaceMysql::query: successfully!
  INFO root [2019-05-20 17:13:53,355] - DBInterfaceMysql::query: successfully!
  INFO root [2019-05-20 17:13:53,355] - DBInterfaceMysql::query: successfully!
  INFO root [2019-05-20 17:13:53,356] - DBInterfaceMysql::query: successfully!
  INFO root [2019-05-20 17:13:53,356] - DBInterfaceMysql::query: successfully!
  INFO root [2019-05-20 17:13:53,357] - DBInterfaceMysql::query: successfully!
  WARN root [2019-05-20 17:13:53,358] - DBTask::process(): took 0.27 seconds
sql:(show index from tbl_Room)
  WARN root [2019-05-20 17:13:53,480] - DBTask::process(): took 0.27 seconds
sql:(insert into kbe_serverlog (heartbeatTime, serverGroupID) values(1558343633,3960) ON DUPLICATE KEY UPDATE heartbeatTime=1558343633)
  INFO root [2019-05-20 17:13:53,511] - DBInterfaceMysql::query: successfully!
  WARN root [2019-05-20 17:13:53,512] - DBTask::process(): took 0.37 seconds
sql:(select distinct(serverGroupID) from kbe_entitylog)
  WARN root [2019-05-20 17:13:53,528] - d:\kbengine\kbe\src\server\dbmgr\dbmgr.cpp:306: Profile scriptCall took 1.05 seconds
  INFO root [2019-05-20 17:13:53,929] - ---- dbmgr is running ----
 DEBUG root [2019-05-20 17:13:53,929] - Components::process(): Request for the process of identity...
  INFO root [2019-05-20 17:14:00,069] - ServerApp::onRegisterNewApp: uid:3960, username:error_name, componentType:interfaces, componentID:3000, globalorderID=-1, grouporderID=-1, intaddr:192.168.56.1, intport:30099, extaddr:nonsupport, extport:0,  from 127.0.0.1:30099/0/0/0.
  INFO root [2019-05-20 17:14:00,070] - Components::addComponent: reset orderLog, uid=3960!
  INFO root [2019-05-20 17:14:00,070] - Components::addComponent[interfaces], uid=3960, componentID=3000, globalorderid=1, grouporderid=1, totalcount=1
  INFO root [2019-05-20 17:14:01,075] - Components::findComponents: find logger(1)...
  INFO root [2019-05-20 17:14:01,172] - Components::findComponents: found logger, addr:192.168.56.1:63435
  INFO root [2019-05-20 17:14:01,172] - Components::addComponent: reset orderLog, uid=3960!
  INFO root [2019-05-20 17:14:01,173] - Components::addComponent[logger], uid=3960, componentID=2000, globalorderid=1, grouporderid=1, totalcount=1
  WARN root [2019-05-20 17:14:01,174] - Forwarding logs to logger[192.168.56.1:63435/0/0/0]...
 ERROR root [2019-05-20 17:20:42,089] - Components::removeComponentByChannel: logger : 2000, Abnormal exit(reason=TCPPacketReceiver::processRecv(): error=10054
)! Channel(timestamp=579941079037, lastReceivedTime=579892743568, inactivityExceptionPeriod=134884207)
  INFO root [2019-05-20 17:20:42,094] - The following logs sent to logger failed:
  WARN root [2019-05-20 17:20:42,094] - ==> [2019-05-20 17:20:42 088] TCPPacketReceiver::processPendingEvents(192.168.56.1:63435): Throwing REASON_GENERAL_NETWORK - WSAECONNRESET
 ERROR root [2019-05-20 17:20:42,095] - ==> [2019-05-20 17:20:42 090] Components::removeComponentByChannel: logger : 2000, Abnormal exit(reason=TCPPacketReceiver::processRecv(): error=10054
)! Channel(timestamp=579941079037, lastReceivedTime=579892743568, inactivityExceptionPeriod=134884207)
