  INFO root [2019-07-17 09:13:16,017] - 
  INFO root [2019-07-17 09:13:16,018] - -----------------------------------------------------------------------------------------


  INFO root [2019-07-17 09:13:16,019] - Resmgr::initialize: KBE_ROOT=D:/kbengine/
  INFO root [2019-07-17 09:13:16,019] - Resmgr::initialize: KBE_RES_PATH=D:/kbengine/kbe/res/;D:/kbengine/HappyPoker_assets/;D:/kbengine/HappyPoker_assets/scripts/;D:/kbengine/HappyPoker_assets/res/
  INFO root [2019-07-17 09:13:16,019] - Resmgr::initialize: KBE_BIN_PATH=D:/kbengine/kbe/bin/server/
  INFO root [2019-07-17 09:13:16,041] - NetworkInterface::initialize(INTERNAL-TCP): bound to all interfaces with default route interface on 192.168.56.1 ( 192.168.56.1:50252 )
  INFO root [2019-07-17 09:13:16,042] - NetworkInterface::initialize(INTERNAL-TCP): address 192.168.56.1:50252, SOMAXCONN=5.
  INFO root [2019-07-17 09:13:16,042] - server-configs:
  INFO root [2019-07-17 09:13:16,042] - 	internalTcpAddr : 192.168.56.1:50252
  INFO root [2019-07-17 09:13:16,042] - 	componentID : 4000
  WARN root [2019-07-17 09:13:16,043] - invalid UID(0) <= 0, please check UID for environment! automatically set to 2082.
  INFO root [2019-07-17 09:13:17,548] - ---- dbmgr Version: 2.4.5. ScriptVersion: 0.1.0. Pythoncore: 3.7.3. Protocol: 11178A1C367680938C8E416B64844ACD. Config: Debug X86. Built: 09:55:16 May  8 2019. AppID: 4000. UID: 2082. PID: 8672 ----
  INFO root [2019-07-17 09:13:17,548] - Server error_name: Intel(R) Core(TM) i5-6300HQ CPU @ 2.30GHz with 2097151kB RAM
  INFO root [2019-07-17 09:13:17,548] - ThreadPool::createThreadPool: creating  threadpool...
  INFO root [2019-07-17 09:13:17,549] - ThreadPool::createThreadPool: successfully(2), newThreadCount=1, normalMaxThreadCount=2, maxThreadCount=8
  INFO root [2019-07-17 09:13:17,760] - Script::install(): is successfully, Python=(3.7.3 (default, May  8 2019, 09:53:38) [MSC v.1916 32 bit (Intel)])!
  INFO root [2019-07-17 09:13:17,760] - Script::install(): KBExtra is successfully!
  INFO root [2019-07-17 09:13:18,137] - Dbmgr::initializeEnd: digest(B91EBE6B591F8BEB2E04FAF8BE8B7B2F)
S_INFO root [2019-07-17 09:13:18,139] - onDBMgrReady: bootstrapGroupIndex=0, bootstrapGlobalIndex=0
  INFO root [2019-07-17 09:13:18,140] - TelnetServer server is running on port 32000
  INFO root [2019-07-17 09:13:18,145] - Dbmgr::initInterfacesHandler: interfaces addr(127.0.0.1:30099), accountType:(interfaces), chargeType:(interfaces).
  WARN root [2019-07-17 09:13:18,544] - DBUtil::initialize: db(default) password is not encrypted!
please use password(rsa):
5C86B28DCAB146D4E4FF02B2746B9E2598A4EB7F9CBE851267362DD52F946C0756523F37E4EA9A2E1A687E0D93EFB23E89A5F16BA08C864CCEE457A572A33B2A290D22CF28453B0A4EBC2151F77487000750AA9F264B50B64DE2CAAE0BA38DA7AC6A02DFFFDDA959E1967DDC93F738043FE846F2AB5402B7B62C4CB1BEAA400E
 DEBUG root [2019-07-17 09:13:18,548] - DBInterfaceMysql::attach: connect: localhost:3306 starting...
 DEBUG root [2019-07-17 09:13:18,852] - DBInterfaceMysql::attach: successfully! addr: localhost:3306
  INFO root [2019-07-17 09:13:18,852] - DBUtil::createInterface[0x1feef44]: interface=default, dbtype=mysql, ip=localhost, port=3306, currdatabase=kbe, username=kbe, connected=yes.

  INFO root [2019-07-17 09:13:18,853] - ThreadPool::createThreadPool: creating  threadpool...
  INFO root [2019-07-17 09:13:18,853] - ThreadPool::createThreadPool: successfully(5), newThreadCount=5, normalMaxThreadCount=5, maxThreadCount=5
 DEBUG root [2019-07-17 09:13:18,855] - DBInterfaceMysql::attach: connect: localhost:3306 starting...
 DEBUG root [2019-07-17 09:13:18,857] - DBInterfaceMysql::attach: connect: localhost:3306 starting...
 DEBUG root [2019-07-17 09:13:18,891] - DBInterfaceMysql::attach: connect: localhost:3306 starting...
 DEBUG root [2019-07-17 09:13:18,902] - DBInterfaceMysql::attach: connect: localhost:3306 starting...
 DEBUG root [2019-07-17 09:13:18,913] - DBInterfaceMysql::attach: connect: localhost:3306 starting...
 DEBUG root [2019-07-17 09:13:19,065] - DBInterfaceMysql::attach: successfully! addr: localhost:3306
 DEBUG root [2019-07-17 09:13:19,066] - DBThread::onStart(): 0x24f0860!
 DEBUG root [2019-07-17 09:13:19,236] - DBInterfaceMysql::attach: successfully! addr: localhost:3306
 DEBUG root [2019-07-17 09:13:19,236] - DBThread::onStart(): 0x24f0750!
  INFO root [2019-07-17 09:13:19,401] - DBInterfaceMysql::query: successfully!
 DEBUG root [2019-07-17 09:13:19,507] - DBInterfaceMysql::attach: successfully! addr: localhost:3306
 DEBUG root [2019-07-17 09:13:19,507] - DBThread::onStart(): 0x24f0970!
 DEBUG root [2019-07-17 09:13:19,710] - DBInterfaceMysql::attach: successfully! addr: localhost:3306
 DEBUG root [2019-07-17 09:13:19,710] - DBThread::onStart(): 0x24f08e8!
 DEBUG root [2019-07-17 09:13:19,862] - DBInterfaceMysql::attach: successfully! addr: localhost:3306
 DEBUG root [2019-07-17 09:13:19,862] - DBThread::onStart(): 0x24f0ca0!
  INFO root [2019-07-17 09:13:20,006] - DBInterfaceMysql::query: successfully!
  INFO root [2019-07-17 09:13:20,056] - DBInterfaceMysql::query: successfully!
  INFO root [2019-07-17 09:13:20,056] - DBInterfaceMysql::query: successfully!
  INFO root [2019-07-17 09:13:20,057] - DBInterfaceMysql::query: successfully!
  WARN root [2019-07-17 09:13:20,058] - DBTask::process(): took 0.66 seconds
sql:(CREATE TABLE IF NOT EXISTS kbe_accountinfos (`accountName` varchar(128) not null, PRIMARY KEY idKey (`accountName`),`password` varchar(255) not null,`bindata` blob,`email` varchar(191) not null, UNIQUE KEY `email` (`email`),`entityDBID` bigint(20) unsigned not null DEFAULT 0, UNIQUE KEY `entityDBID` (`entityDBID`),`flags` int unsigned not null DEFAULT 0,`deadline` bigint(20) not null DEFAULT 0,`regtime` bigint(20) not null DEFAULT 0,`lasttime` bigint(20) not null DEFAULT 0,`numlogin` int unsigned not null DEFAULT 0)ENGINE=InnoDB)
  INFO root [2019-07-17 09:13:20,166] - DBInterfaceMysql::query: successfully!
  INFO root [2019-07-17 09:13:20,166] - DBInterfaceMysql::query: successfully!
  INFO root [2019-07-17 09:13:20,167] - DBInterfaceMysql::query: successfully!
  WARN root [2019-07-17 09:13:20,167] - DBTask::process(): took 0.30 seconds
sql:(delete from kbe_email_verification where logtime<1563322400 and type=3)
  WARN root [2019-07-17 09:13:20,370] - DBTask::process(): took 0.66 seconds
sql:(show index from tbl_Friend)
  WARN root [2019-07-17 09:13:20,371] - DBTask::process(): took 0.31 seconds
sql:(show index from tbl_Account_friendList)
  WARN root [2019-07-17 09:13:20,435] - DBTask::process(): took 1.03 seconds
sql:(insert into kbe_serverlog (heartbeatTime, serverGroupID) values(1563326000,2082) ON DUPLICATE KEY UPDATE heartbeatTime=1563326000)
  INFO root [2019-07-17 09:13:20,463] - DBInterfaceMysql::query: successfully!
  WARN root [2019-07-17 09:13:20,464] - DBTask::process(): took 0.96 seconds
sql:(select distinct(serverGroupID) from kbe_entitylog)
  WARN root [2019-07-17 09:13:20,474] - DBTask::process(): took 0.31 seconds
sql:(show index from tbl_Mail_mailList)
  WARN root [2019-07-17 09:13:20,575] - DBTask::process(): delay 1.03 seconds, try adjusting the kbengine[_defs].xml(numConnections) and MySQL(my.cnf->max_connections or innodb_flush_log_at_trx_commit)!
sql:(show index from tbl_Hall)
  WARN root [2019-07-17 09:13:20,592] - DBTask::process(): delay 1.12 seconds, try adjusting the kbengine[_defs].xml(numConnections) and MySQL(my.cnf->max_connections or innodb_flush_log_at_trx_commit)!
sql:(show index from tbl_Mail)
  WARN root [2019-07-17 09:13:20,592] - DBTask::process(): delay 1.07 seconds, try adjusting the kbengine[_defs].xml(numConnections) and MySQL(my.cnf->max_connections or innodb_flush_log_at_trx_commit)!
sql:(show index from tbl_Friend_synchroFriendList)
  WARN root [2019-07-17 09:13:20,593] - DBTask::process(): delay 1.06 seconds, try adjusting the kbengine[_defs].xml(numConnections) and MySQL(my.cnf->max_connections or innodb_flush_log_at_trx_commit)!
sql:(show index from tbl_Friend_publicDataList)
  WARN root [2019-07-17 09:13:20,609] - d:\kbengine\kbe\src\server\dbmgr\dbmgr.cpp:306: Profile scriptCall took 2.47 seconds
  INFO root [2019-07-17 09:13:21,068] - ---- dbmgr is running ----
 DEBUG root [2019-07-17 09:13:21,069] - Components::process(): Request for the process of identity...
  INFO root [2019-07-17 09:13:27,190] - ServerApp::onRegisterNewApp: uid:2082, username:error_name, componentType:interfaces, componentID:3000, globalorderID=-1, grouporderID=-1, intaddr:192.168.56.1, intport:30099, extaddr:nonsupport, extport:0,  from 127.0.0.1:30099/0/0/0.
  INFO root [2019-07-17 09:13:27,191] - Components::addComponent: reset orderLog, uid=2082!
  INFO root [2019-07-17 09:13:27,191] - Components::addComponent[interfaces], uid=2082, componentID=3000, globalorderid=1, grouporderid=1, totalcount=1
  WARN root [2019-07-17 09:13:27,192] - TCPPacketReceiver::processPendingEvents(192.168.56.1:50271): Throwing REASON_GENERAL_NETWORK - WSAECONNABORTED
  INFO root [2019-07-17 09:13:28,197] - Components::findComponents: find logger(1)...
  INFO root [2019-07-17 09:13:28,262] - Components::findComponents: found logger, addr:192.168.56.1:50249
  INFO root [2019-07-17 09:13:28,263] - Components::addComponent: reset orderLog, uid=2082!
  INFO root [2019-07-17 09:13:28,263] - Components::addComponent[logger], uid=2082, componentID=2000, globalorderid=1, grouporderid=1, totalcount=1
  WARN root [2019-07-17 09:13:28,264] - Forwarding logs to logger[192.168.56.1:50249/0/0/0]...
 ERROR root [2019-07-17 09:24:41,624] - Components::removeComponentByChannel: logger : 2000, Abnormal exit(reason=TCPPacketReceiver::processRecv(): error=10054
)! Channel(timestamp=547754879429, lastReceivedTime=547697102592, inactivityExceptionPeriod=134881138)
  INFO root [2019-07-17 09:24:41,626] - The following logs sent to logger failed:
  WARN root [2019-07-17 09:24:41,627] - ==> [2019-07-17 09:24:41 623] TCPPacketReceiver::processPendingEvents(192.168.56.1:50249): Throwing REASON_GENERAL_NETWORK - WSAECONNRESET
 ERROR root [2019-07-17 09:24:41,627] - ==> [2019-07-17 09:24:41 625] Components::removeComponentByChannel: logger : 2000, Abnormal exit(reason=TCPPacketReceiver::processRecv(): error=10054
)! Channel(timestamp=547754879429, lastReceivedTime=547697102592, inactivityExceptionPeriod=134881138)
  INFO root [2019-07-17 09:24:43,342] - 
  INFO root [2019-07-17 09:24:43,342] - -----------------------------------------------------------------------------------------


  INFO root [2019-07-17 09:24:43,343] - Resmgr::initialize: KBE_ROOT=D:/kbengine/
  INFO root [2019-07-17 09:24:43,343] - Resmgr::initialize: KBE_RES_PATH=D:/kbengine/kbe/res/;D:/kbengine/HappyPoker_assets/;D:/kbengine/HappyPoker_assets/scripts/;D:/kbengine/HappyPoker_assets/res/
  INFO root [2019-07-17 09:24:43,344] - Resmgr::initialize: KBE_BIN_PATH=D:/kbengine/kbe/bin/server/
  INFO root [2019-07-17 09:24:43,404] - NetworkInterface::initialize(INTERNAL-TCP): bound to all interfaces with default route interface on 192.168.56.1 ( 192.168.56.1:50730 )
  INFO root [2019-07-17 09:24:43,404] - NetworkInterface::initialize(INTERNAL-TCP): address 192.168.56.1:50730, SOMAXCONN=5.
  INFO root [2019-07-17 09:24:43,404] - server-configs:
  INFO root [2019-07-17 09:24:43,405] - 	internalTcpAddr : 192.168.56.1:50730
  INFO root [2019-07-17 09:24:43,405] - 	componentID : 4000
  WARN root [2019-07-17 09:24:43,417] - invalid UID(0) <= 0, please check UID for environment! automatically set to 2082.
  INFO root [2019-07-17 09:24:44,937] - ---- dbmgr Version: 2.4.5. ScriptVersion: 0.1.0. Pythoncore: 3.7.3. Protocol: 11178A1C367680938C8E416B64844ACD. Config: Debug X86. Built: 09:55:16 May  8 2019. AppID: 4000. UID: 2082. PID: 8296 ----
  INFO root [2019-07-17 09:24:44,937] - Server error_name: Intel(R) Core(TM) i5-6300HQ CPU @ 2.30GHz with 2097151kB RAM
  INFO root [2019-07-17 09:24:44,938] - ThreadPool::createThreadPool: creating  threadpool...
  INFO root [2019-07-17 09:24:44,938] - ThreadPool::createThreadPool: successfully(2), newThreadCount=1, normalMaxThreadCount=2, maxThreadCount=8
  INFO root [2019-07-17 09:24:45,137] - Script::install(): is successfully, Python=(3.7.3 (default, May  8 2019, 09:53:38) [MSC v.1916 32 bit (Intel)])!
  INFO root [2019-07-17 09:24:45,138] - Script::install(): KBExtra is successfully!
  INFO root [2019-07-17 09:24:45,336] - Dbmgr::initializeEnd: digest(B91EBE6B591F8BEB2E04FAF8BE8B7B2F)
S_INFO root [2019-07-17 09:24:45,336] - onDBMgrReady: bootstrapGroupIndex=0, bootstrapGlobalIndex=0
  INFO root [2019-07-17 09:24:45,337] - TelnetServer server is running on port 32000
  INFO root [2019-07-17 09:24:45,337] - Dbmgr::initInterfacesHandler: interfaces addr(127.0.0.1:30099), accountType:(interfaces), chargeType:(interfaces).
  WARN root [2019-07-17 09:24:45,655] - DBUtil::initialize: db(default) password is not encrypted!
please use password(rsa):
5493AEA241EE7385C707AA30CF76B97F807BCFD054F928441219A31A5CB0C86620DC54A889D7CE69A9AD7B8B83D65804C19349598C1E45CFD0768E23BD702E68F2F931AF948DB65C96596C25D7898865E51CCFA1FF953916FA3FE047D044A4C9EC57B7D1729AE1C566B80D809C2858F65057D2ECE690770EB032FFBB6970589E
 DEBUG root [2019-07-17 09:24:45,659] - DBInterfaceMysql::attach: connect: localhost:3306 starting...
 DEBUG root [2019-07-17 09:24:45,870] - DBInterfaceMysql::attach: successfully! addr: localhost:3306
  INFO root [2019-07-17 09:24:45,871] - DBUtil::createInterface[0x1f9f2a4]: interface=default, dbtype=mysql, ip=localhost, port=3306, currdatabase=kbe, username=kbe, connected=yes.

  INFO root [2019-07-17 09:24:45,871] - ThreadPool::createThreadPool: creating  threadpool...
  INFO root [2019-07-17 09:24:45,871] - ThreadPool::createThreadPool: successfully(5), newThreadCount=5, normalMaxThreadCount=5, maxThreadCount=5
 DEBUG root [2019-07-17 09:24:45,879] - DBInterfaceMysql::attach: connect: localhost:3306 starting...
 DEBUG root [2019-07-17 09:24:45,896] - DBInterfaceMysql::attach: connect: localhost:3306 starting...
 DEBUG root [2019-07-17 09:24:45,902] - DBInterfaceMysql::attach: connect: localhost:3306 starting...
 DEBUG root [2019-07-17 09:24:45,904] - DBInterfaceMysql::attach: connect: localhost:3306 starting...
 DEBUG root [2019-07-17 09:24:45,931] - DBInterfaceMysql::attach: connect: localhost:3306 starting...
 DEBUG root [2019-07-17 09:24:46,002] - DBInterfaceMysql::attach: successfully! addr: localhost:3306
 DEBUG root [2019-07-17 09:24:46,002] - DBThread::onStart(): 0xebe60!
  INFO root [2019-07-17 09:24:46,069] - DBInterfaceMysql::query: successfully!
 DEBUG root [2019-07-17 09:24:46,124] - DBInterfaceMysql::attach: successfully! addr: localhost:3306
 DEBUG root [2019-07-17 09:24:46,124] - DBThread::onStart(): 0xebee8!
 DEBUG root [2019-07-17 09:24:46,191] - DBInterfaceMysql::attach: successfully! addr: localhost:3306
 DEBUG root [2019-07-17 09:24:46,191] - DBThread::onStart(): 0xebb30!
 DEBUG root [2019-07-17 09:24:46,258] - DBInterfaceMysql::attach: successfully! addr: localhost:3306
 DEBUG root [2019-07-17 09:24:46,258] - DBThread::onStart(): 0xec4c0!
  INFO root [2019-07-17 09:24:46,332] - DBInterfaceMysql::query: successfully!
  INFO root [2019-07-17 09:24:46,332] - DBInterfaceMysql::query: successfully!
  INFO root [2019-07-17 09:24:46,333] - DBInterfaceMysql::query: successfully!
  WARN root [2019-07-17 09:24:46,333] - DBTask::process(): took 0.26 seconds
sql:(CREATE TABLE IF NOT EXISTS kbe_accountinfos (`accountName` varchar(128) not null, PRIMARY KEY idKey (`accountName`),`password` varchar(255) not null,`bindata` blob,`email` varchar(191) not null, UNIQUE KEY `email` (`email`),`entityDBID` bigint(20) unsigned not null DEFAULT 0, UNIQUE KEY `entityDBID` (`entityDBID`),`flags` int unsigned not null DEFAULT 0,`deadline` bigint(20) not null DEFAULT 0,`regtime` bigint(20) not null DEFAULT 0,`lasttime` bigint(20) not null DEFAULT 0,`numlogin` int unsigned not null DEFAULT 0)ENGINE=InnoDB)
  INFO root [2019-07-17 09:24:46,425] - DBInterfaceMysql::query: successfully!
  INFO root [2019-07-17 09:24:46,426] - DBInterfaceMysql::query: successfully!
  INFO root [2019-07-17 09:24:46,426] - DBInterfaceMysql::query: successfully!
  WARN root [2019-07-17 09:24:46,426] - DBTask::process(): took 0.23 seconds
sql:(delete from kbe_email_verification where logtime<1563323086 and type=3)
 DEBUG root [2019-07-17 09:24:46,474] - DBInterfaceMysql::attach: successfully! addr: localhost:3306
 DEBUG root [2019-07-17 09:24:46,474] - DBThread::onStart(): 0xec328!
  WARN root [2019-07-17 09:24:46,491] - DBTask::process(): took 0.37 seconds
sql:(insert into kbe_serverlog (heartbeatTime, serverGroupID) values(1563326686,2082) ON DUPLICATE KEY UPDATE heartbeatTime=1563326686)
  WARN root [2019-07-17 09:24:46,549] - DBTask::process(): took 0.29 seconds
sql:(show index from tbl_Friend)
  INFO root [2019-07-17 09:24:46,604] - DBInterfaceMysql::query: successfully!
  WARN root [2019-07-17 09:24:46,607] - DBTask::process(): took 0.27 seconds
sql:(show index from tbl_Account_friendList)
  WARN root [2019-07-17 09:24:46,874] - DBTask::process(): took 0.27 seconds
sql:(show index from tbl_Friend_synchroFriendList)
  WARN root [2019-07-17 09:24:46,874] - DBTask::process(): took 0.27 seconds
sql:(show index from tbl_Friend_publicDataList)
  INFO root [2019-07-17 09:24:46,963] - DBInterfaceMysql::query: successfully!
  WARN root [2019-07-17 09:24:46,964] - DBTask::process(): took 0.49 seconds
sql:(select distinct(serverGroupID) from kbe_entitylog)
  WARN root [2019-07-17 09:24:46,964] - DBTask::process(): took 0.30 seconds
sql:(show index from tbl_Mail)
  WARN root [2019-07-17 09:24:46,981] - d:\kbengine\kbe\src\server\dbmgr\dbmgr.cpp:306: Profile scriptCall took 1.64 seconds
  INFO root [2019-07-17 09:24:47,384] - ---- dbmgr is running ----
 DEBUG root [2019-07-17 09:24:47,385] - Components::process(): Request for the process of identity...
  INFO root [2019-07-17 09:24:53,524] - ServerApp::onRegisterNewApp: uid:2082, username:error_name, componentType:interfaces, componentID:3000, globalorderID=-1, grouporderID=-1, intaddr:192.168.56.1, intport:30099, extaddr:nonsupport, extport:0,  from 127.0.0.1:30099/0/0/0.
  INFO root [2019-07-17 09:24:53,524] - Components::addComponent: reset orderLog, uid=2082!
  INFO root [2019-07-17 09:24:53,524] - Components::addComponent[interfaces], uid=2082, componentID=3000, globalorderid=1, grouporderid=1, totalcount=1
  INFO root [2019-07-17 09:24:54,540] - Components::findComponents: find logger(1)...
  INFO root [2019-07-17 09:24:54,587] - Components::findComponents: found logger, addr:192.168.56.1:50734
  INFO root [2019-07-17 09:24:54,587] - Components::addComponent: reset orderLog, uid=2082!
  INFO root [2019-07-17 09:24:54,587] - Components::addComponent[logger], uid=2082, componentID=2000, globalorderid=1, grouporderid=1, totalcount=1
  WARN root [2019-07-17 09:24:54,588] - Forwarding logs to logger[192.168.56.1:50734/0/0/0]...
 ERROR root [2019-07-17 09:32:09,025] - Components::removeComponentByChannel: logger : 2000, Abnormal exit(reason=TCPPacketReceiver::processRecv(): error=10054
)! Channel(timestamp=548761111726, lastReceivedTime=548704123841, inactivityExceptionPeriod=134885710)
  INFO root [2019-07-17 09:32:09,027] - The following logs sent to logger failed:
  WARN root [2019-07-17 09:32:09,027] - ==> [2019-07-17 09:32:09 023] TCPPacketReceiver::processPendingEvents(192.168.56.1:50734): Throwing REASON_GENERAL_NETWORK - WSAECONNRESET
 ERROR root [2019-07-17 09:32:09,028] - ==> [2019-07-17 09:32:09 026] Components::removeComponentByChannel: logger : 2000, Abnormal exit(reason=TCPPacketReceiver::processRecv(): error=10054
)! Channel(timestamp=548761111726, lastReceivedTime=548704123841, inactivityExceptionPeriod=134885710)
  INFO root [2019-07-17 09:39:18,595] - 
  INFO root [2019-07-17 09:39:18,616] - -----------------------------------------------------------------------------------------


  INFO root [2019-07-17 09:39:18,617] - Resmgr::initialize: KBE_ROOT=D:/kbengine/
  INFO root [2019-07-17 09:39:18,618] - Resmgr::initialize: KBE_RES_PATH=D:/kbengine/kbe/res/;D:/kbengine/HappyPoker_assets/;D:/kbengine/HappyPoker_assets/scripts/;D:/kbengine/HappyPoker_assets/res/
  INFO root [2019-07-17 09:39:18,618] - Resmgr::initialize: KBE_BIN_PATH=D:/kbengine/kbe/bin/server/
  INFO root [2019-07-17 09:39:18,666] - NetworkInterface::initialize(INTERNAL-TCP): bound to all interfaces with default route interface on 192.168.56.1 ( 192.168.56.1:50991 )
  INFO root [2019-07-17 09:39:18,666] - NetworkInterface::initialize(INTERNAL-TCP): address 192.168.56.1:50991, SOMAXCONN=5.
  INFO root [2019-07-17 09:39:18,667] - server-configs:
  INFO root [2019-07-17 09:39:18,667] - 	internalTcpAddr : 192.168.56.1:50991
  INFO root [2019-07-17 09:39:18,667] - 	componentID : 4000
  WARN root [2019-07-17 09:39:18,673] - invalid UID(0) <= 0, please check UID for environment! automatically set to 2082.
  INFO root [2019-07-17 09:39:20,187] - ---- dbmgr Version: 2.4.5. ScriptVersion: 0.1.0. Pythoncore: 3.7.3. Protocol: 11178A1C367680938C8E416B64844ACD. Config: Debug X86. Built: 09:55:16 May  8 2019. AppID: 4000. UID: 2082. PID: 920 ----
  INFO root [2019-07-17 09:39:20,187] - Server error_name: Intel(R) Core(TM) i5-6300HQ CPU @ 2.30GHz with 2097151kB RAM
  INFO root [2019-07-17 09:39:20,188] - ThreadPool::createThreadPool: creating  threadpool...
  INFO root [2019-07-17 09:39:20,188] - ThreadPool::createThreadPool: successfully(2), newThreadCount=1, normalMaxThreadCount=2, maxThreadCount=8
  INFO root [2019-07-17 09:39:20,387] - Script::install(): is successfully, Python=(3.7.3 (default, May  8 2019, 09:53:38) [MSC v.1916 32 bit (Intel)])!
  INFO root [2019-07-17 09:39:20,388] - Script::install(): KBExtra is successfully!
  INFO root [2019-07-17 09:39:20,578] - Dbmgr::initializeEnd: digest(B91EBE6B591F8BEB2E04FAF8BE8B7B2F)
S_INFO root [2019-07-17 09:39:20,578] - onDBMgrReady: bootstrapGroupIndex=0, bootstrapGlobalIndex=0
  INFO root [2019-07-17 09:39:20,578] - TelnetServer server is running on port 32000
  INFO root [2019-07-17 09:39:20,579] - Dbmgr::initInterfacesHandler: interfaces addr(127.0.0.1:30099), accountType:(interfaces), chargeType:(interfaces).
  WARN root [2019-07-17 09:39:20,880] - DBUtil::initialize: db(default) password is not encrypted!
please use password(rsa):
DA5F5D0958DF1382674A1FD1EE6D4D24AA172C0CF4C6CC6EA644AEBAD48AF0FFA2D0FF2810C6C4753CB4F0817387B34B4548641395709C9D49BB7B72C565F83D253FA564CAB059ABD88880891A25A55BDBE8B8C7B2BDF341525C1F2990CC01F338A87CE58DD8214BECDDAD0A8BA5A35D0D9AB963C2DD4D4C3A5119AF125F128C
 DEBUG root [2019-07-17 09:39:20,884] - DBInterfaceMysql::attach: connect: localhost:3306 starting...
 DEBUG root [2019-07-17 09:39:21,071] - DBInterfaceMysql::attach: successfully! addr: localhost:3306
  INFO root [2019-07-17 09:39:21,071] - DBUtil::createInterface[0xb8ee34]: interface=default, dbtype=mysql, ip=localhost, port=3306, currdatabase=kbe, username=kbe, connected=yes.

  INFO root [2019-07-17 09:39:21,071] - ThreadPool::createThreadPool: creating  threadpool...
  INFO root [2019-07-17 09:39:21,072] - ThreadPool::createThreadPool: successfully(5), newThreadCount=5, normalMaxThreadCount=5, maxThreadCount=5
 DEBUG root [2019-07-17 09:39:21,119] - DBInterfaceMysql::attach: connect: localhost:3306 starting...
 DEBUG root [2019-07-17 09:39:21,123] - DBInterfaceMysql::attach: connect: localhost:3306 starting...
 DEBUG root [2019-07-17 09:39:21,125] - DBInterfaceMysql::attach: connect: localhost:3306 starting...
 DEBUG root [2019-07-17 09:39:21,136] - DBInterfaceMysql::attach: connect: localhost:3306 starting...
 DEBUG root [2019-07-17 09:39:21,139] - DBInterfaceMysql::attach: connect: localhost:3306 starting...
 DEBUG root [2019-07-17 09:39:21,207] - DBInterfaceMysql::attach: successfully! addr: localhost:3306
 DEBUG root [2019-07-17 09:39:21,207] - DBThread::onStart(): 0x20ac670!
  INFO root [2019-07-17 09:39:21,209] - DBInterfaceMysql::query: successfully!
 DEBUG root [2019-07-17 09:39:21,273] - DBInterfaceMysql::attach: successfully! addr: localhost:3306
 DEBUG root [2019-07-17 09:39:21,273] - DBThread::onStart(): 0x20abc58!
 DEBUG root [2019-07-17 09:39:21,347] - DBInterfaceMysql::attach: successfully! addr: localhost:3306
 DEBUG root [2019-07-17 09:39:21,347] - DBThread::onStart(): 0x20abd68!
 DEBUG root [2019-07-17 09:39:21,422] - DBInterfaceMysql::attach: successfully! addr: localhost:3306
 DEBUG root [2019-07-17 09:39:21,422] - DBThread::onStart(): 0x20ac3c8!
  INFO root [2019-07-17 09:39:21,464] - DBInterfaceMysql::query: successfully!
  INFO root [2019-07-17 09:39:21,488] - DBInterfaceMysql::query: successfully!
  INFO root [2019-07-17 09:39:21,489] - DBInterfaceMysql::query: successfully!
  WARN root [2019-07-17 09:39:21,489] - DBTask::process(): took 0.28 seconds
sql:(CREATE TABLE IF NOT EXISTS kbe_accountinfos (`accountName` varchar(128) not null, PRIMARY KEY idKey (`accountName`),`password` varchar(255) not null,`bindata` blob,`email` varchar(191) not null, UNIQUE KEY `email` (`email`),`entityDBID` bigint(20) unsigned not null DEFAULT 0, UNIQUE KEY `entityDBID` (`entityDBID`),`flags` int unsigned not null DEFAULT 0,`deadline` bigint(20) not null DEFAULT 0,`regtime` bigint(20) not null DEFAULT 0,`lasttime` bigint(20) not null DEFAULT 0,`numlogin` int unsigned not null DEFAULT 0)ENGINE=InnoDB)
  INFO root [2019-07-17 09:39:21,490] - DBInterfaceMysql::query: successfully!
  INFO root [2019-07-17 09:39:21,490] - DBInterfaceMysql::query: successfully!
  INFO root [2019-07-17 09:39:21,490] - DBInterfaceMysql::query: successfully!
  INFO root [2019-07-17 09:39:21,622] - DBInterfaceMysql::query: successfully!
  WARN root [2019-07-17 09:39:21,623] - DBTask::process(): took 0.35 seconds
sql:(select distinct(serverGroupID) from kbe_entitylog)
 DEBUG root [2019-07-17 09:39:21,655] - DBInterfaceMysql::attach: successfully! addr: localhost:3306
 DEBUG root [2019-07-17 09:39:21,655] - DBThread::onStart(): 0x20abe78!
  WARN root [2019-07-17 09:39:21,657] - DBTask::process(): took 0.31 seconds
sql:(show index from tbl_Friend)
  WARN root [2019-07-17 09:39:21,709] - DBTask::process(): took 0.22 seconds
sql:(show index from tbl_Account_friendList)
  INFO root [2019-07-17 09:39:21,722] - DBInterfaceMysql::query: successfully!
  WARN root [2019-07-17 09:39:21,724] - DBTask::process(): took 0.23 seconds
sql:(show index from tbl_Mail_mailList)
  WARN root [2019-07-17 09:39:21,847] - d:\kbengine\kbe\src\server\dbmgr\dbmgr.cpp:306: Profile scriptCall took 1.27 seconds
  INFO root [2019-07-17 09:39:22,273] - ---- dbmgr is running ----
 DEBUG root [2019-07-17 09:39:22,274] - Components::process(): Request for the process of identity...
  INFO root [2019-07-17 09:39:28,411] - ServerApp::onRegisterNewApp: uid:2082, username:error_name, componentType:interfaces, componentID:3000, globalorderID=-1, grouporderID=-1, intaddr:192.168.56.1, intport:30099, extaddr:nonsupport, extport:0,  from 127.0.0.1:30099/0/0/0.
  INFO root [2019-07-17 09:39:28,411] - Components::addComponent: reset orderLog, uid=2082!
  INFO root [2019-07-17 09:39:28,412] - Components::addComponent[interfaces], uid=2082, componentID=3000, globalorderid=1, grouporderid=1, totalcount=1
  INFO root [2019-07-17 09:39:29,420] - Components::findComponents: find logger(1)...
  INFO root [2019-07-17 09:39:29,431] - Components::findComponents: found logger, addr:192.168.56.1:50994
  INFO root [2019-07-17 09:39:29,431] - Components::addComponent: reset orderLog, uid=2082!
  INFO root [2019-07-17 09:39:29,431] - Components::addComponent[logger], uid=2082, componentID=2000, globalorderid=1, grouporderid=1, totalcount=1
  INFO root [2019-07-17 09:39:29,444] - Components::process(): Found all the components!
  WARN root [2019-07-17 09:39:29,444] - Forwarding logs to logger[192.168.56.1:50994/0/0/0]...
 ERROR root [2019-07-17 09:50:41,505] - Components::removeComponentByChannel: logger : 2000, Abnormal exit(reason=TCPPacketReceiver::processRecv(): error=10054
)! Channel(timestamp=551263343137, lastReceivedTime=551212457265, inactivityExceptionPeriod=134878260)
  INFO root [2019-07-17 09:50:41,511] - The following logs sent to logger failed:
  WARN root [2019-07-17 09:50:41,512] - ==> [2019-07-17 09:50:41 498] TCPPacketReceiver::processPendingEvents(192.168.56.1:50994): Throwing REASON_GENERAL_NETWORK - WSAECONNRESET
 ERROR root [2019-07-17 09:50:41,512] - ==> [2019-07-17 09:50:41 506] Components::removeComponentByChannel: logger : 2000, Abnormal exit(reason=TCPPacketReceiver::processRecv(): error=10054
)! Channel(timestamp=551263343137, lastReceivedTime=551212457265, inactivityExceptionPeriod=134878260)
  INFO root [2019-07-17 10:05:55,969] - 
  INFO root [2019-07-17 10:05:55,987] - -----------------------------------------------------------------------------------------


  INFO root [2019-07-17 10:05:55,988] - Resmgr::initialize: KBE_ROOT=D:/kbengine/
  INFO root [2019-07-17 10:05:55,988] - Resmgr::initialize: KBE_RES_PATH=D:/kbengine/kbe/res/;D:/kbengine/HappyPoker_assets/;D:/kbengine/HappyPoker_assets/scripts/;D:/kbengine/HappyPoker_assets/res/
  INFO root [2019-07-17 10:05:55,988] - Resmgr::initialize: KBE_BIN_PATH=D:/kbengine/kbe/bin/server/
  INFO root [2019-07-17 10:05:56,051] - NetworkInterface::initialize(INTERNAL-TCP): bound to all interfaces with default route interface on 192.168.56.1 ( 192.168.56.1:51271 )
  INFO root [2019-07-17 10:05:56,052] - NetworkInterface::initialize(INTERNAL-TCP): address 192.168.56.1:51271, SOMAXCONN=5.
  INFO root [2019-07-17 10:05:56,052] - server-configs:
  INFO root [2019-07-17 10:05:56,052] - 	internalTcpAddr : 192.168.56.1:51271
  INFO root [2019-07-17 10:05:56,053] - 	componentID : 4000
  WARN root [2019-07-17 10:05:56,058] - invalid UID(0) <= 0, please check UID for environment! automatically set to 2082.
  INFO root [2019-07-17 10:05:57,569] - ---- dbmgr Version: 2.4.5. ScriptVersion: 0.1.0. Pythoncore: 3.7.3. Protocol: 11178A1C367680938C8E416B64844ACD. Config: Debug X86. Built: 09:55:16 May  8 2019. AppID: 4000. UID: 2082. PID: 4104 ----
  INFO root [2019-07-17 10:05:57,570] - Server error_name: Intel(R) Core(TM) i5-6300HQ CPU @ 2.30GHz with 2097151kB RAM
  INFO root [2019-07-17 10:05:57,570] - ThreadPool::createThreadPool: creating  threadpool...
  INFO root [2019-07-17 10:05:57,570] - ThreadPool::createThreadPool: successfully(2), newThreadCount=1, normalMaxThreadCount=2, maxThreadCount=8
  INFO root [2019-07-17 10:05:57,774] - Script::install(): is successfully, Python=(3.7.3 (default, May  8 2019, 09:53:38) [MSC v.1916 32 bit (Intel)])!
  INFO root [2019-07-17 10:05:57,774] - Script::install(): KBExtra is successfully!
  INFO root [2019-07-17 10:05:57,961] - Dbmgr::initializeEnd: digest(B91EBE6B591F8BEB2E04FAF8BE8B7B2F)
S_INFO root [2019-07-17 10:05:57,962] - onDBMgrReady: bootstrapGroupIndex=0, bootstrapGlobalIndex=0
  INFO root [2019-07-17 10:05:57,962] - TelnetServer server is running on port 32000
  INFO root [2019-07-17 10:05:57,962] - Dbmgr::initInterfacesHandler: interfaces addr(127.0.0.1:30099), accountType:(interfaces), chargeType:(interfaces).
  WARN root [2019-07-17 10:05:58,281] - DBUtil::initialize: db(default) password is not encrypted!
please use password(rsa):
7B929C0B21B57ED59A5B089CCA102D03CF812E34E7598656CC85C509D4B3FB2BCBAEAC60C939451CD90141F1FCC65FD7BDEF14608952E161CD675C36C21DEF2168E2ACDDC67CC62AFDFCEED0FD1F7DF968A454471E612CFC92A71B67A28BF9E89C270C09C4EDEE4399D14347521399DC7CDF473A13F4F593D95F9A3BEB9D3AF8
 DEBUG root [2019-07-17 10:05:58,285] - DBInterfaceMysql::attach: connect: localhost:3306 starting...
 DEBUG root [2019-07-17 10:05:58,422] - DBInterfaceMysql::attach: successfully! addr: localhost:3306
  INFO root [2019-07-17 10:05:58,422] - DBUtil::createInterface[0x1f5ee18]: interface=default, dbtype=mysql, ip=localhost, port=3306, currdatabase=kbe, username=kbe, connected=yes.

  INFO root [2019-07-17 10:05:58,422] - ThreadPool::createThreadPool: creating  threadpool...
  INFO root [2019-07-17 10:05:58,423] - ThreadPool::createThreadPool: successfully(5), newThreadCount=5, normalMaxThreadCount=5, maxThreadCount=5
 DEBUG root [2019-07-17 10:05:58,445] - DBInterfaceMysql::attach: connect: localhost:3306 starting...
 DEBUG root [2019-07-17 10:05:58,480] - DBInterfaceMysql::attach: connect: localhost:3306 starting...
 DEBUG root [2019-07-17 10:05:58,497] - DBInterfaceMysql::attach: connect: localhost:3306 starting...
 DEBUG root [2019-07-17 10:05:58,499] - DBInterfaceMysql::attach: connect: localhost:3306 starting...
 DEBUG root [2019-07-17 10:05:58,501] - DBInterfaceMysql::attach: connect: localhost:3306 starting...
 DEBUG root [2019-07-17 10:05:58,544] - DBInterfaceMysql::attach: successfully! addr: localhost:3306
 DEBUG root [2019-07-17 10:05:58,544] - DBThread::onStart(): 0x228f618!
  INFO root [2019-07-17 10:05:58,617] - DBInterfaceMysql::query: successfully!
 DEBUG root [2019-07-17 10:05:58,681] - DBInterfaceMysql::attach: successfully! addr: localhost:3306
 DEBUG root [2019-07-17 10:05:58,681] - DBThread::onStart(): 0x228fd88!
 DEBUG root [2019-07-17 10:05:58,772] - DBInterfaceMysql::attach: successfully! addr: localhost:3306
 DEBUG root [2019-07-17 10:05:58,773] - DBThread::onStart(): 0x228fb68!
 DEBUG root [2019-07-17 10:05:58,860] - DBInterfaceMysql::attach: successfully! addr: localhost:3306
 DEBUG root [2019-07-17 10:05:58,862] - DBThread::onStart(): 0x228f508!
  INFO root [2019-07-17 10:05:58,914] - DBInterfaceMysql::query: successfully!
  WARN root [2019-07-17 10:05:58,914] - DBTask::process(): took 0.30 seconds
sql:(CREATE TABLE IF NOT EXISTS kbe_accountinfos (`accountName` varchar(128) not null, PRIMARY KEY idKey (`accountName`),`password` varchar(255) not null,`bindata` blob,`email` varchar(191) not null, UNIQUE KEY `email` (`email`),`entityDBID` bigint(20) unsigned not null DEFAULT 0, UNIQUE KEY `entityDBID` (`entityDBID`),`flags` int unsigned not null DEFAULT 0,`deadline` bigint(20) not null DEFAULT 0,`regtime` bigint(20) not null DEFAULT 0,`lasttime` bigint(20) not null DEFAULT 0,`numlogin` int unsigned not null DEFAULT 0)ENGINE=InnoDB)
  INFO root [2019-07-17 10:05:58,939] - DBInterfaceMysql::query: successfully!
 DEBUG root [2019-07-17 10:05:59,023] - DBInterfaceMysql::attach: successfully! addr: localhost:3306
 DEBUG root [2019-07-17 10:05:59,023] - DBThread::onStart(): 0x228fd00!
  INFO root [2019-07-17 10:05:59,097] - DBInterfaceMysql::query: successfully!
  WARN root [2019-07-17 10:05:59,098] - DBTask::process(): took 0.33 seconds
sql:(select distinct(serverGroupID) from kbe_entitylog)
  WARN root [2019-07-17 10:05:59,147] - DBTask::process(): took 0.47 seconds
sql:(show index from tbl_Friend)
  INFO root [2019-07-17 10:05:59,155] - DBInterfaceMysql::query: successfully!
  INFO root [2019-07-17 10:05:59,156] - DBInterfaceMysql::query: successfully!
  WARN root [2019-07-17 10:05:59,157] - DBTask::process(): took 0.24 seconds
sql:(show index from tbl_Account_friendList)
  INFO root [2019-07-17 10:05:59,198] - DBInterfaceMysql::query: successfully!
  INFO root [2019-07-17 10:05:59,199] - DBInterfaceMysql::query: successfully!
  INFO root [2019-07-17 10:05:59,199] - DBInterfaceMysql::query: successfully!
  WARN root [2019-07-17 10:05:59,199] - DBTask::process(): took 0.34 seconds
sql:(delete from kbe_email_verification where logtime<1563325559 and type=3)
  WARN root [2019-07-17 10:05:59,256] - DBTask::process(): took 0.23 seconds
sql:(insert into kbe_serverlog (heartbeatTime, serverGroupID) values(1563329159,2082) ON DUPLICATE KEY UPDATE heartbeatTime=1563329159)
  WARN root [2019-07-17 10:05:59,364] - d:\kbengine\kbe\src\server\dbmgr\dbmgr.cpp:306: Profile scriptCall took 1.40 seconds
  INFO root [2019-07-17 10:05:59,779] - ---- dbmgr is running ----
 DEBUG root [2019-07-17 10:05:59,779] - Components::process(): Request for the process of identity...
  INFO root [2019-07-17 10:06:05,917] - ServerApp::onRegisterNewApp: uid:2082, username:error_name, componentType:interfaces, componentID:3000, globalorderID=-1, grouporderID=-1, intaddr:192.168.56.1, intport:30099, extaddr:nonsupport, extport:0,  from 127.0.0.1:30099/0/0/0.
  INFO root [2019-07-17 10:06:05,917] - Components::addComponent: reset orderLog, uid=2082!
  INFO root [2019-07-17 10:06:05,917] - Components::addComponent[interfaces], uid=2082, componentID=3000, globalorderid=1, grouporderid=1, totalcount=1
  INFO root [2019-07-17 10:06:06,921] - Components::findComponents: find logger(1)...
  INFO root [2019-07-17 10:06:07,027] - Components::findComponents: found logger, addr:192.168.56.1:51268
  INFO root [2019-07-17 10:06:07,027] - Components::addComponent: reset orderLog, uid=2082!
  INFO root [2019-07-17 10:06:07,028] - Components::addComponent[logger], uid=2082, componentID=2000, globalorderid=1, grouporderid=1, totalcount=1
  WARN root [2019-07-17 10:06:07,029] - Forwarding logs to logger[192.168.56.1:51268/0/0/0]...
 ERROR root [2019-07-17 10:13:44,409] - Components::removeComponentByChannel: logger : 2000, Abnormal exit(reason=TCPPacketReceiver::processRecv(): error=10054
)! Channel(timestamp=554374156456, lastReceivedTime=554332935938, inactivityExceptionPeriod=134879219)
  INFO root [2019-07-17 10:13:44,413] - The following logs sent to logger failed:
  WARN root [2019-07-17 10:13:44,413] - ==> [2019-07-17 10:13:44 407] TCPPacketReceiver::processPendingEvents(192.168.56.1:51268): Throwing REASON_GENERAL_NETWORK - WSAECONNRESET
 ERROR root [2019-07-17 10:13:44,414] - ==> [2019-07-17 10:13:44 410] Components::removeComponentByChannel: logger : 2000, Abnormal exit(reason=TCPPacketReceiver::processRecv(): error=10054
)! Channel(timestamp=554374156456, lastReceivedTime=554332935938, inactivityExceptionPeriod=134879219)
  INFO root [2019-07-17 10:13:46,199] - 
  INFO root [2019-07-17 10:13:46,200] - -----------------------------------------------------------------------------------------


  INFO root [2019-07-17 10:13:46,201] - Resmgr::initialize: KBE_ROOT=D:/kbengine/
  INFO root [2019-07-17 10:13:46,201] - Resmgr::initialize: KBE_RES_PATH=D:/kbengine/kbe/res/;D:/kbengine/HappyPoker_assets/;D:/kbengine/HappyPoker_assets/scripts/;D:/kbengine/HappyPoker_assets/res/
  INFO root [2019-07-17 10:13:46,201] - Resmgr::initialize: KBE_BIN_PATH=D:/kbengine/kbe/bin/server/
  INFO root [2019-07-17 10:13:46,238] - NetworkInterface::initialize(INTERNAL-TCP): bound to all interfaces with default route interface on 192.168.56.1 ( 192.168.56.1:51401 )
  INFO root [2019-07-17 10:13:46,239] - NetworkInterface::initialize(INTERNAL-TCP): address 192.168.56.1:51401, SOMAXCONN=5.
  INFO root [2019-07-17 10:13:46,239] - server-configs:
  INFO root [2019-07-17 10:13:46,239] - 	internalTcpAddr : 192.168.56.1:51401
  INFO root [2019-07-17 10:13:46,239] - 	componentID : 4000
  WARN root [2019-07-17 10:13:46,248] - invalid UID(0) <= 0, please check UID for environment! automatically set to 2082.
  INFO root [2019-07-17 10:13:47,775] - ---- dbmgr Version: 2.4.5. ScriptVersion: 0.1.0. Pythoncore: 3.7.3. Protocol: 11178A1C367680938C8E416B64844ACD. Config: Debug X86. Built: 09:55:16 May  8 2019. AppID: 4000. UID: 2082. PID: 13504 ----
  INFO root [2019-07-17 10:13:47,776] - Server error_name: Intel(R) Core(TM) i5-6300HQ CPU @ 2.30GHz with 2097151kB RAM
  INFO root [2019-07-17 10:13:47,776] - ThreadPool::createThreadPool: creating  threadpool...
  INFO root [2019-07-17 10:13:47,776] - ThreadPool::createThreadPool: successfully(2), newThreadCount=1, normalMaxThreadCount=2, maxThreadCount=8
  INFO root [2019-07-17 10:13:47,977] - Script::install(): is successfully, Python=(3.7.3 (default, May  8 2019, 09:53:38) [MSC v.1916 32 bit (Intel)])!
  INFO root [2019-07-17 10:13:47,977] - Script::install(): KBExtra is successfully!
  INFO root [2019-07-17 10:13:48,161] - Dbmgr::initializeEnd: digest(B91EBE6B591F8BEB2E04FAF8BE8B7B2F)
S_INFO root [2019-07-17 10:13:48,162] - onDBMgrReady: bootstrapGroupIndex=0, bootstrapGlobalIndex=0
  INFO root [2019-07-17 10:13:48,162] - TelnetServer server is running on port 32000
  INFO root [2019-07-17 10:13:48,162] - Dbmgr::initInterfacesHandler: interfaces addr(127.0.0.1:30099), accountType:(interfaces), chargeType:(interfaces).
  WARN root [2019-07-17 10:13:48,461] - DBUtil::initialize: db(default) password is not encrypted!
please use password(rsa):
D4449E01BCCDDC8009935D3993894D0C2DE972799BF4F66012E8945A84EA9D296860A977DEBA559775A82C5AFA16DD25613D4A55AAC467BE07A93B04D087B23CAEBDE230F41D94466BF8A6373BD9FEA141AF0B3532532D538FD4039A7AE71D0D859A736FC27CC4FED7FF3D500575582BC670D54B2A942AC59C7B136C6DAE5B83
 DEBUG root [2019-07-17 10:13:48,466] - DBInterfaceMysql::attach: connect: localhost:3306 starting...
 DEBUG root [2019-07-17 10:13:48,646] - DBInterfaceMysql::attach: successfully! addr: localhost:3306
  INFO root [2019-07-17 10:13:48,647] - DBUtil::createInterface[0x5ff01c]: interface=default, dbtype=mysql, ip=localhost, port=3306, currdatabase=kbe, username=kbe, connected=yes.

  INFO root [2019-07-17 10:13:48,647] - ThreadPool::createThreadPool: creating  threadpool...
  INFO root [2019-07-17 10:13:48,647] - ThreadPool::createThreadPool: successfully(5), newThreadCount=5, normalMaxThreadCount=5, maxThreadCount=5
 DEBUG root [2019-07-17 10:13:48,691] - DBInterfaceMysql::attach: connect: localhost:3306 starting...
 DEBUG root [2019-07-17 10:13:48,714] - DBInterfaceMysql::attach: connect: localhost:3306 starting...
 DEBUG root [2019-07-17 10:13:48,717] - DBInterfaceMysql::attach: connect: localhost:3306 starting...
 DEBUG root [2019-07-17 10:13:48,724] - DBInterfaceMysql::attach: connect: localhost:3306 starting...
 DEBUG root [2019-07-17 10:13:48,727] - DBInterfaceMysql::attach: connect: localhost:3306 starting...
 DEBUG root [2019-07-17 10:13:48,807] - DBInterfaceMysql::attach: successfully! addr: localhost:3306
 DEBUG root [2019-07-17 10:13:48,807] - DBThread::onStart(): 0xb15c8!
  INFO root [2019-07-17 10:13:48,823] - DBInterfaceMysql::query: successfully!
 DEBUG root [2019-07-17 10:13:48,901] - DBInterfaceMysql::attach: successfully! addr: localhost:3306
 DEBUG root [2019-07-17 10:13:48,901] - DBThread::onStart(): 0xb0d48!
 DEBUG root [2019-07-17 10:13:49,006] - DBInterfaceMysql::attach: successfully! addr: localhost:3306
 DEBUG root [2019-07-17 10:13:49,006] - DBThread::onStart(): 0xb0bb0!
 DEBUG root [2019-07-17 10:13:49,109] - DBInterfaceMysql::attach: successfully! addr: localhost:3306
 DEBUG root [2019-07-17 10:13:49,109] - DBThread::onStart(): 0xb1210!
 DEBUG root [2019-07-17 10:13:49,243] - DBInterfaceMysql::attach: successfully! addr: localhost:3306
 DEBUG root [2019-07-17 10:13:49,243] - DBThread::onStart(): 0xb0cc0!
  INFO root [2019-07-17 10:13:49,292] - DBInterfaceMysql::query: successfully!
  WARN root [2019-07-17 10:13:49,293] - DBTask::process(): took 0.47 seconds
sql:(CREATE TABLE IF NOT EXISTS kbe_accountinfos (`accountName` varchar(128) not null, PRIMARY KEY idKey (`accountName`),`password` varchar(255) not null,`bindata` blob,`email` varchar(191) not null, UNIQUE KEY `email` (`email`),`entityDBID` bigint(20) unsigned not null DEFAULT 0, UNIQUE KEY `entityDBID` (`entityDBID`),`flags` int unsigned not null DEFAULT 0,`deadline` bigint(20) not null DEFAULT 0,`regtime` bigint(20) not null DEFAULT 0,`lasttime` bigint(20) not null DEFAULT 0,`numlogin` int unsigned not null DEFAULT 0)ENGINE=InnoDB)
  INFO root [2019-07-17 10:13:49,340] - DBInterfaceMysql::query: successfully!
  INFO root [2019-07-17 10:13:49,340] - DBInterfaceMysql::query: successfully!
  INFO root [2019-07-17 10:13:49,340] - DBInterfaceMysql::query: successfully!
  INFO root [2019-07-17 10:13:49,341] - DBInterfaceMysql::query: successfully!
  WARN root [2019-07-17 10:13:49,341] - DBTask::process(): took 0.23 seconds
sql:(delete from kbe_email_verification where logtime<1563326029 and type=3)
  INFO root [2019-07-17 10:13:49,342] - DBInterfaceMysql::query: successfully!
  INFO root [2019-07-17 10:13:49,342] - DBInterfaceMysql::query: successfully!
  WARN root [2019-07-17 10:13:49,342] - DBTask::process(): took 0.44 seconds
sql:(show index from tbl_Friend)
  INFO root [2019-07-17 10:13:49,517] - DBInterfaceMysql::query: successfully!
  WARN root [2019-07-17 10:13:49,518] - DBTask::process(): took 0.51 seconds
sql:(insert into kbe_serverlog (heartbeatTime, serverGroupID) values(1563329629,2082) ON DUPLICATE KEY UPDATE heartbeatTime=1563329629)
  WARN root [2019-07-17 10:13:49,536] - DBTask::process(): took 0.28 seconds
sql:(select distinct(serverGroupID) from kbe_entitylog)
  WARN root [2019-07-17 10:13:49,679] - d:\kbengine\kbe\src\server\dbmgr\dbmgr.cpp:306: Profile scriptCall took 1.52 seconds
  INFO root [2019-07-17 10:13:50,081] - ---- dbmgr is running ----
 DEBUG root [2019-07-17 10:13:50,081] - Components::process(): Request for the process of identity...
  WARN root [2019-07-17 10:13:50,422] - BundleBroadcast::BundleBroadcast: Cannot bind to port 20945, errorno=10048
  INFO root [2019-07-17 10:13:56,568] - ServerApp::onRegisterNewApp: uid:2082, username:error_name, componentType:interfaces, componentID:3000, globalorderID=-1, grouporderID=-1, intaddr:192.168.56.1, intport:30099, extaddr:nonsupport, extport:0,  from 127.0.0.1:30099/0/0/0.
  INFO root [2019-07-17 10:13:56,568] - Components::addComponent: reset orderLog, uid=2082!
  INFO root [2019-07-17 10:13:56,569] - Components::addComponent[interfaces], uid=2082, componentID=3000, globalorderid=1, grouporderid=1, totalcount=1
  INFO root [2019-07-17 10:13:57,583] - Components::findComponents: find logger(1)...
  INFO root [2019-07-17 10:13:57,619] - Components::findComponents: found logger, addr:192.168.56.1:51408
  INFO root [2019-07-17 10:13:57,620] - Components::addComponent: reset orderLog, uid=2082!
  INFO root [2019-07-17 10:13:57,620] - Components::addComponent[logger], uid=2082, componentID=2000, globalorderid=1, grouporderid=1, totalcount=1
  WARN root [2019-07-17 10:13:57,622] - Forwarding logs to logger[192.168.56.1:51408/0/0/0]...
 ERROR root [2019-07-17 10:25:57,861] - Components::removeComponentByChannel: logger : 2000, Abnormal exit(reason=TCPPacketReceiver::processRecv(): error=10054
)! Channel(timestamp=556024069185, lastReceivedTime=555998487659, inactivityExceptionPeriod=134883184)
  INFO root [2019-07-17 10:25:57,865] - The following logs sent to logger failed:
  WARN root [2019-07-17 10:25:57,866] - ==> [2019-07-17 10:25:57 858] TCPPacketReceiver::processPendingEvents(192.168.56.1:51408): Throwing REASON_GENERAL_NETWORK - WSAECONNRESET
 ERROR root [2019-07-17 10:25:57,866] - ==> [2019-07-17 10:25:57 861] Components::removeComponentByChannel: logger : 2000, Abnormal exit(reason=TCPPacketReceiver::processRecv(): error=10054
)! Channel(timestamp=556024069185, lastReceivedTime=555998487659, inactivityExceptionPeriod=134883184)
  INFO root [2019-07-17 10:28:24,622] - 
  INFO root [2019-07-17 10:28:24,626] - -----------------------------------------------------------------------------------------


  INFO root [2019-07-17 10:28:24,627] - Resmgr::initialize: KBE_ROOT=D:/kbengine/
  INFO root [2019-07-17 10:28:24,628] - Resmgr::initialize: KBE_RES_PATH=D:/kbengine/kbe/res/;D:/kbengine/HappyPoker_assets/;D:/kbengine/HappyPoker_assets/scripts/;D:/kbengine/HappyPoker_assets/res/
  INFO root [2019-07-17 10:28:24,628] - Resmgr::initialize: KBE_BIN_PATH=D:/kbengine/kbe/bin/server/
  INFO root [2019-07-17 10:28:24,658] - NetworkInterface::initialize(INTERNAL-TCP): bound to all interfaces with default route interface on 192.168.56.1 ( 192.168.56.1:51596 )
  INFO root [2019-07-17 10:28:24,658] - NetworkInterface::initialize(INTERNAL-TCP): address 192.168.56.1:51596, SOMAXCONN=5.
  INFO root [2019-07-17 10:28:24,658] - server-configs:
  INFO root [2019-07-17 10:28:24,658] - 	internalTcpAddr : 192.168.56.1:51596
  INFO root [2019-07-17 10:28:24,659] - 	componentID : 4000
  WARN root [2019-07-17 10:28:24,661] - invalid UID(0) <= 0, please check UID for environment! automatically set to 2082.
  WARN root [2019-07-17 10:28:25,006] - BundleBroadcast::BundleBroadcast: Cannot bind to port 20574, errorno=10048
  INFO root [2019-07-17 10:28:25,010] - ---- dbmgr Version: 2.4.5. ScriptVersion: 0.1.0. Pythoncore: 3.7.3. Protocol: 11178A1C367680938C8E416B64844ACD. Config: Debug X86. Built: 09:55:16 May  8 2019. AppID: 4000. UID: 2082. PID: 14020 ----
  INFO root [2019-07-17 10:28:25,011] - Server error_name: Intel(R) Core(TM) i5-6300HQ CPU @ 2.30GHz with 2097151kB RAM
  INFO root [2019-07-17 10:28:25,011] - ThreadPool::createThreadPool: creating  threadpool...
  INFO root [2019-07-17 10:28:25,011] - ThreadPool::createThreadPool: successfully(2), newThreadCount=1, normalMaxThreadCount=2, maxThreadCount=8
  INFO root [2019-07-17 10:28:25,209] - Script::install(): is successfully, Python=(3.7.3 (default, May  8 2019, 09:53:38) [MSC v.1916 32 bit (Intel)])!
  INFO root [2019-07-17 10:28:25,209] - Script::install(): KBExtra is successfully!
  INFO root [2019-07-17 10:28:25,407] - Dbmgr::initializeEnd: digest(B91EBE6B591F8BEB2E04FAF8BE8B7B2F)
S_INFO root [2019-07-17 10:28:25,407] - onDBMgrReady: bootstrapGroupIndex=0, bootstrapGlobalIndex=0
  INFO root [2019-07-17 10:28:25,408] - TelnetServer server is running on port 32000
  INFO root [2019-07-17 10:28:25,408] - Dbmgr::initInterfacesHandler: interfaces addr(127.0.0.1:30099), accountType:(interfaces), chargeType:(interfaces).
  WARN root [2019-07-17 10:28:25,693] - DBUtil::initialize: db(default) password is not encrypted!
please use password(rsa):
6F602ADFBE9525DAB2D3699FF0B92ADAB10B6522597C0FD59D47C622BEBCF16652B20C6A322BEAA8C11A57A869B0C25D332C495E84B40D5FC5C217D21C50C1CC43796555E4129CEF7E88DD4E1FD98485A5AFDC704EEA757D0E961C5EC6E6626943F320C0A87CDC1302358E06EC9377830FA5C11B62A87A0B4FF07B81B046359C
 DEBUG root [2019-07-17 10:28:25,697] - DBInterfaceMysql::attach: connect: localhost:3306 starting...
 DEBUG root [2019-07-17 10:28:25,929] - DBInterfaceMysql::attach: successfully! addr: localhost:3306
  INFO root [2019-07-17 10:28:25,930] - DBUtil::createInterface[0xdff228]: interface=default, dbtype=mysql, ip=localhost, port=3306, currdatabase=kbe, username=kbe, connected=yes.

  INFO root [2019-07-17 10:28:25,930] - ThreadPool::createThreadPool: creating  threadpool...
  INFO root [2019-07-17 10:28:25,930] - ThreadPool::createThreadPool: successfully(5), newThreadCount=5, normalMaxThreadCount=5, maxThreadCount=5
 DEBUG root [2019-07-17 10:28:25,931] - DBInterfaceMysql::attach: connect: localhost:3306 starting...
 DEBUG root [2019-07-17 10:28:25,931] - DBInterfaceMysql::attach: connect: localhost:3306 starting...
 DEBUG root [2019-07-17 10:28:25,931] - DBInterfaceMysql::attach: connect: localhost:3306 starting...
 DEBUG root [2019-07-17 10:28:25,936] - DBInterfaceMysql::attach: connect: localhost:3306 starting...
 DEBUG root [2019-07-17 10:28:25,940] - DBInterfaceMysql::attach: connect: localhost:3306 starting...
 DEBUG root [2019-07-17 10:28:26,026] - DBInterfaceMysql::attach: successfully! addr: localhost:3306
 DEBUG root [2019-07-17 10:28:26,027] - DBThread::onStart(): 0x29edc0!
 DEBUG root [2019-07-17 10:28:26,101] - DBInterfaceMysql::attach: successfully! addr: localhost:3306
 DEBUG root [2019-07-17 10:28:26,101] - DBThread::onStart(): 0x29f4a8!
  INFO root [2019-07-17 10:28:26,187] - DBInterfaceMysql::query: successfully!
 DEBUG root [2019-07-17 10:28:26,243] - DBInterfaceMysql::attach: successfully! addr: localhost:3306
 DEBUG root [2019-07-17 10:28:26,243] - DBThread::onStart(): 0x29f0f0!
 DEBUG root [2019-07-17 10:28:26,310] - DBInterfaceMysql::attach: successfully! addr: localhost:3306
 DEBUG root [2019-07-17 10:28:26,310] - DBThread::onStart(): 0x29f288!
  INFO root [2019-07-17 10:28:26,359] - DBInterfaceMysql::query: successfully!
  INFO root [2019-07-17 10:28:26,385] - DBInterfaceMysql::query: successfully!
  INFO root [2019-07-17 10:28:26,386] - DBInterfaceMysql::query: successfully!
  WARN root [2019-07-17 10:28:26,500] - DBTask::process(): took 0.31 seconds
sql:(insert into kbe_serverlog (heartbeatTime, serverGroupID) values(1563330506,2082) ON DUPLICATE KEY UPDATE heartbeatTime=1563330506)
  INFO root [2019-07-17 10:28:26,550] - DBInterfaceMysql::query: successfully!
 DEBUG root [2019-07-17 10:28:26,551] - DBInterfaceMysql::attach: successfully! addr: localhost:3306
 DEBUG root [2019-07-17 10:28:26,551] - DBThread::onStart(): 0x29f530!
  WARN root [2019-07-17 10:28:26,551] - DBTask::process(): took 0.36 seconds
sql:(select distinct(serverGroupID) from kbe_entitylog)
  INFO root [2019-07-17 10:28:26,609] - DBInterfaceMysql::query: successfully!
  INFO root [2019-07-17 10:28:26,669] - DBInterfaceMysql::query: successfully!
  INFO root [2019-07-17 10:28:26,669] - DBInterfaceMysql::query: successfully!
  INFO root [2019-07-17 10:28:26,670] - DBInterfaceMysql::query: successfully!
  WARN root [2019-07-17 10:28:26,670] - DBTask::process(): took 0.36 seconds
sql:(delete from kbe_email_verification where logtime<1563326906 and type=3)
  WARN root [2019-07-17 10:28:26,710] - DBTask::process(): took 0.35 seconds
sql:(show index from tbl_Account_friendList)
  WARN root [2019-07-17 10:28:26,837] - d:\kbengine\kbe\src\server\dbmgr\dbmgr.cpp:306: Profile scriptCall took 1.43 seconds
  INFO root [2019-07-17 10:28:27,249] - ---- dbmgr is running ----
 DEBUG root [2019-07-17 10:28:27,250] - Components::process(): Request for the process of identity...
  INFO root [2019-07-17 10:28:33,390] - ServerApp::onRegisterNewApp: uid:2082, username:error_name, componentType:interfaces, componentID:3000, globalorderID=-1, grouporderID=-1, intaddr:192.168.56.1, intport:30099, extaddr:nonsupport, extport:0,  from 127.0.0.1:30099/0/0/0.
  INFO root [2019-07-17 10:28:33,391] - Components::addComponent: reset orderLog, uid=2082!
  INFO root [2019-07-17 10:28:33,391] - Components::addComponent[interfaces], uid=2082, componentID=3000, globalorderid=1, grouporderid=1, totalcount=1
  INFO root [2019-07-17 10:28:34,410] - Components::findComponents: find logger(1)...
  INFO root [2019-07-17 10:28:34,469] - Components::findComponents: found logger, addr:192.168.56.1:51595
  INFO root [2019-07-17 10:28:34,469] - Components::addComponent: reset orderLog, uid=2082!
  INFO root [2019-07-17 10:28:34,470] - Components::addComponent[logger], uid=2082, componentID=2000, globalorderid=1, grouporderid=1, totalcount=1
  WARN root [2019-07-17 10:28:34,472] - Forwarding logs to logger[192.168.56.1:51595/0/0/0]...
 ERROR root [2019-07-17 10:36:05,938] - Components::removeComponentByChannel: logger : 2000, Abnormal exit(reason=TCPPacketReceiver::processRecv(): error=10054
)! Channel(timestamp=557392052547, lastReceivedTime=557366742823, inactivityExceptionPeriod=134884623)
  INFO root [2019-07-17 10:36:05,942] - The following logs sent to logger failed:
  WARN root [2019-07-17 10:36:05,943] - ==> [2019-07-17 10:36:05 931] TCPPacketReceiver::processPendingEvents(192.168.56.1:51595): Throwing REASON_GENERAL_NETWORK - WSAECONNRESET
 ERROR root [2019-07-17 10:36:05,943] - ==> [2019-07-17 10:36:05 939] Components::removeComponentByChannel: logger : 2000, Abnormal exit(reason=TCPPacketReceiver::processRecv(): error=10054
)! Channel(timestamp=557392052547, lastReceivedTime=557366742823, inactivityExceptionPeriod=134884623)
  INFO root [2019-07-17 10:36:07,756] - 
  INFO root [2019-07-17 10:36:07,761] - -----------------------------------------------------------------------------------------


  INFO root [2019-07-17 10:36:07,763] - Resmgr::initialize: KBE_ROOT=D:/kbengine/
  INFO root [2019-07-17 10:36:07,763] - Resmgr::initialize: KBE_RES_PATH=D:/kbengine/kbe/res/;D:/kbengine/HappyPoker_assets/;D:/kbengine/HappyPoker_assets/scripts/;D:/kbengine/HappyPoker_assets/res/
  INFO root [2019-07-17 10:36:07,763] - Resmgr::initialize: KBE_BIN_PATH=D:/kbengine/kbe/bin/server/
  INFO root [2019-07-17 10:36:07,788] - NetworkInterface::initialize(INTERNAL-TCP): bound to all interfaces with default route interface on 192.168.56.1 ( 192.168.56.1:51711 )
  INFO root [2019-07-17 10:36:07,788] - NetworkInterface::initialize(INTERNAL-TCP): address 192.168.56.1:51711, SOMAXCONN=5.
  INFO root [2019-07-17 10:36:07,788] - server-configs:
  INFO root [2019-07-17 10:36:07,789] - 	internalTcpAddr : 192.168.56.1:51711
  INFO root [2019-07-17 10:36:07,789] - 	componentID : 4000
  WARN root [2019-07-17 10:36:07,789] - invalid UID(0) <= 0, please check UID for environment! automatically set to 2082.
  INFO root [2019-07-17 10:36:09,295] - ---- dbmgr Version: 2.4.5. ScriptVersion: 0.1.0. Pythoncore: 3.7.3. Protocol: 11178A1C367680938C8E416B64844ACD. Config: Debug X86. Built: 09:55:16 May  8 2019. AppID: 4000. UID: 2082. PID: 15084 ----
  INFO root [2019-07-17 10:36:09,296] - Server error_name: Intel(R) Core(TM) i5-6300HQ CPU @ 2.30GHz with 2097151kB RAM
  INFO root [2019-07-17 10:36:09,296] - ThreadPool::createThreadPool: creating  threadpool...
  INFO root [2019-07-17 10:36:09,296] - ThreadPool::createThreadPool: successfully(2), newThreadCount=1, normalMaxThreadCount=2, maxThreadCount=8
  INFO root [2019-07-17 10:36:09,496] - Script::install(): is successfully, Python=(3.7.3 (default, May  8 2019, 09:53:38) [MSC v.1916 32 bit (Intel)])!
  INFO root [2019-07-17 10:36:09,496] - Script::install(): KBExtra is successfully!
  INFO root [2019-07-17 10:36:09,699] - Dbmgr::initializeEnd: digest(B91EBE6B591F8BEB2E04FAF8BE8B7B2F)
S_INFO root [2019-07-17 10:36:09,700] - onDBMgrReady: bootstrapGroupIndex=0, bootstrapGlobalIndex=0
  INFO root [2019-07-17 10:36:09,700] - TelnetServer server is running on port 32000
  INFO root [2019-07-17 10:36:09,701] - Dbmgr::initInterfacesHandler: interfaces addr(127.0.0.1:30099), accountType:(interfaces), chargeType:(interfaces).
  WARN root [2019-07-17 10:36:10,003] - DBUtil::initialize: db(default) password is not encrypted!
please use password(rsa):
139FF74A7675AB41861A984198A596DAFECE98FA922FA73AB1872F543175BE62672AA10A204E09816395CA7F92CF5EF8A42B239D5293B9F7B048F918229AFC34CF333CE696A81D693F3C7DD63218B152531B49278C616FAEF610D6464563A0A981B0497EEF42ACA4CD08152230B5F47017CAD54D14AC3385DD022D2A8E873BCB
 DEBUG root [2019-07-17 10:36:10,008] - DBInterfaceMysql::attach: connect: localhost:3306 starting...
 DEBUG root [2019-07-17 10:36:10,133] - DBInterfaceMysql::attach: successfully! addr: localhost:3306
  INFO root [2019-07-17 10:36:10,133] - DBUtil::createInterface[0x4ff3e4]: interface=default, dbtype=mysql, ip=localhost, port=3306, currdatabase=kbe, username=kbe, connected=yes.

  INFO root [2019-07-17 10:36:10,134] - ThreadPool::createThreadPool: creating  threadpool...
  INFO root [2019-07-17 10:36:10,134] - ThreadPool::createThreadPool: successfully(5), newThreadCount=5, normalMaxThreadCount=5, maxThreadCount=5
 DEBUG root [2019-07-17 10:36:10,162] - DBInterfaceMysql::attach: connect: localhost:3306 starting...
 DEBUG root [2019-07-17 10:36:10,164] - DBInterfaceMysql::attach: connect: localhost:3306 starting...
 DEBUG root [2019-07-17 10:36:10,167] - DBInterfaceMysql::attach: connect: localhost:3306 starting...
 DEBUG root [2019-07-17 10:36:10,171] - DBInterfaceMysql::attach: connect: localhost:3306 starting...
 DEBUG root [2019-07-17 10:36:10,181] - DBInterfaceMysql::attach: connect: localhost:3306 starting...
 DEBUG root [2019-07-17 10:36:10,278] - DBInterfaceMysql::attach: successfully! addr: localhost:3306
 DEBUG root [2019-07-17 10:36:10,278] - DBThread::onStart(): 0x7a7f60!
  INFO root [2019-07-17 10:36:10,280] - DBInterfaceMysql::query: successfully!
 DEBUG root [2019-07-17 10:36:10,358] - DBInterfaceMysql::attach: successfully! addr: localhost:3306
 DEBUG root [2019-07-17 10:36:10,358] - DBThread::onStart(): 0x7a7768!
 DEBUG root [2019-07-17 10:36:10,421] - DBInterfaceMysql::attach: successfully! addr: localhost:3306
 DEBUG root [2019-07-17 10:36:10,421] - DBThread::onStart(): 0x7a7900!
 DEBUG root [2019-07-17 10:36:10,491] - DBInterfaceMysql::attach: successfully! addr: localhost:3306
 DEBUG root [2019-07-17 10:36:10,492] - DBThread::onStart(): 0x7a7a98!
  INFO root [2019-07-17 10:36:10,582] - DBInterfaceMysql::query: successfully!
  WARN root [2019-07-17 10:36:10,582] - DBTask::process(): took 0.30 seconds
sql:(CREATE TABLE IF NOT EXISTS kbe_accountinfos (`accountName` varchar(128) not null, PRIMARY KEY idKey (`accountName`),`password` varchar(255) not null,`bindata` blob,`email` varchar(191) not null, UNIQUE KEY `email` (`email`),`entityDBID` bigint(20) unsigned not null DEFAULT 0, UNIQUE KEY `entityDBID` (`entityDBID`),`flags` int unsigned not null DEFAULT 0,`deadline` bigint(20) not null DEFAULT 0,`regtime` bigint(20) not null DEFAULT 0,`lasttime` bigint(20) not null DEFAULT 0,`numlogin` int unsigned not null DEFAULT 0)ENGINE=InnoDB)
  INFO root [2019-07-17 10:36:10,632] - DBInterfaceMysql::query: successfully!
  INFO root [2019-07-17 10:36:10,633] - DBInterfaceMysql::query: successfully!
  INFO root [2019-07-17 10:36:10,633] - DBInterfaceMysql::query: successfully!
  INFO root [2019-07-17 10:36:10,633] - DBInterfaceMysql::query: successfully!
  INFO root [2019-07-17 10:36:10,634] - DBInterfaceMysql::query: successfully!
  WARN root [2019-07-17 10:36:10,634] - DBTask::process(): took 0.21 seconds
sql:(delete from kbe_email_verification where logtime<1563327370 and type=3)
 DEBUG root [2019-07-17 10:36:10,758] - DBInterfaceMysql::attach: successfully! addr: localhost:3306
 DEBUG root [2019-07-17 10:36:10,758] - DBThread::onStart(): 0x7a7d40!
  WARN root [2019-07-17 10:36:10,868] - DBTask::process(): took 0.28 seconds
sql:(show index from tbl_Account_friendList)
  INFO root [2019-07-17 10:36:10,907] - DBInterfaceMysql::query: successfully!
  INFO root [2019-07-17 10:36:10,907] - DBInterfaceMysql::query: successfully!
  WARN root [2019-07-17 10:36:10,909] - DBTask::process(): took 0.27 seconds
sql:(show index from tbl_Mail_mailList)
  WARN root [2019-07-17 10:36:10,933] - DBTask::process(): took 0.58 seconds
sql:(select distinct(serverGroupID) from kbe_entitylog)
  WARN root [2019-07-17 10:36:11,100] - DBTask::process(): took 0.61 seconds
sql:(insert into kbe_serverlog (heartbeatTime, serverGroupID) values(1563330970,2082) ON DUPLICATE KEY UPDATE heartbeatTime=1563330970)
  WARN root [2019-07-17 10:36:11,160] - d:\kbengine\kbe\src\server\dbmgr\dbmgr.cpp:306: Profile scriptCall took 1.46 seconds
  INFO root [2019-07-17 10:36:11,570] - ---- dbmgr is running ----
 DEBUG root [2019-07-17 10:36:11,570] - Components::process(): Request for the process of identity...
  INFO root [2019-07-17 10:36:17,701] - ServerApp::onRegisterNewApp: uid:2082, username:error_name, componentType:interfaces, componentID:3000, globalorderID=-1, grouporderID=-1, intaddr:192.168.56.1, intport:30099, extaddr:nonsupport, extport:0,  from 127.0.0.1:30099/0/0/0.
  INFO root [2019-07-17 10:36:17,701] - Components::addComponent: reset orderLog, uid=2082!
  INFO root [2019-07-17 10:36:17,701] - Components::addComponent[interfaces], uid=2082, componentID=3000, globalorderid=1, grouporderid=1, totalcount=1
  INFO root [2019-07-17 10:36:18,720] - Components::findComponents: find logger(1)...
  INFO root [2019-07-17 10:36:18,782] - Components::findComponents: found logger, addr:192.168.56.1:51710
  INFO root [2019-07-17 10:36:18,782] - Components::addComponent: reset orderLog, uid=2082!
  INFO root [2019-07-17 10:36:18,782] - Components::addComponent[logger], uid=2082, componentID=2000, globalorderid=1, grouporderid=1, totalcount=1
  WARN root [2019-07-17 10:36:18,784] - Forwarding logs to logger[192.168.56.1:51710/0/0/0]...
 ERROR root [2019-07-17 10:49:38,017] - Components::removeComponentByChannel: logger : 2000, Abnormal exit(reason=TCPPacketReceiver::processRecv(): error=10054
)! Channel(timestamp=559219062846, lastReceivedTime=559218681776, inactivityExceptionPeriod=134885934)
  INFO root [2019-07-17 10:49:38,023] - The following logs sent to logger failed:
  WARN root [2019-07-17 10:49:38,023] - ==> [2019-07-17 10:49:38 015] TCPPacketReceiver::processPendingEvents(192.168.56.1:51710): Throwing REASON_GENERAL_NETWORK - WSAECONNRESET
 ERROR root [2019-07-17 10:49:38,023] - ==> [2019-07-17 10:49:38 018] Components::removeComponentByChannel: logger : 2000, Abnormal exit(reason=TCPPacketReceiver::processRecv(): error=10054
)! Channel(timestamp=559219062846, lastReceivedTime=559218681776, inactivityExceptionPeriod=134885934)
  INFO root [2019-07-17 10:49:39,858] - 
  INFO root [2019-07-17 10:49:39,861] - -----------------------------------------------------------------------------------------


  INFO root [2019-07-17 10:49:39,862] - Resmgr::initialize: KBE_ROOT=D:/kbengine/
  INFO root [2019-07-17 10:49:39,862] - Resmgr::initialize: KBE_RES_PATH=D:/kbengine/kbe/res/;D:/kbengine/HappyPoker_assets/;D:/kbengine/HappyPoker_assets/scripts/;D:/kbengine/HappyPoker_assets/res/
  INFO root [2019-07-17 10:49:39,862] - Resmgr::initialize: KBE_BIN_PATH=D:/kbengine/kbe/bin/server/
  INFO root [2019-07-17 10:49:39,905] - NetworkInterface::initialize(INTERNAL-TCP): bound to all interfaces with default route interface on 192.168.56.1 ( 192.168.56.1:51867 )
  INFO root [2019-07-17 10:49:39,905] - NetworkInterface::initialize(INTERNAL-TCP): address 192.168.56.1:51867, SOMAXCONN=5.
  INFO root [2019-07-17 10:49:39,906] - server-configs:
  INFO root [2019-07-17 10:49:39,906] - 	internalTcpAddr : 192.168.56.1:51867
  INFO root [2019-07-17 10:49:39,906] - 	componentID : 4000
  WARN root [2019-07-17 10:49:39,907] - invalid UID(0) <= 0, please check UID for environment! automatically set to 2082.
  INFO root [2019-07-17 10:49:41,411] - ---- dbmgr Version: 2.4.5. ScriptVersion: 0.1.0. Pythoncore: 3.7.3. Protocol: 11178A1C367680938C8E416B64844ACD. Config: Debug X86. Built: 09:55:16 May  8 2019. AppID: 4000. UID: 2082. PID: 8772 ----
  INFO root [2019-07-17 10:49:41,412] - Server error_name: Intel(R) Core(TM) i5-6300HQ CPU @ 2.30GHz with 2097151kB RAM
  INFO root [2019-07-17 10:49:41,412] - ThreadPool::createThreadPool: creating  threadpool...
  INFO root [2019-07-17 10:49:41,413] - ThreadPool::createThreadPool: successfully(2), newThreadCount=1, normalMaxThreadCount=2, maxThreadCount=8
  INFO root [2019-07-17 10:49:41,609] - Script::install(): is successfully, Python=(3.7.3 (default, May  8 2019, 09:53:38) [MSC v.1916 32 bit (Intel)])!
  INFO root [2019-07-17 10:49:41,609] - Script::install(): KBExtra is successfully!
  INFO root [2019-07-17 10:49:41,796] - Dbmgr::initializeEnd: digest(B91EBE6B591F8BEB2E04FAF8BE8B7B2F)
S_INFO root [2019-07-17 10:49:41,797] - onDBMgrReady: bootstrapGroupIndex=0, bootstrapGlobalIndex=0
  INFO root [2019-07-17 10:49:41,797] - TelnetServer server is running on port 32000
  INFO root [2019-07-17 10:49:41,798] - Dbmgr::initInterfacesHandler: interfaces addr(127.0.0.1:30099), accountType:(interfaces), chargeType:(interfaces).
  WARN root [2019-07-17 10:49:42,082] - DBUtil::initialize: db(default) password is not encrypted!
please use password(rsa):
716FF42854E08BDD2EC842BD04CE7D5C8B36534AF7D53F81F2657166F9C4AD33B3B83404FE8CA73C40604A4AAB03EDA646073A9B1398EE125A9F4852B9A324245FED9316289FE723FF4FBC7A56962CE0459EF33F1EF7D303160F00C238A047DE10C3911CB49A9F65C1E4BEE1DD37EC609CBFF989C6F2A2A25B97DF809153BC77
 DEBUG root [2019-07-17 10:49:42,087] - DBInterfaceMysql::attach: connect: localhost:3306 starting...
 DEBUG root [2019-07-17 10:49:42,241] - DBInterfaceMysql::attach: successfully! addr: localhost:3306
  INFO root [2019-07-17 10:49:42,241] - DBUtil::createInterface[0x1fef36c]: interface=default, dbtype=mysql, ip=localhost, port=3306, currdatabase=kbe, username=kbe, connected=yes.

  INFO root [2019-07-17 10:49:42,242] - ThreadPool::createThreadPool: creating  threadpool...
  INFO root [2019-07-17 10:49:42,242] - ThreadPool::createThreadPool: successfully(5), newThreadCount=5, normalMaxThreadCount=5, maxThreadCount=5
 DEBUG root [2019-07-17 10:49:42,294] - DBInterfaceMysql::attach: connect: localhost:3306 starting...
 DEBUG root [2019-07-17 10:49:42,299] - DBInterfaceMysql::attach: connect: localhost:3306 starting...
 DEBUG root [2019-07-17 10:49:42,315] - DBInterfaceMysql::attach: connect: localhost:3306 starting...
 DEBUG root [2019-07-17 10:49:42,316] - DBInterfaceMysql::attach: connect: localhost:3306 starting...
 DEBUG root [2019-07-17 10:49:42,326] - DBInterfaceMysql::attach: connect: localhost:3306 starting...
 DEBUG root [2019-07-17 10:49:42,405] - DBInterfaceMysql::attach: successfully! addr: localhost:3306
 DEBUG root [2019-07-17 10:49:42,405] - DBThread::onStart(): 0x25fcf68!
  INFO root [2019-07-17 10:49:42,407] - DBInterfaceMysql::query: successfully!
 DEBUG root [2019-07-17 10:49:42,487] - DBInterfaceMysql::attach: successfully! addr: localhost:3306
 DEBUG root [2019-07-17 10:49:42,488] - DBThread::onStart(): 0x25fd870!
 DEBUG root [2019-07-17 10:49:42,521] - DBInterfaceMysql::attach: successfully! addr: localhost:3306
 DEBUG root [2019-07-17 10:49:42,521] - DBThread::onStart(): 0x25fda90!
 DEBUG root [2019-07-17 10:49:42,571] - DBInterfaceMysql::attach: successfully! addr: localhost:3306
 DEBUG root [2019-07-17 10:49:42,572] - DBThread::onStart(): 0x25fd078!
 DEBUG root [2019-07-17 10:49:42,646] - DBInterfaceMysql::attach: successfully! addr: localhost:3306
 DEBUG root [2019-07-17 10:49:42,646] - DBThread::onStart(): 0x25fd100!
  WARN root [2019-07-17 10:49:42,739] - DBTask::process(): took 0.25 seconds
sql:(show index from tbl_Friend)
  INFO root [2019-07-17 10:49:42,812] - DBInterfaceMysql::query: successfully!
  INFO root [2019-07-17 10:49:42,812] - DBInterfaceMysql::query: successfully!
  INFO root [2019-07-17 10:49:42,812] - DBInterfaceMysql::query: successfully!
  INFO root [2019-07-17 10:49:42,813] - DBInterfaceMysql::query: successfully!
  INFO root [2019-07-17 10:49:42,813] - DBInterfaceMysql::query: successfully!
  INFO root [2019-07-17 10:49:42,813] - DBInterfaceMysql::query: successfully!
  WARN root [2019-07-17 10:49:42,814] - DBTask::process(): took 0.41 seconds
sql:(CREATE TABLE IF NOT EXISTS kbe_accountinfos (`accountName` varchar(128) not null, PRIMARY KEY idKey (`accountName`),`password` varchar(255) not null,`bindata` blob,`email` varchar(191) not null, UNIQUE KEY `email` (`email`),`entityDBID` bigint(20) unsigned not null DEFAULT 0, UNIQUE KEY `entityDBID` (`entityDBID`),`flags` int unsigned not null DEFAULT 0,`deadline` bigint(20) not null DEFAULT 0,`regtime` bigint(20) not null DEFAULT 0,`lasttime` bigint(20) not null DEFAULT 0,`numlogin` int unsigned not null DEFAULT 0)ENGINE=InnoDB)
  INFO root [2019-07-17 10:49:42,814] - DBInterfaceMysql::query: successfully!
  WARN root [2019-07-17 10:49:43,163] - DBTask::process(): took 0.42 seconds
sql:(show index from tbl_Account_friendList)
  WARN root [2019-07-17 10:49:43,208] - DBTask::process(): took 0.39 seconds
sql:(show index from tbl_Mail_mailList)
  WARN root [2019-07-17 10:49:43,208] - DBTask::process(): took 0.39 seconds
sql:(show index from tbl_Account)
  INFO root [2019-07-17 10:49:43,328] - DBInterfaceMysql::query: successfully!
  WARN root [2019-07-17 10:49:43,328] - DBTask::process(): took 0.76 seconds
sql:(insert into kbe_serverlog (heartbeatTime, serverGroupID) values(1563331782,2082) ON DUPLICATE KEY UPDATE heartbeatTime=1563331782)
  WARN root [2019-07-17 10:49:43,334] - DBTask::process(): took 0.81 seconds
sql:(select distinct(serverGroupID) from kbe_entitylog)
  WARN root [2019-07-17 10:49:43,378] - DBTask::process(): took 0.21 seconds
sql:(show index from tbl_Room)
  WARN root [2019-07-17 10:49:43,526] - d:\kbengine\kbe\src\server\dbmgr\dbmgr.cpp:306: Profile scriptCall took 1.73 seconds
  INFO root [2019-07-17 10:49:43,937] - ---- dbmgr is running ----
 DEBUG root [2019-07-17 10:49:43,970] - Components::process(): Request for the process of identity...
  INFO root [2019-07-17 10:49:50,096] - ServerApp::onRegisterNewApp: uid:2082, username:error_name, componentType:interfaces, componentID:3000, globalorderID=-1, grouporderID=-1, intaddr:192.168.56.1, intport:30099, extaddr:nonsupport, extport:0,  from 127.0.0.1:30099/0/0/0.
  INFO root [2019-07-17 10:49:50,096] - Components::addComponent: reset orderLog, uid=2082!
  INFO root [2019-07-17 10:49:50,097] - Components::addComponent[interfaces], uid=2082, componentID=3000, globalorderid=1, grouporderid=1, totalcount=1
  INFO root [2019-07-17 10:49:51,098] - Components::findComponents: find logger(1)...
  INFO root [2019-07-17 10:49:51,201] - Components::findComponents: found logger, addr:192.168.56.1:51866
  INFO root [2019-07-17 10:49:51,202] - Components::addComponent: reset orderLog, uid=2082!
  INFO root [2019-07-17 10:49:51,202] - Components::addComponent[logger], uid=2082, componentID=2000, globalorderid=1, grouporderid=1, totalcount=1
  WARN root [2019-07-17 10:49:51,203] - Forwarding logs to logger[192.168.56.1:51866/0/0/0]...
 ERROR root [2019-07-17 10:53:03,820] - Components::removeComponentByChannel: logger : 2000, Abnormal exit(reason=TCPPacketReceiver::processRecv(): error=10054
)! Channel(timestamp=559682077392, lastReceivedTime=559628312019, inactivityExceptionPeriod=134884383)
  INFO root [2019-07-17 10:53:03,824] - The following logs sent to logger failed:
  WARN root [2019-07-17 10:53:03,824] - ==> [2019-07-17 10:53:03 815] TCPPacketReceiver::processPendingEvents(192.168.56.1:51866): Throwing REASON_GENERAL_NETWORK - WSAECONNRESET
 ERROR root [2019-07-17 10:53:03,825] - ==> [2019-07-17 10:53:03 821] Components::removeComponentByChannel: logger : 2000, Abnormal exit(reason=TCPPacketReceiver::processRecv(): error=10054
)! Channel(timestamp=559682077392, lastReceivedTime=559628312019, inactivityExceptionPeriod=134884383)
  INFO root [2019-07-17 14:58:21,519] - 
  INFO root [2019-07-17 14:58:21,522] - -----------------------------------------------------------------------------------------


  INFO root [2019-07-17 14:58:21,523] - Resmgr::initialize: KBE_ROOT=D:/kbengine/
  INFO root [2019-07-17 14:58:21,523] - Resmgr::initialize: KBE_RES_PATH=D:/kbengine/kbe/res/;D:/kbengine/HappyPoker_assets/;D:/kbengine/HappyPoker_assets/scripts/;D:/kbengine/HappyPoker_assets/res/
  INFO root [2019-07-17 14:58:21,524] - Resmgr::initialize: KBE_BIN_PATH=D:/kbengine/kbe/bin/server/
  INFO root [2019-07-17 14:58:21,540] - NetworkInterface::initialize(INTERNAL-TCP): bound to all interfaces with default route interface on 192.168.56.1 ( 192.168.56.1:52328 )
  INFO root [2019-07-17 14:58:21,540] - NetworkInterface::initialize(INTERNAL-TCP): address 192.168.56.1:52328, SOMAXCONN=5.
  INFO root [2019-07-17 14:58:21,540] - server-configs:
  INFO root [2019-07-17 14:58:21,541] - 	internalTcpAddr : 192.168.56.1:52328
  INFO root [2019-07-17 14:58:21,541] - 	componentID : 4000
  WARN root [2019-07-17 14:58:21,541] - invalid UID(0) <= 0, please check UID for environment! automatically set to 2082.
  INFO root [2019-07-17 14:58:23,046] - ---- dbmgr Version: 2.4.5. ScriptVersion: 0.1.0. Pythoncore: 3.7.3. Protocol: 11178A1C367680938C8E416B64844ACD. Config: Debug X86. Built: 09:55:16 May  8 2019. AppID: 4000. UID: 2082. PID: 15924 ----
  INFO root [2019-07-17 14:58:23,046] - Server error_name: Intel(R) Core(TM) i5-6300HQ CPU @ 2.30GHz with 2097151kB RAM
  INFO root [2019-07-17 14:58:23,047] - ThreadPool::createThreadPool: creating  threadpool...
  INFO root [2019-07-17 14:58:23,047] - ThreadPool::createThreadPool: successfully(2), newThreadCount=1, normalMaxThreadCount=2, maxThreadCount=8
  INFO root [2019-07-17 14:58:23,240] - Script::install(): is successfully, Python=(3.7.3 (default, May  8 2019, 09:53:38) [MSC v.1916 32 bit (Intel)])!
  INFO root [2019-07-17 14:58:23,241] - Script::install(): KBExtra is successfully!
  INFO root [2019-07-17 14:58:23,422] - Dbmgr::initializeEnd: digest(B91EBE6B591F8BEB2E04FAF8BE8B7B2F)
S_INFO root [2019-07-17 14:58:23,422] - onDBMgrReady: bootstrapGroupIndex=0, bootstrapGlobalIndex=0
  INFO root [2019-07-17 14:58:23,422] - TelnetServer server is running on port 32000
  INFO root [2019-07-17 14:58:23,423] - Dbmgr::initInterfacesHandler: interfaces addr(127.0.0.1:30099), accountType:(interfaces), chargeType:(interfaces).
  WARN root [2019-07-17 14:58:23,727] - DBUtil::initialize: db(default) password is not encrypted!
please use password(rsa):
2D45FE79A30256B4E25202BC230144F40E13B3E50671ADE0F47BC24C2012014A4091847B03A251B9035F11BC41209F31BD9478D63490FFC290236164DBA845A43685029E582299B6E3B2D9C25EC98781F1F44E492C896F9CEF29F95F16B5C5080639F09107DB33537F1995F7201C43B36A14BE98D220D429FD5E3B7759197AD5
 DEBUG root [2019-07-17 14:58:23,731] - DBInterfaceMysql::attach: connect: localhost:3306 starting...
 DEBUG root [2019-07-17 14:58:23,939] - DBInterfaceMysql::attach: successfully! addr: localhost:3306
  INFO root [2019-07-17 14:58:23,940] - DBUtil::createInterface[0xafee78]: interface=default, dbtype=mysql, ip=localhost, port=3306, currdatabase=kbe, username=kbe, connected=yes.

  INFO root [2019-07-17 14:58:23,940] - ThreadPool::createThreadPool: creating  threadpool...
  INFO root [2019-07-17 14:58:23,940] - ThreadPool::createThreadPool: successfully(5), newThreadCount=5, normalMaxThreadCount=5, maxThreadCount=5
 DEBUG root [2019-07-17 14:58:23,940] - DBInterfaceMysql::attach: connect: localhost:3306 starting...
 DEBUG root [2019-07-17 14:58:23,941] - DBInterfaceMysql::attach: connect: localhost:3306 starting...
 DEBUG root [2019-07-17 14:58:23,941] - DBInterfaceMysql::attach: connect: localhost:3306 starting...
 DEBUG root [2019-07-17 14:58:23,941] - DBInterfaceMysql::attach: connect: localhost:3306 starting...
 DEBUG root [2019-07-17 14:58:23,941] - DBInterfaceMysql::attach: connect: localhost:3306 starting...
 DEBUG root [2019-07-17 14:58:24,043] - DBInterfaceMysql::attach: successfully! addr: localhost:3306
 DEBUG root [2019-07-17 14:58:24,044] - DBThread::onStart(): 0xe3a0a0!
  INFO root [2019-07-17 14:58:24,130] - DBInterfaceMysql::query: successfully!
 DEBUG root [2019-07-17 14:58:24,194] - DBInterfaceMysql::attach: successfully! addr: localhost:3306
 DEBUG root [2019-07-17 14:58:24,195] - DBThread::onStart(): 0xe3a128!
 DEBUG root [2019-07-17 14:58:24,295] - DBInterfaceMysql::attach: successfully! addr: localhost:3306
 DEBUG root [2019-07-17 14:58:24,295] - DBThread::onStart(): 0xe3a5f0!
  INFO root [2019-07-17 14:58:24,368] - DBInterfaceMysql::query: successfully!
  INFO root [2019-07-17 14:58:24,411] - DBInterfaceMysql::query: successfully!
  INFO root [2019-07-17 14:58:24,412] - DBInterfaceMysql::query: successfully!
  INFO root [2019-07-17 14:58:24,412] - DBInterfaceMysql::query: successfully!
  WARN root [2019-07-17 14:58:24,412] - DBTask::process(): took 0.28 seconds
sql:(delete from kbe_email_verification where logtime<1563343104 and type=3)
 DEBUG root [2019-07-17 14:58:24,444] - DBInterfaceMysql::attach: successfully! addr: localhost:3306
 DEBUG root [2019-07-17 14:58:24,444] - DBThread::onStart(): 0xe3a568!
 DEBUG root [2019-07-17 14:58:24,543] - DBInterfaceMysql::attach: successfully! addr: localhost:3306
 DEBUG root [2019-07-17 14:58:24,544] - DBThread::onStart(): 0xe3a700!
  INFO root [2019-07-17 14:58:24,590] - DBInterfaceMysql::query: successfully!
  INFO root [2019-07-17 14:58:24,635] - DBInterfaceMysql::query: successfully!
  INFO root [2019-07-17 14:58:24,635] - DBInterfaceMysql::query: successfully!
  WARN root [2019-07-17 14:58:24,635] - DBTask::process(): took 0.44 seconds
sql:(show index from tbl_Friend)
  WARN root [2019-07-17 14:58:24,637] - DBTask::process(): took 0.22 seconds
sql:(show index from tbl_Account_friendList)
  INFO root [2019-07-17 14:58:24,914] - DBInterfaceMysql::query: successfully!
  WARN root [2019-07-17 14:58:24,914] - DBTask::process(): took 0.37 seconds
sql:(insert into kbe_serverlog (heartbeatTime, serverGroupID) values(1563346704,2082) ON DUPLICATE KEY UPDATE heartbeatTime=1563346704)
  WARN root [2019-07-17 14:58:24,918] - DBTask::process(): took 0.62 seconds
sql:(select distinct(serverGroupID) from kbe_entitylog)
  WARN root [2019-07-17 14:58:24,920] - DBTask::process(): took 0.21 seconds
sql:(show index from tbl_Hall)
  WARN root [2019-07-17 14:58:25,018] - d:\kbengine\kbe\src\server\dbmgr\dbmgr.cpp:306: Profile scriptCall took 1.60 seconds
  INFO root [2019-07-17 14:58:25,408] - ---- dbmgr is running ----
 DEBUG root [2019-07-17 14:58:25,408] - Components::process(): Request for the process of identity...
  INFO root [2019-07-17 14:58:31,521] - ServerApp::onRegisterNewApp: uid:2082, username:error_name, componentType:interfaces, componentID:3000, globalorderID=-1, grouporderID=-1, intaddr:192.168.56.1, intport:30099, extaddr:nonsupport, extport:0,  from 127.0.0.1:30099/0/0/0.
  INFO root [2019-07-17 14:58:31,522] - Components::addComponent: reset orderLog, uid=2082!
  INFO root [2019-07-17 14:58:31,522] - Components::addComponent[interfaces], uid=2082, componentID=3000, globalorderid=1, grouporderid=1, totalcount=1
  INFO root [2019-07-17 14:58:32,524] - Components::findComponents: find logger(1)...
  INFO root [2019-07-17 14:58:32,583] - Components::findComponents: found logger, addr:192.168.56.1:52327
  INFO root [2019-07-17 14:58:32,583] - Components::addComponent: reset orderLog, uid=2082!
  INFO root [2019-07-17 14:58:32,584] - Components::addComponent[logger], uid=2082, componentID=2000, globalorderid=1, grouporderid=1, totalcount=1
  WARN root [2019-07-17 14:58:32,586] - Forwarding logs to logger[192.168.56.1:52327/0/0/0]...
 ERROR root [2019-07-17 15:31:22,232] - Components::removeComponentByChannel: logger : 2000, Abnormal exit(reason=TCPPacketReceiver::processRecv(): error=10054
)! Channel(timestamp=597264254462, lastReceivedTime=597262578019, inactivityExceptionPeriod=134877301)
  INFO root [2019-07-17 15:31:22,236] - The following logs sent to logger failed:
  WARN root [2019-07-17 15:31:22,236] - ==> [2019-07-17 15:31:22 231] TCPPacketReceiver::processPendingEvents(192.168.56.1:52327): Throwing REASON_GENERAL_NETWORK - WSAECONNRESET
 ERROR root [2019-07-17 15:31:22,237] - ==> [2019-07-17 15:31:22 233] Components::removeComponentByChannel: logger : 2000, Abnormal exit(reason=TCPPacketReceiver::processRecv(): error=10054
)! Channel(timestamp=597264254462, lastReceivedTime=597262578019, inactivityExceptionPeriod=134877301)
