  INFO root [2019-06-15 10:27:01,133] - 
  INFO root [2019-06-15 10:27:01,157] - -----------------------------------------------------------------------------------------


  INFO root [2019-06-15 10:27:01,971] - Resmgr::initialize: KBE_ROOT=D:/kbengine/
  INFO root [2019-06-15 10:27:01,971] - Resmgr::initialize: KBE_RES_PATH=D:/kbengine/kbe/res/;D:/kbengine/HappyPoker_assets/;D:/kbengine/HappyPoker_assets/scripts/;D:/kbengine/HappyPoker_assets/res/
  INFO root [2019-06-15 10:27:01,972] - Resmgr::initialize: KBE_BIN_PATH=D:/kbengine/kbe/bin/server/
  INFO root [2019-06-15 10:27:02,257] - NetworkInterface::initialize(INTERNAL-TCP): bound to all interfaces with default route interface on 192.168.56.1 ( 192.168.56.1:51890 )
  INFO root [2019-06-15 10:27:02,341] - NetworkInterface::initialize(INTERNAL-TCP): address 192.168.56.1:51890, SOMAXCONN=5.
  INFO root [2019-06-15 10:27:02,341] - server-configs:
  INFO root [2019-06-15 10:27:02,342] - 	internalTcpAddr : 192.168.56.1:51890
  INFO root [2019-06-15 10:27:02,342] - 	componentID : 4000
  WARN root [2019-06-15 10:27:02,342] - invalid UID(0) <= 0, please check UID for environment! automatically set to 3960.
  INFO root [2019-06-15 10:27:04,077] - ---- dbmgr Version: 2.4.5. ScriptVersion: 0.1.0. Pythoncore: 3.7.3. Protocol: 11178A1C367680938C8E416B64844ACD. Config: Debug X86. Built: 09:55:16 May  8 2019. AppID: 4000. UID: 3960. PID: 2220 ----
  INFO root [2019-06-15 10:27:04,077] - Server error_name: Intel(R) Core(TM) i5-6300HQ CPU @ 2.30GHz with 2097151kB RAM
  INFO root [2019-06-15 10:27:04,237] - ThreadPool::createThreadPool: creating  threadpool...
  INFO root [2019-06-15 10:27:04,248] - ThreadPool::createThreadPool: successfully(2), newThreadCount=1, normalMaxThreadCount=2, maxThreadCount=8
  INFO root [2019-06-15 10:27:06,506] - Script::install(): is successfully, Python=(3.7.3 (default, May  8 2019, 09:53:38) [MSC v.1916 32 bit (Intel)])!
  INFO root [2019-06-15 10:27:06,507] - Script::install(): KBExtra is successfully!
  INFO root [2019-06-15 10:27:07,964] - Dbmgr::initializeEnd: digest(AB926ACF6CEF32B8133312A52A4AECEB)
S_INFO root [2019-06-15 10:27:07,981] - onDBMgrReady: bootstrapGroupIndex=0, bootstrapGlobalIndex=0
  INFO root [2019-06-15 10:27:07,986] - TelnetServer server is running on port 32000
  INFO root [2019-06-15 10:27:07,991] - Dbmgr::initInterfacesHandler: interfaces addr(127.0.0.1:30099), accountType:(interfaces), chargeType:(interfaces).
  WARN root [2019-06-15 10:27:08,545] - DBUtil::initialize: db(default) password is not encrypted!
please use password(rsa):
D2AEB941B992B6AC2AAB29D713D9D9B68FF2E8C7DF2336AB7B071241EFE61400323AC3A8A5F41A96D3EBE5D3197AE3FBDE3126DC8B081B6EA690448A38584B8BE1596E07249DAD8649D380632668CDD9B59822E2D0F8FA1FC175032C48F9AB2F433BF32A0FBEE61479E1E37EFB67D12950C6D24BBA747369F9471F1D0460976F
 DEBUG root [2019-06-15 10:27:08,652] - DBInterfaceMysql::attach: connect: localhost:3306 starting...
 DEBUG root [2019-06-15 10:27:09,304] - DBInterfaceMysql::attach: successfully! addr: localhost:3306
  INFO root [2019-06-15 10:27:09,305] - DBUtil::createInterface[0x73ef38]: interface=default, dbtype=mysql, ip=localhost, port=3306, currdatabase=kbe, username=kbe, connected=yes.

  INFO root [2019-06-15 10:27:09,400] - ThreadPool::createThreadPool: creating  threadpool...
  INFO root [2019-06-15 10:27:09,400] - ThreadPool::createThreadPool: successfully(5), newThreadCount=5, normalMaxThreadCount=5, maxThreadCount=5
 DEBUG root [2019-06-15 10:27:09,402] - DBInterfaceMysql::attach: connect: localhost:3306 starting...
 DEBUG root [2019-06-15 10:27:09,403] - DBInterfaceMysql::attach: connect: localhost:3306 starting...
 DEBUG root [2019-06-15 10:27:09,406] - DBInterfaceMysql::attach: connect: localhost:3306 starting...
 DEBUG root [2019-06-15 10:27:09,413] - DBInterfaceMysql::attach: connect: localhost:3306 starting...
 DEBUG root [2019-06-15 10:27:09,418] - DBInterfaceMysql::attach: connect: localhost:3306 starting...
 DEBUG root [2019-06-15 10:27:09,520] - DBInterfaceMysql::attach: successfully! addr: localhost:3306
 DEBUG root [2019-06-15 10:27:09,520] - DBThread::onStart(): 0x189160!
 DEBUG root [2019-06-15 10:27:09,651] - DBInterfaceMysql::attach: successfully! addr: localhost:3306
 DEBUG root [2019-06-15 10:27:09,651] - DBThread::onStart(): 0x188858!
 DEBUG root [2019-06-15 10:27:09,782] - DBInterfaceMysql::attach: successfully! addr: localhost:3306
 DEBUG root [2019-06-15 10:27:09,782] - DBThread::onStart(): 0x1891e8!
 DEBUG root [2019-06-15 10:27:09,853] - DBInterfaceMysql::attach: successfully! addr: localhost:3306
 DEBUG root [2019-06-15 10:27:09,853] - DBThread::onStart(): 0x1892f8!
 DEBUG root [2019-06-15 10:27:09,928] - DBInterfaceMysql::attach: successfully! addr: localhost:3306
 DEBUG root [2019-06-15 10:27:09,928] - DBThread::onStart(): 0x1888e0!
  INFO root [2019-06-15 10:27:10,147] - DBInterfaceMysql::query: successfully!
  INFO root [2019-06-15 10:27:10,336] - DBInterfaceMysql::query: successfully!
  INFO root [2019-06-15 10:27:10,336] - DBInterfaceMysql::query: successfully!
  INFO root [2019-06-15 10:27:10,366] - DBInterfaceMysql::query: successfully!
  INFO root [2019-06-15 10:27:10,419] - DBInterfaceMysql::query: successfully!
  INFO root [2019-06-15 10:27:10,488] - DBInterfaceMysql::query: successfully!
  INFO root [2019-06-15 10:27:10,489] - DBInterfaceMysql::query: successfully!
  INFO root [2019-06-15 10:27:10,490] - DBInterfaceMysql::query: successfully!
  WARN root [2019-06-15 10:27:10,543] - DBTask::process(): took 0.32 seconds
sql:(delete from kbe_email_verification where logtime<1560562030 and type=3)
  WARN root [2019-06-15 10:27:10,678] - DBTask::process(): took 0.51 seconds
sql:(show index from tbl_Account)
  WARN root [2019-06-15 10:27:10,679] - DBTask::process(): took 0.34 seconds
sql:(show index from tbl_Room)
  WARN root [2019-06-15 10:27:10,820] - DBTask::process(): took 0.65 seconds
sql:(insert into kbe_serverlog (heartbeatTime, serverGroupID) values(1560565630,3960) ON DUPLICATE KEY UPDATE heartbeatTime=1560565630)
  INFO root [2019-06-15 10:27:10,894] - DBInterfaceMysql::query: successfully!
  WARN root [2019-06-15 10:27:10,895] - DBTask::process(): took 0.73 seconds
sql:(select distinct(serverGroupID) from kbe_entitylog)
  WARN root [2019-06-15 10:27:10,945] - d:\kbengine\kbe\src\server\dbmgr\dbmgr.cpp:306: Profile scriptCall took 2.98 seconds
  INFO root [2019-06-15 10:27:11,901] - ---- dbmgr is running ----
 DEBUG root [2019-06-15 10:27:11,910] - Components::process(): Request for the process of identity...
  INFO root [2019-06-15 10:27:18,142] - ServerApp::onRegisterNewApp: uid:3960, username:error_name, componentType:interfaces, componentID:3000, globalorderID=-1, grouporderID=-1, intaddr:192.168.56.1, intport:30099, extaddr:nonsupport, extport:0,  from 127.0.0.1:30099/0/0/0.
  INFO root [2019-06-15 10:27:18,142] - Components::addComponent: reset orderLog, uid=3960!
  INFO root [2019-06-15 10:27:18,143] - Components::addComponent[interfaces], uid=3960, componentID=3000, globalorderid=1, grouporderid=1, totalcount=1
  INFO root [2019-06-15 10:27:18,160] - ServerApp::onRegisterNewApp: uid:3960, username:error_name, componentType:cellappmgr, componentID:6000, globalorderID=-1, grouporderID=-1, intaddr:192.168.56.1, intport:51889, extaddr:nonsupport, extport:0,  from 192.168.56.1:51906/0/0/0.
  INFO root [2019-06-15 10:27:18,160] - Components::addComponent: reset orderLog, uid=3960!
  INFO root [2019-06-15 10:27:18,160] - Components::addComponent[cellappmgr], uid=3960, componentID=6000, globalorderid=1, grouporderid=1, totalcount=1
  INFO root [2019-06-15 10:27:18,161] - ServerApp::onRegisterNewApp: uid:3960, username:error_name, componentType:baseappmgr, componentID:5000, globalorderID=-1, grouporderID=-1, intaddr:192.168.56.1, intport:51886, extaddr:nonsupport, extport:0,  from 192.168.56.1:51908/0/0/0.
  INFO root [2019-06-15 10:27:18,162] - Components::addComponent[baseappmgr], uid=3960, componentID=5000, globalorderid=2, grouporderid=1, totalcount=1
  INFO root [2019-06-15 10:27:19,145] - Components::findComponents: find logger(1)...
  INFO root [2019-06-15 10:27:19,243] - Components::findComponents: found logger, addr:192.168.56.1:51888
  INFO root [2019-06-15 10:27:19,243] - Components::addComponent[logger], uid=3960, componentID=2000, globalorderid=3, grouporderid=1, totalcount=1
  WARN root [2019-06-15 10:27:19,245] - Forwarding logs to logger[192.168.56.1:51888/0/0/0]...
 ERROR root [2019-06-15 10:28:02,472] - Components::removeComponentByChannel: logger : 2000, Abnormal exit(reason=TCPPacketReceiver::processRecv(): error=10054
)! Channel(timestamp=8020386388, lastReceivedTime=8018575064, inactivityExceptionPeriod=134883248)
  INFO root [2019-06-15 10:28:02,484] - The following logs sent to logger failed:
  WARN root [2019-06-15 10:28:02,484] - ==> [2019-06-15 10:28:02 471] TCPPacketReceiver::processPendingEvents(192.168.56.1:51888): Throwing REASON_GENERAL_NETWORK - WSAECONNRESET
 ERROR root [2019-06-15 10:28:02,485] - ==> [2019-06-15 10:28:02 473] Components::removeComponentByChannel: logger : 2000, Abnormal exit(reason=TCPPacketReceiver::processRecv(): error=10054
)! Channel(timestamp=8020386388, lastReceivedTime=8018575064, inactivityExceptionPeriod=134883248)
  INFO root [2019-06-15 10:40:39,761] - 
  INFO root [2019-06-15 10:40:39,767] - -----------------------------------------------------------------------------------------


  INFO root [2019-06-15 10:40:39,768] - Resmgr::initialize: KBE_ROOT=D:/kbengine/
  INFO root [2019-06-15 10:40:39,768] - Resmgr::initialize: KBE_RES_PATH=D:/kbengine/kbe/res/;D:/kbengine/HappyPoker_assets/;D:/kbengine/HappyPoker_assets/scripts/;D:/kbengine/HappyPoker_assets/res/
  INFO root [2019-06-15 10:40:39,768] - Resmgr::initialize: KBE_BIN_PATH=D:/kbengine/kbe/bin/server/
  INFO root [2019-06-15 10:40:39,813] - NetworkInterface::initialize(INTERNAL-TCP): bound to all interfaces with default route interface on 192.168.56.1 ( 192.168.56.1:52338 )
  INFO root [2019-06-15 10:40:39,813] - NetworkInterface::initialize(INTERNAL-TCP): address 192.168.56.1:52338, SOMAXCONN=5.
  INFO root [2019-06-15 10:40:39,814] - server-configs:
  INFO root [2019-06-15 10:40:39,814] - 	internalTcpAddr : 192.168.56.1:52338
  INFO root [2019-06-15 10:40:39,814] - 	componentID : 4000
  WARN root [2019-06-15 10:40:39,817] - invalid UID(0) <= 0, please check UID for environment! automatically set to 3960.
  INFO root [2019-06-15 10:40:41,329] - ---- dbmgr Version: 2.4.5. ScriptVersion: 0.1.0. Pythoncore: 3.7.3. Protocol: 11178A1C367680938C8E416B64844ACD. Config: Debug X86. Built: 09:55:16 May  8 2019. AppID: 4000. UID: 3960. PID: 11056 ----
  INFO root [2019-06-15 10:40:41,330] - Server error_name: Intel(R) Core(TM) i5-6300HQ CPU @ 2.30GHz with 2097151kB RAM
  INFO root [2019-06-15 10:40:41,330] - ThreadPool::createThreadPool: creating  threadpool...
  INFO root [2019-06-15 10:40:41,330] - ThreadPool::createThreadPool: successfully(2), newThreadCount=1, normalMaxThreadCount=2, maxThreadCount=8
  INFO root [2019-06-15 10:40:41,566] - Script::install(): is successfully, Python=(3.7.3 (default, May  8 2019, 09:53:38) [MSC v.1916 32 bit (Intel)])!
  INFO root [2019-06-15 10:40:41,566] - Script::install(): KBExtra is successfully!
  INFO root [2019-06-15 10:40:41,759] - Dbmgr::initializeEnd: digest(AB926ACF6CEF32B8133312A52A4AECEB)
S_INFO root [2019-06-15 10:40:41,760] - onDBMgrReady: bootstrapGroupIndex=0, bootstrapGlobalIndex=0
  INFO root [2019-06-15 10:40:41,760] - TelnetServer server is running on port 32000
  INFO root [2019-06-15 10:40:41,761] - Dbmgr::initInterfacesHandler: interfaces addr(127.0.0.1:30099), accountType:(interfaces), chargeType:(interfaces).
  WARN root [2019-06-15 10:40:42,027] - DBUtil::initialize: db(default) password is not encrypted!
please use password(rsa):
E0149EE5BE8B674B831AD81C57EDC97EE92EA2D8F70829D47E026CC04FBC9853817DA87755EB90256E313896A3EF4D8E6484922E8E6A3E90B1CD191666FD5071302708AA4309AFBA243B3166BAF4F10B591F4A1F0897A314E6F74D0011FBEF3CA471C0671400065CD8352466DA2343623C3518201D37CFB46F906DB668F11BF7
 DEBUG root [2019-06-15 10:40:42,031] - DBInterfaceMysql::attach: connect: localhost:3306 starting...
 DEBUG root [2019-06-15 10:40:42,153] - DBInterfaceMysql::attach: successfully! addr: localhost:3306
  INFO root [2019-06-15 10:40:42,154] - DBUtil::createInterface[0x4ff3a8]: interface=default, dbtype=mysql, ip=localhost, port=3306, currdatabase=kbe, username=kbe, connected=yes.

  INFO root [2019-06-15 10:40:42,154] - ThreadPool::createThreadPool: creating  threadpool...
  INFO root [2019-06-15 10:40:42,155] - ThreadPool::createThreadPool: successfully(5), newThreadCount=5, normalMaxThreadCount=5, maxThreadCount=5
 DEBUG root [2019-06-15 10:40:42,156] - DBInterfaceMysql::attach: connect: localhost:3306 starting...
 DEBUG root [2019-06-15 10:40:42,167] - DBInterfaceMysql::attach: connect: localhost:3306 starting...
 DEBUG root [2019-06-15 10:40:42,251] - DBInterfaceMysql::attach: connect: localhost:3306 starting...
 DEBUG root [2019-06-15 10:40:42,270] - DBInterfaceMysql::attach: connect: localhost:3306 starting...
 DEBUG root [2019-06-15 10:40:42,270] - DBInterfaceMysql::attach: connect: localhost:3306 starting...
 DEBUG root [2019-06-15 10:40:42,292] - DBInterfaceMysql::attach: successfully! addr: localhost:3306
 DEBUG root [2019-06-15 10:40:42,292] - DBThread::onStart(): 0x738358!
  INFO root [2019-06-15 10:40:42,296] - DBInterfaceMysql::query: successfully!
 DEBUG root [2019-06-15 10:40:42,380] - DBInterfaceMysql::attach: successfully! addr: localhost:3306
 DEBUG root [2019-06-15 10:40:42,381] - DBThread::onStart(): 0x7384f0!
 DEBUG root [2019-06-15 10:40:42,517] - DBInterfaceMysql::attach: successfully! addr: localhost:3306
 DEBUG root [2019-06-15 10:40:42,517] - DBThread::onStart(): 0x738468!
  INFO root [2019-06-15 10:40:42,667] - DBInterfaceMysql::query: successfully!
  WARN root [2019-06-15 10:40:42,668] - DBTask::process(): took 0.37 seconds
sql:(CREATE TABLE IF NOT EXISTS kbe_accountinfos (`accountName` varchar(128) not null, PRIMARY KEY idKey (`accountName`),`password` varchar(255) not null,`bindata` blob,`email` varchar(191) not null, UNIQUE KEY `email` (`email`),`entityDBID` bigint(20) unsigned not null DEFAULT 0, UNIQUE KEY `entityDBID` (`entityDBID`),`flags` int unsigned not null DEFAULT 0,`deadline` bigint(20) not null DEFAULT 0,`regtime` bigint(20) not null DEFAULT 0,`lasttime` bigint(20) not null DEFAULT 0,`numlogin` int unsigned not null DEFAULT 0)ENGINE=InnoDB)
 DEBUG root [2019-06-15 10:40:42,710] - DBInterfaceMysql::attach: successfully! addr: localhost:3306
 DEBUG root [2019-06-15 10:40:42,710] - DBThread::onStart(): 0x7380b0!
 DEBUG root [2019-06-15 10:40:42,776] - DBInterfaceMysql::attach: successfully! addr: localhost:3306
 DEBUG root [2019-06-15 10:40:42,776] - DBThread::onStart(): 0x738e80!
  WARN root [2019-06-15 10:40:42,780] - DBTask::process(): took 0.40 seconds
sql:(show index from tbl_Account)
  INFO root [2019-06-15 10:40:42,808] - DBInterfaceMysql::query: successfully!
  INFO root [2019-06-15 10:40:42,809] - DBInterfaceMysql::query: successfully!
  INFO root [2019-06-15 10:40:42,809] - DBInterfaceMysql::query: successfully!
  INFO root [2019-06-15 10:40:42,810] - DBInterfaceMysql::query: successfully!
  WARN root [2019-06-15 10:40:42,810] - DBTask::process(): took 0.29 seconds
sql:(delete from kbe_email_verification where logtime<1560562842 and type=3)
  INFO root [2019-06-15 10:40:42,833] - DBInterfaceMysql::query: successfully!
  INFO root [2019-06-15 10:40:42,833] - DBInterfaceMysql::query: successfully!
  INFO root [2019-06-15 10:40:42,846] - DBInterfaceMysql::query: successfully!
  WARN root [2019-06-15 10:40:42,914] - d:\kbengine\kbe\src\server\dbmgr\dbmgr.cpp:306: Profile scriptCall took 1.15 seconds
  INFO root [2019-06-15 10:40:43,482] - ---- dbmgr is running ----
 DEBUG root [2019-06-15 10:40:43,483] - Components::process(): Request for the process of identity...
  INFO root [2019-06-15 10:40:49,650] - ServerApp::onRegisterNewApp: uid:3960, username:error_name, componentType:interfaces, componentID:3000, globalorderID=-1, grouporderID=-1, intaddr:192.168.56.1, intport:30099, extaddr:nonsupport, extport:0,  from 127.0.0.1:30099/0/0/0.
  INFO root [2019-06-15 10:40:49,650] - Components::addComponent: reset orderLog, uid=3960!
  INFO root [2019-06-15 10:40:49,651] - Components::addComponent[interfaces], uid=3960, componentID=3000, globalorderid=1, grouporderid=1, totalcount=1
  INFO root [2019-06-15 10:40:50,659] - Components::findComponents: find logger(1)...
  INFO root [2019-06-15 10:40:50,729] - Components::findComponents: found logger, addr:192.168.56.1:52340
  INFO root [2019-06-15 10:40:50,729] - Components::addComponent: reset orderLog, uid=3960!
  INFO root [2019-06-15 10:40:50,729] - Components::addComponent[logger], uid=3960, componentID=2000, globalorderid=1, grouporderid=1, totalcount=1
  WARN root [2019-06-15 10:40:50,731] - Forwarding logs to logger[192.168.56.1:52340/0/0/0]...
 ERROR root [2019-06-15 10:41:55,204] - Components::removeComponentByChannel: logger : 2000, Abnormal exit(reason=TCPPacketReceiver::processRecv(): error=10054
)! Channel(timestamp=9894033824, lastReceivedTime=9859436179, inactivityExceptionPeriod=134873832)
  INFO root [2019-06-15 10:41:55,213] - The following logs sent to logger failed:
  WARN root [2019-06-15 10:41:55,214] - ==> [2019-06-15 10:41:55 203] TCPPacketReceiver::processPendingEvents(192.168.56.1:52340): Throwing REASON_GENERAL_NETWORK - WSAECONNRESET
 ERROR root [2019-06-15 10:41:55,215] - ==> [2019-06-15 10:41:55 205] Components::removeComponentByChannel: logger : 2000, Abnormal exit(reason=TCPPacketReceiver::processRecv(): error=10054
)! Channel(timestamp=9894033824, lastReceivedTime=9859436179, inactivityExceptionPeriod=134873832)
