  INFO root [2019-05-21 19:02:36,693] - 
  INFO root [2019-05-21 19:02:36,693] - -----------------------------------------------------------------------------------------


  INFO root [2019-05-21 19:02:36,708] - Resmgr::initialize: KBE_ROOT=D:/kbengine/
  INFO root [2019-05-21 19:02:36,708] - Resmgr::initialize: KBE_RES_PATH=D:/kbengine/kbe/res/;D:/kbengine/HappyPoker_assets/;D:/kbengine/HappyPoker_assets/scripts/;D:/kbengine/HappyPoker_assets/res/
  INFO root [2019-05-21 19:02:36,711] - Resmgr::initialize: KBE_BIN_PATH=D:/kbengine/kbe/bin/server/
  INFO root [2019-05-21 19:02:36,758] - NetworkInterface::initialize(INTERNAL-TCP): bound to all interfaces with default route interface on 192.168.56.1 ( 192.168.56.1:53700 )
  INFO root [2019-05-21 19:02:36,758] - NetworkInterface::initialize(INTERNAL-TCP): address 192.168.56.1:53700, SOMAXCONN=5.
  INFO root [2019-05-21 19:02:36,758] - server-configs:
  INFO root [2019-05-21 19:02:36,758] - 	internalTcpAddr : 192.168.56.1:53700
  INFO root [2019-05-21 19:02:36,758] - 	componentID : 4000
  WARN root [2019-05-21 19:02:36,758] - invalid UID(0) <= 0, please check UID for environment! automatically set to 3960.
  INFO root [2019-05-21 19:02:36,878] - Components::findLogger: found logger, addr:192.168.56.1:53691
  INFO root [2019-05-21 19:02:36,878] - Components::addComponent: reset orderLog, uid=3960!
  INFO root [2019-05-21 19:02:36,878] - Components::addComponent[logger], uid=3960, componentID=2000, globalorderid=1, grouporderid=1, totalcount=1
  INFO root [2019-05-21 19:02:36,892] - ---- dbmgr Version: 2.4.5. ScriptVersion: 0.1.0. Pythoncore: 3.7.3. Protocol: 11178A1C367680938C8E416B64844ACD. Config: Debug X86. Built: 09:55:16 May  8 2019. AppID: 4000. UID: 3960. PID: 6296 ----
  INFO root [2019-05-21 19:02:36,892] - Server error_name: Intel(R) Core(TM) i5-6300HQ CPU @ 2.30GHz with 2097151kB RAM
  INFO root [2019-05-21 19:02:36,892] - ThreadPool::createThreadPool: creating  threadpool...
  INFO root [2019-05-21 19:02:36,897] - ThreadPool::createThreadPool: successfully(2), newThreadCount=1, normalMaxThreadCount=2, maxThreadCount=8
  INFO root [2019-05-21 19:02:37,128] - Script::install(): is successfully, Python=(3.7.3 (default, May  8 2019, 09:53:38) [MSC v.1916 32 bit (Intel)])!
  INFO root [2019-05-21 19:02:37,128] - Script::install(): KBExtra is successfully!
  INFO root [2019-05-21 19:02:37,738] - Dbmgr::initializeEnd: digest(2C74E778B8FA1A5BE3F8033147922F39)
S_INFO root [2019-05-21 19:02:37,758] - onDBMgrReady: bootstrapGroupIndex=0, bootstrapGlobalIndex=0
  INFO root [2019-05-21 19:02:37,772] - TelnetServer server is running on port 32000
  INFO root [2019-05-21 19:02:37,772] - Dbmgr::initInterfacesHandler: interfaces addr(127.0.0.1:30099), accountType:(interfaces), chargeType:(interfaces).
  WARN root [2019-05-21 19:02:37,978] - DBUtil::initialize: db(default) password is not encrypted!
please use password(rsa):
7234E7293F689F5CC3FC060C683CED68ED67FD1CF8FD0E8F544D05B7A1DBE082D880321BA080404CDD80B6C9B789BB7204DD6D28B7BF138F4329DA1CDE7ED02AC4746D5413E563450C0BAFB1A5EE9ED1668D497B0FC2E5C16EE96C7A228E75311318F3774D7D0B1FF805EFE1B102FD5A4875FBA105CE63BABFE5562C2BC956E6
 DEBUG root [2019-05-21 19:02:38,048] - DBInterfaceMysql::attach: connect: localhost:3306 starting...
 DEBUG root [2019-05-21 19:02:38,388] - DBInterfaceMysql::attach: successfully! addr: localhost:3306
  INFO root [2019-05-21 19:02:38,388] - DBUtil::createInterface[0x175eda4]: interface=default, dbtype=mysql, ip=localhost, port=3306, currdatabase=kbe, username=kbe, connected=yes.

  INFO root [2019-05-21 19:02:38,512] - ThreadPool::createThreadPool: creating  threadpool...
  INFO root [2019-05-21 19:02:38,512] - ThreadPool::createThreadPool: successfully(5), newThreadCount=5, normalMaxThreadCount=5, maxThreadCount=5
 DEBUG root [2019-05-21 19:02:38,512] - DBInterfaceMysql::attach: connect: localhost:3306 starting...
 DEBUG root [2019-05-21 19:02:38,512] - DBInterfaceMysql::attach: connect: localhost:3306 starting...
 DEBUG root [2019-05-21 19:02:38,512] - DBInterfaceMysql::attach: connect: localhost:3306 starting...
 DEBUG root [2019-05-21 19:02:38,512] - DBInterfaceMysql::attach: connect: localhost:3306 starting...
 DEBUG root [2019-05-21 19:02:38,512] - DBInterfaceMysql::attach: connect: localhost:3306 starting...
 DEBUG root [2019-05-21 19:02:38,628] - DBInterfaceMysql::attach: successfully! addr: localhost:3306
 DEBUG root [2019-05-21 19:02:38,628] - DBThread::onStart(): 0x19064f0!
 DEBUG root [2019-05-21 19:02:38,688] - DBInterfaceMysql::attach: successfully! addr: localhost:3306
 DEBUG root [2019-05-21 19:02:38,688] - DBThread::onStart(): 0x19069b8!
  INFO root [2019-05-21 19:02:38,688] - DBInterfaceMysql::query: successfully!
 DEBUG root [2019-05-21 19:02:38,782] - DBInterfaceMysql::attach: successfully! addr: localhost:3306
 DEBUG root [2019-05-21 19:02:38,782] - DBThread::onStart(): 0x1906930!
 DEBUG root [2019-05-21 19:02:38,828] - DBInterfaceMysql::attach: successfully! addr: localhost:3306
 DEBUG root [2019-05-21 19:02:38,828] - DBThread::onStart(): 0x19062d0!
  INFO root [2019-05-21 19:02:38,888] - DBInterfaceMysql::query: successfully!
  INFO root [2019-05-21 19:02:38,907] - DBInterfaceMysql::query: successfully!
  INFO root [2019-05-21 19:02:38,907] - DBInterfaceMysql::query: successfully!
  INFO root [2019-05-21 19:02:38,907] - DBInterfaceMysql::query: successfully!
  INFO root [2019-05-21 19:02:38,907] - DBInterfaceMysql::query: successfully!
  INFO root [2019-05-21 19:02:38,907] - DBInterfaceMysql::query: successfully!
  INFO root [2019-05-21 19:02:38,907] - DBInterfaceMysql::query: successfully!
 DEBUG root [2019-05-21 19:02:39,007] - DBInterfaceMysql::attach: successfully! addr: localhost:3306
 DEBUG root [2019-05-21 19:02:39,007] - DBThread::onStart(): 0x1906600!
  INFO root [2019-05-21 19:02:39,021] - DBInterfaceMysql::query: successfully!
  WARN root [2019-05-21 19:02:39,088] - DBTask::process(): took 0.24 seconds
sql:(insert into kbe_serverlog (heartbeatTime, serverGroupID) values(1558436558,3960) ON DUPLICATE KEY UPDATE heartbeatTime=1558436558)
  WARN root [2019-05-21 19:02:39,088] - DBTask::process(): took 0.30 seconds
sql:(select distinct(serverGroupID) from kbe_entitylog)
  WARN root [2019-05-21 19:02:39,320] - DBTask::process(): took 0.41 seconds
sql:(show index from tbl_Hall)
  WARN root [2019-05-21 19:02:39,320] - DBTask::process(): took 0.43 seconds
sql:(show index from tbl_Room)
  WARN root [2019-05-21 19:02:39,320] - DBTask::process(): took 0.31 seconds
sql:(show index from tbl_Account)
  WARN root [2019-05-21 19:02:39,348] - d:\kbengine\kbe\src\server\dbmgr\dbmgr.cpp:306: Profile scriptCall took 1.61 seconds
  INFO root [2019-05-21 19:02:39,801] - ---- dbmgr is running ----
 DEBUG root [2019-05-21 19:02:39,801] - Components::process(): Request for the process of identity...
  WARN root [2019-05-21 19:02:46,118] - Forwarding logs to logger[192.168.56.1:53691/0/0/0]...
  INFO root [2019-05-21 19:04:31,282] - 
  INFO root [2019-05-21 19:04:31,282] - -----------------------------------------------------------------------------------------


  INFO root [2019-05-21 19:04:31,288] - Resmgr::initialize: KBE_ROOT=D:/kbengine/
  INFO root [2019-05-21 19:04:31,288] - Resmgr::initialize: KBE_RES_PATH=D:/kbengine/kbe/res/;D:/kbengine/HappyPoker_assets/;D:/kbengine/HappyPoker_assets/scripts/;D:/kbengine/HappyPoker_assets/res/
  INFO root [2019-05-21 19:04:31,288] - Resmgr::initialize: KBE_BIN_PATH=D:/kbengine/kbe/bin/server/
  INFO root [2019-05-21 19:04:31,312] - NetworkInterface::initialize(INTERNAL-TCP): bound to all interfaces with default route interface on 192.168.56.1 ( 192.168.56.1:53817 )
  INFO root [2019-05-21 19:04:31,312] - NetworkInterface::initialize(INTERNAL-TCP): address 192.168.56.1:53817, SOMAXCONN=5.
  INFO root [2019-05-21 19:04:31,312] - server-configs:
  INFO root [2019-05-21 19:04:31,312] - 	internalTcpAddr : 192.168.56.1:53817
  INFO root [2019-05-21 19:04:31,312] - 	componentID : 4000
  WARN root [2019-05-21 19:04:31,312] - invalid UID(0) <= 0, please check UID for environment! automatically set to 3960.
  INFO root [2019-05-21 19:04:32,832] - ---- dbmgr Version: 2.4.5. ScriptVersion: 0.1.0. Pythoncore: 3.7.3. Protocol: 11178A1C367680938C8E416B64844ACD. Config: Debug X86. Built: 09:55:16 May  8 2019. AppID: 4000. UID: 3960. PID: 10456 ----
  INFO root [2019-05-21 19:04:32,832] - Server error_name: Intel(R) Core(TM) i5-6300HQ CPU @ 2.30GHz with 2097151kB RAM
  INFO root [2019-05-21 19:04:32,832] - ThreadPool::createThreadPool: creating  threadpool...
  INFO root [2019-05-21 19:04:32,832] - ThreadPool::createThreadPool: successfully(2), newThreadCount=1, normalMaxThreadCount=2, maxThreadCount=8
  INFO root [2019-05-21 19:04:33,048] - Script::install(): is successfully, Python=(3.7.3 (default, May  8 2019, 09:53:38) [MSC v.1916 32 bit (Intel)])!
  INFO root [2019-05-21 19:04:33,048] - Script::install(): KBExtra is successfully!
  INFO root [2019-05-21 19:04:33,183] - Dbmgr::initializeEnd: digest(2C74E778B8FA1A5BE3F8033147922F39)
S_INFO root [2019-05-21 19:04:33,183] - onDBMgrReady: bootstrapGroupIndex=0, bootstrapGlobalIndex=0
  INFO root [2019-05-21 19:04:33,188] - TelnetServer server is running on port 32000
  INFO root [2019-05-21 19:04:33,188] - Dbmgr::initInterfacesHandler: interfaces addr(127.0.0.1:30099), accountType:(interfaces), chargeType:(interfaces).
  WARN root [2019-05-21 19:04:33,437] - DBUtil::initialize: db(default) password is not encrypted!
please use password(rsa):
9C5A2018EE31023DA285DD124534E323887BD0396F3A7DC43E513B6974FA372203BC2754B195DD5C8F81568C42BCFAD62C2CB80BBB65D487A9C4D494CDBCDD0406135DC7C953B7CE094B8DFC33180CBCC471CE076EE1221AE5AC75BB63E5093CC63E0EBEC3876EDF02D8F428A98D36EE4C3CDAC4D15B7D3FCA5429F76B6D93CF
 DEBUG root [2019-05-21 19:04:33,442] - DBInterfaceMysql::attach: connect: localhost:3306 starting...
 DEBUG root [2019-05-21 19:04:33,538] - DBInterfaceMysql::attach: successfully! addr: localhost:3306
  INFO root [2019-05-21 19:04:33,538] - DBUtil::createInterface[0x175f3e8]: interface=default, dbtype=mysql, ip=localhost, port=3306, currdatabase=kbe, username=kbe, connected=yes.

  INFO root [2019-05-21 19:04:33,538] - ThreadPool::createThreadPool: creating  threadpool...
  INFO root [2019-05-21 19:04:33,538] - ThreadPool::createThreadPool: successfully(5), newThreadCount=5, normalMaxThreadCount=5, maxThreadCount=5
 DEBUG root [2019-05-21 19:04:33,542] - DBInterfaceMysql::attach: connect: localhost:3306 starting...
 DEBUG root [2019-05-21 19:04:33,548] - DBInterfaceMysql::attach: connect: localhost:3306 starting...
 DEBUG root [2019-05-21 19:04:33,548] - DBInterfaceMysql::attach: connect: localhost:3306 starting...
 DEBUG root [2019-05-21 19:04:33,558] - DBInterfaceMysql::attach: connect: localhost:3306 starting...
 DEBUG root [2019-05-21 19:04:33,562] - DBInterfaceMysql::attach: connect: localhost:3306 starting...
 DEBUG root [2019-05-21 19:04:33,658] - DBInterfaceMysql::attach: successfully! addr: localhost:3306
 DEBUG root [2019-05-21 19:04:33,658] - DBThread::onStart(): 0x1973c80!
  INFO root [2019-05-21 19:04:33,658] - DBInterfaceMysql::query: successfully!
 DEBUG root [2019-05-21 19:04:33,782] - DBInterfaceMysql::attach: successfully! addr: localhost:3306
 DEBUG root [2019-05-21 19:04:33,782] - DBThread::onStart(): 0x1973a60!
 DEBUG root [2019-05-21 19:04:33,858] - DBInterfaceMysql::attach: successfully! addr: localhost:3306
 DEBUG root [2019-05-21 19:04:33,858] - DBThread::onStart(): 0x19743f0!
  INFO root [2019-05-21 19:04:33,898] - DBInterfaceMysql::query: successfully!
  INFO root [2019-05-21 19:04:33,912] - DBInterfaceMysql::query: successfully!
  INFO root [2019-05-21 19:04:33,912] - DBInterfaceMysql::query: successfully!
  WARN root [2019-05-21 19:04:33,912] - DBTask::process(): took 0.25 seconds
sql:(CREATE TABLE IF NOT EXISTS kbe_accountinfos (`accountName` varchar(128) not null, PRIMARY KEY idKey (`accountName`),`password` varchar(255) not null,`bindata` blob,`email` varchar(191) not null, UNIQUE KEY `email` (`email`),`entityDBID` bigint(20) unsigned not null DEFAULT 0, UNIQUE KEY `entityDBID` (`entityDBID`),`flags` int unsigned not null DEFAULT 0,`deadline` bigint(20) not null DEFAULT 0,`regtime` bigint(20) not null DEFAULT 0,`lasttime` bigint(20) not null DEFAULT 0,`numlogin` int unsigned not null DEFAULT 0)ENGINE=InnoDB)
 DEBUG root [2019-05-21 19:04:33,951] - DBInterfaceMysql::attach: successfully! addr: localhost:3306
 DEBUG root [2019-05-21 19:04:33,958] - DBThread::onStart(): 0x1974478!
 DEBUG root [2019-05-21 19:04:34,072] - DBInterfaceMysql::attach: successfully! addr: localhost:3306
 DEBUG root [2019-05-21 19:04:34,072] - DBThread::onStart(): 0x1974500!
  INFO root [2019-05-21 19:04:34,072] - DBInterfaceMysql::query: successfully!
  WARN root [2019-05-21 19:04:34,072] - DBTask::process(): took 0.29 seconds
sql:(select distinct(serverGroupID) from kbe_entitylog)
  INFO root [2019-05-21 19:04:34,132] - DBInterfaceMysql::query: successfully!
  INFO root [2019-05-21 19:04:34,132] - DBInterfaceMysql::query: successfully!
  INFO root [2019-05-21 19:04:34,132] - DBInterfaceMysql::query: successfully!
  INFO root [2019-05-21 19:04:34,132] - DBInterfaceMysql::query: successfully!
  WARN root [2019-05-21 19:04:34,132] - DBTask::process(): took 0.22 seconds
sql:(show index from tbl_Room)
  WARN root [2019-05-21 19:04:34,162] - d:\kbengine\kbe\src\server\dbmgr\dbmgr.cpp:306: Profile scriptCall took 0.98 seconds
  INFO root [2019-05-21 19:04:34,546] - ---- dbmgr is running ----
 DEBUG root [2019-05-21 19:04:34,546] - Components::process(): Request for the process of identity...
  INFO root [2019-05-21 19:04:40,862] - ServerApp::onRegisterNewApp: uid:3960, username:error_name, componentType:interfaces, componentID:3000, globalorderID=-1, grouporderID=-1, intaddr:192.168.56.1, intport:30099, extaddr:nonsupport, extport:0,  from 127.0.0.1:30099/0/0/0.
  INFO root [2019-05-21 19:04:40,862] - Components::addComponent: reset orderLog, uid=3960!
  INFO root [2019-05-21 19:04:40,862] - Components::addComponent[interfaces], uid=3960, componentID=3000, globalorderid=1, grouporderid=1, totalcount=1
  WARN root [2019-05-21 19:04:40,862] - TCPPacketReceiver::processPendingEvents(192.168.56.1:53840): Throwing REASON_GENERAL_NETWORK - WSAECONNABORTED
  INFO root [2019-05-21 19:04:41,868] - Components::findComponents: find logger(1)...
  INFO root [2019-05-21 19:04:41,908] - Components::findComponents: found logger, addr:192.168.56.1:53819
  INFO root [2019-05-21 19:04:41,908] - Components::addComponent: reset orderLog, uid=3960!
  INFO root [2019-05-21 19:04:41,908] - Components::addComponent[logger], uid=3960, componentID=2000, globalorderid=1, grouporderid=1, totalcount=1
  WARN root [2019-05-21 19:04:41,908] - Forwarding logs to logger[192.168.56.1:53819/0/0/0]...
 ERROR root [2019-05-21 19:09:16,218] - Components::removeComponentByChannel: logger : 2000, Abnormal exit(reason=TCPPacketReceiver::processRecv(): error=10054
)! Channel(timestamp=789030588673, lastReceivedTime=788997080758, inactivityExceptionPeriod=134886717)
  INFO root [2019-05-21 19:09:16,218] - The following logs sent to logger failed:
  WARN root [2019-05-21 19:09:16,218] - ==> [2019-05-21 19:09:16 221] TCPPacketReceiver::processPendingEvents(192.168.56.1:53819): Throwing REASON_GENERAL_NETWORK - WSAECONNRESET
 ERROR root [2019-05-21 19:09:16,218] - ==> [2019-05-21 19:09:16 222] Components::removeComponentByChannel: logger : 2000, Abnormal exit(reason=TCPPacketReceiver::processRecv(): error=10054
)! Channel(timestamp=789030588673, lastReceivedTime=788997080758, inactivityExceptionPeriod=134886717)
  INFO root [2019-05-21 19:09:18,048] - 
  INFO root [2019-05-21 19:09:18,048] - -----------------------------------------------------------------------------------------


  INFO root [2019-05-21 19:09:18,048] - Resmgr::initialize: KBE_ROOT=D:/kbengine/
  INFO root [2019-05-21 19:09:18,048] - Resmgr::initialize: KBE_RES_PATH=D:/kbengine/kbe/res/;D:/kbengine/HappyPoker_assets/;D:/kbengine/HappyPoker_assets/scripts/;D:/kbengine/HappyPoker_assets/res/
  INFO root [2019-05-21 19:09:18,048] - Resmgr::initialize: KBE_BIN_PATH=D:/kbengine/kbe/bin/server/
  INFO root [2019-05-21 19:09:18,062] - NetworkInterface::initialize(INTERNAL-TCP): bound to all interfaces with default route interface on 192.168.56.1 ( 192.168.56.1:53972 )
  INFO root [2019-05-21 19:09:18,062] - NetworkInterface::initialize(INTERNAL-TCP): address 192.168.56.1:53972, SOMAXCONN=5.
  INFO root [2019-05-21 19:09:18,062] - server-configs:
  INFO root [2019-05-21 19:09:18,062] - 	internalTcpAddr : 192.168.56.1:53972
  INFO root [2019-05-21 19:09:18,062] - 	componentID : 4000
  WARN root [2019-05-21 19:09:18,062] - invalid UID(0) <= 0, please check UID for environment! automatically set to 3960.
  INFO root [2019-05-21 19:09:19,581] - ---- dbmgr Version: 2.4.5. ScriptVersion: 0.1.0. Pythoncore: 3.7.3. Protocol: 11178A1C367680938C8E416B64844ACD. Config: Debug X86. Built: 09:55:16 May  8 2019. AppID: 4000. UID: 3960. PID: 4244 ----
  INFO root [2019-05-21 19:09:19,581] - Server error_name: Intel(R) Core(TM) i5-6300HQ CPU @ 2.30GHz with 2097151kB RAM
  INFO root [2019-05-21 19:09:19,581] - ThreadPool::createThreadPool: creating  threadpool...
  INFO root [2019-05-21 19:09:19,581] - ThreadPool::createThreadPool: successfully(2), newThreadCount=1, normalMaxThreadCount=2, maxThreadCount=8
  INFO root [2019-05-21 19:09:19,791] - Script::install(): is successfully, Python=(3.7.3 (default, May  8 2019, 09:53:38) [MSC v.1916 32 bit (Intel)])!
  INFO root [2019-05-21 19:09:19,791] - Script::install(): KBExtra is successfully!
  INFO root [2019-05-21 19:09:19,910] - Dbmgr::initializeEnd: digest(2C74E778B8FA1A5BE3F8033147922F39)
S_INFO root [2019-05-21 19:09:19,910] - onDBMgrReady: bootstrapGroupIndex=0, bootstrapGlobalIndex=0
  INFO root [2019-05-21 19:09:19,910] - TelnetServer server is running on port 32000
  INFO root [2019-05-21 19:09:19,917] - Dbmgr::initInterfacesHandler: interfaces addr(127.0.0.1:30099), accountType:(interfaces), chargeType:(interfaces).
  WARN root [2019-05-21 19:09:20,131] - DBUtil::initialize: db(default) password is not encrypted!
please use password(rsa):
858B428FB78E95ECD0ABF7082F57F1AE5FDE8514A63146C03DC68672FE1114FCA02311C1CA6CA78A3310207A714ACF0D65F40350C7D9B41FE8DA625B7D02ADA2B321F8309FF9082F92A09786FE268B79F98B0E9DB748C927D92F47D1235DC73F6C87660C79B23987C27DBE54F49DDE226AAD7ED7EA670DF7D167996817FE02F8
 DEBUG root [2019-05-21 19:09:20,139] - DBInterfaceMysql::attach: connect: localhost:3306 starting...
 DEBUG root [2019-05-21 19:09:20,258] - DBInterfaceMysql::attach: successfully! addr: localhost:3306
  INFO root [2019-05-21 19:09:20,258] - DBUtil::createInterface[0x175ee04]: interface=default, dbtype=mysql, ip=localhost, port=3306, currdatabase=kbe, username=kbe, connected=yes.

  INFO root [2019-05-21 19:09:20,258] - ThreadPool::createThreadPool: creating  threadpool...
  INFO root [2019-05-21 19:09:20,258] - ThreadPool::createThreadPool: successfully(5), newThreadCount=5, normalMaxThreadCount=5, maxThreadCount=5
 DEBUG root [2019-05-21 19:09:20,258] - DBInterfaceMysql::attach: connect: localhost:3306 starting...
 DEBUG root [2019-05-21 19:09:20,258] - DBInterfaceMysql::attach: connect: localhost:3306 starting...
 DEBUG root [2019-05-21 19:09:20,258] - DBInterfaceMysql::attach: connect: localhost:3306 starting...
 DEBUG root [2019-05-21 19:09:20,258] - DBInterfaceMysql::attach: connect: localhost:3306 starting...
 DEBUG root [2019-05-21 19:09:20,258] - DBInterfaceMysql::attach: connect: localhost:3306 starting...
 DEBUG root [2019-05-21 19:09:20,348] - DBInterfaceMysql::attach: successfully! addr: localhost:3306
 DEBUG root [2019-05-21 19:09:20,352] - DBThread::onStart(): 0x19f4330!
 DEBUG root [2019-05-21 19:09:20,391] - DBInterfaceMysql::attach: successfully! addr: localhost:3306
 DEBUG root [2019-05-21 19:09:20,391] - DBThread::onStart(): 0x19f3f78!
 DEBUG root [2019-05-21 19:09:20,458] - DBInterfaceMysql::attach: successfully! addr: localhost:3306
 DEBUG root [2019-05-21 19:09:20,458] - DBThread::onStart(): 0x19f3780!
  INFO root [2019-05-21 19:09:20,517] - DBInterfaceMysql::query: successfully!
 DEBUG root [2019-05-21 19:09:20,598] - DBInterfaceMysql::attach: successfully! addr: localhost:3306
 DEBUG root [2019-05-21 19:09:20,598] - DBThread::onStart(): 0x19f4110!
 DEBUG root [2019-05-21 19:09:20,658] - DBInterfaceMysql::attach: successfully! addr: localhost:3306
 DEBUG root [2019-05-21 19:09:20,658] - DBThread::onStart(): 0x19f3890!
  INFO root [2019-05-21 19:09:20,698] - DBInterfaceMysql::query: successfully!
  INFO root [2019-05-21 19:09:20,708] - DBInterfaceMysql::query: successfully!
  INFO root [2019-05-21 19:09:20,708] - DBInterfaceMysql::query: successfully!
  WARN root [2019-05-21 19:09:20,718] - DBTask::process(): took 0.20 seconds
sql:(CREATE TABLE IF NOT EXISTS kbe_accountinfos (`accountName` varchar(128) not null, PRIMARY KEY idKey (`accountName`),`password` varchar(255) not null,`bindata` blob,`email` varchar(191) not null, UNIQUE KEY `email` (`email`),`entityDBID` bigint(20) unsigned not null DEFAULT 0, UNIQUE KEY `entityDBID` (`entityDBID`),`flags` int unsigned not null DEFAULT 0,`deadline` bigint(20) not null DEFAULT 0,`regtime` bigint(20) not null DEFAULT 0,`lasttime` bigint(20) not null DEFAULT 0,`numlogin` int unsigned not null DEFAULT 0)ENGINE=InnoDB)
  INFO root [2019-05-21 19:09:20,718] - DBInterfaceMysql::query: successfully!
  INFO root [2019-05-21 19:09:20,791] - DBInterfaceMysql::query: successfully!
  INFO root [2019-05-21 19:09:20,791] - DBInterfaceMysql::query: successfully!
  INFO root [2019-05-21 19:09:20,791] - DBInterfaceMysql::query: successfully!
  WARN root [2019-05-21 19:09:20,798] - DBTask::process(): took 0.28 seconds
sql:(show index from tbl_Account)
  INFO root [2019-05-21 19:09:20,871] - DBInterfaceMysql::query: successfully!
  WARN root [2019-05-21 19:09:20,871] - DBTask::process(): took 0.36 seconds
sql:(select distinct(serverGroupID) from kbe_entitylog)
  WARN root [2019-05-21 19:09:20,898] - d:\kbengine\kbe\src\server\dbmgr\dbmgr.cpp:306: Profile scriptCall took 0.99 seconds
  INFO root [2019-05-21 19:09:21,272] - ---- dbmgr is running ----
 DEBUG root [2019-05-21 19:09:21,272] - Components::process(): Request for the process of identity...
  INFO root [2019-05-21 19:09:27,511] - ServerApp::onRegisterNewApp: uid:3960, username:error_name, componentType:interfaces, componentID:3000, globalorderID=-1, grouporderID=-1, intaddr:192.168.56.1, intport:30099, extaddr:nonsupport, extport:0,  from 127.0.0.1:30099/0/0/0.
  INFO root [2019-05-21 19:09:27,511] - Components::addComponent: reset orderLog, uid=3960!
  INFO root [2019-05-21 19:09:27,511] - Components::addComponent[interfaces], uid=3960, componentID=3000, globalorderid=1, grouporderid=1, totalcount=1
  INFO root [2019-05-21 19:09:28,518] - Components::findComponents: find logger(1)...
  INFO root [2019-05-21 19:09:28,641] - Components::findComponents: found logger, addr:192.168.56.1:53974
  INFO root [2019-05-21 19:09:28,641] - Components::addComponent: reset orderLog, uid=3960!
  INFO root [2019-05-21 19:09:28,641] - Components::addComponent[logger], uid=3960, componentID=2000, globalorderid=1, grouporderid=1, totalcount=1
  WARN root [2019-05-21 19:09:28,641] - Forwarding logs to logger[192.168.56.1:53974/0/0/0]...
 ERROR root [2019-05-21 19:14:39,970] - Components::removeComponentByChannel: logger : 2000, Abnormal exit(reason=TCPPacketReceiver::processRecv(): error=10054
)! Channel(timestamp=789759031600, lastReceivedTime=789709791079, inactivityExceptionPeriod=134886062)
  INFO root [2019-05-21 19:14:39,977] - The following logs sent to logger failed:
  WARN root [2019-05-21 19:14:39,977] - ==> [2019-05-21 19:14:39 973] TCPPacketReceiver::processPendingEvents(192.168.56.1:53974): Throwing REASON_GENERAL_NETWORK - WSAECONNRESET
 ERROR root [2019-05-21 19:14:39,977] - ==> [2019-05-21 19:14:39 974] Components::removeComponentByChannel: logger : 2000, Abnormal exit(reason=TCPPacketReceiver::processRecv(): error=10054
)! Channel(timestamp=789759031600, lastReceivedTime=789709791079, inactivityExceptionPeriod=134886062)
  INFO root [2019-05-21 19:14:41,732] - 
  INFO root [2019-05-21 19:14:41,732] - -----------------------------------------------------------------------------------------


  INFO root [2019-05-21 19:14:41,732] - Resmgr::initialize: KBE_ROOT=D:/kbengine/
  INFO root [2019-05-21 19:14:41,732] - Resmgr::initialize: KBE_RES_PATH=D:/kbengine/kbe/res/;D:/kbengine/HappyPoker_assets/;D:/kbengine/HappyPoker_assets/scripts/;D:/kbengine/HappyPoker_assets/res/
  INFO root [2019-05-21 19:14:41,732] - Resmgr::initialize: KBE_BIN_PATH=D:/kbengine/kbe/bin/server/
  INFO root [2019-05-21 19:14:41,742] - NetworkInterface::initialize(INTERNAL-TCP): bound to all interfaces with default route interface on 192.168.56.1 ( 192.168.56.1:54099 )
  INFO root [2019-05-21 19:14:41,742] - NetworkInterface::initialize(INTERNAL-TCP): address 192.168.56.1:54099, SOMAXCONN=5.
  INFO root [2019-05-21 19:14:41,742] - server-configs:
  INFO root [2019-05-21 19:14:41,742] - 	internalTcpAddr : 192.168.56.1:54099
  INFO root [2019-05-21 19:14:41,742] - 	componentID : 4000
  WARN root [2019-05-21 19:14:41,742] - invalid UID(0) <= 0, please check UID for environment! automatically set to 3960.
  INFO root [2019-05-21 19:14:43,251] - ---- dbmgr Version: 2.4.5. ScriptVersion: 0.1.0. Pythoncore: 3.7.3. Protocol: 11178A1C367680938C8E416B64844ACD. Config: Debug X86. Built: 09:55:16 May  8 2019. AppID: 4000. UID: 3960. PID: 2132 ----
  INFO root [2019-05-21 19:14:43,251] - Server error_name: Intel(R) Core(TM) i5-6300HQ CPU @ 2.30GHz with 2097151kB RAM
  INFO root [2019-05-21 19:14:43,251] - ThreadPool::createThreadPool: creating  threadpool...
  INFO root [2019-05-21 19:14:43,251] - ThreadPool::createThreadPool: successfully(2), newThreadCount=1, normalMaxThreadCount=2, maxThreadCount=8
  INFO root [2019-05-21 19:14:43,457] - Script::install(): is successfully, Python=(3.7.3 (default, May  8 2019, 09:53:38) [MSC v.1916 32 bit (Intel)])!
  INFO root [2019-05-21 19:14:43,457] - Script::install(): KBExtra is successfully!
  INFO root [2019-05-21 19:14:43,581] - Dbmgr::initializeEnd: digest(2C74E778B8FA1A5BE3F8033147922F39)
S_INFO root [2019-05-21 19:14:43,581] - onDBMgrReady: bootstrapGroupIndex=0, bootstrapGlobalIndex=0
  INFO root [2019-05-21 19:14:43,581] - TelnetServer server is running on port 32000
  INFO root [2019-05-21 19:14:43,581] - Dbmgr::initInterfacesHandler: interfaces addr(127.0.0.1:30099), accountType:(interfaces), chargeType:(interfaces).
  WARN root [2019-05-21 19:14:43,792] - DBUtil::initialize: db(default) password is not encrypted!
please use password(rsa):
C75288296B6AF7D4EADA2FEBB5BA01B97CB40871E8EDF9C445FDF74B021FD89174B526FCC4D8036F7DA495E323AF0BCB876BB8E63A64127CAA10A0362CF7196D6F9510014A6818FF519F786B72915B809CB2F29758984F5F5D402CD63EC6F34CFC5BC12F6631C56B3656F8AEB71A75756E5368E95E49B8DD64136078913B8AA8
 DEBUG root [2019-05-21 19:14:43,800] - DBInterfaceMysql::attach: connect: localhost:3306 starting...
 DEBUG root [2019-05-21 19:14:43,957] - DBInterfaceMysql::attach: successfully! addr: localhost:3306
  INFO root [2019-05-21 19:14:43,957] - DBUtil::createInterface[0x175f194]: interface=default, dbtype=mysql, ip=localhost, port=3306, currdatabase=kbe, username=kbe, connected=yes.

  INFO root [2019-05-21 19:14:43,957] - ThreadPool::createThreadPool: creating  threadpool...
  INFO root [2019-05-21 19:14:43,957] - ThreadPool::createThreadPool: successfully(5), newThreadCount=5, normalMaxThreadCount=5, maxThreadCount=5
 DEBUG root [2019-05-21 19:14:43,957] - DBInterfaceMysql::attach: connect: localhost:3306 starting...
 DEBUG root [2019-05-21 19:14:43,957] - DBInterfaceMysql::attach: connect: localhost:3306 starting...
 DEBUG root [2019-05-21 19:14:43,957] - DBInterfaceMysql::attach: connect: localhost:3306 starting...
 DEBUG root [2019-05-21 19:14:43,957] - DBInterfaceMysql::attach: connect: localhost:3306 starting...
 DEBUG root [2019-05-21 19:14:43,976] - DBInterfaceMysql::attach: connect: localhost:3306 starting...
 DEBUG root [2019-05-21 19:14:44,047] - DBInterfaceMysql::attach: successfully! addr: localhost:3306
 DEBUG root [2019-05-21 19:14:44,047] - DBThread::onStart(): 0x1a95408!
 DEBUG root [2019-05-21 19:14:44,101] - DBInterfaceMysql::attach: successfully! addr: localhost:3306
 DEBUG root [2019-05-21 19:14:44,101] - DBThread::onStart(): 0x1a95628!
 DEBUG root [2019-05-21 19:14:44,176] - DBInterfaceMysql::attach: successfully! addr: localhost:3306
 DEBUG root [2019-05-21 19:14:44,176] - DBThread::onStart(): 0x1a95380!
  INFO root [2019-05-21 19:14:44,176] - DBInterfaceMysql::query: successfully!
 DEBUG root [2019-05-21 19:14:44,227] - DBInterfaceMysql::attach: successfully! addr: localhost:3306
 DEBUG root [2019-05-21 19:14:44,227] - DBThread::onStart(): 0x1a95d10!
 DEBUG root [2019-05-21 19:14:44,281] - DBInterfaceMysql::attach: successfully! addr: localhost:3306
 DEBUG root [2019-05-21 19:14:44,281] - DBThread::onStart(): 0x1a94fc8!
  INFO root [2019-05-21 19:14:44,327] - DBInterfaceMysql::query: successfully!
  INFO root [2019-05-21 19:14:44,341] - DBInterfaceMysql::query: successfully!
  INFO root [2019-05-21 19:14:44,341] - DBInterfaceMysql::query: successfully!
  INFO root [2019-05-21 19:14:44,341] - DBInterfaceMysql::query: successfully!
  INFO root [2019-05-21 19:14:44,341] - DBInterfaceMysql::query: successfully!
  INFO root [2019-05-21 19:14:44,341] - DBInterfaceMysql::query: successfully!
  INFO root [2019-05-21 19:14:44,341] - DBInterfaceMysql::query: successfully!
  INFO root [2019-05-21 19:14:44,501] - DBInterfaceMysql::query: successfully!
  WARN root [2019-05-21 19:14:44,501] - DBTask::process(): took 0.32 seconds
sql:(insert into kbe_serverlog (heartbeatTime, serverGroupID) values(1558437284,3960) ON DUPLICATE KEY UPDATE heartbeatTime=1558437284)
  WARN root [2019-05-21 19:14:44,501] - DBTask::process(): took 0.32 seconds
sql:(select distinct(serverGroupID) from kbe_entitylog)
  WARN root [2019-05-21 19:14:44,527] - d:\kbengine\kbe\src\server\dbmgr\dbmgr.cpp:306: Profile scriptCall took 0.95 seconds
  INFO root [2019-05-21 19:14:44,901] - ---- dbmgr is running ----
 DEBUG root [2019-05-21 19:14:44,901] - Components::process(): Request for the process of identity...
  INFO root [2019-05-21 19:14:51,147] - ServerApp::onRegisterNewApp: uid:3960, username:error_name, componentType:interfaces, componentID:3000, globalorderID=-1, grouporderID=-1, intaddr:192.168.56.1, intport:30099, extaddr:nonsupport, extport:0,  from 127.0.0.1:30099/0/0/0.
  INFO root [2019-05-21 19:14:51,147] - Components::addComponent: reset orderLog, uid=3960!
  INFO root [2019-05-21 19:14:51,147] - Components::addComponent[interfaces], uid=3960, componentID=3000, globalorderid=1, grouporderid=1, totalcount=1
  INFO root [2019-05-21 19:14:52,157] - Components::findComponents: find logger(1)...
  INFO root [2019-05-21 19:14:52,178] - Components::findComponents: found logger, addr:192.168.56.1:54107
  INFO root [2019-05-21 19:14:52,178] - Components::addComponent: reset orderLog, uid=3960!
  INFO root [2019-05-21 19:14:52,178] - Components::addComponent[logger], uid=3960, componentID=2000, globalorderid=1, grouporderid=1, totalcount=1
  INFO root [2019-05-21 19:14:52,217] - Components::process(): Found all the components!
  WARN root [2019-05-21 19:14:52,238] - Forwarding logs to logger[192.168.56.1:54107/0/0/0]...
 ERROR root [2019-05-21 19:15:56,317] - Components::removeComponentByChannel: logger : 2000, Abnormal exit(reason=TCPPacketReceiver::processRecv(): error=10054
)! Channel(timestamp=789930825987, lastReceivedTime=789898322211, inactivityExceptionPeriod=134867054)
  INFO root [2019-05-21 19:15:56,327] - The following logs sent to logger failed:
  WARN root [2019-05-21 19:15:56,327] - ==> [2019-05-21 19:15:56 327] TCPPacketReceiver::processPendingEvents(192.168.56.1:54107): Throwing REASON_GENERAL_NETWORK - WSAECONNRESET
 ERROR root [2019-05-21 19:15:56,327] - ==> [2019-05-21 19:15:56 327] Components::removeComponentByChannel: logger : 2000, Abnormal exit(reason=TCPPacketReceiver::processRecv(): error=10054
)! Channel(timestamp=789930825987, lastReceivedTime=789898322211, inactivityExceptionPeriod=134867054)
  INFO root [2019-05-21 19:17:32,387] - 
  INFO root [2019-05-21 19:17:32,387] - -----------------------------------------------------------------------------------------


  INFO root [2019-05-21 19:17:32,387] - Resmgr::initialize: KBE_ROOT=D:/kbengine/
  INFO root [2019-05-21 19:17:32,387] - Resmgr::initialize: KBE_RES_PATH=D:/kbengine/kbe/res/;D:/kbengine/HappyPoker_assets/;D:/kbengine/HappyPoker_assets/scripts/;D:/kbengine/HappyPoker_assets/res/
  INFO root [2019-05-21 19:17:32,387] - Resmgr::initialize: KBE_BIN_PATH=D:/kbengine/kbe/bin/server/
  INFO root [2019-05-21 19:17:32,400] - NetworkInterface::initialize(INTERNAL-TCP): bound to all interfaces with default route interface on 192.168.56.1 ( 192.168.56.1:54179 )
  INFO root [2019-05-21 19:17:32,400] - NetworkInterface::initialize(INTERNAL-TCP): address 192.168.56.1:54179, SOMAXCONN=5.
  INFO root [2019-05-21 19:17:32,400] - server-configs:
  INFO root [2019-05-21 19:17:32,400] - 	internalTcpAddr : 192.168.56.1:54179
  INFO root [2019-05-21 19:17:32,400] - 	componentID : 4000
  WARN root [2019-05-21 19:17:32,407] - invalid UID(0) <= 0, please check UID for environment! automatically set to 3960.
  INFO root [2019-05-21 19:17:33,917] - ---- dbmgr Version: 2.4.5. ScriptVersion: 0.1.0. Pythoncore: 3.7.3. Protocol: 11178A1C367680938C8E416B64844ACD. Config: Debug X86. Built: 09:55:16 May  8 2019. AppID: 4000. UID: 3960. PID: 13016 ----
  INFO root [2019-05-21 19:17:33,917] - Server error_name: Intel(R) Core(TM) i5-6300HQ CPU @ 2.30GHz with 2097151kB RAM
  INFO root [2019-05-21 19:17:33,917] - ThreadPool::createThreadPool: creating  threadpool...
  INFO root [2019-05-21 19:17:33,917] - ThreadPool::createThreadPool: successfully(2), newThreadCount=1, normalMaxThreadCount=2, maxThreadCount=8
  INFO root [2019-05-21 19:17:34,127] - Script::install(): is successfully, Python=(3.7.3 (default, May  8 2019, 09:53:38) [MSC v.1916 32 bit (Intel)])!
  INFO root [2019-05-21 19:17:34,127] - Script::install(): KBExtra is successfully!
  INFO root [2019-05-21 19:17:34,258] - Dbmgr::initializeEnd: digest(2C74E778B8FA1A5BE3F8033147922F39)
S_INFO root [2019-05-21 19:17:34,258] - onDBMgrReady: bootstrapGroupIndex=0, bootstrapGlobalIndex=0
  INFO root [2019-05-21 19:17:34,258] - TelnetServer server is running on port 32000
  INFO root [2019-05-21 19:17:34,261] - Dbmgr::initInterfacesHandler: interfaces addr(127.0.0.1:30099), accountType:(interfaces), chargeType:(interfaces).
  WARN root [2019-05-21 19:17:34,512] - DBUtil::initialize: db(default) password is not encrypted!
please use password(rsa):
09772AFCE82BF2A36DE07AA67D468072F7526A5587DCADE790CA816AA367E66D5F2197A9481E5AC49B37381EE92365D3403E8DB4D70DECF995CF6B98BF4A7277F5B27330AF6E67F719FE8878943B07D89D66FC613BAA843EFD42599BCA7729B193746E50F258CA887DFF6E956AB21B0CDDCA5261A4CCBB4E4620613F1C373EC4
 DEBUG root [2019-05-21 19:17:34,512] - DBInterfaceMysql::attach: connect: localhost:3306 starting...
 DEBUG root [2019-05-21 19:17:34,748] - DBInterfaceMysql::attach: successfully! addr: localhost:3306
  INFO root [2019-05-21 19:17:34,748] - DBUtil::createInterface[0x175efe4]: interface=default, dbtype=mysql, ip=localhost, port=3306, currdatabase=kbe, username=kbe, connected=yes.

  INFO root [2019-05-21 19:17:34,750] - ThreadPool::createThreadPool: creating  threadpool...
  INFO root [2019-05-21 19:17:34,750] - ThreadPool::createThreadPool: successfully(5), newThreadCount=5, normalMaxThreadCount=5, maxThreadCount=5
 DEBUG root [2019-05-21 19:17:34,750] - DBInterfaceMysql::attach: connect: localhost:3306 starting...
 DEBUG root [2019-05-21 19:17:34,750] - DBInterfaceMysql::attach: connect: localhost:3306 starting...
 DEBUG root [2019-05-21 19:17:34,750] - DBInterfaceMysql::attach: connect: localhost:3306 starting...
 DEBUG root [2019-05-21 19:17:34,762] - DBInterfaceMysql::attach: connect: localhost:3306 starting...
 DEBUG root [2019-05-21 19:17:34,762] - DBInterfaceMysql::attach: connect: localhost:3306 starting...
 DEBUG root [2019-05-21 19:17:34,942] - DBInterfaceMysql::attach: successfully! addr: localhost:3306
 DEBUG root [2019-05-21 19:17:34,942] - DBThread::onStart(): 0x1a85020!
 DEBUG root [2019-05-21 19:17:34,977] - DBInterfaceMysql::attach: successfully! addr: localhost:3306
 DEBUG root [2019-05-21 19:17:34,977] - DBThread::onStart(): 0x1a84470!
  INFO root [2019-05-21 19:17:34,979] - DBInterfaceMysql::query: successfully!
 DEBUG root [2019-05-21 19:17:35,050] - DBInterfaceMysql::attach: successfully! addr: localhost:3306
 DEBUG root [2019-05-21 19:17:35,050] - DBThread::onStart(): 0x1a842d8!
 DEBUG root [2019-05-21 19:17:35,100] - DBInterfaceMysql::attach: successfully! addr: localhost:3306
 DEBUG root [2019-05-21 19:17:35,100] - DBThread::onStart(): 0x1a850a8!
  INFO root [2019-05-21 19:17:35,140] - DBInterfaceMysql::query: successfully!
  INFO root [2019-05-21 19:17:35,161] - DBInterfaceMysql::query: successfully!
  INFO root [2019-05-21 19:17:35,161] - DBInterfaceMysql::query: successfully!
 DEBUG root [2019-05-21 19:17:35,217] - DBInterfaceMysql::attach: successfully! addr: localhost:3306
 DEBUG root [2019-05-21 19:17:35,217] - DBThread::onStart(): 0x1a84608!
  INFO root [2019-05-21 19:17:35,241] - DBInterfaceMysql::query: successfully!
  WARN root [2019-05-21 19:17:35,241] - DBTask::process(): took 0.27 seconds
sql:(select distinct(serverGroupID) from kbe_entitylog)
  WARN root [2019-05-21 19:17:35,301] - DBTask::process(): took 0.20 seconds
sql:(show index from tbl_Account)
  INFO root [2019-05-21 19:17:35,317] - DBInterfaceMysql::query: successfully!
  INFO root [2019-05-21 19:17:35,317] - DBInterfaceMysql::query: successfully!
  INFO root [2019-05-21 19:17:35,317] - DBInterfaceMysql::query: successfully!
  INFO root [2019-05-21 19:17:35,317] - DBInterfaceMysql::query: successfully!
  WARN root [2019-05-21 19:17:35,348] - d:\kbengine\kbe\src\server\dbmgr\dbmgr.cpp:306: Profile scriptCall took 1.09 seconds
  INFO root [2019-05-21 19:17:35,821] - ---- dbmgr is running ----
 DEBUG root [2019-05-21 19:17:35,821] - Components::process(): Request for the process of identity...
  INFO root [2019-05-21 19:17:42,077] - ServerApp::onRegisterNewApp: uid:3960, username:error_name, componentType:interfaces, componentID:3000, globalorderID=-1, grouporderID=-1, intaddr:192.168.56.1, intport:30099, extaddr:nonsupport, extport:0,  from 127.0.0.1:30099/0/0/0.
  INFO root [2019-05-21 19:17:42,077] - Components::addComponent: reset orderLog, uid=3960!
  INFO root [2019-05-21 19:17:42,077] - Components::addComponent[interfaces], uid=3960, componentID=3000, globalorderid=1, grouporderid=1, totalcount=1
  WARN root [2019-05-21 19:17:42,077] - TCPPacketReceiver::processPendingEvents(192.168.56.1:54200): Throwing REASON_GENERAL_NETWORK - WSAECONNABORTED
  INFO root [2019-05-21 19:17:43,087] - Components::findComponents: find logger(1)...
  INFO root [2019-05-21 19:17:43,167] - Components::findComponents: found logger, addr:192.168.56.1:54186
  INFO root [2019-05-21 19:17:43,167] - Components::addComponent: reset orderLog, uid=3960!
  INFO root [2019-05-21 19:17:43,167] - Components::addComponent[logger], uid=3960, componentID=2000, globalorderid=1, grouporderid=1, totalcount=1
  WARN root [2019-05-21 19:17:43,177] - Forwarding logs to logger[192.168.56.1:54186/0/0/0]...
 ERROR root [2019-05-21 19:18:49,301] - Components::removeComponentByChannel: logger : 2000, Abnormal exit(reason=TCPPacketReceiver::processRecv(): error=10054
)! Channel(timestamp=790320023447, lastReceivedTime=790282336724, inactivityExceptionPeriod=134880243)
  INFO root [2019-05-21 19:18:49,301] - The following logs sent to logger failed:
  WARN root [2019-05-21 19:18:49,307] - ==> [2019-05-21 19:18:49 303] TCPPacketReceiver::processPendingEvents(192.168.56.1:54186): Throwing REASON_GENERAL_NETWORK - WSAECONNRESET
 ERROR root [2019-05-21 19:18:49,307] - ==> [2019-05-21 19:18:49 304] Components::removeComponentByChannel: logger : 2000, Abnormal exit(reason=TCPPacketReceiver::processRecv(): error=10054
)! Channel(timestamp=790320023447, lastReceivedTime=790282336724, inactivityExceptionPeriod=134880243)
  INFO root [2019-05-21 20:52:17,230] - 
  INFO root [2019-05-21 20:52:17,233] - -----------------------------------------------------------------------------------------


  INFO root [2019-05-21 20:52:17,233] - Resmgr::initialize: KBE_ROOT=D:/kbengine/
  INFO root [2019-05-21 20:52:17,233] - Resmgr::initialize: KBE_RES_PATH=D:/kbengine/kbe/res/;D:/kbengine/HappyPoker_assets/;D:/kbengine/HappyPoker_assets/scripts/;D:/kbengine/HappyPoker_assets/res/
  INFO root [2019-05-21 20:52:17,233] - Resmgr::initialize: KBE_BIN_PATH=D:/kbengine/kbe/bin/server/
  INFO root [2019-05-21 20:52:17,270] - NetworkInterface::initialize(INTERNAL-TCP): bound to all interfaces with default route interface on 192.168.56.1 ( 192.168.56.1:54851 )
  INFO root [2019-05-21 20:52:17,270] - NetworkInterface::initialize(INTERNAL-TCP): address 192.168.56.1:54851, SOMAXCONN=5.
  INFO root [2019-05-21 20:52:17,270] - server-configs:
  INFO root [2019-05-21 20:52:17,270] - 	internalTcpAddr : 192.168.56.1:54851
  INFO root [2019-05-21 20:52:17,270] - 	componentID : 4000
  WARN root [2019-05-21 20:52:17,274] - invalid UID(0) <= 0, please check UID for environment! automatically set to 3960.
  WARN root [2019-05-21 20:52:17,900] - BundleBroadcast::BundleBroadcast: Cannot bind to port 20549, errorno=10048
  INFO root [2019-05-21 20:52:17,900] - ---- dbmgr Version: 2.4.5. ScriptVersion: 0.1.0. Pythoncore: 3.7.3. Protocol: 11178A1C367680938C8E416B64844ACD. Config: Debug X86. Built: 09:55:16 May  8 2019. AppID: 4000. UID: 3960. PID: 4244 ----
  INFO root [2019-05-21 20:52:17,900] - Server error_name: Intel(R) Core(TM) i5-6300HQ CPU @ 2.30GHz with 2097151kB RAM
  INFO root [2019-05-21 20:52:17,900] - ThreadPool::createThreadPool: creating  threadpool...
  INFO root [2019-05-21 20:52:17,900] - ThreadPool::createThreadPool: successfully(2), newThreadCount=1, normalMaxThreadCount=2, maxThreadCount=8
  INFO root [2019-05-21 20:52:18,121] - Script::install(): is successfully, Python=(3.7.3 (default, May  8 2019, 09:53:38) [MSC v.1916 32 bit (Intel)])!
  INFO root [2019-05-21 20:52:18,121] - Script::install(): KBExtra is successfully!
  INFO root [2019-05-21 20:52:18,249] - Dbmgr::initializeEnd: digest(2C74E778B8FA1A5BE3F8033147922F39)
S_INFO root [2019-05-21 20:52:18,249] - onDBMgrReady: bootstrapGroupIndex=0, bootstrapGlobalIndex=0
  INFO root [2019-05-21 20:52:18,249] - TelnetServer server is running on port 32000
  INFO root [2019-05-21 20:52:18,249] - Dbmgr::initInterfacesHandler: interfaces addr(127.0.0.1:30099), accountType:(interfaces), chargeType:(interfaces).
  WARN root [2019-05-21 20:52:18,459] - DBUtil::initialize: db(default) password is not encrypted!
please use password(rsa):
9E4DBADA7C1D8C8C3A7C1581FF9EC8D08C593F64DE9086E8972DFC9D2E7082AEF16DEC330C1F1D433E08226F59C4FB6606CD26092206B53982E4F9DFD0492F09B62C0D2E334B48AEE2B3B1F00B5B33B566FA319F4A8013F8E52F4315DD254A25F3A891401C106C152659D9DD2A44E20C2A6523B860F81854C224983B72EA2AEF
 DEBUG root [2019-05-21 20:52:18,459] - DBInterfaceMysql::attach: connect: localhost:3306 starting...
 DEBUG root [2019-05-21 20:52:18,670] - DBInterfaceMysql::attach: successfully! addr: localhost:3306
  INFO root [2019-05-21 20:52:18,670] - DBUtil::createInterface[0x175f2f0]: interface=default, dbtype=mysql, ip=localhost, port=3306, currdatabase=kbe, username=kbe, connected=yes.

  INFO root [2019-05-21 20:52:18,670] - ThreadPool::createThreadPool: creating  threadpool...
  INFO root [2019-05-21 20:52:18,670] - ThreadPool::createThreadPool: successfully(5), newThreadCount=5, normalMaxThreadCount=5, maxThreadCount=5
 DEBUG root [2019-05-21 20:52:18,670] - DBInterfaceMysql::attach: connect: localhost:3306 starting...
 DEBUG root [2019-05-21 20:52:18,670] - DBInterfaceMysql::attach: connect: localhost:3306 starting...
 DEBUG root [2019-05-21 20:52:18,670] - DBInterfaceMysql::attach: connect: localhost:3306 starting...
 DEBUG root [2019-05-21 20:52:18,683] - DBInterfaceMysql::attach: connect: localhost:3306 starting...
 DEBUG root [2019-05-21 20:52:18,683] - DBInterfaceMysql::attach: connect: localhost:3306 starting...
 DEBUG root [2019-05-21 20:52:18,799] - DBInterfaceMysql::attach: successfully! addr: localhost:3306
 DEBUG root [2019-05-21 20:52:18,799] - DBThread::onStart(): 0x1967060!
 DEBUG root [2019-05-21 20:52:18,847] - DBInterfaceMysql::attach: successfully! addr: localhost:3306
 DEBUG root [2019-05-21 20:52:18,847] - DBThread::onStart(): 0x19668f0!
 DEBUG root [2019-05-21 20:52:18,901] - DBInterfaceMysql::attach: successfully! addr: localhost:3306
 DEBUG root [2019-05-21 20:52:18,901] - DBThread::onStart(): 0x19671f8!
 DEBUG root [2019-05-21 20:52:18,954] - DBInterfaceMysql::attach: successfully! addr: localhost:3306
 DEBUG root [2019-05-21 20:52:18,954] - DBThread::onStart(): 0x1966b10!
  INFO root [2019-05-21 20:52:18,960] - DBInterfaceMysql::query: successfully!
 DEBUG root [2019-05-21 20:52:19,004] - DBInterfaceMysql::attach: successfully! addr: localhost:3306
 DEBUG root [2019-05-21 20:52:19,004] - DBThread::onStart(): 0x1966fd8!
  INFO root [2019-05-21 20:52:19,064] - DBInterfaceMysql::query: successfully!
  INFO root [2019-05-21 20:52:19,064] - DBInterfaceMysql::query: successfully!
  INFO root [2019-05-21 20:52:19,064] - DBInterfaceMysql::query: successfully!
  INFO root [2019-05-21 20:52:19,064] - DBInterfaceMysql::query: successfully!
  INFO root [2019-05-21 20:52:19,080] - DBInterfaceMysql::query: successfully!
  INFO root [2019-05-21 20:52:19,080] - DBInterfaceMysql::query: successfully!
  INFO root [2019-05-21 20:52:19,080] - DBInterfaceMysql::query: successfully!
  INFO root [2019-05-21 20:52:19,214] - DBInterfaceMysql::query: successfully!
  WARN root [2019-05-21 20:52:19,214] - DBTask::process(): took 0.25 seconds
sql:(select distinct(serverGroupID) from kbe_entitylog)
  WARN root [2019-05-21 20:52:19,280] - d:\kbengine\kbe\src\server\dbmgr\dbmgr.cpp:306: Profile scriptCall took 1.03 seconds
  INFO root [2019-05-21 20:52:19,731] - ---- dbmgr is running ----
 DEBUG root [2019-05-21 20:52:19,731] - Components::process(): Request for the process of identity...
  INFO root [2019-05-21 20:52:26,009] - ServerApp::onRegisterNewApp: uid:3960, username:error_name, componentType:interfaces, componentID:3000, globalorderID=-1, grouporderID=-1, intaddr:192.168.56.1, intport:30099, extaddr:nonsupport, extport:0,  from 127.0.0.1:30099/0/0/0.
  INFO root [2019-05-21 20:52:26,020] - Components::addComponent: reset orderLog, uid=3960!
  INFO root [2019-05-21 20:52:26,020] - Components::addComponent[interfaces], uid=3960, componentID=3000, globalorderid=1, grouporderid=1, totalcount=1
  INFO root [2019-05-21 20:52:27,029] - Components::findComponents: find logger(1)...
  INFO root [2019-05-21 20:52:27,071] - Components::findComponents: found logger, addr:192.168.56.1:54852
  INFO root [2019-05-21 20:52:27,071] - Components::addComponent: reset orderLog, uid=3960!
  INFO root [2019-05-21 20:52:27,071] - Components::addComponent[logger], uid=3960, componentID=2000, globalorderid=1, grouporderid=1, totalcount=1
  WARN root [2019-05-21 20:52:27,071] - Forwarding logs to logger[192.168.56.1:54852/0/0/0]...
 ERROR root [2019-05-21 20:57:19,799] - Components::removeComponentByChannel: logger : 2000, Abnormal exit(reason=TCPPacketReceiver::processRecv(): error=10054
)! Channel(timestamp=803618668752, lastReceivedTime=803612990032, inactivityExceptionPeriod=134831867)
  INFO root [2019-05-21 20:57:19,799] - The following logs sent to logger failed:
  WARN root [2019-05-21 20:57:19,799] - ==> [2019-05-21 20:57:19 804] TCPPacketReceiver::processPendingEvents(192.168.56.1:54852): Throwing REASON_GENERAL_NETWORK - WSAECONNRESET
 ERROR root [2019-05-21 20:57:19,799] - ==> [2019-05-21 20:57:19 805] Components::removeComponentByChannel: logger : 2000, Abnormal exit(reason=TCPPacketReceiver::processRecv(): error=10054
)! Channel(timestamp=803618668752, lastReceivedTime=803612990032, inactivityExceptionPeriod=134831867)
  INFO root [2019-05-21 20:57:21,803] - 
  INFO root [2019-05-21 20:57:21,809] - -----------------------------------------------------------------------------------------


  INFO root [2019-05-21 20:57:21,813] - Resmgr::initialize: KBE_ROOT=D:/kbengine/
  INFO root [2019-05-21 20:57:21,813] - Resmgr::initialize: KBE_RES_PATH=D:/kbengine/kbe/res/;D:/kbengine/HappyPoker_assets/;D:/kbengine/HappyPoker_assets/scripts/;D:/kbengine/HappyPoker_assets/res/
  INFO root [2019-05-21 20:57:21,813] - Resmgr::initialize: KBE_BIN_PATH=D:/kbengine/kbe/bin/server/
  INFO root [2019-05-21 20:57:21,839] - NetworkInterface::initialize(INTERNAL-TCP): bound to all interfaces with default route interface on 192.168.56.1 ( 192.168.56.1:54938 )
  INFO root [2019-05-21 20:57:21,839] - NetworkInterface::initialize(INTERNAL-TCP): address 192.168.56.1:54938, SOMAXCONN=5.
  INFO root [2019-05-21 20:57:21,839] - server-configs:
  INFO root [2019-05-21 20:57:21,839] - 	internalTcpAddr : 192.168.56.1:54938
  INFO root [2019-05-21 20:57:21,839] - 	componentID : 4000
  WARN root [2019-05-21 20:57:21,839] - invalid UID(0) <= 0, please check UID for environment! automatically set to 3960.
  WARN root [2019-05-21 20:57:22,498] - BundleBroadcast::BundleBroadcast: Cannot bind to port 20083, errorno=10048
  INFO root [2019-05-21 20:57:22,503] - ---- dbmgr Version: 2.4.5. ScriptVersion: 0.1.0. Pythoncore: 3.7.3. Protocol: 11178A1C367680938C8E416B64844ACD. Config: Debug X86. Built: 09:55:16 May  8 2019. AppID: 4000. UID: 3960. PID: 16364 ----
  INFO root [2019-05-21 20:57:22,503] - Server error_name: Intel(R) Core(TM) i5-6300HQ CPU @ 2.30GHz with 2097151kB RAM
  INFO root [2019-05-21 20:57:22,503] - ThreadPool::createThreadPool: creating  threadpool...
  INFO root [2019-05-21 20:57:22,503] - ThreadPool::createThreadPool: successfully(2), newThreadCount=1, normalMaxThreadCount=2, maxThreadCount=8
  INFO root [2019-05-21 20:57:22,719] - Script::install(): is successfully, Python=(3.7.3 (default, May  8 2019, 09:53:38) [MSC v.1916 32 bit (Intel)])!
  INFO root [2019-05-21 20:57:22,719] - Script::install(): KBExtra is successfully!
  INFO root [2019-05-21 20:57:22,833] - Dbmgr::initializeEnd: digest(2C74E778B8FA1A5BE3F8033147922F39)
S_INFO root [2019-05-21 20:57:22,833] - onDBMgrReady: bootstrapGroupIndex=0, bootstrapGlobalIndex=0
  INFO root [2019-05-21 20:57:22,833] - TelnetServer server is running on port 32000
  INFO root [2019-05-21 20:57:22,833] - Dbmgr::initInterfacesHandler: interfaces addr(127.0.0.1:30099), accountType:(interfaces), chargeType:(interfaces).
  WARN root [2019-05-21 20:57:23,049] - DBUtil::initialize: db(default) password is not encrypted!
please use password(rsa):
ADE77E9A4996F427536AB81230DC49096AC5FBC9D07CD7E5C37228FA6F0DD719DD35906A3DCDAB1167BBDFE0C824F2C4073C807A41D1B919FE8566B2DE1A3B988046EBD002483DC97C0CC135B5C7B664696704652E3684A59A924CCA138297E3CAD46B14FE9BBB01249E7F6B1B15579EFB95BB2E98B3DFB7601A33F6D0F50532
 DEBUG root [2019-05-21 20:57:23,049] - DBInterfaceMysql::attach: connect: localhost:3306 starting...
 DEBUG root [2019-05-21 20:57:23,239] - DBInterfaceMysql::attach: successfully! addr: localhost:3306
  INFO root [2019-05-21 20:57:23,239] - DBUtil::createInterface[0x175f308]: interface=default, dbtype=mysql, ip=localhost, port=3306, currdatabase=kbe, username=kbe, connected=yes.

  INFO root [2019-05-21 20:57:23,239] - ThreadPool::createThreadPool: creating  threadpool...
  INFO root [2019-05-21 20:57:23,239] - ThreadPool::createThreadPool: successfully(5), newThreadCount=5, normalMaxThreadCount=5, maxThreadCount=5
 DEBUG root [2019-05-21 20:57:23,239] - DBInterfaceMysql::attach: connect: localhost:3306 starting...
 DEBUG root [2019-05-21 20:57:23,239] - DBInterfaceMysql::attach: connect: localhost:3306 starting...
 DEBUG root [2019-05-21 20:57:23,239] - DBInterfaceMysql::attach: connect: localhost:3306 starting...
 DEBUG root [2019-05-21 20:57:23,239] - DBInterfaceMysql::attach: connect: localhost:3306 starting...
 DEBUG root [2019-05-21 20:57:23,239] - DBInterfaceMysql::attach: connect: localhost:3306 starting...
 DEBUG root [2019-05-21 20:57:23,339] - DBInterfaceMysql::attach: successfully! addr: localhost:3306
 DEBUG root [2019-05-21 20:57:23,339] - DBThread::onStart(): 0x1b54910!
 DEBUG root [2019-05-21 20:57:23,398] - DBInterfaceMysql::attach: successfully! addr: localhost:3306
 DEBUG root [2019-05-21 20:57:23,398] - DBThread::onStart(): 0x1b54998!
 DEBUG root [2019-05-21 20:57:23,449] - DBInterfaceMysql::attach: successfully! addr: localhost:3306
 DEBUG root [2019-05-21 20:57:23,449] - DBThread::onStart(): 0x1b53e70!
  INFO root [2019-05-21 20:57:23,529] - DBInterfaceMysql::query: successfully!
 DEBUG root [2019-05-21 20:57:23,599] - DBInterfaceMysql::attach: successfully! addr: localhost:3306
 DEBUG root [2019-05-21 20:57:23,599] - DBThread::onStart(): 0x1b54228!
 DEBUG root [2019-05-21 20:57:23,673] - DBInterfaceMysql::attach: successfully! addr: localhost:3306
 DEBUG root [2019-05-21 20:57:23,673] - DBThread::onStart(): 0x1b54b30!
  INFO root [2019-05-21 20:57:23,714] - DBInterfaceMysql::query: successfully!
  INFO root [2019-05-21 20:57:23,714] - DBInterfaceMysql::query: successfully!
  INFO root [2019-05-21 20:57:23,731] - DBInterfaceMysql::query: successfully!
  INFO root [2019-05-21 20:57:23,731] - DBInterfaceMysql::query: successfully!
  INFO root [2019-05-21 20:57:23,774] - DBInterfaceMysql::query: successfully!
  INFO root [2019-05-21 20:57:23,774] - DBInterfaceMysql::query: successfully!
  INFO root [2019-05-21 20:57:23,774] - DBInterfaceMysql::query: successfully!
  WARN root [2019-05-21 20:57:23,774] - DBTask::process(): took 0.24 seconds
sql:(delete from kbe_email_verification where logtime<1558439843 and type=3)
  INFO root [2019-05-21 20:57:23,931] - DBInterfaceMysql::query: successfully!
  WARN root [2019-05-21 20:57:23,931] - DBTask::process(): took 0.40 seconds
sql:(select distinct(serverGroupID) from kbe_entitylog)
  WARN root [2019-05-21 20:57:24,012] - DBTask::process(): took 0.43 seconds
sql:(insert into kbe_serverlog (heartbeatTime, serverGroupID) values(1558443443,3960) ON DUPLICATE KEY UPDATE heartbeatTime=1558443443)
  WARN root [2019-05-21 20:57:24,073] - d:\kbengine\kbe\src\server\dbmgr\dbmgr.cpp:306: Profile scriptCall took 1.24 seconds
  INFO root [2019-05-21 20:57:24,522] - ---- dbmgr is running ----
 DEBUG root [2019-05-21 20:57:24,522] - Components::process(): Request for the process of identity...
  INFO root [2019-05-21 20:57:30,789] - ServerApp::onRegisterNewApp: uid:3960, username:error_name, componentType:interfaces, componentID:3000, globalorderID=-1, grouporderID=-1, intaddr:192.168.56.1, intport:30099, extaddr:nonsupport, extport:0,  from 127.0.0.1:30099/0/0/0.
  INFO root [2019-05-21 20:57:30,789] - Components::addComponent: reset orderLog, uid=3960!
  INFO root [2019-05-21 20:57:30,789] - Components::addComponent[interfaces], uid=3960, componentID=3000, globalorderid=1, grouporderid=1, totalcount=1
  WARN root [2019-05-21 20:57:30,789] - TCPPacketReceiver::processPendingEvents(192.168.56.1:54958): Throwing REASON_GENERAL_NETWORK - WSAECONNABORTED
  INFO root [2019-05-21 20:57:31,799] - Components::findComponents: find logger(1)...
  INFO root [2019-05-21 20:57:31,859] - Components::findComponents: found logger, addr:192.168.56.1:54936
  INFO root [2019-05-21 20:57:31,859] - Components::addComponent: reset orderLog, uid=3960!
  INFO root [2019-05-21 20:57:31,859] - Components::addComponent[logger], uid=3960, componentID=2000, globalorderid=1, grouporderid=1, totalcount=1
  WARN root [2019-05-21 20:57:31,869] - Forwarding logs to logger[192.168.56.1:54936/0/0/0]...
 ERROR root [2019-05-21 21:03:14,909] - Components::removeComponentByChannel: logger : 2000, Abnormal exit(reason=TCPPacketReceiver::processRecv(): error=10054
)! Channel(timestamp=804417659365, lastReceivedTime=804365694408, inactivityExceptionPeriod=134882161)
  INFO root [2019-05-21 21:03:14,913] - The following logs sent to logger failed:
  WARN root [2019-05-21 21:03:14,913] - ==> [2019-05-21 21:03:14 909] TCPPacketReceiver::processPendingEvents(192.168.56.1:54936): Throwing REASON_GENERAL_NETWORK - WSAECONNRESET
 ERROR root [2019-05-21 21:03:14,913] - ==> [2019-05-21 21:03:14 911] Components::removeComponentByChannel: logger : 2000, Abnormal exit(reason=TCPPacketReceiver::processRecv(): error=10054
)! Channel(timestamp=804417659365, lastReceivedTime=804365694408, inactivityExceptionPeriod=134882161)
  INFO root [2019-05-21 21:03:16,863] - 
  INFO root [2019-05-21 21:03:16,868] - -----------------------------------------------------------------------------------------


  INFO root [2019-05-21 21:03:16,868] - Resmgr::initialize: KBE_ROOT=D:/kbengine/
  INFO root [2019-05-21 21:03:16,868] - Resmgr::initialize: KBE_RES_PATH=D:/kbengine/kbe/res/;D:/kbengine/HappyPoker_assets/;D:/kbengine/HappyPoker_assets/scripts/;D:/kbengine/HappyPoker_assets/res/
  INFO root [2019-05-21 21:03:16,868] - Resmgr::initialize: KBE_BIN_PATH=D:/kbengine/kbe/bin/server/
  INFO root [2019-05-21 21:03:16,899] - NetworkInterface::initialize(INTERNAL-TCP): bound to all interfaces with default route interface on 192.168.56.1 ( 192.168.56.1:55023 )
  INFO root [2019-05-21 21:03:16,899] - NetworkInterface::initialize(INTERNAL-TCP): address 192.168.56.1:55023, SOMAXCONN=5.
  INFO root [2019-05-21 21:03:16,899] - server-configs:
  INFO root [2019-05-21 21:03:16,899] - 	internalTcpAddr : 192.168.56.1:55023
  INFO root [2019-05-21 21:03:16,913] - 	componentID : 4000
  WARN root [2019-05-21 21:03:16,926] - invalid UID(0) <= 0, please check UID for environment! automatically set to 3960.
  INFO root [2019-05-21 21:03:18,439] - ---- dbmgr Version: 2.4.5. ScriptVersion: 0.1.0. Pythoncore: 3.7.3. Protocol: 11178A1C367680938C8E416B64844ACD. Config: Debug X86. Built: 09:55:16 May  8 2019. AppID: 4000. UID: 3960. PID: 10912 ----
  INFO root [2019-05-21 21:03:18,439] - Server error_name: Intel(R) Core(TM) i5-6300HQ CPU @ 2.30GHz with 2097151kB RAM
  INFO root [2019-05-21 21:03:18,439] - ThreadPool::createThreadPool: creating  threadpool...
  INFO root [2019-05-21 21:03:18,439] - ThreadPool::createThreadPool: successfully(2), newThreadCount=1, normalMaxThreadCount=2, maxThreadCount=8
  INFO root [2019-05-21 21:03:18,662] - Script::install(): is successfully, Python=(3.7.3 (default, May  8 2019, 09:53:38) [MSC v.1916 32 bit (Intel)])!
  INFO root [2019-05-21 21:03:18,662] - Script::install(): KBExtra is successfully!
  INFO root [2019-05-21 21:03:18,788] - Dbmgr::initializeEnd: digest(2C74E778B8FA1A5BE3F8033147922F39)
S_INFO root [2019-05-21 21:03:18,788] - onDBMgrReady: bootstrapGroupIndex=0, bootstrapGlobalIndex=0
  INFO root [2019-05-21 21:03:18,788] - TelnetServer server is running on port 32000
  INFO root [2019-05-21 21:03:18,788] - Dbmgr::initInterfacesHandler: interfaces addr(127.0.0.1:30099), accountType:(interfaces), chargeType:(interfaces).
  WARN root [2019-05-21 21:03:19,022] - DBUtil::initialize: db(default) password is not encrypted!
please use password(rsa):
9239663C14408700A4DCE2FB6E1DE717CF1270BD177D0C7289392891A44287184D69A1A658B670D7F904A04DDF35E632374B894FE5F890B940EA466D63E66323B4831F85BA2EC889D7964913B90A8613A597712FB2178E0A505B62BCB4DA1A0869B34A853A1811A12F227F25535D0DC7D0CBC1EEC61846B9E214CB1F49A825A3
 DEBUG root [2019-05-21 21:03:19,032] - DBInterfaceMysql::attach: connect: localhost:3306 starting...
 DEBUG root [2019-05-21 21:03:19,378] - DBInterfaceMysql::attach: successfully! addr: localhost:3306
  INFO root [2019-05-21 21:03:19,378] - DBUtil::createInterface[0x175ed88]: interface=default, dbtype=mysql, ip=localhost, port=3306, currdatabase=kbe, username=kbe, connected=yes.

  INFO root [2019-05-21 21:03:19,378] - ThreadPool::createThreadPool: creating  threadpool...
  INFO root [2019-05-21 21:03:19,380] - ThreadPool::createThreadPool: successfully(5), newThreadCount=5, normalMaxThreadCount=5, maxThreadCount=5
 DEBUG root [2019-05-21 21:03:19,380] - DBInterfaceMysql::attach: connect: localhost:3306 starting...
 DEBUG root [2019-05-21 21:03:19,380] - DBInterfaceMysql::attach: connect: localhost:3306 starting...
 DEBUG root [2019-05-21 21:03:19,380] - DBInterfaceMysql::attach: connect: localhost:3306 starting...
 DEBUG root [2019-05-21 21:03:19,380] - DBInterfaceMysql::attach: connect: localhost:3306 starting...
 DEBUG root [2019-05-21 21:03:19,380] - DBInterfaceMysql::attach: connect: localhost:3306 starting...
 DEBUG root [2019-05-21 21:03:19,519] - DBInterfaceMysql::attach: successfully! addr: localhost:3306
 DEBUG root [2019-05-21 21:03:19,519] - DBThread::onStart(): 0x19a6620!
 DEBUG root [2019-05-21 21:03:19,562] - DBInterfaceMysql::attach: successfully! addr: localhost:3306
 DEBUG root [2019-05-21 21:03:19,562] - DBThread::onStart(): 0x19a6d08!
 DEBUG root [2019-05-21 21:03:19,629] - DBInterfaceMysql::attach: successfully! addr: localhost:3306
 DEBUG root [2019-05-21 21:03:19,629] - DBThread::onStart(): 0x19a6598!
 DEBUG root [2019-05-21 21:03:19,683] - DBInterfaceMysql::attach: successfully! addr: localhost:3306
 DEBUG root [2019-05-21 21:03:19,683] - DBThread::onStart(): 0x19a5e28!
  INFO root [2019-05-21 21:03:19,683] - DBInterfaceMysql::query: successfully!
 DEBUG root [2019-05-21 21:03:19,733] - DBInterfaceMysql::attach: successfully! addr: localhost:3306
 DEBUG root [2019-05-21 21:03:19,733] - DBThread::onStart(): 0x19a6bf8!
  INFO root [2019-05-21 21:03:19,799] - DBInterfaceMysql::query: successfully!
  INFO root [2019-05-21 21:03:19,799] - DBInterfaceMysql::query: successfully!
  INFO root [2019-05-21 21:03:19,799] - DBInterfaceMysql::query: successfully!
  INFO root [2019-05-21 21:03:19,799] - DBInterfaceMysql::query: successfully!
  INFO root [2019-05-21 21:03:19,799] - DBInterfaceMysql::query: successfully!
  INFO root [2019-05-21 21:03:19,799] - DBInterfaceMysql::query: successfully!
  INFO root [2019-05-21 21:03:19,799] - DBInterfaceMysql::query: successfully!
  WARN root [2019-05-21 21:03:19,912] - DBTask::process(): took 0.23 seconds
sql:(insert into kbe_serverlog (heartbeatTime, serverGroupID) values(1558443799,3960) ON DUPLICATE KEY UPDATE heartbeatTime=1558443799)
  INFO root [2019-05-21 21:03:19,942] - DBInterfaceMysql::query: successfully!
  WARN root [2019-05-21 21:03:19,942] - DBTask::process(): took 0.26 seconds
sql:(select distinct(serverGroupID) from kbe_entitylog)
  WARN root [2019-05-21 21:03:19,968] - d:\kbengine\kbe\src\server\dbmgr\dbmgr.cpp:306: Profile scriptCall took 1.18 seconds
  INFO root [2019-05-21 21:03:20,357] - ---- dbmgr is running ----
 DEBUG root [2019-05-21 21:03:20,357] - Components::process(): Request for the process of identity...
  INFO root [2019-05-21 21:03:26,583] - ServerApp::onRegisterNewApp: uid:3960, username:error_name, componentType:interfaces, componentID:3000, globalorderID=-1, grouporderID=-1, intaddr:192.168.56.1, intport:30099, extaddr:nonsupport, extport:0,  from 127.0.0.1:30099/0/0/0.
  INFO root [2019-05-21 21:03:26,583] - Components::addComponent: reset orderLog, uid=3960!
  INFO root [2019-05-21 21:03:26,583] - Components::addComponent[interfaces], uid=3960, componentID=3000, globalorderid=1, grouporderid=1, totalcount=1
  WARN root [2019-05-21 21:03:26,583] - TCPPacketReceiver::processPendingEvents(192.168.56.1:55037): Throwing REASON_GENERAL_NETWORK - WSAECONNABORTED
  INFO root [2019-05-21 21:03:27,589] - Components::findComponents: find logger(1)...
  INFO root [2019-05-21 21:03:27,632] - Components::findComponents: found logger, addr:192.168.56.1:55026
  INFO root [2019-05-21 21:03:27,632] - Components::addComponent: reset orderLog, uid=3960!
  INFO root [2019-05-21 21:03:27,632] - Components::addComponent[logger], uid=3960, componentID=2000, globalorderid=1, grouporderid=1, totalcount=1
  WARN root [2019-05-21 21:03:27,632] - Forwarding logs to logger[192.168.56.1:55026/0/0/0]...
 ERROR root [2019-05-21 21:05:36,988] - Components::removeComponentByChannel: logger : 2000, Abnormal exit(reason=TCPPacketReceiver::processRecv(): error=10054
)! Channel(timestamp=804737352841, lastReceivedTime=804692197702, inactivityExceptionPeriod=134882944)
  INFO root [2019-05-21 21:05:36,998] - The following logs sent to logger failed:
  WARN root [2019-05-21 21:05:36,998] - ==> [2019-05-21 21:05:36 996] TCPPacketReceiver::processPendingEvents(192.168.56.1:55026): Throwing REASON_GENERAL_NETWORK - WSAECONNRESET
 ERROR root [2019-05-21 21:05:36,998] - ==> [2019-05-21 21:05:36 997] Components::removeComponentByChannel: logger : 2000, Abnormal exit(reason=TCPPacketReceiver::processRecv(): error=10054
)! Channel(timestamp=804737352841, lastReceivedTime=804692197702, inactivityExceptionPeriod=134882944)
  INFO root [2019-05-21 21:05:38,943] - 
  INFO root [2019-05-21 21:05:38,943] - -----------------------------------------------------------------------------------------


  INFO root [2019-05-21 21:05:38,943] - Resmgr::initialize: KBE_ROOT=D:/kbengine/
  INFO root [2019-05-21 21:05:38,943] - Resmgr::initialize: KBE_RES_PATH=D:/kbengine/kbe/res/;D:/kbengine/HappyPoker_assets/;D:/kbengine/HappyPoker_assets/scripts/;D:/kbengine/HappyPoker_assets/res/
  INFO root [2019-05-21 21:05:38,943] - Resmgr::initialize: KBE_BIN_PATH=D:/kbengine/kbe/bin/server/
  INFO root [2019-05-21 21:05:39,016] - NetworkInterface::initialize(INTERNAL-TCP): bound to all interfaces with default route interface on 192.168.56.1 ( 192.168.56.1:55106 )
  INFO root [2019-05-21 21:05:39,016] - NetworkInterface::initialize(INTERNAL-TCP): address 192.168.56.1:55106, SOMAXCONN=5.
  INFO root [2019-05-21 21:05:39,016] - server-configs:
  INFO root [2019-05-21 21:05:39,016] - 	internalTcpAddr : 192.168.56.1:55106
  INFO root [2019-05-21 21:05:39,016] - 	componentID : 4000
  WARN root [2019-05-21 21:05:39,053] - invalid UID(0) <= 0, please check UID for environment! automatically set to 3960.
  INFO root [2019-05-21 21:05:39,351] - Components::findLogger: found logger, addr:192.168.56.1:55099
  INFO root [2019-05-21 21:05:39,351] - Components::addComponent: reset orderLog, uid=3960!
  INFO root [2019-05-21 21:05:39,351] - Components::addComponent[logger], uid=3960, componentID=2000, globalorderid=1, grouporderid=1, totalcount=1
  INFO root [2019-05-21 21:05:39,360] - ---- dbmgr Version: 2.4.5. ScriptVersion: 0.1.0. Pythoncore: 3.7.3. Protocol: 11178A1C367680938C8E416B64844ACD. Config: Debug X86. Built: 09:55:16 May  8 2019. AppID: 4000. UID: 3960. PID: 9908 ----
  INFO root [2019-05-21 21:05:39,360] - Server error_name: Intel(R) Core(TM) i5-6300HQ CPU @ 2.30GHz with 2097151kB RAM
  INFO root [2019-05-21 21:05:39,360] - ThreadPool::createThreadPool: creating  threadpool...
  INFO root [2019-05-21 21:05:39,362] - ThreadPool::createThreadPool: successfully(2), newThreadCount=1, normalMaxThreadCount=2, maxThreadCount=8
  INFO root [2019-05-21 21:05:39,561] - Script::install(): is successfully, Python=(3.7.3 (default, May  8 2019, 09:53:38) [MSC v.1916 32 bit (Intel)])!
  INFO root [2019-05-21 21:05:39,561] - Script::install(): KBExtra is successfully!
  INFO root [2019-05-21 21:05:39,696] - Dbmgr::initializeEnd: digest(2C74E778B8FA1A5BE3F8033147922F39)
S_INFO root [2019-05-21 21:05:39,696] - onDBMgrReady: bootstrapGroupIndex=0, bootstrapGlobalIndex=0
  INFO root [2019-05-21 21:05:39,696] - TelnetServer server is running on port 32000
  INFO root [2019-05-21 21:05:39,700] - Dbmgr::initInterfacesHandler: interfaces addr(127.0.0.1:30099), accountType:(interfaces), chargeType:(interfaces).
  WARN root [2019-05-21 21:05:39,919] - DBUtil::initialize: db(default) password is not encrypted!
please use password(rsa):
CCC7AC50A69F435AEB4DA7B93F38E3F8F1BB78BC5F013FDAEFA7B0DA855BB9C59AF928A846C07FC6657F9B6B3F84E2B1BC8E2F0CA0D4A208CD9F7987D197CAC28607AAF8D4B4050493377F0220E74441126130E94543F4A34E699CB3E8E5FFA16F8A17CD2EAB6BA16FFFC81E10B542C01916AE4BDD9BDD5600011142818F26E8
 DEBUG root [2019-05-21 21:05:39,923] - DBInterfaceMysql::attach: connect: localhost:3306 starting...
 DEBUG root [2019-05-21 21:05:40,171] - DBInterfaceMysql::attach: successfully! addr: localhost:3306
  INFO root [2019-05-21 21:05:40,171] - DBUtil::createInterface[0x1dec40]: interface=default, dbtype=mysql, ip=localhost, port=3306, currdatabase=kbe, username=kbe, connected=yes.

  INFO root [2019-05-21 21:05:40,171] - ThreadPool::createThreadPool: creating  threadpool...
  INFO root [2019-05-21 21:05:40,171] - ThreadPool::createThreadPool: successfully(5), newThreadCount=5, normalMaxThreadCount=5, maxThreadCount=5
 DEBUG root [2019-05-21 21:05:40,179] - DBInterfaceMysql::attach: connect: localhost:3306 starting...
 DEBUG root [2019-05-21 21:05:40,193] - DBInterfaceMysql::attach: connect: localhost:3306 starting...
 DEBUG root [2019-05-21 21:05:40,193] - DBInterfaceMysql::attach: connect: localhost:3306 starting...
 DEBUG root [2019-05-21 21:05:40,211] - DBInterfaceMysql::attach: connect: localhost:3306 starting...
 DEBUG root [2019-05-21 21:05:40,219] - DBInterfaceMysql::attach: connect: localhost:3306 starting...
 DEBUG root [2019-05-21 21:05:40,280] - DBInterfaceMysql::attach: successfully! addr: localhost:3306
 DEBUG root [2019-05-21 21:05:40,280] - DBThread::onStart(): 0x1817450!
  INFO root [2019-05-21 21:05:40,282] - DBInterfaceMysql::query: successfully!
 DEBUG root [2019-05-21 21:05:40,332] - DBInterfaceMysql::attach: successfully! addr: localhost:3306
 DEBUG root [2019-05-21 21:05:40,332] - DBThread::onStart(): 0x18171a8!
  INFO root [2019-05-21 21:05:40,370] - DBInterfaceMysql::query: successfully!
 DEBUG root [2019-05-21 21:05:40,433] - DBInterfaceMysql::attach: successfully! addr: localhost:3306
 DEBUG root [2019-05-21 21:05:40,433] - DBThread::onStart(): 0x1817230!
 DEBUG root [2019-05-21 21:05:40,469] - DBInterfaceMysql::attach: successfully! addr: localhost:3306
 DEBUG root [2019-05-21 21:05:40,469] - DBThread::onStart(): 0x1817340!
 DEBUG root [2019-05-21 21:05:40,519] - DBInterfaceMysql::attach: successfully! addr: localhost:3306
 DEBUG root [2019-05-21 21:05:40,519] - DBThread::onStart(): 0x18172b8!
  INFO root [2019-05-21 21:05:40,569] - DBInterfaceMysql::query: successfully!
  INFO root [2019-05-21 21:05:40,593] - DBInterfaceMysql::query: successfully!
  INFO root [2019-05-21 21:05:40,593] - DBInterfaceMysql::query: successfully!
  INFO root [2019-05-21 21:05:40,593] - DBInterfaceMysql::query: successfully!
  INFO root [2019-05-21 21:05:40,593] - DBInterfaceMysql::query: successfully!
  INFO root [2019-05-21 21:05:40,593] - DBInterfaceMysql::query: successfully!
  WARN root [2019-05-21 21:05:40,593] - DBTask::process(): took 0.22 seconds
sql:(show index from tbl_Room)
  INFO root [2019-05-21 21:05:40,643] - DBInterfaceMysql::query: successfully!
  WARN root [2019-05-21 21:05:40,643] - DBTask::process(): took 0.31 seconds
sql:(select distinct(serverGroupID) from kbe_entitylog)
  WARN root [2019-05-21 21:05:40,683] - DBTask::process(): took 0.25 seconds
sql:(insert into kbe_serverlog (heartbeatTime, serverGroupID) values(1558443940,3960) ON DUPLICATE KEY UPDATE heartbeatTime=1558443940)
  WARN root [2019-05-21 21:05:40,742] - d:\kbengine\kbe\src\server\dbmgr\dbmgr.cpp:306: Profile scriptCall took 1.04 seconds
  INFO root [2019-05-21 21:05:41,141] - ---- dbmgr is running ----
 DEBUG root [2019-05-21 21:05:41,141] - Components::process(): Request for the process of identity...
  WARN root [2019-05-21 21:05:47,438] - Forwarding logs to logger[192.168.56.1:55099/0/0/0]...
 ERROR root [2019-05-21 21:10:05,901] - Components::removeComponentByChannel: logger : 2000, Abnormal exit(reason=TCPPacketReceiver::processRecv(): error=10054
)! Channel(timestamp=805342418191, lastReceivedTime=805281333704, inactivityExceptionPeriod=134884559)
  INFO root [2019-05-21 21:10:05,901] - The following logs sent to logger failed:
  WARN root [2019-05-21 21:10:05,916] - ==> [2019-05-21 21:10:05 914] TCPPacketReceiver::processPendingEvents(192.168.56.1:55099): Throwing REASON_GENERAL_NETWORK - WSAECONNRESET
 ERROR root [2019-05-21 21:10:05,916] - ==> [2019-05-21 21:10:05 915] Components::removeComponentByChannel: logger : 2000, Abnormal exit(reason=TCPPacketReceiver::processRecv(): error=10054
)! Channel(timestamp=805342418191, lastReceivedTime=805281333704, inactivityExceptionPeriod=134884559)
