  INFO root [2019-07-15 09:19:37,121] - 
  INFO root [2019-07-15 09:19:37,131] - -----------------------------------------------------------------------------------------


  INFO root [2019-07-15 09:19:37,132] - Resmgr::initialize: KBE_ROOT=D:/kbengine/
  INFO root [2019-07-15 09:19:37,132] - Resmgr::initialize: KBE_RES_PATH=D:/kbengine/kbe/res/;D:/kbengine/HappyPoker_assets/;D:/kbengine/HappyPoker_assets/scripts/;D:/kbengine/HappyPoker_assets/res/
  INFO root [2019-07-15 09:19:37,132] - Resmgr::initialize: KBE_BIN_PATH=D:/kbengine/kbe/bin/server/
  INFO root [2019-07-15 09:19:37,284] - NetworkInterface::initialize(INTERNAL-TCP): bound to all interfaces with default route interface on 192.168.56.1 ( 192.168.56.1:58181 )
  INFO root [2019-07-15 09:19:37,284] - NetworkInterface::initialize(INTERNAL-TCP): address 192.168.56.1:58181, SOMAXCONN=5.
  INFO root [2019-07-15 09:19:37,285] - server-configs:
  INFO root [2019-07-15 09:19:37,285] - 	internalTcpAddr : 192.168.56.1:58181
  INFO root [2019-07-15 09:19:37,285] - 	componentID : 4000
  WARN root [2019-07-15 09:19:37,286] - invalid UID(0) <= 0, please check UID for environment! automatically set to 2082.
  WARN root [2019-07-15 09:19:37,628] - BundleBroadcast::BundleBroadcast: Cannot bind to port 20334, errorno=10048
  INFO root [2019-07-15 09:19:37,636] - ---- dbmgr Version: 2.4.5. ScriptVersion: 0.1.0. Pythoncore: 3.7.3. Protocol: 11178A1C367680938C8E416B64844ACD. Config: Debug X86. Built: 09:55:16 May  8 2019. AppID: 4000. UID: 2082. PID: 14084 ----
  INFO root [2019-07-15 09:19:37,638] - Server error_name: Intel(R) Core(TM) i5-6300HQ CPU @ 2.30GHz with 2097151kB RAM
  INFO root [2019-07-15 09:19:37,638] - ThreadPool::createThreadPool: creating  threadpool...
  INFO root [2019-07-15 09:19:37,639] - ThreadPool::createThreadPool: successfully(2), newThreadCount=1, normalMaxThreadCount=2, maxThreadCount=8
  INFO root [2019-07-15 09:19:37,852] - Script::install(): is successfully, Python=(3.7.3 (default, May  8 2019, 09:53:38) [MSC v.1916 32 bit (Intel)])!
  INFO root [2019-07-15 09:19:37,853] - Script::install(): KBExtra is successfully!
  INFO root [2019-07-15 09:19:38,116] - Dbmgr::initializeEnd: digest(EBEF31736185D230743D359F01C89CC1)
S_INFO root [2019-07-15 09:19:38,117] - onDBMgrReady: bootstrapGroupIndex=0, bootstrapGlobalIndex=0
  INFO root [2019-07-15 09:19:38,117] - TelnetServer server is running on port 32000
  INFO root [2019-07-15 09:19:38,118] - Dbmgr::initInterfacesHandler: interfaces addr(127.0.0.1:30099), accountType:(interfaces), chargeType:(interfaces).
  WARN root [2019-07-15 09:19:38,416] - DBUtil::initialize: db(default) password is not encrypted!
please use password(rsa):
C67D70FE0C5E840AD517E2B46BDDE6FA8170523EC46D30C0627C35AF8A477AF4A76A378C3827BBCD7877E70720716D8B73D7EFDAAD1346A468D1C5381082E163F46E911588F7DCF819E4BFB1955687D15306792F3B07BEC9BEB73B6299C2495610E61ADD013D9B0242DDEBD773DCB4B816B2E09F10E01A94A99C7A25633AA9B0
 DEBUG root [2019-07-15 09:19:38,421] - DBInterfaceMysql::attach: connect: localhost:3306 starting...
 DEBUG root [2019-07-15 09:19:38,602] - DBInterfaceMysql::attach: successfully! addr: localhost:3306
  INFO root [2019-07-15 09:19:38,602] - DBUtil::createInterface[0x1faf200]: interface=default, dbtype=mysql, ip=localhost, port=3306, currdatabase=kbe, username=kbe, connected=yes.

  INFO root [2019-07-15 09:19:38,602] - ThreadPool::createThreadPool: creating  threadpool...
  INFO root [2019-07-15 09:19:38,603] - ThreadPool::createThreadPool: successfully(5), newThreadCount=5, normalMaxThreadCount=5, maxThreadCount=5
 DEBUG root [2019-07-15 09:19:38,603] - DBInterfaceMysql::attach: connect: localhost:3306 starting...
 DEBUG root [2019-07-15 09:19:38,608] - DBInterfaceMysql::attach: connect: localhost:3306 starting...
 DEBUG root [2019-07-15 09:19:38,610] - DBInterfaceMysql::attach: connect: localhost:3306 starting...
 DEBUG root [2019-07-15 09:19:38,621] - DBInterfaceMysql::attach: connect: localhost:3306 starting...
 DEBUG root [2019-07-15 09:19:38,633] - DBInterfaceMysql::attach: connect: localhost:3306 starting...
 DEBUG root [2019-07-15 09:19:38,799] - DBInterfaceMysql::attach: successfully! addr: localhost:3306
 DEBUG root [2019-07-15 09:19:38,799] - DBThread::onStart(): 0x2477df8!
  INFO root [2019-07-15 09:19:38,802] - DBInterfaceMysql::query: successfully!
 DEBUG root [2019-07-15 09:19:38,991] - DBInterfaceMysql::attach: successfully! addr: localhost:3306
 DEBUG root [2019-07-15 09:19:38,991] - DBThread::onStart(): 0x24779b8!
 DEBUG root [2019-07-15 09:19:39,154] - DBInterfaceMysql::attach: successfully! addr: localhost:3306
 DEBUG root [2019-07-15 09:19:39,154] - DBThread::onStart(): 0x2478348!
  INFO root [2019-07-15 09:19:39,279] - DBInterfaceMysql::query: successfully!
  WARN root [2019-07-15 09:19:39,280] - DBTask::process(): took 0.48 seconds
sql:(CREATE TABLE IF NOT EXISTS kbe_accountinfos (`accountName` varchar(128) not null, PRIMARY KEY idKey (`accountName`),`password` varchar(255) not null,`bindata` blob,`email` varchar(191) not null, UNIQUE KEY `email` (`email`),`entityDBID` bigint(20) unsigned not null DEFAULT 0, UNIQUE KEY `entityDBID` (`entityDBID`),`flags` int unsigned not null DEFAULT 0,`deadline` bigint(20) not null DEFAULT 0,`regtime` bigint(20) not null DEFAULT 0,`lasttime` bigint(20) not null DEFAULT 0,`numlogin` int unsigned not null DEFAULT 0)ENGINE=InnoDB)
  INFO root [2019-07-15 09:19:39,296] - DBInterfaceMysql::query: successfully!
  INFO root [2019-07-15 09:19:39,297] - DBInterfaceMysql::query: successfully!
  INFO root [2019-07-15 09:19:39,297] - DBInterfaceMysql::query: successfully!
  INFO root [2019-07-15 09:19:39,297] - DBInterfaceMysql::query: successfully!
  WARN root [2019-07-15 09:19:39,298] - DBTask::process(): took 0.31 seconds
sql:(delete from kbe_email_verification where logtime<1563149979 and type=3)
 DEBUG root [2019-07-15 09:19:39,362] - DBInterfaceMysql::attach: successfully! addr: localhost:3306
 DEBUG root [2019-07-15 09:19:39,363] - DBThread::onStart(): 0x24782c0!
 DEBUG root [2019-07-15 09:19:39,446] - DBInterfaceMysql::attach: successfully! addr: localhost:3306
 DEBUG root [2019-07-15 09:19:39,446] - DBThread::onStart(): 0x24778a8!
  INFO root [2019-07-15 09:19:39,669] - DBInterfaceMysql::query: successfully!
  INFO root [2019-07-15 09:19:39,669] - DBInterfaceMysql::query: successfully!
  WARN root [2019-07-15 09:19:39,834] - DBTask::process(): took 0.39 seconds
sql:(insert into kbe_serverlog (heartbeatTime, serverGroupID) values(1563153579,2082) ON DUPLICATE KEY UPDATE heartbeatTime=1563153579)
  INFO root [2019-07-15 09:19:39,947] - DBInterfaceMysql::query: successfully!
  WARN root [2019-07-15 09:19:39,948] - DBTask::process(): took 0.79 seconds
sql:(select distinct(serverGroupID) from kbe_entitylog)
  WARN root [2019-07-15 09:19:40,196] - DBTask::process(): took 0.83 seconds
sql:(show index from tbl_Friend)
  WARN root [2019-07-15 09:19:40,213] - DBTask::process(): took 0.91 seconds
sql:(show index from tbl_Mail_mailList)
  WARN root [2019-07-15 09:19:40,263] - DBTask::process(): took 0.98 seconds
sql:(show index from tbl_Account_friendList)
  WARN root [2019-07-15 09:19:40,329] - DBTask::process(): delay 1.06 seconds, try adjusting the kbengine[_defs].xml(numConnections) and MySQL(my.cnf->max_connections or innodb_flush_log_at_trx_commit)!
sql:(show index from tbl_Account)
  WARN root [2019-07-15 09:19:40,338] - DBTask::process(): took 0.47 seconds
sql:(show index from tbl_Account)
  WARN root [2019-07-15 09:19:40,355] - DBTask::process(): delay 1.15 seconds, try adjusting the kbengine[_defs].xml(numConnections) and MySQL(my.cnf->max_connections or innodb_flush_log_at_trx_commit)!
sql:(show index from tbl_Room)
  WARN root [2019-07-15 09:19:40,355] - DBTask::process(): took 0.41 seconds
sql:(show index from tbl_Room)
  WARN root [2019-07-15 09:19:40,513] - DBTask::process(): delay 1.39 seconds, try adjusting the kbengine[_defs].xml(numConnections) and MySQL(my.cnf->max_connections or innodb_flush_log_at_trx_commit)!
sql:(show index from tbl_Hall)
  WARN root [2019-07-15 09:19:40,519] - DBTask::process(): took 0.32 seconds
sql:(show index from tbl_Hall)
  WARN root [2019-07-15 09:19:40,638] - DBTask::process(): delay 1.54 seconds, try adjusting the kbengine[_defs].xml(numConnections) and MySQL(my.cnf->max_connections or innodb_flush_log_at_trx_commit)!
sql:(show index from tbl_Mail)
  WARN root [2019-07-15 09:19:40,639] - DBTask::process(): took 0.30 seconds
sql:(show index from tbl_Mail)
  WARN root [2019-07-15 09:19:40,671] - DBTask::process(): delay 1.46 seconds, try adjusting the kbengine[_defs].xml(numConnections) and MySQL(my.cnf->max_connections or innodb_flush_log_at_trx_commit)!
sql:(show index from tbl_Friend_synchroFriendList)
  WARN root [2019-07-15 09:19:40,679] - DBTask::process(): took 0.42 seconds
sql:(show index from tbl_Friend_synchroFriendList)
  WARN root [2019-07-15 09:19:40,787] - DBTask::process(): delay 1.41 seconds, try adjusting the kbengine[_defs].xml(numConnections) and MySQL(my.cnf->max_connections or innodb_flush_log_at_trx_commit)!
sql:(show index from tbl_Friend_publicDataList)
  WARN root [2019-07-15 09:19:40,788] - DBTask::process(): took 0.57 seconds
sql:(show index from tbl_Friend_publicDataList)
  WARN root [2019-07-15 09:19:41,697] - d:\kbengine\kbe\src\server\dbmgr\dbmgr.cpp:306: Profile scriptCall took 3.58 seconds
  INFO root [2019-07-15 09:19:42,123] - ---- dbmgr is running ----
 DEBUG root [2019-07-15 09:19:42,124] - Components::process(): Request for the process of identity...
  INFO root [2019-07-15 09:19:48,267] - ServerApp::onRegisterNewApp: uid:2082, username:error_name, componentType:interfaces, componentID:3000, globalorderID=-1, grouporderID=-1, intaddr:192.168.56.1, intport:30099, extaddr:nonsupport, extport:0,  from 127.0.0.1:30099/0/0/0.
  INFO root [2019-07-15 09:19:48,267] - Components::addComponent: reset orderLog, uid=2082!
  INFO root [2019-07-15 09:19:48,267] - Components::addComponent[interfaces], uid=2082, componentID=3000, globalorderid=1, grouporderid=1, totalcount=1
  WARN root [2019-07-15 09:19:48,268] - TCPPacketReceiver::processPendingEvents(192.168.56.1:58204): Throwing REASON_GENERAL_NETWORK - WSAECONNABORTED
  INFO root [2019-07-15 09:19:49,277] - Components::findComponents: find logger(1)...
  INFO root [2019-07-15 09:19:49,365] - Components::findComponents: found logger, addr:192.168.56.1:58186
  INFO root [2019-07-15 09:19:49,365] - Components::addComponent: reset orderLog, uid=2082!
  INFO root [2019-07-15 09:19:49,365] - Components::addComponent[logger], uid=2082, componentID=2000, globalorderid=1, grouporderid=1, totalcount=1
  WARN root [2019-07-15 09:19:49,366] - Forwarding logs to logger[192.168.56.1:58186/0/0/0]...
 ERROR root [2019-07-15 09:21:26,801] - Components::removeComponentByChannel: logger : 2000, Abnormal exit(reason=TCPPacketReceiver::processRecv(): error=10054
)! Channel(timestamp=158494259412, lastReceivedTime=158450410375, inactivityExceptionPeriod=134885822)
  INFO root [2019-07-15 09:21:26,804] - The following logs sent to logger failed:
  WARN root [2019-07-15 09:21:26,805] - ==> [2019-07-15 09:21:26 798] TCPPacketReceiver::processPendingEvents(192.168.56.1:58186): Throwing REASON_GENERAL_NETWORK - WSAECONNRESET
 ERROR root [2019-07-15 09:21:26,805] - ==> [2019-07-15 09:21:26 802] Components::removeComponentByChannel: logger : 2000, Abnormal exit(reason=TCPPacketReceiver::processRecv(): error=10054
)! Channel(timestamp=158494259412, lastReceivedTime=158450410375, inactivityExceptionPeriod=134885822)
  INFO root [2019-07-15 09:21:28,699] - 
  INFO root [2019-07-15 09:21:28,715] - -----------------------------------------------------------------------------------------


  INFO root [2019-07-15 09:21:28,716] - Resmgr::initialize: KBE_ROOT=D:/kbengine/
  INFO root [2019-07-15 09:21:28,717] - Resmgr::initialize: KBE_RES_PATH=D:/kbengine/kbe/res/;D:/kbengine/HappyPoker_assets/;D:/kbengine/HappyPoker_assets/scripts/;D:/kbengine/HappyPoker_assets/res/
  INFO root [2019-07-15 09:21:28,717] - Resmgr::initialize: KBE_BIN_PATH=D:/kbengine/kbe/bin/server/
  INFO root [2019-07-15 09:21:28,761] - NetworkInterface::initialize(INTERNAL-TCP): bound to all interfaces with default route interface on 192.168.56.1 ( 192.168.56.1:58274 )
  INFO root [2019-07-15 09:21:28,762] - NetworkInterface::initialize(INTERNAL-TCP): address 192.168.56.1:58274, SOMAXCONN=5.
  INFO root [2019-07-15 09:21:28,762] - server-configs:
  INFO root [2019-07-15 09:21:28,762] - 	internalTcpAddr : 192.168.56.1:58274
  INFO root [2019-07-15 09:21:28,762] - 	componentID : 4000
  WARN root [2019-07-15 09:21:28,767] - invalid UID(0) <= 0, please check UID for environment! automatically set to 2082.
  INFO root [2019-07-15 09:21:30,272] - ---- dbmgr Version: 2.4.5. ScriptVersion: 0.1.0. Pythoncore: 3.7.3. Protocol: 11178A1C367680938C8E416B64844ACD. Config: Debug X86. Built: 09:55:16 May  8 2019. AppID: 4000. UID: 2082. PID: 12796 ----
  INFO root [2019-07-15 09:21:30,272] - Server error_name: Intel(R) Core(TM) i5-6300HQ CPU @ 2.30GHz with 2097151kB RAM
  INFO root [2019-07-15 09:21:30,273] - ThreadPool::createThreadPool: creating  threadpool...
  INFO root [2019-07-15 09:21:30,273] - ThreadPool::createThreadPool: successfully(2), newThreadCount=1, normalMaxThreadCount=2, maxThreadCount=8
  INFO root [2019-07-15 09:21:30,497] - Script::install(): is successfully, Python=(3.7.3 (default, May  8 2019, 09:53:38) [MSC v.1916 32 bit (Intel)])!
  INFO root [2019-07-15 09:21:30,497] - Script::install(): KBExtra is successfully!
  INFO root [2019-07-15 09:21:30,870] - Dbmgr::initializeEnd: digest(EBEF31736185D230743D359F01C89CC1)
S_INFO root [2019-07-15 09:21:30,870] - onDBMgrReady: bootstrapGroupIndex=0, bootstrapGlobalIndex=0
  INFO root [2019-07-15 09:21:30,871] - TelnetServer server is running on port 32000
  INFO root [2019-07-15 09:21:30,872] - Dbmgr::initInterfacesHandler: interfaces addr(127.0.0.1:30099), accountType:(interfaces), chargeType:(interfaces).
  WARN root [2019-07-15 09:21:31,233] - DBUtil::initialize: db(default) password is not encrypted!
please use password(rsa):
CCD5403B34904CAE579945A0E83AD4065CDEE763DEBC841491C084B91C689AB2EA6292C5D4CE77ADA7BF8F7E88867A24B8012A4AA731AD58DC4F8DEBCDB41A5846BD47C4C0CA6B81E205BAAA6253A51D9A779E09C5E6E585270D70CB9CBB75392295B545F3357BCC5BF2F72F58D7FA992F5CBCCF71506B80E99ABA0776AFDA2F
 DEBUG root [2019-07-15 09:21:31,238] - DBInterfaceMysql::attach: connect: localhost:3306 starting...
 DEBUG root [2019-07-15 09:21:31,419] - DBInterfaceMysql::attach: successfully! addr: localhost:3306
  INFO root [2019-07-15 09:21:31,420] - DBUtil::createInterface[0x1faf2c4]: interface=default, dbtype=mysql, ip=localhost, port=3306, currdatabase=kbe, username=kbe, connected=yes.

  INFO root [2019-07-15 09:21:31,420] - ThreadPool::createThreadPool: creating  threadpool...
  INFO root [2019-07-15 09:21:31,420] - ThreadPool::createThreadPool: successfully(5), newThreadCount=5, normalMaxThreadCount=5, maxThreadCount=5
 DEBUG root [2019-07-15 09:21:31,432] - DBInterfaceMysql::attach: connect: localhost:3306 starting...
 DEBUG root [2019-07-15 09:21:31,435] - DBInterfaceMysql::attach: connect: localhost:3306 starting...
 DEBUG root [2019-07-15 09:21:31,449] - DBInterfaceMysql::attach: connect: localhost:3306 starting...
 DEBUG root [2019-07-15 09:21:31,461] - DBInterfaceMysql::attach: connect: localhost:3306 starting...
 DEBUG root [2019-07-15 09:21:31,466] - DBInterfaceMysql::attach: connect: localhost:3306 starting...
 DEBUG root [2019-07-15 09:21:31,548] - DBInterfaceMysql::attach: successfully! addr: localhost:3306
 DEBUG root [2019-07-15 09:21:31,548] - DBThread::onStart(): 0x2589228!
 DEBUG root [2019-07-15 09:21:31,628] - DBInterfaceMysql::attach: successfully! addr: localhost:3306
 DEBUG root [2019-07-15 09:21:31,629] - DBThread::onStart(): 0x25889a8!
  INFO root [2019-07-15 09:21:31,701] - DBInterfaceMysql::query: successfully!
 DEBUG root [2019-07-15 09:21:31,761] - DBInterfaceMysql::attach: successfully! addr: localhost:3306
 DEBUG root [2019-07-15 09:21:31,761] - DBThread::onStart(): 0x2588b40!
 DEBUG root [2019-07-15 09:21:31,794] - DBInterfaceMysql::attach: successfully! addr: localhost:3306
 DEBUG root [2019-07-15 09:21:31,794] - DBThread::onStart(): 0x25892b0!
 DEBUG root [2019-07-15 09:21:31,828] - DBInterfaceMysql::attach: successfully! addr: localhost:3306
 DEBUG root [2019-07-15 09:21:31,828] - DBThread::onStart(): 0x2589008!
  INFO root [2019-07-15 09:21:31,911] - DBInterfaceMysql::query: successfully!
  INFO root [2019-07-15 09:21:31,978] - DBInterfaceMysql::query: successfully!
  INFO root [2019-07-15 09:21:31,979] - DBInterfaceMysql::query: successfully!
  INFO root [2019-07-15 09:21:31,979] - DBInterfaceMysql::query: successfully!
  WARN root [2019-07-15 09:21:31,980] - DBTask::process(): took 0.28 seconds
sql:(CREATE TABLE IF NOT EXISTS kbe_accountinfos (`accountName` varchar(128) not null, PRIMARY KEY idKey (`accountName`),`password` varchar(255) not null,`bindata` blob,`email` varchar(191) not null, UNIQUE KEY `email` (`email`),`entityDBID` bigint(20) unsigned not null DEFAULT 0, UNIQUE KEY `entityDBID` (`entityDBID`),`flags` int unsigned not null DEFAULT 0,`deadline` bigint(20) not null DEFAULT 0,`regtime` bigint(20) not null DEFAULT 0,`lasttime` bigint(20) not null DEFAULT 0,`numlogin` int unsigned not null DEFAULT 0)ENGINE=InnoDB)
  INFO root [2019-07-15 09:21:31,980] - DBInterfaceMysql::query: successfully!
  INFO root [2019-07-15 09:21:31,981] - DBInterfaceMysql::query: successfully!
  INFO root [2019-07-15 09:21:31,981] - DBInterfaceMysql::query: successfully!
  WARN root [2019-07-15 09:21:32,062] - DBTask::process(): took 0.23 seconds
sql:(show index from tbl_Friend)
  WARN root [2019-07-15 09:21:32,119] - DBTask::process(): took 0.36 seconds
sql:(insert into kbe_serverlog (heartbeatTime, serverGroupID) values(1563153691,2082) ON DUPLICATE KEY UPDATE heartbeatTime=1563153691)
  INFO root [2019-07-15 09:21:32,144] - DBInterfaceMysql::query: successfully!
  WARN root [2019-07-15 09:21:32,145] - DBTask::process(): took 0.44 seconds
sql:(select distinct(serverGroupID) from kbe_entitylog)
  WARN root [2019-07-15 09:21:32,218] - d:\kbengine\kbe\src\server\dbmgr\dbmgr.cpp:306: Profile scriptCall took 1.35 seconds
  INFO root [2019-07-15 09:21:32,622] - ---- dbmgr is running ----
 DEBUG root [2019-07-15 09:21:32,623] - Components::process(): Request for the process of identity...
  INFO root [2019-07-15 09:21:38,749] - ServerApp::onRegisterNewApp: uid:2082, username:error_name, componentType:interfaces, componentID:3000, globalorderID=-1, grouporderID=-1, intaddr:192.168.56.1, intport:30099, extaddr:nonsupport, extport:0,  from 127.0.0.1:30099/0/0/0.
  INFO root [2019-07-15 09:21:38,749] - Components::addComponent: reset orderLog, uid=2082!
  INFO root [2019-07-15 09:21:38,750] - Components::addComponent[interfaces], uid=2082, componentID=3000, globalorderid=1, grouporderid=1, totalcount=1
  INFO root [2019-07-15 09:21:39,752] - Components::findComponents: find logger(1)...
  INFO root [2019-07-15 09:21:39,789] - Components::findComponents: found logger, addr:192.168.56.1:58278
  INFO root [2019-07-15 09:21:39,789] - Components::addComponent: reset orderLog, uid=2082!
  INFO root [2019-07-15 09:21:39,789] - Components::addComponent[logger], uid=2082, componentID=2000, globalorderid=1, grouporderid=1, totalcount=1
  INFO root [2019-07-15 09:21:39,812] - Components::process(): Found all the components!
  WARN root [2019-07-15 09:21:39,824] - Forwarding logs to logger[192.168.56.1:58278/0/0/0]...
 ERROR root [2019-07-15 09:25:45,573] - Components::removeComponentByChannel: logger : 2000, Abnormal exit(reason=TCPPacketReceiver::processRecv(): error=10054
)! Channel(timestamp=159076357139, lastReceivedTime=159038768591, inactivityExceptionPeriod=134880067)
  INFO root [2019-07-15 09:25:45,577] - The following logs sent to logger failed:
  WARN root [2019-07-15 09:25:45,577] - ==> [2019-07-15 09:25:45 568] TCPPacketReceiver::processPendingEvents(192.168.56.1:58278): Throwing REASON_GENERAL_NETWORK - WSAECONNRESET
 ERROR root [2019-07-15 09:25:45,578] - ==> [2019-07-15 09:25:45 573] Components::removeComponentByChannel: logger : 2000, Abnormal exit(reason=TCPPacketReceiver::processRecv(): error=10054
)! Channel(timestamp=159076357139, lastReceivedTime=159038768591, inactivityExceptionPeriod=134880067)
  INFO root [2019-07-15 09:28:32,893] - 
  INFO root [2019-07-15 09:28:32,899] - -----------------------------------------------------------------------------------------


  INFO root [2019-07-15 09:28:32,900] - Resmgr::initialize: KBE_ROOT=D:/kbengine/
  INFO root [2019-07-15 09:28:32,900] - Resmgr::initialize: KBE_RES_PATH=D:/kbengine/kbe/res/;D:/kbengine/HappyPoker_assets/;D:/kbengine/HappyPoker_assets/scripts/;D:/kbengine/HappyPoker_assets/res/
  INFO root [2019-07-15 09:28:32,900] - Resmgr::initialize: KBE_BIN_PATH=D:/kbengine/kbe/bin/server/
  INFO root [2019-07-15 09:28:32,953] - NetworkInterface::initialize(INTERNAL-TCP): bound to all interfaces with default route interface on 192.168.56.1 ( 192.168.56.1:58471 )
  INFO root [2019-07-15 09:28:32,953] - NetworkInterface::initialize(INTERNAL-TCP): address 192.168.56.1:58471, SOMAXCONN=5.
  INFO root [2019-07-15 09:28:32,953] - server-configs:
  INFO root [2019-07-15 09:28:32,953] - 	internalTcpAddr : 192.168.56.1:58471
  INFO root [2019-07-15 09:28:32,954] - 	componentID : 4000
  WARN root [2019-07-15 09:28:32,962] - invalid UID(0) <= 0, please check UID for environment! automatically set to 2082.
  INFO root [2019-07-15 09:28:34,468] - ---- dbmgr Version: 2.4.5. ScriptVersion: 0.1.0. Pythoncore: 3.7.3. Protocol: 11178A1C367680938C8E416B64844ACD. Config: Debug X86. Built: 09:55:16 May  8 2019. AppID: 4000. UID: 2082. PID: 2824 ----
  INFO root [2019-07-15 09:28:34,469] - Server error_name: Intel(R) Core(TM) i5-6300HQ CPU @ 2.30GHz with 2097151kB RAM
  INFO root [2019-07-15 09:28:34,469] - ThreadPool::createThreadPool: creating  threadpool...
  INFO root [2019-07-15 09:28:34,469] - ThreadPool::createThreadPool: successfully(2), newThreadCount=1, normalMaxThreadCount=2, maxThreadCount=8
  INFO root [2019-07-15 09:28:34,661] - Script::install(): is successfully, Python=(3.7.3 (default, May  8 2019, 09:53:38) [MSC v.1916 32 bit (Intel)])!
  INFO root [2019-07-15 09:28:34,661] - Script::install(): KBExtra is successfully!
  INFO root [2019-07-15 09:28:34,838] - Dbmgr::initializeEnd: digest(EBEF31736185D230743D359F01C89CC1)
S_INFO root [2019-07-15 09:28:34,839] - onDBMgrReady: bootstrapGroupIndex=0, bootstrapGlobalIndex=0
  INFO root [2019-07-15 09:28:34,839] - TelnetServer server is running on port 32000
  INFO root [2019-07-15 09:28:34,839] - Dbmgr::initInterfacesHandler: interfaces addr(127.0.0.1:30099), accountType:(interfaces), chargeType:(interfaces).
  WARN root [2019-07-15 09:28:35,127] - DBUtil::initialize: db(default) password is not encrypted!
please use password(rsa):
29E057D55DAAF14F4000C372E947781E0651E4BD0D9F82AB65C6490FC924CA3B566E45B28FCD07CA9751B2551DD26EBF667BC21AAF41E163FA7A7E5B0430E131092E0F94290727C4771B1A4698F6E41D47DFE0EE2F383022304A9AAD1A450C6EE5B3941FD21712E7F7C6C11DF39532ABC77432FC6547B6E2D6F2098C1E0FB2B0
 DEBUG root [2019-07-15 09:28:35,132] - DBInterfaceMysql::attach: connect: localhost:3306 starting...
 DEBUG root [2019-07-15 09:28:35,296] - DBInterfaceMysql::attach: successfully! addr: localhost:3306
  INFO root [2019-07-15 09:28:35,296] - DBUtil::createInterface[0x1faf110]: interface=default, dbtype=mysql, ip=localhost, port=3306, currdatabase=kbe, username=kbe, connected=yes.

  INFO root [2019-07-15 09:28:35,296] - ThreadPool::createThreadPool: creating  threadpool...
  INFO root [2019-07-15 09:28:35,297] - ThreadPool::createThreadPool: successfully(5), newThreadCount=5, normalMaxThreadCount=5, maxThreadCount=5
 DEBUG root [2019-07-15 09:28:35,297] - DBInterfaceMysql::attach: connect: localhost:3306 starting...
 DEBUG root [2019-07-15 09:28:35,301] - DBInterfaceMysql::attach: connect: localhost:3306 starting...
 DEBUG root [2019-07-15 09:28:35,301] - DBInterfaceMysql::attach: connect: localhost:3306 starting...
 DEBUG root [2019-07-15 09:28:35,314] - DBInterfaceMysql::attach: connect: localhost:3306 starting...
 DEBUG root [2019-07-15 09:28:35,323] - DBInterfaceMysql::attach: connect: localhost:3306 starting...
 DEBUG root [2019-07-15 09:28:35,401] - DBInterfaceMysql::attach: successfully! addr: localhost:3306
 DEBUG root [2019-07-15 09:28:35,401] - DBThread::onStart(): 0x230cb58!
  INFO root [2019-07-15 09:28:35,402] - DBInterfaceMysql::query: successfully!
 DEBUG root [2019-07-15 09:28:35,515] - DBInterfaceMysql::attach: successfully! addr: localhost:3306
 DEBUG root [2019-07-15 09:28:35,515] - DBThread::onStart(): 0x230ca48!
 DEBUG root [2019-07-15 09:28:35,590] - DBInterfaceMysql::attach: successfully! addr: localhost:3306
 DEBUG root [2019-07-15 09:28:35,590] - DBThread::onStart(): 0x230d2c8!
 DEBUG root [2019-07-15 09:28:35,623] - DBInterfaceMysql::attach: successfully! addr: localhost:3306
 DEBUG root [2019-07-15 09:28:35,623] - DBThread::onStart(): 0x230d130!
  INFO root [2019-07-15 09:28:35,656] - DBInterfaceMysql::query: successfully!
  WARN root [2019-07-15 09:28:35,657] - DBTask::process(): took 0.25 seconds
sql:(CREATE TABLE IF NOT EXISTS kbe_accountinfos (`accountName` varchar(128) not null, PRIMARY KEY idKey (`accountName`),`password` varchar(255) not null,`bindata` blob,`email` varchar(191) not null, UNIQUE KEY `email` (`email`),`entityDBID` bigint(20) unsigned not null DEFAULT 0, UNIQUE KEY `entityDBID` (`entityDBID`),`flags` int unsigned not null DEFAULT 0,`deadline` bigint(20) not null DEFAULT 0,`regtime` bigint(20) not null DEFAULT 0,`lasttime` bigint(20) not null DEFAULT 0,`numlogin` int unsigned not null DEFAULT 0)ENGINE=InnoDB)
  INFO root [2019-07-15 09:28:35,673] - DBInterfaceMysql::query: successfully!
  INFO root [2019-07-15 09:28:35,673] - DBInterfaceMysql::query: successfully!
  INFO root [2019-07-15 09:28:35,673] - DBInterfaceMysql::query: successfully!
  INFO root [2019-07-15 09:28:35,674] - DBInterfaceMysql::query: successfully!
  INFO root [2019-07-15 09:28:35,674] - DBInterfaceMysql::query: successfully!
 DEBUG root [2019-07-15 09:28:35,740] - DBInterfaceMysql::attach: successfully! addr: localhost:3306
 DEBUG root [2019-07-15 09:28:35,741] - DBThread::onStart(): 0x230c580!
  INFO root [2019-07-15 09:28:35,781] - DBInterfaceMysql::query: successfully!
  INFO root [2019-07-15 09:28:35,806] - DBInterfaceMysql::query: successfully!
  WARN root [2019-07-15 09:28:35,973] - DBTask::process(): took 0.23 seconds
sql:(insert into kbe_serverlog (heartbeatTime, serverGroupID) values(1563154115,2082) ON DUPLICATE KEY UPDATE heartbeatTime=1563154115)
  WARN root [2019-07-15 09:28:36,040] - d:\kbengine\kbe\src\server\dbmgr\dbmgr.cpp:306: Profile scriptCall took 1.20 seconds
  INFO root [2019-07-15 09:28:36,433] - ---- dbmgr is running ----
 DEBUG root [2019-07-15 09:28:36,433] - Components::process(): Request for the process of identity...
  INFO root [2019-07-15 09:28:42,539] - ServerApp::onRegisterNewApp: uid:2082, username:error_name, componentType:interfaces, componentID:3000, globalorderID=-1, grouporderID=-1, intaddr:192.168.56.1, intport:30099, extaddr:nonsupport, extport:0,  from 127.0.0.1:30099/0/0/0.
  INFO root [2019-07-15 09:28:42,540] - Components::addComponent: reset orderLog, uid=2082!
  INFO root [2019-07-15 09:28:42,540] - Components::addComponent[interfaces], uid=2082, componentID=3000, globalorderid=1, grouporderid=1, totalcount=1
  INFO root [2019-07-15 09:28:43,560] - Components::findComponents: find logger(1)...
  INFO root [2019-07-15 09:28:43,659] - Components::findComponents: found logger, addr:192.168.56.1:58476
  INFO root [2019-07-15 09:28:43,659] - Components::addComponent: reset orderLog, uid=2082!
  INFO root [2019-07-15 09:28:43,660] - Components::addComponent[logger], uid=2082, componentID=2000, globalorderid=1, grouporderid=1, totalcount=1
  WARN root [2019-07-15 09:28:43,661] - Forwarding logs to logger[192.168.56.1:58476/0/0/0]...
 ERROR root [2019-07-15 09:33:30,261] - Components::removeComponentByChannel: logger : 2000, Abnormal exit(reason=TCPPacketReceiver::processRecv(): error=10054
)! Channel(timestamp=160121675508, lastReceivedTime=160060413899, inactivityExceptionPeriod=134876054)
  INFO root [2019-07-15 09:33:30,271] - The following logs sent to logger failed:
  WARN root [2019-07-15 09:33:30,271] - ==> [2019-07-15 09:33:30 268] TCPPacketReceiver::processPendingEvents(192.168.56.1:58476): Throwing REASON_GENERAL_NETWORK - WSAECONNRESET
 ERROR root [2019-07-15 09:33:30,273] - ==> [2019-07-15 09:33:30 269] Components::removeComponentByChannel: logger : 2000, Abnormal exit(reason=TCPPacketReceiver::processRecv(): error=10054
)! Channel(timestamp=160121675508, lastReceivedTime=160060413899, inactivityExceptionPeriod=134876054)
  INFO root [2019-07-15 09:33:32,075] - 
  INFO root [2019-07-15 09:33:32,084] - -----------------------------------------------------------------------------------------


  INFO root [2019-07-15 09:33:32,085] - Resmgr::initialize: KBE_ROOT=D:/kbengine/
  INFO root [2019-07-15 09:33:32,085] - Resmgr::initialize: KBE_RES_PATH=D:/kbengine/kbe/res/;D:/kbengine/HappyPoker_assets/;D:/kbengine/HappyPoker_assets/scripts/;D:/kbengine/HappyPoker_assets/res/
  INFO root [2019-07-15 09:33:32,085] - Resmgr::initialize: KBE_BIN_PATH=D:/kbengine/kbe/bin/server/
  INFO root [2019-07-15 09:33:32,125] - NetworkInterface::initialize(INTERNAL-TCP): bound to all interfaces with default route interface on 192.168.56.1 ( 192.168.56.1:58579 )
  INFO root [2019-07-15 09:33:32,125] - NetworkInterface::initialize(INTERNAL-TCP): address 192.168.56.1:58579, SOMAXCONN=5.
  INFO root [2019-07-15 09:33:32,126] - server-configs:
  INFO root [2019-07-15 09:33:32,126] - 	internalTcpAddr : 192.168.56.1:58579
  INFO root [2019-07-15 09:33:32,126] - 	componentID : 4000
  WARN root [2019-07-15 09:33:32,133] - invalid UID(0) <= 0, please check UID for environment! automatically set to 2082.
  INFO root [2019-07-15 09:33:33,644] - ---- dbmgr Version: 2.4.5. ScriptVersion: 0.1.0. Pythoncore: 3.7.3. Protocol: 11178A1C367680938C8E416B64844ACD. Config: Debug X86. Built: 09:55:16 May  8 2019. AppID: 4000. UID: 2082. PID: 7420 ----
  INFO root [2019-07-15 09:33:33,645] - Server error_name: Intel(R) Core(TM) i5-6300HQ CPU @ 2.30GHz with 2097151kB RAM
  INFO root [2019-07-15 09:33:33,646] - ThreadPool::createThreadPool: creating  threadpool...
  INFO root [2019-07-15 09:33:33,646] - ThreadPool::createThreadPool: successfully(2), newThreadCount=1, normalMaxThreadCount=2, maxThreadCount=8
  INFO root [2019-07-15 09:33:33,839] - Script::install(): is successfully, Python=(3.7.3 (default, May  8 2019, 09:53:38) [MSC v.1916 32 bit (Intel)])!
  INFO root [2019-07-15 09:33:33,839] - Script::install(): KBExtra is successfully!
  INFO root [2019-07-15 09:33:34,030] - Dbmgr::initializeEnd: digest(EBEF31736185D230743D359F01C89CC1)
S_INFO root [2019-07-15 09:33:34,031] - onDBMgrReady: bootstrapGroupIndex=0, bootstrapGlobalIndex=0
  INFO root [2019-07-15 09:33:34,031] - TelnetServer server is running on port 32000
  INFO root [2019-07-15 09:33:34,039] - Dbmgr::initInterfacesHandler: interfaces addr(127.0.0.1:30099), accountType:(interfaces), chargeType:(interfaces).
  WARN root [2019-07-15 09:33:34,324] - DBUtil::initialize: db(default) password is not encrypted!
please use password(rsa):
508F0E36A8106E633EB89D784590868A8CB0BB69735BBFD4ADC2327959A10D16A146FCE3F104695438D95152C59E9A837D56A0A5702A2E48C514FCF316A7E3F0042E6A697315C8833740E3661A8735CB89D41274A2395471D7CD0660C5CA43C1BB9B326D0870F3A02D6461D23FEB0CE9A5E82B4DD1B98C491078112A27A03E62
 DEBUG root [2019-07-15 09:33:34,324] - DBInterfaceMysql::attach: connect: localhost:3306 starting...
 DEBUG root [2019-07-15 09:33:34,455] - DBInterfaceMysql::attach: successfully! addr: localhost:3306
  INFO root [2019-07-15 09:33:34,462] - DBUtil::createInterface[0x6ff2f8]: interface=default, dbtype=mysql, ip=localhost, port=3306, currdatabase=kbe, username=kbe, connected=yes.

  INFO root [2019-07-15 09:33:34,462] - ThreadPool::createThreadPool: creating  threadpool...
  INFO root [2019-07-15 09:33:34,462] - ThreadPool::createThreadPool: successfully(5), newThreadCount=5, normalMaxThreadCount=5, maxThreadCount=5
 DEBUG root [2019-07-15 09:33:34,467] - DBInterfaceMysql::attach: connect: localhost:3306 starting...
 DEBUG root [2019-07-15 09:33:34,473] - DBInterfaceMysql::attach: connect: localhost:3306 starting...
 DEBUG root [2019-07-15 09:33:34,487] - DBInterfaceMysql::attach: connect: localhost:3306 starting...
 DEBUG root [2019-07-15 09:33:34,487] - DBInterfaceMysql::attach: connect: localhost:3306 starting...
 DEBUG root [2019-07-15 09:33:34,495] - DBInterfaceMysql::attach: connect: localhost:3306 starting...
 DEBUG root [2019-07-15 09:33:34,546] - DBInterfaceMysql::attach: successfully! addr: localhost:3306
 DEBUG root [2019-07-15 09:33:34,546] - DBThread::onStart(): 0xaa6d50!
 DEBUG root [2019-07-15 09:33:34,716] - DBInterfaceMysql::attach: successfully! addr: localhost:3306
 DEBUG root [2019-07-15 09:33:34,716] - DBThread::onStart(): 0xaa77f0!
 DEBUG root [2019-07-15 09:33:34,812] - DBInterfaceMysql::attach: successfully! addr: localhost:3306
 DEBUG root [2019-07-15 09:33:34,812] - DBThread::onStart(): 0xaa6bb8!
 DEBUG root [2019-07-15 09:33:34,902] - DBInterfaceMysql::attach: successfully! addr: localhost:3306
 DEBUG root [2019-07-15 09:33:34,902] - DBThread::onStart(): 0xaa7080!
 DEBUG root [2019-07-15 09:33:34,967] - DBInterfaceMysql::attach: successfully! addr: localhost:3306
 DEBUG root [2019-07-15 09:33:34,967] - DBThread::onStart(): 0xaa6b30!
  INFO root [2019-07-15 09:33:34,967] - DBInterfaceMysql::query: successfully!
  INFO root [2019-07-15 09:33:35,026] - DBInterfaceMysql::query: successfully!
  INFO root [2019-07-15 09:33:35,026] - DBInterfaceMysql::query: successfully!
  INFO root [2019-07-15 09:33:35,026] - DBInterfaceMysql::query: successfully!
  INFO root [2019-07-15 09:33:35,026] - DBInterfaceMysql::query: successfully!
  INFO root [2019-07-15 09:33:35,026] - DBInterfaceMysql::query: successfully!
  INFO root [2019-07-15 09:33:35,026] - DBInterfaceMysql::query: successfully!
  INFO root [2019-07-15 09:33:35,026] - DBInterfaceMysql::query: successfully!
  WARN root [2019-07-15 09:33:35,180] - DBTask::process(): took 0.21 seconds
sql:(insert into kbe_serverlog (heartbeatTime, serverGroupID) values(1563154415,2082) ON DUPLICATE KEY UPDATE heartbeatTime=1563154415)
  INFO root [2019-07-15 09:33:35,271] - DBInterfaceMysql::query: successfully!
  WARN root [2019-07-15 09:33:35,272] - DBTask::process(): took 0.30 seconds
sql:(select distinct(serverGroupID) from kbe_entitylog)
  WARN root [2019-07-15 09:33:35,373] - DBTask::process(): took 0.23 seconds
sql:(show index from tbl_Friend_publicDataList)
  WARN root [2019-07-15 09:33:35,394] - d:\kbengine\kbe\src\server\dbmgr\dbmgr.cpp:306: Profile scriptCall took 1.36 seconds
  INFO root [2019-07-15 09:33:35,791] - ---- dbmgr is running ----
 DEBUG root [2019-07-15 09:33:35,791] - Components::process(): Request for the process of identity...
  INFO root [2019-07-15 09:33:41,891] - ServerApp::onRegisterNewApp: uid:2082, username:error_name, componentType:interfaces, componentID:3000, globalorderID=-1, grouporderID=-1, intaddr:192.168.56.1, intport:30099, extaddr:nonsupport, extport:0,  from 127.0.0.1:30099/0/0/0.
  INFO root [2019-07-15 09:33:41,892] - Components::addComponent: reset orderLog, uid=2082!
  INFO root [2019-07-15 09:33:41,892] - Components::addComponent[interfaces], uid=2082, componentID=3000, globalorderid=1, grouporderid=1, totalcount=1
  INFO root [2019-07-15 09:33:42,893] - Components::findComponents: find logger(1)...
  INFO root [2019-07-15 09:33:42,984] - Components::findComponents: found logger, addr:192.168.56.1:58578
  INFO root [2019-07-15 09:33:42,985] - Components::addComponent: reset orderLog, uid=2082!
  INFO root [2019-07-15 09:33:42,985] - Components::addComponent[logger], uid=2082, componentID=2000, globalorderid=1, grouporderid=1, totalcount=1
  WARN root [2019-07-15 09:33:42,986] - Forwarding logs to logger[192.168.56.1:58578/0/0/0]...
 ERROR root [2019-07-15 09:40:42,718] - Components::removeComponentByChannel: logger : 2000, Abnormal exit(reason=TCPPacketReceiver::processRecv(): error=10054
)! Channel(timestamp=161094484042, lastReceivedTime=161070812939, inactivityExceptionPeriod=134883600)
  INFO root [2019-07-15 09:40:42,725] - The following logs sent to logger failed:
  WARN root [2019-07-15 09:40:42,725] - ==> [2019-07-15 09:40:42 713] TCPPacketReceiver::processPendingEvents(192.168.56.1:58578): Throwing REASON_GENERAL_NETWORK - WSAECONNRESET
 ERROR root [2019-07-15 09:40:42,726] - ==> [2019-07-15 09:40:42 719] Components::removeComponentByChannel: logger : 2000, Abnormal exit(reason=TCPPacketReceiver::processRecv(): error=10054
)! Channel(timestamp=161094484042, lastReceivedTime=161070812939, inactivityExceptionPeriod=134883600)
  INFO root [2019-07-15 09:45:15,134] - 
  INFO root [2019-07-15 09:45:15,140] - -----------------------------------------------------------------------------------------


  INFO root [2019-07-15 09:45:15,141] - Resmgr::initialize: KBE_ROOT=D:/kbengine/
  INFO root [2019-07-15 09:45:15,142] - Resmgr::initialize: KBE_RES_PATH=D:/kbengine/kbe/res/;D:/kbengine/HappyPoker_assets/;D:/kbengine/HappyPoker_assets/scripts/;D:/kbengine/HappyPoker_assets/res/
  INFO root [2019-07-15 09:45:15,142] - Resmgr::initialize: KBE_BIN_PATH=D:/kbengine/kbe/bin/server/
  INFO root [2019-07-15 09:45:15,179] - NetworkInterface::initialize(INTERNAL-TCP): bound to all interfaces with default route interface on 192.168.56.1 ( 192.168.56.1:58722 )
  INFO root [2019-07-15 09:45:15,179] - NetworkInterface::initialize(INTERNAL-TCP): address 192.168.56.1:58722, SOMAXCONN=5.
  INFO root [2019-07-15 09:45:15,179] - server-configs:
  INFO root [2019-07-15 09:45:15,179] - 	internalTcpAddr : 192.168.56.1:58722
  INFO root [2019-07-15 09:45:15,179] - 	componentID : 4000
  WARN root [2019-07-15 09:45:15,180] - invalid UID(0) <= 0, please check UID for environment! automatically set to 2082.
  WARN root [2019-07-15 09:45:15,521] - BundleBroadcast::BundleBroadcast: Cannot bind to port 20860, errorno=10048
  INFO root [2019-07-15 09:45:15,524] - ---- dbmgr Version: 2.4.5. ScriptVersion: 0.1.0. Pythoncore: 3.7.3. Protocol: 11178A1C367680938C8E416B64844ACD. Config: Debug X86. Built: 09:55:16 May  8 2019. AppID: 4000. UID: 2082. PID: 13948 ----
  INFO root [2019-07-15 09:45:15,525] - Server error_name: Intel(R) Core(TM) i5-6300HQ CPU @ 2.30GHz with 2097151kB RAM
  INFO root [2019-07-15 09:45:15,525] - ThreadPool::createThreadPool: creating  threadpool...
  INFO root [2019-07-15 09:45:15,526] - ThreadPool::createThreadPool: successfully(2), newThreadCount=1, normalMaxThreadCount=2, maxThreadCount=8
  INFO root [2019-07-15 09:45:15,719] - Script::install(): is successfully, Python=(3.7.3 (default, May  8 2019, 09:53:38) [MSC v.1916 32 bit (Intel)])!
  INFO root [2019-07-15 09:45:15,719] - Script::install(): KBExtra is successfully!
  INFO root [2019-07-15 09:45:15,911] - Dbmgr::initializeEnd: digest(EBEF31736185D230743D359F01C89CC1)
S_INFO root [2019-07-15 09:45:15,911] - onDBMgrReady: bootstrapGroupIndex=0, bootstrapGlobalIndex=0
  INFO root [2019-07-15 09:45:15,911] - TelnetServer server is running on port 32000
  INFO root [2019-07-15 09:45:15,912] - Dbmgr::initInterfacesHandler: interfaces addr(127.0.0.1:30099), accountType:(interfaces), chargeType:(interfaces).
  WARN root [2019-07-15 09:45:16,183] - DBUtil::initialize: db(default) password is not encrypted!
please use password(rsa):
9372943179F3B4EC90B57DB8F83FDB2E108C12303E5E7F2704AFE23E1117027D4C5B0B98BBCAC08239C0427B75F307DBEE884DC6EEDD07E09CA4DB970854334F3FEC2F31A8ED1C0CEA7961EFD98342F92846F98E71C5315887AD245ABAD4044352D65AD128ECB6470D66B80DE1BE50D14F6E9EE258501CFF1B0E2CBE6C8AF7AB
 DEBUG root [2019-07-15 09:45:16,187] - DBInterfaceMysql::attach: connect: localhost:3306 starting...
 DEBUG root [2019-07-15 09:45:16,302] - DBInterfaceMysql::attach: successfully! addr: localhost:3306
  INFO root [2019-07-15 09:45:16,303] - DBUtil::createInterface[0xbdf300]: interface=default, dbtype=mysql, ip=localhost, port=3306, currdatabase=kbe, username=kbe, connected=yes.

  INFO root [2019-07-15 09:45:16,303] - ThreadPool::createThreadPool: creating  threadpool...
  INFO root [2019-07-15 09:45:16,303] - ThreadPool::createThreadPool: successfully(5), newThreadCount=5, normalMaxThreadCount=5, maxThreadCount=5
 DEBUG root [2019-07-15 09:45:16,304] - DBInterfaceMysql::attach: connect: localhost:3306 starting...
 DEBUG root [2019-07-15 09:45:16,310] - DBInterfaceMysql::attach: connect: localhost:3306 starting...
 DEBUG root [2019-07-15 09:45:16,332] - DBInterfaceMysql::attach: connect: localhost:3306 starting...
 DEBUG root [2019-07-15 09:45:16,339] - DBInterfaceMysql::attach: connect: localhost:3306 starting...
 DEBUG root [2019-07-15 09:45:16,378] - DBInterfaceMysql::attach: connect: localhost:3306 starting...
 DEBUG root [2019-07-15 09:45:16,381] - DBInterfaceMysql::attach: successfully! addr: localhost:3306
 DEBUG root [2019-07-15 09:45:16,381] - DBThread::onStart(): 0x286c80!
 DEBUG root [2019-07-15 09:45:16,419] - DBInterfaceMysql::attach: successfully! addr: localhost:3306
 DEBUG root [2019-07-15 09:45:16,419] - DBThread::onStart(): 0x286e18!
 DEBUG root [2019-07-15 09:45:16,469] - DBInterfaceMysql::attach: successfully! addr: localhost:3306
 DEBUG root [2019-07-15 09:45:16,469] - DBThread::onStart(): 0x287478!
 DEBUG root [2019-07-15 09:45:16,536] - DBInterfaceMysql::attach: successfully! addr: localhost:3306
 DEBUG root [2019-07-15 09:45:16,536] - DBThread::onStart(): 0x286d90!
  INFO root [2019-07-15 09:45:16,614] - DBInterfaceMysql::query: successfully!
 DEBUG root [2019-07-15 09:45:16,661] - DBInterfaceMysql::attach: successfully! addr: localhost:3306
 DEBUG root [2019-07-15 09:45:16,661] - DBThread::onStart(): 0x287148!
  INFO root [2019-07-15 09:45:16,702] - DBInterfaceMysql::query: successfully!
  INFO root [2019-07-15 09:45:16,719] - DBInterfaceMysql::query: successfully!
  INFO root [2019-07-15 09:45:16,719] - DBInterfaceMysql::query: successfully!
  INFO root [2019-07-15 09:45:16,719] - DBInterfaceMysql::query: successfully!
  INFO root [2019-07-15 09:45:16,761] - DBInterfaceMysql::query: successfully!
  INFO root [2019-07-15 09:45:16,761] - DBInterfaceMysql::query: successfully!
  INFO root [2019-07-15 09:45:16,762] - DBInterfaceMysql::query: successfully!
  INFO root [2019-07-15 09:45:16,836] - DBInterfaceMysql::query: successfully!
  WARN root [2019-07-15 09:45:16,836] - DBTask::process(): took 0.22 seconds
sql:(select distinct(serverGroupID) from kbe_entitylog)
  WARN root [2019-07-15 09:45:16,878] - DBTask::process(): took 0.26 seconds
sql:(insert into kbe_serverlog (heartbeatTime, serverGroupID) values(1563155116,2082) ON DUPLICATE KEY UPDATE heartbeatTime=1563155116)
  WARN root [2019-07-15 09:45:16,976] - d:\kbengine\kbe\src\server\dbmgr\dbmgr.cpp:306: Profile scriptCall took 1.07 seconds
  INFO root [2019-07-15 09:45:17,374] - ---- dbmgr is running ----
 DEBUG root [2019-07-15 09:45:17,375] - Components::process(): Request for the process of identity...
  INFO root [2019-07-15 09:45:23,492] - ServerApp::onRegisterNewApp: uid:2082, username:error_name, componentType:interfaces, componentID:3000, globalorderID=-1, grouporderID=-1, intaddr:192.168.56.1, intport:30099, extaddr:nonsupport, extport:0,  from 127.0.0.1:30099/0/0/0.
  INFO root [2019-07-15 09:45:23,493] - Components::addComponent: reset orderLog, uid=2082!
  INFO root [2019-07-15 09:45:23,493] - Components::addComponent[interfaces], uid=2082, componentID=3000, globalorderid=1, grouporderid=1, totalcount=1
  INFO root [2019-07-15 09:45:24,513] - Components::findComponents: find logger(1)...
  INFO root [2019-07-15 09:45:24,548] - Components::findComponents: found logger, addr:192.168.56.1:58718
  INFO root [2019-07-15 09:45:24,548] - Components::addComponent: reset orderLog, uid=2082!
  INFO root [2019-07-15 09:45:24,549] - Components::addComponent[logger], uid=2082, componentID=2000, globalorderid=1, grouporderid=1, totalcount=1
  INFO root [2019-07-15 09:45:24,563] - Components::process(): Found all the components!
  WARN root [2019-07-15 09:45:24,563] - Forwarding logs to logger[192.168.56.1:58718/0/0/0]...
 ERROR root [2019-07-15 09:57:56,359] - Components::removeComponentByChannel: logger : 2000, Abnormal exit(reason=TCPPacketReceiver::processRecv(): error=10054
)! Channel(timestamp=163419802164, lastReceivedTime=163394834078, inactivityExceptionPeriod=134884015)
  INFO root [2019-07-15 09:57:56,364] - The following logs sent to logger failed:
  WARN root [2019-07-15 09:57:56,365] - ==> [2019-07-15 09:57:56 356] TCPPacketReceiver::processPendingEvents(192.168.56.1:58718): Throwing REASON_GENERAL_NETWORK - WSAECONNRESET
 ERROR root [2019-07-15 09:57:56,365] - ==> [2019-07-15 09:57:56 359] Components::removeComponentByChannel: logger : 2000, Abnormal exit(reason=TCPPacketReceiver::processRecv(): error=10054
)! Channel(timestamp=163419802164, lastReceivedTime=163394834078, inactivityExceptionPeriod=134884015)
  INFO root [2019-07-15 09:57:58,113] - 
  INFO root [2019-07-15 09:57:58,114] - -----------------------------------------------------------------------------------------


  INFO root [2019-07-15 09:57:58,115] - Resmgr::initialize: KBE_ROOT=D:/kbengine/
  INFO root [2019-07-15 09:57:58,115] - Resmgr::initialize: KBE_RES_PATH=D:/kbengine/kbe/res/;D:/kbengine/HappyPoker_assets/;D:/kbengine/HappyPoker_assets/scripts/;D:/kbengine/HappyPoker_assets/res/
  INFO root [2019-07-15 09:57:58,115] - Resmgr::initialize: KBE_BIN_PATH=D:/kbengine/kbe/bin/server/
  INFO root [2019-07-15 09:57:58,136] - NetworkInterface::initialize(INTERNAL-TCP): bound to all interfaces with default route interface on 192.168.56.1 ( 192.168.56.1:58865 )
  INFO root [2019-07-15 09:57:58,137] - NetworkInterface::initialize(INTERNAL-TCP): address 192.168.56.1:58865, SOMAXCONN=5.
  INFO root [2019-07-15 09:57:58,137] - server-configs:
  INFO root [2019-07-15 09:57:58,137] - 	internalTcpAddr : 192.168.56.1:58865
  INFO root [2019-07-15 09:57:58,137] - 	componentID : 4000
  WARN root [2019-07-15 09:57:58,138] - invalid UID(0) <= 0, please check UID for environment! automatically set to 2082.
  INFO root [2019-07-15 09:57:59,642] - ---- dbmgr Version: 2.4.5. ScriptVersion: 0.1.0. Pythoncore: 3.7.3. Protocol: 11178A1C367680938C8E416B64844ACD. Config: Debug X86. Built: 09:55:16 May  8 2019. AppID: 4000. UID: 2082. PID: 1152 ----
  INFO root [2019-07-15 09:57:59,643] - Server error_name: Intel(R) Core(TM) i5-6300HQ CPU @ 2.30GHz with 2097151kB RAM
  INFO root [2019-07-15 09:57:59,644] - ThreadPool::createThreadPool: creating  threadpool...
  INFO root [2019-07-15 09:57:59,644] - ThreadPool::createThreadPool: successfully(2), newThreadCount=1, normalMaxThreadCount=2, maxThreadCount=8
  INFO root [2019-07-15 09:57:59,841] - Script::install(): is successfully, Python=(3.7.3 (default, May  8 2019, 09:53:38) [MSC v.1916 32 bit (Intel)])!
  INFO root [2019-07-15 09:57:59,841] - Script::install(): KBExtra is successfully!
  INFO root [2019-07-15 09:58:00,017] - Dbmgr::initializeEnd: digest(EBEF31736185D230743D359F01C89CC1)
S_INFO root [2019-07-15 09:58:00,017] - onDBMgrReady: bootstrapGroupIndex=0, bootstrapGlobalIndex=0
  INFO root [2019-07-15 09:58:00,017] - TelnetServer server is running on port 32000
  INFO root [2019-07-15 09:58:00,018] - Dbmgr::initInterfacesHandler: interfaces addr(127.0.0.1:30099), accountType:(interfaces), chargeType:(interfaces).
  WARN root [2019-07-15 09:58:00,299] - DBUtil::initialize: db(default) password is not encrypted!
please use password(rsa):
45F283F520467A770039F0462310CE57EC960790A0F5E8DAA09E680DB842AA4564A93FD50508A2C168F31A1AB35572228BDBA83F336779C5343CE78323F4F05C03DAAA52AE62973EE13DF0D746C6F3587585D8BED5A48FA54A3733F88B3178287D56E161B784D963877FD5E6B5601B8827D0BB6C619A0E3AB8816CF3E14EF240
 DEBUG root [2019-07-15 09:58:00,303] - DBInterfaceMysql::attach: connect: localhost:3306 starting...
 DEBUG root [2019-07-15 09:58:00,415] - DBInterfaceMysql::attach: successfully! addr: localhost:3306
  INFO root [2019-07-15 09:58:00,415] - DBUtil::createInterface[0x1faed94]: interface=default, dbtype=mysql, ip=localhost, port=3306, currdatabase=kbe, username=kbe, connected=yes.

  INFO root [2019-07-15 09:58:00,416] - ThreadPool::createThreadPool: creating  threadpool...
  INFO root [2019-07-15 09:58:00,416] - ThreadPool::createThreadPool: successfully(5), newThreadCount=5, normalMaxThreadCount=5, maxThreadCount=5
 DEBUG root [2019-07-15 09:58:00,417] - DBInterfaceMysql::attach: connect: localhost:3306 starting...
 DEBUG root [2019-07-15 09:58:00,417] - DBInterfaceMysql::attach: connect: localhost:3306 starting...
 DEBUG root [2019-07-15 09:58:00,418] - DBInterfaceMysql::attach: connect: localhost:3306 starting...
 DEBUG root [2019-07-15 09:58:00,418] - DBInterfaceMysql::attach: connect: localhost:3306 starting...
 DEBUG root [2019-07-15 09:58:00,418] - DBInterfaceMysql::attach: connect: localhost:3306 starting...
 DEBUG root [2019-07-15 09:58:00,518] - DBInterfaceMysql::attach: successfully! addr: localhost:3306
 DEBUG root [2019-07-15 09:58:00,518] - DBThread::onStart(): 0x22b5dd0!
 DEBUG root [2019-07-15 09:58:00,586] - DBInterfaceMysql::attach: successfully! addr: localhost:3306
 DEBUG root [2019-07-15 09:58:00,586] - DBThread::onStart(): 0x22b5d48!
 DEBUG root [2019-07-15 09:58:00,654] - DBInterfaceMysql::attach: successfully! addr: localhost:3306
 DEBUG root [2019-07-15 09:58:00,654] - DBThread::onStart(): 0x22b5e58!
  INFO root [2019-07-15 09:58:00,655] - DBInterfaceMysql::query: successfully!
 DEBUG root [2019-07-15 09:58:00,733] - DBInterfaceMysql::attach: successfully! addr: localhost:3306
 DEBUG root [2019-07-15 09:58:00,733] - DBThread::onStart(): 0x22b5880!
 DEBUG root [2019-07-15 09:58:00,803] - DBInterfaceMysql::attach: successfully! addr: localhost:3306
 DEBUG root [2019-07-15 09:58:00,803] - DBThread::onStart(): 0x22b6298!
  INFO root [2019-07-15 09:58:00,836] - DBInterfaceMysql::query: successfully!
  INFO root [2019-07-15 09:58:00,852] - DBInterfaceMysql::query: successfully!
  INFO root [2019-07-15 09:58:00,853] - DBInterfaceMysql::query: successfully!
  INFO root [2019-07-15 09:58:00,853] - DBInterfaceMysql::query: successfully!
  INFO root [2019-07-15 09:58:00,853] - DBInterfaceMysql::query: successfully!
  INFO root [2019-07-15 09:58:00,853] - DBInterfaceMysql::query: successfully!
  INFO root [2019-07-15 09:58:00,854] - DBInterfaceMysql::query: successfully!
  WARN root [2019-07-15 09:58:00,927] - DBTask::process(): took 0.27 seconds
sql:(insert into kbe_serverlog (heartbeatTime, serverGroupID) values(1563155880,2082) ON DUPLICATE KEY UPDATE heartbeatTime=1563155880)
  INFO root [2019-07-15 09:58:00,962] - DBInterfaceMysql::query: successfully!
  WARN root [2019-07-15 09:58:00,963] - DBTask::process(): took 0.31 seconds
sql:(select distinct(serverGroupID) from kbe_entitylog)
  WARN root [2019-07-15 09:58:01,085] - d:\kbengine\kbe\src\server\dbmgr\dbmgr.cpp:306: Profile scriptCall took 1.07 seconds
  INFO root [2019-07-15 09:58:01,487] - ---- dbmgr is running ----
 DEBUG root [2019-07-15 09:58:01,488] - Components::process(): Request for the process of identity...
  INFO root [2019-07-15 09:58:07,597] - ServerApp::onRegisterNewApp: uid:2082, username:error_name, componentType:interfaces, componentID:3000, globalorderID=-1, grouporderID=-1, intaddr:192.168.56.1, intport:30099, extaddr:nonsupport, extport:0,  from 127.0.0.1:30099/0/0/0.
  INFO root [2019-07-15 09:58:07,597] - Components::addComponent: reset orderLog, uid=2082!
  INFO root [2019-07-15 09:58:07,597] - Components::addComponent[interfaces], uid=2082, componentID=3000, globalorderid=1, grouporderid=1, totalcount=1
  INFO root [2019-07-15 09:58:08,598] - Components::findComponents: find logger(1)...
  INFO root [2019-07-15 09:58:08,682] - Components::findComponents: found logger, addr:192.168.56.1:58863
  INFO root [2019-07-15 09:58:08,682] - Components::addComponent: reset orderLog, uid=2082!
  INFO root [2019-07-15 09:58:08,683] - Components::addComponent[logger], uid=2082, componentID=2000, globalorderid=1, grouporderid=1, totalcount=1
  WARN root [2019-07-15 09:58:08,684] - Forwarding logs to logger[192.168.56.1:58863/0/0/0]...
 ERROR root [2019-07-15 10:17:48,187] - Components::removeComponentByChannel: logger : 2000, Abnormal exit(reason=TCPPacketReceiver::processRecv(): error=10054
)! Channel(timestamp=166101089312, lastReceivedTime=166056245309, inactivityExceptionPeriod=134881985)
  INFO root [2019-07-15 10:17:48,189] - The following logs sent to logger failed:
  WARN root [2019-07-15 10:17:48,190] - ==> [2019-07-15 10:17:48 187] TCPPacketReceiver::processPendingEvents(192.168.56.1:58863): Throwing REASON_GENERAL_NETWORK - WSAECONNRESET
 ERROR root [2019-07-15 10:17:48,190] - ==> [2019-07-15 10:17:48 188] Components::removeComponentByChannel: logger : 2000, Abnormal exit(reason=TCPPacketReceiver::processRecv(): error=10054
)! Channel(timestamp=166101089312, lastReceivedTime=166056245309, inactivityExceptionPeriod=134881985)
  INFO root [2019-07-15 10:17:49,896] - 
  INFO root [2019-07-15 10:17:49,899] - -----------------------------------------------------------------------------------------


  INFO root [2019-07-15 10:17:49,900] - Resmgr::initialize: KBE_ROOT=D:/kbengine/
  INFO root [2019-07-15 10:17:49,900] - Resmgr::initialize: KBE_RES_PATH=D:/kbengine/kbe/res/;D:/kbengine/HappyPoker_assets/;D:/kbengine/HappyPoker_assets/scripts/;D:/kbengine/HappyPoker_assets/res/
  INFO root [2019-07-15 10:17:49,900] - Resmgr::initialize: KBE_BIN_PATH=D:/kbengine/kbe/bin/server/
  INFO root [2019-07-15 10:17:49,932] - NetworkInterface::initialize(INTERNAL-TCP): bound to all interfaces with default route interface on 192.168.56.1 ( 192.168.56.1:59125 )
  INFO root [2019-07-15 10:17:49,933] - NetworkInterface::initialize(INTERNAL-TCP): address 192.168.56.1:59125, SOMAXCONN=5.
  INFO root [2019-07-15 10:17:49,933] - server-configs:
  INFO root [2019-07-15 10:17:49,933] - 	internalTcpAddr : 192.168.56.1:59125
  INFO root [2019-07-15 10:17:49,933] - 	componentID : 4000
  WARN root [2019-07-15 10:17:49,935] - invalid UID(0) <= 0, please check UID for environment! automatically set to 2082.
  INFO root [2019-07-15 10:17:51,444] - ---- dbmgr Version: 2.4.5. ScriptVersion: 0.1.0. Pythoncore: 3.7.3. Protocol: 11178A1C367680938C8E416B64844ACD. Config: Debug X86. Built: 09:55:16 May  8 2019. AppID: 4000. UID: 2082. PID: 8400 ----
  INFO root [2019-07-15 10:17:51,445] - Server error_name: Intel(R) Core(TM) i5-6300HQ CPU @ 2.30GHz with 2097151kB RAM
  INFO root [2019-07-15 10:17:51,446] - ThreadPool::createThreadPool: creating  threadpool...
  INFO root [2019-07-15 10:17:51,446] - ThreadPool::createThreadPool: successfully(2), newThreadCount=1, normalMaxThreadCount=2, maxThreadCount=8
  INFO root [2019-07-15 10:17:51,647] - Script::install(): is successfully, Python=(3.7.3 (default, May  8 2019, 09:53:38) [MSC v.1916 32 bit (Intel)])!
  INFO root [2019-07-15 10:17:51,647] - Script::install(): KBExtra is successfully!
  INFO root [2019-07-15 10:17:51,824] - Dbmgr::initializeEnd: digest(EBEF31736185D230743D359F01C89CC1)
S_INFO root [2019-07-15 10:17:51,825] - onDBMgrReady: bootstrapGroupIndex=0, bootstrapGlobalIndex=0
  INFO root [2019-07-15 10:17:51,825] - TelnetServer server is running on port 32000
  INFO root [2019-07-15 10:17:51,825] - Dbmgr::initInterfacesHandler: interfaces addr(127.0.0.1:30099), accountType:(interfaces), chargeType:(interfaces).
  WARN root [2019-07-15 10:17:52,096] - DBUtil::initialize: db(default) password is not encrypted!
please use password(rsa):
C624120699AAFA3025ADE94501FCD1957D274553D2BE0F390697922CBA1488DD2C12F4537DB214BE406B1E1B5C3EFBEFA70A7C118C21C10C21E42DAC4F7BBCF7F0AE313E78BA4D235829F0FFF2FD66DEC086DC6CB57687AB9CD0B116260AA808D08D0B831F8B163FA043340B3ADE867B3BD797804B7B07166EE997981D4ACBC7
 DEBUG root [2019-07-15 10:17:52,101] - DBInterfaceMysql::attach: connect: localhost:3306 starting...
 DEBUG root [2019-07-15 10:17:52,252] - DBInterfaceMysql::attach: successfully! addr: localhost:3306
  INFO root [2019-07-15 10:17:52,252] - DBUtil::createInterface[0x1faf2e0]: interface=default, dbtype=mysql, ip=localhost, port=3306, currdatabase=kbe, username=kbe, connected=yes.

  INFO root [2019-07-15 10:17:52,253] - ThreadPool::createThreadPool: creating  threadpool...
  INFO root [2019-07-15 10:17:52,253] - ThreadPool::createThreadPool: successfully(5), newThreadCount=5, normalMaxThreadCount=5, maxThreadCount=5
 DEBUG root [2019-07-15 10:17:52,281] - DBInterfaceMysql::attach: connect: localhost:3306 starting...
 DEBUG root [2019-07-15 10:17:52,285] - DBInterfaceMysql::attach: connect: localhost:3306 starting...
 DEBUG root [2019-07-15 10:17:52,298] - DBInterfaceMysql::attach: connect: localhost:3306 starting...
 DEBUG root [2019-07-15 10:17:52,301] - DBInterfaceMysql::attach: connect: localhost:3306 starting...
 DEBUG root [2019-07-15 10:17:52,315] - DBInterfaceMysql::attach: connect: localhost:3306 starting...
 DEBUG root [2019-07-15 10:17:52,357] - DBInterfaceMysql::attach: successfully! addr: localhost:3306
 DEBUG root [2019-07-15 10:17:52,357] - DBThread::onStart(): 0x25b5d98!
  INFO root [2019-07-15 10:17:52,425] - DBInterfaceMysql::query: successfully!
 DEBUG root [2019-07-15 10:17:52,512] - DBInterfaceMysql::attach: successfully! addr: localhost:3306
 DEBUG root [2019-07-15 10:17:52,512] - DBThread::onStart(): 0x25b69d0!
 DEBUG root [2019-07-15 10:17:52,590] - DBInterfaceMysql::attach: successfully! addr: localhost:3306
 DEBUG root [2019-07-15 10:17:52,590] - DBThread::onStart(): 0x25b6150!
  INFO root [2019-07-15 10:17:52,689] - DBInterfaceMysql::query: successfully!
  WARN root [2019-07-15 10:17:52,690] - DBTask::process(): took 0.26 seconds
sql:(CREATE TABLE IF NOT EXISTS kbe_accountinfos (`accountName` varchar(128) not null, PRIMARY KEY idKey (`accountName`),`password` varchar(255) not null,`bindata` blob,`email` varchar(191) not null, UNIQUE KEY `email` (`email`),`entityDBID` bigint(20) unsigned not null DEFAULT 0, UNIQUE KEY `entityDBID` (`entityDBID`),`flags` int unsigned not null DEFAULT 0,`deadline` bigint(20) not null DEFAULT 0,`regtime` bigint(20) not null DEFAULT 0,`lasttime` bigint(20) not null DEFAULT 0,`numlogin` int unsigned not null DEFAULT 0)ENGINE=InnoDB)
  INFO root [2019-07-15 10:17:52,728] - DBInterfaceMysql::query: successfully!
 DEBUG root [2019-07-15 10:17:52,820] - DBInterfaceMysql::attach: successfully! addr: localhost:3306
 DEBUG root [2019-07-15 10:17:52,820] - DBThread::onStart(): 0x25b6370!
  INFO root [2019-07-15 10:17:52,873] - DBInterfaceMysql::query: successfully!
  WARN root [2019-07-15 10:17:52,874] - DBTask::process(): took 0.36 seconds
sql:(select distinct(serverGroupID) from kbe_entitylog)
 DEBUG root [2019-07-15 10:17:52,906] - DBInterfaceMysql::attach: successfully! addr: localhost:3306
 DEBUG root [2019-07-15 10:17:52,906] - DBThread::onStart(): 0x25b5e20!
  INFO root [2019-07-15 10:17:53,023] - DBInterfaceMysql::query: successfully!
  INFO root [2019-07-15 10:17:53,023] - DBInterfaceMysql::query: successfully!
  INFO root [2019-07-15 10:17:53,034] - DBInterfaceMysql::query: successfully!
  INFO root [2019-07-15 10:17:53,035] - DBInterfaceMysql::query: successfully!
  INFO root [2019-07-15 10:17:53,035] - DBInterfaceMysql::query: successfully!
  WARN root [2019-07-15 10:17:53,073] - DBTask::process(): took 0.38 seconds
sql:(show index from tbl_Account_friendList)
  WARN root [2019-07-15 10:17:53,075] - DBTask::process(): took 0.25 seconds
sql:(show index from tbl_Friend)
  WARN root [2019-07-15 10:17:53,106] - DBTask::process(): took 0.52 seconds
sql:(insert into kbe_serverlog (heartbeatTime, serverGroupID) values(1563157073,2082) ON DUPLICATE KEY UPDATE heartbeatTime=1563157073)
  WARN root [2019-07-15 10:17:53,173] - d:\kbengine\kbe\src\server\dbmgr\dbmgr.cpp:306: Profile scriptCall took 1.35 seconds
  INFO root [2019-07-15 10:17:53,565] - ---- dbmgr is running ----
 DEBUG root [2019-07-15 10:17:53,566] - Components::process(): Request for the process of identity...
  INFO root [2019-07-15 10:17:59,678] - ServerApp::onRegisterNewApp: uid:2082, username:error_name, componentType:interfaces, componentID:3000, globalorderID=-1, grouporderID=-1, intaddr:192.168.56.1, intport:30099, extaddr:nonsupport, extport:0,  from 127.0.0.1:30099/0/0/0.
  INFO root [2019-07-15 10:17:59,678] - Components::addComponent: reset orderLog, uid=2082!
  INFO root [2019-07-15 10:17:59,678] - Components::addComponent[interfaces], uid=2082, componentID=3000, globalorderid=1, grouporderid=1, totalcount=1
  INFO root [2019-07-15 10:18:00,686] - Components::findComponents: find logger(1)...
  INFO root [2019-07-15 10:18:00,716] - Components::findComponents: found logger, addr:192.168.56.1:59124
  INFO root [2019-07-15 10:18:00,716] - Components::addComponent: reset orderLog, uid=2082!
  INFO root [2019-07-15 10:18:00,717] - Components::addComponent[logger], uid=2082, componentID=2000, globalorderid=1, grouporderid=1, totalcount=1
  WARN root [2019-07-15 10:18:00,718] - Forwarding logs to logger[192.168.56.1:59124/0/0/0]...
 ERROR root [2019-07-15 10:28:51,240] - Components::removeComponentByChannel: logger : 2000, Abnormal exit(reason=TCPPacketReceiver::processRecv(): error=10054
)! Channel(timestamp=167592778430, lastReceivedTime=167589976302, inactivityExceptionPeriod=134878084)
  INFO root [2019-07-15 10:28:51,242] - The following logs sent to logger failed:
  WARN root [2019-07-15 10:28:51,243] - ==> [2019-07-15 10:28:51 236] TCPPacketReceiver::processPendingEvents(192.168.56.1:59124): Throwing REASON_GENERAL_NETWORK - WSAECONNRESET
 ERROR root [2019-07-15 10:28:51,243] - ==> [2019-07-15 10:28:51 241] Components::removeComponentByChannel: logger : 2000, Abnormal exit(reason=TCPPacketReceiver::processRecv(): error=10054
)! Channel(timestamp=167592778430, lastReceivedTime=167589976302, inactivityExceptionPeriod=134878084)
  INFO root [2019-07-15 10:28:53,225] - 
  INFO root [2019-07-15 10:28:53,235] - -----------------------------------------------------------------------------------------


  INFO root [2019-07-15 10:28:53,236] - Resmgr::initialize: KBE_ROOT=D:/kbengine/
  INFO root [2019-07-15 10:28:53,237] - Resmgr::initialize: KBE_RES_PATH=D:/kbengine/kbe/res/;D:/kbengine/HappyPoker_assets/;D:/kbengine/HappyPoker_assets/scripts/;D:/kbengine/HappyPoker_assets/res/
  INFO root [2019-07-15 10:28:53,237] - Resmgr::initialize: KBE_BIN_PATH=D:/kbengine/kbe/bin/server/
  INFO root [2019-07-15 10:28:53,265] - NetworkInterface::initialize(INTERNAL-TCP): bound to all interfaces with default route interface on 192.168.56.1 ( 192.168.56.1:59277 )
  INFO root [2019-07-15 10:28:53,265] - NetworkInterface::initialize(INTERNAL-TCP): address 192.168.56.1:59277, SOMAXCONN=5.
  INFO root [2019-07-15 10:28:53,265] - server-configs:
  INFO root [2019-07-15 10:28:53,265] - 	internalTcpAddr : 192.168.56.1:59277
  INFO root [2019-07-15 10:28:53,265] - 	componentID : 4000
  WARN root [2019-07-15 10:28:53,279] - invalid UID(0) <= 0, please check UID for environment! automatically set to 2082.
  INFO root [2019-07-15 10:28:54,783] - ---- dbmgr Version: 2.4.5. ScriptVersion: 0.1.0. Pythoncore: 3.7.3. Protocol: 11178A1C367680938C8E416B64844ACD. Config: Debug X86. Built: 09:55:16 May  8 2019. AppID: 4000. UID: 2082. PID: 7256 ----
  INFO root [2019-07-15 10:28:54,784] - Server error_name: Intel(R) Core(TM) i5-6300HQ CPU @ 2.30GHz with 2097151kB RAM
  INFO root [2019-07-15 10:28:54,784] - ThreadPool::createThreadPool: creating  threadpool...
  INFO root [2019-07-15 10:28:54,784] - ThreadPool::createThreadPool: successfully(2), newThreadCount=1, normalMaxThreadCount=2, maxThreadCount=8
  INFO root [2019-07-15 10:28:55,045] - Script::install(): is successfully, Python=(3.7.3 (default, May  8 2019, 09:53:38) [MSC v.1916 32 bit (Intel)])!
  INFO root [2019-07-15 10:28:55,045] - Script::install(): KBExtra is successfully!
  INFO root [2019-07-15 10:28:55,288] - Dbmgr::initializeEnd: digest(EBEF31736185D230743D359F01C89CC1)
S_INFO root [2019-07-15 10:28:55,289] - onDBMgrReady: bootstrapGroupIndex=0, bootstrapGlobalIndex=0
  INFO root [2019-07-15 10:28:55,290] - TelnetServer server is running on port 32000
  INFO root [2019-07-15 10:28:55,291] - Dbmgr::initInterfacesHandler: interfaces addr(127.0.0.1:30099), accountType:(interfaces), chargeType:(interfaces).
  WARN root [2019-07-15 10:28:55,669] - DBUtil::initialize: db(default) password is not encrypted!
please use password(rsa):
1B695ECC65C8D29E7B776DA129AAC956359889F6CDF8E6800A8DBA5F2E9EF98F43406E23EE0DBFE9DDA5D436E3982467E4826A109E49981AA1CD9FD7A418FC97BE0247BB7BF60CEA6BD4BF331EA49B12B5B97A4E0F6EFC1911B50EE6C7F27883575890D496854519CEA8477E4893B7BE6DED3F98648C3410177F473A5797D4DA
 DEBUG root [2019-07-15 10:28:55,677] - DBInterfaceMysql::attach: connect: localhost:3306 starting...
 DEBUG root [2019-07-15 10:28:55,844] - DBInterfaceMysql::attach: successfully! addr: localhost:3306
  INFO root [2019-07-15 10:28:55,845] - DBUtil::createInterface[0x77ed78]: interface=default, dbtype=mysql, ip=localhost, port=3306, currdatabase=kbe, username=kbe, connected=yes.

  INFO root [2019-07-15 10:28:55,845] - ThreadPool::createThreadPool: creating  threadpool...
  INFO root [2019-07-15 10:28:55,846] - ThreadPool::createThreadPool: successfully(5), newThreadCount=5, normalMaxThreadCount=5, maxThreadCount=5
 DEBUG root [2019-07-15 10:28:55,846] - DBInterfaceMysql::attach: connect: localhost:3306 starting...
 DEBUG root [2019-07-15 10:28:55,846] - DBInterfaceMysql::attach: connect: localhost:3306 starting...
 DEBUG root [2019-07-15 10:28:55,848] - DBInterfaceMysql::attach: connect: localhost:3306 starting...
 DEBUG root [2019-07-15 10:28:55,851] - DBInterfaceMysql::attach: connect: localhost:3306 starting...
 DEBUG root [2019-07-15 10:28:55,865] - DBInterfaceMysql::attach: connect: localhost:3306 starting...
 DEBUG root [2019-07-15 10:28:55,924] - DBInterfaceMysql::attach: successfully! addr: localhost:3306
 DEBUG root [2019-07-15 10:28:55,924] - DBThread::onStart(): 0x9bb7b0!
 DEBUG root [2019-07-15 10:28:55,982] - DBInterfaceMysql::attach: successfully! addr: localhost:3306
 DEBUG root [2019-07-15 10:28:55,982] - DBThread::onStart(): 0x9bb9d0!
 DEBUG root [2019-07-15 10:28:56,100] - DBInterfaceMysql::attach: successfully! addr: localhost:3306
 DEBUG root [2019-07-15 10:28:56,100] - DBThread::onStart(): 0x9bc030!
  INFO root [2019-07-15 10:28:56,106] - DBInterfaceMysql::query: successfully!
 DEBUG root [2019-07-15 10:28:56,208] - DBInterfaceMysql::attach: successfully! addr: localhost:3306
 DEBUG root [2019-07-15 10:28:56,208] - DBThread::onStart(): 0x9bbc78!
 DEBUG root [2019-07-15 10:28:56,250] - DBInterfaceMysql::attach: successfully! addr: localhost:3306
 DEBUG root [2019-07-15 10:28:56,250] - DBThread::onStart(): 0x9bbd00!
  INFO root [2019-07-15 10:28:56,282] - DBInterfaceMysql::query: successfully!
  INFO root [2019-07-15 10:28:56,282] - DBInterfaceMysql::query: successfully!
  INFO root [2019-07-15 10:28:56,299] - DBInterfaceMysql::query: successfully!
  INFO root [2019-07-15 10:28:56,299] - DBInterfaceMysql::query: successfully!
  INFO root [2019-07-15 10:28:56,299] - DBInterfaceMysql::query: successfully!
  INFO root [2019-07-15 10:28:56,300] - DBInterfaceMysql::query: successfully!
  INFO root [2019-07-15 10:28:56,300] - DBInterfaceMysql::query: successfully!
  WARN root [2019-07-15 10:28:56,410] - DBTask::process(): took 0.30 seconds
sql:(insert into kbe_serverlog (heartbeatTime, serverGroupID) values(1563157736,2082) ON DUPLICATE KEY UPDATE heartbeatTime=1563157736)
  INFO root [2019-07-15 10:28:56,524] - DBInterfaceMysql::query: successfully!
  WARN root [2019-07-15 10:28:56,525] - DBTask::process(): took 0.42 seconds
sql:(select distinct(serverGroupID) from kbe_entitylog)
  WARN root [2019-07-15 10:28:56,734] - d:\kbengine\kbe\src\server\dbmgr\dbmgr.cpp:306: Profile scriptCall took 1.45 seconds
  INFO root [2019-07-15 10:28:57,118] - ---- dbmgr is running ----
 DEBUG root [2019-07-15 10:28:57,119] - Components::process(): Request for the process of identity...
  INFO root [2019-07-15 10:29:03,227] - ServerApp::onRegisterNewApp: uid:2082, username:error_name, componentType:interfaces, componentID:3000, globalorderID=-1, grouporderID=-1, intaddr:192.168.56.1, intport:30099, extaddr:nonsupport, extport:0,  from 127.0.0.1:30099/0/0/0.
  INFO root [2019-07-15 10:29:03,228] - Components::addComponent: reset orderLog, uid=2082!
  INFO root [2019-07-15 10:29:03,228] - Components::addComponent[interfaces], uid=2082, componentID=3000, globalorderid=1, grouporderid=1, totalcount=1
  INFO root [2019-07-15 10:29:04,243] - Components::findComponents: find logger(1)...
  INFO root [2019-07-15 10:29:04,336] - Components::findComponents: found logger, addr:192.168.56.1:59274
  INFO root [2019-07-15 10:29:04,336] - Components::addComponent: reset orderLog, uid=2082!
  INFO root [2019-07-15 10:29:04,336] - Components::addComponent[logger], uid=2082, componentID=2000, globalorderid=1, grouporderid=1, totalcount=1
  WARN root [2019-07-15 10:29:04,338] - Forwarding logs to logger[192.168.56.1:59274/0/0/0]...
 ERROR root [2019-07-15 10:48:19,724] - Components::removeComponentByChannel: logger : 2000, Abnormal exit(reason=TCPPacketReceiver::processRecv(): error=10054
)! Channel(timestamp=170221726954, lastReceivedTime=170162131551, inactivityExceptionPeriod=134880786)
  INFO root [2019-07-15 10:48:19,727] - The following logs sent to logger failed:
  WARN root [2019-07-15 10:48:19,728] - ==> [2019-07-15 10:48:19 722] TCPPacketReceiver::processPendingEvents(192.168.56.1:59274): Throwing REASON_GENERAL_NETWORK - WSAECONNRESET
 ERROR root [2019-07-15 10:48:19,728] - ==> [2019-07-15 10:48:19 725] Components::removeComponentByChannel: logger : 2000, Abnormal exit(reason=TCPPacketReceiver::processRecv(): error=10054
)! Channel(timestamp=170221726954, lastReceivedTime=170162131551, inactivityExceptionPeriod=134880786)
  INFO root [2019-07-15 10:48:21,413] - 
  INFO root [2019-07-15 10:48:21,423] - -----------------------------------------------------------------------------------------


  INFO root [2019-07-15 10:48:21,424] - Resmgr::initialize: KBE_ROOT=D:/kbengine/
  INFO root [2019-07-15 10:48:21,424] - Resmgr::initialize: KBE_RES_PATH=D:/kbengine/kbe/res/;D:/kbengine/HappyPoker_assets/;D:/kbengine/HappyPoker_assets/scripts/;D:/kbengine/HappyPoker_assets/res/
  INFO root [2019-07-15 10:48:21,424] - Resmgr::initialize: KBE_BIN_PATH=D:/kbengine/kbe/bin/server/
  INFO root [2019-07-15 10:48:21,460] - NetworkInterface::initialize(INTERNAL-TCP): bound to all interfaces with default route interface on 192.168.56.1 ( 192.168.56.1:59649 )
  INFO root [2019-07-15 10:48:21,461] - NetworkInterface::initialize(INTERNAL-TCP): address 192.168.56.1:59649, SOMAXCONN=5.
  INFO root [2019-07-15 10:48:21,461] - server-configs:
  INFO root [2019-07-15 10:48:21,461] - 	internalTcpAddr : 192.168.56.1:59649
  INFO root [2019-07-15 10:48:21,461] - 	componentID : 4000
  WARN root [2019-07-15 10:48:21,471] - invalid UID(0) <= 0, please check UID for environment! automatically set to 2082.
  INFO root [2019-07-15 10:48:22,980] - ---- dbmgr Version: 2.4.5. ScriptVersion: 0.1.0. Pythoncore: 3.7.3. Protocol: 11178A1C367680938C8E416B64844ACD. Config: Debug X86. Built: 09:55:16 May  8 2019. AppID: 4000. UID: 2082. PID: 12504 ----
  INFO root [2019-07-15 10:48:22,981] - Server error_name: Intel(R) Core(TM) i5-6300HQ CPU @ 2.30GHz with 2097151kB RAM
  INFO root [2019-07-15 10:48:22,981] - ThreadPool::createThreadPool: creating  threadpool...
  INFO root [2019-07-15 10:48:22,982] - ThreadPool::createThreadPool: successfully(2), newThreadCount=1, normalMaxThreadCount=2, maxThreadCount=8
  INFO root [2019-07-15 10:48:23,179] - Script::install(): is successfully, Python=(3.7.3 (default, May  8 2019, 09:53:38) [MSC v.1916 32 bit (Intel)])!
  INFO root [2019-07-15 10:48:23,179] - Script::install(): KBExtra is successfully!
  INFO root [2019-07-15 10:48:23,373] - Dbmgr::initializeEnd: digest(EBEF31736185D230743D359F01C89CC1)
S_INFO root [2019-07-15 10:48:23,373] - onDBMgrReady: bootstrapGroupIndex=0, bootstrapGlobalIndex=0
  INFO root [2019-07-15 10:48:23,374] - TelnetServer server is running on port 32000
  INFO root [2019-07-15 10:48:23,374] - Dbmgr::initInterfacesHandler: interfaces addr(127.0.0.1:30099), accountType:(interfaces), chargeType:(interfaces).
  WARN root [2019-07-15 10:48:23,673] - DBUtil::initialize: db(default) password is not encrypted!
please use password(rsa):
54EE05D08DF0A8950FEAB8D38502A30FA5F920695DBEF4C182515C24D672C7DB84865C545A68C7374E2581BD919C8D12F8B3E4130D00FC7FD6BC4AE849FEB0814B56B8C38AC744233F763CCF0EB309042DF857A7EBDF9BAC72C951E498FFAEF28AE81C40E5EA60A6E2D53F6D3E3416F55DAECC36FBCBA85F9D91D0C571DE5837
 DEBUG root [2019-07-15 10:48:23,677] - DBInterfaceMysql::attach: connect: localhost:3306 starting...
 DEBUG root [2019-07-15 10:48:23,876] - DBInterfaceMysql::attach: successfully! addr: localhost:3306
  INFO root [2019-07-15 10:48:23,876] - DBUtil::createInterface[0x1f9f23c]: interface=default, dbtype=mysql, ip=localhost, port=3306, currdatabase=kbe, username=kbe, connected=yes.

  INFO root [2019-07-15 10:48:23,877] - ThreadPool::createThreadPool: creating  threadpool...
  INFO root [2019-07-15 10:48:23,877] - ThreadPool::createThreadPool: successfully(5), newThreadCount=5, normalMaxThreadCount=5, maxThreadCount=5
 DEBUG root [2019-07-15 10:48:23,877] - DBInterfaceMysql::attach: connect: localhost:3306 starting...
 DEBUG root [2019-07-15 10:48:23,878] - DBInterfaceMysql::attach: connect: localhost:3306 starting...
 DEBUG root [2019-07-15 10:48:23,878] - DBInterfaceMysql::attach: connect: localhost:3306 starting...
 DEBUG root [2019-07-15 10:48:23,879] - DBInterfaceMysql::attach: connect: localhost:3306 starting...
 DEBUG root [2019-07-15 10:48:23,889] - DBInterfaceMysql::attach: connect: localhost:3306 starting...
 DEBUG root [2019-07-15 10:48:23,955] - DBInterfaceMysql::attach: successfully! addr: localhost:3306
 DEBUG root [2019-07-15 10:48:23,955] - DBThread::onStart(): 0x23e7748!
 DEBUG root [2019-07-15 10:48:24,025] - DBInterfaceMysql::attach: successfully! addr: localhost:3306
 DEBUG root [2019-07-15 10:48:24,025] - DBThread::onStart(): 0x23e7b00!
  INFO root [2019-07-15 10:48:24,113] - DBInterfaceMysql::query: successfully!
 DEBUG root [2019-07-15 10:48:24,169] - DBInterfaceMysql::attach: successfully! addr: localhost:3306
 DEBUG root [2019-07-15 10:48:24,169] - DBThread::onStart(): 0x23e79f0!
  INFO root [2019-07-15 10:48:24,218] - DBInterfaceMysql::query: successfully!
  INFO root [2019-07-15 10:48:24,252] - DBInterfaceMysql::query: successfully!
  INFO root [2019-07-15 10:48:24,252] - DBInterfaceMysql::query: successfully!
  INFO root [2019-07-15 10:48:24,252] - DBInterfaceMysql::query: successfully!
 DEBUG root [2019-07-15 10:48:24,268] - DBInterfaceMysql::attach: successfully! addr: localhost:3306
 DEBUG root [2019-07-15 10:48:24,268] - DBThread::onStart(): 0x23e78e0!
 DEBUG root [2019-07-15 10:48:24,354] - DBInterfaceMysql::attach: successfully! addr: localhost:3306
 DEBUG root [2019-07-15 10:48:24,354] - DBThread::onStart(): 0x23e7a78!
  INFO root [2019-07-15 10:48:24,427] - DBInterfaceMysql::query: successfully!
  WARN root [2019-07-15 10:48:24,427] - DBTask::process(): took 0.31 seconds
sql:(show index from tbl_Friend)
  WARN root [2019-07-15 10:48:24,427] - DBTask::process(): took 0.26 seconds
sql:(CREATE TABLE IF NOT EXISTS kbe_accountinfos (`accountName` varchar(128) not null, PRIMARY KEY idKey (`accountName`),`password` varchar(255) not null,`bindata` blob,`email` varchar(191) not null, UNIQUE KEY `email` (`email`),`entityDBID` bigint(20) unsigned not null DEFAULT 0, UNIQUE KEY `entityDBID` (`entityDBID`),`flags` int unsigned not null DEFAULT 0,`deadline` bigint(20) not null DEFAULT 0,`regtime` bigint(20) not null DEFAULT 0,`lasttime` bigint(20) not null DEFAULT 0,`numlogin` int unsigned not null DEFAULT 0)ENGINE=InnoDB)
  INFO root [2019-07-15 10:48:24,443] - DBInterfaceMysql::query: successfully!
  INFO root [2019-07-15 10:48:24,443] - DBInterfaceMysql::query: successfully!
  WARN root [2019-07-15 10:48:24,619] - DBTask::process(): took 0.26 seconds
sql:(insert into kbe_serverlog (heartbeatTime, serverGroupID) values(1563158904,2082) ON DUPLICATE KEY UPDATE heartbeatTime=1563158904)
  INFO root [2019-07-15 10:48:24,621] - DBInterfaceMysql::query: successfully!
  WARN root [2019-07-15 10:48:24,621] - DBTask::process(): took 0.35 seconds
sql:(select distinct(serverGroupID) from kbe_entitylog)
  WARN root [2019-07-15 10:48:24,674] - d:\kbengine\kbe\src\server\dbmgr\dbmgr.cpp:306: Profile scriptCall took 1.30 seconds
  INFO root [2019-07-15 10:48:25,087] - ---- dbmgr is running ----
 DEBUG root [2019-07-15 10:48:25,088] - Components::process(): Request for the process of identity...
  INFO root [2019-07-15 10:48:31,192] - ServerApp::onRegisterNewApp: uid:2082, username:error_name, componentType:interfaces, componentID:3000, globalorderID=-1, grouporderID=-1, intaddr:192.168.56.1, intport:30099, extaddr:nonsupport, extport:0,  from 127.0.0.1:30099/0/0/0.
  INFO root [2019-07-15 10:48:31,192] - Components::addComponent: reset orderLog, uid=2082!
  INFO root [2019-07-15 10:48:31,193] - Components::addComponent[interfaces], uid=2082, componentID=3000, globalorderid=1, grouporderid=1, totalcount=1
  INFO root [2019-07-15 10:48:32,193] - Components::findComponents: find logger(1)...
  INFO root [2019-07-15 10:48:32,265] - Components::findComponents: found logger, addr:192.168.56.1:59656
  INFO root [2019-07-15 10:48:32,265] - Components::addComponent: reset orderLog, uid=2082!
  INFO root [2019-07-15 10:48:32,265] - Components::addComponent[logger], uid=2082, componentID=2000, globalorderid=1, grouporderid=1, totalcount=1
  WARN root [2019-07-15 10:48:32,267] - Forwarding logs to logger[192.168.56.1:59656/0/0/0]...
 ERROR root [2019-07-15 10:58:12,928] - Components::removeComponentByChannel: logger : 2000, Abnormal exit(reason=TCPPacketReceiver::processRecv(): error=10054
)! Channel(timestamp=171556366310, lastReceivedTime=171508347505, inactivityExceptionPeriod=134883903)
  INFO root [2019-07-15 10:58:12,936] - The following logs sent to logger failed:
  WARN root [2019-07-15 10:58:12,937] - ==> [2019-07-15 10:58:12 928] TCPPacketReceiver::processPendingEvents(192.168.56.1:59656): Throwing REASON_GENERAL_NETWORK - WSAECONNRESET
 ERROR root [2019-07-15 10:58:12,937] - ==> [2019-07-15 10:58:12 929] Components::removeComponentByChannel: logger : 2000, Abnormal exit(reason=TCPPacketReceiver::processRecv(): error=10054
)! Channel(timestamp=171556366310, lastReceivedTime=171508347505, inactivityExceptionPeriod=134883903)
  INFO root [2019-07-15 10:58:14,974] - 
  INFO root [2019-07-15 10:58:14,976] - -----------------------------------------------------------------------------------------


  INFO root [2019-07-15 10:58:14,978] - Resmgr::initialize: KBE_ROOT=D:/kbengine/
  INFO root [2019-07-15 10:58:14,979] - Resmgr::initialize: KBE_RES_PATH=D:/kbengine/kbe/res/;D:/kbengine/HappyPoker_assets/;D:/kbengine/HappyPoker_assets/scripts/;D:/kbengine/HappyPoker_assets/res/
  INFO root [2019-07-15 10:58:14,979] - Resmgr::initialize: KBE_BIN_PATH=D:/kbengine/kbe/bin/server/
  INFO root [2019-07-15 10:58:15,015] - NetworkInterface::initialize(INTERNAL-TCP): bound to all interfaces with default route interface on 192.168.56.1 ( 192.168.56.1:59960 )
  INFO root [2019-07-15 10:58:15,015] - NetworkInterface::initialize(INTERNAL-TCP): address 192.168.56.1:59960, SOMAXCONN=5.
  INFO root [2019-07-15 10:58:15,015] - server-configs:
  INFO root [2019-07-15 10:58:15,016] - 	internalTcpAddr : 192.168.56.1:59960
  INFO root [2019-07-15 10:58:15,016] - 	componentID : 4000
  WARN root [2019-07-15 10:58:15,016] - invalid UID(0) <= 0, please check UID for environment! automatically set to 2082.
  INFO root [2019-07-15 10:58:16,523] - ---- dbmgr Version: 2.4.5. ScriptVersion: 0.1.0. Pythoncore: 3.7.3. Protocol: 11178A1C367680938C8E416B64844ACD. Config: Debug X86. Built: 09:55:16 May  8 2019. AppID: 4000. UID: 2082. PID: 7244 ----
  INFO root [2019-07-15 10:58:16,524] - Server error_name: Intel(R) Core(TM) i5-6300HQ CPU @ 2.30GHz with 2097151kB RAM
  INFO root [2019-07-15 10:58:16,524] - ThreadPool::createThreadPool: creating  threadpool...
  INFO root [2019-07-15 10:58:16,525] - ThreadPool::createThreadPool: successfully(2), newThreadCount=1, normalMaxThreadCount=2, maxThreadCount=8
  INFO root [2019-07-15 10:58:16,748] - Script::install(): is successfully, Python=(3.7.3 (default, May  8 2019, 09:53:38) [MSC v.1916 32 bit (Intel)])!
  INFO root [2019-07-15 10:58:16,748] - Script::install(): KBExtra is successfully!
  INFO root [2019-07-15 10:58:16,999] - Dbmgr::initializeEnd: digest(EBEF31736185D230743D359F01C89CC1)
S_INFO root [2019-07-15 10:58:17,000] - onDBMgrReady: bootstrapGroupIndex=0, bootstrapGlobalIndex=0
  INFO root [2019-07-15 10:58:17,000] - TelnetServer server is running on port 32000
  INFO root [2019-07-15 10:58:17,005] - Dbmgr::initInterfacesHandler: interfaces addr(127.0.0.1:30099), accountType:(interfaces), chargeType:(interfaces).
  WARN root [2019-07-15 10:58:17,496] - DBUtil::initialize: db(default) password is not encrypted!
please use password(rsa):
53530D25D144D5DCCFBE317C50D061E334F8DE744AC51B280C8D59C2A7C9B3AED9E374AA1A7FCA9A50430C790063BCCFD7A1B3C60C8BA0708083C450AD899AB2D5459C582B44E80097AC64FA4A5F8BC45F42AE2D3FA0966B20425C6D6D444E99AB96288E469610595E91F1B3F1BCC0B55BD14A591B9C5DA41623159D2E70DCFF
 DEBUG root [2019-07-15 10:58:17,503] - DBInterfaceMysql::attach: connect: localhost:3306 starting...
 DEBUG root [2019-07-15 10:58:17,733] - DBInterfaceMysql::attach: successfully! addr: localhost:3306
  INFO root [2019-07-15 10:58:17,733] - DBUtil::createInterface[0xb3f068]: interface=default, dbtype=mysql, ip=localhost, port=3306, currdatabase=kbe, username=kbe, connected=yes.

  INFO root [2019-07-15 10:58:17,734] - ThreadPool::createThreadPool: creating  threadpool...
  INFO root [2019-07-15 10:58:17,734] - ThreadPool::createThreadPool: successfully(5), newThreadCount=5, normalMaxThreadCount=5, maxThreadCount=5
 DEBUG root [2019-07-15 10:58:17,774] - DBInterfaceMysql::attach: connect: localhost:3306 starting...
 DEBUG root [2019-07-15 10:58:17,793] - DBInterfaceMysql::attach: connect: localhost:3306 starting...
 DEBUG root [2019-07-15 10:58:17,800] - DBInterfaceMysql::attach: connect: localhost:3306 starting...
 DEBUG root [2019-07-15 10:58:17,858] - DBInterfaceMysql::attach: connect: localhost:3306 starting...
 DEBUG root [2019-07-15 10:58:17,901] - DBInterfaceMysql::attach: connect: localhost:3306 starting...
 DEBUG root [2019-07-15 10:58:17,939] - DBInterfaceMysql::attach: successfully! addr: localhost:3306
 DEBUG root [2019-07-15 10:58:17,940] - DBThread::onStart(): 0x201e450!
  INFO root [2019-07-15 10:58:17,944] - DBInterfaceMysql::query: successfully!
 DEBUG root [2019-07-15 10:58:18,038] - DBInterfaceMysql::attach: successfully! addr: localhost:3306
 DEBUG root [2019-07-15 10:58:18,038] - DBThread::onStart(): 0x201df88!
  INFO root [2019-07-15 10:58:18,111] - DBInterfaceMysql::query: successfully!
 DEBUG root [2019-07-15 10:58:18,155] - DBInterfaceMysql::attach: successfully! addr: localhost:3306
 DEBUG root [2019-07-15 10:58:18,155] - DBThread::onStart(): 0x201e010!
 DEBUG root [2019-07-15 10:58:18,304] - DBInterfaceMysql::attach: successfully! addr: localhost:3306
 DEBUG root [2019-07-15 10:58:18,305] - DBThread::onStart(): 0x201e2b8!
 DEBUG root [2019-07-15 10:58:18,480] - DBInterfaceMysql::attach: successfully! addr: localhost:3306
 DEBUG root [2019-07-15 10:58:18,480] - DBThread::onStart(): 0x201df00!
  WARN root [2019-07-15 10:58:18,579] - DBTask::process(): took 0.54 seconds
sql:(show index from tbl_Friend)
  INFO root [2019-07-15 10:58:18,629] - DBInterfaceMysql::query: successfully!
  INFO root [2019-07-15 10:58:18,629] - DBInterfaceMysql::query: successfully!
  INFO root [2019-07-15 10:58:18,629] - DBInterfaceMysql::query: successfully!
  INFO root [2019-07-15 10:58:18,630] - DBInterfaceMysql::query: successfully!
  INFO root [2019-07-15 10:58:18,630] - DBInterfaceMysql::query: successfully!
  INFO root [2019-07-15 10:58:18,631] - DBInterfaceMysql::query: successfully!
  WARN root [2019-07-15 10:58:18,631] - DBTask::process(): took 0.33 seconds
sql:(delete from kbe_email_verification where logtime<1563155898 and type=3)
  WARN root [2019-07-15 10:58:18,631] - DBTask::process(): took 0.52 seconds
sql:(show index from tbl_Account_friendList)
  INFO root [2019-07-15 10:58:18,762] - DBInterfaceMysql::query: successfully!
  WARN root [2019-07-15 10:58:18,763] - DBTask::process(): took 0.61 seconds
sql:(select distinct(serverGroupID) from kbe_entitylog)
  WARN root [2019-07-15 10:58:18,807] - DBTask::process(): took 0.33 seconds
sql:(insert into kbe_serverlog (heartbeatTime, serverGroupID) values(1563159498,2082) ON DUPLICATE KEY UPDATE heartbeatTime=1563159498)
  WARN root [2019-07-15 10:58:18,910] - d:\kbengine\kbe\src\server\dbmgr\dbmgr.cpp:306: Profile scriptCall took 1.91 seconds
  INFO root [2019-07-15 10:58:19,402] - ---- dbmgr is running ----
 DEBUG root [2019-07-15 10:58:19,403] - Components::process(): Request for the process of identity...
  WARN root [2019-07-15 10:58:22,876] - BundleBroadcast::BundleBroadcast: Cannot bind to port 20086, errorno=10048
  INFO root [2019-07-15 10:58:25,924] - ServerApp::onRegisterNewApp: uid:2082, username:error_name, componentType:interfaces, componentID:3000, globalorderID=-1, grouporderID=-1, intaddr:192.168.56.1, intport:30099, extaddr:nonsupport, extport:0,  from 127.0.0.1:30099/0/0/0.
  INFO root [2019-07-15 10:58:25,925] - Components::addComponent: reset orderLog, uid=2082!
  INFO root [2019-07-15 10:58:25,925] - Components::addComponent[interfaces], uid=2082, componentID=3000, globalorderid=1, grouporderid=1, totalcount=1
  INFO root [2019-07-15 10:58:26,940] - Components::findComponents: find logger(1)...
  INFO root [2019-07-15 10:58:27,043] - Components::findComponents: found logger, addr:192.168.56.1:59958
  INFO root [2019-07-15 10:58:27,043] - Components::addComponent: reset orderLog, uid=2082!
  INFO root [2019-07-15 10:58:27,043] - Components::addComponent[logger], uid=2082, componentID=2000, globalorderid=1, grouporderid=1, totalcount=1
  WARN root [2019-07-15 10:58:27,045] - Forwarding logs to logger[192.168.56.1:59958/0/0/0]...
 ERROR root [2019-07-15 11:03:50,990] - Components::removeComponentByChannel: logger : 2000, Abnormal exit(reason=TCPPacketReceiver::processRecv(): error=10054
)! Channel(timestamp=172316968892, lastReceivedTime=172303395180, inactivityExceptionPeriod=134886413)
  INFO root [2019-07-15 11:03:50,995] - The following logs sent to logger failed:
  WARN root [2019-07-15 11:03:50,996] - ==> [2019-07-15 11:03:50 987] TCPPacketReceiver::processPendingEvents(192.168.56.1:59958): Throwing REASON_GENERAL_NETWORK - WSAECONNRESET
 ERROR root [2019-07-15 11:03:50,996] - ==> [2019-07-15 11:03:50 991] Components::removeComponentByChannel: logger : 2000, Abnormal exit(reason=TCPPacketReceiver::processRecv(): error=10054
)! Channel(timestamp=172316968892, lastReceivedTime=172303395180, inactivityExceptionPeriod=134886413)
  INFO root [2019-07-15 15:03:16,526] - 
  INFO root [2019-07-15 15:03:16,526] - -----------------------------------------------------------------------------------------


  INFO root [2019-07-15 15:03:16,526] - Resmgr::initialize: KBE_ROOT=D:/kbengine/
  INFO root [2019-07-15 15:03:16,526] - Resmgr::initialize: KBE_RES_PATH=D:/kbengine/kbe/res/;D:/kbengine/HappyPoker_assets/;D:/kbengine/HappyPoker_assets/scripts/;D:/kbengine/HappyPoker_assets/res/
  INFO root [2019-07-15 15:03:16,526] - Resmgr::initialize: KBE_BIN_PATH=D:/kbengine/kbe/bin/server/
  INFO root [2019-07-15 15:03:16,607] - NetworkInterface::initialize(INTERNAL-TCP): bound to all interfaces with default route interface on 192.168.56.1 ( 192.168.56.1:60246 )
  INFO root [2019-07-15 15:03:16,607] - NetworkInterface::initialize(INTERNAL-TCP): address 192.168.56.1:60246, SOMAXCONN=5.
  INFO root [2019-07-15 15:03:16,607] - server-configs:
  INFO root [2019-07-15 15:03:16,607] - 	internalTcpAddr : 192.168.56.1:60246
  INFO root [2019-07-15 15:03:16,607] - 	componentID : 4000
  WARN root [2019-07-15 15:03:16,607] - invalid UID(0) <= 0, please check UID for environment! automatically set to 2082.
  INFO root [2019-07-15 15:03:18,118] - ---- dbmgr Version: 2.4.5. ScriptVersion: 0.1.0. Pythoncore: 3.7.3. Protocol: 11178A1C367680938C8E416B64844ACD. Config: Debug X86. Built: 09:55:16 May  8 2019. AppID: 4000. UID: 2082. PID: 16156 ----
  INFO root [2019-07-15 15:03:18,118] - Server error_name: Intel(R) Core(TM) i5-6300HQ CPU @ 2.30GHz with 2097151kB RAM
  INFO root [2019-07-15 15:03:18,118] - ThreadPool::createThreadPool: creating  threadpool...
  INFO root [2019-07-15 15:03:18,118] - ThreadPool::createThreadPool: successfully(2), newThreadCount=1, normalMaxThreadCount=2, maxThreadCount=8
  INFO root [2019-07-15 15:03:18,318] - Script::install(): is successfully, Python=(3.7.3 (default, May  8 2019, 09:53:38) [MSC v.1916 32 bit (Intel)])!
  INFO root [2019-07-15 15:03:18,318] - Script::install(): KBExtra is successfully!
  INFO root [2019-07-15 15:03:18,487] - Dbmgr::initializeEnd: digest(EBEF31736185D230743D359F01C89CC1)
S_INFO root [2019-07-15 15:03:18,487] - onDBMgrReady: bootstrapGroupIndex=0, bootstrapGlobalIndex=0
  INFO root [2019-07-15 15:03:18,487] - TelnetServer server is running on port 32000
  INFO root [2019-07-15 15:03:18,487] - Dbmgr::initInterfacesHandler: interfaces addr(127.0.0.1:30099), accountType:(interfaces), chargeType:(interfaces).
  WARN root [2019-07-15 15:03:18,771] - DBUtil::initialize: db(default) password is not encrypted!
please use password(rsa):
C6F36F705382B0108193FED6436FF433ABAF6221D80704AB8719B3AA4063B65429D15AE5453A37CF7A10378373D082E392C86A3F5F79E99132D2CBAA4521C4F48C2E0DCB629D8A9936C9E58F4FCECA9C7929A879A6C15CB9BDCD6EBE9508785DFCCAAB868C96CD41F678B5E79E83F45F0295DC163CAD0950B19D072A9D8EFD6A
 DEBUG root [2019-07-15 15:03:18,777] - DBInterfaceMysql::attach: connect: localhost:3306 starting...
 DEBUG root [2019-07-15 15:03:18,986] - DBInterfaceMysql::attach: successfully! addr: localhost:3306
  INFO root [2019-07-15 15:03:18,986] - DBUtil::createInterface[0x1aec64]: interface=default, dbtype=mysql, ip=localhost, port=3306, currdatabase=kbe, username=kbe, connected=yes.

  INFO root [2019-07-15 15:03:18,986] - ThreadPool::createThreadPool: creating  threadpool...
  INFO root [2019-07-15 15:03:18,986] - ThreadPool::createThreadPool: successfully(5), newThreadCount=5, normalMaxThreadCount=5, maxThreadCount=5
 DEBUG root [2019-07-15 15:03:18,988] - DBInterfaceMysql::attach: connect: localhost:3306 starting...
 DEBUG root [2019-07-15 15:03:19,000] - DBInterfaceMysql::attach: connect: localhost:3306 starting...
 DEBUG root [2019-07-15 15:03:19,000] - DBInterfaceMysql::attach: connect: localhost:3306 starting...
 DEBUG root [2019-07-15 15:03:19,000] - DBInterfaceMysql::attach: connect: localhost:3306 starting...
 DEBUG root [2019-07-15 15:03:19,004] - DBInterfaceMysql::attach: connect: localhost:3306 starting...
 DEBUG root [2019-07-15 15:03:19,125] - DBInterfaceMysql::attach: successfully! addr: localhost:3306
 DEBUG root [2019-07-15 15:03:19,125] - DBThread::onStart(): 0x606e30!
  INFO root [2019-07-15 15:03:19,126] - DBInterfaceMysql::query: successfully!
 DEBUG root [2019-07-15 15:03:19,186] - DBInterfaceMysql::attach: successfully! addr: localhost:3306
 DEBUG root [2019-07-15 15:03:19,186] - DBThread::onStart(): 0x606858!
 DEBUG root [2019-07-15 15:03:19,236] - DBInterfaceMysql::attach: successfully! addr: localhost:3306
 DEBUG root [2019-07-15 15:03:19,236] - DBThread::onStart(): 0x606f40!
  INFO root [2019-07-15 15:03:19,290] - DBInterfaceMysql::query: successfully!
  INFO root [2019-07-15 15:03:19,316] - DBInterfaceMysql::query: successfully!
 DEBUG root [2019-07-15 15:03:19,430] - DBInterfaceMysql::attach: successfully! addr: localhost:3306
 DEBUG root [2019-07-15 15:03:19,430] - DBThread::onStart(): 0x606eb8!
  INFO root [2019-07-15 15:03:19,550] - DBInterfaceMysql::query: successfully!
  WARN root [2019-07-15 15:03:19,550] - DBTask::process(): took 0.37 seconds
sql:(select distinct(serverGroupID) from kbe_entitylog)
 DEBUG root [2019-07-15 15:03:19,636] - DBInterfaceMysql::attach: successfully! addr: localhost:3306
 DEBUG root [2019-07-15 15:03:19,636] - DBThread::onStart(): 0x4360168!
  WARN root [2019-07-15 15:03:19,700] - DBTask::process(): took 0.38 seconds
sql:(show index from tbl_Account_friendList)
  INFO root [2019-07-15 15:03:19,726] - DBInterfaceMysql::query: successfully!
  INFO root [2019-07-15 15:03:19,726] - DBInterfaceMysql::query: successfully!
  INFO root [2019-07-15 15:03:19,726] - DBInterfaceMysql::query: successfully!
  INFO root [2019-07-15 15:03:19,726] - DBInterfaceMysql::query: successfully!
  INFO root [2019-07-15 15:03:19,726] - DBInterfaceMysql::query: successfully!
  WARN root [2019-07-15 15:03:19,726] - DBTask::process(): took 0.49 seconds
sql:(delete from kbe_email_verification where logtime<1563170599 and type=3)
  WARN root [2019-07-15 15:03:19,816] - DBTask::process(): took 0.39 seconds
sql:(insert into kbe_serverlog (heartbeatTime, serverGroupID) values(1563174199,2082) ON DUPLICATE KEY UPDATE heartbeatTime=1563174199)
  WARN root [2019-07-15 15:03:19,866] - d:\kbengine\kbe\src\server\dbmgr\dbmgr.cpp:306: Profile scriptCall took 1.38 seconds
  INFO root [2019-07-15 15:03:20,246] - ---- dbmgr is running ----
 DEBUG root [2019-07-15 15:03:20,246] - Components::process(): Request for the process of identity...
  INFO root [2019-07-15 15:03:26,501] - ServerApp::onRegisterNewApp: uid:2082, username:error_name, componentType:interfaces, componentID:3000, globalorderID=-1, grouporderID=-1, intaddr:192.168.56.1, intport:30099, extaddr:nonsupport, extport:0,  from 127.0.0.1:30099/0/0/0.
  INFO root [2019-07-15 15:03:26,501] - Components::addComponent: reset orderLog, uid=2082!
  INFO root [2019-07-15 15:03:26,501] - Components::addComponent[interfaces], uid=2082, componentID=3000, globalorderid=1, grouporderid=1, totalcount=1
  INFO root [2019-07-15 15:03:27,507] - Components::findComponents: find logger(1)...
  INFO root [2019-07-15 15:03:27,570] - Components::findComponents: found logger, addr:192.168.56.1:60253
  INFO root [2019-07-15 15:03:27,570] - Components::addComponent: reset orderLog, uid=2082!
  INFO root [2019-07-15 15:03:27,570] - Components::addComponent[logger], uid=2082, componentID=2000, globalorderid=1, grouporderid=1, totalcount=1
  WARN root [2019-07-15 15:03:27,570] - Forwarding logs to logger[192.168.56.1:60253/0/0/0]...
 ERROR root [2019-07-15 15:19:42,338] - Components::removeComponentByChannel: logger : 2000, Abnormal exit(reason=TCPPacketReceiver::processRecv(): error=10054
)! Channel(timestamp=206857455827, lastReceivedTime=206800013351, inactivityExceptionPeriod=134886190)
  INFO root [2019-07-15 15:19:42,338] - The following logs sent to logger failed:
  WARN root [2019-07-15 15:19:42,338] - ==> [2019-07-15 15:19:42 342] TCPPacketReceiver::processPendingEvents(192.168.56.1:60253): Throwing REASON_GENERAL_NETWORK - WSAECONNRESET
 ERROR root [2019-07-15 15:19:42,338] - ==> [2019-07-15 15:19:42 345] Components::removeComponentByChannel: logger : 2000, Abnormal exit(reason=TCPPacketReceiver::processRecv(): error=10054
)! Channel(timestamp=206857455827, lastReceivedTime=206800013351, inactivityExceptionPeriod=134886190)
