  INFO root [2019-08-20 09:55:27,396] - 
  INFO root [2019-08-20 09:55:27,396] - -----------------------------------------------------------------------------------------


  INFO root [2019-08-20 09:55:27,396] - Resmgr::initialize: KBE_ROOT=D:/kbengine/
  INFO root [2019-08-20 09:55:27,396] - Resmgr::initialize: KBE_RES_PATH=D:/kbengine/kbe/res/;D:/kbengine/HappyPoker_assets/;D:/kbengine/HappyPoker_assets/scripts/;D:/kbengine/HappyPoker_assets/res/
  INFO root [2019-08-20 09:55:27,396] - Resmgr::initialize: KBE_BIN_PATH=D:/kbengine/kbe/bin/server/
  INFO root [2019-08-20 09:55:27,415] - NetworkInterface::initialize(INTERNAL-TCP): bound to all interfaces with default route interface on 192.168.56.1 ( 192.168.56.1:52556 )
  INFO root [2019-08-20 09:55:27,415] - NetworkInterface::initialize(INTERNAL-TCP): address 192.168.56.1:52556, SOMAXCONN=5.
  INFO root [2019-08-20 09:55:27,415] - server-configs:
  INFO root [2019-08-20 09:55:27,415] - 	internalTcpAddr : 192.168.56.1:52556
  INFO root [2019-08-20 09:55:27,415] - 	componentID : 4000
  WARN root [2019-08-20 09:55:27,415] - invalid UID(0) <= 0, please check UID for environment! automatically set to 2082.
  INFO root [2019-08-20 09:55:28,925] - ---- dbmgr Version: 2.4.5. ScriptVersion: 0.1.0. Pythoncore: 3.7.3. Protocol: 11178A1C367680938C8E416B64844ACD. Config: Debug X86. Built: 09:55:16 May  8 2019. AppID: 4000. UID: 2082. PID: 232 ----
  INFO root [2019-08-20 09:55:28,925] - Server error_name: Intel(R) Core(TM) i5-6300HQ CPU @ 2.30GHz with 2097151kB RAM
  INFO root [2019-08-20 09:55:28,925] - ThreadPool::createThreadPool: creating  threadpool...
  INFO root [2019-08-20 09:55:28,925] - ThreadPool::createThreadPool: successfully(2), newThreadCount=1, normalMaxThreadCount=2, maxThreadCount=8
  INFO root [2019-08-20 09:55:29,136] - Script::install(): is successfully, Python=(3.7.3 (default, May  8 2019, 09:53:38) [MSC v.1916 32 bit (Intel)])!
  INFO root [2019-08-20 09:55:29,136] - Script::install(): KBExtra is successfully!
  INFO root [2019-08-20 09:55:29,347] - Dbmgr::initializeEnd: digest(B91EBE6B591F8BEB2E04FAF8BE8B7B2F)
S_INFO root [2019-08-20 09:55:29,347] - onDBMgrReady: bootstrapGroupIndex=0, bootstrapGlobalIndex=0
  INFO root [2019-08-20 09:55:29,347] - TelnetServer server is running on port 32000
  INFO root [2019-08-20 09:55:29,347] - Dbmgr::initInterfacesHandler: interfaces addr(127.0.0.1:30099), accountType:(interfaces), chargeType:(interfaces).
  WARN root [2019-08-20 09:55:29,646] - DBUtil::initialize: db(default) password is not encrypted!
please use password(rsa):
22029E0E3C61CAFB8514C5442A21CB89368C072C7662FE30874A7E78321CA8045CF844F68B5D0A5039D60D7CB4BDCE571895FC6D7395D698969A06B1BA8634BCFCD23399AB14EF0A74D5EB4B444F91059315D3BB54EA6BF5FDD03D005C2DB6BF2DE2083005A698AAF71FBEB3999922A54728166B56AD8B4215C58C1AAC94B8F5
 DEBUG root [2019-08-20 09:55:29,646] - DBInterfaceMysql::attach: connect: localhost:3306 starting...
 DEBUG root [2019-08-20 09:55:29,743] - DBInterfaceMysql::attach: successfully! addr: localhost:3306
  INFO root [2019-08-20 09:55:29,743] - DBUtil::createInterface[0x11ff0b4]: interface=default, dbtype=mysql, ip=localhost, port=3306, currdatabase=kbe, username=kbe, connected=yes.

  INFO root [2019-08-20 09:55:29,743] - ThreadPool::createThreadPool: creating  threadpool...
  INFO root [2019-08-20 09:55:29,743] - ThreadPool::createThreadPool: successfully(5), newThreadCount=5, normalMaxThreadCount=5, maxThreadCount=5
 DEBUG root [2019-08-20 09:55:29,743] - DBInterfaceMysql::attach: connect: localhost:3306 starting...
 DEBUG root [2019-08-20 09:55:29,743] - DBInterfaceMysql::attach: connect: localhost:3306 starting...
 DEBUG root [2019-08-20 09:55:29,743] - DBInterfaceMysql::attach: connect: localhost:3306 starting...
 DEBUG root [2019-08-20 09:55:29,743] - DBInterfaceMysql::attach: connect: localhost:3306 starting...
 DEBUG root [2019-08-20 09:55:29,743] - DBInterfaceMysql::attach: connect: localhost:3306 starting...
 DEBUG root [2019-08-20 09:55:29,883] - DBInterfaceMysql::attach: successfully! addr: localhost:3306
 DEBUG root [2019-08-20 09:55:29,883] - DBThread::onStart(): 0x186a6f0!
 DEBUG root [2019-08-20 09:55:30,062] - DBInterfaceMysql::attach: successfully! addr: localhost:3306
 DEBUG root [2019-08-20 09:55:30,062] - DBThread::onStart(): 0x186a998!
 DEBUG root [2019-08-20 09:55:30,127] - DBInterfaceMysql::attach: successfully! addr: localhost:3306
 DEBUG root [2019-08-20 09:55:30,127] - DBThread::onStart(): 0x186a5e0!
 DEBUG root [2019-08-20 09:55:30,185] - DBInterfaceMysql::attach: successfully! addr: localhost:3306
 DEBUG root [2019-08-20 09:55:30,185] - DBThread::onStart(): 0x186aa20!
  INFO root [2019-08-20 09:55:30,185] - DBInterfaceMysql::query: successfully!
  WARN root [2019-08-20 09:55:30,185] - DBInterfaceMysql::checkErrors: not found Account table(dbInterface=default), reset kbe_* table...
 DEBUG root [2019-08-20 09:55:30,243] - DBInterfaceMysql::attach: successfully! addr: localhost:3306
 DEBUG root [2019-08-20 09:55:30,243] - DBThread::onStart(): 0x186a4d0!
  WARN root [2019-08-20 09:55:31,042] - DBInterfaceMysql::checkErrors: reset kbe_* table(dbInterface=default) end!
  INFO root [2019-08-20 09:55:31,076] - DBInterfaceMysql::query: successfully!
  INFO root [2019-08-20 09:55:31,076] - DBInterfaceMysql::query: successfully!
  INFO root [2019-08-20 09:55:31,103] - DBInterfaceMysql::query: successfully!
 DEBUG root [2019-08-20 09:55:32,836] - syncToDB(): Friend->sm_autoLoad(tinyint not null DEFAULT 0).
  INFO root [2019-08-20 09:55:32,977] - DBInterfaceMysql::query: successfully!
  WARN root [2019-08-20 09:55:32,977] - DBTask::process(): took 1.93 seconds
sql:(CREATE TABLE IF NOT EXISTS kbe_accountinfos (`accountName` varchar(128) not null, PRIMARY KEY idKey (`accountName`),`password` varchar(255) not null,`bindata` blob,`email` varchar(191) not null, UNIQUE KEY `email` (`email`),`entityDBID` bigint(20) unsigned not null DEFAULT 0, UNIQUE KEY `entityDBID` (`entityDBID`),`flags` int unsigned not null DEFAULT 0,`deadline` bigint(20) not null DEFAULT 0,`regtime` bigint(20) not null DEFAULT 0,`lasttime` bigint(20) not null DEFAULT 0,`numlogin` int unsigned not null DEFAULT 0)ENGINE=InnoDB)
  INFO root [2019-08-20 09:55:33,203] - DBInterfaceMysql::query: successfully!
  INFO root [2019-08-20 09:55:33,203] - DBInterfaceMysql::query: successfully!
  INFO root [2019-08-20 09:55:33,203] - DBInterfaceMysql::query: successfully!
  INFO root [2019-08-20 09:55:33,203] - DBInterfaceMysql::query: successfully!
  WARN root [2019-08-20 09:55:33,203] - DBTask::process(): took 2.16 seconds
sql:(delete from kbe_email_verification where logtime<1566262533 and type=3)
 DEBUG root [2019-08-20 09:55:33,323] - DBInterfaceMysql::dropEntityTableItemFromDB: tbl_Room sm_roomKey.
 DEBUG root [2019-08-20 09:55:33,456] - syncToDB(): Account_friendList->sm_autoLoad(tinyint not null DEFAULT 0).
 DEBUG root [2019-08-20 09:55:33,692] - syncToDB(): Mail_mailList->sm_autoLoad(tinyint not null DEFAULT 0).
  INFO root [2019-08-20 09:55:35,866] - DBInterfaceMysql::query: successfully!
  WARN root [2019-08-20 09:55:35,943] - DBTask::process(): delay 2.17 seconds, try adjusting the kbengine[_defs].xml(numConnections) and MySQL(my.cnf->max_connections or innodb_flush_log_at_trx_commit)!
sql:(show index from tbl_Room)
  WARN root [2019-08-20 09:55:35,943] - DBTask::process(): took 2.73 seconds
sql:(show index from tbl_Room)
  INFO root [2019-08-20 09:55:37,176] - DBInterfaceMysql::query: successfully!
  WARN root [2019-08-20 09:55:37,652] - DBTask::process(): took 6.61 seconds
sql:(show index from tbl_Friend)
  INFO root [2019-08-20 09:55:37,802] - DBInterfaceMysql::query: successfully!
 DEBUG root [2019-08-20 09:55:37,802] - syncToDB(): Account_friendList->sm_value(bigint unsigned not null DEFAULT 0).
 DEBUG root [2019-08-20 09:55:37,937] - syncToDB(): Account->sm_autoLoad(tinyint not null DEFAULT 0).
  WARN root [2019-08-20 09:55:38,877] - DBTask::process(): took 7.80 seconds
sql:(show index from tbl_Account_friendList)
  INFO root [2019-08-20 09:55:38,946] - DBInterfaceMysql::query: successfully!
 DEBUG root [2019-08-20 09:55:38,946] - syncToDB(): Mail_mailList->sm_senderID(bigint unsigned not null DEFAULT 0).
 DEBUG root [2019-08-20 09:55:39,112] - syncToDB(): Friend_publicDataList->sm_autoLoad(tinyint not null DEFAULT 0).
  INFO root [2019-08-20 09:56:14,177] - 
  INFO root [2019-08-20 09:56:14,177] - -----------------------------------------------------------------------------------------


  INFO root [2019-08-20 09:56:14,183] - Resmgr::initialize: KBE_ROOT=D:/kbengine/
  INFO root [2019-08-20 09:56:14,183] - Resmgr::initialize: KBE_RES_PATH=D:/kbengine/kbe/res/;D:/kbengine/HappyPoker_assets/;D:/kbengine/HappyPoker_assets/scripts/;D:/kbengine/HappyPoker_assets/res/
  INFO root [2019-08-20 09:56:14,183] - Resmgr::initialize: KBE_BIN_PATH=D:/kbengine/kbe/bin/server/
  INFO root [2019-08-20 09:56:14,227] - NetworkInterface::initialize(INTERNAL-TCP): bound to all interfaces with default route interface on 192.168.56.1 ( 192.168.56.1:52590 )
  INFO root [2019-08-20 09:56:14,227] - NetworkInterface::initialize(INTERNAL-TCP): address 192.168.56.1:52590, SOMAXCONN=5.
  INFO root [2019-08-20 09:56:14,227] - server-configs:
  INFO root [2019-08-20 09:56:14,227] - 	internalTcpAddr : 192.168.56.1:52590
  INFO root [2019-08-20 09:56:14,227] - 	componentID : 4000
  WARN root [2019-08-20 09:56:14,227] - invalid UID(0) <= 0, please check UID for environment! automatically set to 2082.
  INFO root [2019-08-20 09:56:15,757] - ---- dbmgr Version: 2.4.5. ScriptVersion: 0.1.0. Pythoncore: 3.7.3. Protocol: 11178A1C367680938C8E416B64844ACD. Config: Debug X86. Built: 09:55:16 May  8 2019. AppID: 4000. UID: 2082. PID: 6924 ----
  INFO root [2019-08-20 09:56:15,757] - Server error_name: Intel(R) Core(TM) i5-6300HQ CPU @ 2.30GHz with 2097151kB RAM
  INFO root [2019-08-20 09:56:15,757] - ThreadPool::createThreadPool: creating  threadpool...
  INFO root [2019-08-20 09:56:15,757] - ThreadPool::createThreadPool: successfully(2), newThreadCount=1, normalMaxThreadCount=2, maxThreadCount=8
  INFO root [2019-08-20 09:56:15,963] - Script::install(): is successfully, Python=(3.7.3 (default, May  8 2019, 09:53:38) [MSC v.1916 32 bit (Intel)])!
  INFO root [2019-08-20 09:56:15,963] - Script::install(): KBExtra is successfully!
  INFO root [2019-08-20 09:56:16,331] - Dbmgr::initializeEnd: digest(B91EBE6B591F8BEB2E04FAF8BE8B7B2F)
S_INFO root [2019-08-20 09:56:16,331] - onDBMgrReady: bootstrapGroupIndex=0, bootstrapGlobalIndex=0
  INFO root [2019-08-20 09:56:16,334] - TelnetServer server is running on port 32000
  INFO root [2019-08-20 09:56:16,334] - Dbmgr::initInterfacesHandler: interfaces addr(127.0.0.1:30099), accountType:(interfaces), chargeType:(interfaces).
  WARN root [2019-08-20 09:56:16,613] - DBUtil::initialize: db(default) password is not encrypted!
please use password(rsa):
9CAEC6E8D9A125A9915E20E734864DA8D3D2DD4C57DABA02F9F7C36FA1194EB57AB20DFD0FE7A233EB00E87F1BAC8F8C365EFBAFAC7198778F01526E8E6BE76BAC747A06376D3CDC25BF50D4F93E44B4BF3CCF17FE9A4F9DA39D2325947C27FC7A2F69F1682865768BA733DC3527D7AE77D0DE8CB3172E1F667D5A6A9D0E583A
 DEBUG root [2019-08-20 09:56:16,615] - DBInterfaceMysql::attach: connect: localhost:3306 starting...
 DEBUG root [2019-08-20 09:56:16,743] - DBInterfaceMysql::attach: successfully! addr: localhost:3306
  INFO root [2019-08-20 09:56:16,743] - DBUtil::createInterface[0x11ff040]: interface=default, dbtype=mysql, ip=localhost, port=3306, currdatabase=kbe, username=kbe, connected=yes.

  INFO root [2019-08-20 09:56:16,743] - ThreadPool::createThreadPool: creating  threadpool...
  INFO root [2019-08-20 09:56:16,743] - ThreadPool::createThreadPool: successfully(5), newThreadCount=5, normalMaxThreadCount=5, maxThreadCount=5
 DEBUG root [2019-08-20 09:56:16,743] - DBInterfaceMysql::attach: connect: localhost:3306 starting...
 DEBUG root [2019-08-20 09:56:16,743] - DBInterfaceMysql::attach: connect: localhost:3306 starting...
 DEBUG root [2019-08-20 09:56:16,743] - DBInterfaceMysql::attach: connect: localhost:3306 starting...
 DEBUG root [2019-08-20 09:56:16,743] - DBInterfaceMysql::attach: connect: localhost:3306 starting...
 DEBUG root [2019-08-20 09:56:16,743] - DBInterfaceMysql::attach: connect: localhost:3306 starting...
 DEBUG root [2019-08-20 09:56:16,886] - DBInterfaceMysql::attach: successfully! addr: localhost:3306
 DEBUG root [2019-08-20 09:56:16,886] - DBThread::onStart(): 0x16f7390!
 DEBUG root [2019-08-20 09:56:16,943] - DBInterfaceMysql::attach: successfully! addr: localhost:3306
 DEBUG root [2019-08-20 09:56:16,943] - DBThread::onStart(): 0x16f7eb8!
 DEBUG root [2019-08-20 09:56:17,007] - DBInterfaceMysql::attach: successfully! addr: localhost:3306
 DEBUG root [2019-08-20 09:56:17,007] - DBThread::onStart(): 0x16f7308!
 DEBUG root [2019-08-20 09:56:17,066] - DBInterfaceMysql::attach: successfully! addr: localhost:3306
 DEBUG root [2019-08-20 09:56:17,066] - DBThread::onStart(): 0x16f8050!
  INFO root [2019-08-20 09:56:17,092] - DBInterfaceMysql::query: successfully!
 DEBUG root [2019-08-20 09:56:17,186] - DBInterfaceMysql::attach: successfully! addr: localhost:3306
 DEBUG root [2019-08-20 09:56:17,186] - DBThread::onStart(): 0x16f80d8!
  INFO root [2019-08-20 09:56:17,253] - DBInterfaceMysql::query: successfully!
  INFO root [2019-08-20 09:56:17,303] - DBInterfaceMysql::query: successfully!
  INFO root [2019-08-20 09:56:17,303] - DBInterfaceMysql::query: successfully!
  INFO root [2019-08-20 09:56:17,303] - DBInterfaceMysql::query: successfully!
  INFO root [2019-08-20 09:56:17,313] - DBInterfaceMysql::query: successfully!
  WARN root [2019-08-20 09:56:17,313] - DBTask::process(): took 0.22 seconds
sql:(show index from tbl_Friend)
  INFO root [2019-08-20 09:56:17,313] - DBInterfaceMysql::query: successfully!
  INFO root [2019-08-20 09:56:17,313] - DBInterfaceMysql::query: successfully!
  WARN root [2019-08-20 09:56:17,313] - DBTask::process(): took 0.22 seconds
sql:(delete from kbe_email_verification where logtime<1566262577 and type=3)
  INFO root [2019-08-20 09:56:17,383] - DBInterfaceMysql::query: successfully!
 DEBUG root [2019-08-20 09:56:17,383] - syncToDB(): Mail_mailList->sm_senderName(varchar(255) not null DEFAULT '[]').
  WARN root [2019-08-20 09:56:17,383] - DBTask::process(): took 0.29 seconds
sql:(select distinct(serverGroupID) from kbe_entitylog)
 DEBUG root [2019-08-20 09:56:17,428] - syncToDB(): Account->sm_playerName(varchar(255) not null DEFAULT '').
  WARN root [2019-08-20 09:56:17,462] - DBTask::process(): took 0.37 seconds
sql:(insert into kbe_serverlog (heartbeatTime, serverGroupID) values(1566266177,2082) ON DUPLICATE KEY UPDATE heartbeatTime=1566266177)
 DEBUG root [2019-08-20 09:56:17,566] - syncToDB(): Friend_publicDataList->sm_status(tinyint unsigned not null DEFAULT 0).
 DEBUG root [2019-08-20 09:56:17,603] - syncToDB(): Hall->sm_autoLoad(tinyint not null DEFAULT 0).
 DEBUG root [2019-08-20 09:56:17,712] - syncToDB(): Friend_synchroFriendList->sm_autoLoad(tinyint not null DEFAULT 0).
 DEBUG root [2019-08-20 09:56:18,534] - syncToDB(): Mail_mailList->sm_recverID(bigint unsigned not null DEFAULT 0).
 DEBUG root [2019-08-20 09:56:20,263] - syncToDB(): Account->sm_playerId(smallint unsigned not null DEFAULT 0).
 DEBUG root [2019-08-20 09:56:20,806] - syncToDB(): Friend_publicDataList->sm_playerID(bigint unsigned not null DEFAULT 0).
 DEBUG root [2019-08-20 09:56:21,083] - syncToDB(): Account->sm_playerBean(int not null DEFAULT 0).
  WARN root [2019-08-20 09:56:21,643] - DBTask::process(): took 4.33 seconds
sql:(show index from tbl_Mail_mailList)
 DEBUG root [2019-08-20 09:56:22,253] - syncToDB(): Account->sm_playerNew(tinyint unsigned not null DEFAULT 1).
  INFO root [2019-08-20 09:56:22,537] - DBInterfaceMysql::query: successfully!
 DEBUG root [2019-08-20 09:56:22,537] - syncToDB(): Friend_synchroFriendList->sm_senderID(bigint unsigned not null DEFAULT 0).
 DEBUG root [2019-08-20 09:56:22,663] - syncToDB(): Mail->sm_autoLoad(tinyint not null DEFAULT 0).
 DEBUG root [2019-08-20 09:56:23,176] - syncToDB(): Friend_publicDataList->sm_playerName(varchar(255) not null DEFAULT '[]').
  INFO root [2019-08-20 09:56:23,451] - DBInterfaceMysql::query: successfully!
  WARN root [2019-08-20 09:56:23,692] - DBTask::process(): took 6.31 seconds
sql:(show index from tbl_Hall)
 DEBUG root [2019-08-20 09:56:23,945] - syncToDB(): Account->sm_0_position(float not null DEFAULT 0).
  INFO root [2019-08-20 09:56:25,383] - DBInterfaceMysql::query: successfully!
 DEBUG root [2019-08-20 09:56:25,393] - syncToDB(): Friend_publicDataList->sm_playerBean(int not null DEFAULT 0).
  WARN root [2019-08-20 09:56:25,533] - DBTask::process(): delay 4.55 seconds, try adjusting the kbengine[_defs].xml(numConnections) and MySQL(my.cnf->max_connections or innodb_flush_log_at_trx_commit)!
sql:(show index from tbl_Mail)
  WARN root [2019-08-20 09:56:25,533] - DBTask::process(): took 3.89 seconds
sql:(show index from tbl_Mail)
 DEBUG root [2019-08-20 09:56:25,547] - syncToDB(): Account->sm_1_position(float not null DEFAULT 0).
  WARN root [2019-08-20 09:56:26,473] - DBTask::process(): took 9.01 seconds
sql:(show index from tbl_Friend_publicDataList)
 DEBUG root [2019-08-20 09:56:26,532] - syncToDB(): Account->sm_2_position(float not null DEFAULT 0).
 DEBUG root [2019-08-20 09:56:26,743] - syncToDB(): Friend_synchroFriendList->sm_recverID(bigint unsigned not null DEFAULT 0).
 DEBUG root [2019-08-20 09:56:30,953] - syncToDB(): Account->sm_0_direction(float not null DEFAULT 0).
  WARN root [2019-08-20 09:56:31,553] - DBTask::process(): took 14.09 seconds
sql:(show index from tbl_Friend_synchroFriendList)
 DEBUG root [2019-08-20 09:56:31,872] - syncToDB(): Account->sm_1_direction(float not null DEFAULT 0).
 DEBUG root [2019-08-20 09:56:33,133] - syncToDB(): Account->sm_2_direction(float not null DEFAULT 0).
  WARN root [2019-08-20 09:56:33,633] - DBTask::process(): took 16.33 seconds
sql:(show index from tbl_Account)
 DEBUG root [2019-08-20 09:56:33,673] - DBInterfaceMysql::dropEntityTableFromDB: tbl_avatar.
  INFO root [2019-08-20 09:56:34,352] - DBInterfaceMysql::query: successfully!
 DEBUG root [2019-08-20 09:56:34,352] - DBInterfaceMysql::dropEntityTableFromDB: tbl_food.
  INFO root [2019-08-20 09:56:34,666] - DBInterfaceMysql::query: successfully!
 DEBUG root [2019-08-20 09:56:34,666] - DBInterfaceMysql::dropEntityTableFromDB: tbl_halls.
  INFO root [2019-08-20 09:56:35,256] - DBInterfaceMysql::query: successfully!
 DEBUG root [2019-08-20 09:56:35,262] - DBInterfaceMysql::dropEntityTableFromDB: tbl_smash.
  INFO root [2019-08-20 09:56:35,487] - DBInterfaceMysql::query: successfully!
  WARN root [2019-08-20 09:56:35,487] - d:\kbengine\kbe\src\server\dbmgr\dbmgr.cpp:306: Profile scriptCall took 19.15 seconds
  INFO root [2019-08-20 09:56:35,847] - ---- dbmgr is running ----
 DEBUG root [2019-08-20 09:56:35,847] - Components::process(): Request for the process of identity...
  INFO root [2019-08-20 09:56:42,146] - ServerApp::onRegisterNewApp: uid:2082, username:error_name, componentType:interfaces, componentID:3000, globalorderID=-1, grouporderID=-1, intaddr:192.168.56.1, intport:30099, extaddr:nonsupport, extport:0,  from 127.0.0.1:30099/0/0/0.
  INFO root [2019-08-20 09:56:42,146] - Components::addComponent: reset orderLog, uid=2082!
  INFO root [2019-08-20 09:56:42,146] - Components::addComponent[interfaces], uid=2082, componentID=3000, globalorderid=1, grouporderid=1, totalcount=1
  INFO root [2019-08-20 09:56:42,146] - ServerApp::onRegisterNewApp: uid:2082, username:error_name, componentType:baseappmgr, componentID:5000, globalorderID=-1, grouporderID=-1, intaddr:192.168.56.1, intport:52589, extaddr:nonsupport, extport:0,  from 192.168.56.1:52606/0/0/0.
  INFO root [2019-08-20 09:56:42,146] - Components::addComponent: reset orderLog, uid=2082!
  INFO root [2019-08-20 09:56:42,146] - Components::addComponent[baseappmgr], uid=2082, componentID=5000, globalorderid=1, grouporderid=1, totalcount=1
  INFO root [2019-08-20 09:56:42,146] - ServerApp::onRegisterNewApp: uid:2082, username:error_name, componentType:cellappmgr, componentID:6000, globalorderID=-1, grouporderID=-1, intaddr:192.168.56.1, intport:52591, extaddr:nonsupport, extport:0,  from 192.168.56.1:52608/0/0/0.
  INFO root [2019-08-20 09:56:42,146] - Components::addComponent[cellappmgr], uid=2082, componentID=6000, globalorderid=2, grouporderid=1, totalcount=1
  INFO root [2019-08-20 09:56:43,153] - Components::findComponents: find logger(1)...
  INFO root [2019-08-20 09:56:43,273] - Components::findComponents: found logger, addr:192.168.56.1:52594
  INFO root [2019-08-20 09:56:43,273] - Components::addComponent[logger], uid=2082, componentID=2000, globalorderid=3, grouporderid=1, totalcount=1
  WARN root [2019-08-20 09:56:43,273] - Forwarding logs to logger[192.168.56.1:52594/0/0/0]...
 ERROR root [2019-08-20 09:56:51,036] - Components::removeComponentByChannel: logger : 2000, Abnormal exit(reason=TCPPacketReceiver::processRecv(): error=10054
)! Channel(timestamp=159743371039, lastReceivedTime=159728216628, inactivityExceptionPeriod=134883728)
  INFO root [2019-08-20 09:56:51,036] - The following logs sent to logger failed:
  WARN root [2019-08-20 09:56:51,036] - ==> [2019-08-20 09:56:51 032] TCPPacketReceiver::processPendingEvents(192.168.56.1:52594): Throwing REASON_GENERAL_NETWORK - WSAECONNRESET
 ERROR root [2019-08-20 09:56:51,043] - ==> [2019-08-20 09:56:51 041] Components::removeComponentByChannel: logger : 2000, Abnormal exit(reason=TCPPacketReceiver::processRecv(): error=10054
)! Channel(timestamp=159743371039, lastReceivedTime=159728216628, inactivityExceptionPeriod=134883728)
