  INFO root [2019-05-18 14:47:38,393] - 
  INFO root [2019-05-18 14:47:38,393] - -----------------------------------------------------------------------------------------


  INFO root [2019-05-18 14:47:38,394] - Resmgr::initialize: KBE_ROOT=D:/kbengine/
  INFO root [2019-05-18 14:47:38,394] - Resmgr::initialize: KBE_RES_PATH=D:/kbengine/kbe/res/;D:/kbengine/HappyPoker_assets/;D:/kbengine/HappyPoker_assets/scripts/;D:/kbengine/HappyPoker_assets/res/
  INFO root [2019-05-18 14:47:38,395] - Resmgr::initialize: KBE_BIN_PATH=D:/kbengine/kbe/bin/server/
  INFO root [2019-05-18 14:47:38,405] - NetworkInterface::initialize(INTERNAL-TCP): bound to all interfaces with default route interface on 192.168.56.1 ( 192.168.56.1:59224 )
  INFO root [2019-05-18 14:47:38,406] - NetworkInterface::initialize(INTERNAL-TCP): address 192.168.56.1:59224, SOMAXCONN=5.
  INFO root [2019-05-18 14:47:38,406] - server-configs:
  INFO root [2019-05-18 14:47:38,406] - 	internalTcpAddr : 192.168.56.1:59224
  INFO root [2019-05-18 14:47:38,406] - 	componentID : 4000
  WARN root [2019-05-18 14:47:38,407] - invalid UID(0) <= 0, please check UID for environment! automatically set to 3960.
  INFO root [2019-05-18 14:47:38,491] - Components::findLogger: found logger, addr:192.168.56.1:59221
  INFO root [2019-05-18 14:47:38,492] - Components::addComponent: reset orderLog, uid=3960!
  INFO root [2019-05-18 14:47:38,492] - Components::addComponent[logger], uid=3960, componentID=2000, globalorderid=1, grouporderid=1, totalcount=1
  INFO root [2019-05-18 14:47:38,497] - ---- dbmgr Version: 2.4.5. ScriptVersion: 0.1.0. Pythoncore: 3.7.3. Protocol: 11178A1C367680938C8E416B64844ACD. Config: Debug X86. Built: 09:55:16 May  8 2019. AppID: 4000. UID: 3960. PID: 10256 ----
  INFO root [2019-05-18 14:47:38,497] - Server error_name: Intel(R) Core(TM) i5-6300HQ CPU @ 2.30GHz with 2097151kB RAM
  INFO root [2019-05-18 14:47:38,497] - ThreadPool::createThreadPool: creating  threadpool...
  INFO root [2019-05-18 14:47:38,498] - ThreadPool::createThreadPool: successfully(2), newThreadCount=1, normalMaxThreadCount=2, maxThreadCount=8
  INFO root [2019-05-18 14:47:38,695] - Script::install(): is successfully, Python=(3.7.3 (default, May  8 2019, 09:53:38) [MSC v.1916 32 bit (Intel)])!
  INFO root [2019-05-18 14:47:38,695] - Script::install(): KBExtra is successfully!
  INFO root [2019-05-18 14:47:39,208] - Dbmgr::initializeEnd: digest(2C74E778B8FA1A5BE3F8033147922F39)
S_INFO root [2019-05-18 14:47:39,208] - onDBMgrReady: bootstrapGroupIndex=0, bootstrapGlobalIndex=0
  INFO root [2019-05-18 14:47:39,209] - TelnetServer server is running on port 32000
  INFO root [2019-05-18 14:47:39,209] - Dbmgr::initInterfacesHandler: interfaces addr(127.0.0.1:30099), accountType:(interfaces), chargeType:(interfaces).
  WARN root [2019-05-18 14:47:39,431] - DBUtil::initialize: db(default) password is not encrypted!
please use password(rsa):
85EE72D3A21262E5614FDC474C47D58715C989CC075DE0066BD81C37BA55615A9A829D9936F613BD1D8A0D23C98FA6F20B6974EFEE06830A08314127D121A200C337B6EF7118CCDCEA2D3B696F5228E5EAA0603C3CB25BD60E0BF64C1472591A19B50A287BE5FC66D30CCC54DC810A8BA1F888024F1EA93B2CF4A8BF36973C47
 DEBUG root [2019-05-18 14:47:39,466] - DBInterfaceMysql::attach: connect: localhost:3306 starting...
 DEBUG root [2019-05-18 14:47:39,839] - DBInterfaceMysql::attach: successfully! addr: localhost:3306
  INFO root [2019-05-18 14:47:39,839] - DBUtil::createInterface[0x39ee54]: interface=default, dbtype=mysql, ip=localhost, port=3306, currdatabase=kbe, username=kbe, connected=yes.

  INFO root [2019-05-18 14:47:39,839] - ThreadPool::createThreadPool: creating  threadpool...
  INFO root [2019-05-18 14:47:39,840] - ThreadPool::createThreadPool: successfully(5), newThreadCount=5, normalMaxThreadCount=5, maxThreadCount=5
 DEBUG root [2019-05-18 14:47:39,840] - DBInterfaceMysql::attach: connect: localhost:3306 starting...
 DEBUG root [2019-05-18 14:47:39,840] - DBInterfaceMysql::attach: connect: localhost:3306 starting...
 DEBUG root [2019-05-18 14:47:39,840] - DBInterfaceMysql::attach: connect: localhost:3306 starting...
 DEBUG root [2019-05-18 14:47:39,841] - DBInterfaceMysql::attach: connect: localhost:3306 starting...
 DEBUG root [2019-05-18 14:47:39,841] - DBInterfaceMysql::attach: connect: localhost:3306 starting...
 DEBUG root [2019-05-18 14:47:40,029] - DBInterfaceMysql::attach: successfully! addr: localhost:3306
 DEBUG root [2019-05-18 14:47:40,030] - DBThread::onStart(): 0x6d6c48!
 DEBUG root [2019-05-18 14:47:40,137] - DBInterfaceMysql::attach: successfully! addr: localhost:3306
 DEBUG root [2019-05-18 14:47:40,137] - DBThread::onStart(): 0x6d6e68!
 DEBUG root [2019-05-18 14:47:40,220] - DBInterfaceMysql::attach: successfully! addr: localhost:3306
 DEBUG root [2019-05-18 14:47:40,220] - DBThread::onStart(): 0x6d6b38!
  INFO root [2019-05-18 14:47:40,260] - DBInterfaceMysql::query: successfully!
 DEBUG root [2019-05-18 14:47:40,412] - DBInterfaceMysql::attach: successfully! addr: localhost:3306
 DEBUG root [2019-05-18 14:47:40,413] - DBThread::onStart(): 0x6d6890!
 DEBUG root [2019-05-18 14:47:40,512] - DBInterfaceMysql::attach: successfully! addr: localhost:3306
 DEBUG root [2019-05-18 14:47:40,512] - DBThread::onStart(): 0x6d6de0!
  INFO root [2019-05-18 14:47:40,608] - DBInterfaceMysql::query: successfully!
  INFO root [2019-05-18 14:47:40,653] - DBInterfaceMysql::query: successfully!
  INFO root [2019-05-18 14:47:40,654] - DBInterfaceMysql::query: successfully!
  INFO root [2019-05-18 14:47:40,654] - DBInterfaceMysql::query: successfully!
  INFO root [2019-05-18 14:47:40,813] - DBInterfaceMysql::query: successfully!
  INFO root [2019-05-18 14:47:40,813] - DBInterfaceMysql::query: successfully!
  INFO root [2019-05-18 14:47:40,813] - DBInterfaceMysql::query: successfully!
  WARN root [2019-05-18 14:47:40,814] - DBTask::process(): took 0.30 seconds
sql:(delete from kbe_email_verification where logtime<1558158460 and type=3)
  WARN root [2019-05-18 14:47:40,851] - DBTask::process(): took 0.59 seconds
sql:(insert into kbe_serverlog (heartbeatTime, serverGroupID) values(1558162060,3960) ON DUPLICATE KEY UPDATE heartbeatTime=1558162060)
  WARN root [2019-05-18 14:47:40,862] - DBTask::process(): took 0.60 seconds
sql:(show index from tbl_Account)
  WARN root [2019-05-18 14:47:40,886] - DBTask::process(): took 0.28 seconds
sql:(show index from tbl_Room)
  INFO root [2019-05-18 14:47:41,118] - DBInterfaceMysql::query: successfully!
  WARN root [2019-05-18 14:47:41,119] - DBTask::process(): took 0.86 seconds
sql:(select distinct(serverGroupID) from kbe_entitylog)
  WARN root [2019-05-18 14:47:41,145] - DBTask::process(): took 0.33 seconds
sql:(show index from tbl_Hall)
  WARN root [2019-05-18 14:47:41,161] - d:\kbengine\kbe\src\server\dbmgr\dbmgr.cpp:306: Profile scriptCall took 1.95 seconds
  INFO root [2019-05-18 14:47:41,563] - ---- dbmgr is running ----
 DEBUG root [2019-05-18 14:47:41,564] - Components::process(): Request for the process of identity...
  WARN root [2019-05-18 14:47:47,659] - Forwarding logs to logger[192.168.56.1:59221/0/0/0]...
