  INFO root [2019-07-13 16:49:54,830] - 
  INFO root [2019-07-13 16:49:54,830] - -----------------------------------------------------------------------------------------


  INFO root [2019-07-13 16:49:54,831] - Resmgr::initialize: KBE_ROOT=D:/kbengine/
  INFO root [2019-07-13 16:49:54,832] - Resmgr::initialize: KBE_RES_PATH=D:/kbengine/kbe/res/;D:/kbengine/HappyPoker_assets/;D:/kbengine/HappyPoker_assets/scripts/;D:/kbengine/HappyPoker_assets/res/
  INFO root [2019-07-13 16:49:54,832] - Resmgr::initialize: KBE_BIN_PATH=D:/kbengine/kbe/bin/server/
  INFO root [2019-07-13 16:49:54,849] - NetworkInterface::initialize(INTERNAL-TCP): bound to all interfaces with default route interface on 192.168.56.1 ( 192.168.56.1:49991 )
  INFO root [2019-07-13 16:49:54,849] - NetworkInterface::initialize(INTERNAL-TCP): address 192.168.56.1:49991, SOMAXCONN=5.
  INFO root [2019-07-13 16:49:54,849] - server-configs:
  INFO root [2019-07-13 16:49:54,850] - 	internalTcpAddr : 192.168.56.1:49991
  INFO root [2019-07-13 16:49:54,850] - 	componentID : 4000
  WARN root [2019-07-13 16:49:54,850] - invalid UID(0) <= 0, please check UID for environment! automatically set to 2082.
  INFO root [2019-07-13 16:49:54,872] - Components::findLogger: found logger, addr:192.168.56.1:49990
  INFO root [2019-07-13 16:49:54,916] - Components::addComponent: reset orderLog, uid=2082!
  INFO root [2019-07-13 16:49:54,916] - Components::addComponent[logger], uid=2082, componentID=2000, globalorderid=1, grouporderid=1, totalcount=1
  INFO root [2019-07-13 16:49:54,926] - ---- dbmgr Version: 2.4.5. ScriptVersion: 0.1.0. Pythoncore: 3.7.3. Protocol: 11178A1C367680938C8E416B64844ACD. Config: Debug X86. Built: 09:55:16 May  8 2019. AppID: 4000. UID: 2082. PID: 12660 ----
  INFO root [2019-07-13 16:49:54,926] - Server error_name: Intel(R) Core(TM) i5-6300HQ CPU @ 2.30GHz with 2097151kB RAM
  INFO root [2019-07-13 16:49:54,927] - ThreadPool::createThreadPool: creating  threadpool...
  INFO root [2019-07-13 16:49:54,927] - ThreadPool::createThreadPool: successfully(2), newThreadCount=1, normalMaxThreadCount=2, maxThreadCount=8
  INFO root [2019-07-13 16:49:55,145] - Script::install(): is successfully, Python=(3.7.3 (default, May  8 2019, 09:53:38) [MSC v.1916 32 bit (Intel)])!
  INFO root [2019-07-13 16:49:55,146] - Script::install(): KBExtra is successfully!
  INFO root [2019-07-13 16:49:55,397] - Dbmgr::initializeEnd: digest(CEB344812D649898DE3364BDD7A34E83)
S_INFO root [2019-07-13 16:49:55,397] - onDBMgrReady: bootstrapGroupIndex=0, bootstrapGlobalIndex=0
  INFO root [2019-07-13 16:49:55,397] - TelnetServer server is running on port 32000
  INFO root [2019-07-13 16:49:55,398] - Dbmgr::initInterfacesHandler: interfaces addr(127.0.0.1:30099), accountType:(interfaces), chargeType:(interfaces).
  WARN root [2019-07-13 16:49:55,769] - DBUtil::initialize: db(default) password is not encrypted!
please use password(rsa):
123A5A3E4EF40F8E49AC7589069ED4CB2E5BE84DFF75B2CD2CEB339E16F82B7B3D3940BB0073DDAD888BFC38BDE1585D36B72D592CAC2CF94EB372969BCC414B727747849CC83D91F8C9DBE96EFDF9770ACD61B8935D71C58A0F6BCF328CAA29EBB55109ED591EEB59A999943E99E2767BE611B56A33FDAE1909B34FEAB95E25
 DEBUG root [2019-07-13 16:49:55,895] - DBInterfaceMysql::attach: connect: localhost:3306 starting...
 DEBUG root [2019-07-13 16:49:57,270] - DBInterfaceMysql::attach: successfully! addr: localhost:3306
  INFO root [2019-07-13 16:49:57,270] - DBUtil::createInterface[0x1f5ee74]: interface=default, dbtype=mysql, ip=localhost, port=3306, currdatabase=kbe, username=kbe, connected=yes.

  INFO root [2019-07-13 16:49:57,271] - ThreadPool::createThreadPool: creating  threadpool...
  INFO root [2019-07-13 16:49:57,271] - ThreadPool::createThreadPool: successfully(5), newThreadCount=5, normalMaxThreadCount=5, maxThreadCount=5
 DEBUG root [2019-07-13 16:49:57,272] - DBInterfaceMysql::attach: connect: localhost:3306 starting...
 DEBUG root [2019-07-13 16:49:57,273] - DBInterfaceMysql::attach: connect: localhost:3306 starting...
 DEBUG root [2019-07-13 16:49:57,276] - DBInterfaceMysql::attach: connect: localhost:3306 starting...
 DEBUG root [2019-07-13 16:49:57,278] - DBInterfaceMysql::attach: connect: localhost:3306 starting...
 DEBUG root [2019-07-13 16:49:57,282] - DBInterfaceMysql::attach: connect: localhost:3306 starting...
 DEBUG root [2019-07-13 16:49:57,491] - DBInterfaceMysql::attach: successfully! addr: localhost:3306
 DEBUG root [2019-07-13 16:49:57,491] - DBThread::onStart(): 0x2071478!
  INFO root [2019-07-13 16:49:57,855] - DBInterfaceMysql::query: successfully!
 DEBUG root [2019-07-13 16:49:58,132] - DBInterfaceMysql::attach: successfully! addr: localhost:3306
 DEBUG root [2019-07-13 16:49:58,132] - DBThread::onStart(): 0x20707b8!
 DEBUG root [2019-07-13 16:49:58,499] - DBInterfaceMysql::attach: successfully! addr: localhost:3306
 DEBUG root [2019-07-13 16:49:58,500] - DBThread::onStart(): 0x2071588!
 DEBUG root [2019-07-13 16:49:58,782] - DBInterfaceMysql::attach: successfully! addr: localhost:3306
 DEBUG root [2019-07-13 16:49:58,782] - DBThread::onStart(): 0x2070fb0!
  INFO root [2019-07-13 16:49:59,074] - DBInterfaceMysql::query: successfully!
  INFO root [2019-07-13 16:49:59,141] - DBInterfaceMysql::query: successfully!
  INFO root [2019-07-13 16:49:59,141] - DBInterfaceMysql::query: successfully!
  WARN root [2019-07-13 16:49:59,142] - DBTask::process(): took 1.29 seconds
sql:(CREATE TABLE IF NOT EXISTS kbe_accountinfos (`accountName` varchar(128) not null, PRIMARY KEY idKey (`accountName`),`password` varchar(255) not null,`bindata` blob,`email` varchar(191) not null, UNIQUE KEY `email` (`email`),`entityDBID` bigint(20) unsigned not null DEFAULT 0, UNIQUE KEY `entityDBID` (`entityDBID`),`flags` int unsigned not null DEFAULT 0,`deadline` bigint(20) not null DEFAULT 0,`regtime` bigint(20) not null DEFAULT 0,`lasttime` bigint(20) not null DEFAULT 0,`numlogin` int unsigned not null DEFAULT 0)ENGINE=InnoDB)
  INFO root [2019-07-13 16:49:59,146] - DBInterfaceMysql::query: successfully!
  INFO root [2019-07-13 16:49:59,146] - DBInterfaceMysql::query: successfully!
  INFO root [2019-07-13 16:49:59,147] - DBInterfaceMysql::query: successfully!
  WARN root [2019-07-13 16:49:59,147] - DBTask::process(): took 0.65 seconds
sql:(delete from kbe_email_verification where logtime<1563004199 and type=3)
  WARN root [2019-07-13 16:49:59,241] - DBTask::process(): took 1.11 seconds
sql:(insert into kbe_serverlog (heartbeatTime, serverGroupID) values(1563007799,2082) ON DUPLICATE KEY UPDATE heartbeatTime=1563007799)
 DEBUG root [2019-07-13 16:49:59,318] - DBInterfaceMysql::attach: successfully! addr: localhost:3306
 DEBUG root [2019-07-13 16:49:59,319] - DBThread::onStart(): 0x2071038!
  INFO root [2019-07-13 16:49:59,497] - DBInterfaceMysql::query: successfully!
  INFO root [2019-07-13 16:49:59,707] - DBInterfaceMysql::query: successfully!
  WARN root [2019-07-13 16:49:59,708] - DBTask::process(): took 0.93 seconds
sql:(select distinct(serverGroupID) from kbe_entitylog)
  WARN root [2019-07-13 16:49:59,896] - DBTask::process(): delay 1.39 seconds, try adjusting the kbengine[_defs].xml(numConnections) and MySQL(my.cnf->max_connections or innodb_flush_log_at_trx_commit)!
sql:(show index from tbl_Account)
  WARN root [2019-07-13 16:49:59,896] - DBTask::process(): delay 1.46 seconds, try adjusting the kbengine[_defs].xml(numConnections) and MySQL(my.cnf->max_connections or innodb_flush_log_at_trx_commit)!
sql:(show index from tbl_Friend)
  WARN root [2019-07-13 16:49:59,896] - DBTask::process(): took 0.65 seconds
sql:(show index from tbl_Account)
  WARN root [2019-07-13 16:49:59,897] - DBTask::process(): took 0.58 seconds
sql:(show index from tbl_Friend)
  WARN root [2019-07-13 16:50:00,028] - DBTask::process(): delay 1.29 seconds, try adjusting the kbengine[_defs].xml(numConnections) and MySQL(my.cnf->max_connections or innodb_flush_log_at_trx_commit)!
sql:(show index from tbl_Mail_mailList)
  WARN root [2019-07-13 16:50:00,030] - DBTask::process(): took 0.88 seconds
sql:(show index from tbl_Mail_mailList)
  WARN root [2019-07-13 16:50:00,100] - DBTask::process(): delay 1.85 seconds, try adjusting the kbengine[_defs].xml(numConnections) and MySQL(my.cnf->max_connections or innodb_flush_log_at_trx_commit)!
sql:(show index from tbl_Room)
  WARN root [2019-07-13 16:50:00,101] - DBTask::process(): took 0.39 seconds
sql:(show index from tbl_Room)
  WARN root [2019-07-13 16:50:00,138] - DBTask::process(): delay 1.29 seconds, try adjusting the kbengine[_defs].xml(numConnections) and MySQL(my.cnf->max_connections or innodb_flush_log_at_trx_commit)!
sql:(show index from tbl_Account_friendList)
  WARN root [2019-07-13 16:50:00,138] - DBTask::process(): took 0.99 seconds
sql:(show index from tbl_Account_friendList)
  WARN root [2019-07-13 16:50:00,370] - DBTask::process(): delay 2.04 seconds, try adjusting the kbengine[_defs].xml(numConnections) and MySQL(my.cnf->max_connections or innodb_flush_log_at_trx_commit)!
sql:(show index from tbl_Hall)
  WARN root [2019-07-13 16:50:00,370] - DBTask::process(): took 0.47 seconds
sql:(show index from tbl_Hall)
  WARN root [2019-07-13 16:50:00,591] - DBTask::process(): delay 2.04 seconds, try adjusting the kbengine[_defs].xml(numConnections) and MySQL(my.cnf->max_connections or innodb_flush_log_at_trx_commit)!
sql:(show index from tbl_Friend_publicDataList)
  WARN root [2019-07-13 16:50:00,594] - DBTask::process(): delay 2.25 seconds, try adjusting the kbengine[_defs].xml(numConnections) and MySQL(my.cnf->max_connections or innodb_flush_log_at_trx_commit)!
sql:(show index from tbl_Mail)
  WARN root [2019-07-13 16:50:00,594] - DBTask::process(): took 0.70 seconds
sql:(show index from tbl_Friend_publicDataList)
  WARN root [2019-07-13 16:50:00,594] - DBTask::process(): took 0.49 seconds
sql:(show index from tbl_Mail)
  WARN root [2019-07-13 16:50:00,676] - DBTask::process(): delay 2.18 seconds, try adjusting the kbengine[_defs].xml(numConnections) and MySQL(my.cnf->max_connections or innodb_flush_log_at_trx_commit)!
sql:(show index from tbl_Friend_synchroFriendList)
  WARN root [2019-07-13 16:50:00,677] - DBTask::process(): took 0.65 seconds
sql:(show index from tbl_Friend_synchroFriendList)
  WARN root [2019-07-13 16:50:00,697] - d:\kbengine\kbe\src\server\dbmgr\dbmgr.cpp:306: Profile scriptCall took 5.30 seconds
  INFO root [2019-07-13 16:50:01,140] - ---- dbmgr is running ----
 DEBUG root [2019-07-13 16:50:01,150] - Components::process(): Request for the process of identity...
  WARN root [2019-07-13 16:50:07,317] - Forwarding logs to logger[192.168.56.1:49990/0/0/0]...
 ERROR root [2019-07-13 16:51:24,541] - Components::removeComponentByChannel: logger : 2000, Abnormal exit(reason=TCPPacketReceiver::processRecv(): error=10054
)! Channel(timestamp=1569855229517, lastReceivedTime=1569854252909, inactivityExceptionPeriod=134883840)
