  INFO root [2019-06-27 08:45:28,709] - 
  INFO root [2019-06-27 08:45:28,732] - -----------------------------------------------------------------------------------------


  INFO root [2019-06-27 08:45:29,634] - Resmgr::initialize: KBE_ROOT=D:/kbengine/
  INFO root [2019-06-27 08:45:29,634] - Resmgr::initialize: KBE_RES_PATH=D:/kbengine/kbe/res/;D:/kbengine/HappyPoker_assets/;D:/kbengine/HappyPoker_assets/scripts/;D:/kbengine/HappyPoker_assets/res/
  INFO root [2019-06-27 08:45:29,634] - Resmgr::initialize: KBE_BIN_PATH=D:/kbengine/kbe/bin/server/
  INFO root [2019-06-27 08:45:29,930] - NetworkInterface::initialize(INTERNAL-TCP): bound to all interfaces with default route interface on 192.168.56.1 ( 192.168.56.1:62171 )
  INFO root [2019-06-27 08:45:29,934] - NetworkInterface::initialize(INTERNAL-TCP): address 192.168.56.1:62171, SOMAXCONN=5.
  INFO root [2019-06-27 08:45:29,934] - server-configs:
  INFO root [2019-06-27 08:45:29,934] - 	internalTcpAddr : 192.168.56.1:62171
  INFO root [2019-06-27 08:45:29,935] - 	componentID : 4000
  WARN root [2019-06-27 08:45:29,935] - invalid UID(0) <= 0, please check UID for environment! automatically set to 3960.
  INFO root [2019-06-27 08:45:31,658] - ---- dbmgr Version: 2.4.5. ScriptVersion: 0.1.0. Pythoncore: 3.7.3. Protocol: 11178A1C367680938C8E416B64844ACD. Config: Debug X86. Built: 09:55:16 May  8 2019. AppID: 4000. UID: 3960. PID: 3560 ----
  INFO root [2019-06-27 08:45:31,659] - Server error_name: Intel(R) Core(TM) i5-6300HQ CPU @ 2.30GHz with 2097151kB RAM
  INFO root [2019-06-27 08:45:31,745] - ThreadPool::createThreadPool: creating  threadpool...
  INFO root [2019-06-27 08:45:31,756] - ThreadPool::createThreadPool: successfully(2), newThreadCount=1, normalMaxThreadCount=2, maxThreadCount=8
  INFO root [2019-06-27 08:45:33,922] - Script::install(): is successfully, Python=(3.7.3 (default, May  8 2019, 09:53:38) [MSC v.1916 32 bit (Intel)])!
  INFO root [2019-06-27 08:45:33,922] - Script::install(): KBExtra is successfully!
  INFO root [2019-06-27 08:45:35,037] - Dbmgr::initializeEnd: digest(35046D1581FAE051845F0D5C10DF296E)
S_INFO root [2019-06-27 08:45:35,047] - onDBMgrReady: bootstrapGroupIndex=0, bootstrapGlobalIndex=0
  INFO root [2019-06-27 08:45:35,052] - TelnetServer server is running on port 32000
  INFO root [2019-06-27 08:45:35,057] - Dbmgr::initInterfacesHandler: interfaces addr(127.0.0.1:30099), accountType:(interfaces), chargeType:(interfaces).
  WARN root [2019-06-27 08:45:35,536] - DBUtil::initialize: db(default) password is not encrypted!
please use password(rsa):
B0FC285C5FD9E77FBF5408861F786542D124405D5863F343600A080582A46718D32FEFE6B64B49537DABB8F6F1F2B98261A4FF021B5A3E82603B15F2F5BB50E8A0594D29111ADF2049C271CCAA0CF7BBB6C4D1284437B51D1CE7412D8B1EA1FA97B59539AE8EF397CCF77BDD63B7929BB34F14265E58466B5DF2D6832A8ED7F9
 DEBUG root [2019-06-27 08:45:35,608] - DBInterfaceMysql::attach: connect: localhost:3306 starting...
 DEBUG root [2019-06-27 08:45:36,214] - DBInterfaceMysql::attach: successfully! addr: localhost:3306
  INFO root [2019-06-27 08:45:36,214] - DBUtil::createInterface[0x73ef88]: interface=default, dbtype=mysql, ip=localhost, port=3306, currdatabase=kbe, username=kbe, connected=yes.

  INFO root [2019-06-27 08:45:36,416] - ThreadPool::createThreadPool: creating  threadpool...
  INFO root [2019-06-27 08:45:36,416] - ThreadPool::createThreadPool: successfully(5), newThreadCount=5, normalMaxThreadCount=5, maxThreadCount=5
 DEBUG root [2019-06-27 08:45:36,416] - DBInterfaceMysql::attach: connect: localhost:3306 starting...
 DEBUG root [2019-06-27 08:45:36,416] - DBInterfaceMysql::attach: connect: localhost:3306 starting...
 DEBUG root [2019-06-27 08:45:36,417] - DBInterfaceMysql::attach: connect: localhost:3306 starting...
 DEBUG root [2019-06-27 08:45:36,417] - DBInterfaceMysql::attach: connect: localhost:3306 starting...
 DEBUG root [2019-06-27 08:45:36,435] - DBInterfaceMysql::attach: connect: localhost:3306 starting...
 DEBUG root [2019-06-27 08:45:36,528] - DBInterfaceMysql::attach: successfully! addr: localhost:3306
 DEBUG root [2019-06-27 08:45:36,528] - DBThread::onStart(): 0x3af9060!
 DEBUG root [2019-06-27 08:45:36,636] - DBInterfaceMysql::attach: successfully! addr: localhost:3306
 DEBUG root [2019-06-27 08:45:36,636] - DBThread::onStart(): 0x3af8e40!
 DEBUG root [2019-06-27 08:45:36,711] - DBInterfaceMysql::attach: successfully! addr: localhost:3306
 DEBUG root [2019-06-27 08:45:36,711] - DBThread::onStart(): 0x3af8a88!
 DEBUG root [2019-06-27 08:45:36,751] - DBInterfaceMysql::attach: successfully! addr: localhost:3306
 DEBUG root [2019-06-27 08:45:36,752] - DBThread::onStart(): 0x3af86d0!
  INFO root [2019-06-27 08:45:36,825] - DBInterfaceMysql::query: successfully!
 DEBUG root [2019-06-27 08:45:36,911] - DBInterfaceMysql::attach: successfully! addr: localhost:3306
 DEBUG root [2019-06-27 08:45:36,911] - DBThread::onStart(): 0x3af8a00!
  INFO root [2019-06-27 08:45:37,001] - DBInterfaceMysql::query: successfully!
  INFO root [2019-06-27 08:45:37,043] - DBInterfaceMysql::query: successfully!
  INFO root [2019-06-27 08:45:37,077] - DBInterfaceMysql::query: successfully!
  INFO root [2019-06-27 08:45:37,077] - DBInterfaceMysql::query: successfully!
  INFO root [2019-06-27 08:45:37,097] - DBInterfaceMysql::query: successfully!
  INFO root [2019-06-27 08:45:37,098] - DBInterfaceMysql::query: successfully!
  INFO root [2019-06-27 08:45:37,098] - DBInterfaceMysql::query: successfully!
  WARN root [2019-06-27 08:45:37,172] - DBTask::process(): took 0.27 seconds
sql:(delete from kbe_email_verification where logtime<1561592737 and type=3)
  WARN root [2019-06-27 08:45:37,210] - DBTask::process(): took 0.38 seconds
sql:(insert into kbe_serverlog (heartbeatTime, serverGroupID) values(1561596337,3960) ON DUPLICATE KEY UPDATE heartbeatTime=1561596337)
  INFO root [2019-06-27 08:45:37,344] - DBInterfaceMysql::query: successfully!
  WARN root [2019-06-27 08:45:37,380] - DBTask::process(): took 0.55 seconds
sql:(select distinct(serverGroupID) from kbe_entitylog)
  WARN root [2019-06-27 08:45:37,599] - DBTask::process(): took 0.43 seconds
sql:(show index from tbl_Hall)
  WARN root [2019-06-27 08:45:37,600] - DBTask::process(): took 0.52 seconds
sql:(show index from tbl_Room)
  WARN root [2019-06-27 08:45:37,639] - DBTask::process(): took 0.81 seconds
sql:(show index from tbl_Account)
  WARN root [2019-06-27 08:45:37,678] - d:\kbengine\kbe\src\server\dbmgr\dbmgr.cpp:306: Profile scriptCall took 2.64 seconds
  INFO root [2019-06-27 08:45:38,205] - ---- dbmgr is running ----
 DEBUG root [2019-06-27 08:45:38,205] - Components::process(): Request for the process of identity...
  INFO root [2019-06-27 08:45:44,436] - ServerApp::onRegisterNewApp: uid:3960, username:error_name, componentType:interfaces, componentID:3000, globalorderID=-1, grouporderID=-1, intaddr:192.168.56.1, intport:30099, extaddr:nonsupport, extport:0,  from 127.0.0.1:30099/0/0/0.
  INFO root [2019-06-27 08:45:44,437] - Components::addComponent: reset orderLog, uid=3960!
  INFO root [2019-06-27 08:45:44,437] - Components::addComponent[interfaces], uid=3960, componentID=3000, globalorderid=1, grouporderid=1, totalcount=1
  INFO root [2019-06-27 08:45:44,438] - ServerApp::onRegisterNewApp: uid:3960, username:error_name, componentType:baseappmgr, componentID:5000, globalorderID=-1, grouporderID=-1, intaddr:192.168.56.1, intport:62172, extaddr:nonsupport, extport:0,  from 192.168.56.1:62186/0/0/0.
  INFO root [2019-06-27 08:45:44,438] - Components::addComponent: reset orderLog, uid=3960!
  INFO root [2019-06-27 08:45:44,439] - Components::addComponent[baseappmgr], uid=3960, componentID=5000, globalorderid=1, grouporderid=1, totalcount=1
  INFO root [2019-06-27 08:45:44,717] - ServerApp::onRegisterNewApp: uid:3960, username:error_name, componentType:cellappmgr, componentID:6000, globalorderID=-1, grouporderID=-1, intaddr:192.168.56.1, intport:62174, extaddr:nonsupport, extport:0,  from 192.168.56.1:62188/0/0/0.
  INFO root [2019-06-27 08:45:44,717] - Components::addComponent[cellappmgr], uid=3960, componentID=6000, globalorderid=2, grouporderid=1, totalcount=1
  INFO root [2019-06-27 08:45:45,439] - Components::findComponents: find logger(1)...
  INFO root [2019-06-27 08:45:45,512] - Components::findComponents: found logger, addr:192.168.56.1:62170
  INFO root [2019-06-27 08:45:45,512] - Components::addComponent[logger], uid=3960, componentID=2000, globalorderid=3, grouporderid=1, totalcount=1
  WARN root [2019-06-27 08:45:45,514] - Forwarding logs to logger[192.168.56.1:62170/0/0/0]...
 ERROR root [2019-06-27 08:46:06,159] - Components::removeComponentByChannel: logger : 2000, Abnormal exit(reason=TCPPacketReceiver::processRecv(): error=10054
)! Channel(timestamp=1469007629025, lastReceivedTime=1468993695816, inactivityExceptionPeriod=134885934)
  INFO root [2019-06-27 08:46:06,164] - The following logs sent to logger failed:
  WARN root [2019-06-27 08:46:06,165] - ==> [2019-06-27 08:46:06 159] TCPPacketReceiver::processPendingEvents(192.168.56.1:62170): Throwing REASON_GENERAL_NETWORK - WSAECONNRESET
 ERROR root [2019-06-27 08:46:06,165] - ==> [2019-06-27 08:46:06 160] Components::removeComponentByChannel: logger : 2000, Abnormal exit(reason=TCPPacketReceiver::processRecv(): error=10054
)! Channel(timestamp=1469007629025, lastReceivedTime=1468993695816, inactivityExceptionPeriod=134885934)
  INFO root [2019-06-27 08:46:18,916] - 
  INFO root [2019-06-27 08:46:18,922] - -----------------------------------------------------------------------------------------


  INFO root [2019-06-27 08:46:18,923] - Resmgr::initialize: KBE_ROOT=D:/kbengine/
  INFO root [2019-06-27 08:46:18,924] - Resmgr::initialize: KBE_RES_PATH=D:/kbengine/kbe/res/;D:/kbengine/HappyPoker_assets/;D:/kbengine/HappyPoker_assets/scripts/;D:/kbengine/HappyPoker_assets/res/
  INFO root [2019-06-27 08:46:18,924] - Resmgr::initialize: KBE_BIN_PATH=D:/kbengine/kbe/bin/server/
  INFO root [2019-06-27 08:46:18,977] - NetworkInterface::initialize(INTERNAL-TCP): bound to all interfaces with default route interface on 192.168.56.1 ( 192.168.56.1:62200 )
  INFO root [2019-06-27 08:46:18,978] - NetworkInterface::initialize(INTERNAL-TCP): address 192.168.56.1:62200, SOMAXCONN=5.
  INFO root [2019-06-27 08:46:18,978] - server-configs:
  INFO root [2019-06-27 08:46:18,978] - 	internalTcpAddr : 192.168.56.1:62200
  INFO root [2019-06-27 08:46:18,978] - 	componentID : 4000
  WARN root [2019-06-27 08:46:18,980] - invalid UID(0) <= 0, please check UID for environment! automatically set to 3960.
  WARN root [2019-06-27 08:46:19,322] - BundleBroadcast::BundleBroadcast: Cannot bind to port 20270, errorno=10048
  INFO root [2019-06-27 08:46:19,326] - ---- dbmgr Version: 2.4.5. ScriptVersion: 0.1.0. Pythoncore: 3.7.3. Protocol: 11178A1C367680938C8E416B64844ACD. Config: Debug X86. Built: 09:55:16 May  8 2019. AppID: 4000. UID: 3960. PID: 13768 ----
  INFO root [2019-06-27 08:46:19,327] - Server error_name: Intel(R) Core(TM) i5-6300HQ CPU @ 2.30GHz with 2097151kB RAM
  INFO root [2019-06-27 08:46:19,327] - ThreadPool::createThreadPool: creating  threadpool...
  INFO root [2019-06-27 08:46:19,327] - ThreadPool::createThreadPool: successfully(2), newThreadCount=1, normalMaxThreadCount=2, maxThreadCount=8
  INFO root [2019-06-27 08:46:19,533] - Script::install(): is successfully, Python=(3.7.3 (default, May  8 2019, 09:53:38) [MSC v.1916 32 bit (Intel)])!
  INFO root [2019-06-27 08:46:19,533] - Script::install(): KBExtra is successfully!
  INFO root [2019-06-27 08:46:19,719] - Dbmgr::initializeEnd: digest(35046D1581FAE051845F0D5C10DF296E)
S_INFO root [2019-06-27 08:46:19,719] - onDBMgrReady: bootstrapGroupIndex=0, bootstrapGlobalIndex=0
  INFO root [2019-06-27 08:46:19,719] - TelnetServer server is running on port 32000
  INFO root [2019-06-27 08:46:19,720] - Dbmgr::initInterfacesHandler: interfaces addr(127.0.0.1:30099), accountType:(interfaces), chargeType:(interfaces).
  WARN root [2019-06-27 08:46:20,019] - DBUtil::initialize: db(default) password is not encrypted!
please use password(rsa):
5F778679E7127B73B6CFA4A96B6C2E56ED207D268DF9F488A6AAC06E4DB043D3F41C1284CCF0538EA933E08D2502B248E9836C53EED2F42D028309B0C6784FBEFEBFA2DC968F948567F654C4F7C40100731383CA04092BA373AEA42EA3B1D8C937FD52FF312F2587031AED96D5FE37C3667BB1626F1307893B922A1F41A1D15F
 DEBUG root [2019-06-27 08:46:20,023] - DBInterfaceMysql::attach: connect: localhost:3306 starting...
 DEBUG root [2019-06-27 08:46:20,256] - DBInterfaceMysql::attach: successfully! addr: localhost:3306
  INFO root [2019-06-27 08:46:20,256] - DBUtil::createInterface[0x8ff0e4]: interface=default, dbtype=mysql, ip=localhost, port=3306, currdatabase=kbe, username=kbe, connected=yes.

  INFO root [2019-06-27 08:46:20,257] - ThreadPool::createThreadPool: creating  threadpool...
  INFO root [2019-06-27 08:46:20,257] - ThreadPool::createThreadPool: successfully(5), newThreadCount=5, normalMaxThreadCount=5, maxThreadCount=5
 DEBUG root [2019-06-27 08:46:20,257] - DBInterfaceMysql::attach: connect: localhost:3306 starting...
 DEBUG root [2019-06-27 08:46:20,258] - DBInterfaceMysql::attach: connect: localhost:3306 starting...
 DEBUG root [2019-06-27 08:46:20,258] - DBInterfaceMysql::attach: connect: localhost:3306 starting...
 DEBUG root [2019-06-27 08:46:20,274] - DBInterfaceMysql::attach: connect: localhost:3306 starting...
 DEBUG root [2019-06-27 08:46:20,278] - DBInterfaceMysql::attach: connect: localhost:3306 starting...
 DEBUG root [2019-06-27 08:46:20,359] - DBInterfaceMysql::attach: successfully! addr: localhost:3306
 DEBUG root [2019-06-27 08:46:20,359] - DBThread::onStart(): 0x1b9708!
 DEBUG root [2019-06-27 08:46:20,435] - DBInterfaceMysql::attach: successfully! addr: localhost:3306
 DEBUG root [2019-06-27 08:46:20,435] - DBThread::onStart(): 0x1b9350!
  INFO root [2019-06-27 08:46:20,438] - DBInterfaceMysql::query: successfully!
 DEBUG root [2019-06-27 08:46:20,502] - DBInterfaceMysql::attach: successfully! addr: localhost:3306
 DEBUG root [2019-06-27 08:46:20,502] - DBThread::onStart(): 0x1b92c8!
 DEBUG root [2019-06-27 08:46:20,610] - DBInterfaceMysql::attach: successfully! addr: localhost:3306
 DEBUG root [2019-06-27 08:46:20,610] - DBThread::onStart(): 0x1b9570!
  INFO root [2019-06-27 08:46:20,700] - DBInterfaceMysql::query: successfully!
  INFO root [2019-06-27 08:46:20,748] - DBInterfaceMysql::query: successfully!
  INFO root [2019-06-27 08:46:20,749] - DBInterfaceMysql::query: successfully!
  WARN root [2019-06-27 08:46:20,749] - DBTask::process(): took 0.31 seconds
sql:(select distinct(serverGroupID) from kbe_entitylog)
  WARN root [2019-06-27 08:46:20,810] - DBTask::process(): took 0.37 seconds
sql:(insert into kbe_serverlog (heartbeatTime, serverGroupID) values(1561596380,3960) ON DUPLICATE KEY UPDATE heartbeatTime=1561596380)
  INFO root [2019-06-27 08:46:20,840] - DBInterfaceMysql::query: successfully!
  WARN root [2019-06-27 08:46:20,841] - DBTask::process(): took 0.34 seconds
sql:(CREATE TABLE IF NOT EXISTS kbe_accountinfos (`accountName` varchar(128) not null, PRIMARY KEY idKey (`accountName`),`password` varchar(255) not null,`bindata` blob,`email` varchar(191) not null, UNIQUE KEY `email` (`email`),`entityDBID` bigint(20) unsigned not null DEFAULT 0, UNIQUE KEY `entityDBID` (`entityDBID`),`flags` int unsigned not null DEFAULT 0,`deadline` bigint(20) not null DEFAULT 0,`regtime` bigint(20) not null DEFAULT 0,`lasttime` bigint(20) not null DEFAULT 0,`numlogin` int unsigned not null DEFAULT 0)ENGINE=InnoDB)
  INFO root [2019-06-27 08:46:20,876] - DBInterfaceMysql::query: successfully!
  INFO root [2019-06-27 08:46:20,877] - DBInterfaceMysql::query: successfully!
  INFO root [2019-06-27 08:46:20,877] - DBInterfaceMysql::query: successfully!
  INFO root [2019-06-27 08:46:20,878] - DBInterfaceMysql::query: successfully!
  WARN root [2019-06-27 08:46:20,878] - DBTask::process(): took 0.27 seconds
sql:(delete from kbe_email_verification where logtime<1561592780 and type=3)
 DEBUG root [2019-06-27 08:46:20,952] - DBInterfaceMysql::attach: successfully! addr: localhost:3306
 DEBUG root [2019-06-27 08:46:20,952] - DBThread::onStart(): 0x1b8a48!
  WARN root [2019-06-27 08:46:21,040] - DBTask::process(): took 0.29 seconds
sql:(show index from tbl_Room)
  WARN root [2019-06-27 08:46:21,072] - DBTask::process(): took 0.25 seconds
sql:(show index from tbl_Hall)
  WARN root [2019-06-27 08:46:21,088] - d:\kbengine\kbe\src\server\dbmgr\dbmgr.cpp:306: Profile scriptCall took 1.37 seconds
  INFO root [2019-06-27 08:46:21,494] - ---- dbmgr is running ----
 DEBUG root [2019-06-27 08:46:21,494] - Components::process(): Request for the process of identity...
  INFO root [2019-06-27 08:46:27,627] - ServerApp::onRegisterNewApp: uid:3960, username:error_name, componentType:interfaces, componentID:3000, globalorderID=-1, grouporderID=-1, intaddr:192.168.56.1, intport:30099, extaddr:nonsupport, extport:0,  from 127.0.0.1:30099/0/0/0.
  INFO root [2019-06-27 08:46:27,627] - Components::addComponent: reset orderLog, uid=3960!
  INFO root [2019-06-27 08:46:27,628] - Components::addComponent[interfaces], uid=3960, componentID=3000, globalorderid=1, grouporderid=1, totalcount=1
  INFO root [2019-06-27 08:46:28,640] - Components::findComponents: find logger(1)...
  INFO root [2019-06-27 08:46:28,650] - Components::findComponents: found logger, addr:192.168.56.1:62198
  INFO root [2019-06-27 08:46:28,650] - Components::addComponent: reset orderLog, uid=3960!
  INFO root [2019-06-27 08:46:28,650] - Components::addComponent[logger], uid=3960, componentID=2000, globalorderid=1, grouporderid=1, totalcount=1
  WARN root [2019-06-27 08:46:28,656] - Forwarding logs to logger[192.168.56.1:62198/0/0/0]...
 ERROR root [2019-06-27 08:46:57,443] - Components::removeComponentByChannel: cellapp : 8001, Abnormal exit(reason=TCPPacketReceiver::processRecv(): error=10054
)! Channel(timestamp=1469123018360, lastReceivedTime=1469103923685, inactivityExceptionPeriod=134885518)
 ERROR root [2019-06-27 08:46:57,945] - Components::removeComponentByChannel: baseappmgr : 5000, Abnormal exit(reason=TCPPacketReceiver::processRecv(): error=10054
)! Channel(timestamp=1469124147466, lastReceivedTime=1469103875837, inactivityExceptionPeriod=134885518)
  INFO root [2019-06-27 08:47:59,193] - 
  INFO root [2019-06-27 08:47:59,197] - -----------------------------------------------------------------------------------------


  INFO root [2019-06-27 08:47:59,198] - Resmgr::initialize: KBE_ROOT=D:/kbengine/
  INFO root [2019-06-27 08:47:59,198] - Resmgr::initialize: KBE_RES_PATH=D:/kbengine/kbe/res/;D:/kbengine/HappyPoker_assets/;D:/kbengine/HappyPoker_assets/scripts/;D:/kbengine/HappyPoker_assets/res/
  INFO root [2019-06-27 08:47:59,199] - Resmgr::initialize: KBE_BIN_PATH=D:/kbengine/kbe/bin/server/
  INFO root [2019-06-27 08:47:59,247] - NetworkInterface::initialize(INTERNAL-TCP): bound to all interfaces with default route interface on 192.168.56.1 ( 192.168.56.1:62229 )
  INFO root [2019-06-27 08:47:59,247] - NetworkInterface::initialize(INTERNAL-TCP): address 192.168.56.1:62229, SOMAXCONN=5.
  INFO root [2019-06-27 08:47:59,247] - server-configs:
  INFO root [2019-06-27 08:47:59,248] - 	internalTcpAddr : 192.168.56.1:62229
  INFO root [2019-06-27 08:47:59,248] - 	componentID : 4000
  WARN root [2019-06-27 08:47:59,249] - invalid UID(0) <= 0, please check UID for environment! automatically set to 3960.
  INFO root [2019-06-27 08:48:00,763] - ---- dbmgr Version: 2.4.5. ScriptVersion: 0.1.0. Pythoncore: 3.7.3. Protocol: 11178A1C367680938C8E416B64844ACD. Config: Debug X86. Built: 09:55:16 May  8 2019. AppID: 4000. UID: 3960. PID: 7172 ----
  INFO root [2019-06-27 08:48:00,763] - Server error_name: Intel(R) Core(TM) i5-6300HQ CPU @ 2.30GHz with 2097151kB RAM
  INFO root [2019-06-27 08:48:00,764] - ThreadPool::createThreadPool: creating  threadpool...
  INFO root [2019-06-27 08:48:00,764] - ThreadPool::createThreadPool: successfully(2), newThreadCount=1, normalMaxThreadCount=2, maxThreadCount=8
  INFO root [2019-06-27 08:48:00,965] - Script::install(): is successfully, Python=(3.7.3 (default, May  8 2019, 09:53:38) [MSC v.1916 32 bit (Intel)])!
  INFO root [2019-06-27 08:48:00,965] - Script::install(): KBExtra is successfully!
  INFO root [2019-06-27 08:48:01,172] - Dbmgr::initializeEnd: digest(35046D1581FAE051845F0D5C10DF296E)
S_INFO root [2019-06-27 08:48:01,173] - onDBMgrReady: bootstrapGroupIndex=0, bootstrapGlobalIndex=0
  INFO root [2019-06-27 08:48:01,173] - TelnetServer server is running on port 32000
  INFO root [2019-06-27 08:48:01,174] - Dbmgr::initInterfacesHandler: interfaces addr(127.0.0.1:30099), accountType:(interfaces), chargeType:(interfaces).
  WARN root [2019-06-27 08:48:01,519] - DBUtil::initialize: db(default) password is not encrypted!
please use password(rsa):
8CC1E1A15AE905905422F9155C3F1077BE2390BA29D4D1FC530B9914D514F424203416D1BA9160A284211E78AB028BD54D674967753F0D0F53DDD025677200C137FA54501B09845A3C34A703B897C210F19C63F01B3820CD0D59751931001D4A9514F1129A870FEBE056CE1FBC955676D53CB9247BFA9C81DFA15D11B8FFBA8E
 DEBUG root [2019-06-27 08:48:01,523] - DBInterfaceMysql::attach: connect: localhost:3306 starting...
 DEBUG root [2019-06-27 08:48:01,718] - DBInterfaceMysql::attach: successfully! addr: localhost:3306
  INFO root [2019-06-27 08:48:01,718] - DBUtil::createInterface[0x1d3f294]: interface=default, dbtype=mysql, ip=localhost, port=3306, currdatabase=kbe, username=kbe, connected=yes.

  INFO root [2019-06-27 08:48:01,718] - ThreadPool::createThreadPool: creating  threadpool...
  INFO root [2019-06-27 08:48:01,719] - ThreadPool::createThreadPool: successfully(5), newThreadCount=5, normalMaxThreadCount=5, maxThreadCount=5
 DEBUG root [2019-06-27 08:48:01,720] - DBInterfaceMysql::attach: connect: localhost:3306 starting...
 DEBUG root [2019-06-27 08:48:01,727] - DBInterfaceMysql::attach: connect: localhost:3306 starting...
 DEBUG root [2019-06-27 08:48:01,743] - DBInterfaceMysql::attach: connect: localhost:3306 starting...
 DEBUG root [2019-06-27 08:48:01,744] - DBInterfaceMysql::attach: connect: localhost:3306 starting...
 DEBUG root [2019-06-27 08:48:01,745] - DBInterfaceMysql::attach: connect: localhost:3306 starting...
 DEBUG root [2019-06-27 08:48:01,875] - DBInterfaceMysql::attach: successfully! addr: localhost:3306
 DEBUG root [2019-06-27 08:48:01,876] - DBThread::onStart(): 0x1eacf0!
  INFO root [2019-06-27 08:48:01,878] - DBInterfaceMysql::query: successfully!
 DEBUG root [2019-06-27 08:48:01,944] - DBInterfaceMysql::attach: successfully! addr: localhost:3306
 DEBUG root [2019-06-27 08:48:01,944] - DBThread::onStart(): 0x1ea938!
 DEBUG root [2019-06-27 08:48:02,019] - DBInterfaceMysql::attach: successfully! addr: localhost:3306
 DEBUG root [2019-06-27 08:48:02,020] - DBThread::onStart(): 0x1ea828!
  INFO root [2019-06-27 08:48:02,127] - DBInterfaceMysql::query: successfully!
  WARN root [2019-06-27 08:48:02,128] - DBTask::process(): took 0.25 seconds
sql:(CREATE TABLE IF NOT EXISTS kbe_accountinfos (`accountName` varchar(128) not null, PRIMARY KEY idKey (`accountName`),`password` varchar(255) not null,`bindata` blob,`email` varchar(191) not null, UNIQUE KEY `email` (`email`),`entityDBID` bigint(20) unsigned not null DEFAULT 0, UNIQUE KEY `entityDBID` (`entityDBID`),`flags` int unsigned not null DEFAULT 0,`deadline` bigint(20) not null DEFAULT 0,`regtime` bigint(20) not null DEFAULT 0,`lasttime` bigint(20) not null DEFAULT 0,`numlogin` int unsigned not null DEFAULT 0)ENGINE=InnoDB)
 DEBUG root [2019-06-27 08:48:02,231] - DBInterfaceMysql::attach: successfully! addr: localhost:3306
 DEBUG root [2019-06-27 08:48:02,232] - DBThread::onStart(): 0x1eaa48!
 DEBUG root [2019-06-27 08:48:02,353] - DBInterfaceMysql::attach: successfully! addr: localhost:3306
 DEBUG root [2019-06-27 08:48:02,353] - DBThread::onStart(): 0x1eae00!
  WARN root [2019-06-27 08:48:02,357] - DBTask::process(): took 0.41 seconds
sql:(show index from tbl_Account)
  INFO root [2019-06-27 08:48:02,394] - DBInterfaceMysql::query: successfully!
  INFO root [2019-06-27 08:48:02,396] - DBInterfaceMysql::query: successfully!
  WARN root [2019-06-27 08:48:02,397] - DBTask::process(): took 0.38 seconds
sql:(select distinct(serverGroupID) from kbe_entitylog)
  INFO root [2019-06-27 08:48:02,415] - DBInterfaceMysql::query: successfully!
  INFO root [2019-06-27 08:48:02,415] - DBInterfaceMysql::query: successfully!
  INFO root [2019-06-27 08:48:02,416] - DBInterfaceMysql::query: successfully!
  INFO root [2019-06-27 08:48:02,416] - DBInterfaceMysql::query: successfully!
  INFO root [2019-06-27 08:48:02,416] - DBInterfaceMysql::query: successfully!
  WARN root [2019-06-27 08:48:02,417] - DBTask::process(): took 0.29 seconds
sql:(show index from tbl_Room)
  WARN root [2019-06-27 08:48:02,471] - d:\kbengine\kbe\src\server\dbmgr\dbmgr.cpp:306: Profile scriptCall took 1.30 seconds
  INFO root [2019-06-27 08:48:02,864] - ---- dbmgr is running ----
 DEBUG root [2019-06-27 08:48:02,864] - Components::process(): Request for the process of identity...
  WARN root [2019-06-27 08:48:03,203] - BundleBroadcast::BundleBroadcast: Cannot bind to port 20086, errorno=10048
  WARN root [2019-06-27 08:48:06,680] - BundleBroadcast::BundleBroadcast: Cannot bind to port 20411, errorno=10048
  INFO root [2019-06-27 08:48:09,736] - ServerApp::onRegisterNewApp: uid:3960, username:error_name, componentType:interfaces, componentID:3000, globalorderID=-1, grouporderID=-1, intaddr:192.168.56.1, intport:30099, extaddr:nonsupport, extport:0,  from 127.0.0.1:30099/0/0/0.
  INFO root [2019-06-27 08:48:09,736] - Components::addComponent: reset orderLog, uid=3960!
  INFO root [2019-06-27 08:48:09,736] - Components::addComponent[interfaces], uid=3960, componentID=3000, globalorderid=1, grouporderid=1, totalcount=1
  INFO root [2019-06-27 08:48:10,753] - Components::findComponents: find logger(1)...
  INFO root [2019-06-27 08:48:10,814] - Components::findComponents: found logger, addr:192.168.56.1:62233
  INFO root [2019-06-27 08:48:10,815] - Components::addComponent: reset orderLog, uid=3960!
  INFO root [2019-06-27 08:48:10,815] - Components::addComponent[logger], uid=3960, componentID=2000, globalorderid=1, grouporderid=1, totalcount=1
  WARN root [2019-06-27 08:48:10,816] - Forwarding logs to logger[192.168.56.1:62233/0/0/0]...
 ERROR root [2019-06-27 09:01:13,153] - Components::removeComponentByChannel: logger : 2000, Abnormal exit(reason=TCPPacketReceiver::processRecv(): error=10054
)! Channel(timestamp=1471048366625, lastReceivedTime=1471017207356, inactivityExceptionPeriod=134884751)
  INFO root [2019-06-27 09:01:13,154] - The following logs sent to logger failed:
  WARN root [2019-06-27 09:01:13,154] - ==> [2019-06-27 09:01:13 150] TCPPacketReceiver::processPendingEvents(192.168.56.1:62233): Throwing REASON_GENERAL_NETWORK - WSAECONNRESET
 ERROR root [2019-06-27 09:01:13,154] - ==> [2019-06-27 09:01:13 153] Components::removeComponentByChannel: logger : 2000, Abnormal exit(reason=TCPPacketReceiver::processRecv(): error=10054
)! Channel(timestamp=1471048366625, lastReceivedTime=1471017207356, inactivityExceptionPeriod=134884751)
  INFO root [2019-06-27 09:32:58,385] - 
  INFO root [2019-06-27 09:32:58,387] - -----------------------------------------------------------------------------------------


  INFO root [2019-06-27 09:32:58,388] - Resmgr::initialize: KBE_ROOT=D:/kbengine/
  INFO root [2019-06-27 09:32:58,388] - Resmgr::initialize: KBE_RES_PATH=D:/kbengine/kbe/res/;D:/kbengine/HappyPoker_assets/;D:/kbengine/HappyPoker_assets/scripts/;D:/kbengine/HappyPoker_assets/res/
  INFO root [2019-06-27 09:32:58,388] - Resmgr::initialize: KBE_BIN_PATH=D:/kbengine/kbe/bin/server/
  INFO root [2019-06-27 09:32:58,426] - NetworkInterface::initialize(INTERNAL-TCP): bound to all interfaces with default route interface on 192.168.56.1 ( 192.168.56.1:62803 )
  INFO root [2019-06-27 09:32:58,426] - NetworkInterface::initialize(INTERNAL-TCP): address 192.168.56.1:62803, SOMAXCONN=5.
  INFO root [2019-06-27 09:32:58,426] - server-configs:
  INFO root [2019-06-27 09:32:58,426] - 	internalTcpAddr : 192.168.56.1:62803
  INFO root [2019-06-27 09:32:58,426] - 	componentID : 4000
  WARN root [2019-06-27 09:32:58,427] - invalid UID(0) <= 0, please check UID for environment! automatically set to 3960.
  INFO root [2019-06-27 09:32:59,932] - ---- dbmgr Version: 2.4.5. ScriptVersion: 0.1.0. Pythoncore: 3.7.3. Protocol: 11178A1C367680938C8E416B64844ACD. Config: Debug X86. Built: 09:55:16 May  8 2019. AppID: 4000. UID: 3960. PID: 19580 ----
  INFO root [2019-06-27 09:32:59,932] - Server error_name: Intel(R) Core(TM) i5-6300HQ CPU @ 2.30GHz with 2097151kB RAM
  INFO root [2019-06-27 09:32:59,933] - ThreadPool::createThreadPool: creating  threadpool...
  INFO root [2019-06-27 09:32:59,934] - ThreadPool::createThreadPool: successfully(2), newThreadCount=1, normalMaxThreadCount=2, maxThreadCount=8
  INFO root [2019-06-27 09:33:00,139] - Script::install(): is successfully, Python=(3.7.3 (default, May  8 2019, 09:53:38) [MSC v.1916 32 bit (Intel)])!
  INFO root [2019-06-27 09:33:00,140] - Script::install(): KBExtra is successfully!
  INFO root [2019-06-27 09:33:00,524] - Dbmgr::initializeEnd: digest(35046D1581FAE051845F0D5C10DF296E)
S_INFO root [2019-06-27 09:33:00,524] - onDBMgrReady: bootstrapGroupIndex=0, bootstrapGlobalIndex=0
  INFO root [2019-06-27 09:33:00,524] - TelnetServer server is running on port 32000
  INFO root [2019-06-27 09:33:00,525] - Dbmgr::initInterfacesHandler: interfaces addr(127.0.0.1:30099), accountType:(interfaces), chargeType:(interfaces).
  WARN root [2019-06-27 09:33:00,814] - DBUtil::initialize: db(default) password is not encrypted!
please use password(rsa):
1FC6DE748632D6DF99F9A07C17F47CB72FC9AEFA469B973C7DF3E74233EE1CDA080D130E159862E87A5CC3CFB0EA7C600DA0116570BCD059B25AB380D8944E638F5D814FBBC242684F0EA74E69A722C6682D33C20AA74BE290F93C4B629A3337FE88CD8C8D3B1B2A21505E97DFE3A6661ECB5AFBA5A0F3BF7036EAE1FA49444D
 DEBUG root [2019-06-27 09:33:00,819] - DBInterfaceMysql::attach: connect: localhost:3306 starting...
 DEBUG root [2019-06-27 09:33:00,928] - DBInterfaceMysql::attach: successfully! addr: localhost:3306
  INFO root [2019-06-27 09:33:00,928] - DBUtil::createInterface[0x4fee58]: interface=default, dbtype=mysql, ip=localhost, port=3306, currdatabase=kbe, username=kbe, connected=yes.

  INFO root [2019-06-27 09:33:00,929] - ThreadPool::createThreadPool: creating  threadpool...
  INFO root [2019-06-27 09:33:00,929] - ThreadPool::createThreadPool: successfully(5), newThreadCount=5, normalMaxThreadCount=5, maxThreadCount=5
 DEBUG root [2019-06-27 09:33:00,929] - DBInterfaceMysql::attach: connect: localhost:3306 starting...
 DEBUG root [2019-06-27 09:33:00,929] - DBInterfaceMysql::attach: connect: localhost:3306 starting...
 DEBUG root [2019-06-27 09:33:00,930] - DBInterfaceMysql::attach: connect: localhost:3306 starting...
 DEBUG root [2019-06-27 09:33:00,930] - DBInterfaceMysql::attach: connect: localhost:3306 starting...
 DEBUG root [2019-06-27 09:33:00,946] - DBInterfaceMysql::attach: connect: localhost:3306 starting...
 DEBUG root [2019-06-27 09:33:01,034] - DBInterfaceMysql::attach: successfully! addr: localhost:3306
 DEBUG root [2019-06-27 09:33:01,034] - DBThread::onStart(): 0x63a738!
 DEBUG root [2019-06-27 09:33:01,103] - DBInterfaceMysql::attach: successfully! addr: localhost:3306
 DEBUG root [2019-06-27 09:33:01,104] - DBThread::onStart(): 0x63a9e0!
  INFO root [2019-06-27 09:33:01,108] - DBInterfaceMysql::query: successfully!
 DEBUG root [2019-06-27 09:33:01,161] - DBInterfaceMysql::attach: successfully! addr: localhost:3306
 DEBUG root [2019-06-27 09:33:01,161] - DBThread::onStart(): 0x63aaf0!
 DEBUG root [2019-06-27 09:33:01,194] - DBInterfaceMysql::attach: successfully! addr: localhost:3306
 DEBUG root [2019-06-27 09:33:01,194] - DBThread::onStart(): 0x63a518!
 DEBUG root [2019-06-27 09:33:01,261] - DBInterfaceMysql::attach: successfully! addr: localhost:3306
 DEBUG root [2019-06-27 09:33:01,261] - DBThread::onStart(): 0x639eb8!
  INFO root [2019-06-27 09:33:01,294] - DBInterfaceMysql::query: successfully!
  INFO root [2019-06-27 09:33:01,302] - DBInterfaceMysql::query: successfully!
  INFO root [2019-06-27 09:33:01,302] - DBInterfaceMysql::query: successfully!
  INFO root [2019-06-27 09:33:01,302] - DBInterfaceMysql::query: successfully!
  INFO root [2019-06-27 09:33:01,303] - DBInterfaceMysql::query: successfully!
  INFO root [2019-06-27 09:33:01,303] - DBInterfaceMysql::query: successfully!
  INFO root [2019-06-27 09:33:01,303] - DBInterfaceMysql::query: successfully!
  INFO root [2019-06-27 09:33:01,378] - DBInterfaceMysql::query: successfully!
  WARN root [2019-06-27 09:33:01,379] - DBTask::process(): took 0.27 seconds
sql:(select distinct(serverGroupID) from kbe_entitylog)
  WARN root [2019-06-27 09:33:01,424] - DBTask::process(): took 0.32 seconds
sql:(insert into kbe_serverlog (heartbeatTime, serverGroupID) values(1561599181,3960) ON DUPLICATE KEY UPDATE heartbeatTime=1561599181)
  WARN root [2019-06-27 09:33:01,448] - d:\kbengine\kbe\src\server\dbmgr\dbmgr.cpp:306: Profile scriptCall took 0.92 seconds
  INFO root [2019-06-27 09:33:01,838] - ---- dbmgr is running ----
 DEBUG root [2019-06-27 09:33:01,838] - Components::process(): Request for the process of identity...
  INFO root [2019-06-27 09:33:07,969] - ServerApp::onRegisterNewApp: uid:3960, username:error_name, componentType:interfaces, componentID:3000, globalorderID=-1, grouporderID=-1, intaddr:192.168.56.1, intport:30099, extaddr:nonsupport, extport:0,  from 127.0.0.1:30099/0/0/0.
  INFO root [2019-06-27 09:33:07,970] - Components::addComponent: reset orderLog, uid=3960!
  INFO root [2019-06-27 09:33:07,970] - Components::addComponent[interfaces], uid=3960, componentID=3000, globalorderid=1, grouporderid=1, totalcount=1
  INFO root [2019-06-27 09:33:08,983] - Components::findComponents: find logger(1)...
  INFO root [2019-06-27 09:33:09,023] - Components::findComponents: found logger, addr:192.168.56.1:62799
  INFO root [2019-06-27 09:33:09,024] - Components::addComponent: reset orderLog, uid=3960!
  INFO root [2019-06-27 09:33:09,024] - Components::addComponent[logger], uid=3960, componentID=2000, globalorderid=1, grouporderid=1, totalcount=1
  WARN root [2019-06-27 09:33:09,025] - Forwarding logs to logger[192.168.56.1:62799/0/0/0]...
 ERROR root [2019-06-27 09:35:42,164] - Components::removeComponentByChannel: logger : 2000, Abnormal exit(reason=TCPPacketReceiver::processRecv(): error=10054
)! Channel(timestamp=1475703645272, lastReceivedTime=1475672614113, inactivityExceptionPeriod=134874200)
  INFO root [2019-06-27 09:35:42,166] - The following logs sent to logger failed:
  WARN root [2019-06-27 09:35:42,166] - ==> [2019-06-27 09:35:42 158] TCPPacketReceiver::processPendingEvents(192.168.56.1:62799): Throwing REASON_GENERAL_NETWORK - WSAECONNRESET
 ERROR root [2019-06-27 09:35:42,166] - ==> [2019-06-27 09:35:42 164] Components::removeComponentByChannel: logger : 2000, Abnormal exit(reason=TCPPacketReceiver::processRecv(): error=10054
)! Channel(timestamp=1475703645272, lastReceivedTime=1475672614113, inactivityExceptionPeriod=134874200)
  INFO root [2019-06-27 09:37:47,197] - 
  INFO root [2019-06-27 09:37:47,202] - -----------------------------------------------------------------------------------------


  INFO root [2019-06-27 09:37:47,203] - Resmgr::initialize: KBE_ROOT=D:/kbengine/
  INFO root [2019-06-27 09:37:47,204] - Resmgr::initialize: KBE_RES_PATH=D:/kbengine/kbe/res/;D:/kbengine/HappyPoker_assets/;D:/kbengine/HappyPoker_assets/scripts/;D:/kbengine/HappyPoker_assets/res/
  INFO root [2019-06-27 09:37:47,204] - Resmgr::initialize: KBE_BIN_PATH=D:/kbengine/kbe/bin/server/
  INFO root [2019-06-27 09:37:47,253] - NetworkInterface::initialize(INTERNAL-TCP): bound to all interfaces with default route interface on 192.168.56.1 ( 192.168.56.1:62897 )
  INFO root [2019-06-27 09:37:47,254] - NetworkInterface::initialize(INTERNAL-TCP): address 192.168.56.1:62897, SOMAXCONN=5.
  INFO root [2019-06-27 09:37:47,254] - server-configs:
  INFO root [2019-06-27 09:37:47,254] - 	internalTcpAddr : 192.168.56.1:62897
  INFO root [2019-06-27 09:37:47,254] - 	componentID : 4000
  WARN root [2019-06-27 09:37:47,275] - invalid UID(0) <= 0, please check UID for environment! automatically set to 3960.
  WARN root [2019-06-27 09:37:47,672] - BundleBroadcast::BundleBroadcast: Cannot bind to port 20856, errorno=10048
  INFO root [2019-06-27 09:37:47,676] - ---- dbmgr Version: 2.4.5. ScriptVersion: 0.1.0. Pythoncore: 3.7.3. Protocol: 11178A1C367680938C8E416B64844ACD. Config: Debug X86. Built: 09:55:16 May  8 2019. AppID: 4000. UID: 3960. PID: 8496 ----
  INFO root [2019-06-27 09:37:47,676] - Server error_name: Intel(R) Core(TM) i5-6300HQ CPU @ 2.30GHz with 2097151kB RAM
  INFO root [2019-06-27 09:37:47,676] - ThreadPool::createThreadPool: creating  threadpool...
  INFO root [2019-06-27 09:37:47,677] - ThreadPool::createThreadPool: successfully(2), newThreadCount=1, normalMaxThreadCount=2, maxThreadCount=8
  INFO root [2019-06-27 09:37:47,872] - Script::install(): is successfully, Python=(3.7.3 (default, May  8 2019, 09:53:38) [MSC v.1916 32 bit (Intel)])!
  INFO root [2019-06-27 09:37:47,872] - Script::install(): KBExtra is successfully!
  INFO root [2019-06-27 09:37:48,056] - Dbmgr::initializeEnd: digest(35046D1581FAE051845F0D5C10DF296E)
S_INFO root [2019-06-27 09:37:48,057] - onDBMgrReady: bootstrapGroupIndex=0, bootstrapGlobalIndex=0
  INFO root [2019-06-27 09:37:48,057] - TelnetServer server is running on port 32000
  INFO root [2019-06-27 09:37:48,058] - Dbmgr::initInterfacesHandler: interfaces addr(127.0.0.1:30099), accountType:(interfaces), chargeType:(interfaces).
  WARN root [2019-06-27 09:37:48,352] - DBUtil::initialize: db(default) password is not encrypted!
please use password(rsa):
7F3435E297B2F9C2B9628A8E3324E7D8DEAF89AD586C8C0EA3A2DD6FEE607587D2BAA3709FBA1E1C2B32965F59559742EE1C94B99CD3525CA7D663FE5FCC6A6F355E37ED841AFDD50664A05B4F3CFCE91A77D268623E82634EB8DCE2E771A04B009BDE6EEA30A4C8CC1AAEE3D2C27167997DB7FCF753915A93F86A8EC2F7ACCF
 DEBUG root [2019-06-27 09:37:48,356] - DBInterfaceMysql::attach: connect: localhost:3306 starting...
 DEBUG root [2019-06-27 09:37:48,629] - DBInterfaceMysql::attach: successfully! addr: localhost:3306
  INFO root [2019-06-27 09:37:48,629] - DBUtil::createInterface[0x1d3f3cc]: interface=default, dbtype=mysql, ip=localhost, port=3306, currdatabase=kbe, username=kbe, connected=yes.

  INFO root [2019-06-27 09:37:48,629] - ThreadPool::createThreadPool: creating  threadpool...
  INFO root [2019-06-27 09:37:48,629] - ThreadPool::createThreadPool: successfully(5), newThreadCount=5, normalMaxThreadCount=5, maxThreadCount=5
 DEBUG root [2019-06-27 09:37:48,630] - DBInterfaceMysql::attach: connect: localhost:3306 starting...
 DEBUG root [2019-06-27 09:37:48,630] - DBInterfaceMysql::attach: connect: localhost:3306 starting...
 DEBUG root [2019-06-27 09:37:48,630] - DBInterfaceMysql::attach: connect: localhost:3306 starting...
 DEBUG root [2019-06-27 09:37:48,630] - DBInterfaceMysql::attach: connect: localhost:3306 starting...
 DEBUG root [2019-06-27 09:37:48,632] - DBInterfaceMysql::attach: connect: localhost:3306 starting...
 DEBUG root [2019-06-27 09:37:48,756] - DBInterfaceMysql::attach: successfully! addr: localhost:3306
 DEBUG root [2019-06-27 09:37:48,756] - DBThread::onStart(): 0x21489d0!
 DEBUG root [2019-06-27 09:37:48,821] - DBInterfaceMysql::attach: successfully! addr: localhost:3306
 DEBUG root [2019-06-27 09:37:48,821] - DBThread::onStart(): 0x21487b0!
  INFO root [2019-06-27 09:37:48,823] - DBInterfaceMysql::query: successfully!
 DEBUG root [2019-06-27 09:37:48,938] - DBInterfaceMysql::attach: successfully! addr: localhost:3306
 DEBUG root [2019-06-27 09:37:48,939] - DBThread::onStart(): 0x2148d88!
 DEBUG root [2019-06-27 09:37:49,004] - DBInterfaceMysql::attach: successfully! addr: localhost:3306
 DEBUG root [2019-06-27 09:37:49,005] - DBThread::onStart(): 0x2149360!
  INFO root [2019-06-27 09:37:49,162] - DBInterfaceMysql::query: successfully!
  INFO root [2019-06-27 09:37:49,163] - DBInterfaceMysql::query: successfully!
  INFO root [2019-06-27 09:37:49,163] - DBInterfaceMysql::query: successfully!
  INFO root [2019-06-27 09:37:49,163] - DBInterfaceMysql::query: successfully!
  WARN root [2019-06-27 09:37:49,164] - DBTask::process(): took 0.34 seconds
sql:(delete from kbe_email_verification where logtime<1561595869 and type=3)
  INFO root [2019-06-27 09:37:49,200] - DBInterfaceMysql::query: successfully!
 DEBUG root [2019-06-27 09:37:49,296] - DBInterfaceMysql::attach: successfully! addr: localhost:3306
 DEBUG root [2019-06-27 09:37:49,296] - DBThread::onStart(): 0x2148838!
  WARN root [2019-06-27 09:37:49,298] - DBTask::process(): took 0.47 seconds
sql:(show index from tbl_Account)
  WARN root [2019-06-27 09:37:49,312] - DBTask::process(): took 0.37 seconds
sql:(insert into kbe_serverlog (heartbeatTime, serverGroupID) values(1561599469,3960) ON DUPLICATE KEY UPDATE heartbeatTime=1561599469)
  INFO root [2019-06-27 09:37:49,387] - DBInterfaceMysql::query: successfully!
  INFO root [2019-06-27 09:37:49,388] - DBInterfaceMysql::query: successfully!
  WARN root [2019-06-27 09:37:49,388] - DBTask::process(): took 0.38 seconds
sql:(CREATE TABLE IF NOT EXISTS kbe_accountinfos (`accountName` varchar(128) not null, PRIMARY KEY idKey (`accountName`),`password` varchar(255) not null,`bindata` blob,`email` varchar(191) not null, UNIQUE KEY `email` (`email`),`entityDBID` bigint(20) unsigned not null DEFAULT 0, UNIQUE KEY `entityDBID` (`entityDBID`),`flags` int unsigned not null DEFAULT 0,`deadline` bigint(20) not null DEFAULT 0,`regtime` bigint(20) not null DEFAULT 0,`lasttime` bigint(20) not null DEFAULT 0,`numlogin` int unsigned not null DEFAULT 0)ENGINE=InnoDB)
  INFO root [2019-06-27 09:37:49,504] - DBInterfaceMysql::query: successfully!
  WARN root [2019-06-27 09:37:49,505] - DBTask::process(): took 0.21 seconds
sql:(select distinct(serverGroupID) from kbe_entitylog)
  WARN root [2019-06-27 09:37:49,560] - d:\kbengine\kbe\src\server\dbmgr\dbmgr.cpp:306: Profile scriptCall took 1.50 seconds
  INFO root [2019-06-27 09:37:50,014] - ---- dbmgr is running ----
 DEBUG root [2019-06-27 09:37:50,015] - Components::process(): Request for the process of identity...
  INFO root [2019-06-27 09:37:56,159] - ServerApp::onRegisterNewApp: uid:3960, username:error_name, componentType:interfaces, componentID:3000, globalorderID=-1, grouporderID=-1, intaddr:192.168.56.1, intport:30099, extaddr:nonsupport, extport:0,  from 127.0.0.1:30099/0/0/0.
  INFO root [2019-06-27 09:37:56,160] - Components::addComponent: reset orderLog, uid=3960!
  INFO root [2019-06-27 09:37:56,160] - Components::addComponent[interfaces], uid=3960, componentID=3000, globalorderid=1, grouporderid=1, totalcount=1
  INFO root [2019-06-27 09:37:57,177] - Components::findComponents: find logger(1)...
  INFO root [2019-06-27 09:37:57,227] - Components::findComponents: found logger, addr:192.168.56.1:62899
  INFO root [2019-06-27 09:37:57,227] - Components::addComponent: reset orderLog, uid=3960!
  INFO root [2019-06-27 09:37:57,228] - Components::addComponent[logger], uid=3960, componentID=2000, globalorderid=1, grouporderid=1, totalcount=1
  WARN root [2019-06-27 09:37:57,229] - Forwarding logs to logger[192.168.56.1:62899/0/0/0]...
 ERROR root [2019-06-27 09:40:49,918] - Components::removeComponentByChannel: logger : 2000, Abnormal exit(reason=TCPPacketReceiver::processRecv(): error=10054
)! Channel(timestamp=1476396095619, lastReceivedTime=1476390191963, inactivityExceptionPeriod=134885102)
  INFO root [2019-06-27 09:40:49,925] - The following logs sent to logger failed:
  WARN root [2019-06-27 09:40:49,925] - ==> [2019-06-27 09:40:49 918] TCPPacketReceiver::processPendingEvents(192.168.56.1:62899): Throwing REASON_GENERAL_NETWORK - WSAECONNRESET
 ERROR root [2019-06-27 09:40:49,925] - ==> [2019-06-27 09:40:49 920] Components::removeComponentByChannel: logger : 2000, Abnormal exit(reason=TCPPacketReceiver::processRecv(): error=10054
)! Channel(timestamp=1476396095619, lastReceivedTime=1476390191963, inactivityExceptionPeriod=134885102)
  INFO root [2019-06-27 09:42:53,498] - 
  INFO root [2019-06-27 09:42:53,515] - -----------------------------------------------------------------------------------------


  INFO root [2019-06-27 09:42:53,516] - Resmgr::initialize: KBE_ROOT=D:/kbengine/
  INFO root [2019-06-27 09:42:53,516] - Resmgr::initialize: KBE_RES_PATH=D:/kbengine/kbe/res/;D:/kbengine/HappyPoker_assets/;D:/kbengine/HappyPoker_assets/scripts/;D:/kbengine/HappyPoker_assets/res/
  INFO root [2019-06-27 09:42:53,516] - Resmgr::initialize: KBE_BIN_PATH=D:/kbengine/kbe/bin/server/
  INFO root [2019-06-27 09:42:53,548] - NetworkInterface::initialize(INTERNAL-TCP): bound to all interfaces with default route interface on 192.168.56.1 ( 192.168.56.1:62961 )
  INFO root [2019-06-27 09:42:53,548] - NetworkInterface::initialize(INTERNAL-TCP): address 192.168.56.1:62961, SOMAXCONN=5.
  INFO root [2019-06-27 09:42:53,548] - server-configs:
  INFO root [2019-06-27 09:42:53,548] - 	internalTcpAddr : 192.168.56.1:62961
  INFO root [2019-06-27 09:42:53,548] - 	componentID : 4000
  WARN root [2019-06-27 09:42:53,554] - invalid UID(0) <= 0, please check UID for environment! automatically set to 3960.
  INFO root [2019-06-27 09:42:55,063] - ---- dbmgr Version: 2.4.5. ScriptVersion: 0.1.0. Pythoncore: 3.7.3. Protocol: 11178A1C367680938C8E416B64844ACD. Config: Debug X86. Built: 09:55:16 May  8 2019. AppID: 4000. UID: 3960. PID: 9768 ----
  INFO root [2019-06-27 09:42:55,063] - Server error_name: Intel(R) Core(TM) i5-6300HQ CPU @ 2.30GHz with 2097151kB RAM
  INFO root [2019-06-27 09:42:55,063] - ThreadPool::createThreadPool: creating  threadpool...
  INFO root [2019-06-27 09:42:55,064] - ThreadPool::createThreadPool: successfully(2), newThreadCount=1, normalMaxThreadCount=2, maxThreadCount=8
  INFO root [2019-06-27 09:42:55,263] - Script::install(): is successfully, Python=(3.7.3 (default, May  8 2019, 09:53:38) [MSC v.1916 32 bit (Intel)])!
  INFO root [2019-06-27 09:42:55,263] - Script::install(): KBExtra is successfully!
  INFO root [2019-06-27 09:42:55,438] - Dbmgr::initializeEnd: digest(35046D1581FAE051845F0D5C10DF296E)
S_INFO root [2019-06-27 09:42:55,439] - onDBMgrReady: bootstrapGroupIndex=0, bootstrapGlobalIndex=0
  INFO root [2019-06-27 09:42:55,439] - TelnetServer server is running on port 32000
  INFO root [2019-06-27 09:42:55,440] - Dbmgr::initInterfacesHandler: interfaces addr(127.0.0.1:30099), accountType:(interfaces), chargeType:(interfaces).
  WARN root [2019-06-27 09:42:55,748] - DBUtil::initialize: db(default) password is not encrypted!
please use password(rsa):
E4F0AC47E496586FB92B4269016CFCB23C5185C3E71648D4A27A6A8A6BE8311E3DE4A6B88399710AAC9BCE0F7C7E55BDAD1E2CAE2D55EDD744DB446956CBEBED6A9AF123D57740325FE26C960E6CC70F4BADA1B318F55C2946C55899212A9697E577DDAB3EC7D9865FF66C775E2331767663F1901EE676B66B34D2039C759A95
 DEBUG root [2019-06-27 09:42:55,752] - DBInterfaceMysql::attach: connect: localhost:3306 starting...
 DEBUG root [2019-06-27 09:42:55,907] - DBInterfaceMysql::attach: successfully! addr: localhost:3306
  INFO root [2019-06-27 09:42:55,908] - DBUtil::createInterface[0x1d3f080]: interface=default, dbtype=mysql, ip=localhost, port=3306, currdatabase=kbe, username=kbe, connected=yes.

  INFO root [2019-06-27 09:42:55,908] - ThreadPool::createThreadPool: creating  threadpool...
  INFO root [2019-06-27 09:42:55,908] - ThreadPool::createThreadPool: successfully(5), newThreadCount=5, normalMaxThreadCount=5, maxThreadCount=5
 DEBUG root [2019-06-27 09:42:55,916] - DBInterfaceMysql::attach: connect: localhost:3306 starting...
 DEBUG root [2019-06-27 09:42:55,934] - DBInterfaceMysql::attach: connect: localhost:3306 starting...
 DEBUG root [2019-06-27 09:42:55,936] - DBInterfaceMysql::attach: connect: localhost:3306 starting...
 DEBUG root [2019-06-27 09:42:55,946] - DBInterfaceMysql::attach: connect: localhost:3306 starting...
 DEBUG root [2019-06-27 09:42:55,952] - DBInterfaceMysql::attach: connect: localhost:3306 starting...
 DEBUG root [2019-06-27 09:42:56,040] - DBInterfaceMysql::attach: successfully! addr: localhost:3306
 DEBUG root [2019-06-27 09:42:56,040] - DBThread::onStart(): 0x207a3a8!
  INFO root [2019-06-27 09:42:56,109] - DBInterfaceMysql::query: successfully!
 DEBUG root [2019-06-27 09:42:56,165] - DBInterfaceMysql::attach: successfully! addr: localhost:3306
 DEBUG root [2019-06-27 09:42:56,165] - DBThread::onStart(): 0x207a430!
 DEBUG root [2019-06-27 09:42:56,240] - DBInterfaceMysql::attach: successfully! addr: localhost:3306
 DEBUG root [2019-06-27 09:42:56,240] - DBThread::onStart(): 0x207aba0!
 DEBUG root [2019-06-27 09:42:56,273] - DBInterfaceMysql::attach: successfully! addr: localhost:3306
 DEBUG root [2019-06-27 09:42:56,273] - DBThread::onStart(): 0x207ac28!
 DEBUG root [2019-06-27 09:42:56,306] - DBInterfaceMysql::attach: successfully! addr: localhost:3306
 DEBUG root [2019-06-27 09:42:56,306] - DBThread::onStart(): 0x207a540!
  INFO root [2019-06-27 09:42:56,339] - DBInterfaceMysql::query: successfully!
  WARN root [2019-06-27 09:42:56,340] - DBTask::process(): took 0.23 seconds
sql:(CREATE TABLE IF NOT EXISTS kbe_accountinfos (`accountName` varchar(128) not null, PRIMARY KEY idKey (`accountName`),`password` varchar(255) not null,`bindata` blob,`email` varchar(191) not null, UNIQUE KEY `email` (`email`),`entityDBID` bigint(20) unsigned not null DEFAULT 0, UNIQUE KEY `entityDBID` (`entityDBID`),`flags` int unsigned not null DEFAULT 0,`deadline` bigint(20) not null DEFAULT 0,`regtime` bigint(20) not null DEFAULT 0,`lasttime` bigint(20) not null DEFAULT 0,`numlogin` int unsigned not null DEFAULT 0)ENGINE=InnoDB)
  INFO root [2019-06-27 09:42:56,348] - DBInterfaceMysql::query: successfully!
  INFO root [2019-06-27 09:42:56,348] - DBInterfaceMysql::query: successfully!
  INFO root [2019-06-27 09:42:56,348] - DBInterfaceMysql::query: successfully!
  INFO root [2019-06-27 09:42:56,369] - DBInterfaceMysql::query: successfully!
  INFO root [2019-06-27 09:42:56,369] - DBInterfaceMysql::query: successfully!
  INFO root [2019-06-27 09:42:56,370] - DBInterfaceMysql::query: successfully!
  WARN root [2019-06-27 09:42:56,479] - DBTask::process(): took 0.31 seconds
sql:(insert into kbe_serverlog (heartbeatTime, serverGroupID) values(1561599776,3960) ON DUPLICATE KEY UPDATE heartbeatTime=1561599776)
  INFO root [2019-06-27 09:42:56,522] - DBInterfaceMysql::query: successfully!
  WARN root [2019-06-27 09:42:56,523] - DBTask::process(): took 0.28 seconds
sql:(select distinct(serverGroupID) from kbe_entitylog)
  WARN root [2019-06-27 09:42:56,547] - d:\kbengine\kbe\src\server\dbmgr\dbmgr.cpp:306: Profile scriptCall took 1.11 seconds
  INFO root [2019-06-27 09:42:56,929] - ---- dbmgr is running ----
 DEBUG root [2019-06-27 09:42:56,930] - Components::process(): Request for the process of identity...
  INFO root [2019-06-27 09:43:03,060] - ServerApp::onRegisterNewApp: uid:3960, username:error_name, componentType:interfaces, componentID:3000, globalorderID=-1, grouporderID=-1, intaddr:192.168.56.1, intport:30099, extaddr:nonsupport, extport:0,  from 127.0.0.1:30099/0/0/0.
  INFO root [2019-06-27 09:43:03,060] - Components::addComponent: reset orderLog, uid=3960!
  INFO root [2019-06-27 09:43:03,061] - Components::addComponent[interfaces], uid=3960, componentID=3000, globalorderid=1, grouporderid=1, totalcount=1
  INFO root [2019-06-27 09:43:04,078] - Components::findComponents: find logger(1)...
  INFO root [2019-06-27 09:43:04,093] - Components::findComponents: found logger, addr:192.168.56.1:62963
  INFO root [2019-06-27 09:43:04,094] - Components::addComponent: reset orderLog, uid=3960!
  INFO root [2019-06-27 09:43:04,094] - Components::addComponent[logger], uid=3960, componentID=2000, globalorderid=1, grouporderid=1, totalcount=1
  INFO root [2019-06-27 09:43:04,099] - Components::process(): Found all the components!
  WARN root [2019-06-27 09:43:04,126] - Forwarding logs to logger[192.168.56.1:62963/0/0/0]...
 ERROR root [2019-06-27 09:51:07,616] - Components::removeComponentByChannel: logger : 2000, Abnormal exit(reason=TCPPacketReceiver::processRecv(): error=10054
)! Channel(timestamp=1477785915220, lastReceivedTime=1477754378403, inactivityExceptionPeriod=134885454)
  INFO root [2019-06-27 09:51:07,621] - The following logs sent to logger failed:
  WARN root [2019-06-27 09:51:07,622] - ==> [2019-06-27 09:51:07 615] TCPPacketReceiver::processPendingEvents(192.168.56.1:62963): Throwing REASON_GENERAL_NETWORK - WSAECONNRESET
 ERROR root [2019-06-27 09:51:07,622] - ==> [2019-06-27 09:51:07 617] Components::removeComponentByChannel: logger : 2000, Abnormal exit(reason=TCPPacketReceiver::processRecv(): error=10054
)! Channel(timestamp=1477785915220, lastReceivedTime=1477754378403, inactivityExceptionPeriod=134885454)
  INFO root [2019-06-27 09:51:09,486] - 
  INFO root [2019-06-27 09:51:09,495] - -----------------------------------------------------------------------------------------


  INFO root [2019-06-27 09:51:09,497] - Resmgr::initialize: KBE_ROOT=D:/kbengine/
  INFO root [2019-06-27 09:51:09,497] - Resmgr::initialize: KBE_RES_PATH=D:/kbengine/kbe/res/;D:/kbengine/HappyPoker_assets/;D:/kbengine/HappyPoker_assets/scripts/;D:/kbengine/HappyPoker_assets/res/
  INFO root [2019-06-27 09:51:09,497] - Resmgr::initialize: KBE_BIN_PATH=D:/kbengine/kbe/bin/server/
  INFO root [2019-06-27 09:51:09,544] - NetworkInterface::initialize(INTERNAL-TCP): bound to all interfaces with default route interface on 192.168.56.1 ( 192.168.56.1:63076 )
  INFO root [2019-06-27 09:51:09,545] - NetworkInterface::initialize(INTERNAL-TCP): address 192.168.56.1:63076, SOMAXCONN=5.
  INFO root [2019-06-27 09:51:09,545] - server-configs:
  INFO root [2019-06-27 09:51:09,545] - 	internalTcpAddr : 192.168.56.1:63076
  INFO root [2019-06-27 09:51:09,545] - 	componentID : 4000
  WARN root [2019-06-27 09:51:09,547] - invalid UID(0) <= 0, please check UID for environment! automatically set to 3960.
  INFO root [2019-06-27 09:51:11,054] - ---- dbmgr Version: 2.4.5. ScriptVersion: 0.1.0. Pythoncore: 3.7.3. Protocol: 11178A1C367680938C8E416B64844ACD. Config: Debug X86. Built: 09:55:16 May  8 2019. AppID: 4000. UID: 3960. PID: 9284 ----
  INFO root [2019-06-27 09:51:11,055] - Server error_name: Intel(R) Core(TM) i5-6300HQ CPU @ 2.30GHz with 2097151kB RAM
  INFO root [2019-06-27 09:51:11,055] - ThreadPool::createThreadPool: creating  threadpool...
  INFO root [2019-06-27 09:51:11,056] - ThreadPool::createThreadPool: successfully(2), newThreadCount=1, normalMaxThreadCount=2, maxThreadCount=8
  INFO root [2019-06-27 09:51:11,252] - Script::install(): is successfully, Python=(3.7.3 (default, May  8 2019, 09:53:38) [MSC v.1916 32 bit (Intel)])!
  INFO root [2019-06-27 09:51:11,252] - Script::install(): KBExtra is successfully!
  INFO root [2019-06-27 09:51:11,439] - Dbmgr::initializeEnd: digest(35046D1581FAE051845F0D5C10DF296E)
S_INFO root [2019-06-27 09:51:11,439] - onDBMgrReady: bootstrapGroupIndex=0, bootstrapGlobalIndex=0
  INFO root [2019-06-27 09:51:11,440] - TelnetServer server is running on port 32000
  INFO root [2019-06-27 09:51:11,440] - Dbmgr::initInterfacesHandler: interfaces addr(127.0.0.1:30099), accountType:(interfaces), chargeType:(interfaces).
  WARN root [2019-06-27 09:51:11,768] - DBUtil::initialize: db(default) password is not encrypted!
please use password(rsa):
AF68CF2174F193E128574C2DCDDF16678FE82FFAFC0D714343A35BCD6D3133F8FFEF4A7C2A41053AACE93633F2A8FCB3BBA88A211510D705895562C49DB2AF4ED9B7038E3287ED83666FF6F3D548481572D0861BFB6CBF7FD7A4031E1F19641156FDE43660E50DA1EA59BB12F97703DF6AF58EE6F8568534042F2EF8CD1C4EC1
 DEBUG root [2019-06-27 09:51:11,773] - DBInterfaceMysql::attach: connect: localhost:3306 starting...
 DEBUG root [2019-06-27 09:51:11,869] - DBInterfaceMysql::attach: successfully! addr: localhost:3306
  INFO root [2019-06-27 09:51:11,869] - DBUtil::createInterface[0x1d3f1b0]: interface=default, dbtype=mysql, ip=localhost, port=3306, currdatabase=kbe, username=kbe, connected=yes.

  INFO root [2019-06-27 09:51:11,870] - ThreadPool::createThreadPool: creating  threadpool...
  INFO root [2019-06-27 09:51:11,870] - ThreadPool::createThreadPool: successfully(5), newThreadCount=5, normalMaxThreadCount=5, maxThreadCount=5
 DEBUG root [2019-06-27 09:51:11,871] - DBInterfaceMysql::attach: connect: localhost:3306 starting...
 DEBUG root [2019-06-27 09:51:11,872] - DBInterfaceMysql::attach: connect: localhost:3306 starting...
 DEBUG root [2019-06-27 09:51:11,876] - DBInterfaceMysql::attach: connect: localhost:3306 starting...
 DEBUG root [2019-06-27 09:51:11,877] - DBInterfaceMysql::attach: connect: localhost:3306 starting...
 DEBUG root [2019-06-27 09:51:11,898] - DBInterfaceMysql::attach: connect: localhost:3306 starting...
 DEBUG root [2019-06-27 09:51:11,938] - DBInterfaceMysql::attach: successfully! addr: localhost:3306
 DEBUG root [2019-06-27 09:51:11,938] - DBThread::onStart(): 0x1f168e8!
 DEBUG root [2019-06-27 09:51:12,009] - DBInterfaceMysql::attach: successfully! addr: localhost:3306
 DEBUG root [2019-06-27 09:51:12,010] - DBThread::onStart(): 0x1f171f0!
  INFO root [2019-06-27 09:51:12,011] - DBInterfaceMysql::query: successfully!
 DEBUG root [2019-06-27 09:51:12,076] - DBInterfaceMysql::attach: successfully! addr: localhost:3306
 DEBUG root [2019-06-27 09:51:12,076] - DBThread::onStart(): 0x1f17300!
 DEBUG root [2019-06-27 09:51:12,109] - DBInterfaceMysql::attach: successfully! addr: localhost:3306
 DEBUG root [2019-06-27 09:51:12,109] - DBThread::onStart(): 0x1f169f8!
  INFO root [2019-06-27 09:51:12,142] - DBInterfaceMysql::query: successfully!
  INFO root [2019-06-27 09:51:12,151] - DBInterfaceMysql::query: successfully!
  INFO root [2019-06-27 09:51:12,151] - DBInterfaceMysql::query: successfully!
  INFO root [2019-06-27 09:51:12,151] - DBInterfaceMysql::query: successfully!
  INFO root [2019-06-27 09:51:12,152] - DBInterfaceMysql::query: successfully!
  INFO root [2019-06-27 09:51:12,152] - DBInterfaceMysql::query: successfully!
  INFO root [2019-06-27 09:51:12,218] - DBInterfaceMysql::query: successfully!
  WARN root [2019-06-27 09:51:12,219] - DBTask::process(): took 0.21 seconds
sql:(select distinct(serverGroupID) from kbe_entitylog)
 DEBUG root [2019-06-27 09:51:12,232] - DBInterfaceMysql::attach: successfully! addr: localhost:3306
 DEBUG root [2019-06-27 09:51:12,232] - DBThread::onStart(): 0x1f17278!
  INFO root [2019-06-27 09:51:12,284] - DBInterfaceMysql::query: successfully!
  WARN root [2019-06-27 09:51:12,340] - d:\kbengine\kbe\src\server\dbmgr\dbmgr.cpp:306: Profile scriptCall took 0.90 seconds
  INFO root [2019-06-27 09:51:12,720] - ---- dbmgr is running ----
 DEBUG root [2019-06-27 09:51:12,720] - Components::process(): Request for the process of identity...
  INFO root [2019-06-27 09:51:18,847] - ServerApp::onRegisterNewApp: uid:3960, username:error_name, componentType:interfaces, componentID:3000, globalorderID=-1, grouporderID=-1, intaddr:192.168.56.1, intport:30099, extaddr:nonsupport, extport:0,  from 127.0.0.1:30099/0/0/0.
  INFO root [2019-06-27 09:51:18,847] - Components::addComponent: reset orderLog, uid=3960!
  INFO root [2019-06-27 09:51:18,848] - Components::addComponent[interfaces], uid=3960, componentID=3000, globalorderid=1, grouporderid=1, totalcount=1
  INFO root [2019-06-27 09:51:19,859] - Components::findComponents: find logger(1)...
  INFO root [2019-06-27 09:51:19,898] - Components::findComponents: found logger, addr:192.168.56.1:63077
  INFO root [2019-06-27 09:51:19,898] - Components::addComponent: reset orderLog, uid=3960!
  INFO root [2019-06-27 09:51:19,898] - Components::addComponent[logger], uid=3960, componentID=2000, globalorderid=1, grouporderid=1, totalcount=1
  INFO root [2019-06-27 09:51:19,908] - Components::process(): Found all the components!
  WARN root [2019-06-27 09:51:19,909] - Forwarding logs to logger[192.168.56.1:63077/0/0/0]...
 ERROR root [2019-06-27 09:59:08,549] - Components::removeComponentByChannel: logger : 2000, Abnormal exit(reason=TCPPacketReceiver::processRecv(): error=10054
)! Channel(timestamp=1478868014217, lastReceivedTime=1478802747056, inactivityExceptionPeriod=134876821)
  INFO root [2019-06-27 09:59:08,555] - The following logs sent to logger failed:
  WARN root [2019-06-27 09:59:08,555] - ==> [2019-06-27 09:59:08 548] TCPPacketReceiver::processPendingEvents(192.168.56.1:63077): Throwing REASON_GENERAL_NETWORK - WSAECONNRESET
 ERROR root [2019-06-27 09:59:08,555] - ==> [2019-06-27 09:59:08 549] Components::removeComponentByChannel: logger : 2000, Abnormal exit(reason=TCPPacketReceiver::processRecv(): error=10054
)! Channel(timestamp=1478868014217, lastReceivedTime=1478802747056, inactivityExceptionPeriod=134876821)
  INFO root [2019-06-27 09:59:10,446] - 
  INFO root [2019-06-27 09:59:10,476] - -----------------------------------------------------------------------------------------


  INFO root [2019-06-27 09:59:10,478] - Resmgr::initialize: KBE_ROOT=D:/kbengine/
  INFO root [2019-06-27 09:59:10,478] - Resmgr::initialize: KBE_RES_PATH=D:/kbengine/kbe/res/;D:/kbengine/HappyPoker_assets/;D:/kbengine/HappyPoker_assets/scripts/;D:/kbengine/HappyPoker_assets/res/
  INFO root [2019-06-27 09:59:10,478] - Resmgr::initialize: KBE_BIN_PATH=D:/kbengine/kbe/bin/server/
  INFO root [2019-06-27 09:59:10,549] - NetworkInterface::initialize(INTERNAL-TCP): bound to all interfaces with default route interface on 192.168.56.1 ( 192.168.56.1:63153 )
  INFO root [2019-06-27 09:59:10,549] - NetworkInterface::initialize(INTERNAL-TCP): address 192.168.56.1:63153, SOMAXCONN=5.
  INFO root [2019-06-27 09:59:10,549] - server-configs:
  INFO root [2019-06-27 09:59:10,549] - 	internalTcpAddr : 192.168.56.1:63153
  INFO root [2019-06-27 09:59:10,550] - 	componentID : 4000
  WARN root [2019-06-27 09:59:10,553] - invalid UID(0) <= 0, please check UID for environment! automatically set to 3960.
  INFO root [2019-06-27 09:59:12,071] - ---- dbmgr Version: 2.4.5. ScriptVersion: 0.1.0. Pythoncore: 3.7.3. Protocol: 11178A1C367680938C8E416B64844ACD. Config: Debug X86. Built: 09:55:16 May  8 2019. AppID: 4000. UID: 3960. PID: 14284 ----
  INFO root [2019-06-27 09:59:12,071] - Server error_name: Intel(R) Core(TM) i5-6300HQ CPU @ 2.30GHz with 2097151kB RAM
  INFO root [2019-06-27 09:59:12,072] - ThreadPool::createThreadPool: creating  threadpool...
  INFO root [2019-06-27 09:59:12,072] - ThreadPool::createThreadPool: successfully(2), newThreadCount=1, normalMaxThreadCount=2, maxThreadCount=8
  INFO root [2019-06-27 09:59:12,283] - Script::install(): is successfully, Python=(3.7.3 (default, May  8 2019, 09:53:38) [MSC v.1916 32 bit (Intel)])!
  INFO root [2019-06-27 09:59:12,283] - Script::install(): KBExtra is successfully!
  INFO root [2019-06-27 09:59:12,625] - Dbmgr::initializeEnd: digest(35046D1581FAE051845F0D5C10DF296E)
S_INFO root [2019-06-27 09:59:12,626] - onDBMgrReady: bootstrapGroupIndex=0, bootstrapGlobalIndex=0
  INFO root [2019-06-27 09:59:12,626] - TelnetServer server is running on port 32000
  INFO root [2019-06-27 09:59:12,636] - Dbmgr::initInterfacesHandler: interfaces addr(127.0.0.1:30099), accountType:(interfaces), chargeType:(interfaces).
  WARN root [2019-06-27 09:59:13,030] - DBUtil::initialize: db(default) password is not encrypted!
please use password(rsa):
29A2A0806A9D67CE2A68706D74281A47841B96111C4C90E4F96F803A3420A6DC30D72F044C25C2330182874F7B6034E9B72BF751D3572D2BE0DC51CFBA8C35D8A448B57B0E110F76DAA5E1366432F69F76B05257C3852DD7F4C0E2234A051106E88C39F84B7FAC1DD36AB929CC92B47FEFEE8E6BE4F88C0C7AAA8A47DD3DA20A
 DEBUG root [2019-06-27 09:59:13,075] - DBInterfaceMysql::attach: connect: localhost:3306 starting...
 DEBUG root [2019-06-27 09:59:13,321] - DBInterfaceMysql::attach: successfully! addr: localhost:3306
  INFO root [2019-06-27 09:59:13,321] - DBUtil::createInterface[0x1d3f314]: interface=default, dbtype=mysql, ip=localhost, port=3306, currdatabase=kbe, username=kbe, connected=yes.

  INFO root [2019-06-27 09:59:13,321] - ThreadPool::createThreadPool: creating  threadpool...
  INFO root [2019-06-27 09:59:13,322] - ThreadPool::createThreadPool: successfully(5), newThreadCount=5, normalMaxThreadCount=5, maxThreadCount=5
 DEBUG root [2019-06-27 09:59:13,379] - DBInterfaceMysql::attach: connect: localhost:3306 starting...
 DEBUG root [2019-06-27 09:59:13,398] - DBInterfaceMysql::attach: connect: localhost:3306 starting...
 DEBUG root [2019-06-27 09:59:13,415] - DBInterfaceMysql::attach: connect: localhost:3306 starting...
 DEBUG root [2019-06-27 09:59:13,419] - DBInterfaceMysql::attach: connect: localhost:3306 starting...
 DEBUG root [2019-06-27 09:59:13,438] - DBInterfaceMysql::attach: connect: localhost:3306 starting...
 DEBUG root [2019-06-27 09:59:13,492] - DBInterfaceMysql::attach: successfully! addr: localhost:3306
 DEBUG root [2019-06-27 09:59:13,493] - DBThread::onStart(): 0x1ed9e98!
  INFO root [2019-06-27 09:59:13,510] - DBInterfaceMysql::query: successfully!
 DEBUG root [2019-06-27 09:59:13,604] - DBInterfaceMysql::attach: successfully! addr: localhost:3306
 DEBUG root [2019-06-27 09:59:13,605] - DBThread::onStart(): 0x1ed9a58!
 DEBUG root [2019-06-27 09:59:13,663] - DBInterfaceMysql::attach: successfully! addr: localhost:3306
 DEBUG root [2019-06-27 09:59:13,663] - DBThread::onStart(): 0x1eda608!
 DEBUG root [2019-06-27 09:59:13,713] - DBInterfaceMysql::attach: successfully! addr: localhost:3306
 DEBUG root [2019-06-27 09:59:13,713] - DBThread::onStart(): 0x1eda360!
  INFO root [2019-06-27 09:59:13,745] - DBInterfaceMysql::query: successfully!
  INFO root [2019-06-27 09:59:13,754] - DBInterfaceMysql::query: successfully!
  WARN root [2019-06-27 09:59:13,754] - DBTask::process(): took 0.24 seconds
sql:(CREATE TABLE IF NOT EXISTS kbe_accountinfos (`accountName` varchar(128) not null, PRIMARY KEY idKey (`accountName`),`password` varchar(255) not null,`bindata` blob,`email` varchar(191) not null, UNIQUE KEY `email` (`email`),`entityDBID` bigint(20) unsigned not null DEFAULT 0, UNIQUE KEY `entityDBID` (`entityDBID`),`flags` int unsigned not null DEFAULT 0,`deadline` bigint(20) not null DEFAULT 0,`regtime` bigint(20) not null DEFAULT 0,`lasttime` bigint(20) not null DEFAULT 0,`numlogin` int unsigned not null DEFAULT 0)ENGINE=InnoDB)
  INFO root [2019-06-27 09:59:13,778] - DBInterfaceMysql::query: successfully!
  INFO root [2019-06-27 09:59:13,779] - DBInterfaceMysql::query: successfully!
  INFO root [2019-06-27 09:59:13,779] - DBInterfaceMysql::query: successfully!
  INFO root [2019-06-27 09:59:13,779] - DBInterfaceMysql::query: successfully!
 DEBUG root [2019-06-27 09:59:13,829] - DBInterfaceMysql::attach: successfully! addr: localhost:3306
 DEBUG root [2019-06-27 09:59:13,829] - DBThread::onStart(): 0x1ed9948!
  INFO root [2019-06-27 09:59:13,870] - DBInterfaceMysql::query: successfully!
  INFO root [2019-06-27 09:59:13,937] - DBInterfaceMysql::query: successfully!
  WARN root [2019-06-27 09:59:13,961] - d:\kbengine\kbe\src\server\dbmgr\dbmgr.cpp:306: Profile scriptCall took 1.34 seconds
  INFO root [2019-06-27 09:59:14,431] - ---- dbmgr is running ----
 DEBUG root [2019-06-27 09:59:14,433] - Components::process(): Request for the process of identity...
  INFO root [2019-06-27 09:59:20,567] - ServerApp::onRegisterNewApp: uid:3960, username:error_name, componentType:interfaces, componentID:3000, globalorderID=-1, grouporderID=-1, intaddr:192.168.56.1, intport:30099, extaddr:nonsupport, extport:0,  from 127.0.0.1:30099/0/0/0.
  INFO root [2019-06-27 09:59:20,568] - Components::addComponent: reset orderLog, uid=3960!
  INFO root [2019-06-27 09:59:20,568] - Components::addComponent[interfaces], uid=3960, componentID=3000, globalorderid=1, grouporderid=1, totalcount=1
  INFO root [2019-06-27 09:59:21,586] - Components::findComponents: find logger(1)...
  INFO root [2019-06-27 09:59:21,665] - Components::findComponents: found logger, addr:192.168.56.1:63157
  INFO root [2019-06-27 09:59:21,665] - Components::addComponent: reset orderLog, uid=3960!
  INFO root [2019-06-27 09:59:21,666] - Components::addComponent[logger], uid=3960, componentID=2000, globalorderid=1, grouporderid=1, totalcount=1
  WARN root [2019-06-27 09:59:21,667] - Forwarding logs to logger[192.168.56.1:63157/0/0/0]...
 ERROR root [2019-06-27 10:05:16,015] - Components::removeComponentByChannel: logger : 2000, Abnormal exit(reason=TCPPacketReceiver::processRecv(): error=10054
)! Channel(timestamp=1479694813856, lastReceivedTime=1479682615727, inactivityExceptionPeriod=134882944)
  INFO root [2019-06-27 10:05:16,016] - The following logs sent to logger failed:
  WARN root [2019-06-27 10:05:16,017] - ==> [2019-06-27 10:05:16 014] TCPPacketReceiver::processPendingEvents(192.168.56.1:63157): Throwing REASON_GENERAL_NETWORK - WSAECONNRESET
 ERROR root [2019-06-27 10:05:16,017] - ==> [2019-06-27 10:05:16 015] Components::removeComponentByChannel: logger : 2000, Abnormal exit(reason=TCPPacketReceiver::processRecv(): error=10054
)! Channel(timestamp=1479694813856, lastReceivedTime=1479682615727, inactivityExceptionPeriod=134882944)
  INFO root [2019-06-27 10:07:18,488] - 
  INFO root [2019-06-27 10:07:18,503] - -----------------------------------------------------------------------------------------


  INFO root [2019-06-27 10:07:18,505] - Resmgr::initialize: KBE_ROOT=D:/kbengine/
  INFO root [2019-06-27 10:07:18,505] - Resmgr::initialize: KBE_RES_PATH=D:/kbengine/kbe/res/;D:/kbengine/HappyPoker_assets/;D:/kbengine/HappyPoker_assets/scripts/;D:/kbengine/HappyPoker_assets/res/
  INFO root [2019-06-27 10:07:18,505] - Resmgr::initialize: KBE_BIN_PATH=D:/kbengine/kbe/bin/server/
  INFO root [2019-06-27 10:07:18,571] - NetworkInterface::initialize(INTERNAL-TCP): bound to all interfaces with default route interface on 192.168.56.1 ( 192.168.56.1:63252 )
  INFO root [2019-06-27 10:07:18,572] - NetworkInterface::initialize(INTERNAL-TCP): address 192.168.56.1:63252, SOMAXCONN=5.
  INFO root [2019-06-27 10:07:18,572] - server-configs:
  INFO root [2019-06-27 10:07:18,572] - 	internalTcpAddr : 192.168.56.1:63252
  INFO root [2019-06-27 10:07:18,572] - 	componentID : 4000
  WARN root [2019-06-27 10:07:18,575] - invalid UID(0) <= 0, please check UID for environment! automatically set to 3960.
  WARN root [2019-06-27 10:07:18,916] - BundleBroadcast::BundleBroadcast: Cannot bind to port 20179, errorno=10048
  INFO root [2019-06-27 10:07:18,920] - ---- dbmgr Version: 2.4.5. ScriptVersion: 0.1.0. Pythoncore: 3.7.3. Protocol: 11178A1C367680938C8E416B64844ACD. Config: Debug X86. Built: 09:55:16 May  8 2019. AppID: 4000. UID: 3960. PID: 19704 ----
  INFO root [2019-06-27 10:07:18,920] - Server error_name: Intel(R) Core(TM) i5-6300HQ CPU @ 2.30GHz with 2097151kB RAM
  INFO root [2019-06-27 10:07:18,920] - ThreadPool::createThreadPool: creating  threadpool...
  INFO root [2019-06-27 10:07:18,921] - ThreadPool::createThreadPool: successfully(2), newThreadCount=1, normalMaxThreadCount=2, maxThreadCount=8
  INFO root [2019-06-27 10:07:19,123] - Script::install(): is successfully, Python=(3.7.3 (default, May  8 2019, 09:53:38) [MSC v.1916 32 bit (Intel)])!
  INFO root [2019-06-27 10:07:19,123] - Script::install(): KBExtra is successfully!
  INFO root [2019-06-27 10:07:19,381] - Dbmgr::initializeEnd: digest(35046D1581FAE051845F0D5C10DF296E)
S_INFO root [2019-06-27 10:07:19,381] - onDBMgrReady: bootstrapGroupIndex=0, bootstrapGlobalIndex=0
  INFO root [2019-06-27 10:07:19,382] - TelnetServer server is running on port 32000
  INFO root [2019-06-27 10:07:19,386] - Dbmgr::initInterfacesHandler: interfaces addr(127.0.0.1:30099), accountType:(interfaces), chargeType:(interfaces).
  WARN root [2019-06-27 10:07:19,678] - DBUtil::initialize: db(default) password is not encrypted!
please use password(rsa):
BB129F5C93D816099EAB0756E4EAB9455AAA0B408404764225690F6E923C768DC9EABC917D67B86D07960A518F854EFD0F1B8C994D95FBF0A6B9EB764C06AA5CB70007EEA63A221CEE0FB90A2A90D03BBC081BD830700FF57F5619F2552A9B8A20FD85DC96E4AE9B2533700CC13AC5DEDF023D594A7CCD7A722ADCEA273290F0
 DEBUG root [2019-06-27 10:07:19,682] - DBInterfaceMysql::attach: connect: localhost:3306 starting...
 DEBUG root [2019-06-27 10:07:19,831] - DBInterfaceMysql::attach: successfully! addr: localhost:3306
  INFO root [2019-06-27 10:07:19,832] - DBUtil::createInterface[0x6fefac]: interface=default, dbtype=mysql, ip=localhost, port=3306, currdatabase=kbe, username=kbe, connected=yes.

  INFO root [2019-06-27 10:07:19,832] - ThreadPool::createThreadPool: creating  threadpool...
  INFO root [2019-06-27 10:07:19,832] - ThreadPool::createThreadPool: successfully(5), newThreadCount=5, normalMaxThreadCount=5, maxThreadCount=5
 DEBUG root [2019-06-27 10:07:19,832] - DBInterfaceMysql::attach: connect: localhost:3306 starting...
 DEBUG root [2019-06-27 10:07:19,833] - DBInterfaceMysql::attach: connect: localhost:3306 starting...
 DEBUG root [2019-06-27 10:07:19,840] - DBInterfaceMysql::attach: connect: localhost:3306 starting...
 DEBUG root [2019-06-27 10:07:19,841] - DBInterfaceMysql::attach: connect: localhost:3306 starting...
 DEBUG root [2019-06-27 10:07:19,848] - DBInterfaceMysql::attach: connect: localhost:3306 starting...
 DEBUG root [2019-06-27 10:07:19,911] - DBInterfaceMysql::attach: successfully! addr: localhost:3306
 DEBUG root [2019-06-27 10:07:19,911] - DBThread::onStart(): 0x1bf7600!
 DEBUG root [2019-06-27 10:07:19,982] - DBInterfaceMysql::attach: successfully! addr: localhost:3306
 DEBUG root [2019-06-27 10:07:19,982] - DBThread::onStart(): 0x1bf7710!
 DEBUG root [2019-06-27 10:07:20,047] - DBInterfaceMysql::attach: successfully! addr: localhost:3306
 DEBUG root [2019-06-27 10:07:20,048] - DBThread::onStart(): 0x1bf70b0!
 DEBUG root [2019-06-27 10:07:20,089] - DBInterfaceMysql::attach: successfully! addr: localhost:3306
 DEBUG root [2019-06-27 10:07:20,089] - DBThread::onStart(): 0x1bf7248!
  INFO root [2019-06-27 10:07:20,163] - DBInterfaceMysql::query: successfully!
 DEBUG root [2019-06-27 10:07:20,199] - DBInterfaceMysql::attach: successfully! addr: localhost:3306
 DEBUG root [2019-06-27 10:07:20,199] - DBThread::onStart(): 0x1bf72d0!
  INFO root [2019-06-27 10:07:20,240] - DBInterfaceMysql::query: successfully!
  INFO root [2019-06-27 10:07:20,248] - DBInterfaceMysql::query: successfully!
  INFO root [2019-06-27 10:07:20,248] - DBInterfaceMysql::query: successfully!
  INFO root [2019-06-27 10:07:20,248] - DBInterfaceMysql::query: successfully!
  INFO root [2019-06-27 10:07:20,260] - DBInterfaceMysql::query: successfully!
  INFO root [2019-06-27 10:07:20,260] - DBInterfaceMysql::query: successfully!
  INFO root [2019-06-27 10:07:20,261] - DBInterfaceMysql::query: successfully!
  INFO root [2019-06-27 10:07:20,449] - DBInterfaceMysql::query: successfully!
  WARN root [2019-06-27 10:07:20,450] - DBTask::process(): took 0.29 seconds
sql:(select distinct(serverGroupID) from kbe_entitylog)
  WARN root [2019-06-27 10:07:20,484] - DBTask::process(): took 0.32 seconds
sql:(insert into kbe_serverlog (heartbeatTime, serverGroupID) values(1561601240,3960) ON DUPLICATE KEY UPDATE heartbeatTime=1561601240)
  WARN root [2019-06-27 10:07:20,514] - d:\kbengine\kbe\src\server\dbmgr\dbmgr.cpp:306: Profile scriptCall took 1.13 seconds
  INFO root [2019-06-27 10:07:20,915] - ---- dbmgr is running ----
 DEBUG root [2019-06-27 10:07:20,915] - Components::process(): Request for the process of identity...
  INFO root [2019-06-27 10:07:27,046] - ServerApp::onRegisterNewApp: uid:3960, username:error_name, componentType:interfaces, componentID:3000, globalorderID=-1, grouporderID=-1, intaddr:192.168.56.1, intport:30099, extaddr:nonsupport, extport:0,  from 127.0.0.1:30099/0/0/0.
  INFO root [2019-06-27 10:07:27,047] - Components::addComponent: reset orderLog, uid=3960!
  INFO root [2019-06-27 10:07:27,047] - Components::addComponent[interfaces], uid=3960, componentID=3000, globalorderid=1, grouporderid=1, totalcount=1
  INFO root [2019-06-27 10:07:28,062] - Components::findComponents: find logger(1)...
  INFO root [2019-06-27 10:07:28,146] - Components::findComponents: found logger, addr:192.168.56.1:63254
  INFO root [2019-06-27 10:07:28,146] - Components::addComponent: reset orderLog, uid=3960!
  INFO root [2019-06-27 10:07:28,147] - Components::addComponent[logger], uid=3960, componentID=2000, globalorderid=1, grouporderid=1, totalcount=1
  WARN root [2019-06-27 10:07:28,148] - Forwarding logs to logger[192.168.56.1:63254/0/0/0]...
 ERROR root [2019-06-27 10:10:52,826] - Components::removeComponentByChannel: logger : 2000, Abnormal exit(reason=TCPPacketReceiver::processRecv(): error=10054
)! Channel(timestamp=1480452640356, lastReceivedTime=1480443069370, inactivityExceptionPeriod=134885454)
  INFO root [2019-06-27 10:10:52,827] - The following logs sent to logger failed:
  WARN root [2019-06-27 10:10:52,828] - ==> [2019-06-27 10:10:52 825] TCPPacketReceiver::processPendingEvents(192.168.56.1:63254): Throwing REASON_GENERAL_NETWORK - WSAECONNRESET
 ERROR root [2019-06-27 10:10:52,828] - ==> [2019-06-27 10:10:52 827] Components::removeComponentByChannel: logger : 2000, Abnormal exit(reason=TCPPacketReceiver::processRecv(): error=10054
)! Channel(timestamp=1480452640356, lastReceivedTime=1480443069370, inactivityExceptionPeriod=134885454)
  INFO root [2019-06-27 10:10:54,723] - 
  INFO root [2019-06-27 10:10:54,724] - -----------------------------------------------------------------------------------------


  INFO root [2019-06-27 10:10:54,725] - Resmgr::initialize: KBE_ROOT=D:/kbengine/
  INFO root [2019-06-27 10:10:54,725] - Resmgr::initialize: KBE_RES_PATH=D:/kbengine/kbe/res/;D:/kbengine/HappyPoker_assets/;D:/kbengine/HappyPoker_assets/scripts/;D:/kbengine/HappyPoker_assets/res/
  INFO root [2019-06-27 10:10:54,725] - Resmgr::initialize: KBE_BIN_PATH=D:/kbengine/kbe/bin/server/
  INFO root [2019-06-27 10:10:54,744] - NetworkInterface::initialize(INTERNAL-TCP): bound to all interfaces with default route interface on 192.168.56.1 ( 192.168.56.1:63333 )
  INFO root [2019-06-27 10:10:54,744] - NetworkInterface::initialize(INTERNAL-TCP): address 192.168.56.1:63333, SOMAXCONN=5.
  INFO root [2019-06-27 10:10:54,744] - server-configs:
  INFO root [2019-06-27 10:10:54,744] - 	internalTcpAddr : 192.168.56.1:63333
  INFO root [2019-06-27 10:10:54,744] - 	componentID : 4000
  WARN root [2019-06-27 10:10:54,745] - invalid UID(0) <= 0, please check UID for environment! automatically set to 3960.
  INFO root [2019-06-27 10:10:56,252] - ---- dbmgr Version: 2.4.5. ScriptVersion: 0.1.0. Pythoncore: 3.7.3. Protocol: 11178A1C367680938C8E416B64844ACD. Config: Debug X86. Built: 09:55:16 May  8 2019. AppID: 4000. UID: 3960. PID: 12052 ----
  INFO root [2019-06-27 10:10:56,253] - Server error_name: Intel(R) Core(TM) i5-6300HQ CPU @ 2.30GHz with 2097151kB RAM
  INFO root [2019-06-27 10:10:56,253] - ThreadPool::createThreadPool: creating  threadpool...
  INFO root [2019-06-27 10:10:56,254] - ThreadPool::createThreadPool: successfully(2), newThreadCount=1, normalMaxThreadCount=2, maxThreadCount=8
  INFO root [2019-06-27 10:10:56,452] - Script::install(): is successfully, Python=(3.7.3 (default, May  8 2019, 09:53:38) [MSC v.1916 32 bit (Intel)])!
  INFO root [2019-06-27 10:10:56,453] - Script::install(): KBExtra is successfully!
  INFO root [2019-06-27 10:10:56,628] - Dbmgr::initializeEnd: digest(35046D1581FAE051845F0D5C10DF296E)
S_INFO root [2019-06-27 10:10:56,628] - onDBMgrReady: bootstrapGroupIndex=0, bootstrapGlobalIndex=0
  INFO root [2019-06-27 10:10:56,629] - TelnetServer server is running on port 32000
  INFO root [2019-06-27 10:10:56,629] - Dbmgr::initInterfacesHandler: interfaces addr(127.0.0.1:30099), accountType:(interfaces), chargeType:(interfaces).
  WARN root [2019-06-27 10:10:56,917] - DBUtil::initialize: db(default) password is not encrypted!
please use password(rsa):
673C93D05257D5E08419C153DC657C44606D6F87E64CA1184034C3A744BA1DD6BDC3850E81E47B4DCFA59273EAB657ED3822846B23F12FEA83D6ED20B9C2EDABA1ED577D632A9E4A9E01F3ED06CC8250984AE8C1744E013BD228B17189A86EE3A19B80464B7EDBC79E06C55DB135E2DE09BED2DC6BDBA640E3A5C85A52F982BF
 DEBUG root [2019-06-27 10:10:56,922] - DBInterfaceMysql::attach: connect: localhost:3306 starting...
 DEBUG root [2019-06-27 10:10:57,039] - DBInterfaceMysql::attach: successfully! addr: localhost:3306
  INFO root [2019-06-27 10:10:57,039] - DBUtil::createInterface[0x1d3f054]: interface=default, dbtype=mysql, ip=localhost, port=3306, currdatabase=kbe, username=kbe, connected=yes.

  INFO root [2019-06-27 10:10:57,040] - ThreadPool::createThreadPool: creating  threadpool...
  INFO root [2019-06-27 10:10:57,040] - ThreadPool::createThreadPool: successfully(5), newThreadCount=5, normalMaxThreadCount=5, maxThreadCount=5
 DEBUG root [2019-06-27 10:10:57,041] - DBInterfaceMysql::attach: connect: localhost:3306 starting...
 DEBUG root [2019-06-27 10:10:57,042] - DBInterfaceMysql::attach: connect: localhost:3306 starting...
 DEBUG root [2019-06-27 10:10:57,059] - DBInterfaceMysql::attach: connect: localhost:3306 starting...
 DEBUG root [2019-06-27 10:10:57,066] - DBInterfaceMysql::attach: connect: localhost:3306 starting...
 DEBUG root [2019-06-27 10:10:57,071] - DBInterfaceMysql::attach: connect: localhost:3306 starting...
 DEBUG root [2019-06-27 10:10:57,157] - DBInterfaceMysql::attach: successfully! addr: localhost:3306
 DEBUG root [2019-06-27 10:10:57,157] - DBThread::onStart(): 0x1fa7de8!
 DEBUG root [2019-06-27 10:10:57,288] - DBInterfaceMysql::attach: successfully! addr: localhost:3306
 DEBUG root [2019-06-27 10:10:57,288] - DBThread::onStart(): 0x1fa81a0!
  INFO root [2019-06-27 10:10:57,289] - DBInterfaceMysql::query: successfully!
 DEBUG root [2019-06-27 10:10:57,408] - DBInterfaceMysql::attach: successfully! addr: localhost:3306
 DEBUG root [2019-06-27 10:10:57,408] - DBThread::onStart(): 0x1fa7e70!
 DEBUG root [2019-06-27 10:10:57,474] - DBInterfaceMysql::attach: successfully! addr: localhost:3306
 DEBUG root [2019-06-27 10:10:57,475] - DBThread::onStart(): 0x1fa82b0!
 DEBUG root [2019-06-27 10:10:57,508] - DBInterfaceMysql::attach: successfully! addr: localhost:3306
 DEBUG root [2019-06-27 10:10:57,508] - DBThread::onStart(): 0x1fa8910!
  INFO root [2019-06-27 10:10:57,549] - DBInterfaceMysql::query: successfully!
  INFO root [2019-06-27 10:10:57,558] - DBInterfaceMysql::query: successfully!
  INFO root [2019-06-27 10:10:57,558] - DBInterfaceMysql::query: successfully!
  WARN root [2019-06-27 10:10:57,559] - DBTask::process(): took 0.27 seconds
sql:(CREATE TABLE IF NOT EXISTS kbe_accountinfos (`accountName` varchar(128) not null, PRIMARY KEY idKey (`accountName`),`password` varchar(255) not null,`bindata` blob,`email` varchar(191) not null, UNIQUE KEY `email` (`email`),`entityDBID` bigint(20) unsigned not null DEFAULT 0, UNIQUE KEY `entityDBID` (`entityDBID`),`flags` int unsigned not null DEFAULT 0,`deadline` bigint(20) not null DEFAULT 0,`regtime` bigint(20) not null DEFAULT 0,`lasttime` bigint(20) not null DEFAULT 0,`numlogin` int unsigned not null DEFAULT 0)ENGINE=InnoDB)
  INFO root [2019-06-27 10:10:57,559] - DBInterfaceMysql::query: successfully!
  INFO root [2019-06-27 10:10:57,559] - DBInterfaceMysql::query: successfully!
  INFO root [2019-06-27 10:10:57,559] - DBInterfaceMysql::query: successfully!
  INFO root [2019-06-27 10:10:57,560] - DBInterfaceMysql::query: successfully!
  INFO root [2019-06-27 10:10:57,666] - DBInterfaceMysql::query: successfully!
  WARN root [2019-06-27 10:10:57,666] - DBTask::process(): took 0.38 seconds
sql:(select distinct(serverGroupID) from kbe_entitylog)
  WARN root [2019-06-27 10:10:57,685] - d:\kbengine\kbe\src\server\dbmgr\dbmgr.cpp:306: Profile scriptCall took 1.06 seconds
  INFO root [2019-06-27 10:10:58,071] - ---- dbmgr is running ----
 DEBUG root [2019-06-27 10:10:58,072] - Components::process(): Request for the process of identity...
  INFO root [2019-06-27 10:11:04,211] - ServerApp::onRegisterNewApp: uid:3960, username:error_name, componentType:interfaces, componentID:3000, globalorderID=-1, grouporderID=-1, intaddr:192.168.56.1, intport:30099, extaddr:nonsupport, extport:0,  from 127.0.0.1:30099/0/0/0.
  INFO root [2019-06-27 10:11:04,211] - Components::addComponent: reset orderLog, uid=3960!
  INFO root [2019-06-27 10:11:04,211] - Components::addComponent[interfaces], uid=3960, componentID=3000, globalorderid=1, grouporderid=1, totalcount=1
  WARN root [2019-06-27 10:11:04,212] - TCPPacketReceiver::processPendingEvents(192.168.56.1:63350): Throwing REASON_GENERAL_NETWORK - WSAECONNABORTED
  INFO root [2019-06-27 10:11:05,226] - Components::findComponents: find logger(1)...
  INFO root [2019-06-27 10:11:05,299] - Components::findComponents: found logger, addr:192.168.56.1:63329
  INFO root [2019-06-27 10:11:05,299] - Components::addComponent: reset orderLog, uid=3960!
  INFO root [2019-06-27 10:11:05,299] - Components::addComponent[logger], uid=3960, componentID=2000, globalorderid=1, grouporderid=1, totalcount=1
  WARN root [2019-06-27 10:11:05,300] - Forwarding logs to logger[192.168.56.1:63329/0/0/0]...
 ERROR root [2019-06-27 10:16:35,094] - Components::removeComponentByChannel: logger : 2000, Abnormal exit(reason=TCPPacketReceiver::processRecv(): error=10054
)! Channel(timestamp=1481222745204, lastReceivedTime=1481199250031, inactivityExceptionPeriod=134880434)
  INFO root [2019-06-27 10:16:35,099] - The following logs sent to logger failed:
  WARN root [2019-06-27 10:16:35,099] - ==> [2019-06-27 10:16:35 093] TCPPacketReceiver::processPendingEvents(192.168.56.1:63329): Throwing REASON_GENERAL_NETWORK - WSAECONNRESET
 ERROR root [2019-06-27 10:16:35,100] - ==> [2019-06-27 10:16:35 095] Components::removeComponentByChannel: logger : 2000, Abnormal exit(reason=TCPPacketReceiver::processRecv(): error=10054
)! Channel(timestamp=1481222745204, lastReceivedTime=1481199250031, inactivityExceptionPeriod=134880434)
