  INFO root [2019-09-16 20:23:02,038] - 
  INFO root [2019-09-16 20:23:02,048] - -----------------------------------------------------------------------------------------


  INFO root [2019-09-16 20:23:02,053] - Resmgr::initialize: KBE_ROOT=D:/kbengine/
  INFO root [2019-09-16 20:23:02,053] - Resmgr::initialize: KBE_RES_PATH=D:/kbengine/kbe/res/;D:/kbengine/HappyPoker_assets/;D:/kbengine/HappyPoker_assets/scripts/;D:/kbengine/HappyPoker_assets/res/
  INFO root [2019-09-16 20:23:02,053] - Resmgr::initialize: KBE_BIN_PATH=D:/kbengine/kbe/bin/server/
  INFO root [2019-09-16 20:23:02,091] - NetworkInterface::initialize(INTERNAL-TCP): bound to all interfaces with default route interface on 192.168.56.1 ( 192.168.56.1:52067 )
  INFO root [2019-09-16 20:23:02,091] - NetworkInterface::initialize(INTERNAL-TCP): address 192.168.56.1:52067, SOMAXCONN=5.
  INFO root [2019-09-16 20:23:02,092] - server-configs:
  INFO root [2019-09-16 20:23:02,092] - 	internalTcpAddr : 192.168.56.1:52067
  INFO root [2019-09-16 20:23:02,092] - 	componentID : 4000
  WARN root [2019-09-16 20:23:02,114] - invalid UID(0) <= 0, please check UID for environment! automatically set to 2082.
  INFO root [2019-09-16 20:23:03,633] - ---- dbmgr Version: 2.4.5. ScriptVersion: 0.1.0. Pythoncore: 3.7.3. Protocol: 11178A1C367680938C8E416B64844ACD. Config: Debug X86. Built: 09:55:16 May  8 2019. AppID: 4000. UID: 2082. PID: 14912 ----
  INFO root [2019-09-16 20:23:03,634] - Server error_name: Intel(R) Core(TM) i5-6300HQ CPU @ 2.30GHz with 2097151kB RAM
  INFO root [2019-09-16 20:23:03,634] - ThreadPool::createThreadPool: creating  threadpool...
  INFO root [2019-09-16 20:23:03,634] - ThreadPool::createThreadPool: successfully(2), newThreadCount=1, normalMaxThreadCount=2, maxThreadCount=8
  INFO root [2019-09-16 20:23:03,909] - Script::install(): is successfully, Python=(3.7.3 (default, May  8 2019, 09:53:38) [MSC v.1916 32 bit (Intel)])!
  INFO root [2019-09-16 20:23:03,909] - Script::install(): KBExtra is successfully!
  INFO root [2019-09-16 20:23:04,523] - Dbmgr::initializeEnd: digest(B91EBE6B591F8BEB2E04FAF8BE8B7B2F)
S_INFO root [2019-09-16 20:23:04,523] - onDBMgrReady: bootstrapGroupIndex=0, bootstrapGlobalIndex=0
  INFO root [2019-09-16 20:23:04,524] - TelnetServer server is running on port 32000
  INFO root [2019-09-16 20:23:04,524] - Dbmgr::initInterfacesHandler: interfaces addr(127.0.0.1:30099), accountType:(interfaces), chargeType:(interfaces).
  WARN root [2019-09-16 20:23:04,826] - DBUtil::initialize: db(default) password is not encrypted!
please use password(rsa):
00EC9824E4C13C03FF2DF8B235428A89A9F5A63B32BBCBFE60209591DC390F7712447A0625602EBA5781BA11CE191B212C841E55E84BA7C251731A29C9A50150F70C86416D850826113375E31D9E52351A204777C7CF91F792742A894DD026EBE2FE39E7D46131C48BD3CB8269A0D8D6EFC5A7354C73D8D0A841F4387539AF04
 DEBUG root [2019-09-16 20:23:04,831] - DBInterfaceMysql::attach: connect: localhost:3306 starting...
 DEBUG root [2019-09-16 20:23:05,080] - DBInterfaceMysql::attach: successfully! addr: localhost:3306
  INFO root [2019-09-16 20:23:05,080] - DBUtil::createInterface[0x14ff140]: interface=default, dbtype=mysql, ip=localhost, port=3306, currdatabase=kbe, username=kbe, connected=yes.

  INFO root [2019-09-16 20:23:05,080] - ThreadPool::createThreadPool: creating  threadpool...
  INFO root [2019-09-16 20:23:05,081] - ThreadPool::createThreadPool: successfully(5), newThreadCount=5, normalMaxThreadCount=5, maxThreadCount=5
 DEBUG root [2019-09-16 20:23:05,122] - DBInterfaceMysql::attach: connect: localhost:3306 starting...
 DEBUG root [2019-09-16 20:23:05,136] - DBInterfaceMysql::attach: connect: localhost:3306 starting...
 DEBUG root [2019-09-16 20:23:05,138] - DBInterfaceMysql::attach: connect: localhost:3306 starting...
 DEBUG root [2019-09-16 20:23:05,138] - DBInterfaceMysql::attach: connect: localhost:3306 starting...
 DEBUG root [2019-09-16 20:23:05,141] - DBInterfaceMysql::attach: connect: localhost:3306 starting...
 DEBUG root [2019-09-16 20:23:05,193] - DBInterfaceMysql::attach: successfully! addr: localhost:3306
 DEBUG root [2019-09-16 20:23:05,194] - DBThread::onStart(): 0x17a7eb8!
 DEBUG root [2019-09-16 20:23:05,277] - DBInterfaceMysql::attach: successfully! addr: localhost:3306
 DEBUG root [2019-09-16 20:23:05,277] - DBThread::onStart(): 0x17a7a78!
 DEBUG root [2019-09-16 20:23:05,362] - DBInterfaceMysql::attach: successfully! addr: localhost:3306
 DEBUG root [2019-09-16 20:23:05,362] - DBThread::onStart(): 0x17a7390!
 DEBUG root [2019-09-16 20:23:05,435] - DBInterfaceMysql::attach: successfully! addr: localhost:3306
 DEBUG root [2019-09-16 20:23:05,435] - DBThread::onStart(): 0x17a8050!
 DEBUG root [2019-09-16 20:23:05,476] - DBInterfaceMysql::attach: successfully! addr: localhost:3306
 DEBUG root [2019-09-16 20:23:05,477] - DBThread::onStart(): 0x17a7b88!
  INFO root [2019-09-16 20:23:05,478] - DBInterfaceMysql::query: successfully!
  INFO root [2019-09-16 20:23:05,593] - DBInterfaceMysql::query: successfully!
  INFO root [2019-09-16 20:23:05,734] - DBInterfaceMysql::query: successfully!
  INFO root [2019-09-16 20:23:05,735] - DBInterfaceMysql::query: successfully!
  INFO root [2019-09-16 20:23:05,735] - DBInterfaceMysql::query: successfully!
  INFO root [2019-09-16 20:23:05,735] - DBInterfaceMysql::query: successfully!
  WARN root [2019-09-16 20:23:05,736] - DBTask::process(): took 0.26 seconds
sql:(CREATE TABLE IF NOT EXISTS kbe_accountinfos (`accountName` varchar(128) not null, PRIMARY KEY idKey (`accountName`),`password` varchar(255) not null,`bindata` blob,`email` varchar(191) not null, UNIQUE KEY `email` (`email`),`entityDBID` bigint(20) unsigned not null DEFAULT 0, UNIQUE KEY `entityDBID` (`entityDBID`),`flags` int unsigned not null DEFAULT 0,`deadline` bigint(20) not null DEFAULT 0,`regtime` bigint(20) not null DEFAULT 0,`lasttime` bigint(20) not null DEFAULT 0,`numlogin` int unsigned not null DEFAULT 0)ENGINE=InnoDB)
  INFO root [2019-09-16 20:23:05,736] - DBInterfaceMysql::query: successfully!
  INFO root [2019-09-16 20:23:05,736] - DBInterfaceMysql::query: successfully!
  WARN root [2019-09-16 20:23:05,736] - DBTask::process(): took 0.26 seconds
sql:(delete from kbe_email_verification where logtime<1568632985 and type=3)
  WARN root [2019-09-16 20:23:05,849] - DBTask::process(): took 0.37 seconds
sql:(insert into kbe_serverlog (heartbeatTime, serverGroupID) values(1568636585,2082) ON DUPLICATE KEY UPDATE heartbeatTime=1568636585)
  INFO root [2019-09-16 20:23:05,952] - DBInterfaceMysql::query: successfully!
  WARN root [2019-09-16 20:23:05,953] - DBTask::process(): took 0.47 seconds
sql:(select distinct(serverGroupID) from kbe_entitylog)
 DEBUG root [2019-09-16 20:23:06,076] - syncToDB(): Account->sm_playerId(smallint unsigned not null DEFAULT 0).
 DEBUG root [2019-09-16 20:23:07,010] - syncToDB(): Account->sm_playerBean(int not null DEFAULT 0).
 DEBUG root [2019-09-16 20:23:07,924] - syncToDB(): Mail_mailList->sm_autoLoad(tinyint not null DEFAULT 0).
 DEBUG root [2019-09-16 20:23:08,216] - syncToDB(): Friend_publicDataList->sm_autoLoad(tinyint not null DEFAULT 0).
 DEBUG root [2019-09-16 20:23:08,327] - syncToDB(): Account->sm_playerNew(tinyint unsigned not null DEFAULT 1).
 DEBUG root [2019-09-16 20:23:10,090] - syncToDB(): Account_friendList->sm_autoLoad(tinyint not null DEFAULT 0).
  INFO root [2019-09-16 20:23:10,678] - DBInterfaceMysql::query: successfully!
 DEBUG root [2019-09-16 20:23:10,679] - syncToDB(): Mail_mailList->sm_senderID(bigint unsigned not null DEFAULT 0).
  INFO root [2019-09-16 20:23:10,837] - DBInterfaceMysql::query: successfully!
 DEBUG root [2019-09-16 20:23:10,837] - syncToDB(): Friend_publicDataList->sm_status(tinyint unsigned not null DEFAULT 0).
 DEBUG root [2019-09-16 20:23:11,946] - syncToDB(): Friend_publicDataList->sm_playerID(bigint unsigned not null DEFAULT 0).
 DEBUG root [2019-09-16 20:23:12,058] - syncToDB(): Mail_mailList->sm_senderName(varchar(255) not null DEFAULT '[]').
 DEBUG root [2019-09-16 20:23:12,172] - DBInterfaceMysql::dropEntityTableItemFromDB: tbl_Account sm_playerExp.
 DEBUG root [2019-09-16 20:23:14,068] - syncToDB(): Mail_mailList->sm_recverID(bigint unsigned not null DEFAULT 0).
  INFO root [2019-09-16 20:23:14,988] - DBInterfaceMysql::query: successfully!
 DEBUG root [2019-09-16 20:23:14,989] - syncToDB(): Account_friendList->sm_value(bigint unsigned not null DEFAULT 0).
  WARN root [2019-09-16 20:23:17,102] - DBTask::process(): took 11.37 seconds
sql:(show index from tbl_Account_friendList)
 DEBUG root [2019-09-16 20:23:17,163] - syncToDB(): Friend_publicDataList->sm_playerName(varchar(255) not null DEFAULT '[]').
  WARN root [2019-09-16 20:23:17,252] - DBTask::process(): took 11.51 seconds
sql:(show index from tbl_Mail_mailList)
 DEBUG root [2019-09-16 20:23:19,551] - syncToDB(): Friend->sm_autoLoad(tinyint not null DEFAULT 0).
  INFO root [2019-09-16 20:23:20,691] - DBInterfaceMysql::query: successfully!
 DEBUG root [2019-09-16 20:23:20,945] - syncToDB(): Friend_publicDataList->sm_playerBean(int not null DEFAULT 0).
  WARN root [2019-09-16 20:23:20,945] - DBTask::process(): took 15.09 seconds
sql:(show index from tbl_Account)
 DEBUG root [2019-09-16 20:23:21,017] - syncToDB(): Friend_synchroFriendList->sm_autoLoad(tinyint not null DEFAULT 0).
 DEBUG root [2019-09-16 20:23:21,637] - syncToDB(): Mail->sm_autoLoad(tinyint not null DEFAULT 0).
  INFO root [2019-09-16 20:23:26,679] - 
  INFO root [2019-09-16 20:23:26,685] - -----------------------------------------------------------------------------------------


  INFO root [2019-09-16 20:23:26,690] - Resmgr::initialize: KBE_ROOT=D:/kbengine/
  INFO root [2019-09-16 20:23:26,690] - Resmgr::initialize: KBE_RES_PATH=D:/kbengine/kbe/res/;D:/kbengine/HappyPoker_assets/;D:/kbengine/HappyPoker_assets/scripts/;D:/kbengine/HappyPoker_assets/res/
  INFO root [2019-09-16 20:23:26,690] - Resmgr::initialize: KBE_BIN_PATH=D:/kbengine/kbe/bin/server/
  INFO root [2019-09-16 20:23:26,775] - NetworkInterface::initialize(INTERNAL-TCP): bound to all interfaces with default route interface on 192.168.56.1 ( 192.168.56.1:52099 )
  INFO root [2019-09-16 20:23:26,776] - NetworkInterface::initialize(INTERNAL-TCP): address 192.168.56.1:52099, SOMAXCONN=5.
  INFO root [2019-09-16 20:23:26,776] - server-configs:
  INFO root [2019-09-16 20:23:26,776] - 	internalTcpAddr : 192.168.56.1:52099
  INFO root [2019-09-16 20:23:26,776] - 	componentID : 4000
  WARN root [2019-09-16 20:23:26,777] - invalid UID(0) <= 0, please check UID for environment! automatically set to 2082.
  INFO root [2019-09-16 20:23:28,288] - ---- dbmgr Version: 2.4.5. ScriptVersion: 0.1.0. Pythoncore: 3.7.3. Protocol: 11178A1C367680938C8E416B64844ACD. Config: Debug X86. Built: 09:55:16 May  8 2019. AppID: 4000. UID: 2082. PID: 15032 ----
  INFO root [2019-09-16 20:23:28,289] - Server error_name: Intel(R) Core(TM) i5-6300HQ CPU @ 2.30GHz with 2097151kB RAM
  INFO root [2019-09-16 20:23:28,289] - ThreadPool::createThreadPool: creating  threadpool...
  INFO root [2019-09-16 20:23:28,289] - ThreadPool::createThreadPool: successfully(2), newThreadCount=1, normalMaxThreadCount=2, maxThreadCount=8
  INFO root [2019-09-16 20:23:28,507] - Script::install(): is successfully, Python=(3.7.3 (default, May  8 2019, 09:53:38) [MSC v.1916 32 bit (Intel)])!
  INFO root [2019-09-16 20:23:28,508] - Script::install(): KBExtra is successfully!
  INFO root [2019-09-16 20:23:28,736] - Dbmgr::initializeEnd: digest(B91EBE6B591F8BEB2E04FAF8BE8B7B2F)
S_INFO root [2019-09-16 20:23:28,738] - onDBMgrReady: bootstrapGroupIndex=0, bootstrapGlobalIndex=0
  INFO root [2019-09-16 20:23:28,739] - TelnetServer server is running on port 32000
  INFO root [2019-09-16 20:23:28,744] - Dbmgr::initInterfacesHandler: interfaces addr(127.0.0.1:30099), accountType:(interfaces), chargeType:(interfaces).
  WARN root [2019-09-16 20:23:29,087] - DBUtil::initialize: db(default) password is not encrypted!
please use password(rsa):
2EAD7CAB2950DEBC16C3461C8DFF48188ECE7D5DC732CE00746476310B1E8C40DB33F340CC7687E88F324A169724A07AFB4D067614204F5A689A02FFF05DC5203BF152E2D3B4F44178301302D175C38726DF075277F8257536CB4B4AD0D35D7C185C4CD718658D698F36E6BCB41CD8632C818A3E2B0D077747077777249B95DB
 DEBUG root [2019-09-16 20:23:29,095] - DBInterfaceMysql::attach: connect: localhost:3306 starting...
 DEBUG root [2019-09-16 20:23:29,235] - DBInterfaceMysql::attach: successfully! addr: localhost:3306
  INFO root [2019-09-16 20:23:29,235] - DBUtil::createInterface[0x14fee0c]: interface=default, dbtype=mysql, ip=localhost, port=3306, currdatabase=kbe, username=kbe, connected=yes.

  INFO root [2019-09-16 20:23:29,235] - ThreadPool::createThreadPool: creating  threadpool...
  INFO root [2019-09-16 20:23:29,236] - ThreadPool::createThreadPool: successfully(5), newThreadCount=5, normalMaxThreadCount=5, maxThreadCount=5
 DEBUG root [2019-09-16 20:23:29,303] - DBInterfaceMysql::attach: connect: localhost:3306 starting...
 DEBUG root [2019-09-16 20:23:29,328] - DBInterfaceMysql::attach: connect: localhost:3306 starting...
 DEBUG root [2019-09-16 20:23:29,353] - DBInterfaceMysql::attach: connect: localhost:3306 starting...
 DEBUG root [2019-09-16 20:23:29,366] - DBInterfaceMysql::attach: connect: localhost:3306 starting...
 DEBUG root [2019-09-16 20:23:29,369] - DBInterfaceMysql::attach: connect: localhost:3306 starting...
 DEBUG root [2019-09-16 20:23:29,396] - DBInterfaceMysql::attach: successfully! addr: localhost:3306
 DEBUG root [2019-09-16 20:23:29,397] - DBThread::onStart(): 0x18b05f8!
  INFO root [2019-09-16 20:23:29,441] - DBInterfaceMysql::query: successfully!
 DEBUG root [2019-09-16 20:23:29,496] - DBInterfaceMysql::attach: successfully! addr: localhost:3306
 DEBUG root [2019-09-16 20:23:29,497] - DBThread::onStart(): 0x18b0350!
 DEBUG root [2019-09-16 20:23:29,537] - DBInterfaceMysql::attach: successfully! addr: localhost:3306
 DEBUG root [2019-09-16 20:23:29,537] - DBThread::onStart(): 0x18b0b48!
 DEBUG root [2019-09-16 20:23:29,581] - DBInterfaceMysql::attach: successfully! addr: localhost:3306
 DEBUG root [2019-09-16 20:23:29,581] - DBThread::onStart(): 0x18b0680!
  INFO root [2019-09-16 20:23:29,670] - DBInterfaceMysql::query: successfully!
  WARN root [2019-09-16 20:23:29,671] - DBTask::process(): took 0.23 seconds
sql:(CREATE TABLE IF NOT EXISTS kbe_accountinfos (`accountName` varchar(128) not null, PRIMARY KEY idKey (`accountName`),`password` varchar(255) not null,`bindata` blob,`email` varchar(191) not null, UNIQUE KEY `email` (`email`),`entityDBID` bigint(20) unsigned not null DEFAULT 0, UNIQUE KEY `entityDBID` (`entityDBID`),`flags` int unsigned not null DEFAULT 0,`deadline` bigint(20) not null DEFAULT 0,`regtime` bigint(20) not null DEFAULT 0,`lasttime` bigint(20) not null DEFAULT 0,`numlogin` int unsigned not null DEFAULT 0)ENGINE=InnoDB)
  INFO root [2019-09-16 20:23:29,687] - DBInterfaceMysql::query: successfully!
  INFO root [2019-09-16 20:23:29,729] - DBInterfaceMysql::query: successfully!
  INFO root [2019-09-16 20:23:29,730] - DBInterfaceMysql::query: successfully!
  INFO root [2019-09-16 20:23:29,730] - DBInterfaceMysql::query: successfully!
 DEBUG root [2019-09-16 20:23:29,770] - DBInterfaceMysql::attach: successfully! addr: localhost:3306
 DEBUG root [2019-09-16 20:23:29,770] - DBThread::onStart(): 0x18b0020!
  INFO root [2019-09-16 20:23:29,897] - DBInterfaceMysql::query: successfully!
  INFO root [2019-09-16 20:23:29,987] - DBInterfaceMysql::query: successfully!
  WARN root [2019-09-16 20:23:29,989] - DBTask::process(): took 0.32 seconds
sql:(show index from tbl_Account_friendList)
  WARN root [2019-09-16 20:23:29,992] - DBTask::process(): took 0.26 seconds
sql:(show index from tbl_Mail_mailList)
  INFO root [2019-09-16 20:23:30,002] - DBInterfaceMysql::query: successfully!
  WARN root [2019-09-16 20:23:30,003] - DBTask::process(): took 0.42 seconds
sql:(select distinct(serverGroupID) from kbe_entitylog)
  WARN root [2019-09-16 20:23:30,013] - DBTask::process(): took 0.51 seconds
sql:(show index from tbl_Friend)
  WARN root [2019-09-16 20:23:30,096] - DBTask::process(): took 0.32 seconds
sql:(insert into kbe_serverlog (heartbeatTime, serverGroupID) values(1568636609,2082) ON DUPLICATE KEY UPDATE heartbeatTime=1568636609)
 DEBUG root [2019-09-16 20:23:30,138] - syncToDB(): Friend_synchroFriendList->sm_senderID(bigint unsigned not null DEFAULT 0).
  WARN root [2019-09-16 20:23:30,346] - DBTask::process(): took 0.33 seconds
sql:(show index from tbl_Friend_publicDataList)
 DEBUG root [2019-09-16 20:23:30,904] - syncToDB(): Friend_synchroFriendList->sm_recverID(bigint unsigned not null DEFAULT 0).
  WARN root [2019-09-16 20:23:31,687] - DBTask::process(): took 1.66 seconds
sql:(show index from tbl_Friend_synchroFriendList)
 DEBUG root [2019-09-16 20:23:31,723] - DBInterfaceMysql::dropEntityTableFromDB: tbl_food.
  INFO root [2019-09-16 20:23:32,046] - DBInterfaceMysql::query: successfully!
 DEBUG root [2019-09-16 20:23:32,046] - DBInterfaceMysql::dropEntityTableFromDB: tbl_smash.
  INFO root [2019-09-16 20:23:32,312] - DBInterfaceMysql::query: successfully!
  WARN root [2019-09-16 20:23:32,313] - d:\kbengine\kbe\src\server\dbmgr\dbmgr.cpp:306: Profile scriptCall took 3.57 seconds
  INFO root [2019-09-16 20:23:32,763] - ---- dbmgr is running ----
 DEBUG root [2019-09-16 20:23:32,763] - Components::process(): Request for the process of identity...
  INFO root [2019-09-16 20:23:38,895] - ServerApp::onRegisterNewApp: uid:2082, username:error_name, componentType:interfaces, componentID:3000, globalorderID=-1, grouporderID=-1, intaddr:192.168.56.1, intport:30099, extaddr:nonsupport, extport:0,  from 127.0.0.1:30099/0/0/0.
  INFO root [2019-09-16 20:23:38,895] - Components::addComponent: reset orderLog, uid=2082!
  INFO root [2019-09-16 20:23:38,895] - Components::addComponent[interfaces], uid=2082, componentID=3000, globalorderid=1, grouporderid=1, totalcount=1
  INFO root [2019-09-16 20:23:38,937] - ServerApp::onRegisterNewApp: uid:2082, username:error_name, componentType:baseappmgr, componentID:5000, globalorderID=-1, grouporderID=-1, intaddr:192.168.56.1, intport:52098, extaddr:nonsupport, extport:0,  from 192.168.56.1:52114/0/0/0.
  INFO root [2019-09-16 20:23:38,938] - Components::addComponent: reset orderLog, uid=2082!
  INFO root [2019-09-16 20:23:38,938] - Components::addComponent[baseappmgr], uid=2082, componentID=5000, globalorderid=1, grouporderid=1, totalcount=1
  INFO root [2019-09-16 20:23:39,898] - Components::findComponents: find logger(1)...
  INFO root [2019-09-16 20:23:39,935] - Components::findComponents: found logger, addr:192.168.56.1:52097
  INFO root [2019-09-16 20:23:39,935] - Components::addComponent[logger], uid=2082, componentID=2000, globalorderid=2, grouporderid=1, totalcount=1
  INFO root [2019-09-16 20:23:39,957] - Components::process(): Found all the components!
  WARN root [2019-09-16 20:23:39,958] - Forwarding logs to logger[192.168.56.1:52097/0/0/0]...
 ERROR root [2019-09-16 20:23:45,837] - Components::removeComponentByChannel: logger : 2000, Abnormal exit(reason=TCPPacketReceiver::processRecv(): error=10054
)! Channel(timestamp=263587707171, lastReceivedTime=263574433438, inactivityExceptionPeriod=134880722)
  INFO root [2019-09-16 20:23:45,838] - The following logs sent to logger failed:
  WARN root [2019-09-16 20:23:45,838] - ==> [2019-09-16 20:23:45 835] TCPPacketReceiver::processPendingEvents(192.168.56.1:52097): Throwing REASON_GENERAL_NETWORK - WSAECONNRESET
 ERROR root [2019-09-16 20:23:45,839] - ==> [2019-09-16 20:23:45 837] Components::removeComponentByChannel: logger : 2000, Abnormal exit(reason=TCPPacketReceiver::processRecv(): error=10054
)! Channel(timestamp=263587707171, lastReceivedTime=263574433438, inactivityExceptionPeriod=134880722)
  INFO root [2019-09-16 20:23:47,909] - 
  INFO root [2019-09-16 20:23:47,913] - -----------------------------------------------------------------------------------------


  INFO root [2019-09-16 20:23:47,916] - Resmgr::initialize: KBE_ROOT=D:/kbengine/
  INFO root [2019-09-16 20:23:47,916] - Resmgr::initialize: KBE_RES_PATH=D:/kbengine/kbe/res/;D:/kbengine/HappyPoker_assets/;D:/kbengine/HappyPoker_assets/scripts/;D:/kbengine/HappyPoker_assets/res/
  INFO root [2019-09-16 20:23:47,916] - Resmgr::initialize: KBE_BIN_PATH=D:/kbengine/kbe/bin/server/
  INFO root [2019-09-16 20:23:47,953] - NetworkInterface::initialize(INTERNAL-TCP): bound to all interfaces with default route interface on 192.168.56.1 ( 192.168.56.1:52125 )
  INFO root [2019-09-16 20:23:47,953] - NetworkInterface::initialize(INTERNAL-TCP): address 192.168.56.1:52125, SOMAXCONN=5.
  INFO root [2019-09-16 20:23:47,954] - server-configs:
  INFO root [2019-09-16 20:23:47,954] - 	internalTcpAddr : 192.168.56.1:52125
  INFO root [2019-09-16 20:23:47,954] - 	componentID : 4000
  WARN root [2019-09-16 20:23:47,962] - invalid UID(0) <= 0, please check UID for environment! automatically set to 2082.
  INFO root [2019-09-16 20:23:49,474] - ---- dbmgr Version: 2.4.5. ScriptVersion: 0.1.0. Pythoncore: 3.7.3. Protocol: 11178A1C367680938C8E416B64844ACD. Config: Debug X86. Built: 09:55:16 May  8 2019. AppID: 4000. UID: 2082. PID: 16692 ----
  INFO root [2019-09-16 20:23:49,474] - Server error_name: Intel(R) Core(TM) i5-6300HQ CPU @ 2.30GHz with 2097151kB RAM
  INFO root [2019-09-16 20:23:49,476] - ThreadPool::createThreadPool: creating  threadpool...
  INFO root [2019-09-16 20:23:49,476] - ThreadPool::createThreadPool: successfully(2), newThreadCount=1, normalMaxThreadCount=2, maxThreadCount=8
  INFO root [2019-09-16 20:23:49,701] - Script::install(): is successfully, Python=(3.7.3 (default, May  8 2019, 09:53:38) [MSC v.1916 32 bit (Intel)])!
  INFO root [2019-09-16 20:23:49,702] - Script::install(): KBExtra is successfully!
  INFO root [2019-09-16 20:23:49,928] - Dbmgr::initializeEnd: digest(B91EBE6B591F8BEB2E04FAF8BE8B7B2F)
S_INFO root [2019-09-16 20:23:49,928] - onDBMgrReady: bootstrapGroupIndex=0, bootstrapGlobalIndex=0
  INFO root [2019-09-16 20:23:49,928] - TelnetServer server is running on port 32000
  INFO root [2019-09-16 20:23:49,929] - Dbmgr::initInterfacesHandler: interfaces addr(127.0.0.1:30099), accountType:(interfaces), chargeType:(interfaces).
  WARN root [2019-09-16 20:23:50,266] - DBUtil::initialize: db(default) password is not encrypted!
please use password(rsa):
1C1F9CB850907F0DABEA82FE6A94D08CA036ED0A2755F738FBAB13DECFA314279356B86DA69E78AABFD842854C4B8DB0371433A043D7F0D52034930B6E4EAA41BB5CB131D6C97706BD386A724F9884B1CF2E91595701455060C16C284F0B478423CDD8BCA443058206B314A98F6855A1A802B6633062BF4412313A5461CE6529
 DEBUG root [2019-09-16 20:23:50,271] - DBInterfaceMysql::attach: connect: localhost:3306 starting...
 DEBUG root [2019-09-16 20:23:50,446] - DBInterfaceMysql::attach: successfully! addr: localhost:3306
  INFO root [2019-09-16 20:23:50,446] - DBUtil::createInterface[0x14fee48]: interface=default, dbtype=mysql, ip=localhost, port=3306, currdatabase=kbe, username=kbe, connected=yes.

  INFO root [2019-09-16 20:23:50,446] - ThreadPool::createThreadPool: creating  threadpool...
  INFO root [2019-09-16 20:23:50,447] - ThreadPool::createThreadPool: successfully(5), newThreadCount=5, normalMaxThreadCount=5, maxThreadCount=5
 DEBUG root [2019-09-16 20:23:50,491] - DBInterfaceMysql::attach: connect: localhost:3306 starting...
 DEBUG root [2019-09-16 20:23:50,511] - DBInterfaceMysql::attach: connect: localhost:3306 starting...
 DEBUG root [2019-09-16 20:23:50,511] - DBInterfaceMysql::attach: connect: localhost:3306 starting...
 DEBUG root [2019-09-16 20:23:50,530] - DBInterfaceMysql::attach: connect: localhost:3306 starting...
 DEBUG root [2019-09-16 20:23:50,539] - DBInterfaceMysql::attach: connect: localhost:3306 starting...
 DEBUG root [2019-09-16 20:23:50,616] - DBInterfaceMysql::attach: successfully! addr: localhost:3306
 DEBUG root [2019-09-16 20:23:50,617] - DBThread::onStart(): 0x196f800!
  INFO root [2019-09-16 20:23:50,618] - DBInterfaceMysql::query: successfully!
 DEBUG root [2019-09-16 20:23:50,698] - DBInterfaceMysql::attach: successfully! addr: localhost:3306
 DEBUG root [2019-09-16 20:23:50,698] - DBThread::onStart(): 0x196f998!
 DEBUG root [2019-09-16 20:23:50,755] - DBInterfaceMysql::attach: successfully! addr: localhost:3306
 DEBUG root [2019-09-16 20:23:50,755] - DBThread::onStart(): 0x196f228!
 DEBUG root [2019-09-16 20:23:50,798] - DBInterfaceMysql::attach: successfully! addr: localhost:3306
 DEBUG root [2019-09-16 20:23:50,798] - DBThread::onStart(): 0x196faa8!
  INFO root [2019-09-16 20:23:50,846] - DBInterfaceMysql::query: successfully!
  INFO root [2019-09-16 20:23:50,848] - DBInterfaceMysql::query: successfully!
  INFO root [2019-09-16 20:23:50,849] - DBInterfaceMysql::query: successfully!
  INFO root [2019-09-16 20:23:50,849] - DBInterfaceMysql::query: successfully!
  INFO root [2019-09-16 20:23:50,863] - DBInterfaceMysql::query: successfully!
  INFO root [2019-09-16 20:23:50,864] - DBInterfaceMysql::query: successfully!
  WARN root [2019-09-16 20:23:50,865] - DBTask::process(): took 0.25 seconds
sql:(CREATE TABLE IF NOT EXISTS kbe_accountinfos (`accountName` varchar(128) not null, PRIMARY KEY idKey (`accountName`),`password` varchar(255) not null,`bindata` blob,`email` varchar(191) not null, UNIQUE KEY `email` (`email`),`entityDBID` bigint(20) unsigned not null DEFAULT 0, UNIQUE KEY `entityDBID` (`entityDBID`),`flags` int unsigned not null DEFAULT 0,`deadline` bigint(20) not null DEFAULT 0,`regtime` bigint(20) not null DEFAULT 0,`lasttime` bigint(20) not null DEFAULT 0,`numlogin` int unsigned not null DEFAULT 0)ENGINE=InnoDB)
  WARN root [2019-09-16 20:23:50,905] - DBTask::process(): took 0.21 seconds
sql:(insert into kbe_serverlog (heartbeatTime, serverGroupID) values(1568636630,2082) ON DUPLICATE KEY UPDATE heartbeatTime=1568636630)
 DEBUG root [2019-09-16 20:23:50,930] - DBInterfaceMysql::attach: successfully! addr: localhost:3306
 DEBUG root [2019-09-16 20:23:50,930] - DBThread::onStart(): 0x196f448!
  INFO root [2019-09-16 20:23:51,009] - DBInterfaceMysql::query: successfully!
  INFO root [2019-09-16 20:23:51,012] - DBInterfaceMysql::query: successfully!
  WARN root [2019-09-16 20:23:51,133] - d:\kbengine\kbe\src\server\dbmgr\dbmgr.cpp:306: Profile scriptCall took 1.21 seconds
  INFO root [2019-09-16 20:23:51,648] - ---- dbmgr is running ----
 DEBUG root [2019-09-16 20:23:51,649] - Components::process(): Request for the process of identity...
  INFO root [2019-09-16 20:23:57,791] - ServerApp::onRegisterNewApp: uid:2082, username:error_name, componentType:interfaces, componentID:3000, globalorderID=-1, grouporderID=-1, intaddr:192.168.56.1, intport:30099, extaddr:nonsupport, extport:0,  from 127.0.0.1:30099/0/0/0.
  INFO root [2019-09-16 20:23:57,791] - Components::addComponent: reset orderLog, uid=2082!
  INFO root [2019-09-16 20:23:57,791] - Components::addComponent[interfaces], uid=2082, componentID=3000, globalorderid=1, grouporderid=1, totalcount=1
  INFO root [2019-09-16 20:23:58,807] - Components::findComponents: find logger(1)...
  INFO root [2019-09-16 20:23:58,830] - Components::findComponents: found logger, addr:192.168.56.1:52130
  INFO root [2019-09-16 20:23:58,831] - Components::addComponent: reset orderLog, uid=2082!
  INFO root [2019-09-16 20:23:58,831] - Components::addComponent[logger], uid=2082, componentID=2000, globalorderid=1, grouporderid=1, totalcount=1
  WARN root [2019-09-16 20:23:58,834] - Forwarding logs to logger[192.168.56.1:52130/0/0/0]...
 ERROR root [2019-09-16 20:24:08,681] - Components::removeComponentByChannel: logger : 2000, Abnormal exit(reason=TCPPacketReceiver::processRecv(): error=10054
)! Channel(timestamp=263639105814, lastReceivedTime=263616945638, inactivityExceptionPeriod=134877013)
  INFO root [2019-09-16 20:24:08,685] - The following logs sent to logger failed:
  WARN root [2019-09-16 20:24:08,685] - ==> [2019-09-16 20:24:08 677] TCPPacketReceiver::processPendingEvents(192.168.56.1:52130): Throwing REASON_GENERAL_NETWORK - WSAECONNRESET
 ERROR root [2019-09-16 20:24:08,686] - ==> [2019-09-16 20:24:08 682] Components::removeComponentByChannel: logger : 2000, Abnormal exit(reason=TCPPacketReceiver::processRecv(): error=10054
)! Channel(timestamp=263639105814, lastReceivedTime=263616945638, inactivityExceptionPeriod=134877013)
  INFO root [2019-09-16 22:12:58,265] - 
  INFO root [2019-09-16 22:12:58,272] - -----------------------------------------------------------------------------------------


  INFO root [2019-09-16 22:12:58,274] - Resmgr::initialize: KBE_ROOT=D:/kbengine/
  INFO root [2019-09-16 22:12:58,274] - Resmgr::initialize: KBE_RES_PATH=D:/kbengine/kbe/res/;D:/kbengine/HappyPoker_assets/;D:/kbengine/HappyPoker_assets/scripts/;D:/kbengine/HappyPoker_assets/res/
  INFO root [2019-09-16 22:12:58,275] - Resmgr::initialize: KBE_BIN_PATH=D:/kbengine/kbe/bin/server/
  INFO root [2019-09-16 22:12:58,322] - NetworkInterface::initialize(INTERNAL-TCP): bound to all interfaces with default route interface on 192.168.56.1 ( 192.168.56.1:54273 )
  INFO root [2019-09-16 22:12:58,323] - NetworkInterface::initialize(INTERNAL-TCP): address 192.168.56.1:54273, SOMAXCONN=5.
  INFO root [2019-09-16 22:12:58,323] - server-configs:
  INFO root [2019-09-16 22:12:58,323] - 	internalTcpAddr : 192.168.56.1:54273
  INFO root [2019-09-16 22:12:58,323] - 	componentID : 4000
  WARN root [2019-09-16 22:12:58,324] - invalid UID(0) <= 0, please check UID for environment! automatically set to 2082.
  WARN root [2019-09-16 22:12:58,665] - BundleBroadcast::BundleBroadcast: Cannot bind to port 20021, errorno=10048
  INFO root [2019-09-16 22:12:58,669] - ---- dbmgr Version: 2.4.5. ScriptVersion: 0.1.0. Pythoncore: 3.7.3. Protocol: 11178A1C367680938C8E416B64844ACD. Config: Debug X86. Built: 09:55:16 May  8 2019. AppID: 4000. UID: 2082. PID: 15312 ----
  INFO root [2019-09-16 22:12:58,669] - Server error_name: Intel(R) Core(TM) i5-6300HQ CPU @ 2.30GHz with 2097151kB RAM
  INFO root [2019-09-16 22:12:58,669] - ThreadPool::createThreadPool: creating  threadpool...
  INFO root [2019-09-16 22:12:58,670] - ThreadPool::createThreadPool: successfully(2), newThreadCount=1, normalMaxThreadCount=2, maxThreadCount=8
  INFO root [2019-09-16 22:12:58,866] - Script::install(): is successfully, Python=(3.7.3 (default, May  8 2019, 09:53:38) [MSC v.1916 32 bit (Intel)])!
  INFO root [2019-09-16 22:12:58,866] - Script::install(): KBExtra is successfully!
  INFO root [2019-09-16 22:12:59,055] - Dbmgr::initializeEnd: digest(B91EBE6B591F8BEB2E04FAF8BE8B7B2F)
S_INFO root [2019-09-16 22:12:59,056] - onDBMgrReady: bootstrapGroupIndex=0, bootstrapGlobalIndex=0
  INFO root [2019-09-16 22:12:59,056] - TelnetServer server is running on port 32000
  INFO root [2019-09-16 22:12:59,056] - Dbmgr::initInterfacesHandler: interfaces addr(127.0.0.1:30099), accountType:(interfaces), chargeType:(interfaces).
  WARN root [2019-09-16 22:12:59,378] - DBUtil::initialize: db(default) password is not encrypted!
please use password(rsa):
A434CAF743172670DD3C0E92E29AE7CDDC5173D73FB709AA4FCC1CDD52E8D7970194D67FC5C3EB2617A2C9E62CA1B329DB9EAEF051B44DC243B048B56EF2E2AB7491D290C7D02E6829B13E7CE0491DEED9914EB715730C6F2522E90D5F56F55879E1194905EBC51EECF99D0A87238918225A8A662D5998C9287A9A1322FE094A
 DEBUG root [2019-09-16 22:12:59,383] - DBInterfaceMysql::attach: connect: localhost:3306 starting...
 DEBUG root [2019-09-16 22:12:59,516] - DBInterfaceMysql::attach: successfully! addr: localhost:3306
  INFO root [2019-09-16 22:12:59,517] - DBUtil::createInterface[0x14ff254]: interface=default, dbtype=mysql, ip=localhost, port=3306, currdatabase=kbe, username=kbe, connected=yes.

  INFO root [2019-09-16 22:12:59,517] - ThreadPool::createThreadPool: creating  threadpool...
  INFO root [2019-09-16 22:12:59,517] - ThreadPool::createThreadPool: successfully(5), newThreadCount=5, normalMaxThreadCount=5, maxThreadCount=5
 DEBUG root [2019-09-16 22:12:59,518] - DBInterfaceMysql::attach: connect: localhost:3306 starting...
 DEBUG root [2019-09-16 22:12:59,518] - DBInterfaceMysql::attach: connect: localhost:3306 starting...
 DEBUG root [2019-09-16 22:12:59,518] - DBInterfaceMysql::attach: connect: localhost:3306 starting...
 DEBUG root [2019-09-16 22:12:59,520] - DBInterfaceMysql::attach: connect: localhost:3306 starting...
 DEBUG root [2019-09-16 22:12:59,524] - DBInterfaceMysql::attach: connect: localhost:3306 starting...
 DEBUG root [2019-09-16 22:12:59,626] - DBInterfaceMysql::attach: successfully! addr: localhost:3306
 DEBUG root [2019-09-16 22:12:59,627] - DBThread::onStart(): 0x180feb0!
  INFO root [2019-09-16 22:12:59,628] - DBInterfaceMysql::query: successfully!
 DEBUG root [2019-09-16 22:12:59,691] - DBInterfaceMysql::attach: successfully! addr: localhost:3306
 DEBUG root [2019-09-16 22:12:59,691] - DBThread::onStart(): 0x180ff38!
 DEBUG root [2019-09-16 22:12:59,766] - DBInterfaceMysql::attach: successfully! addr: localhost:3306
 DEBUG root [2019-09-16 22:12:59,766] - DBThread::onStart(): 0x18100d0!
 DEBUG root [2019-09-16 22:12:59,833] - DBInterfaceMysql::attach: successfully! addr: localhost:3306
 DEBUG root [2019-09-16 22:12:59,833] - DBThread::onStart(): 0x180f850!
  INFO root [2019-09-16 22:12:59,890] - DBInterfaceMysql::query: successfully!
  INFO root [2019-09-16 22:12:59,948] - DBInterfaceMysql::query: successfully!
  INFO root [2019-09-16 22:13:00,042] - DBInterfaceMysql::query: successfully!
  INFO root [2019-09-16 22:13:00,042] - DBInterfaceMysql::query: successfully!
  INFO root [2019-09-16 22:13:00,042] - DBInterfaceMysql::query: successfully!
  WARN root [2019-09-16 22:13:00,043] - DBTask::process(): took 0.35 seconds
sql:(delete from kbe_email_verification where logtime<1568639580 and type=3)
  WARN root [2019-09-16 22:13:00,073] - DBTask::process(): took 0.44 seconds
sql:(insert into kbe_serverlog (heartbeatTime, serverGroupID) values(1568643179,2082) ON DUPLICATE KEY UPDATE heartbeatTime=1568643179)
 DEBUG root [2019-09-16 22:13:00,924] - DBInterfaceMysql::attach: successfully! addr: localhost:3306
 DEBUG root [2019-09-16 22:13:00,925] - DBThread::onStart(): 0x180fb80!
  INFO root [2019-09-16 22:13:01,103] - DBInterfaceMysql::query: successfully!
  WARN root [2019-09-16 22:13:01,103] - DBTask::process(): took 1.27 seconds
sql:(CREATE TABLE IF NOT EXISTS kbe_accountinfos (`accountName` varchar(128) not null, PRIMARY KEY idKey (`accountName`),`password` varchar(255) not null,`bindata` blob,`email` varchar(191) not null, UNIQUE KEY `email` (`email`),`entityDBID` bigint(20) unsigned not null DEFAULT 0, UNIQUE KEY `entityDBID` (`entityDBID`),`flags` int unsigned not null DEFAULT 0,`deadline` bigint(20) not null DEFAULT 0,`regtime` bigint(20) not null DEFAULT 0,`lasttime` bigint(20) not null DEFAULT 0,`numlogin` int unsigned not null DEFAULT 0)ENGINE=InnoDB)
 DEBUG root [2019-09-16 22:13:01,104] - syncToDB(): Friend->sm_autoLoad(tinyint not null DEFAULT 0).
  INFO root [2019-09-16 22:13:01,165] - DBInterfaceMysql::query: successfully!
 DEBUG root [2019-09-16 22:13:01,293] - syncToDB(): Account->sm_playerId(smallint unsigned not null DEFAULT 0).
  INFO root [2019-09-16 22:13:01,418] - DBInterfaceMysql::query: successfully!
  WARN root [2019-09-16 22:13:01,418] - DBTask::process(): delay 1.30 seconds, try adjusting the kbengine[_defs].xml(numConnections) and MySQL(my.cnf->max_connections or innodb_flush_log_at_trx_commit)!
sql:(select distinct(serverGroupID) from kbe_entitylog)
  WARN root [2019-09-16 22:13:01,431] - DBTask::process(): took 0.51 seconds
sql:(select distinct(serverGroupID) from kbe_entitylog)
 DEBUG root [2019-09-16 22:13:01,753] - syncToDB(): Account->sm_playerBean(int not null DEFAULT 0).
  WARN root [2019-09-16 22:13:01,753] - DBTask::process(): delay 1.80 seconds, try adjusting the kbengine[_defs].xml(numConnections) and MySQL(my.cnf->max_connections or innodb_flush_log_at_trx_commit)!
sql:(show index from tbl_Room)
  WARN root [2019-09-16 22:13:01,754] - DBTask::process(): took 0.32 seconds
sql:(show index from tbl_Room)
  WARN root [2019-09-16 22:13:01,968] - DBTask::process(): delay 2.13 seconds, try adjusting the kbengine[_defs].xml(numConnections) and MySQL(my.cnf->max_connections or innodb_flush_log_at_trx_commit)!
sql:(show index from tbl_Hall)
  WARN root [2019-09-16 22:13:01,968] - DBTask::process(): took 0.21 seconds
sql:(show index from tbl_Hall)
 DEBUG root [2019-09-16 22:13:03,035] - syncToDB(): Mail_mailList->sm_autoLoad(tinyint not null DEFAULT 0).
 DEBUG root [2019-09-16 22:13:03,203] - syncToDB(): Account_friendList->sm_autoLoad(tinyint not null DEFAULT 0).
 DEBUG root [2019-09-16 22:13:03,633] - syncToDB(): Friend_publicDataList->sm_autoLoad(tinyint not null DEFAULT 0).
 DEBUG root [2019-09-16 22:13:03,666] - syncToDB(): Account->sm_playerNew(tinyint unsigned not null DEFAULT 1).
 DEBUG root [2019-09-16 22:13:04,608] - DBInterfaceMysql::dropEntityTableItemFromDB: tbl_Account sm_playerExp.
  INFO root [2019-09-16 22:13:05,131] - DBInterfaceMysql::query: successfully!
 DEBUG root [2019-09-16 22:13:05,131] - syncToDB(): Friend_publicDataList->sm_status(tinyint unsigned not null DEFAULT 0).
  INFO root [2019-09-16 22:13:05,363] - DBInterfaceMysql::query: successfully!
  WARN root [2019-09-16 22:13:05,582] - DBTask::process(): took 5.82 seconds
sql:(show index from tbl_Friend)
 DEBUG root [2019-09-16 22:13:07,241] - syncToDB(): Friend_publicDataList->sm_playerID(bigint unsigned not null DEFAULT 0).
  INFO root [2019-09-16 22:13:08,148] - DBInterfaceMysql::query: successfully!
 DEBUG root [2019-09-16 22:13:08,149] - syncToDB(): Mail_mailList->sm_senderID(bigint unsigned not null DEFAULT 0).
 DEBUG root [2019-09-16 22:13:08,683] - syncToDB(): Friend_publicDataList->sm_playerName(varchar(255) not null DEFAULT '[]').
  INFO root [2019-09-16 22:13:08,709] - DBInterfaceMysql::query: successfully!
 DEBUG root [2019-09-16 22:13:08,710] - DBInterfaceMysql::dropEntityTableItemFromDB: tbl_Account sm_playerNameBase.
 DEBUG root [2019-09-16 22:13:08,915] - syncToDB(): Friend_synchroFriendList->sm_autoLoad(tinyint not null DEFAULT 0).
  INFO root [2019-09-16 22:13:09,475] - DBInterfaceMysql::query: successfully!
 DEBUG root [2019-09-16 22:13:09,475] - syncToDB(): Account_friendList->sm_value(bigint unsigned not null DEFAULT 0).
 DEBUG root [2019-09-16 22:13:14,370] - syncToDB(): Mail_mailList->sm_senderName(varchar(255) not null DEFAULT '[]').
  WARN root [2019-09-16 22:13:14,775] - DBTask::process(): took 14.72 seconds
sql:(show index from tbl_Account_friendList)
  INFO root [2019-09-16 22:13:16,370] - DBInterfaceMysql::query: successfully!
 DEBUG root [2019-09-16 22:13:16,370] - syncToDB(): Friend_synchroFriendList->sm_senderID(bigint unsigned not null DEFAULT 0).
 DEBUG root [2019-09-16 22:13:18,138] - syncToDB(): Mail->sm_autoLoad(tinyint not null DEFAULT 0).
 DEBUG root [2019-09-16 22:13:18,301] - syncToDB(): Mail_mailList->sm_recverID(bigint unsigned not null DEFAULT 0).
  INFO root [2019-09-16 22:13:18,744] - DBInterfaceMysql::query: successfully!
  WARN root [2019-09-16 22:13:19,035] - DBTask::process(): delay 1.48 seconds, try adjusting the kbengine[_defs].xml(numConnections) and MySQL(my.cnf->max_connections or innodb_flush_log_at_trx_commit)!
sql:(show index from tbl_Account)
  WARN root [2019-09-16 22:13:19,035] - DBTask::process(): took 17.93 seconds
sql:(show index from tbl_Account)
 DEBUG root [2019-09-16 22:13:19,574] - syncToDB(): Friend_synchroFriendList->sm_recverID(bigint unsigned not null DEFAULT 0).
 DEBUG root [2019-09-16 22:13:19,887] - syncToDB(): Friend_publicDataList->sm_playerBean(int not null DEFAULT 0).
  WARN root [2019-09-16 22:13:21,183] - DBTask::process(): took 21.11 seconds
sql:(show index from tbl_Mail_mailList)
  WARN root [2019-09-16 22:13:21,608] - DBTask::process(): delay 2.34 seconds, try adjusting the kbengine[_defs].xml(numConnections) and MySQL(my.cnf->max_connections or innodb_flush_log_at_trx_commit)!
sql:(show index from tbl_Friend_publicDataList)
  WARN root [2019-09-16 22:13:21,608] - DBTask::process(): took 19.64 seconds
sql:(show index from tbl_Friend_publicDataList)
  INFO root [2019-09-16 22:13:21,680] - DBInterfaceMysql::query: successfully!
  WARN root [2019-09-16 22:13:21,866] - DBTask::process(): delay 15.15 seconds, try adjusting the kbengine[_defs].xml(numConnections) and MySQL(my.cnf->max_connections or innodb_flush_log_at_trx_commit)!
sql:(show index from tbl_Mail)
  WARN root [2019-09-16 22:13:21,866] - DBTask::process(): took 7.09 seconds
sql:(show index from tbl_Mail)
  WARN root [2019-09-16 22:13:22,174] - DBTask::process(): delay 5.98 seconds, try adjusting the kbengine[_defs].xml(numConnections) and MySQL(my.cnf->max_connections or innodb_flush_log_at_trx_commit)!
sql:(show index from tbl_Friend_synchroFriendList)
  WARN root [2019-09-16 22:13:22,175] - DBTask::process(): took 16.57 seconds
sql:(show index from tbl_Friend_synchroFriendList)
 DEBUG root [2019-09-16 22:13:22,225] - DBInterfaceMysql::dropEntityTableFromDB: tbl_food.
  INFO root [2019-09-16 22:13:22,624] - DBInterfaceMysql::query: successfully!
 DEBUG root [2019-09-16 22:13:22,625] - DBInterfaceMysql::dropEntityTableFromDB: tbl_smash.
  INFO root [2019-09-16 22:13:23,200] - DBInterfaceMysql::query: successfully!
  WARN root [2019-09-16 22:13:23,200] - d:\kbengine\kbe\src\server\dbmgr\dbmgr.cpp:306: Profile scriptCall took 24.15 seconds
  INFO root [2019-09-16 22:13:23,617] - ---- dbmgr is running ----
 DEBUG root [2019-09-16 22:13:23,617] - Components::process(): Request for the process of identity...
  INFO root [2019-09-16 22:13:29,781] - ServerApp::onRegisterNewApp: uid:2082, username:error_name, componentType:interfaces, componentID:3000, globalorderID=-1, grouporderID=-1, intaddr:192.168.56.1, intport:30099, extaddr:nonsupport, extport:0,  from 127.0.0.1:30099/0/0/0.
  INFO root [2019-09-16 22:13:29,781] - Components::addComponent: reset orderLog, uid=2082!
  INFO root [2019-09-16 22:13:29,782] - Components::addComponent[interfaces], uid=2082, componentID=3000, globalorderid=1, grouporderid=1, totalcount=1
  INFO root [2019-09-16 22:13:29,782] - ServerApp::onRegisterNewApp: uid:2082, username:error_name, componentType:baseappmgr, componentID:5000, globalorderID=-1, grouporderID=-1, intaddr:192.168.56.1, intport:54271, extaddr:nonsupport, extport:0,  from 192.168.56.1:54305/0/0/0.
  INFO root [2019-09-16 22:13:29,783] - Components::addComponent: reset orderLog, uid=2082!
  INFO root [2019-09-16 22:13:29,783] - Components::addComponent[baseappmgr], uid=2082, componentID=5000, globalorderid=1, grouporderid=1, totalcount=1
  INFO root [2019-09-16 22:13:29,784] - ServerApp::onRegisterNewApp: uid:2082, username:error_name, componentType:cellappmgr, componentID:6000, globalorderID=-1, grouporderID=-1, intaddr:192.168.56.1, intport:54274, extaddr:nonsupport, extport:0,  from 192.168.56.1:54307/0/0/0.
  INFO root [2019-09-16 22:13:29,784] - Components::addComponent[cellappmgr], uid=2082, componentID=6000, globalorderid=2, grouporderid=1, totalcount=1
  INFO root [2019-09-16 22:13:29,784] - ServerApp::onRegisterNewApp: uid:2082, username:error_name, componentType:loginapp, componentID:9000, globalorderID=-1, grouporderID=-1, intaddr:192.168.56.1, intport:54283, extaddr:192.168.56.1, extport:20013,  from 192.168.56.1:54309/0/0/0.
  INFO root [2019-09-16 22:13:29,784] - Components::addComponent[loginapp], uid=2082, componentID=9000, globalorderid=3, grouporderid=1, totalcount=1
  INFO root [2019-09-16 22:13:30,793] - Components::findComponents: find logger(1)...
  INFO root [2019-09-16 22:13:30,799] - Components::findComponents: found logger, addr:192.168.56.1:54272
  INFO root [2019-09-16 22:13:30,799] - Components::addComponent[logger], uid=2082, componentID=2000, globalorderid=4, grouporderid=1, totalcount=1
  INFO root [2019-09-16 22:13:30,803] - Components::process(): Found all the components!
  WARN root [2019-09-16 22:13:30,803] - Forwarding logs to logger[192.168.56.1:54272/0/0/0]...
 ERROR root [2019-09-16 22:13:44,232] - Components::removeComponentByChannel: logger : 2000, Abnormal exit(reason=TCPPacketReceiver::processRecv(): error=10054
)! Channel(timestamp=278433655087, lastReceivedTime=278403432571, inactivityExceptionPeriod=134877845)
  INFO root [2019-09-16 22:13:44,235] - The following logs sent to logger failed:
  WARN root [2019-09-16 22:13:44,235] - ==> [2019-09-16 22:13:44 231] TCPPacketReceiver::processPendingEvents(192.168.56.1:54272): Throwing REASON_GENERAL_NETWORK - WSAECONNRESET
 ERROR root [2019-09-16 22:13:44,236] - ==> [2019-09-16 22:13:44 233] Components::removeComponentByChannel: logger : 2000, Abnormal exit(reason=TCPPacketReceiver::processRecv(): error=10054
)! Channel(timestamp=278433655087, lastReceivedTime=278403432571, inactivityExceptionPeriod=134877845)
  INFO root [2019-09-16 22:14:27,200] - 
  INFO root [2019-09-16 22:14:27,200] - -----------------------------------------------------------------------------------------


  INFO root [2019-09-16 22:14:27,200] - Resmgr::initialize: KBE_ROOT=D:/kbengine/
  INFO root [2019-09-16 22:14:27,200] - Resmgr::initialize: KBE_RES_PATH=D:/kbengine/kbe/res/;D:/kbengine/HappyPoker_assets/;D:/kbengine/HappyPoker_assets/scripts/;D:/kbengine/HappyPoker_assets/res/
  INFO root [2019-09-16 22:14:27,200] - Resmgr::initialize: KBE_BIN_PATH=D:/kbengine/kbe/bin/server/
  INFO root [2019-09-16 22:14:27,215] - NetworkInterface::initialize(INTERNAL-TCP): bound to all interfaces with default route interface on 192.168.56.1 ( 192.168.56.1:54337 )
  INFO root [2019-09-16 22:14:27,215] - NetworkInterface::initialize(INTERNAL-TCP): address 192.168.56.1:54337, SOMAXCONN=5.
  INFO root [2019-09-16 22:14:27,215] - server-configs:
  INFO root [2019-09-16 22:14:27,215] - 	internalTcpAddr : 192.168.56.1:54337
  INFO root [2019-09-16 22:14:27,215] - 	componentID : 4000
  WARN root [2019-09-16 22:14:27,215] - invalid UID(0) <= 0, please check UID for environment! automatically set to 2082.
  INFO root [2019-09-16 22:14:28,740] - ---- dbmgr Version: 2.4.5. ScriptVersion: 0.1.0. Pythoncore: 3.7.3. Protocol: 11178A1C367680938C8E416B64844ACD. Config: Debug X86. Built: 09:55:16 May  8 2019. AppID: 4000. UID: 2082. PID: 21916 ----
  INFO root [2019-09-16 22:14:28,740] - Server error_name: Intel(R) Core(TM) i5-6300HQ CPU @ 2.30GHz with 2097151kB RAM
  INFO root [2019-09-16 22:14:28,740] - ThreadPool::createThreadPool: creating  threadpool...
  INFO root [2019-09-16 22:14:28,740] - ThreadPool::createThreadPool: successfully(2), newThreadCount=1, normalMaxThreadCount=2, maxThreadCount=8
  INFO root [2019-09-16 22:14:28,940] - Script::install(): is successfully, Python=(3.7.3 (default, May  8 2019, 09:53:38) [MSC v.1916 32 bit (Intel)])!
  INFO root [2019-09-16 22:14:28,940] - Script::install(): KBExtra is successfully!
  INFO root [2019-09-16 22:14:29,110] - Dbmgr::initializeEnd: digest(B91EBE6B591F8BEB2E04FAF8BE8B7B2F)
S_INFO root [2019-09-16 22:14:29,110] - onDBMgrReady: bootstrapGroupIndex=0, bootstrapGlobalIndex=0
  INFO root [2019-09-16 22:14:29,110] - TelnetServer server is running on port 32000
  INFO root [2019-09-16 22:14:29,116] - Dbmgr::initInterfacesHandler: interfaces addr(127.0.0.1:30099), accountType:(interfaces), chargeType:(interfaces).
  WARN root [2019-09-16 22:14:29,399] - DBUtil::initialize: db(default) password is not encrypted!
please use password(rsa):
AF132EABEE67CEC85067D8EFA75FA48A3392E9C422F2278AD4D3E7C02231B3E8C44C993EBFDD1D42C3EF343E690195E5E5CE76CDB2A397C480DA5998743F0AD28EADE05104C5A4652FF056CCE192630AD9948C4FA588CDEE51301B3FBAE2139C791B6C221FD7FCEDA69543614F5DD5DB4F2A3F7DE7FC2FF0FD0045E10D6634D6
 DEBUG root [2019-09-16 22:14:29,407] - DBInterfaceMysql::attach: connect: localhost:3306 starting...
 DEBUG root [2019-09-16 22:14:29,568] - DBInterfaceMysql::attach: successfully! addr: localhost:3306
  INFO root [2019-09-16 22:14:29,568] - DBUtil::createInterface[0x14ff0d8]: interface=default, dbtype=mysql, ip=localhost, port=3306, currdatabase=kbe, username=kbe, connected=yes.

  INFO root [2019-09-16 22:14:29,568] - ThreadPool::createThreadPool: creating  threadpool...
  INFO root [2019-09-16 22:14:29,568] - ThreadPool::createThreadPool: successfully(5), newThreadCount=5, normalMaxThreadCount=5, maxThreadCount=5
 DEBUG root [2019-09-16 22:14:29,568] - DBInterfaceMysql::attach: connect: localhost:3306 starting...
 DEBUG root [2019-09-16 22:14:29,568] - DBInterfaceMysql::attach: connect: localhost:3306 starting...
 DEBUG root [2019-09-16 22:14:29,568] - DBInterfaceMysql::attach: connect: localhost:3306 starting...
 DEBUG root [2019-09-16 22:14:29,568] - DBInterfaceMysql::attach: connect: localhost:3306 starting...
 DEBUG root [2019-09-16 22:14:29,568] - DBInterfaceMysql::attach: connect: localhost:3306 starting...
 DEBUG root [2019-09-16 22:14:29,677] - DBInterfaceMysql::attach: successfully! addr: localhost:3306
 DEBUG root [2019-09-16 22:14:29,677] - DBThread::onStart(): 0x15d6f80!
 DEBUG root [2019-09-16 22:14:29,773] - DBInterfaceMysql::attach: successfully! addr: localhost:3306
 DEBUG root [2019-09-16 22:14:29,773] - DBThread::onStart(): 0x15d6b40!
 DEBUG root [2019-09-16 22:14:29,825] - DBInterfaceMysql::attach: successfully! addr: localhost:3306
 DEBUG root [2019-09-16 22:14:29,825] - DBThread::onStart(): 0x15d6ef8!
  INFO root [2019-09-16 22:14:29,826] - DBInterfaceMysql::query: successfully!
 DEBUG root [2019-09-16 22:14:29,909] - DBInterfaceMysql::attach: successfully! addr: localhost:3306
 DEBUG root [2019-09-16 22:14:29,909] - DBThread::onStart(): 0x15d7668!
  INFO root [2019-09-16 22:14:29,957] - DBInterfaceMysql::query: successfully!
  INFO root [2019-09-16 22:14:29,969] - DBInterfaceMysql::query: successfully!
  INFO root [2019-09-16 22:14:29,969] - DBInterfaceMysql::query: successfully!
  INFO root [2019-09-16 22:14:30,017] - DBInterfaceMysql::query: successfully!
 DEBUG root [2019-09-16 22:14:30,040] - DBInterfaceMysql::attach: successfully! addr: localhost:3306
 DEBUG root [2019-09-16 22:14:30,040] - DBThread::onStart(): 0x15d7008!
  WARN root [2019-09-16 22:14:30,056] - DBTask::process(): took 0.23 seconds
sql:(insert into kbe_serverlog (heartbeatTime, serverGroupID) values(1568643269,2082) ON DUPLICATE KEY UPDATE heartbeatTime=1568643269)
  INFO root [2019-09-16 22:14:30,140] - DBInterfaceMysql::query: successfully!
  INFO root [2019-09-16 22:14:30,200] - DBInterfaceMysql::query: successfully!
  INFO root [2019-09-16 22:14:30,200] - DBInterfaceMysql::query: successfully!
  INFO root [2019-09-16 22:14:30,200] - DBInterfaceMysql::query: successfully!
  WARN root [2019-09-16 22:14:30,200] - DBTask::process(): took 0.29 seconds
sql:(delete from kbe_email_verification where logtime<1568639670 and type=3)
  WARN root [2019-09-16 22:14:30,266] - d:\kbengine\kbe\src\server\dbmgr\dbmgr.cpp:306: Profile scriptCall took 1.15 seconds
  INFO root [2019-09-16 22:14:30,677] - ---- dbmgr is running ----
 DEBUG root [2019-09-16 22:14:30,677] - Components::process(): Request for the process of identity...
  INFO root [2019-09-16 22:14:36,950] - ServerApp::onRegisterNewApp: uid:2082, username:error_name, componentType:interfaces, componentID:3000, globalorderID=-1, grouporderID=-1, intaddr:192.168.56.1, intport:30099, extaddr:nonsupport, extport:0,  from 127.0.0.1:30099/0/0/0.
  INFO root [2019-09-16 22:14:36,950] - Components::addComponent: reset orderLog, uid=2082!
  INFO root [2019-09-16 22:14:36,950] - Components::addComponent[interfaces], uid=2082, componentID=3000, globalorderid=1, grouporderid=1, totalcount=1
  INFO root [2019-09-16 22:14:37,967] - Components::findComponents: find logger(1)...
  INFO root [2019-09-16 22:14:38,026] - Components::findComponents: found logger, addr:192.168.56.1:54342
  INFO root [2019-09-16 22:14:38,026] - Components::addComponent: reset orderLog, uid=2082!
  INFO root [2019-09-16 22:14:38,026] - Components::addComponent[logger], uid=2082, componentID=2000, globalorderid=1, grouporderid=1, totalcount=1
  WARN root [2019-09-16 22:14:38,026] - Forwarding logs to logger[192.168.56.1:54342/0/0/0]...
 ERROR root [2019-09-16 22:18:32,961] - Components::removeComponentByChannel: logger : 2000, Abnormal exit(reason=TCPPacketReceiver::processRecv(): error=10054
)! Channel(timestamp=279083290725, lastReceivedTime=279070681805, inactivityExceptionPeriod=134885998)
  INFO root [2019-09-16 22:18:32,961] - The following logs sent to logger failed:
  WARN root [2019-09-16 22:18:32,961] - ==> [2019-09-16 22:18:32 954] TCPPacketReceiver::processPendingEvents(192.168.56.1:54342): Throwing REASON_GENERAL_NETWORK - WSAECONNRESET
 ERROR root [2019-09-16 22:18:32,961] - ==> [2019-09-16 22:18:32 962] Components::removeComponentByChannel: logger : 2000, Abnormal exit(reason=TCPPacketReceiver::processRecv(): error=10054
)! Channel(timestamp=279083290725, lastReceivedTime=279070681805, inactivityExceptionPeriod=134885998)
  INFO root [2019-09-16 22:21:18,137] - 
  INFO root [2019-09-16 22:21:18,150] - -----------------------------------------------------------------------------------------


  INFO root [2019-09-16 22:21:18,151] - Resmgr::initialize: KBE_ROOT=D:/kbengine/
  INFO root [2019-09-16 22:21:18,151] - Resmgr::initialize: KBE_RES_PATH=D:/kbengine/kbe/res/;D:/kbengine/HappyPoker_assets/;D:/kbengine/HappyPoker_assets/scripts/;D:/kbengine/HappyPoker_assets/res/
  INFO root [2019-09-16 22:21:18,151] - Resmgr::initialize: KBE_BIN_PATH=D:/kbengine/kbe/bin/server/
  INFO root [2019-09-16 22:21:18,189] - NetworkInterface::initialize(INTERNAL-TCP): bound to all interfaces with default route interface on 192.168.56.1 ( 192.168.56.1:54526 )
  INFO root [2019-09-16 22:21:18,189] - NetworkInterface::initialize(INTERNAL-TCP): address 192.168.56.1:54526, SOMAXCONN=5.
  INFO root [2019-09-16 22:21:18,190] - server-configs:
  INFO root [2019-09-16 22:21:18,190] - 	internalTcpAddr : 192.168.56.1:54526
  INFO root [2019-09-16 22:21:18,190] - 	componentID : 4000
  WARN root [2019-09-16 22:21:18,192] - invalid UID(0) <= 0, please check UID for environment! automatically set to 2082.
  INFO root [2019-09-16 22:21:19,702] - ---- dbmgr Version: 2.4.5. ScriptVersion: 0.1.0. Pythoncore: 3.7.3. Protocol: 11178A1C367680938C8E416B64844ACD. Config: Debug X86. Built: 09:55:16 May  8 2019. AppID: 4000. UID: 2082. PID: 19632 ----
  INFO root [2019-09-16 22:21:19,702] - Server error_name: Intel(R) Core(TM) i5-6300HQ CPU @ 2.30GHz with 2097151kB RAM
  INFO root [2019-09-16 22:21:19,702] - ThreadPool::createThreadPool: creating  threadpool...
  INFO root [2019-09-16 22:21:19,702] - ThreadPool::createThreadPool: successfully(2), newThreadCount=1, normalMaxThreadCount=2, maxThreadCount=8
  INFO root [2019-09-16 22:21:19,890] - Script::install(): is successfully, Python=(3.7.3 (default, May  8 2019, 09:53:38) [MSC v.1916 32 bit (Intel)])!
  INFO root [2019-09-16 22:21:19,890] - Script::install(): KBExtra is successfully!
  INFO root [2019-09-16 22:21:20,062] - Dbmgr::initializeEnd: digest(B91EBE6B591F8BEB2E04FAF8BE8B7B2F)
S_INFO root [2019-09-16 22:21:20,062] - onDBMgrReady: bootstrapGroupIndex=0, bootstrapGlobalIndex=0
  INFO root [2019-09-16 22:21:20,062] - TelnetServer server is running on port 32000
  INFO root [2019-09-16 22:21:20,062] - Dbmgr::initInterfacesHandler: interfaces addr(127.0.0.1:30099), accountType:(interfaces), chargeType:(interfaces).
  WARN root [2019-09-16 22:21:20,327] - DBUtil::initialize: db(default) password is not encrypted!
please use password(rsa):
61E9D472B38C2C49F23A92D9A24E36C7872B7BF42170635CF6C65391397CD82FB75A8F152009A67AF7508873698660AC0A60FFEDCEAD8923F47172F21E4618F59D6CC31A9A66D76487541EB5B6D8A707F913FD19A7B57229556421C244F3E6923294E2259B9D3133220787B904DF7CD44678E9EDF536378C6A93F3D0A4F142DC
 DEBUG root [2019-09-16 22:21:20,327] - DBInterfaceMysql::attach: connect: localhost:3306 starting...
 DEBUG root [2019-09-16 22:21:20,530] - DBInterfaceMysql::attach: successfully! addr: localhost:3306
  INFO root [2019-09-16 22:21:20,530] - DBUtil::createInterface[0x14ff2c8]: interface=default, dbtype=mysql, ip=localhost, port=3306, currdatabase=kbe, username=kbe, connected=yes.

  INFO root [2019-09-16 22:21:20,530] - ThreadPool::createThreadPool: creating  threadpool...
  INFO root [2019-09-16 22:21:20,530] - ThreadPool::createThreadPool: successfully(5), newThreadCount=5, normalMaxThreadCount=5, maxThreadCount=5
 DEBUG root [2019-09-16 22:21:20,530] - DBInterfaceMysql::attach: connect: localhost:3306 starting...
 DEBUG root [2019-09-16 22:21:20,530] - DBInterfaceMysql::attach: connect: localhost:3306 starting...
 DEBUG root [2019-09-16 22:21:20,530] - DBInterfaceMysql::attach: connect: localhost:3306 starting...
 DEBUG root [2019-09-16 22:21:20,546] - DBInterfaceMysql::attach: connect: localhost:3306 starting...
 DEBUG root [2019-09-16 22:21:20,593] - DBInterfaceMysql::attach: connect: localhost:3306 starting...
 DEBUG root [2019-09-16 22:21:20,640] - DBInterfaceMysql::attach: successfully! addr: localhost:3306
 DEBUG root [2019-09-16 22:21:20,640] - DBThread::onStart(): 0x18ee4b0!
 DEBUG root [2019-09-16 22:21:20,733] - DBInterfaceMysql::attach: successfully! addr: localhost:3306
 DEBUG root [2019-09-16 22:21:20,733] - DBThread::onStart(): 0x18eec20!
 DEBUG root [2019-09-16 22:21:20,843] - DBInterfaceMysql::attach: successfully! addr: localhost:3306
 DEBUG root [2019-09-16 22:21:20,843] - DBThread::onStart(): 0x18eeb10!
 DEBUG root [2019-09-16 22:21:20,999] - DBInterfaceMysql::attach: successfully! addr: localhost:3306
 DEBUG root [2019-09-16 22:21:20,999] - DBThread::onStart(): 0x18eee40!
 DEBUG root [2019-09-16 22:21:21,055] - DBInterfaceMysql::attach: successfully! addr: localhost:3306
 DEBUG root [2019-09-16 22:21:21,055] - DBThread::onStart(): 0x18eed30!
  INFO root [2019-09-16 22:21:21,056] - DBInterfaceMysql::query: successfully!
  INFO root [2019-09-16 22:21:21,097] - DBInterfaceMysql::query: successfully!
  INFO root [2019-09-16 22:21:21,097] - DBInterfaceMysql::query: successfully!
  INFO root [2019-09-16 22:21:21,114] - DBInterfaceMysql::query: successfully!
  INFO root [2019-09-16 22:21:21,114] - DBInterfaceMysql::query: successfully!
  INFO root [2019-09-16 22:21:21,114] - DBInterfaceMysql::query: successfully!
  INFO root [2019-09-16 22:21:21,114] - DBInterfaceMysql::query: successfully!
  INFO root [2019-09-16 22:21:21,114] - DBInterfaceMysql::query: successfully!
  INFO root [2019-09-16 22:21:21,114] - DBInterfaceMysql::query: successfully!
 DEBUG root [2019-09-16 22:21:21,189] - DBInterfaceMysql::dropEntityTableItemFromDB: tbl_Account sm_0_position.
  INFO root [2019-09-16 22:21:23,408] - DBInterfaceMysql::query: successfully!
 DEBUG root [2019-09-16 22:21:23,408] - DBInterfaceMysql::dropEntityTableItemFromDB: tbl_Account sm_1_position.
  INFO root [2019-09-16 22:21:26,017] - DBInterfaceMysql::query: successfully!
 DEBUG root [2019-09-16 22:21:26,017] - DBInterfaceMysql::dropEntityTableItemFromDB: tbl_Account sm_2_position.
  INFO root [2019-09-16 22:21:28,239] - DBInterfaceMysql::query: successfully!
 DEBUG root [2019-09-16 22:21:28,240] - DBInterfaceMysql::dropEntityTableItemFromDB: tbl_Account sm_0_direction.
  INFO root [2019-09-16 22:21:30,252] - DBInterfaceMysql::query: successfully!
 DEBUG root [2019-09-16 22:21:30,252] - DBInterfaceMysql::dropEntityTableItemFromDB: tbl_Account sm_1_direction.
  INFO root [2019-09-16 22:21:34,439] - DBInterfaceMysql::query: successfully!
 DEBUG root [2019-09-16 22:21:34,439] - DBInterfaceMysql::dropEntityTableItemFromDB: tbl_Account sm_2_direction.
  INFO root [2019-09-16 22:21:39,000] - 
  INFO root [2019-09-16 22:21:39,000] - -----------------------------------------------------------------------------------------


  INFO root [2019-09-16 22:21:39,000] - Resmgr::initialize: KBE_ROOT=D:/kbengine/
  INFO root [2019-09-16 22:21:39,000] - Resmgr::initialize: KBE_RES_PATH=D:/kbengine/kbe/res/;D:/kbengine/HappyPoker_assets/;D:/kbengine/HappyPoker_assets/scripts/;D:/kbengine/HappyPoker_assets/res/
  INFO root [2019-09-16 22:21:39,000] - Resmgr::initialize: KBE_BIN_PATH=D:/kbengine/kbe/bin/server/
  INFO root [2019-09-16 22:21:39,016] - NetworkInterface::initialize(INTERNAL-TCP): bound to all interfaces with default route interface on 192.168.56.1 ( 192.168.56.1:54552 )
  INFO root [2019-09-16 22:21:39,016] - NetworkInterface::initialize(INTERNAL-TCP): address 192.168.56.1:54552, SOMAXCONN=5.
  INFO root [2019-09-16 22:21:39,016] - server-configs:
  INFO root [2019-09-16 22:21:39,016] - 	internalTcpAddr : 192.168.56.1:54552
  INFO root [2019-09-16 22:21:39,016] - 	componentID : 4000
  WARN root [2019-09-16 22:21:39,032] - invalid UID(0) <= 0, please check UID for environment! automatically set to 2082.
  INFO root [2019-09-16 22:21:40,547] - ---- dbmgr Version: 2.4.5. ScriptVersion: 0.1.0. Pythoncore: 3.7.3. Protocol: 11178A1C367680938C8E416B64844ACD. Config: Debug X86. Built: 09:55:16 May  8 2019. AppID: 4000. UID: 2082. PID: 14312 ----
  INFO root [2019-09-16 22:21:40,547] - Server error_name: Intel(R) Core(TM) i5-6300HQ CPU @ 2.30GHz with 2097151kB RAM
  INFO root [2019-09-16 22:21:40,547] - ThreadPool::createThreadPool: creating  threadpool...
  INFO root [2019-09-16 22:21:40,547] - ThreadPool::createThreadPool: successfully(2), newThreadCount=1, normalMaxThreadCount=2, maxThreadCount=8
  INFO root [2019-09-16 22:21:40,734] - Script::install(): is successfully, Python=(3.7.3 (default, May  8 2019, 09:53:38) [MSC v.1916 32 bit (Intel)])!
  INFO root [2019-09-16 22:21:40,734] - Script::install(): KBExtra is successfully!
  INFO root [2019-09-16 22:21:40,906] - Dbmgr::initializeEnd: digest(B91EBE6B591F8BEB2E04FAF8BE8B7B2F)
S_INFO root [2019-09-16 22:21:40,906] - onDBMgrReady: bootstrapGroupIndex=0, bootstrapGlobalIndex=0
  INFO root [2019-09-16 22:21:40,906] - TelnetServer server is running on port 32000
  INFO root [2019-09-16 22:21:40,906] - Dbmgr::initInterfacesHandler: interfaces addr(127.0.0.1:30099), accountType:(interfaces), chargeType:(interfaces).
  WARN root [2019-09-16 22:21:41,187] - DBUtil::initialize: db(default) password is not encrypted!
please use password(rsa):
EB9A8B3916D071F8B082E02739809D8171313281AEFC1A770411D0A2AAA775952AF6A6C6139F7259E6ECE8E6712C87F93101F9ECF01F4FED7A52D7A620C5946E83EBBDA072B1C427167308A956D92A0A91E57AE676C640E3DB74BB3BF4A866DF76A5A6D6AFA7CED7A8DAA045ADCC89967E32AECDFB3743DD5185224BFCD9D3E4
 DEBUG root [2019-09-16 22:21:41,187] - DBInterfaceMysql::attach: connect: localhost:3306 starting...
 DEBUG root [2019-09-16 22:21:41,312] - DBInterfaceMysql::attach: successfully! addr: localhost:3306
  INFO root [2019-09-16 22:21:41,312] - DBUtil::createInterface[0x14fec94]: interface=default, dbtype=mysql, ip=localhost, port=3306, currdatabase=kbe, username=kbe, connected=yes.

  INFO root [2019-09-16 22:21:41,312] - ThreadPool::createThreadPool: creating  threadpool...
  INFO root [2019-09-16 22:21:41,312] - ThreadPool::createThreadPool: successfully(5), newThreadCount=5, normalMaxThreadCount=5, maxThreadCount=5
 DEBUG root [2019-09-16 22:21:41,312] - DBInterfaceMysql::attach: connect: localhost:3306 starting...
 DEBUG root [2019-09-16 22:21:41,312] - DBInterfaceMysql::attach: connect: localhost:3306 starting...
 DEBUG root [2019-09-16 22:21:41,312] - DBInterfaceMysql::attach: connect: localhost:3306 starting...
 DEBUG root [2019-09-16 22:21:41,312] - DBInterfaceMysql::attach: connect: localhost:3306 starting...
 DEBUG root [2019-09-16 22:21:41,328] - DBInterfaceMysql::attach: connect: localhost:3306 starting...
 DEBUG root [2019-09-16 22:21:41,422] - DBInterfaceMysql::attach: successfully! addr: localhost:3306
 DEBUG root [2019-09-16 22:21:41,422] - DBThread::onStart(): 0x1777f90!
 DEBUG root [2019-09-16 22:21:41,468] - DBInterfaceMysql::attach: successfully! addr: localhost:3306
 DEBUG root [2019-09-16 22:21:41,468] - DBThread::onStart(): 0x17774f0!
 DEBUG root [2019-09-16 22:21:41,578] - DBInterfaceMysql::attach: successfully! addr: localhost:3306
 DEBUG root [2019-09-16 22:21:41,578] - DBThread::onStart(): 0x1777820!
 DEBUG root [2019-09-16 22:21:41,640] - DBInterfaceMysql::attach: successfully! addr: localhost:3306
 DEBUG root [2019-09-16 22:21:41,640] - DBThread::onStart(): 0x1778128!
  INFO root [2019-09-16 22:21:41,687] - DBInterfaceMysql::query: successfully!
 DEBUG root [2019-09-16 22:21:41,750] - DBInterfaceMysql::attach: successfully! addr: localhost:3306
 DEBUG root [2019-09-16 22:21:41,750] - DBThread::onStart(): 0x1777600!
  INFO root [2019-09-16 22:21:41,796] - DBInterfaceMysql::query: successfully!
  INFO root [2019-09-16 22:21:41,812] - DBInterfaceMysql::query: successfully!
  INFO root [2019-09-16 22:21:41,812] - DBInterfaceMysql::query: successfully!
  INFO root [2019-09-16 22:21:41,812] - DBInterfaceMysql::query: successfully!
  INFO root [2019-09-16 22:21:41,953] - DBInterfaceMysql::query: successfully!
  INFO root [2019-09-16 22:21:41,953] - DBInterfaceMysql::query: successfully!
  INFO root [2019-09-16 22:21:41,953] - DBInterfaceMysql::query: successfully!
  WARN root [2019-09-16 22:21:41,953] - DBTask::process(): took 0.26 seconds
sql:(delete from kbe_email_verification where logtime<1568640101 and type=3)
  INFO root [2019-09-16 22:21:41,984] - DBInterfaceMysql::query: successfully!
  WARN root [2019-09-16 22:21:41,984] - DBTask::process(): took 0.29 seconds
sql:(select distinct(serverGroupID) from kbe_entitylog)
  WARN root [2019-09-16 22:21:42,062] - DBTask::process(): took 0.37 seconds
sql:(insert into kbe_serverlog (heartbeatTime, serverGroupID) values(1568643701,2082) ON DUPLICATE KEY UPDATE heartbeatTime=1568643701)
  WARN root [2019-09-16 22:21:42,218] - d:\kbengine\kbe\src\server\dbmgr\dbmgr.cpp:306: Profile scriptCall took 1.31 seconds
  INFO root [2019-09-16 22:21:42,624] - ---- dbmgr is running ----
 DEBUG root [2019-09-16 22:21:42,624] - Components::process(): Request for the process of identity...
  INFO root [2019-09-16 22:21:48,875] - ServerApp::onRegisterNewApp: uid:2082, username:error_name, componentType:interfaces, componentID:3000, globalorderID=-1, grouporderID=-1, intaddr:192.168.56.1, intport:30099, extaddr:nonsupport, extport:0,  from 127.0.0.1:30099/0/0/0.
  INFO root [2019-09-16 22:21:48,875] - Components::addComponent: reset orderLog, uid=2082!
  INFO root [2019-09-16 22:21:48,875] - Components::addComponent[interfaces], uid=2082, componentID=3000, globalorderid=1, grouporderid=1, totalcount=1
  INFO root [2019-09-16 22:21:49,906] - Components::findComponents: find logger(1)...
  INFO root [2019-09-16 22:21:49,968] - Components::findComponents: found logger, addr:192.168.56.1:54550
  INFO root [2019-09-16 22:21:49,968] - Components::addComponent: reset orderLog, uid=2082!
  INFO root [2019-09-16 22:21:49,968] - Components::addComponent[logger], uid=2082, componentID=2000, globalorderid=1, grouporderid=1, totalcount=1
  WARN root [2019-09-16 22:21:49,968] - Forwarding logs to logger[192.168.56.1:54550/0/0/0]...
 ERROR root [2019-09-16 22:21:51,405] - Components::removeComponentByChannel: logger : 2000, Abnormal exit(reason=TCPPacketReceiver::processRecv(): error=10054
)! Channel(timestamp=279529814018, lastReceivedTime=279526565788, inactivityExceptionPeriod=134880786)
  INFO root [2019-09-16 22:21:51,405] - The following logs sent to logger failed:
  WARN root [2019-09-16 22:21:51,405] - ==> [2019-09-16 22:21:51 416] TCPPacketReceiver::processPendingEvents(192.168.56.1:54550): Throwing REASON_GENERAL_NETWORK - WSAECONNRESET
 ERROR root [2019-09-16 22:21:51,405] - ==> [2019-09-16 22:21:51 417] Components::removeComponentByChannel: logger : 2000, Abnormal exit(reason=TCPPacketReceiver::processRecv(): error=10054
)! Channel(timestamp=279529814018, lastReceivedTime=279526565788, inactivityExceptionPeriod=134880786)
  INFO root [2019-09-16 22:21:53,095] - 
  INFO root [2019-09-16 22:21:53,110] - -----------------------------------------------------------------------------------------


  INFO root [2019-09-16 22:21:53,110] - Resmgr::initialize: KBE_ROOT=D:/kbengine/
  INFO root [2019-09-16 22:21:53,110] - Resmgr::initialize: KBE_RES_PATH=D:/kbengine/kbe/res/;D:/kbengine/HappyPoker_assets/;D:/kbengine/HappyPoker_assets/scripts/;D:/kbengine/HappyPoker_assets/res/
  INFO root [2019-09-16 22:21:53,110] - Resmgr::initialize: KBE_BIN_PATH=D:/kbengine/kbe/bin/server/
  INFO root [2019-09-16 22:21:53,141] - NetworkInterface::initialize(INTERNAL-TCP): bound to all interfaces with default route interface on 192.168.56.1 ( 192.168.56.1:54575 )
  INFO root [2019-09-16 22:21:53,141] - NetworkInterface::initialize(INTERNAL-TCP): address 192.168.56.1:54575, SOMAXCONN=5.
  INFO root [2019-09-16 22:21:53,141] - server-configs:
  INFO root [2019-09-16 22:21:53,141] - 	internalTcpAddr : 192.168.56.1:54575
  INFO root [2019-09-16 22:21:53,141] - 	componentID : 4000
  WARN root [2019-09-16 22:21:53,141] - invalid UID(0) <= 0, please check UID for environment! automatically set to 2082.
  WARN root [2019-09-16 22:21:53,641] - BundleBroadcast::BundleBroadcast: Cannot bind to port 20020, errorno=10048
  INFO root [2019-09-16 22:21:53,641] - ---- dbmgr Version: 2.4.5. ScriptVersion: 0.1.0. Pythoncore: 3.7.3. Protocol: 11178A1C367680938C8E416B64844ACD. Config: Debug X86. Built: 09:55:16 May  8 2019. AppID: 4000. UID: 2082. PID: 21868 ----
  INFO root [2019-09-16 22:21:53,641] - Server error_name: Intel(R) Core(TM) i5-6300HQ CPU @ 2.30GHz with 2097151kB RAM
  INFO root [2019-09-16 22:21:53,641] - ThreadPool::createThreadPool: creating  threadpool...
  INFO root [2019-09-16 22:21:53,641] - ThreadPool::createThreadPool: successfully(2), newThreadCount=1, normalMaxThreadCount=2, maxThreadCount=8
  INFO root [2019-09-16 22:21:53,844] - Script::install(): is successfully, Python=(3.7.3 (default, May  8 2019, 09:53:38) [MSC v.1916 32 bit (Intel)])!
  INFO root [2019-09-16 22:21:53,844] - Script::install(): KBExtra is successfully!
  INFO root [2019-09-16 22:21:54,016] - Dbmgr::initializeEnd: digest(B91EBE6B591F8BEB2E04FAF8BE8B7B2F)
S_INFO root [2019-09-16 22:21:54,016] - onDBMgrReady: bootstrapGroupIndex=0, bootstrapGlobalIndex=0
  INFO root [2019-09-16 22:21:54,016] - TelnetServer server is running on port 32000
  INFO root [2019-09-16 22:21:54,016] - Dbmgr::initInterfacesHandler: interfaces addr(127.0.0.1:30099), accountType:(interfaces), chargeType:(interfaces).
  WARN root [2019-09-16 22:21:54,297] - DBUtil::initialize: db(default) password is not encrypted!
please use password(rsa):
2E6700400BA4994E678D8D818BFBC4FEBA5EC2DCF9E46537585D3D3D7BD6C08C49C97098338E12259DA88C07C9B8D6C72575608808D5DF35494F79248B29D444C8D30E393F2FD3BFC6D331DDF87A7A1A32A556CE36078DED1A72647403F8538375934C283A35422C8676F6DCF4610AC7E641D41A27855C1678CE93D7703D6EEA
 DEBUG root [2019-09-16 22:21:54,297] - DBInterfaceMysql::attach: connect: localhost:3306 starting...
 DEBUG root [2019-09-16 22:21:54,438] - DBInterfaceMysql::attach: successfully! addr: localhost:3306
  INFO root [2019-09-16 22:21:54,438] - DBUtil::createInterface[0x14ff010]: interface=default, dbtype=mysql, ip=localhost, port=3306, currdatabase=kbe, username=kbe, connected=yes.

  INFO root [2019-09-16 22:21:54,438] - ThreadPool::createThreadPool: creating  threadpool...
  INFO root [2019-09-16 22:21:54,438] - ThreadPool::createThreadPool: successfully(5), newThreadCount=5, normalMaxThreadCount=5, maxThreadCount=5
 DEBUG root [2019-09-16 22:21:54,438] - DBInterfaceMysql::attach: connect: localhost:3306 starting...
 DEBUG root [2019-09-16 22:21:54,438] - DBInterfaceMysql::attach: connect: localhost:3306 starting...
 DEBUG root [2019-09-16 22:21:54,438] - DBInterfaceMysql::attach: connect: localhost:3306 starting...
 DEBUG root [2019-09-16 22:21:54,438] - DBInterfaceMysql::attach: connect: localhost:3306 starting...
 DEBUG root [2019-09-16 22:21:54,438] - DBInterfaceMysql::attach: connect: localhost:3306 starting...
 DEBUG root [2019-09-16 22:21:54,532] - DBInterfaceMysql::attach: successfully! addr: localhost:3306
 DEBUG root [2019-09-16 22:21:54,532] - DBThread::onStart(): 0x18bdf78!
 DEBUG root [2019-09-16 22:21:54,579] - DBInterfaceMysql::attach: successfully! addr: localhost:3306
 DEBUG root [2019-09-16 22:21:54,579] - DBThread::onStart(): 0x18bdab0!
  INFO root [2019-09-16 22:21:54,579] - DBInterfaceMysql::query: successfully!
 DEBUG root [2019-09-16 22:21:54,719] - DBInterfaceMysql::attach: successfully! addr: localhost:3306
 DEBUG root [2019-09-16 22:21:54,719] - DBThread::onStart(): 0x18bda28!
  INFO root [2019-09-16 22:21:54,766] - DBInterfaceMysql::query: successfully!
  INFO root [2019-09-16 22:21:54,782] - DBInterfaceMysql::query: successfully!
  INFO root [2019-09-16 22:21:54,782] - DBInterfaceMysql::query: successfully!
  INFO root [2019-09-16 22:21:54,782] - DBInterfaceMysql::query: successfully!
  INFO root [2019-09-16 22:21:54,782] - DBInterfaceMysql::query: successfully!
 DEBUG root [2019-09-16 22:21:54,844] - DBInterfaceMysql::attach: successfully! addr: localhost:3306
 DEBUG root [2019-09-16 22:21:54,844] - DBThread::onStart(): 0x18be000!
  WARN root [2019-09-16 22:21:54,860] - DBTask::process(): took 0.28 seconds
sql:(insert into kbe_serverlog (heartbeatTime, serverGroupID) values(1568643714,2082) ON DUPLICATE KEY UPDATE heartbeatTime=1568643714)
 DEBUG root [2019-09-16 22:21:54,922] - DBInterfaceMysql::attach: successfully! addr: localhost:3306
 DEBUG root [2019-09-16 22:21:54,922] - DBThread::onStart(): 0x18bdde0!
  INFO root [2019-09-16 22:21:54,985] - DBInterfaceMysql::query: successfully!
  INFO root [2019-09-16 22:21:54,985] - DBInterfaceMysql::query: successfully!
  INFO root [2019-09-16 22:21:54,985] - DBInterfaceMysql::query: successfully!
  WARN root [2019-09-16 22:21:54,985] - DBTask::process(): took 0.26 seconds
sql:(select distinct(serverGroupID) from kbe_entitylog)
  WARN root [2019-09-16 22:21:54,985] - DBTask::process(): took 0.20 seconds
sql:(show index from tbl_Account_friendList)
  WARN root [2019-09-16 22:21:55,078] - d:\kbengine\kbe\src\server\dbmgr\dbmgr.cpp:306: Profile scriptCall took 1.06 seconds
  INFO root [2019-09-16 22:21:55,438] - ---- dbmgr is running ----
 DEBUG root [2019-09-16 22:21:55,438] - Components::process(): Request for the process of identity...
  INFO root [2019-09-16 22:22:01,733] - ServerApp::onRegisterNewApp: uid:2082, username:error_name, componentType:interfaces, componentID:3000, globalorderID=-1, grouporderID=-1, intaddr:192.168.56.1, intport:30099, extaddr:nonsupport, extport:0,  from 127.0.0.1:30099/0/0/0.
  INFO root [2019-09-16 22:22:01,733] - Components::addComponent: reset orderLog, uid=2082!
  INFO root [2019-09-16 22:22:01,733] - Components::addComponent[interfaces], uid=2082, componentID=3000, globalorderid=1, grouporderid=1, totalcount=1
  INFO root [2019-09-16 22:24:51,406] - 
  INFO root [2019-09-16 22:24:51,422] - -----------------------------------------------------------------------------------------


  INFO root [2019-09-16 22:24:51,422] - Resmgr::initialize: KBE_ROOT=D:/kbengine/
  INFO root [2019-09-16 22:24:51,422] - Resmgr::initialize: KBE_RES_PATH=D:/kbengine/kbe/res/;D:/kbengine/HappyPoker_assets/;D:/kbengine/HappyPoker_assets/scripts/;D:/kbengine/HappyPoker_assets/res/
  INFO root [2019-09-16 22:24:51,422] - Resmgr::initialize: KBE_BIN_PATH=D:/kbengine/kbe/bin/server/
  INFO root [2019-09-16 22:24:51,438] - NetworkInterface::initialize(INTERNAL-TCP): bound to all interfaces with default route interface on 192.168.56.1 ( 192.168.56.1:54621 )
  INFO root [2019-09-16 22:24:51,438] - NetworkInterface::initialize(INTERNAL-TCP): address 192.168.56.1:54621, SOMAXCONN=5.
  INFO root [2019-09-16 22:24:51,438] - server-configs:
  INFO root [2019-09-16 22:24:51,438] - 	internalTcpAddr : 192.168.56.1:54621
  INFO root [2019-09-16 22:24:51,438] - 	componentID : 4000
  WARN root [2019-09-16 22:24:51,453] - invalid UID(0) <= 0, please check UID for environment! automatically set to 2082.
  INFO root [2019-09-16 22:24:52,969] - ---- dbmgr Version: 2.4.5. ScriptVersion: 0.1.0. Pythoncore: 3.7.3. Protocol: 11178A1C367680938C8E416B64844ACD. Config: Debug X86. Built: 09:55:16 May  8 2019. AppID: 4000. UID: 2082. PID: 20972 ----
  INFO root [2019-09-16 22:24:52,969] - Server error_name: Intel(R) Core(TM) i5-6300HQ CPU @ 2.30GHz with 2097151kB RAM
  INFO root [2019-09-16 22:24:52,969] - ThreadPool::createThreadPool: creating  threadpool...
  INFO root [2019-09-16 22:24:52,969] - ThreadPool::createThreadPool: successfully(2), newThreadCount=1, normalMaxThreadCount=2, maxThreadCount=8
  INFO root [2019-09-16 22:24:53,156] - Script::install(): is successfully, Python=(3.7.3 (default, May  8 2019, 09:53:38) [MSC v.1916 32 bit (Intel)])!
  INFO root [2019-09-16 22:24:53,156] - Script::install(): KBExtra is successfully!
  INFO root [2019-09-16 22:24:53,344] - Dbmgr::initializeEnd: digest(B91EBE6B591F8BEB2E04FAF8BE8B7B2F)
S_INFO root [2019-09-16 22:24:53,344] - onDBMgrReady: bootstrapGroupIndex=0, bootstrapGlobalIndex=0
  INFO root [2019-09-16 22:24:53,344] - TelnetServer server is running on port 32000
  INFO root [2019-09-16 22:24:53,344] - Dbmgr::initInterfacesHandler: interfaces addr(127.0.0.1:30099), accountType:(interfaces), chargeType:(interfaces).
  WARN root [2019-09-16 22:24:53,609] - DBUtil::initialize: db(default) password is not encrypted!
please use password(rsa):
3636129FCA80195D5EC8639132FC1679629CF59AB039ED1C8FB8CF250F728F8F7047EDA794E7BC6A9EA2D20CF831B0ED42547B20734D7DC1F9BFAD28E8189A82C73110DB49ED562BDB191745C2EADC66A85A7D5F2007AA3F887AD895B53B420CE89F8CB050DBABFF76574C65837583F20369296F57784ADD34238070E8AA6DB7
 DEBUG root [2019-09-16 22:24:53,609] - DBInterfaceMysql::attach: connect: localhost:3306 starting...
 DEBUG root [2019-09-16 22:24:53,797] - DBInterfaceMysql::attach: successfully! addr: localhost:3306
  INFO root [2019-09-16 22:24:53,797] - DBUtil::createInterface[0x14fec60]: interface=default, dbtype=mysql, ip=localhost, port=3306, currdatabase=kbe, username=kbe, connected=yes.

  INFO root [2019-09-16 22:24:53,797] - ThreadPool::createThreadPool: creating  threadpool...
  INFO root [2019-09-16 22:24:53,797] - ThreadPool::createThreadPool: successfully(5), newThreadCount=5, normalMaxThreadCount=5, maxThreadCount=5
 DEBUG root [2019-09-16 22:24:53,797] - DBInterfaceMysql::attach: connect: localhost:3306 starting...
 DEBUG root [2019-09-16 22:24:53,797] - DBInterfaceMysql::attach: connect: localhost:3306 starting...
 DEBUG root [2019-09-16 22:24:53,812] - DBInterfaceMysql::attach: connect: localhost:3306 starting...
 DEBUG root [2019-09-16 22:24:53,812] - DBInterfaceMysql::attach: connect: localhost:3306 starting...
 DEBUG root [2019-09-16 22:24:53,812] - DBInterfaceMysql::attach: connect: localhost:3306 starting...
 DEBUG root [2019-09-16 22:24:53,875] - DBInterfaceMysql::attach: successfully! addr: localhost:3306
 DEBUG root [2019-09-16 22:24:53,875] - DBThread::onStart(): 0x18a10b0!
 DEBUG root [2019-09-16 22:24:53,968] - DBInterfaceMysql::attach: successfully! addr: localhost:3306
 DEBUG root [2019-09-16 22:24:53,968] - DBThread::onStart(): 0x18a11c0!
 DEBUG root [2019-09-16 22:24:54,047] - DBInterfaceMysql::attach: successfully! addr: localhost:3306
 DEBUG root [2019-09-16 22:24:54,047] - DBThread::onStart(): 0x18a1248!
 DEBUG root [2019-09-16 22:24:54,140] - DBInterfaceMysql::attach: successfully! addr: localhost:3306
 DEBUG root [2019-09-16 22:24:54,140] - DBThread::onStart(): 0x18a12d0!
 DEBUG root [2019-09-16 22:24:54,265] - DBInterfaceMysql::attach: successfully! addr: localhost:3306
 DEBUG root [2019-09-16 22:24:54,265] - DBThread::onStart(): 0x18a1358!
  INFO root [2019-09-16 22:24:54,265] - DBInterfaceMysql::query: successfully!
  INFO root [2019-09-16 22:24:54,328] - DBInterfaceMysql::query: successfully!
  INFO root [2019-09-16 22:24:54,359] - DBInterfaceMysql::query: successfully!
  INFO root [2019-09-16 22:24:54,359] - DBInterfaceMysql::query: successfully!
  INFO root [2019-09-16 22:24:54,359] - DBInterfaceMysql::query: successfully!
  INFO root [2019-09-16 22:24:54,359] - DBInterfaceMysql::query: successfully!
  INFO root [2019-09-16 22:24:54,359] - DBInterfaceMysql::query: successfully!
  INFO root [2019-09-16 22:24:54,359] - DBInterfaceMysql::query: successfully!
  INFO root [2019-09-16 22:24:54,359] - DBInterfaceMysql::query: successfully!
 DEBUG root [2019-09-16 22:24:54,437] - syncToDB(): Account->sm_0_position(float not null DEFAULT 0).
 DEBUG root [2019-09-16 22:24:54,923] - syncToDB(): Account->sm_1_position(float not null DEFAULT 0).
 DEBUG root [2019-09-16 22:24:55,384] - syncToDB(): Account->sm_2_position(float not null DEFAULT 0).
 DEBUG root [2019-09-16 22:24:55,876] - syncToDB(): Account->sm_0_direction(float not null DEFAULT 0).
 DEBUG root [2019-09-16 22:24:56,357] - syncToDB(): Account->sm_1_direction(float not null DEFAULT 0).
 DEBUG root [2019-09-16 22:24:57,139] - syncToDB(): Account->sm_2_direction(float not null DEFAULT 0).
  WARN root [2019-09-16 22:24:57,592] - DBTask::process(): took 3.23 seconds
sql:(show index from tbl_Account)
  WARN root [2019-09-16 22:24:57,624] - d:\kbengine\kbe\src\server\dbmgr\dbmgr.cpp:306: Profile scriptCall took 4.27 seconds
  INFO root [2019-09-16 22:24:57,952] - ---- dbmgr is running ----
 DEBUG root [2019-09-16 22:24:57,952] - Components::process(): Request for the process of identity...
  INFO root [2019-09-16 22:25:04,219] - ServerApp::onRegisterNewApp: uid:2082, username:error_name, componentType:interfaces, componentID:3000, globalorderID=-1, grouporderID=-1, intaddr:192.168.56.1, intport:30099, extaddr:nonsupport, extport:0,  from 127.0.0.1:30099/0/0/0.
  INFO root [2019-09-16 22:25:04,219] - Components::addComponent: reset orderLog, uid=2082!
  INFO root [2019-09-16 22:25:04,219] - Components::addComponent[interfaces], uid=2082, componentID=3000, globalorderid=1, grouporderid=1, totalcount=1
  INFO root [2019-09-16 22:25:04,219] - ServerApp::onRegisterNewApp: uid:2082, username:error_name, componentType:baseappmgr, componentID:5000, globalorderID=-1, grouporderID=-1, intaddr:192.168.56.1, intport:54622, extaddr:nonsupport, extport:0,  from 192.168.56.1:54638/0/0/0.
  INFO root [2019-09-16 22:25:04,219] - Components::addComponent: reset orderLog, uid=2082!
  INFO root [2019-09-16 22:25:04,219] - Components::addComponent[baseappmgr], uid=2082, componentID=5000, globalorderid=1, grouporderid=1, totalcount=1
  INFO root [2019-09-16 22:25:04,813] - ServerApp::onRegisterNewApp: uid:2082, username:error_name, componentType:cellappmgr, componentID:6000, globalorderID=-1, grouporderID=-1, intaddr:192.168.56.1, intport:54619, extaddr:nonsupport, extport:0,  from 192.168.56.1:54642/0/0/0.
  INFO root [2019-09-16 22:25:04,813] - Components::addComponent[cellappmgr], uid=2082, componentID=6000, globalorderid=2, grouporderid=1, totalcount=1
  INFO root [2019-09-16 22:25:05,235] - Components::findComponents: find logger(1)...
  INFO root [2019-09-16 22:25:05,250] - Components::findComponents: found logger, addr:192.168.56.1:54618
  INFO root [2019-09-16 22:25:05,250] - Components::addComponent[logger], uid=2082, componentID=2000, globalorderid=3, grouporderid=1, totalcount=1
  WARN root [2019-09-16 22:25:05,250] - Forwarding logs to logger[192.168.56.1:54618/0/0/0]...
 ERROR root [2019-09-16 22:26:16,875] - Components::removeComponentByChannel: logger : 2000, Abnormal exit(reason=TCPPacketReceiver::processRecv(): error=10054
)! Channel(timestamp=280127126731, lastReceivedTime=280069655405, inactivityExceptionPeriod=134884927)
  INFO root [2019-09-16 22:26:16,891] - The following logs sent to logger failed:
  WARN root [2019-09-16 22:26:16,891] - ==> [2019-09-16 22:26:16 886] TCPPacketReceiver::processPendingEvents(192.168.56.1:54618): Throwing REASON_GENERAL_NETWORK - WSAECONNRESET
 ERROR root [2019-09-16 22:26:16,891] - ==> [2019-09-16 22:26:16 891] Components::removeComponentByChannel: logger : 2000, Abnormal exit(reason=TCPPacketReceiver::processRecv(): error=10054
)! Channel(timestamp=280127126731, lastReceivedTime=280069655405, inactivityExceptionPeriod=134884927)
  INFO root [2019-09-16 22:36:43,971] - 
  INFO root [2019-09-16 22:36:43,971] - -----------------------------------------------------------------------------------------


  INFO root [2019-09-16 22:36:43,971] - Resmgr::initialize: KBE_ROOT=D:/kbengine/
  INFO root [2019-09-16 22:36:43,971] - Resmgr::initialize: KBE_RES_PATH=D:/kbengine/kbe/res/;D:/kbengine/HappyPoker_assets/;D:/kbengine/HappyPoker_assets/scripts/;D:/kbengine/HappyPoker_assets/res/
  INFO root [2019-09-16 22:36:43,971] - Resmgr::initialize: KBE_BIN_PATH=D:/kbengine/kbe/bin/server/
  INFO root [2019-09-16 22:36:43,986] - NetworkInterface::initialize(INTERNAL-TCP): bound to all interfaces with default route interface on 192.168.56.1 ( 192.168.56.1:54808 )
  INFO root [2019-09-16 22:36:43,986] - NetworkInterface::initialize(INTERNAL-TCP): address 192.168.56.1:54808, SOMAXCONN=5.
  INFO root [2019-09-16 22:36:43,986] - server-configs:
  INFO root [2019-09-16 22:36:43,986] - 	internalTcpAddr : 192.168.56.1:54808
  INFO root [2019-09-16 22:36:43,986] - 	componentID : 4000
  WARN root [2019-09-16 22:36:43,986] - invalid UID(0) <= 0, please check UID for environment! automatically set to 2082.
  INFO root [2019-09-16 22:36:45,505] - ---- dbmgr Version: 2.4.5. ScriptVersion: 0.1.0. Pythoncore: 3.7.3. Protocol: 11178A1C367680938C8E416B64844ACD. Config: Debug X86. Built: 09:55:16 May  8 2019. AppID: 4000. UID: 2082. PID: 19080 ----
  INFO root [2019-09-16 22:36:45,506] - Server error_name: Intel(R) Core(TM) i5-6300HQ CPU @ 2.30GHz with 2097151kB RAM
  INFO root [2019-09-16 22:36:45,507] - ThreadPool::createThreadPool: creating  threadpool...
  INFO root [2019-09-16 22:36:45,507] - ThreadPool::createThreadPool: successfully(2), newThreadCount=1, normalMaxThreadCount=2, maxThreadCount=8
  INFO root [2019-09-16 22:36:45,694] - Script::install(): is successfully, Python=(3.7.3 (default, May  8 2019, 09:53:38) [MSC v.1916 32 bit (Intel)])!
  INFO root [2019-09-16 22:36:45,694] - Script::install(): KBExtra is successfully!
  INFO root [2019-09-16 22:36:45,876] - Dbmgr::initializeEnd: digest(B91EBE6B591F8BEB2E04FAF8BE8B7B2F)
S_INFO root [2019-09-16 22:36:45,877] - onDBMgrReady: bootstrapGroupIndex=0, bootstrapGlobalIndex=0
  INFO root [2019-09-16 22:36:45,877] - TelnetServer server is running on port 32000
  INFO root [2019-09-16 22:36:45,878] - Dbmgr::initInterfacesHandler: interfaces addr(127.0.0.1:30099), accountType:(interfaces), chargeType:(interfaces).
  WARN root [2019-09-16 22:36:46,161] - DBUtil::initialize: db(default) password is not encrypted!
please use password(rsa):
C81F53B5C5D6CDE74C3FF78214FF11993BD73D3116FA290C73BDA2417964A0DE71AD396231A1B0C3D7BB2DB32C1422BB299CA64F6489BE781779D8E376C4FFFC3E97F4897EB3DD018CA7CDDA1DFB2A1E80F8116FBD38FA52CDBD716B82338D90FC47C6BC2F3BB1E3B22B0C0B3BC9A448F88531A337C150655985A7840259251F
 DEBUG root [2019-09-16 22:36:46,165] - DBInterfaceMysql::attach: connect: localhost:3306 starting...
 DEBUG root [2019-09-16 22:36:46,275] - DBInterfaceMysql::attach: successfully! addr: localhost:3306
  INFO root [2019-09-16 22:36:46,276] - DBUtil::createInterface[0x14ff178]: interface=default, dbtype=mysql, ip=localhost, port=3306, currdatabase=kbe, username=kbe, connected=yes.

  INFO root [2019-09-16 22:36:46,276] - ThreadPool::createThreadPool: creating  threadpool...
  INFO root [2019-09-16 22:36:46,276] - ThreadPool::createThreadPool: successfully(5), newThreadCount=5, normalMaxThreadCount=5, maxThreadCount=5
 DEBUG root [2019-09-16 22:36:46,276] - DBInterfaceMysql::attach: connect: localhost:3306 starting...
 DEBUG root [2019-09-16 22:36:46,277] - DBInterfaceMysql::attach: connect: localhost:3306 starting...
 DEBUG root [2019-09-16 22:36:46,280] - DBInterfaceMysql::attach: connect: localhost:3306 starting...
 DEBUG root [2019-09-16 22:36:46,288] - DBInterfaceMysql::attach: connect: localhost:3306 starting...
 DEBUG root [2019-09-16 22:36:46,293] - DBInterfaceMysql::attach: connect: localhost:3306 starting...
 DEBUG root [2019-09-16 22:36:46,370] - DBInterfaceMysql::attach: successfully! addr: localhost:3306
 DEBUG root [2019-09-16 22:36:46,370] - DBThread::onStart(): 0x18fe208!
 DEBUG root [2019-09-16 22:36:46,448] - DBInterfaceMysql::attach: successfully! addr: localhost:3306
 DEBUG root [2019-09-16 22:36:46,448] - DBThread::onStart(): 0x18fe868!
  INFO root [2019-09-16 22:36:46,502] - DBInterfaceMysql::query: successfully!
 DEBUG root [2019-09-16 22:36:46,647] - DBInterfaceMysql::attach: successfully! addr: localhost:3306
 DEBUG root [2019-09-16 22:36:46,647] - DBThread::onStart(): 0x18fe8f0!
 DEBUG root [2019-09-16 22:36:46,806] - DBInterfaceMysql::attach: successfully! addr: localhost:3306
 DEBUG root [2019-09-16 22:36:46,806] - DBThread::onStart(): 0x18fe428!
  INFO root [2019-09-16 22:36:46,896] - DBInterfaceMysql::query: successfully!
  WARN root [2019-09-16 22:36:46,897] - DBTask::process(): took 0.36 seconds
sql:(CREATE TABLE IF NOT EXISTS kbe_accountinfos (`accountName` varchar(128) not null, PRIMARY KEY idKey (`accountName`),`password` varchar(255) not null,`bindata` blob,`email` varchar(191) not null, UNIQUE KEY `email` (`email`),`entityDBID` bigint(20) unsigned not null DEFAULT 0, UNIQUE KEY `entityDBID` (`entityDBID`),`flags` int unsigned not null DEFAULT 0,`deadline` bigint(20) not null DEFAULT 0,`regtime` bigint(20) not null DEFAULT 0,`lasttime` bigint(20) not null DEFAULT 0,`numlogin` int unsigned not null DEFAULT 0)ENGINE=InnoDB)
  INFO root [2019-09-16 22:36:46,938] - DBInterfaceMysql::query: successfully!
  INFO root [2019-09-16 22:36:46,938] - DBInterfaceMysql::query: successfully!
  INFO root [2019-09-16 22:36:47,005] - DBInterfaceMysql::query: successfully!
 DEBUG root [2019-09-16 22:36:47,005] - DBInterfaceMysql::attach: successfully! addr: localhost:3306
 DEBUG root [2019-09-16 22:36:47,005] - DBThread::onStart(): 0x18feb10!
  WARN root [2019-09-16 22:36:47,005] - DBTask::process(): took 0.48 seconds
sql:(select distinct(serverGroupID) from kbe_entitylog)
  WARN root [2019-09-16 22:36:47,051] - DBTask::process(): took 0.41 seconds
sql:(insert into kbe_serverlog (heartbeatTime, serverGroupID) values(1568644606,2082) ON DUPLICATE KEY UPDATE heartbeatTime=1568644606)
  INFO root [2019-09-16 22:36:47,067] - DBInterfaceMysql::query: successfully!
  WARN root [2019-09-16 22:36:47,083] - DBTask::process(): took 0.28 seconds
sql:(show index from tbl_Friend)
  INFO root [2019-09-16 22:36:47,098] - DBInterfaceMysql::query: successfully!
  INFO root [2019-09-16 22:36:47,098] - DBInterfaceMysql::query: successfully!
  INFO root [2019-09-16 22:36:47,098] - DBInterfaceMysql::query: successfully!
  WARN root [2019-09-16 22:36:47,192] - d:\kbengine\kbe\src\server\dbmgr\dbmgr.cpp:306: Profile scriptCall took 1.32 seconds
  INFO root [2019-09-16 22:36:47,551] - ---- dbmgr is running ----
 DEBUG root [2019-09-16 22:36:47,551] - Components::process(): Request for the process of identity...
  INFO root [2019-09-16 22:36:53,831] - ServerApp::onRegisterNewApp: uid:2082, username:error_name, componentType:interfaces, componentID:3000, globalorderID=-1, grouporderID=-1, intaddr:192.168.56.1, intport:30099, extaddr:nonsupport, extport:0,  from 127.0.0.1:30099/0/0/0.
  INFO root [2019-09-16 22:36:53,831] - Components::addComponent: reset orderLog, uid=2082!
  INFO root [2019-09-16 22:36:53,831] - Components::addComponent[interfaces], uid=2082, componentID=3000, globalorderid=1, grouporderid=1, totalcount=1
  INFO root [2019-09-16 22:36:54,847] - Components::findComponents: find logger(1)...
  INFO root [2019-09-16 22:36:54,878] - Components::findComponents: found logger, addr:192.168.56.1:54810
  INFO root [2019-09-16 22:36:54,878] - Components::addComponent: reset orderLog, uid=2082!
  INFO root [2019-09-16 22:36:54,878] - Components::addComponent[logger], uid=2082, componentID=2000, globalorderid=1, grouporderid=1, totalcount=1
  WARN root [2019-09-16 22:36:54,893] - Forwarding logs to logger[192.168.56.1:54810/0/0/0]...
 ERROR root [2019-09-16 22:36:55,378] - Components::removeComponentByChannel: logger : 2000, Abnormal exit(reason=TCPPacketReceiver::processRecv(): error=10054
)! Channel(timestamp=281563745131, lastReceivedTime=281562604366, inactivityExceptionPeriod=134882768)
  INFO root [2019-09-16 22:36:55,378] - The following logs sent to logger failed:
  WARN root [2019-09-16 22:36:55,378] - ==> [2019-09-16 22:36:55 387] TCPPacketReceiver::processPendingEvents(192.168.56.1:54810): Throwing REASON_GENERAL_NETWORK - WSAECONNRESET
 ERROR root [2019-09-16 22:36:55,378] - ==> [2019-09-16 22:36:55 390] Components::removeComponentByChannel: logger : 2000, Abnormal exit(reason=TCPPacketReceiver::processRecv(): error=10054
)! Channel(timestamp=281563745131, lastReceivedTime=281562604366, inactivityExceptionPeriod=134882768)
