  INFO root [2019-06-19 19:33:00,051] - 
  INFO root [2019-06-19 19:33:00,051] - -----------------------------------------------------------------------------------------


  INFO root [2019-06-19 19:33:00,051] - Resmgr::initialize: KBE_ROOT=D:/kbengine/
  INFO root [2019-06-19 19:33:00,051] - Resmgr::initialize: KBE_RES_PATH=D:/kbengine/kbe/res/;D:/kbengine/HappyPoker_assets/;D:/kbengine/HappyPoker_assets/scripts/;D:/kbengine/HappyPoker_assets/res/
  INFO root [2019-06-19 19:33:00,051] - Resmgr::initialize: KBE_BIN_PATH=D:/kbengine/kbe/bin/server/
  INFO root [2019-06-19 19:33:00,078] - NetworkInterface::initialize(INTERNAL-TCP): bound to all interfaces with default route interface on 192.168.56.1 ( 192.168.56.1:49803 )
  INFO root [2019-06-19 19:33:00,082] - NetworkInterface::initialize(INTERNAL-TCP): address 192.168.56.1:49803, SOMAXCONN=5.
  INFO root [2019-06-19 19:33:00,082] - server-configs:
  INFO root [2019-06-19 19:33:00,082] - 	internalTcpAddr : 192.168.56.1:49803
  INFO root [2019-06-19 19:33:00,082] - 	componentID : 4000
  WARN root [2019-06-19 19:33:00,082] - invalid UID(0) <= 0, please check UID for environment! automatically set to 3960.
  INFO root [2019-06-19 19:33:01,598] - ---- dbmgr Version: 2.4.5. ScriptVersion: 0.1.0. Pythoncore: 3.7.3. Protocol: 11178A1C367680938C8E416B64844ACD. Config: Debug X86. Built: 09:55:16 May  8 2019. AppID: 4000. UID: 3960. PID: 4184 ----
  INFO root [2019-06-19 19:33:01,598] - Server error_name: Intel(R) Core(TM) i5-6300HQ CPU @ 2.30GHz with 2097151kB RAM
  INFO root [2019-06-19 19:33:01,598] - ThreadPool::createThreadPool: creating  threadpool...
  INFO root [2019-06-19 19:33:01,598] - ThreadPool::createThreadPool: successfully(2), newThreadCount=1, normalMaxThreadCount=2, maxThreadCount=8
  INFO root [2019-06-19 19:33:01,807] - Script::install(): is successfully, Python=(3.7.3 (default, May  8 2019, 09:53:38) [MSC v.1916 32 bit (Intel)])!
  INFO root [2019-06-19 19:33:01,807] - Script::install(): KBExtra is successfully!
 ERROR root [2019-06-19 19:33:01,886] - app::initialize(): initialization failed!
  INFO root [2019-06-19 19:33:01,889] - Script::uninstall(): is successfully!
 DEBUG root [2019-06-19 19:33:01,889] - ThreadPool::destroy(): starting size 2.
  WARN root [2019-06-19 19:33:02,208] - ThreadPool::destroy(): waiting for thread(2)[0x2548c0,0x254b30,], try=1
 DEBUG root [2019-06-19 19:33:02,648] - TPThread::~TPThread(): 0x2548c0
 DEBUG root [2019-06-19 19:33:02,648] - TPThread::~TPThread(): 0x254b30
 DEBUG root [2019-06-19 19:33:02,648] - ThreadPool::destroy(): successfully!
 DEBUG root [2019-06-19 19:33:02,657] - Bundle::destroyObjPool(): size 9.
 DEBUG root [2019-06-19 19:33:02,657] - Channel::destroyObjPool(): size 0.
 DEBUG root [2019-06-19 19:33:02,678] - TCPPacket::destroyObjPool(): size 0.
 DEBUG root [2019-06-19 19:33:02,678] - UDPPacket::destroyObjPool(): size 14.
 DEBUG root [2019-06-19 19:33:02,678] - EndPoint::destroyObjPool(): size 0.
 DEBUG root [2019-06-19 19:33:02,678] - Address::destroyObjPool(): size 0.
 DEBUG root [2019-06-19 19:33:02,678] - TCPPacketReceiver::destroyObjPool(): size 0.
 DEBUG root [2019-06-19 19:33:02,678] - UDPPacketReceiver::destroyObjPool(): size 0.
  INFO root [2019-06-19 19:33:09,526] - EventDispatcher()::~EventDispatcher: Num timers = 1
