  INFO root [2019-06-01 10:23:14,175] - 
  INFO root [2019-06-01 10:23:14,175] - -----------------------------------------------------------------------------------------


  INFO root [2019-06-01 10:23:14,198] - Resmgr::initialize: KBE_ROOT=D:/kbengine/
  INFO root [2019-06-01 10:23:14,198] - Resmgr::initialize: KBE_RES_PATH=D:/kbengine/kbe/res/;D:/kbengine/HappyPoker_assets/;D:/kbengine/HappyPoker_assets/scripts/;D:/kbengine/HappyPoker_assets/res/
  INFO root [2019-06-01 10:23:14,198] - Resmgr::initialize: KBE_BIN_PATH=D:/kbengine/kbe/bin/server/
  INFO root [2019-06-01 10:23:14,247] - NetworkInterface::initialize(INTERNAL-TCP): bound to all interfaces with default route interface on 192.168.56.1 ( 192.168.56.1:59695 )
  INFO root [2019-06-01 10:23:14,248] - NetworkInterface::initialize(INTERNAL-TCP): address 192.168.56.1:59695, SOMAXCONN=5.
  INFO root [2019-06-01 10:23:14,248] - server-configs:
  INFO root [2019-06-01 10:23:14,248] - 	internalTcpAddr : 192.168.56.1:59695
  INFO root [2019-06-01 10:23:14,248] - 	componentID : 4000
  WARN root [2019-06-01 10:23:14,249] - invalid UID(0) <= 0, please check UID for environment! automatically set to 3960.
  INFO root [2019-06-01 10:23:14,285] - Components::findLogger: found logger, addr:192.168.56.1:59692
  INFO root [2019-06-01 10:23:14,287] - Components::addComponent: reset orderLog, uid=3960!
  INFO root [2019-06-01 10:23:14,287] - Components::addComponent[logger], uid=3960, componentID=2000, globalorderid=1, grouporderid=1, totalcount=1
  INFO root [2019-06-01 10:23:14,298] - ---- dbmgr Version: 2.4.5. ScriptVersion: 0.1.0. Pythoncore: 3.7.3. Protocol: 11178A1C367680938C8E416B64844ACD. Config: Debug X86. Built: 09:55:16 May  8 2019. AppID: 4000. UID: 3960. PID: 16496 ----
  INFO root [2019-06-01 10:23:14,299] - Server error_name: Intel(R) Core(TM) i5-6300HQ CPU @ 2.30GHz with 2097151kB RAM
  INFO root [2019-06-01 10:23:14,300] - ThreadPool::createThreadPool: creating  threadpool...
  INFO root [2019-06-01 10:23:14,300] - ThreadPool::createThreadPool: successfully(2), newThreadCount=1, normalMaxThreadCount=2, maxThreadCount=8
  INFO root [2019-06-01 10:23:14,549] - Script::install(): is successfully, Python=(3.7.3 (default, May  8 2019, 09:53:38) [MSC v.1916 32 bit (Intel)])!
  INFO root [2019-06-01 10:23:14,549] - Script::install(): KBExtra is successfully!
  INFO root [2019-06-01 10:23:14,780] - Dbmgr::initializeEnd: digest(C8D13A13DF08B289580B7BCE6769C6A0)
S_INFO root [2019-06-01 10:23:14,780] - onDBMgrReady: bootstrapGroupIndex=0, bootstrapGlobalIndex=0
  INFO root [2019-06-01 10:23:14,805] - TelnetServer server is running on port 32000
  INFO root [2019-06-01 10:23:14,805] - Dbmgr::initInterfacesHandler: interfaces addr(127.0.0.1:30099), accountType:(interfaces), chargeType:(interfaces).
  WARN root [2019-06-01 10:23:15,047] - DBUtil::initialize: db(default) password is not encrypted!
please use password(rsa):
24982E6FEA6D573C0999F210CA0E0A7EBF88FB6A749E3E9FE9920F504633D089846155FB60FC5382ED48BEB7FEC2BDACC28DDD7CCE67EE8B8F4AD58FD2AC5EA844CA0222A9E791697DAC71EAC12161C2DAAC1D0428E904EBB19C629943E16EE34F43CE0AA76659E92B2E15C64B93D564C5585C78FAAD01DAFE3932505E8804EF
 DEBUG root [2019-06-01 10:23:15,109] - DBInterfaceMysql::attach: connect: localhost:3306 starting...
 DEBUG root [2019-06-01 10:23:16,855] - DBInterfaceMysql::attach: successfully! addr: localhost:3306
  INFO root [2019-06-01 10:23:16,855] - DBUtil::createInterface[0x14fed1c]: interface=default, dbtype=mysql, ip=localhost, port=3306, currdatabase=kbe, username=kbe, connected=yes.

  INFO root [2019-06-01 10:23:16,944] - ThreadPool::createThreadPool: creating  threadpool...
  INFO root [2019-06-01 10:23:16,944] - ThreadPool::createThreadPool: successfully(5), newThreadCount=5, normalMaxThreadCount=5, maxThreadCount=5
 DEBUG root [2019-06-01 10:23:16,944] - DBInterfaceMysql::attach: connect: localhost:3306 starting...
 DEBUG root [2019-06-01 10:23:16,944] - DBInterfaceMysql::attach: connect: localhost:3306 starting...
 DEBUG root [2019-06-01 10:23:16,945] - DBInterfaceMysql::attach: connect: localhost:3306 starting...
 DEBUG root [2019-06-01 10:23:16,945] - DBInterfaceMysql::attach: connect: localhost:3306 starting...
 DEBUG root [2019-06-01 10:23:16,945] - DBInterfaceMysql::attach: connect: localhost:3306 starting...
 DEBUG root [2019-06-01 10:23:17,130] - DBInterfaceMysql::attach: successfully! addr: localhost:3306
 DEBUG root [2019-06-01 10:23:17,131] - DBThread::onStart(): 0x17098c8!
 DEBUG root [2019-06-01 10:23:17,289] - DBInterfaceMysql::attach: successfully! addr: localhost:3306
 DEBUG root [2019-06-01 10:23:17,289] - DBThread::onStart(): 0x1709950!
 DEBUG root [2019-06-01 10:23:17,421] - DBInterfaceMysql::attach: successfully! addr: localhost:3306
 DEBUG root [2019-06-01 10:23:17,421] - DBThread::onStart(): 0x17090d0!
 DEBUG root [2019-06-01 10:23:17,507] - DBInterfaceMysql::attach: successfully! addr: localhost:3306
 DEBUG root [2019-06-01 10:23:17,507] - DBThread::onStart(): 0x1709e18!
 DEBUG root [2019-06-01 10:23:17,588] - DBInterfaceMysql::attach: successfully! addr: localhost:3306
 DEBUG root [2019-06-01 10:23:17,588] - DBThread::onStart(): 0x17097b8!
  INFO root [2019-06-01 10:23:17,857] - DBInterfaceMysql::query: successfully!
  INFO root [2019-06-01 10:23:17,971] - DBInterfaceMysql::query: successfully!
  INFO root [2019-06-01 10:23:17,987] - DBInterfaceMysql::query: successfully!
  INFO root [2019-06-01 10:23:18,021] - DBInterfaceMysql::query: successfully!
  INFO root [2019-06-01 10:23:18,021] - DBInterfaceMysql::query: successfully!
  INFO root [2019-06-01 10:23:18,221] - DBInterfaceMysql::query: successfully!
  INFO root [2019-06-01 10:23:18,222] - DBInterfaceMysql::query: successfully!
  INFO root [2019-06-01 10:23:18,222] - DBInterfaceMysql::query: successfully!
  WARN root [2019-06-01 10:23:18,393] - DBTask::process(): took 0.34 seconds
sql:(delete from kbe_email_verification where logtime<1559352198 and type=3)
  WARN root [2019-06-01 10:23:18,454] - DBTask::process(): took 0.58 seconds
sql:(insert into kbe_serverlog (heartbeatTime, serverGroupID) values(1559355797,3960) ON DUPLICATE KEY UPDATE heartbeatTime=1559355797)
  WARN root [2019-06-01 10:23:18,455] - DBTask::process(): took 0.43 seconds
sql:(show index from tbl_Room)
  WARN root [2019-06-01 10:23:18,455] - DBTask::process(): took 0.58 seconds
sql:(show index from tbl_Account)
  INFO root [2019-06-01 10:23:18,509] - DBInterfaceMysql::query: successfully!
  WARN root [2019-06-01 10:23:18,529] - DBTask::process(): took 0.65 seconds
sql:(select distinct(serverGroupID) from kbe_entitylog)
  WARN root [2019-06-01 10:23:18,639] - DBTask::process(): took 0.25 seconds
sql:(show index from tbl_Hall)
  WARN root [2019-06-01 10:23:18,680] - d:\kbengine\kbe\src\server\dbmgr\dbmgr.cpp:306: Profile scriptCall took 3.90 seconds
  INFO root [2019-06-01 10:23:19,237] - ---- dbmgr is running ----
 DEBUG root [2019-06-01 10:23:19,238] - Components::process(): Request for the process of identity...
  WARN root [2019-06-01 10:23:25,415] - Forwarding logs to logger[192.168.56.1:59692/0/0/0]...
 ERROR root [2019-06-01 10:24:27,979] - Components::removeComponentByChannel: logger : 2000, Abnormal exit(reason=TCPPacketReceiver::processRecv(): error=10054
)! Channel(timestamp=709176949389, lastReceivedTime=709166163940, inactivityExceptionPeriod=134881442)
  INFO root [2019-06-01 10:24:27,980] - The following logs sent to logger failed:
  WARN root [2019-06-01 10:24:27,996] - ==> [2019-06-01 10:24:27 979] TCPPacketReceiver::processPendingEvents(192.168.56.1:59692): Throwing REASON_GENERAL_NETWORK - WSAECONNRESET
 ERROR root [2019-06-01 10:24:27,996] - ==> [2019-06-01 10:24:27 980] Components::removeComponentByChannel: logger : 2000, Abnormal exit(reason=TCPPacketReceiver::processRecv(): error=10054
)! Channel(timestamp=709176949389, lastReceivedTime=709166163940, inactivityExceptionPeriod=134881442)
  INFO root [2019-06-01 10:29:57,554] - 
  INFO root [2019-06-01 10:29:57,555] - -----------------------------------------------------------------------------------------


  INFO root [2019-06-01 10:29:57,556] - Resmgr::initialize: KBE_ROOT=D:/kbengine/
  INFO root [2019-06-01 10:29:57,556] - Resmgr::initialize: KBE_RES_PATH=D:/kbengine/kbe/res/;D:/kbengine/HappyPoker_assets/;D:/kbengine/HappyPoker_assets/scripts/;D:/kbengine/HappyPoker_assets/res/
  INFO root [2019-06-01 10:29:57,556] - Resmgr::initialize: KBE_BIN_PATH=D:/kbengine/kbe/bin/server/
  INFO root [2019-06-01 10:29:57,592] - NetworkInterface::initialize(INTERNAL-TCP): bound to all interfaces with default route interface on 192.168.56.1 ( 192.168.56.1:59732 )
  INFO root [2019-06-01 10:29:57,592] - NetworkInterface::initialize(INTERNAL-TCP): address 192.168.56.1:59732, SOMAXCONN=5.
  INFO root [2019-06-01 10:29:57,592] - server-configs:
  INFO root [2019-06-01 10:29:57,592] - 	internalTcpAddr : 192.168.56.1:59732
  INFO root [2019-06-01 10:29:57,592] - 	componentID : 4000
  WARN root [2019-06-01 10:29:57,596] - invalid UID(0) <= 0, please check UID for environment! automatically set to 3960.
  WARN root [2019-06-01 10:29:58,027] - BundleBroadcast::BundleBroadcast: Cannot bind to port 20917, errorno=10048
  INFO root [2019-06-01 10:29:58,031] - ---- dbmgr Version: 2.4.5. ScriptVersion: 0.1.0. Pythoncore: 3.7.3. Protocol: 11178A1C367680938C8E416B64844ACD. Config: Debug X86. Built: 09:55:16 May  8 2019. AppID: 4000. UID: 3960. PID: 11600 ----
  INFO root [2019-06-01 10:29:58,031] - Server error_name: Intel(R) Core(TM) i5-6300HQ CPU @ 2.30GHz with 2097151kB RAM
  INFO root [2019-06-01 10:29:58,032] - ThreadPool::createThreadPool: creating  threadpool...
  INFO root [2019-06-01 10:29:58,032] - ThreadPool::createThreadPool: successfully(2), newThreadCount=1, normalMaxThreadCount=2, maxThreadCount=8
  INFO root [2019-06-01 10:29:58,239] - Script::install(): is successfully, Python=(3.7.3 (default, May  8 2019, 09:53:38) [MSC v.1916 32 bit (Intel)])!
  INFO root [2019-06-01 10:29:58,239] - Script::install(): KBExtra is successfully!
  INFO root [2019-06-01 10:29:58,451] - Dbmgr::initializeEnd: digest(C8D13A13DF08B289580B7BCE6769C6A0)
S_INFO root [2019-06-01 10:29:58,451] - onDBMgrReady: bootstrapGroupIndex=0, bootstrapGlobalIndex=0
  INFO root [2019-06-01 10:29:58,452] - TelnetServer server is running on port 32000
  INFO root [2019-06-01 10:29:58,453] - Dbmgr::initInterfacesHandler: interfaces addr(127.0.0.1:30099), accountType:(interfaces), chargeType:(interfaces).
  WARN root [2019-06-01 10:29:58,668] - DBUtil::initialize: db(default) password is not encrypted!
please use password(rsa):
433F7CAE5A2BFF1F54E2F91746980D083BB63166F6554E56648E88561E2250FF6B5DE725F0941FB9FCB78EACB91A4FCA27E02213E8786B454F4AB47DAC65FAD2FF9F32E37DEEAA7ECDFA806D84C4EE353B95C679FECEAA2163098D4CA302882003BFFB53E3A16E54ACEDA8D2CD271DC4550B540F49EFEA5308703C89D56EA6AE
 DEBUG root [2019-06-01 10:29:58,673] - DBInterfaceMysql::attach: connect: localhost:3306 starting...
 DEBUG root [2019-06-01 10:29:59,202] - DBInterfaceMysql::attach: successfully! addr: localhost:3306
  INFO root [2019-06-01 10:29:59,203] - DBUtil::createInterface[0x14feff8]: interface=default, dbtype=mysql, ip=localhost, port=3306, currdatabase=kbe, username=kbe, connected=yes.

  INFO root [2019-06-01 10:29:59,203] - ThreadPool::createThreadPool: creating  threadpool...
  INFO root [2019-06-01 10:29:59,203] - ThreadPool::createThreadPool: successfully(5), newThreadCount=5, normalMaxThreadCount=5, maxThreadCount=5
 DEBUG root [2019-06-01 10:29:59,204] - DBInterfaceMysql::attach: connect: localhost:3306 starting...
 DEBUG root [2019-06-01 10:29:59,204] - DBInterfaceMysql::attach: connect: localhost:3306 starting...
 DEBUG root [2019-06-01 10:29:59,205] - DBInterfaceMysql::attach: connect: localhost:3306 starting...
 DEBUG root [2019-06-01 10:29:59,220] - DBInterfaceMysql::attach: connect: localhost:3306 starting...
 DEBUG root [2019-06-01 10:29:59,229] - DBInterfaceMysql::attach: connect: localhost:3306 starting...
 DEBUG root [2019-06-01 10:29:59,293] - DBInterfaceMysql::attach: successfully! addr: localhost:3306
 DEBUG root [2019-06-01 10:29:59,293] - DBThread::onStart(): 0x1836b00!
 DEBUG root [2019-06-01 10:29:59,332] - DBInterfaceMysql::attach: successfully! addr: localhost:3306
 DEBUG root [2019-06-01 10:29:59,333] - DBThread::onStart(): 0x1836638!
  INFO root [2019-06-01 10:29:59,334] - DBInterfaceMysql::query: successfully!
 DEBUG root [2019-06-01 10:29:59,382] - DBInterfaceMysql::attach: successfully! addr: localhost:3306
 DEBUG root [2019-06-01 10:29:59,383] - DBThread::onStart(): 0x1837160!
  INFO root [2019-06-01 10:29:59,448] - DBInterfaceMysql::query: successfully!
  INFO root [2019-06-01 10:29:59,465] - DBInterfaceMysql::query: successfully!
 DEBUG root [2019-06-01 10:29:59,564] - DBInterfaceMysql::attach: successfully! addr: localhost:3306
 DEBUG root [2019-06-01 10:29:59,564] - DBThread::onStart(): 0x1836f40!
 DEBUG root [2019-06-01 10:29:59,624] - DBInterfaceMysql::attach: successfully! addr: localhost:3306
 DEBUG root [2019-06-01 10:29:59,624] - DBThread::onStart(): 0x18365b0!
  INFO root [2019-06-01 10:29:59,625] - DBInterfaceMysql::query: successfully!
  WARN root [2019-06-01 10:29:59,625] - DBTask::process(): took 0.29 seconds
sql:(select distinct(serverGroupID) from kbe_entitylog)
  WARN root [2019-06-01 10:29:59,677] - DBTask::process(): took 0.23 seconds
sql:(show index from tbl_Room)
  INFO root [2019-06-01 10:29:59,701] - DBInterfaceMysql::query: successfully!
  INFO root [2019-06-01 10:29:59,701] - DBInterfaceMysql::query: successfully!
  INFO root [2019-06-01 10:29:59,702] - DBInterfaceMysql::query: successfully!
  INFO root [2019-06-01 10:29:59,702] - DBInterfaceMysql::query: successfully!
  INFO root [2019-06-01 10:29:59,703] - DBInterfaceMysql::query: successfully!
  WARN root [2019-06-01 10:29:59,749] - DBTask::process(): took 0.37 seconds
sql:(insert into kbe_serverlog (heartbeatTime, serverGroupID) values(1559356199,3960) ON DUPLICATE KEY UPDATE heartbeatTime=1559356199)
  WARN root [2019-06-01 10:29:59,773] - d:\kbengine\kbe\src\server\dbmgr\dbmgr.cpp:306: Profile scriptCall took 1.32 seconds
  INFO root [2019-06-01 10:30:00,196] - ---- dbmgr is running ----
 DEBUG root [2019-06-01 10:30:00,205] - Components::process(): Request for the process of identity...
  INFO root [2019-06-01 10:30:06,407] - ServerApp::onRegisterNewApp: uid:3960, username:error_name, componentType:interfaces, componentID:3000, globalorderID=-1, grouporderID=-1, intaddr:192.168.56.1, intport:30099, extaddr:nonsupport, extport:0,  from 127.0.0.1:30099/0/0/0.
  INFO root [2019-06-01 10:30:06,407] - Components::addComponent: reset orderLog, uid=3960!
  INFO root [2019-06-01 10:30:06,407] - Components::addComponent[interfaces], uid=3960, componentID=3000, globalorderid=1, grouporderid=1, totalcount=1
  INFO root [2019-06-01 10:30:07,453] - Components::findComponents: find logger(1)...
  INFO root [2019-06-01 10:30:07,471] - Components::findComponents: found logger, addr:192.168.56.1:59731
  INFO root [2019-06-01 10:30:07,471] - Components::addComponent: reset orderLog, uid=3960!
  INFO root [2019-06-01 10:30:07,471] - Components::addComponent[logger], uid=3960, componentID=2000, globalorderid=1, grouporderid=1, totalcount=1
  WARN root [2019-06-01 10:30:07,473] - Forwarding logs to logger[192.168.56.1:59731/0/0/0]...
 ERROR root [2019-06-01 10:30:13,683] - Components::removeComponentByChannel: logger : 2000, Abnormal exit(reason=TCPPacketReceiver::processRecv(): error=10054
)! Channel(timestamp=709954782805, lastReceivedTime=709940808602, inactivityExceptionPeriod=134880610)
  INFO root [2019-06-01 10:30:13,684] - The following logs sent to logger failed:
  WARN root [2019-06-01 10:30:13,685] - ==> [2019-06-01 10:30:13 683] TCPPacketReceiver::processPendingEvents(192.168.56.1:59731): Throwing REASON_GENERAL_NETWORK - WSAECONNRESET
 ERROR root [2019-06-01 10:30:13,685] - ==> [2019-06-01 10:30:13 683] Components::removeComponentByChannel: logger : 2000, Abnormal exit(reason=TCPPacketReceiver::processRecv(): error=10054
)! Channel(timestamp=709954782805, lastReceivedTime=709940808602, inactivityExceptionPeriod=134880610)
  INFO root [2019-06-01 10:31:47,093] - 
  INFO root [2019-06-01 10:31:47,093] - -----------------------------------------------------------------------------------------


  INFO root [2019-06-01 10:31:47,094] - Resmgr::initialize: KBE_ROOT=D:/kbengine/
  INFO root [2019-06-01 10:31:47,095] - Resmgr::initialize: KBE_RES_PATH=D:/kbengine/kbe/res/;D:/kbengine/HappyPoker_assets/;D:/kbengine/HappyPoker_assets/scripts/;D:/kbengine/HappyPoker_assets/res/
  INFO root [2019-06-01 10:31:47,095] - Resmgr::initialize: KBE_BIN_PATH=D:/kbengine/kbe/bin/server/
  INFO root [2019-06-01 10:31:47,136] - NetworkInterface::initialize(INTERNAL-TCP): bound to all interfaces with default route interface on 192.168.56.1 ( 192.168.56.1:59759 )
  INFO root [2019-06-01 10:31:47,136] - NetworkInterface::initialize(INTERNAL-TCP): address 192.168.56.1:59759, SOMAXCONN=5.
  INFO root [2019-06-01 10:31:47,136] - server-configs:
  INFO root [2019-06-01 10:31:47,136] - 	internalTcpAddr : 192.168.56.1:59759
  INFO root [2019-06-01 10:31:47,137] - 	componentID : 4000
  WARN root [2019-06-01 10:31:47,142] - invalid UID(0) <= 0, please check UID for environment! automatically set to 3960.
  INFO root [2019-06-01 10:31:48,650] - ---- dbmgr Version: 2.4.5. ScriptVersion: 0.1.0. Pythoncore: 3.7.3. Protocol: 11178A1C367680938C8E416B64844ACD. Config: Debug X86. Built: 09:55:16 May  8 2019. AppID: 4000. UID: 3960. PID: 7900 ----
  INFO root [2019-06-01 10:31:48,651] - Server error_name: Intel(R) Core(TM) i5-6300HQ CPU @ 2.30GHz with 2097151kB RAM
  INFO root [2019-06-01 10:31:48,651] - ThreadPool::createThreadPool: creating  threadpool...
  INFO root [2019-06-01 10:31:48,652] - ThreadPool::createThreadPool: successfully(2), newThreadCount=1, normalMaxThreadCount=2, maxThreadCount=8
  INFO root [2019-06-01 10:31:48,858] - Script::install(): is successfully, Python=(3.7.3 (default, May  8 2019, 09:53:38) [MSC v.1916 32 bit (Intel)])!
  INFO root [2019-06-01 10:31:48,859] - Script::install(): KBExtra is successfully!
  INFO root [2019-06-01 10:31:49,037] - Dbmgr::initializeEnd: digest(60011752F18B1334EB91B5B9CD052802)
S_INFO root [2019-06-01 10:31:49,037] - onDBMgrReady: bootstrapGroupIndex=0, bootstrapGlobalIndex=0
  INFO root [2019-06-01 10:31:49,038] - TelnetServer server is running on port 32000
  INFO root [2019-06-01 10:31:49,038] - Dbmgr::initInterfacesHandler: interfaces addr(127.0.0.1:30099), accountType:(interfaces), chargeType:(interfaces).
  WARN root [2019-06-01 10:31:49,258] - DBUtil::initialize: db(default) password is not encrypted!
please use password(rsa):
E5888DE93F3F61D8E512094A7185B6D11F649B9BB2F7B9931507A20A017D88BA957007ED047057723070B96C14B82D2A6F20A36FFDBA163EF23526F156262AA6C22AEF816A9A9D5BA1920FFE29DC955610AEE306D38A3833328968104B48EAACBBB6B60D47ED595DD9EC05EFD04D51EF59AEE5757FA9EA608FA2125BBF2AA30C
 DEBUG root [2019-06-01 10:31:49,262] - DBInterfaceMysql::attach: connect: localhost:3306 starting...
 DEBUG root [2019-06-01 10:31:49,486] - DBInterfaceMysql::attach: successfully! addr: localhost:3306
  INFO root [2019-06-01 10:31:49,486] - DBUtil::createInterface[0x14ff184]: interface=default, dbtype=mysql, ip=localhost, port=3306, currdatabase=kbe, username=kbe, connected=yes.

  INFO root [2019-06-01 10:31:49,486] - ThreadPool::createThreadPool: creating  threadpool...
  INFO root [2019-06-01 10:31:49,487] - ThreadPool::createThreadPool: successfully(5), newThreadCount=5, normalMaxThreadCount=5, maxThreadCount=5
 DEBUG root [2019-06-01 10:31:49,488] - DBInterfaceMysql::attach: connect: localhost:3306 starting...
 DEBUG root [2019-06-01 10:31:49,490] - DBInterfaceMysql::attach: connect: localhost:3306 starting...
 DEBUG root [2019-06-01 10:31:49,493] - DBInterfaceMysql::attach: connect: localhost:3306 starting...
 DEBUG root [2019-06-01 10:31:49,504] - DBInterfaceMysql::attach: connect: localhost:3306 starting...
 DEBUG root [2019-06-01 10:31:49,504] - DBInterfaceMysql::attach: connect: localhost:3306 starting...
 DEBUG root [2019-06-01 10:31:49,620] - DBInterfaceMysql::attach: successfully! addr: localhost:3306
 DEBUG root [2019-06-01 10:31:49,620] - DBThread::onStart(): 0x18b3dd0!
  INFO root [2019-06-01 10:31:49,622] - DBInterfaceMysql::query: successfully!
 DEBUG root [2019-06-01 10:31:49,718] - DBInterfaceMysql::attach: successfully! addr: localhost:3306
 DEBUG root [2019-06-01 10:31:49,719] - DBThread::onStart(): 0x18b3ee0!
 DEBUG root [2019-06-01 10:31:49,799] - DBInterfaceMysql::attach: successfully! addr: localhost:3306
 DEBUG root [2019-06-01 10:31:49,799] - DBThread::onStart(): 0x18b4430!
  INFO root [2019-06-01 10:31:49,875] - DBInterfaceMysql::query: successfully!
  WARN root [2019-06-01 10:31:49,875] - DBTask::process(): took 0.25 seconds
sql:(CREATE TABLE IF NOT EXISTS kbe_accountinfos (`accountName` varchar(128) not null, PRIMARY KEY idKey (`accountName`),`password` varchar(255) not null,`bindata` blob,`email` varchar(191) not null, UNIQUE KEY `email` (`email`),`entityDBID` bigint(20) unsigned not null DEFAULT 0, UNIQUE KEY `entityDBID` (`entityDBID`),`flags` int unsigned not null DEFAULT 0,`deadline` bigint(20) not null DEFAULT 0,`regtime` bigint(20) not null DEFAULT 0,`lasttime` bigint(20) not null DEFAULT 0,`numlogin` int unsigned not null DEFAULT 0)ENGINE=InnoDB)
  INFO root [2019-06-01 10:31:49,892] - DBInterfaceMysql::query: successfully!
 DEBUG root [2019-06-01 10:31:49,933] - DBInterfaceMysql::attach: successfully! addr: localhost:3306
 DEBUG root [2019-06-01 10:31:49,933] - DBThread::onStart(): 0x18b48f8!
 DEBUG root [2019-06-01 10:31:49,974] - DBInterfaceMysql::attach: successfully! addr: localhost:3306
 DEBUG root [2019-06-01 10:31:49,975] - DBThread::onStart(): 0x18b43a8!
  INFO root [2019-06-01 10:31:49,975] - DBInterfaceMysql::query: successfully!
  WARN root [2019-06-01 10:31:49,976] - DBTask::process(): took 0.26 seconds
sql:(select distinct(serverGroupID) from kbe_entitylog)
  INFO root [2019-06-01 10:31:50,032] - DBInterfaceMysql::query: successfully!
  INFO root [2019-06-01 10:31:50,033] - DBInterfaceMysql::query: successfully!
  INFO root [2019-06-01 10:31:50,034] - DBInterfaceMysql::query: successfully!
  INFO root [2019-06-01 10:31:50,034] - DBInterfaceMysql::query: successfully!
  INFO root [2019-06-01 10:31:50,035] - DBInterfaceMysql::query: successfully!
  WARN root [2019-06-01 10:31:50,074] - DBTask::process(): took 0.27 seconds
sql:(insert into kbe_serverlog (heartbeatTime, serverGroupID) values(1559356310,3960) ON DUPLICATE KEY UPDATE heartbeatTime=1559356310)
  WARN root [2019-06-01 10:31:50,095] - d:\kbengine\kbe\src\server\dbmgr\dbmgr.cpp:306: Profile scriptCall took 1.06 seconds
  INFO root [2019-06-01 10:31:50,481] - ---- dbmgr is running ----
 DEBUG root [2019-06-01 10:31:50,482] - Components::process(): Request for the process of identity...
  INFO root [2019-06-01 10:31:56,606] - ServerApp::onRegisterNewApp: uid:3960, username:error_name, componentType:interfaces, componentID:3000, globalorderID=-1, grouporderID=-1, intaddr:192.168.56.1, intport:30099, extaddr:nonsupport, extport:0,  from 127.0.0.1:30099/0/0/0.
  INFO root [2019-06-01 10:31:56,606] - Components::addComponent: reset orderLog, uid=3960!
  INFO root [2019-06-01 10:31:56,607] - Components::addComponent[interfaces], uid=3960, componentID=3000, globalorderid=1, grouporderid=1, totalcount=1
  INFO root [2019-06-01 10:31:57,615] - Components::findComponents: find logger(1)...
  INFO root [2019-06-01 10:31:57,681] - Components::findComponents: found logger, addr:192.168.56.1:59766
  INFO root [2019-06-01 10:31:57,682] - Components::addComponent: reset orderLog, uid=3960!
  INFO root [2019-06-01 10:31:57,682] - Components::addComponent[logger], uid=3960, componentID=2000, globalorderid=1, grouporderid=1, totalcount=1
  WARN root [2019-06-01 10:31:57,694] - Forwarding logs to logger[192.168.56.1:59766/0/0/0]...
 ERROR root [2019-06-01 10:41:52,696] - Components::removeComponentByChannel: logger : 2000, Abnormal exit(reason=TCPPacketReceiver::processRecv(): error=10054
)! Channel(timestamp=711527562632, lastReceivedTime=711515197139, inactivityExceptionPeriod=134863936)
  INFO root [2019-06-01 10:41:52,698] - The following logs sent to logger failed:
  WARN root [2019-06-01 10:41:52,698] - ==> [2019-06-01 10:41:52 695] TCPPacketReceiver::processPendingEvents(192.168.56.1:59766): Throwing REASON_GENERAL_NETWORK - WSAECONNRESET
 ERROR root [2019-06-01 10:41:52,698] - ==> [2019-06-01 10:41:52 696] Components::removeComponentByChannel: logger : 2000, Abnormal exit(reason=TCPPacketReceiver::processRecv(): error=10054
)! Channel(timestamp=711527562632, lastReceivedTime=711515197139, inactivityExceptionPeriod=134863936)
  INFO root [2019-06-01 10:41:54,440] - 
  INFO root [2019-06-01 10:41:54,441] - -----------------------------------------------------------------------------------------


  INFO root [2019-06-01 10:41:54,442] - Resmgr::initialize: KBE_ROOT=D:/kbengine/
  INFO root [2019-06-01 10:41:54,443] - Resmgr::initialize: KBE_RES_PATH=D:/kbengine/kbe/res/;D:/kbengine/HappyPoker_assets/;D:/kbengine/HappyPoker_assets/scripts/;D:/kbengine/HappyPoker_assets/res/
  INFO root [2019-06-01 10:41:54,443] - Resmgr::initialize: KBE_BIN_PATH=D:/kbengine/kbe/bin/server/
  INFO root [2019-06-01 10:41:54,499] - NetworkInterface::initialize(INTERNAL-TCP): bound to all interfaces with default route interface on 192.168.56.1 ( 192.168.56.1:59875 )
  INFO root [2019-06-01 10:41:54,499] - NetworkInterface::initialize(INTERNAL-TCP): address 192.168.56.1:59875, SOMAXCONN=5.
  INFO root [2019-06-01 10:41:54,501] - server-configs:
  INFO root [2019-06-01 10:41:54,501] - 	internalTcpAddr : 192.168.56.1:59875
  INFO root [2019-06-01 10:41:54,501] - 	componentID : 4000
  WARN root [2019-06-01 10:41:54,504] - invalid UID(0) <= 0, please check UID for environment! automatically set to 3960.
  INFO root [2019-06-01 10:41:56,020] - ---- dbmgr Version: 2.4.5. ScriptVersion: 0.1.0. Pythoncore: 3.7.3. Protocol: 11178A1C367680938C8E416B64844ACD. Config: Debug X86. Built: 09:55:16 May  8 2019. AppID: 4000. UID: 3960. PID: 8544 ----
  INFO root [2019-06-01 10:41:56,020] - Server error_name: Intel(R) Core(TM) i5-6300HQ CPU @ 2.30GHz with 2097151kB RAM
  INFO root [2019-06-01 10:41:56,021] - ThreadPool::createThreadPool: creating  threadpool...
  INFO root [2019-06-01 10:41:56,021] - ThreadPool::createThreadPool: successfully(2), newThreadCount=1, normalMaxThreadCount=2, maxThreadCount=8
  INFO root [2019-06-01 10:41:56,226] - Script::install(): is successfully, Python=(3.7.3 (default, May  8 2019, 09:53:38) [MSC v.1916 32 bit (Intel)])!
  INFO root [2019-06-01 10:41:56,226] - Script::install(): KBExtra is successfully!
  INFO root [2019-06-01 10:41:56,408] - Dbmgr::initializeEnd: digest(60011752F18B1334EB91B5B9CD052802)
S_INFO root [2019-06-01 10:41:56,409] - onDBMgrReady: bootstrapGroupIndex=0, bootstrapGlobalIndex=0
  INFO root [2019-06-01 10:41:56,409] - TelnetServer server is running on port 32000
  INFO root [2019-06-01 10:41:56,410] - Dbmgr::initInterfacesHandler: interfaces addr(127.0.0.1:30099), accountType:(interfaces), chargeType:(interfaces).
  WARN root [2019-06-01 10:41:56,635] - DBUtil::initialize: db(default) password is not encrypted!
please use password(rsa):
0EA090B9442BE502E8901BFD0C669F444BC95E0C57AD17CA45D5D0B6D4EEEAC5E46FF43D3C80CF3D4831BFE6E5D858F7FAD5E2D0A0A66FA01CB051FE3D2C734004419CC64BF180F8122E43E832F9D5C3E2440632019F3E869909796A3827E6659E3ACA63570580FBA6A3FDFB8AA0F906A42603861A329DDD0D02FDBAE25041AE
 DEBUG root [2019-06-01 10:41:56,640] - DBInterfaceMysql::attach: connect: localhost:3306 starting...
 DEBUG root [2019-06-01 10:41:56,839] - DBInterfaceMysql::attach: successfully! addr: localhost:3306
  INFO root [2019-06-01 10:41:56,839] - DBUtil::createInterface[0x14ff254]: interface=default, dbtype=mysql, ip=localhost, port=3306, currdatabase=kbe, username=kbe, connected=yes.

  INFO root [2019-06-01 10:41:56,840] - ThreadPool::createThreadPool: creating  threadpool...
  INFO root [2019-06-01 10:41:56,840] - ThreadPool::createThreadPool: successfully(5), newThreadCount=5, normalMaxThreadCount=5, maxThreadCount=5
 DEBUG root [2019-06-01 10:41:56,867] - DBInterfaceMysql::attach: connect: localhost:3306 starting...
 DEBUG root [2019-06-01 10:41:56,873] - DBInterfaceMysql::attach: connect: localhost:3306 starting...
 DEBUG root [2019-06-01 10:41:56,879] - DBInterfaceMysql::attach: connect: localhost:3306 starting...
 DEBUG root [2019-06-01 10:41:56,885] - DBInterfaceMysql::attach: connect: localhost:3306 starting...
 DEBUG root [2019-06-01 10:41:56,901] - DBInterfaceMysql::attach: connect: localhost:3306 starting...
 DEBUG root [2019-06-01 10:41:57,049] - DBInterfaceMysql::attach: successfully! addr: localhost:3306
 DEBUG root [2019-06-01 10:41:57,049] - DBThread::onStart(): 0x15a6650!
  INFO root [2019-06-01 10:41:57,128] - DBInterfaceMysql::query: successfully!
 DEBUG root [2019-06-01 10:41:57,212] - DBInterfaceMysql::attach: successfully! addr: localhost:3306
 DEBUG root [2019-06-01 10:41:57,212] - DBThread::onStart(): 0x15a66d8!
 DEBUG root [2019-06-01 10:41:57,254] - DBInterfaceMysql::attach: successfully! addr: localhost:3306
 DEBUG root [2019-06-01 10:41:57,254] - DBThread::onStart(): 0x15a68f8!
  INFO root [2019-06-01 10:41:57,295] - DBInterfaceMysql::query: successfully!
  INFO root [2019-06-01 10:41:57,312] - DBInterfaceMysql::query: successfully!
 DEBUG root [2019-06-01 10:41:57,361] - DBInterfaceMysql::attach: successfully! addr: localhost:3306
 DEBUG root [2019-06-01 10:41:57,361] - DBThread::onStart(): 0x15a67e8!
 DEBUG root [2019-06-01 10:41:57,396] - DBInterfaceMysql::attach: successfully! addr: localhost:3306
 DEBUG root [2019-06-01 10:41:57,396] - DBThread::onStart(): 0x15a6dc0!
  INFO root [2019-06-01 10:41:57,487] - DBInterfaceMysql::query: successfully!
  INFO root [2019-06-01 10:41:57,488] - DBInterfaceMysql::query: successfully!
  INFO root [2019-06-01 10:41:57,488] - DBInterfaceMysql::query: successfully!
  INFO root [2019-06-01 10:41:57,488] - DBInterfaceMysql::query: successfully!
  INFO root [2019-06-01 10:41:57,489] - DBInterfaceMysql::query: successfully!
  INFO root [2019-06-01 10:41:57,489] - DBInterfaceMysql::query: successfully!
  WARN root [2019-06-01 10:41:57,490] - DBTask::process(): took 0.24 seconds
sql:(show index from tbl_Account)
  WARN root [2019-06-01 10:41:57,512] - DBTask::process(): took 0.30 seconds
sql:(select distinct(serverGroupID) from kbe_entitylog)
  WARN root [2019-06-01 10:41:57,578] - d:\kbengine\kbe\src\server\dbmgr\dbmgr.cpp:306: Profile scriptCall took 1.17 seconds
  INFO root [2019-06-01 10:41:57,965] - ---- dbmgr is running ----
 DEBUG root [2019-06-01 10:41:57,966] - Components::process(): Request for the process of identity...
  INFO root [2019-06-01 10:42:04,087] - ServerApp::onRegisterNewApp: uid:3960, username:error_name, componentType:interfaces, componentID:3000, globalorderID=-1, grouporderID=-1, intaddr:192.168.56.1, intport:30099, extaddr:nonsupport, extport:0,  from 127.0.0.1:30099/0/0/0.
  INFO root [2019-06-01 10:42:04,088] - Components::addComponent: reset orderLog, uid=3960!
  INFO root [2019-06-01 10:42:04,088] - Components::addComponent[interfaces], uid=3960, componentID=3000, globalorderid=1, grouporderid=1, totalcount=1
  INFO root [2019-06-01 10:42:05,088] - Components::findComponents: find logger(1)...
  INFO root [2019-06-01 10:42:05,174] - Components::findComponents: found logger, addr:192.168.56.1:59876
  INFO root [2019-06-01 10:42:05,174] - Components::addComponent: reset orderLog, uid=3960!
  INFO root [2019-06-01 10:42:05,174] - Components::addComponent[logger], uid=3960, componentID=2000, globalorderid=1, grouporderid=1, totalcount=1
  WARN root [2019-06-01 10:42:05,175] - Forwarding logs to logger[192.168.56.1:59876/0/0/0]...
 ERROR root [2019-06-01 10:44:41,276] - Components::removeComponentByChannel: logger : 2000, Abnormal exit(reason=TCPPacketReceiver::processRecv(): error=10054
)! Channel(timestamp=711906867381, lastReceivedTime=711869097589, inactivityExceptionPeriod=134879523)
  INFO root [2019-06-01 10:44:41,279] - The following logs sent to logger failed:
  WARN root [2019-06-01 10:44:41,279] - ==> [2019-06-01 10:44:41 274] TCPPacketReceiver::processPendingEvents(192.168.56.1:59876): Throwing REASON_GENERAL_NETWORK - WSAECONNRESET
 ERROR root [2019-06-01 10:44:41,280] - ==> [2019-06-01 10:44:41 276] Components::removeComponentByChannel: logger : 2000, Abnormal exit(reason=TCPPacketReceiver::processRecv(): error=10054
)! Channel(timestamp=711906867381, lastReceivedTime=711869097589, inactivityExceptionPeriod=134879523)
  INFO root [2019-06-01 10:52:11,036] - 
  INFO root [2019-06-01 10:52:11,037] - -----------------------------------------------------------------------------------------


  INFO root [2019-06-01 10:52:11,038] - Resmgr::initialize: KBE_ROOT=D:/kbengine/
  INFO root [2019-06-01 10:52:11,038] - Resmgr::initialize: KBE_RES_PATH=D:/kbengine/kbe/res/;D:/kbengine/HappyPoker_assets/;D:/kbengine/HappyPoker_assets/scripts/;D:/kbengine/HappyPoker_assets/res/
  INFO root [2019-06-01 10:52:11,038] - Resmgr::initialize: KBE_BIN_PATH=D:/kbengine/kbe/bin/server/
  INFO root [2019-06-01 10:52:11,063] - NetworkInterface::initialize(INTERNAL-TCP): bound to all interfaces with default route interface on 192.168.56.1 ( 192.168.56.1:59962 )
  INFO root [2019-06-01 10:52:11,064] - NetworkInterface::initialize(INTERNAL-TCP): address 192.168.56.1:59962, SOMAXCONN=5.
  INFO root [2019-06-01 10:52:11,064] - server-configs:
  INFO root [2019-06-01 10:52:11,065] - 	internalTcpAddr : 192.168.56.1:59962
  INFO root [2019-06-01 10:52:11,065] - 	componentID : 4000
  WARN root [2019-06-01 10:52:11,067] - invalid UID(0) <= 0, please check UID for environment! automatically set to 3960.
  INFO root [2019-06-01 10:52:12,575] - ---- dbmgr Version: 2.4.5. ScriptVersion: 0.1.0. Pythoncore: 3.7.3. Protocol: 11178A1C367680938C8E416B64844ACD. Config: Debug X86. Built: 09:55:16 May  8 2019. AppID: 4000. UID: 3960. PID: 16684 ----
  INFO root [2019-06-01 10:52:12,576] - Server error_name: Intel(R) Core(TM) i5-6300HQ CPU @ 2.30GHz with 2097151kB RAM
  INFO root [2019-06-01 10:52:12,576] - ThreadPool::createThreadPool: creating  threadpool...
  INFO root [2019-06-01 10:52:12,577] - ThreadPool::createThreadPool: successfully(2), newThreadCount=1, normalMaxThreadCount=2, maxThreadCount=8
  INFO root [2019-06-01 10:52:12,782] - Script::install(): is successfully, Python=(3.7.3 (default, May  8 2019, 09:53:38) [MSC v.1916 32 bit (Intel)])!
  INFO root [2019-06-01 10:52:12,782] - Script::install(): KBExtra is successfully!
  INFO root [2019-06-01 10:52:12,958] - Dbmgr::initializeEnd: digest(60011752F18B1334EB91B5B9CD052802)
S_INFO root [2019-06-01 10:52:12,958] - onDBMgrReady: bootstrapGroupIndex=0, bootstrapGlobalIndex=0
  INFO root [2019-06-01 10:52:12,959] - TelnetServer server is running on port 32000
  INFO root [2019-06-01 10:52:12,959] - Dbmgr::initInterfacesHandler: interfaces addr(127.0.0.1:30099), accountType:(interfaces), chargeType:(interfaces).
  WARN root [2019-06-01 10:52:13,190] - DBUtil::initialize: db(default) password is not encrypted!
please use password(rsa):
895D4A8DFE737C7E6BB01D0768ABA2DC1A0FBE5C1F0718598E335CEC5BE3D5BBF49DA7BB6319587F6B4A32646B8D183D0A86434FF0064F031FFC3632A5C7D351072D34A3B0DA6237D63065FC2A886A524C99C153C1DB64B46619540B79D38956A3E87F7AE32F61B2D4331F540D61E6D64C0FA3BB424B536BD6FDFC0AB4D70C4E
 DEBUG root [2019-06-01 10:52:13,194] - DBInterfaceMysql::attach: connect: localhost:3306 starting...
 DEBUG root [2019-06-01 10:52:13,371] - DBInterfaceMysql::attach: successfully! addr: localhost:3306
  INFO root [2019-06-01 10:52:13,371] - DBUtil::createInterface[0x14feea8]: interface=default, dbtype=mysql, ip=localhost, port=3306, currdatabase=kbe, username=kbe, connected=yes.

  INFO root [2019-06-01 10:52:13,371] - ThreadPool::createThreadPool: creating  threadpool...
  INFO root [2019-06-01 10:52:13,372] - ThreadPool::createThreadPool: successfully(5), newThreadCount=5, normalMaxThreadCount=5, maxThreadCount=5
 DEBUG root [2019-06-01 10:52:13,372] - DBInterfaceMysql::attach: connect: localhost:3306 starting...
 DEBUG root [2019-06-01 10:52:13,373] - DBInterfaceMysql::attach: connect: localhost:3306 starting...
 DEBUG root [2019-06-01 10:52:13,373] - DBInterfaceMysql::attach: connect: localhost:3306 starting...
 DEBUG root [2019-06-01 10:52:13,374] - DBInterfaceMysql::attach: connect: localhost:3306 starting...
 DEBUG root [2019-06-01 10:52:13,389] - DBInterfaceMysql::attach: connect: localhost:3306 starting...
 DEBUG root [2019-06-01 10:52:13,456] - DBInterfaceMysql::attach: successfully! addr: localhost:3306
 DEBUG root [2019-06-01 10:52:13,456] - DBThread::onStart(): 0x17f4730!
 DEBUG root [2019-06-01 10:52:13,500] - DBInterfaceMysql::attach: successfully! addr: localhost:3306
 DEBUG root [2019-06-01 10:52:13,500] - DBThread::onStart(): 0x17f48c8!
 DEBUG root [2019-06-01 10:52:13,541] - DBInterfaceMysql::attach: successfully! addr: localhost:3306
 DEBUG root [2019-06-01 10:52:13,541] - DBThread::onStart(): 0x17f4840!
 DEBUG root [2019-06-01 10:52:13,583] - DBInterfaceMysql::attach: successfully! addr: localhost:3306
 DEBUG root [2019-06-01 10:52:13,583] - DBThread::onStart(): 0x17f4c80!
 DEBUG root [2019-06-01 10:52:13,650] - DBInterfaceMysql::attach: successfully! addr: localhost:3306
 DEBUG root [2019-06-01 10:52:13,650] - DBThread::onStart(): 0x17f4488!
  INFO root [2019-06-01 10:52:13,652] - DBInterfaceMysql::query: successfully!
  INFO root [2019-06-01 10:52:13,691] - DBInterfaceMysql::query: successfully!
  INFO root [2019-06-01 10:52:13,708] - DBInterfaceMysql::query: successfully!
  INFO root [2019-06-01 10:52:13,708] - DBInterfaceMysql::query: successfully!
  INFO root [2019-06-01 10:52:13,708] - DBInterfaceMysql::query: successfully!
  INFO root [2019-06-01 10:52:13,708] - DBInterfaceMysql::query: successfully!
  INFO root [2019-06-01 10:52:13,709] - DBInterfaceMysql::query: successfully!
  INFO root [2019-06-01 10:52:13,709] - DBInterfaceMysql::query: successfully!
  INFO root [2019-06-01 10:52:13,825] - DBInterfaceMysql::query: successfully!
  WARN root [2019-06-01 10:52:13,851] - d:\kbengine\kbe\src\server\dbmgr\dbmgr.cpp:306: Profile scriptCall took 0.89 seconds
  INFO root [2019-06-01 10:52:14,246] - ---- dbmgr is running ----
 DEBUG root [2019-06-01 10:52:14,247] - Components::process(): Request for the process of identity...
  INFO root [2019-06-01 10:52:20,365] - ServerApp::onRegisterNewApp: uid:3960, username:error_name, componentType:interfaces, componentID:3000, globalorderID=-1, grouporderID=-1, intaddr:192.168.56.1, intport:30099, extaddr:nonsupport, extport:0,  from 127.0.0.1:30099/0/0/0.
  INFO root [2019-06-01 10:52:20,366] - Components::addComponent: reset orderLog, uid=3960!
  INFO root [2019-06-01 10:52:20,366] - Components::addComponent[interfaces], uid=3960, componentID=3000, globalorderid=1, grouporderid=1, totalcount=1
  INFO root [2019-06-01 10:52:21,378] - Components::findComponents: find logger(1)...
  INFO root [2019-06-01 10:52:21,419] - Components::findComponents: found logger, addr:192.168.56.1:59965
  INFO root [2019-06-01 10:52:21,420] - Components::addComponent: reset orderLog, uid=3960!
  INFO root [2019-06-01 10:52:21,420] - Components::addComponent[logger], uid=3960, componentID=2000, globalorderid=1, grouporderid=1, totalcount=1
  INFO root [2019-06-01 10:52:21,439] - Components::process(): Found all the components!
  WARN root [2019-06-01 10:52:21,451] - Forwarding logs to logger[192.168.56.1:59965/0/0/0]...
 ERROR root [2019-06-01 10:54:48,102] - Components::removeComponentByChannel: logger : 2000, Abnormal exit(reason=TCPPacketReceiver::processRecv(): error=10054
)! Channel(timestamp=713272229516, lastReceivedTime=713256404483, inactivityExceptionPeriod=134885886)
  INFO root [2019-06-01 10:54:48,106] - The following logs sent to logger failed:
  WARN root [2019-06-01 10:54:48,106] - ==> [2019-06-01 10:54:48 102] TCPPacketReceiver::processPendingEvents(192.168.56.1:59965): Throwing REASON_GENERAL_NETWORK - WSAECONNRESET
 ERROR root [2019-06-01 10:54:48,107] - ==> [2019-06-01 10:54:48 104] Components::removeComponentByChannel: logger : 2000, Abnormal exit(reason=TCPPacketReceiver::processRecv(): error=10054
)! Channel(timestamp=713272229516, lastReceivedTime=713256404483, inactivityExceptionPeriod=134885886)
  INFO root [2019-06-01 10:56:16,960] - 
  INFO root [2019-06-01 10:56:16,966] - -----------------------------------------------------------------------------------------


  INFO root [2019-06-01 10:56:16,967] - Resmgr::initialize: KBE_ROOT=D:/kbengine/
  INFO root [2019-06-01 10:56:16,968] - Resmgr::initialize: KBE_RES_PATH=D:/kbengine/kbe/res/;D:/kbengine/HappyPoker_assets/;D:/kbengine/HappyPoker_assets/scripts/;D:/kbengine/HappyPoker_assets/res/
  INFO root [2019-06-01 10:56:16,968] - Resmgr::initialize: KBE_BIN_PATH=D:/kbengine/kbe/bin/server/
  INFO root [2019-06-01 10:56:17,020] - NetworkInterface::initialize(INTERNAL-TCP): bound to all interfaces with default route interface on 192.168.56.1 ( 192.168.56.1:60095 )
  INFO root [2019-06-01 10:56:17,020] - NetworkInterface::initialize(INTERNAL-TCP): address 192.168.56.1:60095, SOMAXCONN=5.
  INFO root [2019-06-01 10:56:17,020] - server-configs:
  INFO root [2019-06-01 10:56:17,021] - 	internalTcpAddr : 192.168.56.1:60095
  INFO root [2019-06-01 10:56:17,021] - 	componentID : 4000
  WARN root [2019-06-01 10:56:17,024] - invalid UID(0) <= 0, please check UID for environment! automatically set to 3960.
  INFO root [2019-06-01 10:56:18,533] - ---- dbmgr Version: 2.4.5. ScriptVersion: 0.1.0. Pythoncore: 3.7.3. Protocol: 11178A1C367680938C8E416B64844ACD. Config: Debug X86. Built: 09:55:16 May  8 2019. AppID: 4000. UID: 3960. PID: 2508 ----
  INFO root [2019-06-01 10:56:18,534] - Server error_name: Intel(R) Core(TM) i5-6300HQ CPU @ 2.30GHz with 2097151kB RAM
  INFO root [2019-06-01 10:56:18,534] - ThreadPool::createThreadPool: creating  threadpool...
  INFO root [2019-06-01 10:56:18,534] - ThreadPool::createThreadPool: successfully(2), newThreadCount=1, normalMaxThreadCount=2, maxThreadCount=8
  INFO root [2019-06-01 10:56:18,733] - Script::install(): is successfully, Python=(3.7.3 (default, May  8 2019, 09:53:38) [MSC v.1916 32 bit (Intel)])!
  INFO root [2019-06-01 10:56:18,733] - Script::install(): KBExtra is successfully!
  INFO root [2019-06-01 10:56:18,995] - Dbmgr::initializeEnd: digest(60011752F18B1334EB91B5B9CD052802)
S_INFO root [2019-06-01 10:56:18,996] - onDBMgrReady: bootstrapGroupIndex=0, bootstrapGlobalIndex=0
  INFO root [2019-06-01 10:56:18,996] - TelnetServer server is running on port 32000
  INFO root [2019-06-01 10:56:19,001] - Dbmgr::initInterfacesHandler: interfaces addr(127.0.0.1:30099), accountType:(interfaces), chargeType:(interfaces).
  WARN root [2019-06-01 10:56:19,288] - DBUtil::initialize: db(default) password is not encrypted!
please use password(rsa):
8A3DE022920F25C5C1CA6CB66C438265E0E60A1C6D75F8DF727A2B75B1FDC069301550873766B09A6406256F5AB9CF694CC642A160F768F5DCDA8C9C364BBEEA9842F77D8EAF59786A3683CBEDD39D7B59BB8B2087302687BD2AF81A13D8D477781176607188113A36011DCC6B6C8BD3DCF9A4CA954BA63AD8D3174A9AA98C5F
 DEBUG root [2019-06-01 10:56:19,292] - DBInterfaceMysql::attach: connect: localhost:3306 starting...
 DEBUG root [2019-06-01 10:56:19,477] - DBInterfaceMysql::attach: successfully! addr: localhost:3306
  INFO root [2019-06-01 10:56:19,477] - DBUtil::createInterface[0x14ff240]: interface=default, dbtype=mysql, ip=localhost, port=3306, currdatabase=kbe, username=kbe, connected=yes.

  INFO root [2019-06-01 10:56:19,477] - ThreadPool::createThreadPool: creating  threadpool...
  INFO root [2019-06-01 10:56:19,478] - ThreadPool::createThreadPool: successfully(5), newThreadCount=5, normalMaxThreadCount=5, maxThreadCount=5
 DEBUG root [2019-06-01 10:56:19,523] - DBInterfaceMysql::attach: connect: localhost:3306 starting...
 DEBUG root [2019-06-01 10:56:19,535] - DBInterfaceMysql::attach: connect: localhost:3306 starting...
 DEBUG root [2019-06-01 10:56:19,539] - DBInterfaceMysql::attach: connect: localhost:3306 starting...
 DEBUG root [2019-06-01 10:56:19,566] - DBInterfaceMysql::attach: connect: localhost:3306 starting...
 DEBUG root [2019-06-01 10:56:19,584] - DBInterfaceMysql::attach: connect: localhost:3306 starting...
 DEBUG root [2019-06-01 10:56:19,623] - DBInterfaceMysql::attach: successfully! addr: localhost:3306
 DEBUG root [2019-06-01 10:56:19,624] - DBThread::onStart(): 0x1927550!
  INFO root [2019-06-01 10:56:19,692] - DBInterfaceMysql::query: successfully!
 DEBUG root [2019-06-01 10:56:19,750] - DBInterfaceMysql::attach: successfully! addr: localhost:3306
 DEBUG root [2019-06-01 10:56:19,750] - DBThread::onStart(): 0x1927880!
 DEBUG root [2019-06-01 10:56:19,807] - DBInterfaceMysql::attach: successfully! addr: localhost:3306
 DEBUG root [2019-06-01 10:56:19,808] - DBThread::onStart(): 0x19272a8!
 DEBUG root [2019-06-01 10:56:19,877] - DBInterfaceMysql::attach: successfully! addr: localhost:3306
 DEBUG root [2019-06-01 10:56:19,877] - DBThread::onStart(): 0x1927220!
  INFO root [2019-06-01 10:56:19,943] - DBInterfaceMysql::query: successfully!
  INFO root [2019-06-01 10:56:19,943] - DBInterfaceMysql::query: successfully!
  INFO root [2019-06-01 10:56:20,001] - DBInterfaceMysql::query: successfully!
  INFO root [2019-06-01 10:56:20,002] - DBInterfaceMysql::query: successfully!
  INFO root [2019-06-01 10:56:20,003] - DBInterfaceMysql::query: successfully!
 DEBUG root [2019-06-01 10:56:20,018] - DBInterfaceMysql::attach: successfully! addr: localhost:3306
 DEBUG root [2019-06-01 10:56:20,018] - DBThread::onStart(): 0x19277f8!
  INFO root [2019-06-01 10:56:20,226] - DBInterfaceMysql::query: successfully!
  INFO root [2019-06-01 10:56:20,226] - DBInterfaceMysql::query: successfully!
  WARN root [2019-06-01 10:56:20,227] - DBTask::process(): took 0.48 seconds
sql:(show index from tbl_Account)
  INFO root [2019-06-01 10:56:20,227] - DBInterfaceMysql::query: successfully!
  WARN root [2019-06-01 10:56:20,228] - DBTask::process(): took 0.22 seconds
sql:(show index from tbl_Room)
  WARN root [2019-06-01 10:56:20,228] - DBTask::process(): took 0.35 seconds
sql:(CREATE TABLE IF NOT EXISTS kbe_accountinfos (`accountName` varchar(128) not null, PRIMARY KEY idKey (`accountName`),`password` varchar(255) not null,`bindata` blob,`email` varchar(191) not null, UNIQUE KEY `email` (`email`),`entityDBID` bigint(20) unsigned not null DEFAULT 0, UNIQUE KEY `entityDBID` (`entityDBID`),`flags` int unsigned not null DEFAULT 0,`deadline` bigint(20) not null DEFAULT 0,`regtime` bigint(20) not null DEFAULT 0,`lasttime` bigint(20) not null DEFAULT 0,`numlogin` int unsigned not null DEFAULT 0)ENGINE=InnoDB)
  WARN root [2019-06-01 10:56:20,243] - DBTask::process(): took 0.55 seconds
sql:(select distinct(serverGroupID) from kbe_entitylog)
  WARN root [2019-06-01 10:56:20,325] - DBTask::process(): took 0.31 seconds
sql:(insert into kbe_serverlog (heartbeatTime, serverGroupID) values(1559357780,3960) ON DUPLICATE KEY UPDATE heartbeatTime=1559357780)
  WARN root [2019-06-01 10:56:20,340] - d:\kbengine\kbe\src\server\dbmgr\dbmgr.cpp:306: Profile scriptCall took 1.34 seconds
  INFO root [2019-06-01 10:56:20,731] - ---- dbmgr is running ----
 DEBUG root [2019-06-01 10:56:20,732] - Components::process(): Request for the process of identity...
  INFO root [2019-06-01 10:56:26,870] - ServerApp::onRegisterNewApp: uid:3960, username:error_name, componentType:interfaces, componentID:3000, globalorderID=-1, grouporderID=-1, intaddr:192.168.56.1, intport:30099, extaddr:nonsupport, extport:0,  from 127.0.0.1:30099/0/0/0.
  INFO root [2019-06-01 10:56:26,871] - Components::addComponent: reset orderLog, uid=3960!
  INFO root [2019-06-01 10:56:26,871] - Components::addComponent[interfaces], uid=3960, componentID=3000, globalorderid=1, grouporderid=1, totalcount=1
  INFO root [2019-06-01 10:56:27,876] - Components::findComponents: find logger(1)...
  INFO root [2019-06-01 10:56:27,905] - Components::findComponents: found logger, addr:192.168.56.1:60094
  INFO root [2019-06-01 10:56:27,905] - Components::addComponent: reset orderLog, uid=3960!
  INFO root [2019-06-01 10:56:27,905] - Components::addComponent[logger], uid=3960, componentID=2000, globalorderid=1, grouporderid=1, totalcount=1
  WARN root [2019-06-01 10:56:27,906] - Forwarding logs to logger[192.168.56.1:60094/0/0/0]...
 ERROR root [2019-06-01 11:01:20,783] - Components::removeComponentByChannel: logger : 2000, Abnormal exit(reason=TCPPacketReceiver::processRecv(): error=10054
)! Channel(timestamp=714155760580, lastReceivedTime=714147216009, inactivityExceptionPeriod=134880962)
  INFO root [2019-06-01 11:01:20,786] - The following logs sent to logger failed:
  WARN root [2019-06-01 11:01:20,787] - ==> [2019-06-01 11:01:20 782] TCPPacketReceiver::processPendingEvents(192.168.56.1:60094): Throwing REASON_GENERAL_NETWORK - WSAECONNRESET
 ERROR root [2019-06-01 11:01:20,787] - ==> [2019-06-01 11:01:20 784] Components::removeComponentByChannel: logger : 2000, Abnormal exit(reason=TCPPacketReceiver::processRecv(): error=10054
)! Channel(timestamp=714155760580, lastReceivedTime=714147216009, inactivityExceptionPeriod=134880962)
