  INFO root [2019-06-20 08:08:15,224] - 
  INFO root [2019-06-20 08:08:15,224] - -----------------------------------------------------------------------------------------


  INFO root [2019-06-20 08:08:15,225] - Resmgr::initialize: KBE_ROOT=D:/kbengine/
  INFO root [2019-06-20 08:08:15,225] - Resmgr::initialize: KBE_RES_PATH=D:/kbengine/kbe/res/;D:/kbengine/HappyPoker_assets/;D:/kbengine/HappyPoker_assets/scripts/;D:/kbengine/HappyPoker_assets/res/
  INFO root [2019-06-20 08:08:15,226] - Resmgr::initialize: KBE_BIN_PATH=D:/kbengine/kbe/bin/server/
  INFO root [2019-06-20 08:08:15,236] - NetworkInterface::initialize(INTERNAL-TCP): bound to all interfaces with default route interface on 192.168.56.1 ( 192.168.56.1:30099 )
  INFO root [2019-06-20 08:08:15,236] - NetworkInterface::initialize(INTERNAL-TCP): address 192.168.56.1:30099, SOMAXCONN=5.
  WARN root [2019-06-20 08:08:15,237] - invalid UID(0) <= 0, please check UID for environment! automatically set to 3960.
  INFO root [2019-06-20 08:08:15,240] - ---- interfaces Version: 2.4.5. ScriptVersion: 0.1.0. Pythoncore: 3.7.3. Protocol: 96E445E56B9E460E561358C2D6E9F43B. Config: Debug X86. Built: 09:54:37 May  8 2019. AppID: 3000. UID: 3960. PID: 15572 ----
  INFO root [2019-06-20 08:08:15,241] - Server error_name: Intel(R) Core(TM) i5-6300HQ CPU @ 2.30GHz with 2097151kB RAM
  INFO root [2019-06-20 08:08:15,241] - ThreadPool::createThreadPool: creating  threadpool...
  INFO root [2019-06-20 08:08:15,241] - ThreadPool::createThreadPool: successfully(2), newThreadCount=1, normalMaxThreadCount=2, maxThreadCount=8
  INFO root [2019-06-20 08:08:15,634] - Script::install(): is successfully, Python=(3.7.3 (default, May  8 2019, 09:53:38) [MSC v.1916 32 bit (Intel)])!
  INFO root [2019-06-20 08:08:15,634] - Script::install(): KBExtra is successfully!
S_INFO root [2019-06-20 08:08:15,676] - onInterfaceAppReady: bootstrapGroupIndex=0, bootstrapGlobalIndex=0
  INFO root [2019-06-20 08:08:15,678] - TelnetServer server is running on port 33000
  INFO root [2019-06-20 08:08:16,115] - ---- interfaces is running ----
 DEBUG root [2019-06-20 08:08:16,115] - Components::process(): Request for the process of identity...
  INFO root [2019-06-20 08:08:23,477] - Components::process(): Found all the components!
  INFO root [2019-06-20 08:08:58,666] - 
  INFO root [2019-06-20 08:08:58,673] - -----------------------------------------------------------------------------------------


  INFO root [2019-06-20 08:08:58,676] - Resmgr::initialize: KBE_ROOT=D:/kbengine/
  INFO root [2019-06-20 08:08:58,676] - Resmgr::initialize: KBE_RES_PATH=D:/kbengine/kbe/res/;D:/kbengine/HappyPoker_assets/;D:/kbengine/HappyPoker_assets/scripts/;D:/kbengine/HappyPoker_assets/res/
  INFO root [2019-06-20 08:08:58,676] - Resmgr::initialize: KBE_BIN_PATH=D:/kbengine/kbe/bin/server/
  INFO root [2019-06-20 08:08:58,702] - NetworkInterface::initialize(INTERNAL-TCP): bound to all interfaces with default route interface on 192.168.56.1 ( 192.168.56.1:30099 )
  INFO root [2019-06-20 08:08:58,702] - NetworkInterface::initialize(INTERNAL-TCP): address 192.168.56.1:30099, SOMAXCONN=5.
  WARN root [2019-06-20 08:08:58,702] - invalid UID(0) <= 0, please check UID for environment! automatically set to 3960.
  INFO root [2019-06-20 08:08:58,706] - ---- interfaces Version: 2.4.5. ScriptVersion: 0.1.0. Pythoncore: 3.7.3. Protocol: 96E445E56B9E460E561358C2D6E9F43B. Config: Debug X86. Built: 09:54:37 May  8 2019. AppID: 3000. UID: 3960. PID: 7940 ----
  INFO root [2019-06-20 08:08:58,706] - Server error_name: Intel(R) Core(TM) i5-6300HQ CPU @ 2.30GHz with 2097151kB RAM
  INFO root [2019-06-20 08:08:58,706] - ThreadPool::createThreadPool: creating  threadpool...
  INFO root [2019-06-20 08:08:58,706] - ThreadPool::createThreadPool: successfully(2), newThreadCount=1, normalMaxThreadCount=2, maxThreadCount=8
  INFO root [2019-06-20 08:08:58,960] - Script::install(): is successfully, Python=(3.7.3 (default, May  8 2019, 09:53:38) [MSC v.1916 32 bit (Intel)])!
  INFO root [2019-06-20 08:08:58,960] - Script::install(): KBExtra is successfully!
S_INFO root [2019-06-20 08:08:58,986] - onInterfaceAppReady: bootstrapGroupIndex=0, bootstrapGlobalIndex=0
  INFO root [2019-06-20 08:08:58,986] - TelnetServer server is running on port 33000
  INFO root [2019-06-20 08:08:59,356] - ---- interfaces is running ----
 DEBUG root [2019-06-20 08:08:59,356] - Components::process(): Request for the process of identity...
  INFO root [2019-06-20 08:09:06,791] - Components::process(): Found all the components!
  INFO root [2019-06-20 08:09:44,952] - 
  INFO root [2019-06-20 08:09:44,952] - -----------------------------------------------------------------------------------------


  INFO root [2019-06-20 08:09:44,952] - Resmgr::initialize: KBE_ROOT=D:/kbengine/
  INFO root [2019-06-20 08:09:44,952] - Resmgr::initialize: KBE_RES_PATH=D:/kbengine/kbe/res/;D:/kbengine/HappyPoker_assets/;D:/kbengine/HappyPoker_assets/scripts/;D:/kbengine/HappyPoker_assets/res/
  INFO root [2019-06-20 08:09:44,952] - Resmgr::initialize: KBE_BIN_PATH=D:/kbengine/kbe/bin/server/
  INFO root [2019-06-20 08:09:44,962] - NetworkInterface::initialize(INTERNAL-TCP): bound to all interfaces with default route interface on 192.168.56.1 ( 192.168.56.1:30099 )
  INFO root [2019-06-20 08:09:44,962] - NetworkInterface::initialize(INTERNAL-TCP): address 192.168.56.1:30099, SOMAXCONN=5.
  WARN root [2019-06-20 08:09:44,962] - invalid UID(0) <= 0, please check UID for environment! automatically set to 3960.
  INFO root [2019-06-20 08:09:44,966] - ---- interfaces Version: 2.4.5. ScriptVersion: 0.1.0. Pythoncore: 3.7.3. Protocol: 96E445E56B9E460E561358C2D6E9F43B. Config: Debug X86. Built: 09:54:37 May  8 2019. AppID: 3000. UID: 3960. PID: 1124 ----
  INFO root [2019-06-20 08:09:44,966] - Server error_name: Intel(R) Core(TM) i5-6300HQ CPU @ 2.30GHz with 2097151kB RAM
  INFO root [2019-06-20 08:09:44,966] - ThreadPool::createThreadPool: creating  threadpool...
  INFO root [2019-06-20 08:09:44,966] - ThreadPool::createThreadPool: successfully(2), newThreadCount=1, normalMaxThreadCount=2, maxThreadCount=8
  INFO root [2019-06-20 08:09:45,214] - Script::install(): is successfully, Python=(3.7.3 (default, May  8 2019, 09:53:38) [MSC v.1916 32 bit (Intel)])!
  INFO root [2019-06-20 08:09:45,219] - Script::install(): KBExtra is successfully!
S_INFO root [2019-06-20 08:09:45,245] - onInterfaceAppReady: bootstrapGroupIndex=0, bootstrapGlobalIndex=0
  INFO root [2019-06-20 08:09:45,245] - TelnetServer server is running on port 33000
  INFO root [2019-06-20 08:09:45,632] - ---- interfaces is running ----
 DEBUG root [2019-06-20 08:09:45,632] - Components::process(): Request for the process of identity...
  INFO root [2019-06-20 08:09:52,972] - Components::process(): Found all the components!
  INFO root [2019-06-20 08:10:09,352] - 
  INFO root [2019-06-20 08:10:09,356] - -----------------------------------------------------------------------------------------


  INFO root [2019-06-20 08:10:09,356] - Resmgr::initialize: KBE_ROOT=D:/kbengine/
  INFO root [2019-06-20 08:10:09,356] - Resmgr::initialize: KBE_RES_PATH=D:/kbengine/kbe/res/;D:/kbengine/HappyPoker_assets/;D:/kbengine/HappyPoker_assets/scripts/;D:/kbengine/HappyPoker_assets/res/
  INFO root [2019-06-20 08:10:09,356] - Resmgr::initialize: KBE_BIN_PATH=D:/kbengine/kbe/bin/server/
  INFO root [2019-06-20 08:10:09,366] - NetworkInterface::initialize(INTERNAL-TCP): bound to all interfaces with default route interface on 192.168.56.1 ( 192.168.56.1:30099 )
  INFO root [2019-06-20 08:10:09,366] - NetworkInterface::initialize(INTERNAL-TCP): address 192.168.56.1:30099, SOMAXCONN=5.
  WARN root [2019-06-20 08:10:09,366] - invalid UID(0) <= 0, please check UID for environment! automatically set to 3960.
  INFO root [2019-06-20 08:10:09,376] - ---- interfaces Version: 2.4.5. ScriptVersion: 0.1.0. Pythoncore: 3.7.3. Protocol: 96E445E56B9E460E561358C2D6E9F43B. Config: Debug X86. Built: 09:54:37 May  8 2019. AppID: 3000. UID: 3960. PID: 17020 ----
  INFO root [2019-06-20 08:10:09,376] - Server error_name: Intel(R) Core(TM) i5-6300HQ CPU @ 2.30GHz with 2097151kB RAM
  INFO root [2019-06-20 08:10:09,376] - ThreadPool::createThreadPool: creating  threadpool...
  INFO root [2019-06-20 08:10:09,376] - ThreadPool::createThreadPool: successfully(2), newThreadCount=1, normalMaxThreadCount=2, maxThreadCount=8
  INFO root [2019-06-20 08:10:09,655] - Script::install(): is successfully, Python=(3.7.3 (default, May  8 2019, 09:53:38) [MSC v.1916 32 bit (Intel)])!
  INFO root [2019-06-20 08:10:09,655] - Script::install(): KBExtra is successfully!
S_INFO root [2019-06-20 08:10:09,677] - onInterfaceAppReady: bootstrapGroupIndex=0, bootstrapGlobalIndex=0
  INFO root [2019-06-20 08:10:09,682] - TelnetServer server is running on port 33000
  INFO root [2019-06-20 08:10:10,102] - ---- interfaces is running ----
 DEBUG root [2019-06-20 08:10:10,102] - Components::process(): Request for the process of identity...
  WARN root [2019-06-20 08:10:13,862] - BundleBroadcast::BundleBroadcast: Cannot bind to port 20086, errorno=10048
  INFO root [2019-06-20 08:10:18,162] - Components::process(): Found all the components!
  INFO root [2019-06-20 08:10:38,512] - 
  INFO root [2019-06-20 08:10:38,512] - -----------------------------------------------------------------------------------------


  INFO root [2019-06-20 08:10:38,512] - Resmgr::initialize: KBE_ROOT=D:/kbengine/
  INFO root [2019-06-20 08:10:38,512] - Resmgr::initialize: KBE_RES_PATH=D:/kbengine/kbe/res/;D:/kbengine/HappyPoker_assets/;D:/kbengine/HappyPoker_assets/scripts/;D:/kbengine/HappyPoker_assets/res/
  INFO root [2019-06-20 08:10:38,512] - Resmgr::initialize: KBE_BIN_PATH=D:/kbengine/kbe/bin/server/
  INFO root [2019-06-20 08:10:38,535] - NetworkInterface::initialize(INTERNAL-TCP): bound to all interfaces with default route interface on 192.168.56.1 ( 192.168.56.1:30099 )
  INFO root [2019-06-20 08:10:38,535] - NetworkInterface::initialize(INTERNAL-TCP): address 192.168.56.1:30099, SOMAXCONN=5.
  WARN root [2019-06-20 08:10:38,535] - invalid UID(0) <= 0, please check UID for environment! automatically set to 3960.
  INFO root [2019-06-20 08:10:38,547] - ---- interfaces Version: 2.4.5. ScriptVersion: 0.1.0. Pythoncore: 3.7.3. Protocol: 96E445E56B9E460E561358C2D6E9F43B. Config: Debug X86. Built: 09:54:37 May  8 2019. AppID: 3000. UID: 3960. PID: 16000 ----
  INFO root [2019-06-20 08:10:38,547] - Server error_name: Intel(R) Core(TM) i5-6300HQ CPU @ 2.30GHz with 2097151kB RAM
  INFO root [2019-06-20 08:10:38,557] - ThreadPool::createThreadPool: creating  threadpool...
  INFO root [2019-06-20 08:10:38,557] - ThreadPool::createThreadPool: successfully(2), newThreadCount=1, normalMaxThreadCount=2, maxThreadCount=8
  INFO root [2019-06-20 08:10:38,757] - Script::install(): is successfully, Python=(3.7.3 (default, May  8 2019, 09:53:38) [MSC v.1916 32 bit (Intel)])!
  INFO root [2019-06-20 08:10:38,757] - Script::install(): KBExtra is successfully!
S_INFO root [2019-06-20 08:10:38,786] - onInterfaceAppReady: bootstrapGroupIndex=0, bootstrapGlobalIndex=0
  INFO root [2019-06-20 08:10:38,786] - TelnetServer server is running on port 33000
  INFO root [2019-06-20 08:10:39,160] - ---- interfaces is running ----
 DEBUG root [2019-06-20 08:10:39,160] - Components::process(): Request for the process of identity...
  INFO root [2019-06-20 08:10:45,386] - ServerApp::onRegisterNewApp: uid:3960, username:error_name, componentType:dbmgr, componentID:4000, globalorderID=-1, grouporderID=-1, intaddr:192.168.56.1, intport:50010, extaddr:nonsupport, extport:0,  from 127.0.0.1:50020/0/0/0.
  INFO root [2019-06-20 08:10:45,386] - Components::addComponent: reset orderLog, uid=3960!
  INFO root [2019-06-20 08:10:45,386] - Components::addComponent[dbmgr], uid=3960, componentID=4000, globalorderid=1, grouporderid=1, totalcount=1
  INFO root [2019-06-20 08:10:46,422] - Components::process(): Found all the components!
S_INFO root [2019-06-20 08:13:33,750] - onRequestAccountLogin: registerName=111
S_INFO root [2019-06-20 08:14:05,674] - onRequestAccountLogin: registerName=123456
S_INFO root [2019-06-20 08:14:20,826] - onRequestAccountLogin: registerName=12345678
  WARN root [2019-06-20 08:21:23,175] - TCPPacketReceiver::processPendingEvents(127.0.0.1:50020): Throwing REASON_GENERAL_NETWORK - WSAECONNRESET
  INFO root [2019-06-20 08:21:23,178] - Components::removeComponentByChannel: dbmgr : 4000, Normal exit!
  INFO root [2019-06-20 08:22:01,899] - 
  INFO root [2019-06-20 08:22:01,904] - -----------------------------------------------------------------------------------------


  INFO root [2019-06-20 08:22:01,905] - Resmgr::initialize: KBE_ROOT=D:/kbengine/
  INFO root [2019-06-20 08:22:01,905] - Resmgr::initialize: KBE_RES_PATH=D:/kbengine/kbe/res/;D:/kbengine/HappyPoker_assets/;D:/kbengine/HappyPoker_assets/scripts/;D:/kbengine/HappyPoker_assets/res/
  INFO root [2019-06-20 08:22:01,905] - Resmgr::initialize: KBE_BIN_PATH=D:/kbengine/kbe/bin/server/
  INFO root [2019-06-20 08:22:01,930] - NetworkInterface::initialize(INTERNAL-TCP): bound to all interfaces with default route interface on 192.168.56.1 ( 192.168.56.1:30099 )
  INFO root [2019-06-20 08:22:01,930] - NetworkInterface::initialize(INTERNAL-TCP): address 192.168.56.1:30099, SOMAXCONN=5.
  WARN root [2019-06-20 08:22:01,930] - invalid UID(0) <= 0, please check UID for environment! automatically set to 3960.
  INFO root [2019-06-20 08:22:01,935] - ---- interfaces Version: 2.4.5. ScriptVersion: 0.1.0. Pythoncore: 3.7.3. Protocol: 96E445E56B9E460E561358C2D6E9F43B. Config: Debug X86. Built: 09:54:37 May  8 2019. AppID: 3000. UID: 3960. PID: 7624 ----
  INFO root [2019-06-20 08:22:01,938] - Server error_name: Intel(R) Core(TM) i5-6300HQ CPU @ 2.30GHz with 2097151kB RAM
  INFO root [2019-06-20 08:22:01,938] - ThreadPool::createThreadPool: creating  threadpool...
  INFO root [2019-06-20 08:22:01,939] - ThreadPool::createThreadPool: successfully(2), newThreadCount=1, normalMaxThreadCount=2, maxThreadCount=8
  INFO root [2019-06-20 08:22:02,170] - Script::install(): is successfully, Python=(3.7.3 (default, May  8 2019, 09:53:38) [MSC v.1916 32 bit (Intel)])!
  INFO root [2019-06-20 08:22:02,170] - Script::install(): KBExtra is successfully!
S_INFO root [2019-06-20 08:22:02,199] - onInterfaceAppReady: bootstrapGroupIndex=0, bootstrapGlobalIndex=0
  INFO root [2019-06-20 08:22:02,200] - TelnetServer server is running on port 33000
  INFO root [2019-06-20 08:22:02,617] - ---- interfaces is running ----
 DEBUG root [2019-06-20 08:22:02,618] - Components::process(): Request for the process of identity...
  INFO root [2019-06-20 08:22:08,776] - ServerApp::onRegisterNewApp: uid:3960, username:error_name, componentType:dbmgr, componentID:4000, globalorderID=-1, grouporderID=-1, intaddr:192.168.56.1, intport:50146, extaddr:nonsupport, extport:0,  from 127.0.0.1:50153/0/0/0.
  INFO root [2019-06-20 08:22:08,776] - Components::addComponent: reset orderLog, uid=3960!
  INFO root [2019-06-20 08:22:08,777] - Components::addComponent[dbmgr], uid=3960, componentID=4000, globalorderid=1, grouporderid=1, totalcount=1
  INFO root [2019-06-20 08:22:09,815] - Components::process(): Found all the components!
S_INFO root [2019-06-20 08:22:42,755] - onRequestAccountLogin: registerName=111
S_INFO root [2019-06-20 08:23:05,940] - onRequestAccountLogin: registerName=123456
S_INFO root [2019-06-20 08:23:29,026] - onRequestAccountLogin: registerName=12345678
  WARN root [2019-06-20 08:29:31,365] - TCPPacketReceiver::processPendingEvents(127.0.0.1:50153): Throwing REASON_GENERAL_NETWORK - WSAECONNRESET
  INFO root [2019-06-20 08:29:31,366] - Components::removeComponentByChannel: dbmgr : 4000, Normal exit!
  INFO root [2019-06-20 08:29:33,425] - 
  INFO root [2019-06-20 08:29:33,426] - -----------------------------------------------------------------------------------------


  INFO root [2019-06-20 08:29:33,427] - Resmgr::initialize: KBE_ROOT=D:/kbengine/
  INFO root [2019-06-20 08:29:33,428] - Resmgr::initialize: KBE_RES_PATH=D:/kbengine/kbe/res/;D:/kbengine/HappyPoker_assets/;D:/kbengine/HappyPoker_assets/scripts/;D:/kbengine/HappyPoker_assets/res/
  INFO root [2019-06-20 08:29:33,428] - Resmgr::initialize: KBE_BIN_PATH=D:/kbengine/kbe/bin/server/
  INFO root [2019-06-20 08:29:33,448] - NetworkInterface::initialize(INTERNAL-TCP): bound to all interfaces with default route interface on 192.168.56.1 ( 192.168.56.1:30099 )
  INFO root [2019-06-20 08:29:33,448] - NetworkInterface::initialize(INTERNAL-TCP): address 192.168.56.1:30099, SOMAXCONN=5.
  WARN root [2019-06-20 08:29:33,449] - invalid UID(0) <= 0, please check UID for environment! automatically set to 3960.
  INFO root [2019-06-20 08:29:33,455] - ---- interfaces Version: 2.4.5. ScriptVersion: 0.1.0. Pythoncore: 3.7.3. Protocol: 96E445E56B9E460E561358C2D6E9F43B. Config: Debug X86. Built: 09:54:37 May  8 2019. AppID: 3000. UID: 3960. PID: 4324 ----
  INFO root [2019-06-20 08:29:33,457] - Server error_name: Intel(R) Core(TM) i5-6300HQ CPU @ 2.30GHz with 2097151kB RAM
  INFO root [2019-06-20 08:29:33,458] - ThreadPool::createThreadPool: creating  threadpool...
  INFO root [2019-06-20 08:29:33,458] - ThreadPool::createThreadPool: successfully(2), newThreadCount=1, normalMaxThreadCount=2, maxThreadCount=8
  INFO root [2019-06-20 08:29:33,825] - Script::install(): is successfully, Python=(3.7.3 (default, May  8 2019, 09:53:38) [MSC v.1916 32 bit (Intel)])!
  INFO root [2019-06-20 08:29:33,826] - Script::install(): KBExtra is successfully!
S_INFO root [2019-06-20 08:29:33,864] - onInterfaceAppReady: bootstrapGroupIndex=0, bootstrapGlobalIndex=0
  INFO root [2019-06-20 08:29:33,865] - TelnetServer server is running on port 33000
  INFO root [2019-06-20 08:29:34,382] - ---- interfaces is running ----
 DEBUG root [2019-06-20 08:29:34,384] - Components::process(): Request for the process of identity...
  INFO root [2019-06-20 08:29:40,573] - ServerApp::onRegisterNewApp: uid:3960, username:error_name, componentType:dbmgr, componentID:4000, globalorderID=-1, grouporderID=-1, intaddr:192.168.56.1, intport:50221, extaddr:nonsupport, extport:0,  from 127.0.0.1:50228/0/0/0.
  INFO root [2019-06-20 08:29:40,573] - Components::addComponent: reset orderLog, uid=3960!
  INFO root [2019-06-20 08:29:40,573] - Components::addComponent[dbmgr], uid=3960, componentID=4000, globalorderid=1, grouporderid=1, totalcount=1
  INFO root [2019-06-20 08:29:41,666] - Components::process(): Found all the components!
S_INFO root [2019-06-20 08:30:29,495] - onRequestAccountLogin: registerName=111
S_INFO root [2019-06-20 08:30:52,531] - onRequestAccountLogin: registerName=123456
S_INFO root [2019-06-20 08:31:20,816] - onRequestAccountLogin: registerName=12345678
  WARN root [2019-06-20 08:41:05,820] - TCPPacketReceiver::processPendingEvents(127.0.0.1:50228): Throwing REASON_GENERAL_NETWORK - WSAECONNRESET
  INFO root [2019-06-20 08:41:05,829] - Components::removeComponentByChannel: dbmgr : 4000, Normal exit!
  INFO root [2019-06-20 08:41:07,900] - 
  INFO root [2019-06-20 08:41:07,911] - -----------------------------------------------------------------------------------------


  INFO root [2019-06-20 08:41:07,913] - Resmgr::initialize: KBE_ROOT=D:/kbengine/
  INFO root [2019-06-20 08:41:07,913] - Resmgr::initialize: KBE_RES_PATH=D:/kbengine/kbe/res/;D:/kbengine/HappyPoker_assets/;D:/kbengine/HappyPoker_assets/scripts/;D:/kbengine/HappyPoker_assets/res/
  INFO root [2019-06-20 08:41:07,913] - Resmgr::initialize: KBE_BIN_PATH=D:/kbengine/kbe/bin/server/
  INFO root [2019-06-20 08:41:07,936] - NetworkInterface::initialize(INTERNAL-TCP): bound to all interfaces with default route interface on 192.168.56.1 ( 192.168.56.1:30099 )
  INFO root [2019-06-20 08:41:07,936] - NetworkInterface::initialize(INTERNAL-TCP): address 192.168.56.1:30099, SOMAXCONN=5.
  WARN root [2019-06-20 08:41:07,936] - invalid UID(0) <= 0, please check UID for environment! automatically set to 3960.
  INFO root [2019-06-20 08:41:07,941] - ---- interfaces Version: 2.4.5. ScriptVersion: 0.1.0. Pythoncore: 3.7.3. Protocol: 96E445E56B9E460E561358C2D6E9F43B. Config: Debug X86. Built: 09:54:37 May  8 2019. AppID: 3000. UID: 3960. PID: 7808 ----
  INFO root [2019-06-20 08:41:07,951] - Server error_name: Intel(R) Core(TM) i5-6300HQ CPU @ 2.30GHz with 2097151kB RAM
  INFO root [2019-06-20 08:41:07,953] - ThreadPool::createThreadPool: creating  threadpool...
  INFO root [2019-06-20 08:41:07,954] - ThreadPool::createThreadPool: successfully(2), newThreadCount=1, normalMaxThreadCount=2, maxThreadCount=8
  INFO root [2019-06-20 08:41:08,221] - Script::install(): is successfully, Python=(3.7.3 (default, May  8 2019, 09:53:38) [MSC v.1916 32 bit (Intel)])!
  INFO root [2019-06-20 08:41:08,221] - Script::install(): KBExtra is successfully!
S_INFO root [2019-06-20 08:41:08,266] - onInterfaceAppReady: bootstrapGroupIndex=0, bootstrapGlobalIndex=0
  INFO root [2019-06-20 08:41:08,269] - TelnetServer server is running on port 33000
  INFO root [2019-06-20 08:41:09,010] - ---- interfaces is running ----
 DEBUG root [2019-06-20 08:41:09,014] - Components::process(): Request for the process of identity...
  INFO root [2019-06-20 08:41:15,218] - ServerApp::onRegisterNewApp: uid:3960, username:error_name, componentType:dbmgr, componentID:4000, globalorderID=-1, grouporderID=-1, intaddr:192.168.56.1, intport:50332, extaddr:nonsupport, extport:0,  from 127.0.0.1:50341/0/0/0.
  INFO root [2019-06-20 08:41:15,219] - Components::addComponent: reset orderLog, uid=3960!
  INFO root [2019-06-20 08:41:15,219] - Components::addComponent[dbmgr], uid=3960, componentID=4000, globalorderid=1, grouporderid=1, totalcount=1
  INFO root [2019-06-20 08:41:16,267] - Components::process(): Found all the components!
S_INFO root [2019-06-20 08:41:55,429] - onRequestAccountLogin: registerName=111
S_INFO root [2019-06-20 08:42:15,317] - onRequestAccountLogin: registerName=123456
S_INFO root [2019-06-20 08:42:40,486] - onRequestAccountLogin: registerName=12345678
  WARN root [2019-06-20 08:52:13,830] - TCPPacketReceiver::processPendingEvents(127.0.0.1:50341): Throwing REASON_GENERAL_NETWORK - WSAECONNRESET
  INFO root [2019-06-20 08:52:13,834] - Components::removeComponentByChannel: dbmgr : 4000, Normal exit!
  INFO root [2019-06-20 08:52:15,625] - 
  INFO root [2019-06-20 08:52:15,630] - -----------------------------------------------------------------------------------------


  INFO root [2019-06-20 08:52:15,632] - Resmgr::initialize: KBE_ROOT=D:/kbengine/
  INFO root [2019-06-20 08:52:15,632] - Resmgr::initialize: KBE_RES_PATH=D:/kbengine/kbe/res/;D:/kbengine/HappyPoker_assets/;D:/kbengine/HappyPoker_assets/scripts/;D:/kbengine/HappyPoker_assets/res/
  INFO root [2019-06-20 08:52:15,632] - Resmgr::initialize: KBE_BIN_PATH=D:/kbengine/kbe/bin/server/
  INFO root [2019-06-20 08:52:15,657] - NetworkInterface::initialize(INTERNAL-TCP): bound to all interfaces with default route interface on 192.168.56.1 ( 192.168.56.1:30099 )
  INFO root [2019-06-20 08:52:15,657] - NetworkInterface::initialize(INTERNAL-TCP): address 192.168.56.1:30099, SOMAXCONN=5.
  WARN root [2019-06-20 08:52:15,658] - invalid UID(0) <= 0, please check UID for environment! automatically set to 3960.
  INFO root [2019-06-20 08:52:15,668] - ---- interfaces Version: 2.4.5. ScriptVersion: 0.1.0. Pythoncore: 3.7.3. Protocol: 96E445E56B9E460E561358C2D6E9F43B. Config: Debug X86. Built: 09:54:37 May  8 2019. AppID: 3000. UID: 3960. PID: 10464 ----
  INFO root [2019-06-20 08:52:15,672] - Server error_name: Intel(R) Core(TM) i5-6300HQ CPU @ 2.30GHz with 2097151kB RAM
  INFO root [2019-06-20 08:52:15,672] - ThreadPool::createThreadPool: creating  threadpool...
  INFO root [2019-06-20 08:52:15,673] - ThreadPool::createThreadPool: successfully(2), newThreadCount=1, normalMaxThreadCount=2, maxThreadCount=8
  INFO root [2019-06-20 08:52:15,918] - Script::install(): is successfully, Python=(3.7.3 (default, May  8 2019, 09:53:38) [MSC v.1916 32 bit (Intel)])!
  INFO root [2019-06-20 08:52:15,919] - Script::install(): KBExtra is successfully!
S_INFO root [2019-06-20 08:52:15,948] - onInterfaceAppReady: bootstrapGroupIndex=0, bootstrapGlobalIndex=0
  INFO root [2019-06-20 08:52:15,950] - TelnetServer server is running on port 33000
  INFO root [2019-06-20 08:52:16,445] - ---- interfaces is running ----
 DEBUG root [2019-06-20 08:52:16,451] - Components::process(): Request for the process of identity...
  INFO root [2019-06-20 08:52:22,587] - ServerApp::onRegisterNewApp: uid:3960, username:error_name, componentType:dbmgr, componentID:4000, globalorderID=-1, grouporderID=-1, intaddr:192.168.56.1, intport:50428, extaddr:nonsupport, extport:0,  from 127.0.0.1:50439/0/0/0.
  INFO root [2019-06-20 08:52:22,588] - Components::addComponent: reset orderLog, uid=3960!
  INFO root [2019-06-20 08:52:22,588] - Components::addComponent[dbmgr], uid=3960, componentID=4000, globalorderid=1, grouporderid=1, totalcount=1
  INFO root [2019-06-20 08:52:23,650] - Components::process(): Found all the components!
S_INFO root [2019-06-20 08:52:51,654] - onRequestAccountLogin: registerName=111
S_INFO root [2019-06-20 08:53:14,661] - onRequestAccountLogin: registerName=123456
S_INFO root [2019-06-20 08:53:42,498] - onRequestAccountLogin: registerName=12345678
  WARN root [2019-06-20 08:57:22,544] - TCPPacketReceiver::processPendingEvents(127.0.0.1:50439): Throwing REASON_GENERAL_NETWORK - WSAECONNRESET
  INFO root [2019-06-20 08:57:22,546] - Components::removeComponentByChannel: dbmgr : 4000, Normal exit!
  INFO root [2019-06-20 11:09:41,015] - 
  INFO root [2019-06-20 11:09:41,032] - -----------------------------------------------------------------------------------------


  INFO root [2019-06-20 11:09:41,033] - Resmgr::initialize: KBE_ROOT=D:/kbengine/
  INFO root [2019-06-20 11:09:41,034] - Resmgr::initialize: KBE_RES_PATH=D:/kbengine/kbe/res/;D:/kbengine/HappyPoker_assets/;D:/kbengine/HappyPoker_assets/scripts/;D:/kbengine/HappyPoker_assets/res/
  INFO root [2019-06-20 11:09:41,034] - Resmgr::initialize: KBE_BIN_PATH=D:/kbengine/kbe/bin/server/
  INFO root [2019-06-20 11:09:41,051] - NetworkInterface::initialize(INTERNAL-TCP): bound to all interfaces with default route interface on 192.168.56.1 ( 192.168.56.1:30099 )
  INFO root [2019-06-20 11:09:41,051] - NetworkInterface::initialize(INTERNAL-TCP): address 192.168.56.1:30099, SOMAXCONN=5.
  WARN root [2019-06-20 11:09:41,052] - invalid UID(0) <= 0, please check UID for environment! automatically set to 3960.
  INFO root [2019-06-20 11:09:41,060] - ---- interfaces Version: 2.4.5. ScriptVersion: 0.1.0. Pythoncore: 3.7.3. Protocol: 96E445E56B9E460E561358C2D6E9F43B. Config: Debug X86. Built: 09:54:37 May  8 2019. AppID: 3000. UID: 3960. PID: 13840 ----
  INFO root [2019-06-20 11:09:41,062] - Server error_name: Intel(R) Core(TM) i5-6300HQ CPU @ 2.30GHz with 2097151kB RAM
  INFO root [2019-06-20 11:09:41,062] - ThreadPool::createThreadPool: creating  threadpool...
  INFO root [2019-06-20 11:09:41,062] - ThreadPool::createThreadPool: successfully(2), newThreadCount=1, normalMaxThreadCount=2, maxThreadCount=8
  INFO root [2019-06-20 11:09:41,289] - Script::install(): is successfully, Python=(3.7.3 (default, May  8 2019, 09:53:38) [MSC v.1916 32 bit (Intel)])!
  INFO root [2019-06-20 11:09:41,289] - Script::install(): KBExtra is successfully!
S_INFO root [2019-06-20 11:09:41,332] - onInterfaceAppReady: bootstrapGroupIndex=0, bootstrapGlobalIndex=0
  INFO root [2019-06-20 11:09:41,333] - TelnetServer server is running on port 33000
  INFO root [2019-06-20 11:09:41,969] - ---- interfaces is running ----
 DEBUG root [2019-06-20 11:09:41,997] - Components::process(): Request for the process of identity...
  INFO root [2019-06-20 11:09:48,139] - ServerApp::onRegisterNewApp: uid:3960, username:error_name, componentType:dbmgr, componentID:4000, globalorderID=-1, grouporderID=-1, intaddr:192.168.56.1, intport:54046, extaddr:nonsupport, extport:0,  from 127.0.0.1:54054/0/0/0.
  INFO root [2019-06-20 11:09:48,139] - Components::addComponent: reset orderLog, uid=3960!
  INFO root [2019-06-20 11:09:48,139] - Components::addComponent[dbmgr], uid=3960, componentID=4000, globalorderid=1, grouporderid=1, totalcount=1
  INFO root [2019-06-20 11:09:49,235] - Components::process(): Found all the components!
S_INFO root [2019-06-20 11:10:24,987] - onRequestAccountLogin: registerName=111
S_INFO root [2019-06-20 11:10:36,416] - onRequestAccountLogin: registerName=111
S_INFO root [2019-06-20 11:10:49,938] - onRequestAccountLogin: registerName=123456
S_INFO root [2019-06-20 11:10:57,815] - onRequestAccountLogin: registerName=123456
S_INFO root [2019-06-20 11:11:07,359] - onRequestAccountLogin: registerName=123456
  WARN root [2019-06-20 11:11:25,059] - TCPPacketReceiver::processPendingEvents(127.0.0.1:54054): Throwing REASON_GENERAL_NETWORK - WSAECONNRESET
  INFO root [2019-06-20 11:11:25,062] - Components::removeComponentByChannel: dbmgr : 4000, Normal exit!
  INFO root [2019-06-20 11:14:10,704] - 
  INFO root [2019-06-20 11:14:10,714] - -----------------------------------------------------------------------------------------


  INFO root [2019-06-20 11:14:10,715] - Resmgr::initialize: KBE_ROOT=D:/kbengine/
  INFO root [2019-06-20 11:14:10,715] - Resmgr::initialize: KBE_RES_PATH=D:/kbengine/kbe/res/;D:/kbengine/HappyPoker_assets/;D:/kbengine/HappyPoker_assets/scripts/;D:/kbengine/HappyPoker_assets/res/
  INFO root [2019-06-20 11:14:10,716] - Resmgr::initialize: KBE_BIN_PATH=D:/kbengine/kbe/bin/server/
  INFO root [2019-06-20 11:14:10,747] - NetworkInterface::initialize(INTERNAL-TCP): bound to all interfaces with default route interface on 192.168.56.1 ( 192.168.56.1:30099 )
  INFO root [2019-06-20 11:14:10,748] - NetworkInterface::initialize(INTERNAL-TCP): address 192.168.56.1:30099, SOMAXCONN=5.
  WARN root [2019-06-20 11:14:10,748] - invalid UID(0) <= 0, please check UID for environment! automatically set to 3960.
  INFO root [2019-06-20 11:14:10,754] - ---- interfaces Version: 2.4.5. ScriptVersion: 0.1.0. Pythoncore: 3.7.3. Protocol: 96E445E56B9E460E561358C2D6E9F43B. Config: Debug X86. Built: 09:54:37 May  8 2019. AppID: 3000. UID: 3960. PID: 13568 ----
  INFO root [2019-06-20 11:14:10,755] - Server error_name: Intel(R) Core(TM) i5-6300HQ CPU @ 2.30GHz with 2097151kB RAM
  INFO root [2019-06-20 11:14:10,756] - ThreadPool::createThreadPool: creating  threadpool...
  INFO root [2019-06-20 11:14:10,757] - ThreadPool::createThreadPool: successfully(2), newThreadCount=1, normalMaxThreadCount=2, maxThreadCount=8
  INFO root [2019-06-20 11:14:11,028] - Script::install(): is successfully, Python=(3.7.3 (default, May  8 2019, 09:53:38) [MSC v.1916 32 bit (Intel)])!
  INFO root [2019-06-20 11:14:11,028] - Script::install(): KBExtra is successfully!
S_INFO root [2019-06-20 11:14:11,061] - onInterfaceAppReady: bootstrapGroupIndex=0, bootstrapGlobalIndex=0
  INFO root [2019-06-20 11:14:11,063] - TelnetServer server is running on port 33000
  INFO root [2019-06-20 11:14:11,464] - ---- interfaces is running ----
 DEBUG root [2019-06-20 11:14:11,464] - Components::process(): Request for the process of identity...
  INFO root [2019-06-20 11:14:17,598] - ServerApp::onRegisterNewApp: uid:3960, username:error_name, componentType:dbmgr, componentID:4000, globalorderID=-1, grouporderID=-1, intaddr:192.168.56.1, intport:54153, extaddr:nonsupport, extport:0,  from 127.0.0.1:54157/0/0/0.
  INFO root [2019-06-20 11:14:17,598] - Components::addComponent: reset orderLog, uid=3960!
  INFO root [2019-06-20 11:14:17,599] - Components::addComponent[dbmgr], uid=3960, componentID=4000, globalorderid=1, grouporderid=1, totalcount=1
  INFO root [2019-06-20 11:14:18,662] - Components::process(): Found all the components!
S_INFO root [2019-06-20 11:14:40,237] - onRequestAccountLogin: registerName=111
S_INFO root [2019-06-20 11:16:07,457] - onRequestAccountLogin: registerName=123456
S_INFO root [2019-06-20 11:18:28,628] - onRequestAccountLogin: registerName=12345678
  WARN root [2019-06-20 11:27:31,184] - TCPPacketReceiver::processPendingEvents(127.0.0.1:54157): Throwing REASON_GENERAL_NETWORK - WSAECONNRESET
  INFO root [2019-06-20 11:27:31,189] - Components::removeComponentByChannel: dbmgr : 4000, Normal exit!
