  INFO root [2019-07-12 09:23:35,285] - 
  INFO root [2019-07-12 09:23:35,285] - -----------------------------------------------------------------------------------------


  INFO root [2019-07-12 09:23:36,335] - Resmgr::initialize: KBE_ROOT=D:/kbengine/
  INFO root [2019-07-12 09:23:36,335] - Resmgr::initialize: KBE_RES_PATH=D:/kbengine/kbe/res/;D:/kbengine/HappyPoker_assets/;D:/kbengine/HappyPoker_assets/scripts/;D:/kbengine/HappyPoker_assets/res/
  INFO root [2019-07-12 09:23:36,337] - Resmgr::initialize: KBE_BIN_PATH=D:/kbengine/kbe/bin/server/
  INFO root [2019-07-12 09:23:38,265] - NetworkInterface::initialize(INTERNAL-TCP): bound to all interfaces with default route interface on 192.168.56.1 ( 192.168.56.1:30099 )
  INFO root [2019-07-12 09:23:38,278] - NetworkInterface::initialize(INTERNAL-TCP): address 192.168.56.1:30099, SOMAXCONN=5.
  WARN root [2019-07-12 09:23:38,278] - invalid UID(0) <= 0, please check UID for environment! automatically set to 2082.
  INFO root [2019-07-12 09:23:38,325] - ---- interfaces Version: 2.4.5. ScriptVersion: 0.1.0. Pythoncore: 3.7.3. Protocol: 96E445E56B9E460E561358C2D6E9F43B. Config: Debug X86. Built: 09:54:37 May  8 2019. AppID: 3000. UID: 2082. PID: 14860 ----
  INFO root [2019-07-12 09:23:38,325] - Server error_name: Intel(R) Core(TM) i5-6300HQ CPU @ 2.30GHz with 2097151kB RAM
  INFO root [2019-07-12 09:23:38,545] - ThreadPool::createThreadPool: creating  threadpool...
  INFO root [2019-07-12 09:23:38,545] - ThreadPool::createThreadPool: successfully(2), newThreadCount=1, normalMaxThreadCount=2, maxThreadCount=8
  INFO root [2019-07-12 09:23:39,248] - Script::install(): is successfully, Python=(3.7.3 (default, May  8 2019, 09:53:38) [MSC v.1916 32 bit (Intel)])!
  INFO root [2019-07-12 09:23:39,248] - Script::install(): KBExtra is successfully!
S_INFO root [2019-07-12 09:23:39,635] - onInterfaceAppReady: bootstrapGroupIndex=0, bootstrapGlobalIndex=0
  INFO root [2019-07-12 09:23:39,715] - TelnetServer server is running on port 33000
  INFO root [2019-07-12 09:23:40,368] - ---- interfaces is running ----
 DEBUG root [2019-07-12 09:23:40,385] - Components::process(): Request for the process of identity...
  INFO root [2019-07-12 09:23:47,735] - Components::process(): Found all the components!
  INFO root [2019-07-12 09:26:05,477] - 
  INFO root [2019-07-12 09:26:05,477] - -----------------------------------------------------------------------------------------


  INFO root [2019-07-12 09:26:05,478] - Resmgr::initialize: KBE_ROOT=D:/kbengine/
  INFO root [2019-07-12 09:26:05,479] - Resmgr::initialize: KBE_RES_PATH=D:/kbengine/kbe/res/;D:/kbengine/HappyPoker_assets/;D:/kbengine/HappyPoker_assets/scripts/;D:/kbengine/HappyPoker_assets/res/
  INFO root [2019-07-12 09:26:05,479] - Resmgr::initialize: KBE_BIN_PATH=D:/kbengine/kbe/bin/server/
  INFO root [2019-07-12 09:26:05,512] - NetworkInterface::initialize(INTERNAL-TCP): bound to all interfaces with default route interface on 192.168.56.1 ( 192.168.56.1:30099 )
  INFO root [2019-07-12 09:26:05,512] - NetworkInterface::initialize(INTERNAL-TCP): address 192.168.56.1:30099, SOMAXCONN=5.
  WARN root [2019-07-12 09:26:05,512] - invalid UID(0) <= 0, please check UID for environment! automatically set to 2082.
  INFO root [2019-07-12 09:26:05,522] - ---- interfaces Version: 2.4.5. ScriptVersion: 0.1.0. Pythoncore: 3.7.3. Protocol: 96E445E56B9E460E561358C2D6E9F43B. Config: Debug X86. Built: 09:54:37 May  8 2019. AppID: 3000. UID: 2082. PID: 11180 ----
  INFO root [2019-07-12 09:26:05,524] - Server error_name: Intel(R) Core(TM) i5-6300HQ CPU @ 2.30GHz with 2097151kB RAM
  INFO root [2019-07-12 09:26:05,525] - ThreadPool::createThreadPool: creating  threadpool...
  INFO root [2019-07-12 09:26:05,526] - ThreadPool::createThreadPool: successfully(2), newThreadCount=1, normalMaxThreadCount=2, maxThreadCount=8
  INFO root [2019-07-12 09:26:05,789] - Script::install(): is successfully, Python=(3.7.3 (default, May  8 2019, 09:53:38) [MSC v.1916 32 bit (Intel)])!
  INFO root [2019-07-12 09:26:05,789] - Script::install(): KBExtra is successfully!
S_INFO root [2019-07-12 09:26:05,817] - onInterfaceAppReady: bootstrapGroupIndex=0, bootstrapGlobalIndex=0
  INFO root [2019-07-12 09:26:05,819] - TelnetServer server is running on port 33000
  INFO root [2019-07-12 09:26:06,199] - ---- interfaces is running ----
 DEBUG root [2019-07-12 09:26:06,200] - Components::process(): Request for the process of identity...
  INFO root [2019-07-12 09:26:13,384] - Components::process(): Found all the components!
  INFO root [2019-07-12 14:27:11,473] - 
  INFO root [2019-07-12 14:27:11,473] - -----------------------------------------------------------------------------------------


  INFO root [2019-07-12 14:27:11,474] - Resmgr::initialize: KBE_ROOT=D:/kbengine/
  INFO root [2019-07-12 14:27:11,474] - Resmgr::initialize: KBE_RES_PATH=D:/kbengine/kbe/res/;D:/kbengine/HappyPoker_assets/;D:/kbengine/HappyPoker_assets/scripts/;D:/kbengine/HappyPoker_assets/res/
  INFO root [2019-07-12 14:27:11,475] - Resmgr::initialize: KBE_BIN_PATH=D:/kbengine/kbe/bin/server/
  INFO root [2019-07-12 14:27:11,491] - NetworkInterface::initialize(INTERNAL-TCP): bound to all interfaces with default route interface on 192.168.56.1 ( 192.168.56.1:30099 )
  INFO root [2019-07-12 14:27:11,491] - NetworkInterface::initialize(INTERNAL-TCP): address 192.168.56.1:30099, SOMAXCONN=5.
  WARN root [2019-07-12 14:27:11,491] - invalid UID(0) <= 0, please check UID for environment! automatically set to 2082.
  INFO root [2019-07-12 14:27:11,495] - ---- interfaces Version: 2.4.5. ScriptVersion: 0.1.0. Pythoncore: 3.7.3. Protocol: 96E445E56B9E460E561358C2D6E9F43B. Config: Debug X86. Built: 09:54:37 May  8 2019. AppID: 3000. UID: 2082. PID: 13756 ----
  INFO root [2019-07-12 14:27:11,495] - Server error_name: Intel(R) Core(TM) i5-6300HQ CPU @ 2.30GHz with 2097151kB RAM
  INFO root [2019-07-12 14:27:11,496] - ThreadPool::createThreadPool: creating  threadpool...
  INFO root [2019-07-12 14:27:11,496] - ThreadPool::createThreadPool: successfully(2), newThreadCount=1, normalMaxThreadCount=2, maxThreadCount=8
  INFO root [2019-07-12 14:27:11,779] - Script::install(): is successfully, Python=(3.7.3 (default, May  8 2019, 09:53:38) [MSC v.1916 32 bit (Intel)])!
  INFO root [2019-07-12 14:27:11,780] - Script::install(): KBExtra is successfully!
S_INFO root [2019-07-12 14:27:11,822] - onInterfaceAppReady: bootstrapGroupIndex=0, bootstrapGlobalIndex=0
  INFO root [2019-07-12 14:27:11,824] - TelnetServer server is running on port 33000
  INFO root [2019-07-12 14:27:12,207] - ---- interfaces is running ----
 DEBUG root [2019-07-12 14:27:12,207] - Components::process(): Request for the process of identity...
  INFO root [2019-07-12 14:27:19,576] - Components::process(): Found all the components!
  INFO root [2019-07-12 14:31:22,171] - 
  INFO root [2019-07-12 14:31:22,173] - -----------------------------------------------------------------------------------------


  INFO root [2019-07-12 14:31:22,174] - Resmgr::initialize: KBE_ROOT=D:/kbengine/
  INFO root [2019-07-12 14:31:22,174] - Resmgr::initialize: KBE_RES_PATH=D:/kbengine/kbe/res/;D:/kbengine/HappyPoker_assets/;D:/kbengine/HappyPoker_assets/scripts/;D:/kbengine/HappyPoker_assets/res/
  INFO root [2019-07-12 14:31:22,174] - Resmgr::initialize: KBE_BIN_PATH=D:/kbengine/kbe/bin/server/
  INFO root [2019-07-12 14:31:22,203] - NetworkInterface::initialize(INTERNAL-TCP): bound to all interfaces with default route interface on 192.168.56.1 ( 192.168.56.1:30099 )
  INFO root [2019-07-12 14:31:22,204] - NetworkInterface::initialize(INTERNAL-TCP): address 192.168.56.1:30099, SOMAXCONN=5.
  WARN root [2019-07-12 14:31:22,204] - invalid UID(0) <= 0, please check UID for environment! automatically set to 2082.
  INFO root [2019-07-12 14:31:22,211] - ---- interfaces Version: 2.4.5. ScriptVersion: 0.1.0. Pythoncore: 3.7.3. Protocol: 96E445E56B9E460E561358C2D6E9F43B. Config: Debug X86. Built: 09:54:37 May  8 2019. AppID: 3000. UID: 2082. PID: 13484 ----
  INFO root [2019-07-12 14:31:22,216] - Server error_name: Intel(R) Core(TM) i5-6300HQ CPU @ 2.30GHz with 2097151kB RAM
  INFO root [2019-07-12 14:31:22,219] - ThreadPool::createThreadPool: creating  threadpool...
  INFO root [2019-07-12 14:31:22,232] - ThreadPool::createThreadPool: successfully(2), newThreadCount=1, normalMaxThreadCount=2, maxThreadCount=8
  INFO root [2019-07-12 14:31:22,468] - Script::install(): is successfully, Python=(3.7.3 (default, May  8 2019, 09:53:38) [MSC v.1916 32 bit (Intel)])!
  INFO root [2019-07-12 14:31:22,468] - Script::install(): KBExtra is successfully!
S_INFO root [2019-07-12 14:31:22,495] - onInterfaceAppReady: bootstrapGroupIndex=0, bootstrapGlobalIndex=0
  INFO root [2019-07-12 14:31:22,496] - TelnetServer server is running on port 33000
  INFO root [2019-07-12 14:31:22,866] - ---- interfaces is running ----
 DEBUG root [2019-07-12 14:31:22,866] - Components::process(): Request for the process of identity...
  INFO root [2019-07-12 14:31:30,095] - Components::process(): Found all the components!
  INFO root [2019-07-12 14:33:53,342] - 
  INFO root [2019-07-12 14:33:53,345] - -----------------------------------------------------------------------------------------


  INFO root [2019-07-12 14:33:53,347] - Resmgr::initialize: KBE_ROOT=D:/kbengine/
  INFO root [2019-07-12 14:33:53,347] - Resmgr::initialize: KBE_RES_PATH=D:/kbengine/kbe/res/;D:/kbengine/HappyPoker_assets/;D:/kbengine/HappyPoker_assets/scripts/;D:/kbengine/HappyPoker_assets/res/
  INFO root [2019-07-12 14:33:53,347] - Resmgr::initialize: KBE_BIN_PATH=D:/kbengine/kbe/bin/server/
  INFO root [2019-07-12 14:33:53,382] - NetworkInterface::initialize(INTERNAL-TCP): bound to all interfaces with default route interface on 192.168.56.1 ( 192.168.56.1:30099 )
  INFO root [2019-07-12 14:33:53,382] - NetworkInterface::initialize(INTERNAL-TCP): address 192.168.56.1:30099, SOMAXCONN=5.
  WARN root [2019-07-12 14:33:53,382] - invalid UID(0) <= 0, please check UID for environment! automatically set to 2082.
  INFO root [2019-07-12 14:33:53,387] - ---- interfaces Version: 2.4.5. ScriptVersion: 0.1.0. Pythoncore: 3.7.3. Protocol: 96E445E56B9E460E561358C2D6E9F43B. Config: Debug X86. Built: 09:54:37 May  8 2019. AppID: 3000. UID: 2082. PID: 13828 ----
  INFO root [2019-07-12 14:33:53,387] - Server error_name: Intel(R) Core(TM) i5-6300HQ CPU @ 2.30GHz with 2097151kB RAM
  INFO root [2019-07-12 14:33:53,388] - ThreadPool::createThreadPool: creating  threadpool...
  INFO root [2019-07-12 14:33:53,388] - ThreadPool::createThreadPool: successfully(2), newThreadCount=1, normalMaxThreadCount=2, maxThreadCount=8
  INFO root [2019-07-12 14:33:53,639] - Script::install(): is successfully, Python=(3.7.3 (default, May  8 2019, 09:53:38) [MSC v.1916 32 bit (Intel)])!
  INFO root [2019-07-12 14:33:53,640] - Script::install(): KBExtra is successfully!
S_INFO root [2019-07-12 14:33:53,667] - onInterfaceAppReady: bootstrapGroupIndex=0, bootstrapGlobalIndex=0
  INFO root [2019-07-12 14:33:53,669] - TelnetServer server is running on port 33000
  INFO root [2019-07-12 14:33:54,058] - ---- interfaces is running ----
 DEBUG root [2019-07-12 14:33:54,058] - Components::process(): Request for the process of identity...
  INFO root [2019-07-12 14:34:01,268] - Components::process(): Found all the components!
  INFO root [2019-07-12 14:34:12,988] - 
  INFO root [2019-07-12 14:34:12,991] - -----------------------------------------------------------------------------------------


  INFO root [2019-07-12 14:34:12,993] - Resmgr::initialize: KBE_ROOT=D:/kbengine/
  INFO root [2019-07-12 14:34:12,993] - Resmgr::initialize: KBE_RES_PATH=D:/kbengine/kbe/res/;D:/kbengine/HappyPoker_assets/;D:/kbengine/HappyPoker_assets/scripts/;D:/kbengine/HappyPoker_assets/res/
  INFO root [2019-07-12 14:34:12,993] - Resmgr::initialize: KBE_BIN_PATH=D:/kbengine/kbe/bin/server/
  INFO root [2019-07-12 14:34:13,038] - NetworkInterface::initialize(INTERNAL-TCP): bound to all interfaces with default route interface on 192.168.56.1 ( 192.168.56.1:30099 )
  INFO root [2019-07-12 14:34:13,039] - NetworkInterface::initialize(INTERNAL-TCP): address 192.168.56.1:30099, SOMAXCONN=5.
  WARN root [2019-07-12 14:34:13,039] - invalid UID(0) <= 0, please check UID for environment! automatically set to 2082.
  INFO root [2019-07-12 14:34:13,043] - ---- interfaces Version: 2.4.5. ScriptVersion: 0.1.0. Pythoncore: 3.7.3. Protocol: 96E445E56B9E460E561358C2D6E9F43B. Config: Debug X86. Built: 09:54:37 May  8 2019. AppID: 3000. UID: 2082. PID: 10892 ----
  INFO root [2019-07-12 14:34:13,044] - Server error_name: Intel(R) Core(TM) i5-6300HQ CPU @ 2.30GHz with 2097151kB RAM
  INFO root [2019-07-12 14:34:13,045] - ThreadPool::createThreadPool: creating  threadpool...
  INFO root [2019-07-12 14:34:13,045] - ThreadPool::createThreadPool: successfully(2), newThreadCount=1, normalMaxThreadCount=2, maxThreadCount=8
  INFO root [2019-07-12 14:34:13,314] - Script::install(): is successfully, Python=(3.7.3 (default, May  8 2019, 09:53:38) [MSC v.1916 32 bit (Intel)])!
  INFO root [2019-07-12 14:34:13,314] - Script::install(): KBExtra is successfully!
S_INFO root [2019-07-12 14:34:13,342] - onInterfaceAppReady: bootstrapGroupIndex=0, bootstrapGlobalIndex=0
  INFO root [2019-07-12 14:34:13,344] - TelnetServer server is running on port 33000
  INFO root [2019-07-12 14:34:13,723] - ---- interfaces is running ----
 DEBUG root [2019-07-12 14:34:13,723] - Components::process(): Request for the process of identity...
  INFO root [2019-07-12 14:34:20,915] - Components::process(): Found all the components!
  INFO root [2019-07-12 14:35:26,610] - 
  INFO root [2019-07-12 14:35:26,612] - -----------------------------------------------------------------------------------------


  INFO root [2019-07-12 14:35:26,613] - Resmgr::initialize: KBE_ROOT=D:/kbengine/
  INFO root [2019-07-12 14:35:26,613] - Resmgr::initialize: KBE_RES_PATH=D:/kbengine/kbe/res/;D:/kbengine/HappyPoker_assets/;D:/kbengine/HappyPoker_assets/scripts/;D:/kbengine/HappyPoker_assets/res/
  INFO root [2019-07-12 14:35:26,613] - Resmgr::initialize: KBE_BIN_PATH=D:/kbengine/kbe/bin/server/
  INFO root [2019-07-12 14:35:26,642] - NetworkInterface::initialize(INTERNAL-TCP): bound to all interfaces with default route interface on 192.168.56.1 ( 192.168.56.1:30099 )
  INFO root [2019-07-12 14:35:26,642] - NetworkInterface::initialize(INTERNAL-TCP): address 192.168.56.1:30099, SOMAXCONN=5.
  WARN root [2019-07-12 14:35:26,642] - invalid UID(0) <= 0, please check UID for environment! automatically set to 2082.
  INFO root [2019-07-12 14:35:26,651] - ---- interfaces Version: 2.4.5. ScriptVersion: 0.1.0. Pythoncore: 3.7.3. Protocol: 96E445E56B9E460E561358C2D6E9F43B. Config: Debug X86. Built: 09:54:37 May  8 2019. AppID: 3000. UID: 2082. PID: 604 ----
  INFO root [2019-07-12 14:35:26,667] - Server error_name: Intel(R) Core(TM) i5-6300HQ CPU @ 2.30GHz with 2097151kB RAM
  INFO root [2019-07-12 14:35:26,687] - ThreadPool::createThreadPool: creating  threadpool...
  INFO root [2019-07-12 14:35:26,690] - ThreadPool::createThreadPool: successfully(2), newThreadCount=1, normalMaxThreadCount=2, maxThreadCount=8
  INFO root [2019-07-12 14:35:26,906] - Script::install(): is successfully, Python=(3.7.3 (default, May  8 2019, 09:53:38) [MSC v.1916 32 bit (Intel)])!
  INFO root [2019-07-12 14:35:26,906] - Script::install(): KBExtra is successfully!
S_INFO root [2019-07-12 14:35:26,935] - onInterfaceAppReady: bootstrapGroupIndex=0, bootstrapGlobalIndex=0
  INFO root [2019-07-12 14:35:26,937] - TelnetServer server is running on port 33000
  INFO root [2019-07-12 14:35:27,326] - ---- interfaces is running ----
 DEBUG root [2019-07-12 14:35:27,326] - Components::process(): Request for the process of identity...
  INFO root [2019-07-12 14:35:34,535] - Components::process(): Found all the components!
  INFO root [2019-07-12 14:35:43,723] - 
  INFO root [2019-07-12 14:35:43,725] - -----------------------------------------------------------------------------------------


  INFO root [2019-07-12 14:35:43,726] - Resmgr::initialize: KBE_ROOT=D:/kbengine/
  INFO root [2019-07-12 14:35:43,726] - Resmgr::initialize: KBE_RES_PATH=D:/kbengine/kbe/res/;D:/kbengine/HappyPoker_assets/;D:/kbengine/HappyPoker_assets/scripts/;D:/kbengine/HappyPoker_assets/res/
  INFO root [2019-07-12 14:35:43,727] - Resmgr::initialize: KBE_BIN_PATH=D:/kbengine/kbe/bin/server/
  INFO root [2019-07-12 14:35:43,756] - NetworkInterface::initialize(INTERNAL-TCP): bound to all interfaces with default route interface on 192.168.56.1 ( 192.168.56.1:30099 )
  INFO root [2019-07-12 14:35:43,756] - NetworkInterface::initialize(INTERNAL-TCP): address 192.168.56.1:30099, SOMAXCONN=5.
  WARN root [2019-07-12 14:35:43,756] - invalid UID(0) <= 0, please check UID for environment! automatically set to 2082.
  INFO root [2019-07-12 14:35:43,765] - ---- interfaces Version: 2.4.5. ScriptVersion: 0.1.0. Pythoncore: 3.7.3. Protocol: 96E445E56B9E460E561358C2D6E9F43B. Config: Debug X86. Built: 09:54:37 May  8 2019. AppID: 3000. UID: 2082. PID: 15064 ----
  INFO root [2019-07-12 14:35:43,765] - Server error_name: Intel(R) Core(TM) i5-6300HQ CPU @ 2.30GHz with 2097151kB RAM
  INFO root [2019-07-12 14:35:43,767] - ThreadPool::createThreadPool: creating  threadpool...
  INFO root [2019-07-12 14:35:43,768] - ThreadPool::createThreadPool: successfully(2), newThreadCount=1, normalMaxThreadCount=2, maxThreadCount=8
  INFO root [2019-07-12 14:35:44,057] - Script::install(): is successfully, Python=(3.7.3 (default, May  8 2019, 09:53:38) [MSC v.1916 32 bit (Intel)])!
  INFO root [2019-07-12 14:35:44,057] - Script::install(): KBExtra is successfully!
S_INFO root [2019-07-12 14:35:44,085] - onInterfaceAppReady: bootstrapGroupIndex=0, bootstrapGlobalIndex=0
  INFO root [2019-07-12 14:35:44,086] - TelnetServer server is running on port 33000
  INFO root [2019-07-12 14:35:44,508] - ---- interfaces is running ----
 DEBUG root [2019-07-12 14:35:44,509] - Components::process(): Request for the process of identity...
  INFO root [2019-07-12 14:35:51,686] - Components::process(): Found all the components!
  INFO root [2019-07-12 14:36:35,046] - 
  INFO root [2019-07-12 14:36:35,046] - -----------------------------------------------------------------------------------------


  INFO root [2019-07-12 14:36:35,048] - Resmgr::initialize: KBE_ROOT=D:/kbengine/
  INFO root [2019-07-12 14:36:35,048] - Resmgr::initialize: KBE_RES_PATH=D:/kbengine/kbe/res/;D:/kbengine/HappyPoker_assets/;D:/kbengine/HappyPoker_assets/scripts/;D:/kbengine/HappyPoker_assets/res/
  INFO root [2019-07-12 14:36:35,048] - Resmgr::initialize: KBE_BIN_PATH=D:/kbengine/kbe/bin/server/
  INFO root [2019-07-12 14:36:35,064] - NetworkInterface::initialize(INTERNAL-TCP): bound to all interfaces with default route interface on 192.168.56.1 ( 192.168.56.1:30099 )
  INFO root [2019-07-12 14:36:35,065] - NetworkInterface::initialize(INTERNAL-TCP): address 192.168.56.1:30099, SOMAXCONN=5.
  WARN root [2019-07-12 14:36:35,065] - invalid UID(0) <= 0, please check UID for environment! automatically set to 2082.
  INFO root [2019-07-12 14:36:35,087] - ---- interfaces Version: 2.4.5. ScriptVersion: 0.1.0. Pythoncore: 3.7.3. Protocol: 96E445E56B9E460E561358C2D6E9F43B. Config: Debug X86. Built: 09:54:37 May  8 2019. AppID: 3000. UID: 2082. PID: 13576 ----
  INFO root [2019-07-12 14:36:35,109] - Server error_name: Intel(R) Core(TM) i5-6300HQ CPU @ 2.30GHz with 2097151kB RAM
  INFO root [2019-07-12 14:36:35,121] - ThreadPool::createThreadPool: creating  threadpool...
  INFO root [2019-07-12 14:36:35,122] - ThreadPool::createThreadPool: successfully(2), newThreadCount=1, normalMaxThreadCount=2, maxThreadCount=8
  INFO root [2019-07-12 14:36:35,323] - Script::install(): is successfully, Python=(3.7.3 (default, May  8 2019, 09:53:38) [MSC v.1916 32 bit (Intel)])!
  INFO root [2019-07-12 14:36:35,323] - Script::install(): KBExtra is successfully!
S_INFO root [2019-07-12 14:36:35,360] - onInterfaceAppReady: bootstrapGroupIndex=0, bootstrapGlobalIndex=0
  INFO root [2019-07-12 14:36:35,362] - TelnetServer server is running on port 33000
  INFO root [2019-07-12 14:36:35,754] - ---- interfaces is running ----
 DEBUG root [2019-07-12 14:36:35,754] - Components::process(): Request for the process of identity...
  INFO root [2019-07-12 14:36:42,237] - ServerApp::onRegisterNewApp: uid:2082, username:error_name, componentType:dbmgr, componentID:4000, globalorderID=-1, grouporderID=-1, intaddr:192.168.56.1, intport:57816, extaddr:nonsupport, extport:0,  from 127.0.0.1:57823/0/0/0.
  INFO root [2019-07-12 14:36:42,278] - Components::addComponent: reset orderLog, uid=2082!
  INFO root [2019-07-12 14:36:42,279] - Components::addComponent[dbmgr], uid=2082, componentID=4000, globalorderid=1, grouporderid=1, totalcount=1
  WARN root [2019-07-12 14:36:42,440] - d:\kbengine\kbe\src\lib\network\channel.cpp:1023: Profile processRecvMessages took 0.12 seconds
  INFO root [2019-07-12 14:36:43,249] - Components::process(): Found all the components!
  WARN root [2019-07-12 14:36:59,188] - TCPPacketReceiver::processPendingEvents(127.0.0.1:57823): Throwing REASON_GENERAL_NETWORK - WSAECONNRESET
  INFO root [2019-07-12 14:36:59,223] - Components::removeComponentByChannel: dbmgr : 4000, Normal exit!
  INFO root [2019-07-12 14:38:31,362] - 
  INFO root [2019-07-12 14:38:31,362] - -----------------------------------------------------------------------------------------


  INFO root [2019-07-12 14:38:31,363] - Resmgr::initialize: KBE_ROOT=D:/kbengine/
  INFO root [2019-07-12 14:38:31,364] - Resmgr::initialize: KBE_RES_PATH=D:/kbengine/kbe/res/;D:/kbengine/HappyPoker_assets/;D:/kbengine/HappyPoker_assets/scripts/;D:/kbengine/HappyPoker_assets/res/
  INFO root [2019-07-12 14:38:31,364] - Resmgr::initialize: KBE_BIN_PATH=D:/kbengine/kbe/bin/server/
  INFO root [2019-07-12 14:38:31,382] - NetworkInterface::initialize(INTERNAL-TCP): bound to all interfaces with default route interface on 192.168.56.1 ( 192.168.56.1:30099 )
  INFO root [2019-07-12 14:38:31,382] - NetworkInterface::initialize(INTERNAL-TCP): address 192.168.56.1:30099, SOMAXCONN=5.
  WARN root [2019-07-12 14:38:31,382] - invalid UID(0) <= 0, please check UID for environment! automatically set to 2082.
  INFO root [2019-07-12 14:38:31,388] - ---- interfaces Version: 2.4.5. ScriptVersion: 0.1.0. Pythoncore: 3.7.3. Protocol: 96E445E56B9E460E561358C2D6E9F43B. Config: Debug X86. Built: 09:54:37 May  8 2019. AppID: 3000. UID: 2082. PID: 11316 ----
  INFO root [2019-07-12 14:38:31,388] - Server error_name: Intel(R) Core(TM) i5-6300HQ CPU @ 2.30GHz with 2097151kB RAM
  INFO root [2019-07-12 14:38:31,389] - ThreadPool::createThreadPool: creating  threadpool...
  INFO root [2019-07-12 14:38:31,389] - ThreadPool::createThreadPool: successfully(2), newThreadCount=1, normalMaxThreadCount=2, maxThreadCount=8
  INFO root [2019-07-12 14:38:31,636] - Script::install(): is successfully, Python=(3.7.3 (default, May  8 2019, 09:53:38) [MSC v.1916 32 bit (Intel)])!
  INFO root [2019-07-12 14:38:31,636] - Script::install(): KBExtra is successfully!
S_INFO root [2019-07-12 14:38:31,664] - onInterfaceAppReady: bootstrapGroupIndex=0, bootstrapGlobalIndex=0
  INFO root [2019-07-12 14:38:31,666] - TelnetServer server is running on port 33000
  INFO root [2019-07-12 14:38:32,046] - ---- interfaces is running ----
 DEBUG root [2019-07-12 14:38:32,047] - Components::process(): Request for the process of identity...
  INFO root [2019-07-12 14:38:38,151] - ServerApp::onRegisterNewApp: uid:2082, username:error_name, componentType:dbmgr, componentID:4000, globalorderID=-1, grouporderID=-1, intaddr:192.168.56.1, intport:57842, extaddr:nonsupport, extport:0,  from 127.0.0.1:57850/0/0/0.
  INFO root [2019-07-12 14:38:38,152] - Components::addComponent: reset orderLog, uid=2082!
  INFO root [2019-07-12 14:38:38,152] - Components::addComponent[dbmgr], uid=2082, componentID=4000, globalorderid=1, grouporderid=1, totalcount=1
  INFO root [2019-07-12 14:38:39,265] - Components::process(): Found all the components!
  WARN root [2019-07-12 14:38:45,199] - TCPPacketReceiver::processPendingEvents(127.0.0.1:57850): Throwing REASON_GENERAL_NETWORK - WSAECONNRESET
  INFO root [2019-07-12 14:38:45,203] - Components::removeComponentByChannel: dbmgr : 4000, Normal exit!
  INFO root [2019-07-12 14:39:52,669] - 
  INFO root [2019-07-12 14:39:52,681] - -----------------------------------------------------------------------------------------


  INFO root [2019-07-12 14:39:52,682] - Resmgr::initialize: KBE_ROOT=D:/kbengine/
  INFO root [2019-07-12 14:39:52,682] - Resmgr::initialize: KBE_RES_PATH=D:/kbengine/kbe/res/;D:/kbengine/HappyPoker_assets/;D:/kbengine/HappyPoker_assets/scripts/;D:/kbengine/HappyPoker_assets/res/
  INFO root [2019-07-12 14:39:52,682] - Resmgr::initialize: KBE_BIN_PATH=D:/kbengine/kbe/bin/server/
  INFO root [2019-07-12 14:39:52,725] - NetworkInterface::initialize(INTERNAL-TCP): bound to all interfaces with default route interface on 192.168.56.1 ( 192.168.56.1:30099 )
  INFO root [2019-07-12 14:39:52,725] - NetworkInterface::initialize(INTERNAL-TCP): address 192.168.56.1:30099, SOMAXCONN=5.
  WARN root [2019-07-12 14:39:52,725] - invalid UID(0) <= 0, please check UID for environment! automatically set to 2082.
  INFO root [2019-07-12 14:39:52,732] - ---- interfaces Version: 2.4.5. ScriptVersion: 0.1.0. Pythoncore: 3.7.3. Protocol: 96E445E56B9E460E561358C2D6E9F43B. Config: Debug X86. Built: 09:54:37 May  8 2019. AppID: 3000. UID: 2082. PID: 2136 ----
  INFO root [2019-07-12 14:39:52,733] - Server error_name: Intel(R) Core(TM) i5-6300HQ CPU @ 2.30GHz with 2097151kB RAM
  INFO root [2019-07-12 14:39:52,734] - ThreadPool::createThreadPool: creating  threadpool...
  INFO root [2019-07-12 14:39:52,734] - ThreadPool::createThreadPool: successfully(2), newThreadCount=1, normalMaxThreadCount=2, maxThreadCount=8
  INFO root [2019-07-12 14:39:52,970] - Script::install(): is successfully, Python=(3.7.3 (default, May  8 2019, 09:53:38) [MSC v.1916 32 bit (Intel)])!
  INFO root [2019-07-12 14:39:52,971] - Script::install(): KBExtra is successfully!
S_INFO root [2019-07-12 14:39:52,997] - onInterfaceAppReady: bootstrapGroupIndex=0, bootstrapGlobalIndex=0
  INFO root [2019-07-12 14:39:52,998] - TelnetServer server is running on port 33000
  INFO root [2019-07-12 14:39:53,391] - ---- interfaces is running ----
 DEBUG root [2019-07-12 14:39:53,394] - Components::process(): Request for the process of identity...
  INFO root [2019-07-12 14:39:59,519] - ServerApp::onRegisterNewApp: uid:2082, username:error_name, componentType:dbmgr, componentID:4000, globalorderID=-1, grouporderID=-1, intaddr:192.168.56.1, intport:57882, extaddr:nonsupport, extport:0,  from 127.0.0.1:57887/0/0/0.
  INFO root [2019-07-12 14:39:59,520] - Components::addComponent: reset orderLog, uid=2082!
  INFO root [2019-07-12 14:39:59,520] - Components::addComponent[dbmgr], uid=2082, componentID=4000, globalorderid=1, grouporderid=1, totalcount=1
  INFO root [2019-07-12 14:40:00,607] - Components::process(): Found all the components!
  WARN root [2019-07-12 14:41:16,216] - TCPPacketReceiver::processPendingEvents(127.0.0.1:57887): Throwing REASON_GENERAL_NETWORK - WSAECONNRESET
  INFO root [2019-07-12 14:41:16,219] - Components::removeComponentByChannel: dbmgr : 4000, Normal exit!
  INFO root [2019-07-12 14:49:19,758] - 
  INFO root [2019-07-12 14:49:19,770] - -----------------------------------------------------------------------------------------


  INFO root [2019-07-12 14:49:19,771] - Resmgr::initialize: KBE_ROOT=D:/kbengine/
  INFO root [2019-07-12 14:49:19,771] - Resmgr::initialize: KBE_RES_PATH=D:/kbengine/kbe/res/;D:/kbengine/HappyPoker_assets/;D:/kbengine/HappyPoker_assets/scripts/;D:/kbengine/HappyPoker_assets/res/
  INFO root [2019-07-12 14:49:19,772] - Resmgr::initialize: KBE_BIN_PATH=D:/kbengine/kbe/bin/server/
  INFO root [2019-07-12 14:49:19,816] - NetworkInterface::initialize(INTERNAL-TCP): bound to all interfaces with default route interface on 192.168.56.1 ( 192.168.56.1:30099 )
  INFO root [2019-07-12 14:49:19,816] - NetworkInterface::initialize(INTERNAL-TCP): address 192.168.56.1:30099, SOMAXCONN=5.
  WARN root [2019-07-12 14:49:19,817] - invalid UID(0) <= 0, please check UID for environment! automatically set to 2082.
  INFO root [2019-07-12 14:49:19,822] - ---- interfaces Version: 2.4.5. ScriptVersion: 0.1.0. Pythoncore: 3.7.3. Protocol: 96E445E56B9E460E561358C2D6E9F43B. Config: Debug X86. Built: 09:54:37 May  8 2019. AppID: 3000. UID: 2082. PID: 2400 ----
  INFO root [2019-07-12 14:49:19,822] - Server error_name: Intel(R) Core(TM) i5-6300HQ CPU @ 2.30GHz with 2097151kB RAM
  INFO root [2019-07-12 14:49:19,828] - ThreadPool::createThreadPool: creating  threadpool...
  INFO root [2019-07-12 14:49:19,828] - ThreadPool::createThreadPool: successfully(2), newThreadCount=1, normalMaxThreadCount=2, maxThreadCount=8
  INFO root [2019-07-12 14:49:20,047] - Script::install(): is successfully, Python=(3.7.3 (default, May  8 2019, 09:53:38) [MSC v.1916 32 bit (Intel)])!
  INFO root [2019-07-12 14:49:20,047] - Script::install(): KBExtra is successfully!
S_INFO root [2019-07-12 14:49:20,081] - onInterfaceAppReady: bootstrapGroupIndex=0, bootstrapGlobalIndex=0
  INFO root [2019-07-12 14:49:20,083] - TelnetServer server is running on port 33000
  INFO root [2019-07-12 14:49:20,478] - ---- interfaces is running ----
 DEBUG root [2019-07-12 14:49:20,479] - Components::process(): Request for the process of identity...
  INFO root [2019-07-12 14:49:26,608] - ServerApp::onRegisterNewApp: uid:2082, username:error_name, componentType:dbmgr, componentID:4000, globalorderID=-1, grouporderID=-1, intaddr:192.168.56.1, intport:57966, extaddr:nonsupport, extport:0,  from 127.0.0.1:57974/0/0/0.
  INFO root [2019-07-12 14:49:26,609] - Components::addComponent: reset orderLog, uid=2082!
  INFO root [2019-07-12 14:49:26,609] - Components::addComponent[dbmgr], uid=2082, componentID=4000, globalorderid=1, grouporderid=1, totalcount=1
  INFO root [2019-07-12 14:49:27,692] - Components::process(): Found all the components!
  WARN root [2019-07-12 14:50:00,422] - TCPPacketReceiver::processPendingEvents(127.0.0.1:57974): Throwing REASON_GENERAL_NETWORK - WSAECONNRESET
  INFO root [2019-07-12 14:50:00,428] - Components::removeComponentByChannel: dbmgr : 4000, Normal exit!
  INFO root [2019-07-12 14:50:19,530] - 
  INFO root [2019-07-12 14:50:19,539] - -----------------------------------------------------------------------------------------


  INFO root [2019-07-12 14:50:19,540] - Resmgr::initialize: KBE_ROOT=D:/kbengine/
  INFO root [2019-07-12 14:50:19,540] - Resmgr::initialize: KBE_RES_PATH=D:/kbengine/kbe/res/;D:/kbengine/HappyPoker_assets/;D:/kbengine/HappyPoker_assets/scripts/;D:/kbengine/HappyPoker_assets/res/
  INFO root [2019-07-12 14:50:19,540] - Resmgr::initialize: KBE_BIN_PATH=D:/kbengine/kbe/bin/server/
  INFO root [2019-07-12 14:50:19,584] - NetworkInterface::initialize(INTERNAL-TCP): bound to all interfaces with default route interface on 192.168.56.1 ( 192.168.56.1:30099 )
  INFO root [2019-07-12 14:50:19,584] - NetworkInterface::initialize(INTERNAL-TCP): address 192.168.56.1:30099, SOMAXCONN=5.
  WARN root [2019-07-12 14:50:19,585] - invalid UID(0) <= 0, please check UID for environment! automatically set to 2082.
  INFO root [2019-07-12 14:50:19,589] - ---- interfaces Version: 2.4.5. ScriptVersion: 0.1.0. Pythoncore: 3.7.3. Protocol: 96E445E56B9E460E561358C2D6E9F43B. Config: Debug X86. Built: 09:54:37 May  8 2019. AppID: 3000. UID: 2082. PID: 9040 ----
  INFO root [2019-07-12 14:50:19,592] - Server error_name: Intel(R) Core(TM) i5-6300HQ CPU @ 2.30GHz with 2097151kB RAM
  INFO root [2019-07-12 14:50:19,593] - ThreadPool::createThreadPool: creating  threadpool...
  INFO root [2019-07-12 14:50:19,594] - ThreadPool::createThreadPool: successfully(2), newThreadCount=1, normalMaxThreadCount=2, maxThreadCount=8
  INFO root [2019-07-12 14:50:19,811] - Script::install(): is successfully, Python=(3.7.3 (default, May  8 2019, 09:53:38) [MSC v.1916 32 bit (Intel)])!
  INFO root [2019-07-12 14:50:19,811] - Script::install(): KBExtra is successfully!
S_INFO root [2019-07-12 14:50:19,838] - onInterfaceAppReady: bootstrapGroupIndex=0, bootstrapGlobalIndex=0
  INFO root [2019-07-12 14:50:19,840] - TelnetServer server is running on port 33000
  INFO root [2019-07-12 14:50:20,250] - ---- interfaces is running ----
 DEBUG root [2019-07-12 14:50:20,250] - Components::process(): Request for the process of identity...
  INFO root [2019-07-12 14:50:26,414] - ServerApp::onRegisterNewApp: uid:2082, username:error_name, componentType:dbmgr, componentID:4000, globalorderID=-1, grouporderID=-1, intaddr:192.168.56.1, intport:58020, extaddr:nonsupport, extport:0,  from 127.0.0.1:58025/0/0/0.
  INFO root [2019-07-12 14:50:26,431] - Components::addComponent: reset orderLog, uid=2082!
  INFO root [2019-07-12 14:50:26,431] - Components::addComponent[dbmgr], uid=2082, componentID=4000, globalorderid=1, grouporderid=1, totalcount=1
  INFO root [2019-07-12 14:50:27,465] - Components::process(): Found all the components!
  WARN root [2019-07-12 14:51:45,266] - TCPPacketReceiver::processPendingEvents(127.0.0.1:58025): Throwing REASON_GENERAL_NETWORK - WSAECONNRESET
  INFO root [2019-07-12 14:51:45,268] - Components::removeComponentByChannel: dbmgr : 4000, Normal exit!
  INFO root [2019-07-12 14:53:28,353] - 
  INFO root [2019-07-12 14:53:28,363] - -----------------------------------------------------------------------------------------


  INFO root [2019-07-12 14:53:28,364] - Resmgr::initialize: KBE_ROOT=D:/kbengine/
  INFO root [2019-07-12 14:53:28,364] - Resmgr::initialize: KBE_RES_PATH=D:/kbengine/kbe/res/;D:/kbengine/HappyPoker_assets/;D:/kbengine/HappyPoker_assets/scripts/;D:/kbengine/HappyPoker_assets/res/
  INFO root [2019-07-12 14:53:28,364] - Resmgr::initialize: KBE_BIN_PATH=D:/kbengine/kbe/bin/server/
  INFO root [2019-07-12 14:53:28,396] - NetworkInterface::initialize(INTERNAL-TCP): bound to all interfaces with default route interface on 192.168.56.1 ( 192.168.56.1:30099 )
  INFO root [2019-07-12 14:53:28,396] - NetworkInterface::initialize(INTERNAL-TCP): address 192.168.56.1:30099, SOMAXCONN=5.
  WARN root [2019-07-12 14:53:28,396] - invalid UID(0) <= 0, please check UID for environment! automatically set to 2082.
  INFO root [2019-07-12 14:53:28,413] - ---- interfaces Version: 2.4.5. ScriptVersion: 0.1.0. Pythoncore: 3.7.3. Protocol: 96E445E56B9E460E561358C2D6E9F43B. Config: Debug X86. Built: 09:54:37 May  8 2019. AppID: 3000. UID: 2082. PID: 18216 ----
  INFO root [2019-07-12 14:53:28,416] - Server error_name: Intel(R) Core(TM) i5-6300HQ CPU @ 2.30GHz with 2097151kB RAM
  INFO root [2019-07-12 14:53:28,428] - ThreadPool::createThreadPool: creating  threadpool...
  INFO root [2019-07-12 14:53:28,429] - ThreadPool::createThreadPool: successfully(2), newThreadCount=1, normalMaxThreadCount=2, maxThreadCount=8
  INFO root [2019-07-12 14:53:28,641] - Script::install(): is successfully, Python=(3.7.3 (default, May  8 2019, 09:53:38) [MSC v.1916 32 bit (Intel)])!
  INFO root [2019-07-12 14:53:28,641] - Script::install(): KBExtra is successfully!
S_INFO root [2019-07-12 14:53:28,669] - onInterfaceAppReady: bootstrapGroupIndex=0, bootstrapGlobalIndex=0
  INFO root [2019-07-12 14:53:28,671] - TelnetServer server is running on port 33000
  INFO root [2019-07-12 14:53:29,064] - ---- interfaces is running ----
 DEBUG root [2019-07-12 14:53:29,065] - Components::process(): Request for the process of identity...
  INFO root [2019-07-12 14:53:35,191] - ServerApp::onRegisterNewApp: uid:2082, username:error_name, componentType:dbmgr, componentID:4000, globalorderID=-1, grouporderID=-1, intaddr:192.168.56.1, intport:58076, extaddr:nonsupport, extport:0,  from 127.0.0.1:58084/0/0/0.
  INFO root [2019-07-12 14:53:35,191] - Components::addComponent: reset orderLog, uid=2082!
  INFO root [2019-07-12 14:53:35,191] - Components::addComponent[dbmgr], uid=2082, componentID=4000, globalorderid=1, grouporderid=1, totalcount=1
  INFO root [2019-07-12 14:53:36,277] - Components::process(): Found all the components!
  WARN root [2019-07-12 14:55:22,774] - TCPPacketReceiver::processPendingEvents(127.0.0.1:58084): Throwing REASON_GENERAL_NETWORK - WSAECONNRESET
  INFO root [2019-07-12 14:55:22,777] - Components::removeComponentByChannel: dbmgr : 4000, Normal exit!
  INFO root [2019-07-12 15:00:05,299] - 
  INFO root [2019-07-12 15:00:05,301] - -----------------------------------------------------------------------------------------


  INFO root [2019-07-12 15:00:05,302] - Resmgr::initialize: KBE_ROOT=D:/kbengine/
  INFO root [2019-07-12 15:00:05,302] - Resmgr::initialize: KBE_RES_PATH=D:/kbengine/kbe/res/;D:/kbengine/HappyPoker_assets/;D:/kbengine/HappyPoker_assets/scripts/;D:/kbengine/HappyPoker_assets/res/
  INFO root [2019-07-12 15:00:05,303] - Resmgr::initialize: KBE_BIN_PATH=D:/kbengine/kbe/bin/server/
  INFO root [2019-07-12 15:00:05,332] - NetworkInterface::initialize(INTERNAL-TCP): bound to all interfaces with default route interface on 192.168.56.1 ( 192.168.56.1:30099 )
  INFO root [2019-07-12 15:00:05,332] - NetworkInterface::initialize(INTERNAL-TCP): address 192.168.56.1:30099, SOMAXCONN=5.
  WARN root [2019-07-12 15:00:05,333] - invalid UID(0) <= 0, please check UID for environment! automatically set to 2082.
  INFO root [2019-07-12 15:00:05,340] - ---- interfaces Version: 2.4.5. ScriptVersion: 0.1.0. Pythoncore: 3.7.3. Protocol: 96E445E56B9E460E561358C2D6E9F43B. Config: Debug X86. Built: 09:54:37 May  8 2019. AppID: 3000. UID: 2082. PID: 12876 ----
  INFO root [2019-07-12 15:00:05,345] - Server error_name: Intel(R) Core(TM) i5-6300HQ CPU @ 2.30GHz with 2097151kB RAM
  INFO root [2019-07-12 15:00:05,346] - ThreadPool::createThreadPool: creating  threadpool...
  INFO root [2019-07-12 15:00:05,346] - ThreadPool::createThreadPool: successfully(2), newThreadCount=1, normalMaxThreadCount=2, maxThreadCount=8
  INFO root [2019-07-12 15:00:05,594] - Script::install(): is successfully, Python=(3.7.3 (default, May  8 2019, 09:53:38) [MSC v.1916 32 bit (Intel)])!
  INFO root [2019-07-12 15:00:05,594] - Script::install(): KBExtra is successfully!
S_INFO root [2019-07-12 15:00:05,621] - onInterfaceAppReady: bootstrapGroupIndex=0, bootstrapGlobalIndex=0
  INFO root [2019-07-12 15:00:05,623] - TelnetServer server is running on port 33000
  INFO root [2019-07-12 15:00:06,012] - ---- interfaces is running ----
 DEBUG root [2019-07-12 15:00:06,012] - Components::process(): Request for the process of identity...
  INFO root [2019-07-12 15:00:12,145] - ServerApp::onRegisterNewApp: uid:2082, username:error_name, componentType:dbmgr, componentID:4000, globalorderID=-1, grouporderID=-1, intaddr:192.168.56.1, intport:58161, extaddr:nonsupport, extport:0,  from 127.0.0.1:58169/0/0/0.
  INFO root [2019-07-12 15:00:12,145] - Components::addComponent: reset orderLog, uid=2082!
  INFO root [2019-07-12 15:00:12,145] - Components::addComponent[dbmgr], uid=2082, componentID=4000, globalorderid=1, grouporderid=1, totalcount=1
  INFO root [2019-07-12 15:00:13,221] - Components::process(): Found all the components!
  WARN root [2019-07-12 15:01:07,302] - TCPPacketReceiver::processPendingEvents(127.0.0.1:58169): Throwing REASON_GENERAL_NETWORK - WSAECONNRESET
  INFO root [2019-07-12 15:01:07,315] - Components::removeComponentByChannel: dbmgr : 4000, Normal exit!
  INFO root [2019-07-12 15:01:43,895] - 
  INFO root [2019-07-12 15:01:43,896] - -----------------------------------------------------------------------------------------


  INFO root [2019-07-12 15:01:43,897] - Resmgr::initialize: KBE_ROOT=D:/kbengine/
  INFO root [2019-07-12 15:01:43,897] - Resmgr::initialize: KBE_RES_PATH=D:/kbengine/kbe/res/;D:/kbengine/HappyPoker_assets/;D:/kbengine/HappyPoker_assets/scripts/;D:/kbengine/HappyPoker_assets/res/
  INFO root [2019-07-12 15:01:43,897] - Resmgr::initialize: KBE_BIN_PATH=D:/kbengine/kbe/bin/server/
  INFO root [2019-07-12 15:01:43,915] - NetworkInterface::initialize(INTERNAL-TCP): bound to all interfaces with default route interface on 192.168.56.1 ( 192.168.56.1:30099 )
  INFO root [2019-07-12 15:01:43,916] - NetworkInterface::initialize(INTERNAL-TCP): address 192.168.56.1:30099, SOMAXCONN=5.
  WARN root [2019-07-12 15:01:43,916] - invalid UID(0) <= 0, please check UID for environment! automatically set to 2082.
  INFO root [2019-07-12 15:01:43,920] - ---- interfaces Version: 2.4.5. ScriptVersion: 0.1.0. Pythoncore: 3.7.3. Protocol: 96E445E56B9E460E561358C2D6E9F43B. Config: Debug X86. Built: 09:54:37 May  8 2019. AppID: 3000. UID: 2082. PID: 1456 ----
  INFO root [2019-07-12 15:01:43,921] - Server error_name: Intel(R) Core(TM) i5-6300HQ CPU @ 2.30GHz with 2097151kB RAM
  INFO root [2019-07-12 15:01:43,922] - ThreadPool::createThreadPool: creating  threadpool...
  INFO root [2019-07-12 15:01:43,923] - ThreadPool::createThreadPool: successfully(2), newThreadCount=1, normalMaxThreadCount=2, maxThreadCount=8
  INFO root [2019-07-12 15:01:44,153] - Script::install(): is successfully, Python=(3.7.3 (default, May  8 2019, 09:53:38) [MSC v.1916 32 bit (Intel)])!
  INFO root [2019-07-12 15:01:44,154] - Script::install(): KBExtra is successfully!
S_INFO root [2019-07-12 15:01:44,182] - onInterfaceAppReady: bootstrapGroupIndex=0, bootstrapGlobalIndex=0
  INFO root [2019-07-12 15:01:44,183] - TelnetServer server is running on port 33000
  INFO root [2019-07-12 15:01:44,583] - ---- interfaces is running ----
 DEBUG root [2019-07-12 15:01:44,583] - Components::process(): Request for the process of identity...
  INFO root [2019-07-12 15:01:50,700] - ServerApp::onRegisterNewApp: uid:2082, username:error_name, componentType:dbmgr, componentID:4000, globalorderID=-1, grouporderID=-1, intaddr:192.168.56.1, intport:58219, extaddr:nonsupport, extport:0,  from 127.0.0.1:58221/0/0/0.
  INFO root [2019-07-12 15:01:50,701] - Components::addComponent: reset orderLog, uid=2082!
  INFO root [2019-07-12 15:01:50,701] - Components::addComponent[dbmgr], uid=2082, componentID=4000, globalorderid=1, grouporderid=1, totalcount=1
  INFO root [2019-07-12 15:01:51,799] - Components::process(): Found all the components!
  WARN root [2019-07-12 15:02:39,540] - TCPPacketReceiver::processPendingEvents(127.0.0.1:58221): Throwing REASON_GENERAL_NETWORK - WSAECONNRESET
  INFO root [2019-07-12 15:02:39,542] - Components::removeComponentByChannel: dbmgr : 4000, Normal exit!
