    INFO      dbmgr-1 3960 4000  [2019-05-10 21:08:33 268] - -----------------------------------------------------------------------------------------


    INFO      dbmgr-1 3960 4000  [2019-05-10 21:08:33 269] - Resmgr::initialize: KBE_ROOT=D:/kbengine/
    INFO      dbmgr-1 3960 4000  [2019-05-10 21:08:33 269] - Resmgr::initialize: KBE_RES_PATH=D:/kbengine/kbe/res/;D:/kbengine/HappyPoker_assets/;D:/kbengine/HappyPoker_assets/scripts/;D:/kbengine/HappyPoker_assets/res/
    INFO      dbmgr-1 3960 4000  [2019-05-10 21:08:33 269] - Resmgr::initialize: KBE_BIN_PATH=D:/kbengine/kbe/bin/server/
    INFO      dbmgr-1 3960 4000  [2019-05-10 21:08:33 282] - NetworkInterface::initialize(INTERNAL-TCP): bound to all interfaces with default route interface on 192.168.56.1 ( 192.168.56.1:57745 )
    INFO      dbmgr-1 3960 4000  [2019-05-10 21:08:33 282] - NetworkInterface::initialize(INTERNAL-TCP): address 192.168.56.1:57745, SOMAXCONN=5.
    INFO      dbmgr-1 3960 4000  [2019-05-10 21:08:33 283] - server-configs:
    INFO      dbmgr-1 3960 4000  [2019-05-10 21:08:33 283] - 	internalTcpAddr : 192.168.56.1:57745
    INFO      dbmgr-1 3960 4000  [2019-05-10 21:08:33 283] - 	componentID : 4000
 WARNING      dbmgr-1 3960 4000  [2019-05-10 21:08:33 283] - invalid UID(0) <= 0, please check UID for environment! automatically set to 3960.
    INFO      dbmgr-1 3960 4000  [2019-05-10 21:08:33 353] - Components::findLogger: found logger, addr:192.168.56.1:57743
    INFO      dbmgr-1 3960 4000  [2019-05-10 21:08:33 353] - Components::addComponent: reset orderLog, uid=3960!
    INFO      dbmgr-1 3960 4000  [2019-05-10 21:08:33 353] - Components::addComponent[logger], uid=3960, componentID=2000, globalorderid=1, grouporderid=1, totalcount=1
    INFO      dbmgr-1 3960 4000  [2019-05-10 21:08:33 359] - ---- dbmgr Version: 2.4.5. ScriptVersion: 0.1.0. Pythoncore: 3.7.3. Protocol: 11178A1C367680938C8E416B64844ACD. Config: Debug X86. Built: 09:55:16 May  8 2019. AppID: 4000. UID: 3960. PID: 16880 ----
    INFO      dbmgr-1 3960 4000  [2019-05-10 21:08:33 360] - Server error_name: Intel(R) Core(TM) i5-6300HQ CPU @ 2.30GHz with 2097151kB RAM
    INFO      dbmgr-1 3960 4000  [2019-05-10 21:08:33 360] - ThreadPool::createThreadPool: creating  threadpool...
    INFO      dbmgr-1 3960 4000  [2019-05-10 21:08:33 361] - ThreadPool::createThreadPool: successfully(2), newThreadCount=1, normalMaxThreadCount=2, maxThreadCount=8
    INFO      dbmgr-1 3960 4000  [2019-05-10 21:08:33 564] - Script::install(): is successfully, Python=(3.7.3 (default, May  8 2019, 09:53:38) [MSC v.1916 32 bit (Intel)])!
    INFO      dbmgr-1 3960 4000  [2019-05-10 21:08:33 564] - Script::install(): KBExtra is successfully!
    INFO      dbmgr-1 3960 4000  [2019-05-10 21:08:34 000] - Dbmgr::initializeEnd: digest(74B55206BE52C3722A365A8BF863C5A3)
  S_INFO      dbmgr-1 3960 4000  [2019-05-10 21:08:34 001] - onDBMgrReady: bootstrapGroupIndex=0, bootstrapGlobalIndex=0
    INFO      dbmgr-1 3960 4000  [2019-05-10 21:08:34 001] - TelnetServer server is running on port 32000
    INFO      dbmgr-1 3960 4000  [2019-05-10 21:08:34 001] - Dbmgr::initInterfacesHandler: interfaces addr(127.0.0.1:30099), accountType:(interfaces), chargeType:(interfaces).
 WARNING      dbmgr-1 3960 4000  [2019-05-10 21:08:34 201] - DBUtil::initialize: db(default) password is not encrypted!
please use password(rsa):
326206163012825460AA565AD0DE74875C3570E1DF003D97C0D3475CF106EA29CFC07A712278FE7E7CECC2768159FF5E23A0468410849DCE4081200BD22D92DCEBA3963061279AF83E01E7FB818C765AA594D285E1E81DA308F627912CD61EFBB45451869AFC796A300FC7382A8591F9D86816F9B22330799598EBBFA4AB3103
   DEBUG      dbmgr-1 3960 4000  [2019-05-10 21:08:34 209] - DBInterfaceMysql::attach: connect: localhost:3306 starting...
   DEBUG      dbmgr-1 3960 4000  [2019-05-10 21:08:34 343] - DBInterfaceMysql::attach: successfully! addr: localhost:3306
    INFO      dbmgr-1 3960 4000  [2019-05-10 21:08:34 344] - DBUtil::createInterface[0x1cfedb8]: interface=default, dbtype=mysql, ip=localhost, port=3306, currdatabase=kbe, username=kbe, connected=yes.

    INFO      dbmgr-1 3960 4000  [2019-05-10 21:08:34 344] - ThreadPool::createThreadPool: creating  threadpool...
    INFO      dbmgr-1 3960 4000  [2019-05-10 21:08:34 345] - ThreadPool::createThreadPool: successfully(5), newThreadCount=5, normalMaxThreadCount=5, maxThreadCount=5
    INFO      dbmgr-1 3960 4000  [2019-05-10 21:08:34 735] - DBInterfaceMysql::query: successfully!
 WARNING      dbmgr-1 3960 4000  [2019-05-10 21:08:34 735] - DBInterfaceMysql::checkErrors: not found Account table(dbInterface=default), reset kbe_* table...
 WARNING      dbmgr-1 3960 4000  [2019-05-10 21:08:36 164] - DBInterfaceMysql::checkErrors: reset kbe_* table(dbInterface=default) end!
   DEBUG      dbmgr-1 3960 4000  [2019-05-10 21:08:47 300] - DBInterfaceMysql::dropEntityTableFromDB: tbl_avatar.
    INFO      dbmgr-1 3960 4000  [2019-05-10 21:08:48 072] - DBInterfaceMysql::query: successfully!
   DEBUG      dbmgr-1 3960 4000  [2019-05-10 21:08:48 073] - DBInterfaceMysql::dropEntityTableFromDB: tbl_food.
    INFO      dbmgr-1 3960 4000  [2019-05-10 21:08:48 367] - DBInterfaceMysql::query: successfully!
   DEBUG      dbmgr-1 3960 4000  [2019-05-10 21:08:48 367] - DBInterfaceMysql::dropEntityTableFromDB: tbl_halls.
    INFO      dbmgr-1 3960 4000  [2019-05-10 21:08:49 272] - DBInterfaceMysql::query: successfully!
   DEBUG      dbmgr-1 3960 4000  [2019-05-10 21:08:49 272] - DBInterfaceMysql::dropEntityTableFromDB: tbl_smash.
    INFO      dbmgr-1 3960 4000  [2019-05-10 21:08:50 356] - DBInterfaceMysql::query: successfully!
 WARNING      dbmgr-1 3960 4000  [2019-05-10 21:08:50 356] - d:\kbengine\kbe\src\server\dbmgr\dbmgr.cpp:306: Profile scriptCall took 16.36 seconds
    INFO      dbmgr-1 3960 4000  [2019-05-10 21:08:50 788] - ---- dbmgr is running ----
   DEBUG      dbmgr-1 3960 4000  [2019-05-10 21:08:50 788] - Components::process(): Request for the process of identity...
   DEBUG      dbmgr-1 3960 4000  [2019-05-10 21:08:34 345] - DBInterfaceMysql::attach: connect: localhost:3306 starting...
   DEBUG      dbmgr-1 3960 4000  [2019-05-10 21:08:34 345] - DBInterfaceMysql::attach: connect: localhost:3306 starting...
   DEBUG      dbmgr-1 3960 4000  [2019-05-10 21:08:34 345] - DBInterfaceMysql::attach: connect: localhost:3306 starting...
   DEBUG      dbmgr-1 3960 4000  [2019-05-10 21:08:34 345] - DBInterfaceMysql::attach: connect: localhost:3306 starting...
   DEBUG      dbmgr-1 3960 4000  [2019-05-10 21:08:34 363] - DBInterfaceMysql::attach: connect: localhost:3306 starting...
   DEBUG      dbmgr-1 3960 4000  [2019-05-10 21:08:34 467] - DBInterfaceMysql::attach: successfully! addr: localhost:3306
   DEBUG      dbmgr-1 3960 4000  [2019-05-10 21:08:34 467] - DBThread::onStart(): 0x1ffc050!
   DEBUG      dbmgr-1 3960 4000  [2019-05-10 21:08:34 614] - DBInterfaceMysql::attach: successfully! addr: localhost:3306
   DEBUG      dbmgr-1 3960 4000  [2019-05-10 21:08:34 614] - DBThread::onStart(): 0x1ffbfc8!
   DEBUG      dbmgr-1 3960 4000  [2019-05-10 21:08:34 730] - DBInterfaceMysql::attach: successfully! addr: localhost:3306
   DEBUG      dbmgr-1 3960 4000  [2019-05-10 21:08:34 731] - DBThread::onStart(): 0x1ffbf40!
   DEBUG      dbmgr-1 3960 4000  [2019-05-10 21:08:34 830] - DBInterfaceMysql::attach: successfully! addr: localhost:3306
   DEBUG      dbmgr-1 3960 4000  [2019-05-10 21:08:34 831] - DBThread::onStart(): 0x1ffbb00!
   DEBUG      dbmgr-1 3960 4000  [2019-05-10 21:08:34 897] - DBInterfaceMysql::attach: successfully! addr: localhost:3306
   DEBUG      dbmgr-1 3960 4000  [2019-05-10 21:08:34 897] - DBThread::onStart(): 0x4446858!
    INFO      dbmgr-1 3960 4000  [2019-05-10 21:08:36 189] - DBInterfaceMysql::query: successfully!
    INFO      dbmgr-1 3960 4000  [2019-05-10 21:08:36 261] - DBInterfaceMysql::query: successfully!
    INFO      dbmgr-1 3960 4000  [2019-05-10 21:08:36 317] - DBInterfaceMysql::query: successfully!
 WARNING      dbmgr-1 3960 4000  [2019-05-10 21:08:36 591] - DBTask::process(): took 0.43 seconds
sql:(insert into kbe_serverlog (heartbeatTime, serverGroupID) values(1557493716,3960) ON DUPLICATE KEY UPDATE heartbeatTime=1557493716)
   DEBUG      dbmgr-1 3960 4000  [2019-05-10 21:08:36 676] - DBInterfaceMysql::dropEntityTableItemFromDB: tbl_Room sm_roomKey.
    INFO      dbmgr-1 3960 4000  [2019-05-10 21:08:39 781] - DBInterfaceMysql::query: successfully!
 WARNING      dbmgr-1 3960 4000  [2019-05-10 21:08:39 782] - DBTask::process(): took 3.62 seconds
sql:(CREATE TABLE IF NOT EXISTS kbe_accountinfos (`accountName` varchar(128) not null, PRIMARY KEY idKey (`accountName`),`password` varchar(255) not null,`bindata` blob,`email` varchar(191) not null, UNIQUE KEY `email` (`email`),`entityDBID` bigint(20) unsigned not null DEFAULT 0, UNIQUE KEY `entityDBID` (`entityDBID`),`flags` int unsigned not null DEFAULT 0,`deadline` bigint(20) not null DEFAULT 0,`regtime` bigint(20) not null DEFAULT 0,`lasttime` bigint(20) not null DEFAULT 0,`numlogin` int unsigned not null DEFAULT 0)ENGINE=InnoDB)
    INFO      dbmgr-1 3960 4000  [2019-05-10 21:08:40 044] - DBInterfaceMysql::query: successfully!
   DEBUG      dbmgr-1 3960 4000  [2019-05-10 21:08:40 050] - syncToDB(): Hall->sm_autoLoad(tinyint not null DEFAULT 0).
    INFO      dbmgr-1 3960 4000  [2019-05-10 21:08:40 153] - DBInterfaceMysql::query: successfully!
    INFO      dbmgr-1 3960 4000  [2019-05-10 21:08:40 153] - DBInterfaceMysql::query: successfully!
    INFO      dbmgr-1 3960 4000  [2019-05-10 21:08:40 154] - DBInterfaceMysql::query: successfully!
 WARNING      dbmgr-1 3960 4000  [2019-05-10 21:08:40 154] - DBTask::process(): took 3.99 seconds
sql:(delete from kbe_email_verification where logtime<1557490120 and type=3)
    INFO      dbmgr-1 3960 4000  [2019-05-10 21:08:41 417] - DBInterfaceMysql::query: successfully!
   DEBUG      dbmgr-1 3960 4000  [2019-05-10 21:08:41 432] - syncToDB(): Account->sm_autoLoad(tinyint not null DEFAULT 0).
 WARNING      dbmgr-1 3960 4000  [2019-05-10 21:08:41 514] - DBTask::process(): took 5.20 seconds
sql:(show index from tbl_Room)
    INFO      dbmgr-1 3960 4000  [2019-05-10 21:08:42 312] - DBInterfaceMysql::query: successfully!
 WARNING      dbmgr-1 3960 4000  [2019-05-10 21:08:42 410] - DBTask::process(): took 5.82 seconds
sql:(show index from tbl_Hall)
    INFO      dbmgr-1 3960 4000  [2019-05-10 21:08:42 635] - DBInterfaceMysql::query: successfully!
   DEBUG      dbmgr-1 3960 4000  [2019-05-10 21:08:42 635] - syncToDB(): Account->sm_playerName(varchar(255) not null DEFAULT '').
   DEBUG      dbmgr-1 3960 4000  [2019-05-10 21:08:42 865] - syncToDB(): Account->sm_playerId(smallint unsigned not null DEFAULT 0).
   DEBUG      dbmgr-1 3960 4000  [2019-05-10 21:08:43 290] - syncToDB(): Account->sm_playerBean(int not null DEFAULT 0).
   DEBUG      dbmgr-1 3960 4000  [2019-05-10 21:08:43 818] - syncToDB(): Account->sm_playerNew(tinyint unsigned not null DEFAULT 1).
   DEBUG      dbmgr-1 3960 4000  [2019-05-10 21:08:44 480] - syncToDB(): Account->sm_0_position(float not null DEFAULT 0).
   DEBUG      dbmgr-1 3960 4000  [2019-05-10 21:08:44 789] - syncToDB(): Account->sm_1_position(float not null DEFAULT 0).
   DEBUG      dbmgr-1 3960 4000  [2019-05-10 21:08:45 161] - syncToDB(): Account->sm_2_position(float not null DEFAULT 0).
   DEBUG      dbmgr-1 3960 4000  [2019-05-10 21:08:45 686] - syncToDB(): Account->sm_0_direction(float not null DEFAULT 0).
   DEBUG      dbmgr-1 3960 4000  [2019-05-10 21:08:46 198] - syncToDB(): Account->sm_1_direction(float not null DEFAULT 0).
   DEBUG      dbmgr-1 3960 4000  [2019-05-10 21:08:46 522] - syncToDB(): Account->sm_2_direction(float not null DEFAULT 0).
 WARNING      dbmgr-1 3960 4000  [2019-05-10 21:08:47 264] - DBTask::process(): took 11.10 seconds
sql:(show index from tbl_Account)
    INFO      dbmgr-1 3960 4000  [2019-05-10 21:08:56 940] - ServerApp::onRegisterNewApp: uid:3960, username:error_name, componentType:interfaces, componentID:3000, globalorderID=-1, grouporderID=-1, intaddr:192.168.56.1, intport:30099, extaddr:nonsupport, extport:0,  from 127.0.0.1:30099/0/0/0.
    INFO      dbmgr-1 3960 4000  [2019-05-10 21:08:56 941] - Components::addComponent: reset orderLog, uid=3960!
    INFO      dbmgr-1 3960 4000  [2019-05-10 21:08:56 941] - Components::addComponent[interfaces], uid=3960, componentID=3000, globalorderid=1, grouporderid=1, totalcount=1
    INFO      dbmgr-1 3960 4000  [2019-05-10 21:08:56 945] - ServerApp::onRegisterNewApp: uid:3960, username:error_name, componentType:baseappmgr, componentID:5000, globalorderID=-1, grouporderID=-1, intaddr:192.168.56.1, intport:57756, extaddr:nonsupport, extport:0,  from 192.168.56.1:57762/0/0/0.
    INFO      dbmgr-1 3960 4000  [2019-05-10 21:08:56 945] - Components::addComponent: reset orderLog, uid=3960!
    INFO      dbmgr-1 3960 4000  [2019-05-10 21:08:56 945] - Components::addComponent[baseappmgr], uid=3960, componentID=5000, globalorderid=1, grouporderid=1, totalcount=1
    INFO      dbmgr-1 3960 4000  [2019-05-10 21:08:57 969] - Components::process(): Found all the components!
    INFO      dbmgr-1 3960 4000  [2019-05-10 21:09:05 156] - ServerApp::onRegisterNewApp: uid:3960, username:error_name, componentType:cellappmgr, componentID:6000, globalorderID=-1, grouporderID=-1, intaddr:192.168.56.1, intport:57760, extaddr:nonsupport, extport:0,  from 192.168.56.1:57766/0/0/0.
    INFO      dbmgr-1 3960 4000  [2019-05-10 21:09:05 156] - Components::addComponent[cellappmgr], uid=3960, componentID=6000, globalorderid=2, grouporderid=1, totalcount=1
    INFO      dbmgr-1 3960 4000  [2019-05-10 21:09:17 286] - ServerApp::onRegisterNewApp: uid:3960, username:error_name, componentType:baseapp, componentID:7001, globalorderID=-1, grouporderID=-1, intaddr:192.168.56.1, intport:57764, extaddr:192.168.56.1, extport:20015,  from 192.168.56.1:57770/0/0/0.
    INFO      dbmgr-1 3960 4000  [2019-05-10 21:09:17 286] - Components::addComponent[baseapp], uid=3960, componentID=7001, globalorderid=3, grouporderid=1, totalcount=1
    INFO      dbmgr-1 3960 4000  [2019-05-10 21:09:20 299] - IDServer::allocRange: 1-2001.
   DEBUG      dbmgr-1 3960 4000  [2019-05-10 21:09:20 299] - SyncAppDatasHandler::~SyncAppDatasHandler()
    INFO      dbmgr-1 3960 4000  [2019-05-10 21:09:21 788] - GlobalDataServer::broadcastDataChanged: writer(baseapp, addr=192.168.56.1:57770/0/0/0), keySize=10, valSize=45, isDelete=0
    INFO      dbmgr-1 3960 4000  [2019-05-10 21:09:25 950] - ServerApp::onRegisterNewApp: uid:3960, username:error_name, componentType:cellapp, componentID:8001, globalorderID=-1, grouporderID=-1, intaddr:192.168.56.1, intport:57768, extaddr:nonsupport, extport:0,  from 192.168.56.1:57775/0/0/0.
    INFO      dbmgr-1 3960 4000  [2019-05-10 21:09:25 950] - Components::addComponent[cellapp], uid=3960, componentID=8001, globalorderid=4, grouporderid=1, totalcount=1
    INFO      dbmgr-1 3960 4000  [2019-05-10 21:09:28 959] - IDServer::allocRange: 2001-4001.
   DEBUG      dbmgr-1 3960 4000  [2019-05-10 21:09:28 959] - SyncAppDatasHandler::~SyncAppDatasHandler()
    INFO      dbmgr-1 3960 4000  [2019-05-10 21:09:32 702] - ServerApp::onRegisterNewApp: uid:3960, username:error_name, componentType:loginapp, componentID:9000, globalorderID=-1, grouporderID=-1, intaddr:192.168.56.1, intport:57773, extaddr:192.168.56.1, extport:20013,  from 192.168.56.1:57779/0/0/0.
    INFO      dbmgr-1 3960 4000  [2019-05-10 21:09:32 702] - Components::addComponent[loginapp], uid=3960, componentID=9000, globalorderid=5, grouporderid=1, totalcount=1
   DEBUG      dbmgr-1 3960 4000  [2019-05-10 21:09:35 718] - SyncAppDatasHandler::~SyncAppDatasHandler()
    INFO      dbmgr-1 3960 4000  [2019-05-10 21:11:45 587] - DBTaskAccountLogin::db_thread_process(): not found account[123456], autocreate successfully!
   DEBUG      dbmgr-1 3960 4000  [2019-05-10 21:11:45 752] - Dbmgr::onAccountLogin:loginName=123456, accountName=123456, success=0, componentID=0, entityID=0, dbid=1, flags=0, deadline=0.
   DEBUG      dbmgr-1 3960 4000  [2019-05-10 21:11:45 912] - Dbmgr::queryAccount: 123456, success=true, flags=0, deadline=0.
    INFO      dbmgr-1 3960 4000  [2019-05-10 21:11:53 199] - GlobalDataServer::broadcastDataChanged: writer(cellapp, addr=192.168.56.1:57775/0/0/0), keySize=12, valSize=45, isDelete=0
    INFO      dbmgr-1 3960 4000  [2019-05-10 21:14:47 697] - -----------------------------------------------------------------------------------------


    INFO      dbmgr-1 3960 4000  [2019-05-10 21:14:47 698] - Resmgr::initialize: KBE_ROOT=D:/kbengine/
    INFO      dbmgr-1 3960 4000  [2019-05-10 21:14:47 698] - Resmgr::initialize: KBE_RES_PATH=D:/kbengine/kbe/res/;D:/kbengine/HappyPoker_assets/;D:/kbengine/HappyPoker_assets/scripts/;D:/kbengine/HappyPoker_assets/res/
    INFO      dbmgr-1 3960 4000  [2019-05-10 21:14:47 698] - Resmgr::initialize: KBE_BIN_PATH=D:/kbengine/kbe/bin/server/
    INFO      dbmgr-1 3960 4000  [2019-05-10 21:14:47 715] - NetworkInterface::initialize(INTERNAL-TCP): bound to all interfaces with default route interface on 192.168.56.1 ( 192.168.56.1:57843 )
    INFO      dbmgr-1 3960 4000  [2019-05-10 21:14:47 715] - NetworkInterface::initialize(INTERNAL-TCP): address 192.168.56.1:57843, SOMAXCONN=5.
    INFO      dbmgr-1 3960 4000  [2019-05-10 21:14:47 715] - server-configs:
    INFO      dbmgr-1 3960 4000  [2019-05-10 21:14:47 715] - 	internalTcpAddr : 192.168.56.1:57843
    INFO      dbmgr-1 3960 4000  [2019-05-10 21:14:47 715] - 	componentID : 4000
 WARNING      dbmgr-1 3960 4000  [2019-05-10 21:14:47 717] - invalid UID(0) <= 0, please check UID for environment! automatically set to 3960.
    INFO      dbmgr-1 3960 4000  [2019-05-10 21:14:49 225] - ---- dbmgr Version: 2.4.5. ScriptVersion: 0.1.0. Pythoncore: 3.7.3. Protocol: 11178A1C367680938C8E416B64844ACD. Config: Debug X86. Built: 09:55:16 May  8 2019. AppID: 4000. UID: 3960. PID: 12800 ----
    INFO      dbmgr-1 3960 4000  [2019-05-10 21:14:49 225] - Server error_name: Intel(R) Core(TM) i5-6300HQ CPU @ 2.30GHz with 2097151kB RAM
    INFO      dbmgr-1 3960 4000  [2019-05-10 21:14:49 225] - ThreadPool::createThreadPool: creating  threadpool...
    INFO      dbmgr-1 3960 4000  [2019-05-10 21:14:49 226] - ThreadPool::createThreadPool: successfully(2), newThreadCount=1, normalMaxThreadCount=2, maxThreadCount=8
    INFO      dbmgr-1 3960 4000  [2019-05-10 21:14:49 429] - Script::install(): is successfully, Python=(3.7.3 (default, May  8 2019, 09:53:38) [MSC v.1916 32 bit (Intel)])!
    INFO      dbmgr-1 3960 4000  [2019-05-10 21:14:49 430] - Script::install(): KBExtra is successfully!
    INFO      dbmgr-1 3960 4000  [2019-05-10 21:14:49 543] - Dbmgr::initializeEnd: digest(74B55206BE52C3722A365A8BF863C5A3)
  S_INFO      dbmgr-1 3960 4000  [2019-05-10 21:14:49 543] - onDBMgrReady: bootstrapGroupIndex=0, bootstrapGlobalIndex=0
    INFO      dbmgr-1 3960 4000  [2019-05-10 21:14:49 544] - TelnetServer server is running on port 32000
    INFO      dbmgr-1 3960 4000  [2019-05-10 21:14:49 544] - Dbmgr::initInterfacesHandler: interfaces addr(127.0.0.1:30099), accountType:(interfaces), chargeType:(interfaces).
 WARNING      dbmgr-1 3960 4000  [2019-05-10 21:14:49 745] - DBUtil::initialize: db(default) password is not encrypted!
please use password(rsa):
52F18678B29000D28165A3AB3BEA961E31E209A6EB18BE488B7544F46B8D02059E1C84BFFD30BD530A7B2919302FFB669E6FFEE5BB4FE4B5EE3C6C1E22266A8D1DC374B8C204DB7D302A242509D91974F829E39E1020DCB431E87E866A53154091A9F2FEBB79E419924C8BB0EF09FDD9790357BE56C219433C51F267A31B7B69
   DEBUG      dbmgr-1 3960 4000  [2019-05-10 21:14:49 752] - DBInterfaceMysql::attach: connect: localhost:3306 starting...
   DEBUG      dbmgr-1 3960 4000  [2019-05-10 21:14:49 908] - DBInterfaceMysql::attach: successfully! addr: localhost:3306
    INFO      dbmgr-1 3960 4000  [2019-05-10 21:14:49 908] - DBUtil::createInterface[0x7aece0]: interface=default, dbtype=mysql, ip=localhost, port=3306, currdatabase=kbe, username=kbe, connected=yes.

    INFO      dbmgr-1 3960 4000  [2019-05-10 21:14:49 909] - ThreadPool::createThreadPool: creating  threadpool...
    INFO      dbmgr-1 3960 4000  [2019-05-10 21:14:49 909] - ThreadPool::createThreadPool: successfully(5), newThreadCount=5, normalMaxThreadCount=5, maxThreadCount=5
    INFO      dbmgr-1 3960 4000  [2019-05-10 21:14:50 065] - DBInterfaceMysql::query: successfully!
 WARNING      dbmgr-1 3960 4000  [2019-05-10 21:14:50 712] - d:\kbengine\kbe\src\server\dbmgr\dbmgr.cpp:306: Profile scriptCall took 1.17 seconds
    INFO      dbmgr-1 3960 4000  [2019-05-10 21:14:51 099] - ---- dbmgr is running ----
   DEBUG      dbmgr-1 3960 4000  [2019-05-10 21:14:51 099] - Components::process(): Request for the process of identity...
   DEBUG      dbmgr-1 3960 4000  [2019-05-10 21:14:49 944] - DBInterfaceMysql::attach: connect: localhost:3306 starting...
   DEBUG      dbmgr-1 3960 4000  [2019-05-10 21:14:49 961] - DBInterfaceMysql::attach: connect: localhost:3306 starting...
   DEBUG      dbmgr-1 3960 4000  [2019-05-10 21:14:49 976] - DBInterfaceMysql::attach: connect: localhost:3306 starting...
   DEBUG      dbmgr-1 3960 4000  [2019-05-10 21:14:50 028] - DBInterfaceMysql::attach: successfully! addr: localhost:3306
   DEBUG      dbmgr-1 3960 4000  [2019-05-10 21:14:50 028] - DBThread::onStart(): 0xf2d40!
   DEBUG      dbmgr-1 3960 4000  [2019-05-10 21:14:50 033] - DBInterfaceMysql::attach: connect: localhost:3306 starting...
   DEBUG      dbmgr-1 3960 4000  [2019-05-10 21:14:50 063] - DBInterfaceMysql::attach: connect: localhost:3306 starting...
   DEBUG      dbmgr-1 3960 4000  [2019-05-10 21:14:50 116] - DBInterfaceMysql::attach: successfully! addr: localhost:3306
   DEBUG      dbmgr-1 3960 4000  [2019-05-10 21:14:50 116] - DBThread::onStart(): 0xf2988!
   DEBUG      dbmgr-1 3960 4000  [2019-05-10 21:14:50 201] - DBInterfaceMysql::attach: successfully! addr: localhost:3306
   DEBUG      dbmgr-1 3960 4000  [2019-05-10 21:14:50 201] - DBThread::onStart(): 0xf2a10!
    INFO      dbmgr-1 3960 4000  [2019-05-10 21:14:50 257] - DBInterfaceMysql::query: successfully!
    INFO      dbmgr-1 3960 4000  [2019-05-10 21:14:50 274] - DBInterfaceMysql::query: successfully!
    INFO      dbmgr-1 3960 4000  [2019-05-10 21:14:50 275] - DBInterfaceMysql::query: successfully!
 WARNING      dbmgr-1 3960 4000  [2019-05-10 21:14:50 275] - DBTask::process(): took 0.21 seconds
sql:(CREATE TABLE IF NOT EXISTS kbe_accountinfos (`accountName` varchar(128) not null, PRIMARY KEY idKey (`accountName`),`password` varchar(255) not null,`bindata` blob,`email` varchar(191) not null, UNIQUE KEY `email` (`email`),`entityDBID` bigint(20) unsigned not null DEFAULT 0, UNIQUE KEY `entityDBID` (`entityDBID`),`flags` int unsigned not null DEFAULT 0,`deadline` bigint(20) not null DEFAULT 0,`regtime` bigint(20) not null DEFAULT 0,`lasttime` bigint(20) not null DEFAULT 0,`numlogin` int unsigned not null DEFAULT 0)ENGINE=InnoDB)
   DEBUG      dbmgr-1 3960 4000  [2019-05-10 21:14:50 483] - DBInterfaceMysql::attach: successfully! addr: localhost:3306
   DEBUG      dbmgr-1 3960 4000  [2019-05-10 21:14:50 483] - DBThread::onStart(): 0xf2ba8!
    INFO      dbmgr-1 3960 4000  [2019-05-10 21:14:50 548] - DBInterfaceMysql::query: successfully!
 WARNING      dbmgr-1 3960 4000  [2019-05-10 21:14:50 549] - DBTask::process(): took 0.35 seconds
sql:(insert into kbe_serverlog (heartbeatTime, serverGroupID) values(1557494090,3960) ON DUPLICATE KEY UPDATE heartbeatTime=1557494090)
 WARNING      dbmgr-1 3960 4000  [2019-05-10 21:14:50 559] - DBTask::process(): took 0.43 seconds
sql:(select distinct(serverGroupID) from kbe_entitylog)
   DEBUG      dbmgr-1 3960 4000  [2019-05-10 21:14:50 598] - DBInterfaceMysql::attach: successfully! addr: localhost:3306
   DEBUG      dbmgr-1 3960 4000  [2019-05-10 21:14:50 599] - DBThread::onStart(): 0xf2fe8!
    INFO      dbmgr-1 3960 4000  [2019-05-10 21:14:50 666] - DBInterfaceMysql::query: successfully!
 WARNING      dbmgr-1 3960 4000  [2019-05-10 21:14:50 669] - DBTask::process(): took 0.39 seconds
sql:(show index from tbl_Room)
    INFO      dbmgr-1 3960 4000  [2019-05-10 21:14:50 688] - DBInterfaceMysql::query: successfully!
    INFO      dbmgr-1 3960 4000  [2019-05-10 21:14:50 689] - DBInterfaceMysql::query: successfully!
    INFO      dbmgr-1 3960 4000  [2019-05-10 21:14:50 689] - DBInterfaceMysql::query: successfully!
 WARNING      dbmgr-1 3960 4000  [2019-05-10 21:14:50 689] - DBTask::process(): took 0.21 seconds
sql:(delete from kbe_email_verification where logtime<1557490490 and type=3)
    INFO      dbmgr-1 3960 4000  [2019-05-10 21:14:57 265] - ServerApp::onRegisterNewApp: uid:3960, username:error_name, componentType:interfaces, componentID:3000, globalorderID=-1, grouporderID=-1, intaddr:192.168.56.1, intport:30099, extaddr:nonsupport, extport:0,  from 127.0.0.1:30099/0/0/0.
    INFO      dbmgr-1 3960 4000  [2019-05-10 21:14:57 265] - Components::addComponent: reset orderLog, uid=3960!
    INFO      dbmgr-1 3960 4000  [2019-05-10 21:14:57 265] - Components::addComponent[interfaces], uid=3960, componentID=3000, globalorderid=1, grouporderid=1, totalcount=1
 WARNING      dbmgr-1 3960 4000  [2019-05-10 21:14:57 265] - TCPPacketReceiver::processPendingEvents(192.168.56.1:57867): Throwing REASON_GENERAL_NETWORK - WSAECONNABORTED
    INFO      dbmgr-1 3960 4000  [2019-05-10 21:14:58 283] - Components::findComponents: find logger(1)...
    INFO      dbmgr-1 3960 4000  [2019-05-10 21:14:58 376] - Components::findComponents: found logger, addr:192.168.56.1:57846
    INFO      dbmgr-1 3960 4000  [2019-05-10 21:14:58 376] - Components::addComponent: reset orderLog, uid=3960!
    INFO      dbmgr-1 3960 4000  [2019-05-10 21:14:58 376] - Components::addComponent[logger], uid=3960, componentID=2000, globalorderid=1, grouporderid=1, totalcount=1
    INFO      dbmgr-1 3960 4000  [2019-05-10 21:14:58 399] - Components::process(): Found all the components!
    INFO      dbmgr-1 3960 4000  [2019-05-10 21:15:01 117] - ServerApp::onRegisterNewApp: uid:3960, username:error_name, componentType:baseappmgr, componentID:5000, globalorderID=-1, grouporderID=-1, intaddr:192.168.56.1, intport:57844, extaddr:nonsupport, extport:0,  from 192.168.56.1:57878/0/0/0.
    INFO      dbmgr-1 3960 4000  [2019-05-10 21:15:01 117] - Components::addComponent: reset orderLog, uid=3960!
    INFO      dbmgr-1 3960 4000  [2019-05-10 21:15:01 117] - Components::addComponent[baseappmgr], uid=3960, componentID=5000, globalorderid=1, grouporderid=1, totalcount=1
    INFO      dbmgr-1 3960 4000  [2019-05-10 21:15:01 442] - ServerApp::onRegisterNewApp: uid:3960, username:error_name, componentType:cellappmgr, componentID:6000, globalorderID=-1, grouporderID=-1, intaddr:192.168.56.1, intport:57848, extaddr:nonsupport, extport:0,  from 192.168.56.1:57880/0/0/0.
    INFO      dbmgr-1 3960 4000  [2019-05-10 21:15:01 442] - Components::addComponent[cellappmgr], uid=3960, componentID=6000, globalorderid=2, grouporderid=1, totalcount=1
    INFO      dbmgr-1 3960 4000  [2019-05-10 21:15:01 963] - ServerApp::onRegisterNewApp: uid:3960, username:error_name, componentType:loginapp, componentID:9000, globalorderID=-1, grouporderID=-1, intaddr:192.168.56.1, intport:57849, extaddr:192.168.56.1, extport:20013,  from 192.168.56.1:57882/0/0/0.
    INFO      dbmgr-1 3960 4000  [2019-05-10 21:15:01 964] - Components::addComponent[loginapp], uid=3960, componentID=9000, globalorderid=3, grouporderid=1, totalcount=1
    INFO      dbmgr-1 3960 4000  [2019-05-10 21:15:02 768] - ServerApp::onRegisterNewApp: uid:3960, username:error_name, componentType:baseapp, componentID:7001, globalorderID=-1, grouporderID=-1, intaddr:192.168.56.1, intport:57850, extaddr:192.168.56.1, extport:20015,  from 192.168.56.1:57884/0/0/0.
    INFO      dbmgr-1 3960 4000  [2019-05-10 21:15:02 768] - Components::addComponent[baseapp], uid=3960, componentID=7001, globalorderid=4, grouporderid=1, totalcount=1
    INFO      dbmgr-1 3960 4000  [2019-05-10 21:15:04 049] - ServerApp::onRegisterNewApp: uid:3960, username:error_name, componentType:cellapp, componentID:8001, globalorderID=-1, grouporderID=-1, intaddr:192.168.56.1, intport:57847, extaddr:nonsupport, extport:0,  from 192.168.56.1:57887/0/0/0.
    INFO      dbmgr-1 3960 4000  [2019-05-10 21:15:04 049] - Components::addComponent[cellapp], uid=3960, componentID=8001, globalorderid=5, grouporderid=1, totalcount=1
    INFO      dbmgr-1 3960 4000  [2019-05-10 21:15:07 063] - IDServer::allocRange: 1-2001.
    INFO      dbmgr-1 3960 4000  [2019-05-10 21:15:07 064] - IDServer::allocRange: 2001-4001.
   DEBUG      dbmgr-1 3960 4000  [2019-05-10 21:15:07 064] - SyncAppDatasHandler::~SyncAppDatasHandler()
    INFO      dbmgr-1 3960 4000  [2019-05-10 21:15:09 168] - GlobalDataServer::broadcastDataChanged: writer(baseapp, addr=192.168.56.1:57884/0/0/0), keySize=10, valSize=45, isDelete=0
   DEBUG      dbmgr-1 3960 4000  [2019-05-10 21:15:20 383] - Dbmgr::onAccountLogin:loginName=123456, accountName=123456, success=0, componentID=0, entityID=0, dbid=1, flags=0, deadline=0.
   DEBUG      dbmgr-1 3960 4000  [2019-05-10 21:15:20 562] - Dbmgr::queryAccount: 123456, success=true, flags=0, deadline=0.
    INFO      dbmgr-1 3960 4000  [2019-05-10 21:15:22 372] - GlobalDataServer::broadcastDataChanged: writer(cellapp, addr=192.168.56.1:57887/0/0/0), keySize=12, valSize=45, isDelete=0
    INFO      dbmgr-1 3960 4000  [2019-05-10 21:15:38 479] - DBTaskAccountLogin::db_thread_process(): not found account[12345678], autocreate successfully!
   DEBUG      dbmgr-1 3960 4000  [2019-05-10 21:15:38 621] - Dbmgr::onAccountLogin:loginName=12345678, accountName=12345678, success=0, componentID=0, entityID=0, dbid=2, flags=0, deadline=0.
   DEBUG      dbmgr-1 3960 4000  [2019-05-10 21:15:38 821] - Dbmgr::queryAccount: 12345678, success=true, flags=0, deadline=0.
    INFO      dbmgr-1 3960 4000  [2019-05-10 21:16:41 893] - -----------------------------------------------------------------------------------------


    INFO      dbmgr-1 3960 4000  [2019-05-10 21:16:41 895] - Resmgr::initialize: KBE_ROOT=D:/kbengine/
    INFO      dbmgr-1 3960 4000  [2019-05-10 21:16:41 895] - Resmgr::initialize: KBE_RES_PATH=D:/kbengine/kbe/res/;D:/kbengine/HappyPoker_assets/;D:/kbengine/HappyPoker_assets/scripts/;D:/kbengine/HappyPoker_assets/res/
    INFO      dbmgr-1 3960 4000  [2019-05-10 21:16:41 895] - Resmgr::initialize: KBE_BIN_PATH=D:/kbengine/kbe/bin/server/
    INFO      dbmgr-1 3960 4000  [2019-05-10 21:16:41 957] - NetworkInterface::initialize(INTERNAL-TCP): bound to all interfaces with default route interface on 192.168.56.1 ( 192.168.56.1:57923 )
    INFO      dbmgr-1 3960 4000  [2019-05-10 21:16:41 962] - NetworkInterface::initialize(INTERNAL-TCP): address 192.168.56.1:57923, SOMAXCONN=5.
    INFO      dbmgr-1 3960 4000  [2019-05-10 21:16:41 962] - server-configs:
    INFO      dbmgr-1 3960 4000  [2019-05-10 21:16:41 963] - 	internalTcpAddr : 192.168.56.1:57923
    INFO      dbmgr-1 3960 4000  [2019-05-10 21:16:41 963] - 	componentID : 4000
 WARNING      dbmgr-1 3960 4000  [2019-05-10 21:16:41 966] - invalid UID(0) <= 0, please check UID for environment! automatically set to 3960.
 WARNING      dbmgr-1 3960 4000  [2019-05-10 21:16:42 382] - BundleBroadcast::BundleBroadcast: Cannot bind to port 20078, errorno=10048
    INFO      dbmgr-1 3960 4000  [2019-05-10 21:16:42 387] - ---- dbmgr Version: 2.4.5. ScriptVersion: 0.1.0. Pythoncore: 3.7.3. Protocol: 11178A1C367680938C8E416B64844ACD. Config: Debug X86. Built: 09:55:16 May  8 2019. AppID: 4000. UID: 3960. PID: 13788 ----
    INFO      dbmgr-1 3960 4000  [2019-05-10 21:16:42 387] - Server error_name: Intel(R) Core(TM) i5-6300HQ CPU @ 2.30GHz with 2097151kB RAM
    INFO      dbmgr-1 3960 4000  [2019-05-10 21:16:42 387] - ThreadPool::createThreadPool: creating  threadpool...
    INFO      dbmgr-1 3960 4000  [2019-05-10 21:16:42 388] - ThreadPool::createThreadPool: successfully(2), newThreadCount=1, normalMaxThreadCount=2, maxThreadCount=8
    INFO      dbmgr-1 3960 4000  [2019-05-10 21:16:42 591] - Script::install(): is successfully, Python=(3.7.3 (default, May  8 2019, 09:53:38) [MSC v.1916 32 bit (Intel)])!
    INFO      dbmgr-1 3960 4000  [2019-05-10 21:16:42 591] - Script::install(): KBExtra is successfully!
    INFO      dbmgr-1 3960 4000  [2019-05-10 21:16:42 720] - Dbmgr::initializeEnd: digest(74B55206BE52C3722A365A8BF863C5A3)
  S_INFO      dbmgr-1 3960 4000  [2019-05-10 21:16:42 720] - onDBMgrReady: bootstrapGroupIndex=0, bootstrapGlobalIndex=0
    INFO      dbmgr-1 3960 4000  [2019-05-10 21:16:42 721] - TelnetServer server is running on port 32000
    INFO      dbmgr-1 3960 4000  [2019-05-10 21:16:42 721] - Dbmgr::initInterfacesHandler: interfaces addr(127.0.0.1:30099), accountType:(interfaces), chargeType:(interfaces).
 WARNING      dbmgr-1 3960 4000  [2019-05-10 21:16:42 935] - DBUtil::initialize: db(default) password is not encrypted!
please use password(rsa):
8D2029B6C09890897995ADDD72AB63872232B15EAF9EBBC93E5424362A3E5C4D12AB4DFC5448EB7FBA2A210BF335E1F81FD02A8F9C322A689BEDC38AD57A56BF85D1C6FAAABCFEE2A0EEB103C4C10B110F22EA3E0D472EF163BCF3DD55181AADCAE459C175E755585D46C80AFF3297A4AF59F436225129E9EC85A86D863D1515
   DEBUG      dbmgr-1 3960 4000  [2019-05-10 21:16:42 939] - DBInterfaceMysql::attach: connect: localhost:3306 starting...
   DEBUG      dbmgr-1 3960 4000  [2019-05-10 21:16:43 105] - DBInterfaceMysql::attach: successfully! addr: localhost:3306
    INFO      dbmgr-1 3960 4000  [2019-05-10 21:16:43 105] - DBUtil::createInterface[0x1cfed58]: interface=default, dbtype=mysql, ip=localhost, port=3306, currdatabase=kbe, username=kbe, connected=yes.

    INFO      dbmgr-1 3960 4000  [2019-05-10 21:16:43 106] - ThreadPool::createThreadPool: creating  threadpool...
    INFO      dbmgr-1 3960 4000  [2019-05-10 21:16:43 106] - ThreadPool::createThreadPool: successfully(5), newThreadCount=5, normalMaxThreadCount=5, maxThreadCount=5
    INFO      dbmgr-1 3960 4000  [2019-05-10 21:16:43 302] - DBInterfaceMysql::query: successfully!
 WARNING      dbmgr-1 3960 4000  [2019-05-10 21:16:43 973] - d:\kbengine\kbe\src\server\dbmgr\dbmgr.cpp:306: Profile scriptCall took 1.25 seconds
    INFO      dbmgr-1 3960 4000  [2019-05-10 21:16:44 463] - ---- dbmgr is running ----
   DEBUG      dbmgr-1 3960 4000  [2019-05-10 21:16:44 464] - Components::process(): Request for the process of identity...
   DEBUG      dbmgr-1 3960 4000  [2019-05-10 21:16:43 107] - DBInterfaceMysql::attach: connect: localhost:3306 starting...
   DEBUG      dbmgr-1 3960 4000  [2019-05-10 21:16:43 107] - DBInterfaceMysql::attach: connect: localhost:3306 starting...
   DEBUG      dbmgr-1 3960 4000  [2019-05-10 21:16:43 124] - DBInterfaceMysql::attach: connect: localhost:3306 starting...
   DEBUG      dbmgr-1 3960 4000  [2019-05-10 21:16:43 124] - DBInterfaceMysql::attach: connect: localhost:3306 starting...
   DEBUG      dbmgr-1 3960 4000  [2019-05-10 21:16:43 133] - DBInterfaceMysql::attach: connect: localhost:3306 starting...
   DEBUG      dbmgr-1 3960 4000  [2019-05-10 21:16:43 215] - DBInterfaceMysql::attach: successfully! addr: localhost:3306
   DEBUG      dbmgr-1 3960 4000  [2019-05-10 21:16:43 215] - DBThread::onStart(): 0x1e74be0!
   DEBUG      dbmgr-1 3960 4000  [2019-05-10 21:16:43 300] - DBInterfaceMysql::attach: successfully! addr: localhost:3306
   DEBUG      dbmgr-1 3960 4000  [2019-05-10 21:16:43 300] - DBThread::onStart(): 0x1e748b0!
   DEBUG      dbmgr-1 3960 4000  [2019-05-10 21:16:43 375] - DBInterfaceMysql::attach: successfully! addr: localhost:3306
   DEBUG      dbmgr-1 3960 4000  [2019-05-10 21:16:43 375] - DBThread::onStart(): 0x1e752c8!
   DEBUG      dbmgr-1 3960 4000  [2019-05-10 21:16:43 418] - DBInterfaceMysql::attach: successfully! addr: localhost:3306
   DEBUG      dbmgr-1 3960 4000  [2019-05-10 21:16:43 418] - DBThread::onStart(): 0x1e74cf0!
    INFO      dbmgr-1 3960 4000  [2019-05-10 21:16:43 541] - DBInterfaceMysql::query: successfully!
 WARNING      dbmgr-1 3960 4000  [2019-05-10 21:16:43 542] - DBTask::process(): took 0.24 seconds
sql:(CREATE TABLE IF NOT EXISTS kbe_accountinfos (`accountName` varchar(128) not null, PRIMARY KEY idKey (`accountName`),`password` varchar(255) not null,`bindata` blob,`email` varchar(191) not null, UNIQUE KEY `email` (`email`),`entityDBID` bigint(20) unsigned not null DEFAULT 0, UNIQUE KEY `entityDBID` (`entityDBID`),`flags` int unsigned not null DEFAULT 0,`deadline` bigint(20) not null DEFAULT 0,`regtime` bigint(20) not null DEFAULT 0,`lasttime` bigint(20) not null DEFAULT 0,`numlogin` int unsigned not null DEFAULT 0)ENGINE=InnoDB)
    INFO      dbmgr-1 3960 4000  [2019-05-10 21:16:43 608] - DBInterfaceMysql::query: successfully!
   DEBUG      dbmgr-1 3960 4000  [2019-05-10 21:16:43 783] - DBInterfaceMysql::attach: successfully! addr: localhost:3306
   DEBUG      dbmgr-1 3960 4000  [2019-05-10 21:16:43 783] - DBThread::onStart(): 0x1e75020!
 WARNING      dbmgr-1 3960 4000  [2019-05-10 21:16:43 784] - DBTask::process(): took 0.41 seconds
sql:(show index from tbl_Account)
    INFO      dbmgr-1 3960 4000  [2019-05-10 21:16:43 825] - DBInterfaceMysql::query: successfully!
 WARNING      dbmgr-1 3960 4000  [2019-05-10 21:16:43 826] - DBTask::process(): took 0.52 seconds
sql:(select distinct(serverGroupID) from kbe_entitylog)
    INFO      dbmgr-1 3960 4000  [2019-05-10 21:16:43 863] - DBInterfaceMysql::query: successfully!
    INFO      dbmgr-1 3960 4000  [2019-05-10 21:16:43 864] - DBInterfaceMysql::query: successfully!
    INFO      dbmgr-1 3960 4000  [2019-05-10 21:16:43 864] - DBInterfaceMysql::query: successfully!
    INFO      dbmgr-1 3960 4000  [2019-05-10 21:16:43 864] - DBInterfaceMysql::query: successfully!
    INFO      dbmgr-1 3960 4000  [2019-05-10 21:16:43 864] - DBInterfaceMysql::query: successfully!
 WARNING      dbmgr-1 3960 4000  [2019-05-10 21:16:43 865] - DBTask::process(): took 0.45 seconds
sql:(delete from kbe_email_verification where logtime<1557490603 and type=3)
 WARNING      dbmgr-1 3960 4000  [2019-05-10 21:16:43 888] - DBTask::process(): took 0.32 seconds
sql:(show index from tbl_Room)
    INFO      dbmgr-1 3960 4000  [2019-05-10 21:16:50 616] - ServerApp::onRegisterNewApp: uid:3960, username:error_name, componentType:interfaces, componentID:3000, globalorderID=-1, grouporderID=-1, intaddr:192.168.56.1, intport:30099, extaddr:nonsupport, extport:0,  from 127.0.0.1:30099/0/0/0.
    INFO      dbmgr-1 3960 4000  [2019-05-10 21:16:50 616] - Components::addComponent: reset orderLog, uid=3960!
    INFO      dbmgr-1 3960 4000  [2019-05-10 21:16:50 616] - Components::addComponent[interfaces], uid=3960, componentID=3000, globalorderid=1, grouporderid=1, totalcount=1
    INFO      dbmgr-1 3960 4000  [2019-05-10 21:16:51 620] - Components::findComponents: find logger(1)...
    INFO      dbmgr-1 3960 4000  [2019-05-10 21:16:51 695] - Components::findComponents: found logger, addr:192.168.56.1:57921
    INFO      dbmgr-1 3960 4000  [2019-05-10 21:16:51 696] - Components::addComponent: reset orderLog, uid=3960!
    INFO      dbmgr-1 3960 4000  [2019-05-10 21:16:51 696] - Components::addComponent[logger], uid=3960, componentID=2000, globalorderid=1, grouporderid=1, totalcount=1
    INFO      dbmgr-1 3960 4000  [2019-05-10 21:16:51 720] - Components::process(): Found all the components!
    INFO      dbmgr-1 3960 4000  [2019-05-10 21:16:55 516] - ServerApp::onRegisterNewApp: uid:3960, username:error_name, componentType:cellappmgr, componentID:6000, globalorderID=-1, grouporderID=-1, intaddr:192.168.56.1, intport:57925, extaddr:nonsupport, extport:0,  from 192.168.56.1:57951/0/0/0.
    INFO      dbmgr-1 3960 4000  [2019-05-10 21:16:55 516] - Components::addComponent: reset orderLog, uid=3960!
    INFO      dbmgr-1 3960 4000  [2019-05-10 21:16:55 516] - Components::addComponent[cellappmgr], uid=3960, componentID=6000, globalorderid=1, grouporderid=1, totalcount=1
    INFO      dbmgr-1 3960 4000  [2019-05-10 21:16:55 823] - ServerApp::onRegisterNewApp: uid:3960, username:error_name, componentType:baseappmgr, componentID:5000, globalorderID=-1, grouporderID=-1, intaddr:192.168.56.1, intport:57922, extaddr:nonsupport, extport:0,  from 192.168.56.1:57954/0/0/0.
    INFO      dbmgr-1 3960 4000  [2019-05-10 21:16:55 823] - Components::addComponent[baseappmgr], uid=3960, componentID=5000, globalorderid=2, grouporderid=1, totalcount=1
    INFO      dbmgr-1 3960 4000  [2019-05-10 21:16:56 035] - ServerApp::onRegisterNewApp: uid:3960, username:error_name, componentType:loginapp, componentID:9000, globalorderID=-1, grouporderID=-1, intaddr:192.168.56.1, intport:57927, extaddr:192.168.56.1, extport:20013,  from 192.168.56.1:57956/0/0/0.
    INFO      dbmgr-1 3960 4000  [2019-05-10 21:16:56 035] - Components::addComponent[loginapp], uid=3960, componentID=9000, globalorderid=3, grouporderid=1, totalcount=1
    INFO      dbmgr-1 3960 4000  [2019-05-10 21:16:57 885] - ServerApp::onRegisterNewApp: uid:3960, username:error_name, componentType:cellapp, componentID:8001, globalorderID=-1, grouporderID=-1, intaddr:192.168.56.1, intport:57924, extaddr:nonsupport, extport:0,  from 192.168.56.1:57962/0/0/0.
    INFO      dbmgr-1 3960 4000  [2019-05-10 21:16:57 885] - Components::addComponent[cellapp], uid=3960, componentID=8001, globalorderid=4, grouporderid=1, totalcount=1
    INFO      dbmgr-1 3960 4000  [2019-05-10 21:16:58 449] - ServerApp::onRegisterNewApp: uid:3960, username:error_name, componentType:baseapp, componentID:7001, globalorderID=-1, grouporderID=-1, intaddr:192.168.56.1, intport:57928, extaddr:192.168.56.1, extport:20015,  from 192.168.56.1:57966/0/0/0.
    INFO      dbmgr-1 3960 4000  [2019-05-10 21:16:58 449] - Components::addComponent[baseapp], uid=3960, componentID=7001, globalorderid=5, grouporderid=1, totalcount=1
    INFO      dbmgr-1 3960 4000  [2019-05-10 21:17:01 459] - IDServer::allocRange: 1-2001.
    INFO      dbmgr-1 3960 4000  [2019-05-10 21:17:01 459] - IDServer::allocRange: 2001-4001.
   DEBUG      dbmgr-1 3960 4000  [2019-05-10 21:17:01 459] - SyncAppDatasHandler::~SyncAppDatasHandler()
    INFO      dbmgr-1 3960 4000  [2019-05-10 21:17:03 567] - GlobalDataServer::broadcastDataChanged: writer(baseapp, addr=192.168.56.1:57966/0/0/0), keySize=10, valSize=48, isDelete=0
   DEBUG      dbmgr-1 3960 4000  [2019-05-10 21:17:28 756] - Dbmgr::onAccountLogin:loginName=123456, accountName=123456, success=0, componentID=0, entityID=0, dbid=1, flags=0, deadline=0.
   DEBUG      dbmgr-1 3960 4000  [2019-05-10 21:17:28 916] - Dbmgr::queryAccount: 123456, success=true, flags=0, deadline=0.
    INFO      dbmgr-1 3960 4000  [2019-05-10 21:17:31 253] - GlobalDataServer::broadcastDataChanged: writer(cellapp, addr=192.168.56.1:57962/0/0/0), keySize=12, valSize=48, isDelete=0
   DEBUG      dbmgr-1 3960 4000  [2019-05-10 21:18:12 153] - Dbmgr::onAccountLogin:loginName=12345678, accountName=12345678, success=0, componentID=0, entityID=0, dbid=2, flags=0, deadline=0.
   DEBUG      dbmgr-1 3960 4000  [2019-05-10 21:18:12 332] - Dbmgr::queryAccount: 12345678, success=true, flags=0, deadline=0.
    INFO      dbmgr-1 3960 4000  [2019-05-10 21:22:02 760] - -----------------------------------------------------------------------------------------


    INFO      dbmgr-1 3960 4000  [2019-05-10 21:22:02 761] - Resmgr::initialize: KBE_ROOT=D:/kbengine/
    INFO      dbmgr-1 3960 4000  [2019-05-10 21:22:02 761] - Resmgr::initialize: KBE_RES_PATH=D:/kbengine/kbe/res/;D:/kbengine/HappyPoker_assets/;D:/kbengine/HappyPoker_assets/scripts/;D:/kbengine/HappyPoker_assets/res/
    INFO      dbmgr-1 3960 4000  [2019-05-10 21:22:02 761] - Resmgr::initialize: KBE_BIN_PATH=D:/kbengine/kbe/bin/server/
    INFO      dbmgr-1 3960 4000  [2019-05-10 21:22:02 771] - NetworkInterface::initialize(INTERNAL-TCP): bound to all interfaces with default route interface on 192.168.56.1 ( 192.168.56.1:58031 )
    INFO      dbmgr-1 3960 4000  [2019-05-10 21:22:02 772] - NetworkInterface::initialize(INTERNAL-TCP): address 192.168.56.1:58031, SOMAXCONN=5.
    INFO      dbmgr-1 3960 4000  [2019-05-10 21:22:02 772] - server-configs:
    INFO      dbmgr-1 3960 4000  [2019-05-10 21:22:02 772] - 	internalTcpAddr : 192.168.56.1:58031
    INFO      dbmgr-1 3960 4000  [2019-05-10 21:22:02 772] - 	componentID : 4000
 WARNING      dbmgr-1 3960 4000  [2019-05-10 21:22:02 774] - invalid UID(0) <= 0, please check UID for environment! automatically set to 3960.
    INFO      dbmgr-1 3960 4000  [2019-05-10 21:22:04 280] - ---- dbmgr Version: 2.4.5. ScriptVersion: 0.1.0. Pythoncore: 3.7.3. Protocol: 11178A1C367680938C8E416B64844ACD. Config: Debug X86. Built: 09:55:16 May  8 2019. AppID: 4000. UID: 3960. PID: 12080 ----
    INFO      dbmgr-1 3960 4000  [2019-05-10 21:22:04 280] - Server error_name: Intel(R) Core(TM) i5-6300HQ CPU @ 2.30GHz with 2097151kB RAM
    INFO      dbmgr-1 3960 4000  [2019-05-10 21:22:04 281] - ThreadPool::createThreadPool: creating  threadpool...
    INFO      dbmgr-1 3960 4000  [2019-05-10 21:22:04 281] - ThreadPool::createThreadPool: successfully(2), newThreadCount=1, normalMaxThreadCount=2, maxThreadCount=8
    INFO      dbmgr-1 3960 4000  [2019-05-10 21:22:04 484] - Script::install(): is successfully, Python=(3.7.3 (default, May  8 2019, 09:53:38) [MSC v.1916 32 bit (Intel)])!
    INFO      dbmgr-1 3960 4000  [2019-05-10 21:22:04 484] - Script::install(): KBExtra is successfully!
    INFO      dbmgr-1 3960 4000  [2019-05-10 21:22:04 590] - Dbmgr::initializeEnd: digest(74B55206BE52C3722A365A8BF863C5A3)
  S_INFO      dbmgr-1 3960 4000  [2019-05-10 21:22:04 590] - onDBMgrReady: bootstrapGroupIndex=0, bootstrapGlobalIndex=0
    INFO      dbmgr-1 3960 4000  [2019-05-10 21:22:04 590] - TelnetServer server is running on port 32000
    INFO      dbmgr-1 3960 4000  [2019-05-10 21:22:04 590] - Dbmgr::initInterfacesHandler: interfaces addr(127.0.0.1:30099), accountType:(interfaces), chargeType:(interfaces).
 WARNING      dbmgr-1 3960 4000  [2019-05-10 21:22:04 807] - DBUtil::initialize: db(default) password is not encrypted!
please use password(rsa):
A947C72B25D08952AD3B66210A443455189FA955747DACDF619BCF80D02CFE6006A373F160BCBEF0A9AAE9A9BA03EF95DD3623A6A3AF9446ADCA163B39AA8930E73AC0D30B5CB7B4BFA9F90062CFBE3EB0056E63D9C40C68792F31595D4ABB38D16E9FC32CFD6454AB45DD933FF3D4F5A9E5005A9202AEAD5A9BB23BFFDF39E7
   DEBUG      dbmgr-1 3960 4000  [2019-05-10 21:22:04 811] - DBInterfaceMysql::attach: connect: localhost:3306 starting...
   DEBUG      dbmgr-1 3960 4000  [2019-05-10 21:22:04 962] - DBInterfaceMysql::attach: successfully! addr: localhost:3306
    INFO      dbmgr-1 3960 4000  [2019-05-10 21:22:04 962] - DBUtil::createInterface[0x1cff3f0]: interface=default, dbtype=mysql, ip=localhost, port=3306, currdatabase=kbe, username=kbe, connected=yes.

    INFO      dbmgr-1 3960 4000  [2019-05-10 21:22:04 962] - ThreadPool::createThreadPool: creating  threadpool...
    INFO      dbmgr-1 3960 4000  [2019-05-10 21:22:04 963] - ThreadPool::createThreadPool: successfully(5), newThreadCount=5, normalMaxThreadCount=5, maxThreadCount=5
    INFO      dbmgr-1 3960 4000  [2019-05-10 21:22:05 254] - DBInterfaceMysql::query: successfully!
 WARNING      dbmgr-1 3960 4000  [2019-05-10 21:22:05 650] - d:\kbengine\kbe\src\server\dbmgr\dbmgr.cpp:306: Profile scriptCall took 1.06 seconds
    INFO      dbmgr-1 3960 4000  [2019-05-10 21:22:06 037] - ---- dbmgr is running ----
   DEBUG      dbmgr-1 3960 4000  [2019-05-10 21:22:06 037] - Components::process(): Request for the process of identity...
   DEBUG      dbmgr-1 3960 4000  [2019-05-10 21:22:04 963] - DBInterfaceMysql::attach: connect: localhost:3306 starting...
   DEBUG      dbmgr-1 3960 4000  [2019-05-10 21:22:04 963] - DBInterfaceMysql::attach: connect: localhost:3306 starting...
   DEBUG      dbmgr-1 3960 4000  [2019-05-10 21:22:04 964] - DBInterfaceMysql::attach: connect: localhost:3306 starting...
   DEBUG      dbmgr-1 3960 4000  [2019-05-10 21:22:04 979] - DBInterfaceMysql::attach: connect: localhost:3306 starting...
   DEBUG      dbmgr-1 3960 4000  [2019-05-10 21:22:05 000] - DBInterfaceMysql::attach: connect: localhost:3306 starting...
   DEBUG      dbmgr-1 3960 4000  [2019-05-10 21:22:05 060] - DBInterfaceMysql::attach: successfully! addr: localhost:3306
   DEBUG      dbmgr-1 3960 4000  [2019-05-10 21:22:05 061] - DBThread::onStart(): 0x1dc5588!
   DEBUG      dbmgr-1 3960 4000  [2019-05-10 21:22:05 110] - DBInterfaceMysql::attach: successfully! addr: localhost:3306
   DEBUG      dbmgr-1 3960 4000  [2019-05-10 21:22:05 110] - DBThread::onStart(): 0x1dc59c8!
   DEBUG      dbmgr-1 3960 4000  [2019-05-10 21:22:05 252] - DBInterfaceMysql::attach: successfully! addr: localhost:3306
   DEBUG      dbmgr-1 3960 4000  [2019-05-10 21:22:05 252] - DBThread::onStart(): 0x1dc4b70!
   DEBUG      dbmgr-1 3960 4000  [2019-05-10 21:22:05 377] - DBInterfaceMysql::attach: successfully! addr: localhost:3306
   DEBUG      dbmgr-1 3960 4000  [2019-05-10 21:22:05 377] - DBThread::onStart(): 0x1dc58b8!
   DEBUG      dbmgr-1 3960 4000  [2019-05-10 21:22:05 502] - DBInterfaceMysql::attach: successfully! addr: localhost:3306
   DEBUG      dbmgr-1 3960 4000  [2019-05-10 21:22:05 502] - DBThread::onStart(): 0x1dc5148!
    INFO      dbmgr-1 3960 4000  [2019-05-10 21:22:05 543] - DBInterfaceMysql::query: successfully!
    INFO      dbmgr-1 3960 4000  [2019-05-10 21:22:05 559] - DBInterfaceMysql::query: successfully!
    INFO      dbmgr-1 3960 4000  [2019-05-10 21:22:05 559] - DBInterfaceMysql::query: successfully!
 WARNING      dbmgr-1 3960 4000  [2019-05-10 21:22:05 560] - DBTask::process(): took 0.30 seconds
sql:(CREATE TABLE IF NOT EXISTS kbe_accountinfos (`accountName` varchar(128) not null, PRIMARY KEY idKey (`accountName`),`password` varchar(255) not null,`bindata` blob,`email` varchar(191) not null, UNIQUE KEY `email` (`email`),`entityDBID` bigint(20) unsigned not null DEFAULT 0, UNIQUE KEY `entityDBID` (`entityDBID`),`flags` int unsigned not null DEFAULT 0,`deadline` bigint(20) not null DEFAULT 0,`regtime` bigint(20) not null DEFAULT 0,`lasttime` bigint(20) not null DEFAULT 0,`numlogin` int unsigned not null DEFAULT 0)ENGINE=InnoDB)
    INFO      dbmgr-1 3960 4000  [2019-05-10 21:22:05 560] - DBInterfaceMysql::query: successfully!
    INFO      dbmgr-1 3960 4000  [2019-05-10 21:22:05 561] - DBInterfaceMysql::query: successfully!
    INFO      dbmgr-1 3960 4000  [2019-05-10 21:22:05 561] - DBInterfaceMysql::query: successfully!
    INFO      dbmgr-1 3960 4000  [2019-05-10 21:22:05 561] - DBInterfaceMysql::query: successfully!
 WARNING      dbmgr-1 3960 4000  [2019-05-10 21:22:05 610] - DBTask::process(): took 0.35 seconds
sql:(insert into kbe_serverlog (heartbeatTime, serverGroupID) values(1557494525,3960) ON DUPLICATE KEY UPDATE heartbeatTime=1557494525)
    INFO      dbmgr-1 3960 4000  [2019-05-10 21:22:05 635] - DBInterfaceMysql::query: successfully!
 WARNING      dbmgr-1 3960 4000  [2019-05-10 21:22:05 636] - DBTask::process(): took 0.38 seconds
sql:(select distinct(serverGroupID) from kbe_entitylog)
    INFO      dbmgr-1 3960 4000  [2019-05-10 21:22:12 177] - ServerApp::onRegisterNewApp: uid:3960, username:error_name, componentType:interfaces, componentID:3000, globalorderID=-1, grouporderID=-1, intaddr:192.168.56.1, intport:30099, extaddr:nonsupport, extport:0,  from 127.0.0.1:30099/0/0/0.
    INFO      dbmgr-1 3960 4000  [2019-05-10 21:22:12 177] - Components::addComponent: reset orderLog, uid=3960!
    INFO      dbmgr-1 3960 4000  [2019-05-10 21:22:12 178] - Components::addComponent[interfaces], uid=3960, componentID=3000, globalorderid=1, grouporderid=1, totalcount=1
    INFO      dbmgr-1 3960 4000  [2019-05-10 21:22:13 190] - Components::findComponents: find logger(1)...
    INFO      dbmgr-1 3960 4000  [2019-05-10 21:22:13 241] - Components::findComponents: found logger, addr:192.168.56.1:58030
    INFO      dbmgr-1 3960 4000  [2019-05-10 21:22:13 242] - Components::addComponent: reset orderLog, uid=3960!
    INFO      dbmgr-1 3960 4000  [2019-05-10 21:22:13 242] - Components::addComponent[logger], uid=3960, componentID=2000, globalorderid=1, grouporderid=1, totalcount=1
    INFO      dbmgr-1 3960 4000  [2019-05-10 21:22:13 263] - Components::process(): Found all the components!
    INFO      dbmgr-1 3960 4000  [2019-05-10 21:22:15 170] - ServerApp::onRegisterNewApp: uid:3960, username:error_name, componentType:loginapp, componentID:9000, globalorderID=-1, grouporderID=-1, intaddr:192.168.56.1, intport:58035, extaddr:192.168.56.1, extport:20013,  from 192.168.56.1:58051/0/0/0.
    INFO      dbmgr-1 3960 4000  [2019-05-10 21:22:15 170] - Components::addComponent: reset orderLog, uid=3960!
    INFO      dbmgr-1 3960 4000  [2019-05-10 21:22:15 171] - Components::addComponent[loginapp], uid=3960, componentID=9000, globalorderid=1, grouporderid=1, totalcount=1
    INFO      dbmgr-1 3960 4000  [2019-05-10 21:22:16 112] - ServerApp::onRegisterNewApp: uid:3960, username:error_name, componentType:cellappmgr, componentID:6000, globalorderID=-1, grouporderID=-1, intaddr:192.168.56.1, intport:58032, extaddr:nonsupport, extport:0,  from 192.168.56.1:58055/0/0/0.
    INFO      dbmgr-1 3960 4000  [2019-05-10 21:22:16 112] - Components::addComponent[cellappmgr], uid=3960, componentID=6000, globalorderid=2, grouporderid=1, totalcount=1
    INFO      dbmgr-1 3960 4000  [2019-05-10 21:22:16 115] - ServerApp::onRegisterNewApp: uid:3960, username:error_name, componentType:baseappmgr, componentID:5000, globalorderID=-1, grouporderID=-1, intaddr:192.168.56.1, intport:58029, extaddr:nonsupport, extport:0,  from 192.168.56.1:58056/0/0/0.
    INFO      dbmgr-1 3960 4000  [2019-05-10 21:22:16 115] - Components::addComponent[baseappmgr], uid=3960, componentID=5000, globalorderid=3, grouporderid=1, totalcount=1
    INFO      dbmgr-1 3960 4000  [2019-05-10 21:22:17 538] - ServerApp::onRegisterNewApp: uid:3960, username:error_name, componentType:baseapp, componentID:7001, globalorderID=-1, grouporderID=-1, intaddr:192.168.56.1, intport:58033, extaddr:192.168.56.1, extport:20015,  from 192.168.56.1:58061/0/0/0.
    INFO      dbmgr-1 3960 4000  [2019-05-10 21:22:17 538] - Components::addComponent[baseapp], uid=3960, componentID=7001, globalorderid=4, grouporderid=1, totalcount=1
    INFO      dbmgr-1 3960 4000  [2019-05-10 21:22:18 827] - ServerApp::onRegisterNewApp: uid:3960, username:error_name, componentType:cellapp, componentID:8001, globalorderID=-1, grouporderID=-1, intaddr:192.168.56.1, intport:58034, extaddr:nonsupport, extport:0,  from 192.168.56.1:58067/0/0/0.
    INFO      dbmgr-1 3960 4000  [2019-05-10 21:22:18 827] - Components::addComponent[cellapp], uid=3960, componentID=8001, globalorderid=5, grouporderid=1, totalcount=1
    INFO      dbmgr-1 3960 4000  [2019-05-10 21:22:21 830] - IDServer::allocRange: 1-2001.
    INFO      dbmgr-1 3960 4000  [2019-05-10 21:22:21 830] - IDServer::allocRange: 2001-4001.
   DEBUG      dbmgr-1 3960 4000  [2019-05-10 21:22:21 830] - SyncAppDatasHandler::~SyncAppDatasHandler()
    INFO      dbmgr-1 3960 4000  [2019-05-10 21:22:23 937] - GlobalDataServer::broadcastDataChanged: writer(baseapp, addr=192.168.56.1:58061/0/0/0), keySize=10, valSize=45, isDelete=0
   DEBUG      dbmgr-1 3960 4000  [2019-05-10 21:23:12 488] - Dbmgr::onAccountLogin:loginName=12345678, accountName=12345678, success=0, componentID=0, entityID=0, dbid=2, flags=0, deadline=0.
   DEBUG      dbmgr-1 3960 4000  [2019-05-10 21:23:12 648] - Dbmgr::queryAccount: 12345678, success=true, flags=0, deadline=0.
    INFO      dbmgr-1 3960 4000  [2019-05-10 21:23:16 226] - GlobalDataServer::broadcastDataChanged: writer(cellapp, addr=192.168.56.1:58067/0/0/0), keySize=12, valSize=45, isDelete=0
    INFO      dbmgr-1 3960 4000  [2019-05-10 21:26:20 793] - -----------------------------------------------------------------------------------------


    INFO      dbmgr-1 3960 4000  [2019-05-10 21:26:20 794] - Resmgr::initialize: KBE_ROOT=D:/kbengine/
    INFO      dbmgr-1 3960 4000  [2019-05-10 21:26:20 794] - Resmgr::initialize: KBE_RES_PATH=D:/kbengine/kbe/res/;D:/kbengine/HappyPoker_assets/;D:/kbengine/HappyPoker_assets/scripts/;D:/kbengine/HappyPoker_assets/res/
    INFO      dbmgr-1 3960 4000  [2019-05-10 21:26:20 794] - Resmgr::initialize: KBE_BIN_PATH=D:/kbengine/kbe/bin/server/
    INFO      dbmgr-1 3960 4000  [2019-05-10 21:26:20 805] - NetworkInterface::initialize(INTERNAL-TCP): bound to all interfaces with default route interface on 192.168.56.1 ( 192.168.56.1:58122 )
    INFO      dbmgr-1 3960 4000  [2019-05-10 21:26:20 805] - NetworkInterface::initialize(INTERNAL-TCP): address 192.168.56.1:58122, SOMAXCONN=5.
    INFO      dbmgr-1 3960 4000  [2019-05-10 21:26:20 805] - server-configs:
    INFO      dbmgr-1 3960 4000  [2019-05-10 21:26:20 805] - 	internalTcpAddr : 192.168.56.1:58122
    INFO      dbmgr-1 3960 4000  [2019-05-10 21:26:20 805] - 	componentID : 4000
 WARNING      dbmgr-1 3960 4000  [2019-05-10 21:26:20 807] - invalid UID(0) <= 0, please check UID for environment! automatically set to 3960.
    INFO      dbmgr-1 3960 4000  [2019-05-10 21:26:22 319] - ---- dbmgr Version: 2.4.5. ScriptVersion: 0.1.0. Pythoncore: 3.7.3. Protocol: 11178A1C367680938C8E416B64844ACD. Config: Debug X86. Built: 09:55:16 May  8 2019. AppID: 4000. UID: 3960. PID: 2948 ----
    INFO      dbmgr-1 3960 4000  [2019-05-10 21:26:22 319] - Server error_name: Intel(R) Core(TM) i5-6300HQ CPU @ 2.30GHz with 2097151kB RAM
    INFO      dbmgr-1 3960 4000  [2019-05-10 21:26:22 320] - ThreadPool::createThreadPool: creating  threadpool...
    INFO      dbmgr-1 3960 4000  [2019-05-10 21:26:22 320] - ThreadPool::createThreadPool: successfully(2), newThreadCount=1, normalMaxThreadCount=2, maxThreadCount=8
    INFO      dbmgr-1 3960 4000  [2019-05-10 21:26:22 517] - Script::install(): is successfully, Python=(3.7.3 (default, May  8 2019, 09:53:38) [MSC v.1916 32 bit (Intel)])!
    INFO      dbmgr-1 3960 4000  [2019-05-10 21:26:22 517] - Script::install(): KBExtra is successfully!
    INFO      dbmgr-1 3960 4000  [2019-05-10 21:26:22 622] - Dbmgr::initializeEnd: digest(74B55206BE52C3722A365A8BF863C5A3)
  S_INFO      dbmgr-1 3960 4000  [2019-05-10 21:26:22 622] - onDBMgrReady: bootstrapGroupIndex=0, bootstrapGlobalIndex=0
    INFO      dbmgr-1 3960 4000  [2019-05-10 21:26:22 623] - TelnetServer server is running on port 32000
    INFO      dbmgr-1 3960 4000  [2019-05-10 21:26:22 624] - Dbmgr::initInterfacesHandler: interfaces addr(127.0.0.1:30099), accountType:(interfaces), chargeType:(interfaces).
 WARNING      dbmgr-1 3960 4000  [2019-05-10 21:26:22 822] - DBUtil::initialize: db(default) password is not encrypted!
please use password(rsa):
AAA9DB877B3002056E88684A74348F8F7ED2D2D20B0DAAFD7907F28880A60984E3C0F3AF8F86D5958437C24BCF8E96951422EC47BDD2E3E7A549FA1D50DE7333AAF6E4AA882CEA0E621AE4335655638202BFAD1D5209A3081A0B6CA63BF439E8C29F1A889D4E4D80F8734B23618C2FF5C7A491C0641E6F6AFB16D20991C83A56
   DEBUG      dbmgr-1 3960 4000  [2019-05-10 21:26:22 827] - DBInterfaceMysql::attach: connect: localhost:3306 starting...
   DEBUG      dbmgr-1 3960 4000  [2019-05-10 21:26:23 038] - DBInterfaceMysql::attach: successfully! addr: localhost:3306
    INFO      dbmgr-1 3960 4000  [2019-05-10 21:26:23 038] - DBUtil::createInterface[0x4ff27c]: interface=default, dbtype=mysql, ip=localhost, port=3306, currdatabase=kbe, username=kbe, connected=yes.

    INFO      dbmgr-1 3960 4000  [2019-05-10 21:26:23 038] - ThreadPool::createThreadPool: creating  threadpool...
    INFO      dbmgr-1 3960 4000  [2019-05-10 21:26:23 038] - ThreadPool::createThreadPool: successfully(5), newThreadCount=5, normalMaxThreadCount=5, maxThreadCount=5
    INFO      dbmgr-1 3960 4000  [2019-05-10 21:26:23 157] - DBInterfaceMysql::query: successfully!
 WARNING      dbmgr-1 3960 4000  [2019-05-10 21:26:23 608] - d:\kbengine\kbe\src\server\dbmgr\dbmgr.cpp:306: Profile scriptCall took 0.99 seconds
    INFO      dbmgr-1 3960 4000  [2019-05-10 21:26:24 003] - ---- dbmgr is running ----
   DEBUG      dbmgr-1 3960 4000  [2019-05-10 21:26:24 003] - Components::process(): Request for the process of identity...
   DEBUG      dbmgr-1 3960 4000  [2019-05-10 21:26:23 044] - DBInterfaceMysql::attach: connect: localhost:3306 starting...
   DEBUG      dbmgr-1 3960 4000  [2019-05-10 21:26:23 060] - DBInterfaceMysql::attach: connect: localhost:3306 starting...
   DEBUG      dbmgr-1 3960 4000  [2019-05-10 21:26:23 065] - DBInterfaceMysql::attach: connect: localhost:3306 starting...
   DEBUG      dbmgr-1 3960 4000  [2019-05-10 21:26:23 080] - DBInterfaceMysql::attach: connect: localhost:3306 starting...
   DEBUG      dbmgr-1 3960 4000  [2019-05-10 21:26:23 088] - DBInterfaceMysql::attach: connect: localhost:3306 starting...
   DEBUG      dbmgr-1 3960 4000  [2019-05-10 21:26:23 155] - DBInterfaceMysql::attach: successfully! addr: localhost:3306
   DEBUG      dbmgr-1 3960 4000  [2019-05-10 21:26:23 156] - DBThread::onStart(): 0x775430!
   DEBUG      dbmgr-1 3960 4000  [2019-05-10 21:26:23 203] - DBInterfaceMysql::attach: successfully! addr: localhost:3306
   DEBUG      dbmgr-1 3960 4000  [2019-05-10 21:26:23 203] - DBThread::onStart(): 0x7755c8!
   DEBUG      dbmgr-1 3960 4000  [2019-05-10 21:26:23 278] - DBInterfaceMysql::attach: successfully! addr: localhost:3306
   DEBUG      dbmgr-1 3960 4000  [2019-05-10 21:26:23 278] - DBThread::onStart(): 0x7754b8!
   DEBUG      dbmgr-1 3960 4000  [2019-05-10 21:26:23 319] - DBInterfaceMysql::attach: successfully! addr: localhost:3306
   DEBUG      dbmgr-1 3960 4000  [2019-05-10 21:26:23 320] - DBThread::onStart(): 0x775320!
    INFO      dbmgr-1 3960 4000  [2019-05-10 21:26:23 361] - DBInterfaceMysql::query: successfully!
 WARNING      dbmgr-1 3960 4000  [2019-05-10 21:26:23 361] - DBTask::process(): took 0.20 seconds
sql:(CREATE TABLE IF NOT EXISTS kbe_accountinfos (`accountName` varchar(128) not null, PRIMARY KEY idKey (`accountName`),`password` varchar(255) not null,`bindata` blob,`email` varchar(191) not null, UNIQUE KEY `email` (`email`),`entityDBID` bigint(20) unsigned not null DEFAULT 0, UNIQUE KEY `entityDBID` (`entityDBID`),`flags` int unsigned not null DEFAULT 0,`deadline` bigint(20) not null DEFAULT 0,`regtime` bigint(20) not null DEFAULT 0,`lasttime` bigint(20) not null DEFAULT 0,`numlogin` int unsigned not null DEFAULT 0)ENGINE=InnoDB)
    INFO      dbmgr-1 3960 4000  [2019-05-10 21:26:23 377] - DBInterfaceMysql::query: successfully!
    INFO      dbmgr-1 3960 4000  [2019-05-10 21:26:23 378] - DBInterfaceMysql::query: successfully!
    INFO      dbmgr-1 3960 4000  [2019-05-10 21:26:23 378] - DBInterfaceMysql::query: successfully!
    INFO      dbmgr-1 3960 4000  [2019-05-10 21:26:23 378] - DBInterfaceMysql::query: successfully!
   DEBUG      dbmgr-1 3960 4000  [2019-05-10 21:26:23 428] - DBInterfaceMysql::attach: successfully! addr: localhost:3306
   DEBUG      dbmgr-1 3960 4000  [2019-05-10 21:26:23 428] - DBThread::onStart(): 0x775298!
 WARNING      dbmgr-1 3960 4000  [2019-05-10 21:26:23 429] - DBTask::process(): took 0.23 seconds
sql:(show index from tbl_Account)
    INFO      dbmgr-1 3960 4000  [2019-05-10 21:26:23 503] - DBInterfaceMysql::query: successfully!
    INFO      dbmgr-1 3960 4000  [2019-05-10 21:26:23 503] - DBInterfaceMysql::query: successfully!
 WARNING      dbmgr-1 3960 4000  [2019-05-10 21:26:23 561] - DBTask::process(): took 0.24 seconds
sql:(insert into kbe_serverlog (heartbeatTime, serverGroupID) values(1557494783,3960) ON DUPLICATE KEY UPDATE heartbeatTime=1557494783)
    INFO      dbmgr-1 3960 4000  [2019-05-10 21:26:23 586] - DBInterfaceMysql::query: successfully!
    INFO      dbmgr-1 3960 4000  [2019-05-10 21:26:30 136] - ServerApp::onRegisterNewApp: uid:3960, username:error_name, componentType:interfaces, componentID:3000, globalorderID=-1, grouporderID=-1, intaddr:192.168.56.1, intport:30099, extaddr:nonsupport, extport:0,  from 127.0.0.1:30099/0/0/0.
    INFO      dbmgr-1 3960 4000  [2019-05-10 21:26:30 136] - Components::addComponent: reset orderLog, uid=3960!
    INFO      dbmgr-1 3960 4000  [2019-05-10 21:26:30 136] - Components::addComponent[interfaces], uid=3960, componentID=3000, globalorderid=1, grouporderid=1, totalcount=1
    INFO      dbmgr-1 3960 4000  [2019-05-10 21:26:31 133] - Components::findComponents: find logger(1)...
    INFO      dbmgr-1 3960 4000  [2019-05-10 21:26:31 211] - Components::findComponents: found logger, addr:192.168.56.1:58125
    INFO      dbmgr-1 3960 4000  [2019-05-10 21:26:31 211] - Components::addComponent: reset orderLog, uid=3960!
    INFO      dbmgr-1 3960 4000  [2019-05-10 21:26:31 211] - Components::addComponent[logger], uid=3960, componentID=2000, globalorderid=1, grouporderid=1, totalcount=1
    INFO      dbmgr-1 3960 4000  [2019-05-10 21:26:31 253] - Components::process(): Found all the components!
    INFO      dbmgr-1 3960 4000  [2019-05-10 21:26:33 574] - ServerApp::onRegisterNewApp: uid:3960, username:error_name, componentType:loginapp, componentID:9000, globalorderID=-1, grouporderID=-1, intaddr:192.168.56.1, intport:58129, extaddr:192.168.56.1, extport:20013,  from 192.168.56.1:58144/0/0/0.
    INFO      dbmgr-1 3960 4000  [2019-05-10 21:26:33 574] - Components::addComponent: reset orderLog, uid=3960!
    INFO      dbmgr-1 3960 4000  [2019-05-10 21:26:33 574] - Components::addComponent[loginapp], uid=3960, componentID=9000, globalorderid=1, grouporderid=1, totalcount=1
    INFO      dbmgr-1 3960 4000  [2019-05-10 21:26:34 148] - ServerApp::onRegisterNewApp: uid:3960, username:error_name, componentType:cellappmgr, componentID:6000, globalorderID=-1, grouporderID=-1, intaddr:192.168.56.1, intport:58126, extaddr:nonsupport, extport:0,  from 192.168.56.1:58146/0/0/0.
    INFO      dbmgr-1 3960 4000  [2019-05-10 21:26:34 148] - Components::addComponent[cellappmgr], uid=3960, componentID=6000, globalorderid=2, grouporderid=1, totalcount=1
    INFO      dbmgr-1 3960 4000  [2019-05-10 21:26:35 609] - ServerApp::onRegisterNewApp: uid:3960, username:error_name, componentType:baseappmgr, componentID:5000, globalorderID=-1, grouporderID=-1, intaddr:192.168.56.1, intport:58124, extaddr:nonsupport, extport:0,  from 192.168.56.1:58148/0/0/0.
    INFO      dbmgr-1 3960 4000  [2019-05-10 21:26:35 609] - Components::addComponent[baseappmgr], uid=3960, componentID=5000, globalorderid=3, grouporderid=1, totalcount=1
    INFO      dbmgr-1 3960 4000  [2019-05-10 21:26:37 073] - ServerApp::onRegisterNewApp: uid:3960, username:error_name, componentType:cellapp, componentID:8001, globalorderID=-1, grouporderID=-1, intaddr:192.168.56.1, intport:58128, extaddr:nonsupport, extport:0,  from 192.168.56.1:58150/0/0/0.
    INFO      dbmgr-1 3960 4000  [2019-05-10 21:26:37 073] - Components::addComponent[cellapp], uid=3960, componentID=8001, globalorderid=4, grouporderid=1, totalcount=1
    INFO      dbmgr-1 3960 4000  [2019-05-10 21:26:37 183] - ServerApp::onRegisterNewApp: uid:3960, username:error_name, componentType:baseapp, componentID:7001, globalorderID=-1, grouporderID=-1, intaddr:192.168.56.1, intport:58127, extaddr:192.168.56.1, extport:20015,  from 192.168.56.1:58153/0/0/0.
    INFO      dbmgr-1 3960 4000  [2019-05-10 21:26:37 183] - Components::addComponent[baseapp], uid=3960, componentID=7001, globalorderid=5, grouporderid=1, totalcount=1
    INFO      dbmgr-1 3960 4000  [2019-05-10 21:26:40 182] - IDServer::allocRange: 1-2001.
    INFO      dbmgr-1 3960 4000  [2019-05-10 21:26:40 182] - IDServer::allocRange: 2001-4001.
   DEBUG      dbmgr-1 3960 4000  [2019-05-10 21:26:40 182] - SyncAppDatasHandler::~SyncAppDatasHandler()
    INFO      dbmgr-1 3960 4000  [2019-05-10 21:26:42 382] - GlobalDataServer::broadcastDataChanged: writer(baseapp, addr=192.168.56.1:58153/0/0/0), keySize=10, valSize=48, isDelete=0
    INFO      dbmgr-1 3960 4000  [2019-05-10 21:26:52 485] - DBTaskAccountLogin::db_thread_process(): not found account[123], autocreate successfully!
   DEBUG      dbmgr-1 3960 4000  [2019-05-10 21:26:52 598] - Dbmgr::onAccountLogin:loginName=123, accountName=123, success=0, componentID=0, entityID=0, dbid=3, flags=0, deadline=0.
   DEBUG      dbmgr-1 3960 4000  [2019-05-10 21:26:52 778] - Dbmgr::queryAccount: 123, success=true, flags=0, deadline=0.
    INFO      dbmgr-1 3960 4000  [2019-05-10 21:26:58 573] - GlobalDataServer::broadcastDataChanged: writer(cellapp, addr=192.168.56.1:58150/0/0/0), keySize=12, valSize=48, isDelete=0
    INFO      dbmgr-1 3960 4000  [2019-05-10 21:29:08 302] - -----------------------------------------------------------------------------------------


    INFO      dbmgr-1 3960 4000  [2019-05-10 21:29:08 303] - Resmgr::initialize: KBE_ROOT=D:/kbengine/
    INFO      dbmgr-1 3960 4000  [2019-05-10 21:29:08 303] - Resmgr::initialize: KBE_RES_PATH=D:/kbengine/kbe/res/;D:/kbengine/HappyPoker_assets/;D:/kbengine/HappyPoker_assets/scripts/;D:/kbengine/HappyPoker_assets/res/
    INFO      dbmgr-1 3960 4000  [2019-05-10 21:29:08 303] - Resmgr::initialize: KBE_BIN_PATH=D:/kbengine/kbe/bin/server/
    INFO      dbmgr-1 3960 4000  [2019-05-10 21:29:08 331] - NetworkInterface::initialize(INTERNAL-TCP): bound to all interfaces with default route interface on 192.168.56.1 ( 192.168.56.1:58178 )
    INFO      dbmgr-1 3960 4000  [2019-05-10 21:29:08 331] - NetworkInterface::initialize(INTERNAL-TCP): address 192.168.56.1:58178, SOMAXCONN=5.
    INFO      dbmgr-1 3960 4000  [2019-05-10 21:29:08 331] - server-configs:
    INFO      dbmgr-1 3960 4000  [2019-05-10 21:29:08 331] - 	internalTcpAddr : 192.168.56.1:58178
    INFO      dbmgr-1 3960 4000  [2019-05-10 21:29:08 332] - 	componentID : 4000
 WARNING      dbmgr-1 3960 4000  [2019-05-10 21:29:08 334] - invalid UID(0) <= 0, please check UID for environment! automatically set to 3960.
    INFO      dbmgr-1 3960 4000  [2019-05-10 21:29:09 849] - ---- dbmgr Version: 2.4.5. ScriptVersion: 0.1.0. Pythoncore: 3.7.3. Protocol: 11178A1C367680938C8E416B64844ACD. Config: Debug X86. Built: 09:55:16 May  8 2019. AppID: 4000. UID: 3960. PID: 5092 ----
    INFO      dbmgr-1 3960 4000  [2019-05-10 21:29:09 850] - Server error_name: Intel(R) Core(TM) i5-6300HQ CPU @ 2.30GHz with 2097151kB RAM
    INFO      dbmgr-1 3960 4000  [2019-05-10 21:29:09 850] - ThreadPool::createThreadPool: creating  threadpool...
    INFO      dbmgr-1 3960 4000  [2019-05-10 21:29:09 851] - ThreadPool::createThreadPool: successfully(2), newThreadCount=1, normalMaxThreadCount=2, maxThreadCount=8
    INFO      dbmgr-1 3960 4000  [2019-05-10 21:29:10 064] - Script::install(): is successfully, Python=(3.7.3 (default, May  8 2019, 09:53:38) [MSC v.1916 32 bit (Intel)])!
    INFO      dbmgr-1 3960 4000  [2019-05-10 21:29:10 065] - Script::install(): KBExtra is successfully!
    INFO      dbmgr-1 3960 4000  [2019-05-10 21:29:10 209] - Dbmgr::initializeEnd: digest(74B55206BE52C3722A365A8BF863C5A3)
  S_INFO      dbmgr-1 3960 4000  [2019-05-10 21:29:10 209] - onDBMgrReady: bootstrapGroupIndex=0, bootstrapGlobalIndex=0
    INFO      dbmgr-1 3960 4000  [2019-05-10 21:29:10 210] - TelnetServer server is running on port 32000
    INFO      dbmgr-1 3960 4000  [2019-05-10 21:29:10 214] - Dbmgr::initInterfacesHandler: interfaces addr(127.0.0.1:30099), accountType:(interfaces), chargeType:(interfaces).
 WARNING      dbmgr-1 3960 4000  [2019-05-10 21:29:10 435] - DBUtil::initialize: db(default) password is not encrypted!
please use password(rsa):
76200573311091CAB426A43CE92AC7F43F5DDABF218FEE555585D9693EB71D8193523C4655042F4FAC83161770BA05F32B556312DEC187E000A0D9E3C34E3CBADA94C0A5F630C3CB8765C034D63631992B51805028A678E5FB15178D0FE83840B52D51FC046478E88EB2C34ED30169C322C81635F7101A6617E700514E956493
   DEBUG      dbmgr-1 3960 4000  [2019-05-10 21:29:10 444] - DBInterfaceMysql::attach: connect: localhost:3306 starting...
   DEBUG      dbmgr-1 3960 4000  [2019-05-10 21:29:10 632] - DBInterfaceMysql::attach: successfully! addr: localhost:3306
    INFO      dbmgr-1 3960 4000  [2019-05-10 21:29:10 632] - DBUtil::createInterface[0x1ff0e4]: interface=default, dbtype=mysql, ip=localhost, port=3306, currdatabase=kbe, username=kbe, connected=yes.

    INFO      dbmgr-1 3960 4000  [2019-05-10 21:29:10 633] - ThreadPool::createThreadPool: creating  threadpool...
    INFO      dbmgr-1 3960 4000  [2019-05-10 21:29:10 633] - ThreadPool::createThreadPool: successfully(5), newThreadCount=5, normalMaxThreadCount=5, maxThreadCount=5
    INFO      dbmgr-1 3960 4000  [2019-05-10 21:29:10 828] - DBInterfaceMysql::query: successfully!
 WARNING      dbmgr-1 3960 4000  [2019-05-10 21:29:11 366] - d:\kbengine\kbe\src\server\dbmgr\dbmgr.cpp:306: Profile scriptCall took 1.16 seconds
    INFO      dbmgr-1 3960 4000  [2019-05-10 21:29:11 784] - ---- dbmgr is running ----
   DEBUG      dbmgr-1 3960 4000  [2019-05-10 21:29:11 785] - Components::process(): Request for the process of identity...
   DEBUG      dbmgr-1 3960 4000  [2019-05-10 21:29:10 634] - DBInterfaceMysql::attach: connect: localhost:3306 starting...
   DEBUG      dbmgr-1 3960 4000  [2019-05-10 21:29:10 643] - DBInterfaceMysql::attach: connect: localhost:3306 starting...
   DEBUG      dbmgr-1 3960 4000  [2019-05-10 21:29:10 679] - DBInterfaceMysql::attach: connect: localhost:3306 starting...
   DEBUG      dbmgr-1 3960 4000  [2019-05-10 21:29:10 679] - DBInterfaceMysql::attach: connect: localhost:3306 starting...
   DEBUG      dbmgr-1 3960 4000  [2019-05-10 21:29:10 684] - DBInterfaceMysql::attach: connect: localhost:3306 starting...
   DEBUG      dbmgr-1 3960 4000  [2019-05-10 21:29:10 772] - DBInterfaceMysql::attach: successfully! addr: localhost:3306
   DEBUG      dbmgr-1 3960 4000  [2019-05-10 21:29:10 772] - DBThread::onStart(): 0x8056f8!
   DEBUG      dbmgr-1 3960 4000  [2019-05-10 21:29:10 879] - DBInterfaceMysql::attach: successfully! addr: localhost:3306
   DEBUG      dbmgr-1 3960 4000  [2019-05-10 21:29:10 879] - DBThread::onStart(): 0x804ac0!
   DEBUG      dbmgr-1 3960 4000  [2019-05-10 21:29:10 929] - DBInterfaceMysql::attach: successfully! addr: localhost:3306
   DEBUG      dbmgr-1 3960 4000  [2019-05-10 21:29:10 929] - DBThread::onStart(): 0x804b48!
    INFO      dbmgr-1 3960 4000  [2019-05-10 21:29:10 970] - DBInterfaceMysql::query: successfully!
    INFO      dbmgr-1 3960 4000  [2019-05-10 21:29:10 970] - DBInterfaceMysql::query: successfully!
   DEBUG      dbmgr-1 3960 4000  [2019-05-10 21:29:11 046] - DBInterfaceMysql::attach: successfully! addr: localhost:3306
   DEBUG      dbmgr-1 3960 4000  [2019-05-10 21:29:11 046] - DBThread::onStart(): 0x805780!
    INFO      dbmgr-1 3960 4000  [2019-05-10 21:29:11 129] - DBInterfaceMysql::query: successfully!
 WARNING      dbmgr-1 3960 4000  [2019-05-10 21:29:11 130] - DBTask::process(): took 0.25 seconds
sql:(select distinct(serverGroupID) from kbe_entitylog)
   DEBUG      dbmgr-1 3960 4000  [2019-05-10 21:29:11 162] - DBInterfaceMysql::attach: successfully! addr: localhost:3306
   DEBUG      dbmgr-1 3960 4000  [2019-05-10 21:29:11 162] - DBThread::onStart(): 0x805890!
    INFO      dbmgr-1 3960 4000  [2019-05-10 21:29:11 228] - DBInterfaceMysql::query: successfully!
    INFO      dbmgr-1 3960 4000  [2019-05-10 21:29:11 229] - DBInterfaceMysql::query: successfully!
    INFO      dbmgr-1 3960 4000  [2019-05-10 21:29:11 276] - DBInterfaceMysql::query: successfully!
    INFO      dbmgr-1 3960 4000  [2019-05-10 21:29:11 277] - DBInterfaceMysql::query: successfully!
    INFO      dbmgr-1 3960 4000  [2019-05-10 21:29:11 278] - DBInterfaceMysql::query: successfully!
 WARNING      dbmgr-1 3960 4000  [2019-05-10 21:29:11 346] - DBTask::process(): took 0.30 seconds
sql:(insert into kbe_serverlog (heartbeatTime, serverGroupID) values(1557494951,3960) ON DUPLICATE KEY UPDATE heartbeatTime=1557494951)
 WARNING      dbmgr-1 3960 4000  [2019-05-10 21:29:11 346] - DBTask::process(): took 0.22 seconds
sql:(show index from tbl_Hall)
 WARNING      dbmgr-1 3960 4000  [2019-05-10 21:29:11 349] - DBTask::process(): took 0.42 seconds
sql:(show index from tbl_Account)
 WARNING      dbmgr-1 3960 4000  [2019-05-10 21:29:11 349] - DBTask::process(): took 0.38 seconds
sql:(show index from tbl_Room)
    INFO      dbmgr-1 3960 4000  [2019-05-10 21:29:17 953] - ServerApp::onRegisterNewApp: uid:3960, username:error_name, componentType:interfaces, componentID:3000, globalorderID=-1, grouporderID=-1, intaddr:192.168.56.1, intport:30099, extaddr:nonsupport, extport:0,  from 127.0.0.1:30099/0/0/0.
    INFO      dbmgr-1 3960 4000  [2019-05-10 21:29:17 953] - Components::addComponent: reset orderLog, uid=3960!
    INFO      dbmgr-1 3960 4000  [2019-05-10 21:29:17 953] - Components::addComponent[interfaces], uid=3960, componentID=3000, globalorderid=1, grouporderid=1, totalcount=1
    INFO      dbmgr-1 3960 4000  [2019-05-10 21:29:18 969] - Components::findComponents: find logger(1)...
    INFO      dbmgr-1 3960 4000  [2019-05-10 21:29:19 069] - Components::findComponents: found logger, addr:192.168.56.1:58181
    INFO      dbmgr-1 3960 4000  [2019-05-10 21:29:19 069] - Components::addComponent: reset orderLog, uid=3960!
    INFO      dbmgr-1 3960 4000  [2019-05-10 21:29:19 070] - Components::addComponent[logger], uid=3960, componentID=2000, globalorderid=1, grouporderid=1, totalcount=1
    INFO      dbmgr-1 3960 4000  [2019-05-10 21:29:19 108] - Components::process(): Found all the components!
    INFO      dbmgr-1 3960 4000  [2019-05-10 21:29:21 003] - ServerApp::onRegisterNewApp: uid:3960, username:error_name, componentType:loginapp, componentID:9000, globalorderID=-1, grouporderID=-1, intaddr:192.168.56.1, intport:58186, extaddr:192.168.56.1, extport:20013,  from 192.168.56.1:58200/0/0/0.
    INFO      dbmgr-1 3960 4000  [2019-05-10 21:29:21 003] - Components::addComponent: reset orderLog, uid=3960!
    INFO      dbmgr-1 3960 4000  [2019-05-10 21:29:21 003] - Components::addComponent[loginapp], uid=3960, componentID=9000, globalorderid=1, grouporderid=1, totalcount=1
    INFO      dbmgr-1 3960 4000  [2019-05-10 21:29:21 822] - ServerApp::onRegisterNewApp: uid:3960, username:error_name, componentType:baseappmgr, componentID:5000, globalorderID=-1, grouporderID=-1, intaddr:192.168.56.1, intport:58184, extaddr:nonsupport, extport:0,  from 192.168.56.1:58202/0/0/0.
    INFO      dbmgr-1 3960 4000  [2019-05-10 21:29:21 822] - Components::addComponent[baseappmgr], uid=3960, componentID=5000, globalorderid=2, grouporderid=1, totalcount=1
    INFO      dbmgr-1 3960 4000  [2019-05-10 21:29:21 825] - ServerApp::onRegisterNewApp: uid:3960, username:error_name, componentType:cellappmgr, componentID:6000, globalorderID=-1, grouporderID=-1, intaddr:192.168.56.1, intport:58183, extaddr:nonsupport, extport:0,  from 192.168.56.1:58203/0/0/0.
    INFO      dbmgr-1 3960 4000  [2019-05-10 21:29:21 825] - Components::addComponent[cellappmgr], uid=3960, componentID=6000, globalorderid=3, grouporderid=1, totalcount=1
    INFO      dbmgr-1 3960 4000  [2019-05-10 21:29:23 367] - ServerApp::onRegisterNewApp: uid:3960, username:error_name, componentType:baseapp, componentID:7001, globalorderID=-1, grouporderID=-1, intaddr:192.168.56.1, intport:58182, extaddr:192.168.56.1, extport:20015,  from 192.168.56.1:58210/0/0/0.
    INFO      dbmgr-1 3960 4000  [2019-05-10 21:29:23 367] - Components::addComponent[baseapp], uid=3960, componentID=7001, globalorderid=4, grouporderid=1, totalcount=1
    INFO      dbmgr-1 3960 4000  [2019-05-10 21:29:24 564] - ServerApp::onRegisterNewApp: uid:3960, username:error_name, componentType:cellapp, componentID:8001, globalorderID=-1, grouporderID=-1, intaddr:192.168.56.1, intport:58185, extaddr:nonsupport, extport:0,  from 192.168.56.1:58217/0/0/0.
    INFO      dbmgr-1 3960 4000  [2019-05-10 21:29:24 564] - Components::addComponent[cellapp], uid=3960, componentID=8001, globalorderid=5, grouporderid=1, totalcount=1
    INFO      dbmgr-1 3960 4000  [2019-05-10 21:29:27 568] - IDServer::allocRange: 1-2001.
    INFO      dbmgr-1 3960 4000  [2019-05-10 21:29:27 568] - IDServer::allocRange: 2001-4001.
   DEBUG      dbmgr-1 3960 4000  [2019-05-10 21:29:27 568] - SyncAppDatasHandler::~SyncAppDatasHandler()
    INFO      dbmgr-1 3960 4000  [2019-05-10 21:29:29 369] - GlobalDataServer::broadcastDataChanged: writer(baseapp, addr=192.168.56.1:58210/0/0/0), keySize=10, valSize=45, isDelete=0
   DEBUG      dbmgr-1 3960 4000  [2019-05-10 21:29:42 608] - Dbmgr::onAccountLogin:loginName=123, accountName=123, success=0, componentID=0, entityID=0, dbid=3, flags=0, deadline=0.
   DEBUG      dbmgr-1 3960 4000  [2019-05-10 21:29:42 788] - Dbmgr::queryAccount: 123, success=true, flags=0, deadline=0.
    INFO      dbmgr-1 3960 4000  [2019-05-10 21:29:45 221] - GlobalDataServer::broadcastDataChanged: writer(cellapp, addr=192.168.56.1:58217/0/0/0), keySize=12, valSize=45, isDelete=0
   DEBUG      dbmgr-1 3960 4000  [2019-05-10 21:30:19 407] - Dbmgr::onAccountLogin:loginName=123456, accountName=123456, success=0, componentID=0, entityID=0, dbid=1, flags=0, deadline=0.
   DEBUG      dbmgr-1 3960 4000  [2019-05-10 21:30:19 566] - Dbmgr::queryAccount: 123456, success=true, flags=0, deadline=0.
    INFO      dbmgr-1 3960 4000  [2019-05-10 21:34:29 075] - -----------------------------------------------------------------------------------------


    INFO      dbmgr-1 3960 4000  [2019-05-10 21:34:29 076] - Resmgr::initialize: KBE_ROOT=D:/kbengine/
    INFO      dbmgr-1 3960 4000  [2019-05-10 21:34:29 076] - Resmgr::initialize: KBE_RES_PATH=D:/kbengine/kbe/res/;D:/kbengine/HappyPoker_assets/;D:/kbengine/HappyPoker_assets/scripts/;D:/kbengine/HappyPoker_assets/res/
    INFO      dbmgr-1 3960 4000  [2019-05-10 21:34:29 076] - Resmgr::initialize: KBE_BIN_PATH=D:/kbengine/kbe/bin/server/
    INFO      dbmgr-1 3960 4000  [2019-05-10 21:34:29 131] - NetworkInterface::initialize(INTERNAL-TCP): bound to all interfaces with default route interface on 192.168.56.1 ( 192.168.56.1:58259 )
    INFO      dbmgr-1 3960 4000  [2019-05-10 21:34:29 132] - NetworkInterface::initialize(INTERNAL-TCP): address 192.168.56.1:58259, SOMAXCONN=5.
    INFO      dbmgr-1 3960 4000  [2019-05-10 21:34:29 132] - server-configs:
    INFO      dbmgr-1 3960 4000  [2019-05-10 21:34:29 132] - 	internalTcpAddr : 192.168.56.1:58259
    INFO      dbmgr-1 3960 4000  [2019-05-10 21:34:29 132] - 	componentID : 4000
 WARNING      dbmgr-1 3960 4000  [2019-05-10 21:34:29 134] - invalid UID(0) <= 0, please check UID for environment! automatically set to 3960.
    INFO      dbmgr-1 3960 4000  [2019-05-10 21:34:30 641] - ---- dbmgr Version: 2.4.5. ScriptVersion: 0.1.0. Pythoncore: 3.7.3. Protocol: 11178A1C367680938C8E416B64844ACD. Config: Debug X86. Built: 09:55:16 May  8 2019. AppID: 4000. UID: 3960. PID: 6500 ----
    INFO      dbmgr-1 3960 4000  [2019-05-10 21:34:30 641] - Server error_name: Intel(R) Core(TM) i5-6300HQ CPU @ 2.30GHz with 2097151kB RAM
    INFO      dbmgr-1 3960 4000  [2019-05-10 21:34:30 642] - ThreadPool::createThreadPool: creating  threadpool...
    INFO      dbmgr-1 3960 4000  [2019-05-10 21:34:30 642] - ThreadPool::createThreadPool: successfully(2), newThreadCount=1, normalMaxThreadCount=2, maxThreadCount=8
    INFO      dbmgr-1 3960 4000  [2019-05-10 21:34:30 853] - Script::install(): is successfully, Python=(3.7.3 (default, May  8 2019, 09:53:38) [MSC v.1916 32 bit (Intel)])!
    INFO      dbmgr-1 3960 4000  [2019-05-10 21:34:30 854] - Script::install(): KBExtra is successfully!
    INFO      dbmgr-1 3960 4000  [2019-05-10 21:34:30 961] - Dbmgr::initializeEnd: digest(74B55206BE52C3722A365A8BF863C5A3)
  S_INFO      dbmgr-1 3960 4000  [2019-05-10 21:34:30 962] - onDBMgrReady: bootstrapGroupIndex=0, bootstrapGlobalIndex=0
    INFO      dbmgr-1 3960 4000  [2019-05-10 21:34:30 962] - TelnetServer server is running on port 32000
    INFO      dbmgr-1 3960 4000  [2019-05-10 21:34:30 962] - Dbmgr::initInterfacesHandler: interfaces addr(127.0.0.1:30099), accountType:(interfaces), chargeType:(interfaces).
 WARNING      dbmgr-1 3960 4000  [2019-05-10 21:34:31 166] - DBUtil::initialize: db(default) password is not encrypted!
please use password(rsa):
D208C9A578D78527D9EDF565C0251ADC62B1AD28B3EF55D4E5339083BB30A01B16C2CA09A258C6604E1317DEC55566BD9DBA0A5FF0159E85F5D8CBF4DBA1E262A819151A1D3B569EC4AF71AFFB65DB30F4B06649F5A1C18A10DCC9BA300C742296C9B62C2A6BFD994296E2C417F4141D91D3F73A9FBCA065DA55A5A057EF902B
   DEBUG      dbmgr-1 3960 4000  [2019-05-10 21:34:31 170] - DBInterfaceMysql::attach: connect: localhost:3306 starting...
   DEBUG      dbmgr-1 3960 4000  [2019-05-10 21:34:31 380] - DBInterfaceMysql::attach: successfully! addr: localhost:3306
    INFO      dbmgr-1 3960 4000  [2019-05-10 21:34:31 380] - DBUtil::createInterface[0x53ef88]: interface=default, dbtype=mysql, ip=localhost, port=3306, currdatabase=kbe, username=kbe, connected=yes.

    INFO      dbmgr-1 3960 4000  [2019-05-10 21:34:31 380] - ThreadPool::createThreadPool: creating  threadpool...
    INFO      dbmgr-1 3960 4000  [2019-05-10 21:34:31 381] - ThreadPool::createThreadPool: successfully(5), newThreadCount=5, normalMaxThreadCount=5, maxThreadCount=5
    INFO      dbmgr-1 3960 4000  [2019-05-10 21:34:31 542] - DBInterfaceMysql::query: successfully!
 WARNING      dbmgr-1 3960 4000  [2019-05-10 21:34:31 992] - d:\kbengine\kbe\src\server\dbmgr\dbmgr.cpp:306: Profile scriptCall took 1.03 seconds
    INFO      dbmgr-1 3960 4000  [2019-05-10 21:34:32 391] - ---- dbmgr is running ----
   DEBUG      dbmgr-1 3960 4000  [2019-05-10 21:34:32 392] - Components::process(): Request for the process of identity...
   DEBUG      dbmgr-1 3960 4000  [2019-05-10 21:34:31 381] - DBInterfaceMysql::attach: connect: localhost:3306 starting...
   DEBUG      dbmgr-1 3960 4000  [2019-05-10 21:34:31 382] - DBInterfaceMysql::attach: connect: localhost:3306 starting...
   DEBUG      dbmgr-1 3960 4000  [2019-05-10 21:34:31 382] - DBInterfaceMysql::attach: connect: localhost:3306 starting...
   DEBUG      dbmgr-1 3960 4000  [2019-05-10 21:34:31 392] - DBInterfaceMysql::attach: connect: localhost:3306 starting...
   DEBUG      dbmgr-1 3960 4000  [2019-05-10 21:34:31 398] - DBInterfaceMysql::attach: connect: localhost:3306 starting...
   DEBUG      dbmgr-1 3960 4000  [2019-05-10 21:34:31 451] - DBInterfaceMysql::attach: successfully! addr: localhost:3306
   DEBUG      dbmgr-1 3960 4000  [2019-05-10 21:34:31 451] - DBThread::onStart(): 0x8a4ac0!
   DEBUG      dbmgr-1 3960 4000  [2019-05-10 21:34:31 537] - DBInterfaceMysql::attach: successfully! addr: localhost:3306
   DEBUG      dbmgr-1 3960 4000  [2019-05-10 21:34:31 537] - DBThread::onStart(): 0x8a4b48!
   DEBUG      dbmgr-1 3960 4000  [2019-05-10 21:34:31 639] - DBInterfaceMysql::attach: successfully! addr: localhost:3306
   DEBUG      dbmgr-1 3960 4000  [2019-05-10 21:34:31 639] - DBThread::onStart(): 0x8a4790!
    INFO      dbmgr-1 3960 4000  [2019-05-10 21:34:31 680] - DBInterfaceMysql::query: successfully!
    INFO      dbmgr-1 3960 4000  [2019-05-10 21:34:31 696] - DBInterfaceMysql::query: successfully!
 WARNING      dbmgr-1 3960 4000  [2019-05-10 21:34:31 787] - DBTask::process(): took 0.24 seconds
sql:(insert into kbe_serverlog (heartbeatTime, serverGroupID) values(1557495271,3960) ON DUPLICATE KEY UPDATE heartbeatTime=1557495271)
    INFO      dbmgr-1 3960 4000  [2019-05-10 21:34:31 838] - DBInterfaceMysql::query: successfully!
   DEBUG      dbmgr-1 3960 4000  [2019-05-10 21:34:31 838] - DBInterfaceMysql::attach: successfully! addr: localhost:3306
   DEBUG      dbmgr-1 3960 4000  [2019-05-10 21:34:31 838] - DBThread::onStart(): 0x8a3e88!
 WARNING      dbmgr-1 3960 4000  [2019-05-10 21:34:31 839] - DBTask::process(): took 0.30 seconds
sql:(select distinct(serverGroupID) from kbe_entitylog)
   DEBUG      dbmgr-1 3960 4000  [2019-05-10 21:34:31 913] - DBInterfaceMysql::attach: successfully! addr: localhost:3306
   DEBUG      dbmgr-1 3960 4000  [2019-05-10 21:34:31 914] - DBThread::onStart(): 0x8a4928!
    INFO      dbmgr-1 3960 4000  [2019-05-10 21:34:31 972] - DBInterfaceMysql::query: successfully!
    INFO      dbmgr-1 3960 4000  [2019-05-10 21:34:31 972] - DBInterfaceMysql::query: successfully!
    INFO      dbmgr-1 3960 4000  [2019-05-10 21:34:31 972] - DBInterfaceMysql::query: successfully!
    INFO      dbmgr-1 3960 4000  [2019-05-10 21:34:31 973] - DBInterfaceMysql::query: successfully!
    INFO      dbmgr-1 3960 4000  [2019-05-10 21:34:31 973] - DBInterfaceMysql::query: successfully!
 WARNING      dbmgr-1 3960 4000  [2019-05-10 21:34:31 973] - DBTask::process(): took 0.33 seconds
sql:(delete from kbe_email_verification where logtime<1557491671 and type=3)
    INFO      dbmgr-1 3960 4000  [2019-05-10 21:34:38 535] - ServerApp::onRegisterNewApp: uid:3960, username:error_name, componentType:interfaces, componentID:3000, globalorderID=-1, grouporderID=-1, intaddr:192.168.56.1, intport:30099, extaddr:nonsupport, extport:0,  from 127.0.0.1:30099/0/0/0.
    INFO      dbmgr-1 3960 4000  [2019-05-10 21:34:38 535] - Components::addComponent: reset orderLog, uid=3960!
    INFO      dbmgr-1 3960 4000  [2019-05-10 21:34:38 535] - Components::addComponent[interfaces], uid=3960, componentID=3000, globalorderid=1, grouporderid=1, totalcount=1
 WARNING      dbmgr-1 3960 4000  [2019-05-10 21:34:38 535] - TCPPacketReceiver::processPendingEvents(192.168.56.1:58281): Throwing REASON_GENERAL_NETWORK - WSAECONNABORTED
    INFO      dbmgr-1 3960 4000  [2019-05-10 21:34:39 541] - Components::findComponents: find logger(1)...
    INFO      dbmgr-1 3960 4000  [2019-05-10 21:34:39 566] - Components::findComponents: found logger, addr:192.168.56.1:58258
    INFO      dbmgr-1 3960 4000  [2019-05-10 21:34:39 566] - Components::addComponent: reset orderLog, uid=3960!
    INFO      dbmgr-1 3960 4000  [2019-05-10 21:34:39 566] - Components::addComponent[logger], uid=3960, componentID=2000, globalorderid=1, grouporderid=1, totalcount=1
    INFO      dbmgr-1 3960 4000  [2019-05-10 21:34:39 601] - Components::process(): Found all the components!
    INFO      dbmgr-1 3960 4000  [2019-05-10 21:34:41 596] - ServerApp::onRegisterNewApp: uid:3960, username:error_name, componentType:loginapp, componentID:9000, globalorderID=-1, grouporderID=-1, intaddr:192.168.56.1, intport:58262, extaddr:192.168.56.1, extport:20013,  from 192.168.56.1:58293/0/0/0.
    INFO      dbmgr-1 3960 4000  [2019-05-10 21:34:41 596] - Components::addComponent: reset orderLog, uid=3960!
    INFO      dbmgr-1 3960 4000  [2019-05-10 21:34:41 596] - Components::addComponent[loginapp], uid=3960, componentID=9000, globalorderid=1, grouporderid=1, totalcount=1
    INFO      dbmgr-1 3960 4000  [2019-05-10 21:34:42 414] - ServerApp::onRegisterNewApp: uid:3960, username:error_name, componentType:baseappmgr, componentID:5000, globalorderID=-1, grouporderID=-1, intaddr:192.168.56.1, intport:58260, extaddr:nonsupport, extport:0,  from 192.168.56.1:58295/0/0/0.
    INFO      dbmgr-1 3960 4000  [2019-05-10 21:34:42 414] - Components::addComponent[baseappmgr], uid=3960, componentID=5000, globalorderid=2, grouporderid=1, totalcount=1
    INFO      dbmgr-1 3960 4000  [2019-05-10 21:34:42 950] - ServerApp::onRegisterNewApp: uid:3960, username:error_name, componentType:cellappmgr, componentID:6000, globalorderID=-1, grouporderID=-1, intaddr:192.168.56.1, intport:58264, extaddr:nonsupport, extport:0,  from 192.168.56.1:58297/0/0/0.
    INFO      dbmgr-1 3960 4000  [2019-05-10 21:34:42 950] - Components::addComponent[cellappmgr], uid=3960, componentID=6000, globalorderid=3, grouporderid=1, totalcount=1
    INFO      dbmgr-1 3960 4000  [2019-05-10 21:34:43 955] - ServerApp::onRegisterNewApp: uid:3960, username:error_name, componentType:baseapp, componentID:7001, globalorderID=-1, grouporderID=-1, intaddr:192.168.56.1, intport:58265, extaddr:192.168.56.1, extport:20015,  from 192.168.56.1:58299/0/0/0.
    INFO      dbmgr-1 3960 4000  [2019-05-10 21:34:43 955] - Components::addComponent[baseapp], uid=3960, componentID=7001, globalorderid=4, grouporderid=1, totalcount=1
    INFO      dbmgr-1 3960 4000  [2019-05-10 21:34:45 235] - ServerApp::onRegisterNewApp: uid:3960, username:error_name, componentType:cellapp, componentID:8001, globalorderID=-1, grouporderID=-1, intaddr:192.168.56.1, intport:58261, extaddr:nonsupport, extport:0,  from 192.168.56.1:58302/0/0/0.
    INFO      dbmgr-1 3960 4000  [2019-05-10 21:34:45 235] - Components::addComponent[cellapp], uid=3960, componentID=8001, globalorderid=5, grouporderid=1, totalcount=1
    INFO      dbmgr-1 3960 4000  [2019-05-10 21:34:48 241] - IDServer::allocRange: 1-2001.
    INFO      dbmgr-1 3960 4000  [2019-05-10 21:34:48 241] - IDServer::allocRange: 2001-4001.
   DEBUG      dbmgr-1 3960 4000  [2019-05-10 21:34:48 241] - SyncAppDatasHandler::~SyncAppDatasHandler()
    INFO      dbmgr-1 3960 4000  [2019-05-10 21:34:50 354] - GlobalDataServer::broadcastDataChanged: writer(baseapp, addr=192.168.56.1:58299/0/0/0), keySize=10, valSize=45, isDelete=0
   DEBUG      dbmgr-1 3960 4000  [2019-05-10 21:35:10 758] - Dbmgr::onAccountLogin:loginName=123, accountName=123, success=0, componentID=0, entityID=0, dbid=3, flags=0, deadline=0.
   DEBUG      dbmgr-1 3960 4000  [2019-05-10 21:35:10 899] - Dbmgr::queryAccount: 123, success=true, flags=0, deadline=0.
    INFO      dbmgr-1 3960 4000  [2019-05-10 21:35:14 856] - GlobalDataServer::broadcastDataChanged: writer(cellapp, addr=192.168.56.1:58302/0/0/0), keySize=12, valSize=45, isDelete=0
