    INFO    cellapp-1 3960 8001  [2019-06-01 10:23:54 363] - -----------------------------------------------------------------------------------------


    INFO    cellapp-1 3960 8001  [2019-06-01 10:23:54 408] - Resmgr::initialize: KBE_ROOT=D:/kbengine/
    INFO    cellapp-1 3960 8001  [2019-06-01 10:23:54 408] - Resmgr::initialize: KBE_RES_PATH=D:/kbengine/kbe/res/;D:/kbengine/HappyPoker_assets/;D:/kbengine/HappyPoker_assets/scripts/;D:/kbengine/HappyPoker_assets/res/
    INFO    cellapp-1 3960 8001  [2019-06-01 10:23:54 408] - Resmgr::initialize: KBE_BIN_PATH=D:/kbengine/kbe/bin/server/
    INFO    cellapp-1 3960 8001  [2019-06-01 10:23:54 458] - NetworkInterface::initialize(INTERNAL-TCP): bound to all interfaces with default route interface on 192.168.56.1 ( 192.168.56.1:59715 )
    INFO    cellapp-1 3960 8001  [2019-06-01 10:23:54 458] - NetworkInterface::initialize(INTERNAL-TCP): address 192.168.56.1:59715, SOMAXCONN=5.
    INFO    cellapp-1 3960 8001  [2019-06-01 10:23:54 458] - server-configs:
    INFO    cellapp-1 3960 8001  [2019-06-01 10:23:54 458] - 	gameUpdateHertz : 10
    INFO    cellapp-1 3960 8001  [2019-06-01 10:23:54 470] - 	defaultViewRadius : 80
    INFO    cellapp-1 3960 8001  [2019-06-01 10:23:54 470] - 	defaultViewHysteresisArea : 5
    INFO    cellapp-1 3960 8001  [2019-06-01 10:23:54 470] - 	entryScriptFile : kbemain
    INFO    cellapp-1 3960 8001  [2019-06-01 10:23:54 470] - 	internalTcpAddr : 192.168.56.1:59715
    INFO    cellapp-1 3960 8001  [2019-06-01 10:23:54 470] - 	componentID : 8001
 WARNING    cellapp-1 3960 8001  [2019-06-01 10:23:54 471] - invalid UID(0) <= 0, please check UID for environment! automatically set to 3960.
    INFO    cellapp-1 3960 8001  [2019-06-01 10:23:54 550] - Components::findLogger: found logger, addr:192.168.56.1:59692
    INFO    cellapp-1 3960 8001  [2019-06-01 10:23:54 550] - Components::addComponent: reset orderLog, uid=3960!
    INFO    cellapp-1 3960 8001  [2019-06-01 10:23:54 551] - Components::addComponent[logger], uid=3960, componentID=2000, globalorderid=1, grouporderid=1, totalcount=1
    INFO    cellapp-1 3960 8001  [2019-06-01 10:23:54 578] - ---- cellapp Version: 2.4.5. ScriptVersion: 0.1.0. Pythoncore: 3.7.3. Protocol: C9FCABE153AC3D64A8F240810ADA666D. Config: Debug X86. Built: 09:56:57 May  8 2019. AppID: 8001. UID: 3960. PID: 13148 ----
    INFO    cellapp-1 3960 8001  [2019-06-01 10:23:54 579] - Server error_name: Intel(R) Core(TM) i5-6300HQ CPU @ 2.30GHz with 2097151kB RAM
    INFO    cellapp-1 3960 8001  [2019-06-01 10:23:54 592] - ThreadPool::createThreadPool: creating  threadpool...
    INFO    cellapp-1 3960 8001  [2019-06-01 10:23:54 599] - ThreadPool::createThreadPool: successfully(2), newThreadCount=1, normalMaxThreadCount=2, maxThreadCount=8
    INFO    cellapp-1 3960 8001  [2019-06-01 10:23:54 833] - Script::install(): is successfully, Python=(3.7.3 (default, May  8 2019, 09:53:38) [MSC v.1916 32 bit (Intel)])!
    INFO    cellapp-1 3960 8001  [2019-06-01 10:23:54 833] - Script::install(): KBExtra is successfully!
 WARNING    cellapp-1 3960 8001  [2019-06-01 10:23:54 968] - EntityDef::checkDefMethod: exposed of method: Account.playerMakeLandlord, check the caller can use "def playerMakeLandlord(self, callerID, ...)", such as: if callerID == self.id!
 WARNING    cellapp-1 3960 8001  [2019-06-01 10:23:54 968] - EntityDef::checkDefMethod: exposed of method: Account.setGameReady, check the caller can use "def setGameReady(self, callerID, ...)", such as: if callerID == self.id!
   DEBUG    cellapp-1 3960 8001  [2019-06-01 10:23:54 969] - loaded entity-script:Account(1).
   ERROR    cellapp-1 3960 8001  [2019-06-01 10:23:54 971] - EntityDef::checkDefMethod: <class 'Room.Room'> does not have method[nextToplayPoker], defined in Room.def!
   ERROR    cellapp-1 3960 8001  [2019-06-01 10:23:54 972] - EntityDef::initialize: EntityClass[Room] checkDefMethod is failed!
   ERROR    cellapp-1 3960 8001  [2019-06-01 10:23:54 972] - app::initialize(): initialization failed!
   DEBUG    cellapp-1 3960 8001  [2019-06-01 10:23:54 973] - EntityRef::destroyObjPool(): size 0.
   DEBUG    cellapp-1 3960 8001  [2019-06-01 10:23:54 973] - Witness::destroyObjPool(): size 0.
    INFO    cellapp-1 3960 8001  [2019-06-01 10:23:54 986] - Script::uninstall(): is successfully!
   DEBUG    cellapp-1 3960 8001  [2019-06-01 10:23:54 986] - ThreadPool::destroy(): starting size 2.
 WARNING    cellapp-1 3960 8001  [2019-06-01 10:23:55 288] - ThreadPool::destroy(): waiting for thread(2)[0x8a0b38,0x8a0588,], try=1
   DEBUG    cellapp-1 3960 8001  [2019-06-01 10:23:55 689] - TPThread::~TPThread(): 0x8a0b38
   DEBUG    cellapp-1 3960 8001  [2019-06-01 10:23:55 689] - TPThread::~TPThread(): 0x8a0588
   DEBUG    cellapp-1 3960 8001  [2019-06-01 10:23:55 689] - ThreadPool::destroy(): successfully!
   DEBUG    cellapp-1 3960 8001  [2019-06-01 10:23:55 695] - Bundle::destroyObjPool(): size 11.
   DEBUG    cellapp-1 3960 8001  [2019-06-01 10:23:55 696] - Channel::destroyObjPool(): size 15.
   DEBUG    cellapp-1 3960 8001  [2019-06-01 10:23:55 704] - TCPPacket::destroyObjPool(): size 0.
   DEBUG    cellapp-1 3960 8001  [2019-06-01 10:23:55 704] - UDPPacket::destroyObjPool(): size 14.
   DEBUG    cellapp-1 3960 8001  [2019-06-01 10:23:55 705] - EndPoint::destroyObjPool(): size 15.
   DEBUG    cellapp-1 3960 8001  [2019-06-01 10:23:55 705] - Address::destroyObjPool(): size 0.
   DEBUG    cellapp-1 3960 8001  [2019-06-01 10:23:55 705] - TCPPacketReceiver::destroyObjPool(): size 0.
   DEBUG    cellapp-1 3960 8001  [2019-06-01 10:23:55 705] - UDPPacketReceiver::destroyObjPool(): size 0.
    INFO    cellapp-1 3960 8001  [2019-06-01 10:31:47 153] - -----------------------------------------------------------------------------------------


    INFO    cellapp-1 3960 8001  [2019-06-01 10:31:47 154] - Resmgr::initialize: KBE_ROOT=D:/kbengine/
    INFO    cellapp-1 3960 8001  [2019-06-01 10:31:47 154] - Resmgr::initialize: KBE_RES_PATH=D:/kbengine/kbe/res/;D:/kbengine/HappyPoker_assets/;D:/kbengine/HappyPoker_assets/scripts/;D:/kbengine/HappyPoker_assets/res/
    INFO    cellapp-1 3960 8001  [2019-06-01 10:31:47 155] - Resmgr::initialize: KBE_BIN_PATH=D:/kbengine/kbe/bin/server/
    INFO    cellapp-1 3960 8001  [2019-06-01 10:31:47 190] - NetworkInterface::initialize(INTERNAL-TCP): bound to all interfaces with default route interface on 192.168.56.1 ( 192.168.56.1:59762 )
    INFO    cellapp-1 3960 8001  [2019-06-01 10:31:47 191] - NetworkInterface::initialize(INTERNAL-TCP): address 192.168.56.1:59762, SOMAXCONN=5.
    INFO    cellapp-1 3960 8001  [2019-06-01 10:31:47 191] - server-configs:
    INFO    cellapp-1 3960 8001  [2019-06-01 10:31:47 191] - 	gameUpdateHertz : 10
    INFO    cellapp-1 3960 8001  [2019-06-01 10:31:47 192] - 	defaultViewRadius : 80
    INFO    cellapp-1 3960 8001  [2019-06-01 10:31:47 192] - 	defaultViewHysteresisArea : 5
    INFO    cellapp-1 3960 8001  [2019-06-01 10:31:47 192] - 	entryScriptFile : kbemain
    INFO    cellapp-1 3960 8001  [2019-06-01 10:31:47 192] - 	internalTcpAddr : 192.168.56.1:59762
    INFO    cellapp-1 3960 8001  [2019-06-01 10:31:47 192] - 	componentID : 8001
 WARNING    cellapp-1 3960 8001  [2019-06-01 10:31:47 196] - invalid UID(0) <= 0, please check UID for environment! automatically set to 3960.
    INFO    cellapp-1 3960 8001  [2019-06-01 10:31:48 712] - ---- cellapp Version: 2.4.5. ScriptVersion: 0.1.0. Pythoncore: 3.7.3. Protocol: C9FCABE153AC3D64A8F240810ADA666D. Config: Debug X86. Built: 09:56:57 May  8 2019. AppID: 8001. UID: 3960. PID: 9880 ----
    INFO    cellapp-1 3960 8001  [2019-06-01 10:31:48 712] - Server error_name: Intel(R) Core(TM) i5-6300HQ CPU @ 2.30GHz with 2097151kB RAM
    INFO    cellapp-1 3960 8001  [2019-06-01 10:31:48 713] - ThreadPool::createThreadPool: creating  threadpool...
    INFO    cellapp-1 3960 8001  [2019-06-01 10:31:48 714] - ThreadPool::createThreadPool: successfully(2), newThreadCount=1, normalMaxThreadCount=2, maxThreadCount=8
    INFO    cellapp-1 3960 8001  [2019-06-01 10:31:48 916] - Script::install(): is successfully, Python=(3.7.3 (default, May  8 2019, 09:53:38) [MSC v.1916 32 bit (Intel)])!
    INFO    cellapp-1 3960 8001  [2019-06-01 10:31:48 916] - Script::install(): KBExtra is successfully!
 WARNING    cellapp-1 3960 8001  [2019-06-01 10:31:49 037] - EntityDef::checkDefMethod: exposed of method: Account.playerMakeLandlord, check the caller can use "def playerMakeLandlord(self, callerID, ...)", such as: if callerID == self.id!
 WARNING    cellapp-1 3960 8001  [2019-06-01 10:31:49 037] - EntityDef::checkDefMethod: exposed of method: Account.setGameReady, check the caller can use "def setGameReady(self, callerID, ...)", such as: if callerID == self.id!
   DEBUG    cellapp-1 3960 8001  [2019-06-01 10:31:49 038] - loaded entity-script:Account(1).
 WARNING    cellapp-1 3960 8001  [2019-06-01 10:31:49 040] - EntityDef::checkDefMethod: exposed of method: Room.playPoker, check the caller can use "def playPoker(self, callerID, ...)", such as: if callerID == self.id!
 WARNING    cellapp-1 3960 8001  [2019-06-01 10:31:49 040] - EntityDef::checkDefMethod: exposed of method: Room.unPlayPoker, check the caller can use "def unPlayPoker(self, callerID, ...)", such as: if callerID == self.id!
   DEBUG    cellapp-1 3960 8001  [2019-06-01 10:31:49 041] - loaded entity-script:Room(3).
    INFO    cellapp-1 3960 8001  [2019-06-01 10:31:49 041] - TelnetServer server is running on port 50000
    INFO    cellapp-1 3960 8001  [2019-06-01 10:31:49 623] - ---- cellapp is running ----
   DEBUG    cellapp-1 3960 8001  [2019-06-01 10:31:49 625] - Components::process(): Request for the process of identity...
 WARNING    cellapp-1 3960 8001  [2019-06-01 10:31:55 885] - EntityApp::checkTickPeriod: tick took 6259% (6.26 seconds)!
    INFO    cellapp-1 3960 8001  [2019-06-01 10:31:56 969] - Components::findComponents: find logger(1)...
    INFO    cellapp-1 3960 8001  [2019-06-01 10:31:57 059] - Components::findComponents: found logger, addr:192.168.56.1:59766
    INFO    cellapp-1 3960 8001  [2019-06-01 10:31:57 060] - Components::addComponent: reset orderLog, uid=3960!
    INFO    cellapp-1 3960 8001  [2019-06-01 10:31:57 060] - Components::addComponent[logger], uid=3960, componentID=2000, globalorderid=1, grouporderid=1, totalcount=1
    INFO    cellapp-1 3960 8001  [2019-06-01 10:31:57 062] - Components::findComponents: find dbmgr(2)...
    INFO    cellapp-1 3960 8001  [2019-06-01 10:31:57 164] - Components::findComponents: found dbmgr, addr:192.168.56.1:59759
    INFO    cellapp-1 3960 8001  [2019-06-01 10:31:57 164] - Components::addComponent: reset orderLog, uid=3960!
    INFO    cellapp-1 3960 8001  [2019-06-01 10:31:57 165] - Components::addComponent[dbmgr], uid=3960, componentID=4000, globalorderid=1, grouporderid=1, totalcount=1
    INFO    cellapp-1 3960 8001  [2019-06-01 10:31:57 165] - Components::findComponents: found dbmgr, addr:192.168.56.1:59759
 WARNING    cellapp-1 3960 8001  [2019-06-01 10:31:58 167] - EntityApp::checkTickPeriod: tick took 1243% (1.24 seconds)!
    INFO    cellapp-1 3960 8001  [2019-06-01 10:31:59 169] - Components::findComponents: find cellappmgr(1)...
    INFO    cellapp-1 3960 8001  [2019-06-01 10:31:59 205] - Components::findComponents: found cellappmgr, addr:192.168.56.1:59760
    INFO    cellapp-1 3960 8001  [2019-06-01 10:31:59 205] - Components::addComponent[cellappmgr], uid=3960, componentID=6000, globalorderid=2, grouporderid=1, totalcount=1
    INFO    cellapp-1 3960 8001  [2019-06-01 10:31:59 206] - Components::findComponents: found cellappmgr, addr:192.168.56.1:59760
 WARNING    cellapp-1 3960 8001  [2019-06-01 10:32:00 208] - EntityApp::checkTickPeriod: tick took 1083% (1.08 seconds)!
    INFO    cellapp-1 3960 8001  [2019-06-01 10:32:01 225] - Components::findComponents: find baseappmgr(1)...
    INFO    cellapp-1 3960 8001  [2019-06-01 10:32:01 232] - Components::findComponents: found baseappmgr, addr:192.168.56.1:59763
    INFO    cellapp-1 3960 8001  [2019-06-01 10:32:01 232] - Components::addComponent[baseappmgr], uid=3960, componentID=5000, globalorderid=3, grouporderid=1, totalcount=1
    INFO    cellapp-1 3960 8001  [2019-06-01 10:32:01 233] - Components::findComponents: found baseappmgr, addr:192.168.56.1:59763
 WARNING    cellapp-1 3960 8001  [2019-06-01 10:32:02 234] - EntityApp::checkTickPeriod: tick took 1110% (1.11 seconds)!
    INFO    cellapp-1 3960 8001  [2019-06-01 10:32:03 369] - Components::findComponents: register self to dbmgr...
    INFO    cellapp-1 3960 8001  [2019-06-01 10:32:03 434] - Components::findComponents: register self to cellappmgr...
    INFO    cellapp-1 3960 8001  [2019-06-01 10:32:03 457] - ServerApp::onRegisterNewApp: uid:3960, username:error_name, componentType:baseapp, componentID:7001, globalorderID=-1, grouporderID=-1, intaddr:192.168.56.1, intport:59765, extaddr:192.168.56.1, extport:20015,  from 192.168.56.1:59791/0/0/0.
    INFO    cellapp-1 3960 8001  [2019-06-01 10:32:03 457] - Components::addComponent[baseapp], uid=3960, componentID=7001, globalorderid=4, grouporderid=1, totalcount=1
    INFO    cellapp-1 3960 8001  [2019-06-01 10:32:03 458] - ServerApp::onRegisterNewApp: uid:3960, username:error_name, componentType:baseapp, componentID:7001, globalorderID=-1, grouporderID=-1, intaddr:192.168.56.1, intport:59765, extaddr:192.168.56.1, extport:20015,  from 192.168.56.1:59791/0/0/0.
    INFO    cellapp-1 3960 8001  [2019-06-01 10:32:03 458] - Components::findComponents: register self to baseappmgr...
    INFO    cellapp-1 3960 8001  [2019-06-01 10:32:03 468] - Components::process(): Found all the components!
    INFO    cellapp-1 3960 8001  [2019-06-01 10:32:06 375] - EntityApp::onDbmgrInitCompleted: entityID alloc(2001-4001), startGlobalOrder=5, startGroupOrder=1, digest=60011752F18B1334EB91B5B9CD052802.
    INFO    cellapp01 3960 8001  [2019-06-01 10:32:06 375] - IDClient::onAddRange: number of ids increased from 2001 to 4001.
 WARNING    cellapp01 3960 8001  [2019-06-01 10:32:06 715] - BundleBroadcast::BundleBroadcast: Cannot bind to port 20196, errorno=10048
   S_DBG    cellapp01 3960 8001  [2019-06-01 10:32:07 977] - onInit::isReload:0
 WARNING    cellapp01 3960 8001  [2019-06-01 10:32:07 983] - d:\kbengine\kbe\src\lib\network\channel.cpp:1023: Profile processRecvMessages took 1.61 seconds
 WARNING    cellapp01 3960 8001  [2019-06-01 10:32:07 984] - EntityApp::checkTickPeriod: tick took 1660% (1.66 seconds)!
   DEBUG    cellapp01 3960 8001  [2019-06-01 10:32:08 029] - InitProgressHandler::~InitProgressHandler()
   S_DBG    cellapp01 3960 8001  [2019-06-01 10:32:08 517] - onGlobalData: Hall
   DEBUG    cellapp01 3960 8001  [2019-06-01 10:37:05 814] - Spaces::createNewSpace: new space(Room) 1.
    INFO    cellapp01 3960 8001  [2019-06-01 10:37:05 827] - EntityApp::createEntity: new Room 3
    INFO    cellapp01 3960 8001  [2019-06-01 10:37:05 834] - KBEngine::addSpaceGeometryMapping: spaceID=1, respath=spaces/gameMap, shouldLoadOnServer=true!
   S_DBG    cellapp01 3960 8001  [2019-06-01 10:37:05 872] - player go into the roomId is 6697385707176394752
    INFO    cellapp01 3960 8001  [2019-06-01 10:37:05 885] - EntityApp::createEntity: new Account 2
    INFO    cellapp01 3960 8001  [2019-06-01 10:37:05 930] - KBEngine::onLoadedSpaceGeometryMapping: spaceID=1, respath=spaces/gameMap!
    INFO    cellapp-1 3960 8001  [2019-06-01 10:41:54 501] - -----------------------------------------------------------------------------------------


    INFO    cellapp-1 3960 8001  [2019-06-01 10:41:54 502] - Resmgr::initialize: KBE_ROOT=D:/kbengine/
    INFO    cellapp-1 3960 8001  [2019-06-01 10:41:54 502] - Resmgr::initialize: KBE_RES_PATH=D:/kbengine/kbe/res/;D:/kbengine/HappyPoker_assets/;D:/kbengine/HappyPoker_assets/scripts/;D:/kbengine/HappyPoker_assets/res/
    INFO    cellapp-1 3960 8001  [2019-06-01 10:41:54 502] - Resmgr::initialize: KBE_BIN_PATH=D:/kbengine/kbe/bin/server/
    INFO    cellapp-1 3960 8001  [2019-06-01 10:41:54 520] - NetworkInterface::initialize(INTERNAL-TCP): bound to all interfaces with default route interface on 192.168.56.1 ( 192.168.56.1:59879 )
    INFO    cellapp-1 3960 8001  [2019-06-01 10:41:54 521] - NetworkInterface::initialize(INTERNAL-TCP): address 192.168.56.1:59879, SOMAXCONN=5.
    INFO    cellapp-1 3960 8001  [2019-06-01 10:41:54 521] - server-configs:
    INFO    cellapp-1 3960 8001  [2019-06-01 10:41:54 521] - 	gameUpdateHertz : 10
    INFO    cellapp-1 3960 8001  [2019-06-01 10:41:54 521] - 	defaultViewRadius : 80
    INFO    cellapp-1 3960 8001  [2019-06-01 10:41:54 521] - 	defaultViewHysteresisArea : 5
    INFO    cellapp-1 3960 8001  [2019-06-01 10:41:54 521] - 	entryScriptFile : kbemain
    INFO    cellapp-1 3960 8001  [2019-06-01 10:41:54 522] - 	internalTcpAddr : 192.168.56.1:59879
    INFO    cellapp-1 3960 8001  [2019-06-01 10:41:54 522] - 	componentID : 8001
 WARNING    cellapp-1 3960 8001  [2019-06-01 10:41:54 524] - invalid UID(0) <= 0, please check UID for environment! automatically set to 3960.
    INFO    cellapp-1 3960 8001  [2019-06-01 10:41:56 029] - ---- cellapp Version: 2.4.5. ScriptVersion: 0.1.0. Pythoncore: 3.7.3. Protocol: C9FCABE153AC3D64A8F240810ADA666D. Config: Debug X86. Built: 09:56:57 May  8 2019. AppID: 8001. UID: 3960. PID: 6424 ----
    INFO    cellapp-1 3960 8001  [2019-06-01 10:41:56 029] - Server error_name: Intel(R) Core(TM) i5-6300HQ CPU @ 2.30GHz with 2097151kB RAM
    INFO    cellapp-1 3960 8001  [2019-06-01 10:41:56 030] - ThreadPool::createThreadPool: creating  threadpool...
    INFO    cellapp-1 3960 8001  [2019-06-01 10:41:56 031] - ThreadPool::createThreadPool: successfully(2), newThreadCount=1, normalMaxThreadCount=2, maxThreadCount=8
    INFO    cellapp-1 3960 8001  [2019-06-01 10:41:56 235] - Script::install(): is successfully, Python=(3.7.3 (default, May  8 2019, 09:53:38) [MSC v.1916 32 bit (Intel)])!
    INFO    cellapp-1 3960 8001  [2019-06-01 10:41:56 236] - Script::install(): KBExtra is successfully!
 WARNING    cellapp-1 3960 8001  [2019-06-01 10:41:56 360] - EntityDef::checkDefMethod: exposed of method: Account.playerMakeLandlord, check the caller can use "def playerMakeLandlord(self, callerID, ...)", such as: if callerID == self.id!
 WARNING    cellapp-1 3960 8001  [2019-06-01 10:41:56 360] - EntityDef::checkDefMethod: exposed of method: Account.setGameReady, check the caller can use "def setGameReady(self, callerID, ...)", such as: if callerID == self.id!
   DEBUG    cellapp-1 3960 8001  [2019-06-01 10:41:56 360] - loaded entity-script:Account(1).
 WARNING    cellapp-1 3960 8001  [2019-06-01 10:41:56 362] - EntityDef::checkDefMethod: exposed of method: Room.playPoker, check the caller can use "def playPoker(self, callerID, ...)", such as: if callerID == self.id!
 WARNING    cellapp-1 3960 8001  [2019-06-01 10:41:56 363] - EntityDef::checkDefMethod: exposed of method: Room.unPlayPoker, check the caller can use "def unPlayPoker(self, callerID, ...)", such as: if callerID == self.id!
   DEBUG    cellapp-1 3960 8001  [2019-06-01 10:41:56 363] - loaded entity-script:Room(3).
    INFO    cellapp-1 3960 8001  [2019-06-01 10:41:56 363] - TelnetServer server is running on port 50000
    INFO    cellapp-1 3960 8001  [2019-06-01 10:41:56 828] - ---- cellapp is running ----
   DEBUG    cellapp-1 3960 8001  [2019-06-01 10:41:56 829] - Components::process(): Request for the process of identity...
 WARNING    cellapp-1 3960 8001  [2019-06-01 10:42:02 965] - EntityApp::checkTickPeriod: tick took 6136% (6.14 seconds)!
    INFO    cellapp-1 3960 8001  [2019-06-01 10:42:04 029] - Components::findComponents: find logger(1)...
    INFO    cellapp-1 3960 8001  [2019-06-01 10:42:04 032] - Components::findComponents: found logger, addr:192.168.56.1:59876
    INFO    cellapp-1 3960 8001  [2019-06-01 10:42:04 033] - Components::addComponent: reset orderLog, uid=3960!
    INFO    cellapp-1 3960 8001  [2019-06-01 10:42:04 033] - Components::addComponent[logger], uid=3960, componentID=2000, globalorderid=1, grouporderid=1, totalcount=1
    INFO    cellapp-1 3960 8001  [2019-06-01 10:42:04 034] - Components::findComponents: find dbmgr(2)...
    INFO    cellapp-1 3960 8001  [2019-06-01 10:42:04 139] - Components::findComponents: found dbmgr, addr:192.168.56.1:59875
    INFO    cellapp-1 3960 8001  [2019-06-01 10:42:04 139] - Components::addComponent: reset orderLog, uid=3960!
    INFO    cellapp-1 3960 8001  [2019-06-01 10:42:04 139] - Components::addComponent[dbmgr], uid=3960, componentID=4000, globalorderid=1, grouporderid=1, totalcount=1
    INFO    cellapp-1 3960 8001  [2019-06-01 10:42:04 140] - Components::findComponents: found dbmgr, addr:192.168.56.1:59875
 WARNING    cellapp-1 3960 8001  [2019-06-01 10:42:05 141] - EntityApp::checkTickPeriod: tick took 1212% (1.21 seconds)!
    INFO    cellapp-1 3960 8001  [2019-06-01 10:42:06 205] - Components::findComponents: find cellappmgr(1)...
    INFO    cellapp-1 3960 8001  [2019-06-01 10:42:06 293] - Components::findComponents: found cellappmgr, addr:192.168.56.1:59881
    INFO    cellapp-1 3960 8001  [2019-06-01 10:42:06 293] - Components::addComponent[cellappmgr], uid=3960, componentID=6000, globalorderid=2, grouporderid=1, totalcount=1
    INFO    cellapp-1 3960 8001  [2019-06-01 10:42:06 294] - Components::findComponents: found cellappmgr, addr:192.168.56.1:59881
 WARNING    cellapp-1 3960 8001  [2019-06-01 10:42:07 294] - EntityApp::checkTickPeriod: tick took 1165% (1.16 seconds)!
    INFO    cellapp-1 3960 8001  [2019-06-01 10:42:08 304] - Components::findComponents: find baseappmgr(1)...
    INFO    cellapp-1 3960 8001  [2019-06-01 10:42:08 319] - Components::findComponents: found baseappmgr, addr:192.168.56.1:59880
    INFO    cellapp-1 3960 8001  [2019-06-01 10:42:08 319] - Components::addComponent[baseappmgr], uid=3960, componentID=5000, globalorderid=3, grouporderid=1, totalcount=1
    INFO    cellapp-1 3960 8001  [2019-06-01 10:42:08 320] - Components::findComponents: found baseappmgr, addr:192.168.56.1:59880
 WARNING    cellapp-1 3960 8001  [2019-06-01 10:42:09 320] - EntityApp::checkTickPeriod: tick took 1091% (1.09 seconds)!
    INFO    cellapp-1 3960 8001  [2019-06-01 10:42:10 429] - Components::findComponents: register self to dbmgr...
    INFO    cellapp-1 3960 8001  [2019-06-01 10:42:10 504] - Components::findComponents: register self to cellappmgr...
    INFO    cellapp-1 3960 8001  [2019-06-01 10:42:10 528] - Components::findComponents: register self to baseappmgr...
    INFO    cellapp-1 3960 8001  [2019-06-01 10:42:10 604] - Components::process(): Found all the components!
    INFO    cellapp-1 3960 8001  [2019-06-01 10:42:10 745] - ServerApp::onRegisterNewApp: uid:3960, username:error_name, componentType:baseapp, componentID:7001, globalorderID=5, grouporderID=1, intaddr:192.168.56.1, intport:59877, extaddr:192.168.56.1, extport:20015,  from 192.168.56.1:59875/0/0/0.
    INFO    cellapp-1 3960 8001  [2019-06-01 10:42:10 745] - Components::addComponent[baseapp], uid=3960, componentID=7001, globalorderid=5, grouporderid=1, totalcount=1
    INFO    cellapp-1 3960 8001  [2019-06-01 10:42:13 749] - EntityApp::onDbmgrInitCompleted: entityID alloc(1-2001), startGlobalOrder=4, startGroupOrder=1, digest=60011752F18B1334EB91B5B9CD052802.
    INFO    cellapp01 3960 8001  [2019-06-01 10:42:13 749] - IDClient::onAddRange: number of ids increased from 1 to 2001.
 WARNING    cellapp01 3960 8001  [2019-06-01 10:42:14 089] - BundleBroadcast::BundleBroadcast: Cannot bind to port 20779, errorno=10048
 WARNING    cellapp01 3960 8001  [2019-06-01 10:42:14 440] - BundleBroadcast::BundleBroadcast: Cannot bind to port 20903, errorno=10048
   S_DBG    cellapp01 3960 8001  [2019-06-01 10:42:15 666] - onInit::isReload:0
 WARNING    cellapp01 3960 8001  [2019-06-01 10:42:15 666] - d:\kbengine\kbe\src\lib\network\channel.cpp:1023: Profile processRecvMessages took 1.92 seconds
   S_DBG    cellapp01 3960 8001  [2019-06-01 10:42:15 666] - onGlobalData: Hall
 WARNING    cellapp01 3960 8001  [2019-06-01 10:42:15 667] - EntityApp::checkTickPeriod: tick took 1937% (1.94 seconds)!
   DEBUG    cellapp01 3960 8001  [2019-06-01 10:42:15 705] - InitProgressHandler::~InitProgressHandler()
   DEBUG    cellapp01 3960 8001  [2019-06-01 10:43:05 876] - Spaces::createNewSpace: new space(Room) 1.
    INFO    cellapp01 3960 8001  [2019-06-01 10:43:05 876] - EntityApp::createEntity: new Room 2003
    INFO    cellapp01 3960 8001  [2019-06-01 10:43:05 877] - KBEngine::addSpaceGeometryMapping: spaceID=1, respath=spaces/gameMap, shouldLoadOnServer=true!
   S_DBG    cellapp01 3960 8001  [2019-06-01 10:43:05 879] - player go into the roomId is 6697387253364621312
    INFO    cellapp01 3960 8001  [2019-06-01 10:43:05 881] - EntityApp::createEntity: new Account 2002
    INFO    cellapp01 3960 8001  [2019-06-01 10:43:05 928] - KBEngine::onLoadedSpaceGeometryMapping: spaceID=1, respath=spaces/gameMap!
   S_DBG    cellapp01 3960 8001  [2019-06-01 10:43:28 275] - player go into the roomId is 6697387253364621312
    INFO    cellapp01 3960 8001  [2019-06-01 10:43:28 275] - EntityApp::createEntity: new Account 2004
   S_DBG    cellapp01 3960 8001  [2019-06-01 10:43:47 275] - player go into the roomId is 6697387253364621312
    INFO    cellapp01 3960 8001  [2019-06-01 10:43:47 277] - EntityApp::createEntity: new Account 2005
   S_ERR    cellapp01 3960 8001  [2019-06-01 10:43:56 361] - Traceback (most recent call last):
  File "D:/kbengine/HappyPoker_assets/scripts/cell\Account.py", line 22, in setGameReady
    KBEngine.globalData["Room_%i" % self.spaceID].updateReadyNum(state)
   S_ERR    cellapp01 3960 8001  [2019-06-01 10:43:56 364] -   File "D:/kbengine/HappyPoker_assets/scripts/cell\Room.py", line 43, in updateReadyNum
    self.distributePoker()
   S_ERR    cellapp01 3960 8001  [2019-06-01 10:43:56 366] -   File "D:/kbengine/HappyPoker_assets/scripts/cell\Room.py", line 107, in distributePoker
    self.makeLandLordQueue.put((self.landlord+1)%3);
   S_ERR    cellapp01 3960 8001  [2019-06-01 10:43:56 368] - AttributeError: 'Room' object has no attribute 'makeLandLordQueue'
 WARNING    cellapp01 3960 8001  [2019-06-01 10:43:56 375] - d:\kbengine\kbe\src\server\cellapp\entity.cpp:986: Profile scriptCall took 0.13 seconds
 WARNING    cellapp01 3960 8001  [2019-06-01 10:43:56 375] - d:\kbengine\kbe\src\lib\network\channel.cpp:1023: Profile processRecvMessages took 0.13 seconds
    INFO    cellapp-1 3960 8001  [2019-06-01 10:52:11 189] - -----------------------------------------------------------------------------------------


    INFO    cellapp-1 3960 8001  [2019-06-01 10:52:11 190] - Resmgr::initialize: KBE_ROOT=D:/kbengine/
    INFO    cellapp-1 3960 8001  [2019-06-01 10:52:11 190] - Resmgr::initialize: KBE_RES_PATH=D:/kbengine/kbe/res/;D:/kbengine/HappyPoker_assets/;D:/kbengine/HappyPoker_assets/scripts/;D:/kbengine/HappyPoker_assets/res/
    INFO    cellapp-1 3960 8001  [2019-06-01 10:52:11 191] - Resmgr::initialize: KBE_BIN_PATH=D:/kbengine/kbe/bin/server/
    INFO    cellapp-1 3960 8001  [2019-06-01 10:52:11 218] - NetworkInterface::initialize(INTERNAL-TCP): bound to all interfaces with default route interface on 192.168.56.1 ( 192.168.56.1:59967 )
    INFO    cellapp-1 3960 8001  [2019-06-01 10:52:11 218] - NetworkInterface::initialize(INTERNAL-TCP): address 192.168.56.1:59967, SOMAXCONN=5.
    INFO    cellapp-1 3960 8001  [2019-06-01 10:52:11 219] - server-configs:
    INFO    cellapp-1 3960 8001  [2019-06-01 10:52:11 219] - 	gameUpdateHertz : 10
    INFO    cellapp-1 3960 8001  [2019-06-01 10:52:11 219] - 	defaultViewRadius : 80
    INFO    cellapp-1 3960 8001  [2019-06-01 10:52:11 220] - 	defaultViewHysteresisArea : 5
    INFO    cellapp-1 3960 8001  [2019-06-01 10:52:11 220] - 	entryScriptFile : kbemain
    INFO    cellapp-1 3960 8001  [2019-06-01 10:52:11 220] - 	internalTcpAddr : 192.168.56.1:59967
    INFO    cellapp-1 3960 8001  [2019-06-01 10:52:11 220] - 	componentID : 8001
 WARNING    cellapp-1 3960 8001  [2019-06-01 10:52:11 227] - invalid UID(0) <= 0, please check UID for environment! automatically set to 3960.
    INFO    cellapp-1 3960 8001  [2019-06-01 10:52:11 620] - Components::findLogger: found logger, addr:192.168.56.1:59965
    INFO    cellapp-1 3960 8001  [2019-06-01 10:52:11 620] - Components::addComponent: reset orderLog, uid=3960!
    INFO    cellapp-1 3960 8001  [2019-06-01 10:52:11 621] - Components::addComponent[logger], uid=3960, componentID=2000, globalorderid=1, grouporderid=1, totalcount=1
    INFO    cellapp-1 3960 8001  [2019-06-01 10:52:11 628] - ---- cellapp Version: 2.4.5. ScriptVersion: 0.1.0. Pythoncore: 3.7.3. Protocol: C9FCABE153AC3D64A8F240810ADA666D. Config: Debug X86. Built: 09:56:57 May  8 2019. AppID: 8001. UID: 3960. PID: 13424 ----
    INFO    cellapp-1 3960 8001  [2019-06-01 10:52:11 628] - Server error_name: Intel(R) Core(TM) i5-6300HQ CPU @ 2.30GHz with 2097151kB RAM
    INFO    cellapp-1 3960 8001  [2019-06-01 10:52:11 628] - ThreadPool::createThreadPool: creating  threadpool...
    INFO    cellapp-1 3960 8001  [2019-06-01 10:52:11 628] - ThreadPool::createThreadPool: successfully(2), newThreadCount=1, normalMaxThreadCount=2, maxThreadCount=8
    INFO    cellapp-1 3960 8001  [2019-06-01 10:52:11 831] - Script::install(): is successfully, Python=(3.7.3 (default, May  8 2019, 09:53:38) [MSC v.1916 32 bit (Intel)])!
    INFO    cellapp-1 3960 8001  [2019-06-01 10:52:11 831] - Script::install(): KBExtra is successfully!
 WARNING    cellapp-1 3960 8001  [2019-06-01 10:52:11 984] - EntityDef::checkDefMethod: exposed of method: Account.playerMakeLandlord, check the caller can use "def playerMakeLandlord(self, callerID, ...)", such as: if callerID == self.id!
 WARNING    cellapp-1 3960 8001  [2019-06-01 10:52:11 985] - EntityDef::checkDefMethod: exposed of method: Account.setGameReady, check the caller can use "def setGameReady(self, callerID, ...)", such as: if callerID == self.id!
   DEBUG    cellapp-1 3960 8001  [2019-06-01 10:52:11 985] - loaded entity-script:Account(1).
 WARNING    cellapp-1 3960 8001  [2019-06-01 10:52:11 987] - EntityDef::checkDefMethod: exposed of method: Room.playPoker, check the caller can use "def playPoker(self, callerID, ...)", such as: if callerID == self.id!
 WARNING    cellapp-1 3960 8001  [2019-06-01 10:52:11 987] - EntityDef::checkDefMethod: exposed of method: Room.unPlayPoker, check the caller can use "def unPlayPoker(self, callerID, ...)", such as: if callerID == self.id!
   DEBUG    cellapp-1 3960 8001  [2019-06-01 10:52:11 987] - loaded entity-script:Room(3).
    INFO    cellapp-1 3960 8001  [2019-06-01 10:52:11 988] - TelnetServer server is running on port 50000
    INFO    cellapp-1 3960 8001  [2019-06-01 10:52:12 406] - ---- cellapp is running ----
   DEBUG    cellapp-1 3960 8001  [2019-06-01 10:52:12 406] - Components::process(): Request for the process of identity...
 WARNING    cellapp-1 3960 8001  [2019-06-01 10:52:18 529] - EntityApp::checkTickPeriod: tick took 6122% (6.12 seconds)!
    INFO    cellapp-1 3960 8001  [2019-06-01 10:52:19 607] - Components::findComponents: find dbmgr(1)...
    INFO    cellapp-1 3960 8001  [2019-06-01 10:52:19 679] - Components::findComponents: found dbmgr, addr:192.168.56.1:59962
    INFO    cellapp-1 3960 8001  [2019-06-01 10:52:19 679] - Components::addComponent: reset orderLog, uid=3960!
    INFO    cellapp-1 3960 8001  [2019-06-01 10:52:19 679] - Components::addComponent[dbmgr], uid=3960, componentID=4000, globalorderid=1, grouporderid=1, totalcount=1
    INFO    cellapp-1 3960 8001  [2019-06-01 10:52:19 680] - Components::findComponents: found dbmgr, addr:192.168.56.1:59962
 WARNING    cellapp-1 3960 8001  [2019-06-01 10:52:20 681] - EntityApp::checkTickPeriod: tick took 1174% (1.17 seconds)!
    INFO    cellapp-1 3960 8001  [2019-06-01 10:52:21 692] - Components::findComponents: find cellappmgr(1)...
    INFO    cellapp-1 3960 8001  [2019-06-01 10:52:21 732] - Components::findComponents: found cellappmgr, addr:192.168.56.1:59966
    INFO    cellapp-1 3960 8001  [2019-06-01 10:52:21 732] - Components::addComponent[cellappmgr], uid=3960, componentID=6000, globalorderid=2, grouporderid=1, totalcount=1
    INFO    cellapp-1 3960 8001  [2019-06-01 10:52:21 739] - Components::findComponents: found cellappmgr, addr:192.168.56.1:59966
 WARNING    cellapp-1 3960 8001  [2019-06-01 10:52:22 739] - EntityApp::checkTickPeriod: tick took 1132% (1.13 seconds)!
    INFO    cellapp-1 3960 8001  [2019-06-01 10:52:23 792] - Components::findComponents: find baseappmgr(1)...
    INFO    cellapp-1 3960 8001  [2019-06-01 10:52:23 877] - Components::findComponents: found baseappmgr, addr:192.168.56.1:59964
    INFO    cellapp-1 3960 8001  [2019-06-01 10:52:23 877] - Components::addComponent[baseappmgr], uid=3960, componentID=5000, globalorderid=3, grouporderid=1, totalcount=1
    INFO    cellapp-1 3960 8001  [2019-06-01 10:52:23 877] - Components::findComponents: found baseappmgr, addr:192.168.56.1:59964
 WARNING    cellapp-1 3960 8001  [2019-06-01 10:52:24 877] - EntityApp::checkTickPeriod: tick took 1170% (1.17 seconds)!
    INFO    cellapp-1 3960 8001  [2019-06-01 10:52:25 891] - Components::findComponents: register self to dbmgr...
    INFO    cellapp-1 3960 8001  [2019-06-01 10:52:25 894] - Components::findComponents: register self to cellappmgr...
    INFO    cellapp-1 3960 8001  [2019-06-01 10:52:25 895] - ServerApp::onRegisterNewApp: uid:3960, username:error_name, componentType:baseapp, componentID:7001, globalorderID=-1, grouporderID=-1, intaddr:192.168.56.1, intport:59968, extaddr:192.168.56.1, extport:20015,  from 192.168.56.1:59991/0/0/0.
    INFO    cellapp-1 3960 8001  [2019-06-01 10:52:25 895] - Components::addComponent[baseapp], uid=3960, componentID=7001, globalorderid=4, grouporderid=1, totalcount=1
    INFO    cellapp-1 3960 8001  [2019-06-01 10:52:25 895] - ServerApp::onRegisterNewApp: uid:3960, username:error_name, componentType:baseapp, componentID:7001, globalorderID=-1, grouporderID=-1, intaddr:192.168.56.1, intport:59968, extaddr:192.168.56.1, extport:20015,  from 192.168.56.1:59991/0/0/0.
    INFO    cellapp-1 3960 8001  [2019-06-01 10:52:25 896] - Components::findComponents: register self to baseappmgr...
    INFO    cellapp-1 3960 8001  [2019-06-01 10:52:25 906] - Components::process(): Found all the components!
    INFO    cellapp-1 3960 8001  [2019-06-01 10:52:28 899] - EntityApp::onDbmgrInitCompleted: entityID alloc(2001-4001), startGlobalOrder=5, startGroupOrder=1, digest=60011752F18B1334EB91B5B9CD052802.
    INFO    cellapp01 3960 8001  [2019-06-01 10:52:28 899] - IDClient::onAddRange: number of ids increased from 2001 to 4001.
 WARNING    cellapp01 3960 8001  [2019-06-01 10:52:29 238] - BundleBroadcast::BundleBroadcast: Cannot bind to port 20772, errorno=10048
   S_DBG    cellapp01 3960 8001  [2019-06-01 10:52:30 461] - onInit::isReload:0
 WARNING    cellapp01 3960 8001  [2019-06-01 10:52:30 461] - d:\kbengine\kbe\src\lib\network\channel.cpp:1023: Profile processRecvMessages took 1.56 seconds
 WARNING    cellapp01 3960 8001  [2019-06-01 10:52:30 462] - EntityApp::checkTickPeriod: tick took 1655% (1.65 seconds)!
   DEBUG    cellapp01 3960 8001  [2019-06-01 10:52:30 492] - InitProgressHandler::~InitProgressHandler()
   S_DBG    cellapp01 3960 8001  [2019-06-01 10:52:30 964] - onGlobalData: Hall
   DEBUG    cellapp01 3960 8001  [2019-06-01 10:52:59 464] - Spaces::createNewSpace: new space(Room) 1.
    INFO    cellapp01 3960 8001  [2019-06-01 10:52:59 464] - EntityApp::createEntity: new Room 3
    INFO    cellapp01 3960 8001  [2019-06-01 10:52:59 465] - KBEngine::addSpaceGeometryMapping: spaceID=1, respath=spaces/gameMap, shouldLoadOnServer=true!
   S_DBG    cellapp01 3960 8001  [2019-06-01 10:52:59 468] - player go into the roomId is 6697389804575195136
    INFO    cellapp01 3960 8001  [2019-06-01 10:52:59 470] - EntityApp::createEntity: new Account 2
    INFO    cellapp01 3960 8001  [2019-06-01 10:52:59 507] - KBEngine::onLoadedSpaceGeometryMapping: spaceID=1, respath=spaces/gameMap!
   S_DBG    cellapp01 3960 8001  [2019-06-01 10:53:26 862] - player go into the roomId is 6697389804575195136
    INFO    cellapp01 3960 8001  [2019-06-01 10:53:26 863] - EntityApp::createEntity: new Account 4
   S_DBG    cellapp01 3960 8001  [2019-06-01 10:53:44 862] - player go into the roomId is 6697389804575195136
    INFO    cellapp01 3960 8001  [2019-06-01 10:53:44 863] - EntityApp::createEntity: new Account 5
   S_ERR    cellapp01 3960 8001  [2019-06-01 10:54:17 913] - Traceback (most recent call last):
  File "D:/kbengine/HappyPoker_assets/scripts/cell\Account.py", line 50, in playerMakeLandlord
    KBEngine.globalData["Room_%i" % self.spaceID].updateLandlord(index,state)
   S_ERR    cellapp01 3960 8001  [2019-06-01 10:54:17 915] -   File "D:/kbengine/HappyPoker_assets/scripts/cell\Room.py", line 57, in updateLandlord
    i=self.electQueue.put()
   S_ERR    cellapp01 3960 8001  [2019-06-01 10:54:17 916] - TypeError: put() missing 1 required positional argument: 'item'
    INFO    cellapp-1 3960 8001  [2019-06-01 10:56:17 035] - -----------------------------------------------------------------------------------------


    INFO    cellapp-1 3960 8001  [2019-06-01 10:56:17 036] - Resmgr::initialize: KBE_ROOT=D:/kbengine/
    INFO    cellapp-1 3960 8001  [2019-06-01 10:56:17 037] - Resmgr::initialize: KBE_RES_PATH=D:/kbengine/kbe/res/;D:/kbengine/HappyPoker_assets/;D:/kbengine/HappyPoker_assets/scripts/;D:/kbengine/HappyPoker_assets/res/
    INFO    cellapp-1 3960 8001  [2019-06-01 10:56:17 037] - Resmgr::initialize: KBE_BIN_PATH=D:/kbengine/kbe/bin/server/
    INFO    cellapp-1 3960 8001  [2019-06-01 10:56:17 069] - NetworkInterface::initialize(INTERNAL-TCP): bound to all interfaces with default route interface on 192.168.56.1 ( 192.168.56.1:60100 )
    INFO    cellapp-1 3960 8001  [2019-06-01 10:56:17 069] - NetworkInterface::initialize(INTERNAL-TCP): address 192.168.56.1:60100, SOMAXCONN=5.
    INFO    cellapp-1 3960 8001  [2019-06-01 10:56:17 070] - server-configs:
    INFO    cellapp-1 3960 8001  [2019-06-01 10:56:17 074] - 	gameUpdateHertz : 10
    INFO    cellapp-1 3960 8001  [2019-06-01 10:56:17 074] - 	defaultViewRadius : 80
    INFO    cellapp-1 3960 8001  [2019-06-01 10:56:17 074] - 	defaultViewHysteresisArea : 5
    INFO    cellapp-1 3960 8001  [2019-06-01 10:56:17 074] - 	entryScriptFile : kbemain
    INFO    cellapp-1 3960 8001  [2019-06-01 10:56:17 074] - 	internalTcpAddr : 192.168.56.1:60100
    INFO    cellapp-1 3960 8001  [2019-06-01 10:56:17 074] - 	componentID : 8001
 WARNING    cellapp-1 3960 8001  [2019-06-01 10:56:17 077] - invalid UID(0) <= 0, please check UID for environment! automatically set to 3960.
    INFO    cellapp-1 3960 8001  [2019-06-01 10:56:18 582] - ---- cellapp Version: 2.4.5. ScriptVersion: 0.1.0. Pythoncore: 3.7.3. Protocol: C9FCABE153AC3D64A8F240810ADA666D. Config: Debug X86. Built: 09:56:57 May  8 2019. AppID: 8001. UID: 3960. PID: 9264 ----
    INFO    cellapp-1 3960 8001  [2019-06-01 10:56:18 583] - Server error_name: Intel(R) Core(TM) i5-6300HQ CPU @ 2.30GHz with 2097151kB RAM
    INFO    cellapp-1 3960 8001  [2019-06-01 10:56:18 584] - ThreadPool::createThreadPool: creating  threadpool...
    INFO    cellapp-1 3960 8001  [2019-06-01 10:56:18 584] - ThreadPool::createThreadPool: successfully(2), newThreadCount=1, normalMaxThreadCount=2, maxThreadCount=8
    INFO    cellapp-1 3960 8001  [2019-06-01 10:56:18 793] - Script::install(): is successfully, Python=(3.7.3 (default, May  8 2019, 09:53:38) [MSC v.1916 32 bit (Intel)])!
    INFO    cellapp-1 3960 8001  [2019-06-01 10:56:18 793] - Script::install(): KBExtra is successfully!
 WARNING    cellapp-1 3960 8001  [2019-06-01 10:56:18 946] - EntityDef::checkDefMethod: exposed of method: Account.playerMakeLandlord, check the caller can use "def playerMakeLandlord(self, callerID, ...)", such as: if callerID == self.id!
 WARNING    cellapp-1 3960 8001  [2019-06-01 10:56:18 953] - EntityDef::checkDefMethod: exposed of method: Account.setGameReady, check the caller can use "def setGameReady(self, callerID, ...)", such as: if callerID == self.id!
   DEBUG    cellapp-1 3960 8001  [2019-06-01 10:56:18 953] - loaded entity-script:Account(1).
 WARNING    cellapp-1 3960 8001  [2019-06-01 10:56:18 955] - EntityDef::checkDefMethod: exposed of method: Room.playPoker, check the caller can use "def playPoker(self, callerID, ...)", such as: if callerID == self.id!
 WARNING    cellapp-1 3960 8001  [2019-06-01 10:56:18 974] - EntityDef::checkDefMethod: exposed of method: Room.unPlayPoker, check the caller can use "def unPlayPoker(self, callerID, ...)", such as: if callerID == self.id!
   DEBUG    cellapp-1 3960 8001  [2019-06-01 10:56:18 997] - loaded entity-script:Room(3).
    INFO    cellapp-1 3960 8001  [2019-06-01 10:56:18 998] - TelnetServer server is running on port 50000
    INFO    cellapp-1 3960 8001  [2019-06-01 10:56:19 464] - ---- cellapp is running ----
   DEBUG    cellapp-1 3960 8001  [2019-06-01 10:56:19 479] - Components::process(): Request for the process of identity...
 WARNING    cellapp-1 3960 8001  [2019-06-01 10:56:25 643] - EntityApp::checkTickPeriod: tick took 6178% (6.18 seconds)!
    INFO    cellapp-1 3960 8001  [2019-06-01 10:56:26 655] - Components::findComponents: find logger(1)...
    INFO    cellapp-1 3960 8001  [2019-06-01 10:56:26 679] - Components::findComponents: found logger, addr:192.168.56.1:60094
    INFO    cellapp-1 3960 8001  [2019-06-01 10:56:26 679] - Components::addComponent: reset orderLog, uid=3960!
    INFO    cellapp-1 3960 8001  [2019-06-01 10:56:26 680] - Components::addComponent[logger], uid=3960, componentID=2000, globalorderid=1, grouporderid=1, totalcount=1
    INFO    cellapp-1 3960 8001  [2019-06-01 10:56:26 681] - Components::findComponents: find dbmgr(2)...
    INFO    cellapp-1 3960 8001  [2019-06-01 10:56:26 684] - Components::findComponents: found dbmgr, addr:192.168.56.1:60095
    INFO    cellapp-1 3960 8001  [2019-06-01 10:56:26 684] - Components::addComponent: reset orderLog, uid=3960!
    INFO    cellapp-1 3960 8001  [2019-06-01 10:56:26 684] - Components::addComponent[dbmgr], uid=3960, componentID=4000, globalorderid=1, grouporderid=1, totalcount=1
    INFO    cellapp-1 3960 8001  [2019-06-01 10:56:26 786] - Components::findComponents: found dbmgr, addr:192.168.56.1:60095
 WARNING    cellapp-1 3960 8001  [2019-06-01 10:56:27 786] - EntityApp::checkTickPeriod: tick took 1221% (1.22 seconds)!
    INFO    cellapp-1 3960 8001  [2019-06-01 10:56:28 855] - Components::findComponents: find cellappmgr(1)...
    INFO    cellapp-1 3960 8001  [2019-06-01 10:56:28 932] - Components::findComponents: found cellappmgr, addr:192.168.56.1:60093
    INFO    cellapp-1 3960 8001  [2019-06-01 10:56:28 933] - Components::addComponent[cellappmgr], uid=3960, componentID=6000, globalorderid=2, grouporderid=1, totalcount=1
    INFO    cellapp-1 3960 8001  [2019-06-01 10:56:28 933] - Components::findComponents: found cellappmgr, addr:192.168.56.1:60093
 WARNING    cellapp-1 3960 8001  [2019-06-01 10:56:29 934] - EntityApp::checkTickPeriod: tick took 1169% (1.17 seconds)!
    INFO    cellapp-1 3960 8001  [2019-06-01 10:56:30 955] - Components::findComponents: find baseappmgr(1)...
    INFO    cellapp-1 3960 8001  [2019-06-01 10:56:31 059] - Components::findComponents: found baseappmgr, addr:192.168.56.1:60099
    INFO    cellapp-1 3960 8001  [2019-06-01 10:56:31 059] - Components::addComponent[baseappmgr], uid=3960, componentID=5000, globalorderid=3, grouporderid=1, totalcount=1
    INFO    cellapp-1 3960 8001  [2019-06-01 10:56:31 060] - Components::findComponents: found baseappmgr, addr:192.168.56.1:60099
 WARNING    cellapp-1 3960 8001  [2019-06-01 10:56:32 061] - EntityApp::checkTickPeriod: tick took 1195% (1.20 seconds)!
    INFO    cellapp-1 3960 8001  [2019-06-01 10:56:33 164] - Components::findComponents: register self to dbmgr...
    INFO    cellapp-1 3960 8001  [2019-06-01 10:56:33 255] - Components::findComponents: register self to cellappmgr...
    INFO    cellapp-1 3960 8001  [2019-06-01 10:56:33 264] - Components::findComponents: register self to baseappmgr...
    INFO    cellapp-1 3960 8001  [2019-06-01 10:56:33 273] - ServerApp::onRegisterNewApp: uid:3960, username:error_name, componentType:baseapp, componentID:7001, globalorderID=5, grouporderID=1, intaddr:192.168.56.1, intport:60098, extaddr:192.168.56.1, extport:20015,  from 192.168.56.1:60095/0/0/0.
    INFO    cellapp-1 3960 8001  [2019-06-01 10:56:33 274] - Components::addComponent[baseapp], uid=3960, componentID=7001, globalorderid=5, grouporderid=1, totalcount=1
    INFO    cellapp-1 3960 8001  [2019-06-01 10:56:33 275] - Components::process(): Found all the components!
    INFO    cellapp-1 3960 8001  [2019-06-01 10:56:36 276] - EntityApp::onDbmgrInitCompleted: entityID alloc(1-2001), startGlobalOrder=4, startGroupOrder=1, digest=60011752F18B1334EB91B5B9CD052802.
    INFO    cellapp01 3960 8001  [2019-06-01 10:56:36 276] - IDClient::onAddRange: number of ids increased from 1 to 2001.
 WARNING    cellapp01 3960 8001  [2019-06-01 10:56:36 615] - BundleBroadcast::BundleBroadcast: Cannot bind to port 20395, errorno=10048
   S_DBG    cellapp01 3960 8001  [2019-06-01 10:56:37 838] - onInit::isReload:0
 WARNING    cellapp01 3960 8001  [2019-06-01 10:56:37 838] - d:\kbengine\kbe\src\lib\network\channel.cpp:1023: Profile processRecvMessages took 1.56 seconds
 WARNING    cellapp01 3960 8001  [2019-06-01 10:56:37 838] - EntityApp::checkTickPeriod: tick took 1573% (1.57 seconds)!
   DEBUG    cellapp01 3960 8001  [2019-06-01 10:56:37 856] - InitProgressHandler::~InitProgressHandler()
   S_DBG    cellapp01 3960 8001  [2019-06-01 10:56:38 316] - onGlobalData: Hall
   DEBUG    cellapp01 3960 8001  [2019-06-01 10:58:03 250] - Spaces::createNewSpace: new space(Room) 1.
    INFO    cellapp01 3960 8001  [2019-06-01 10:58:03 250] - EntityApp::createEntity: new Room 2003
    INFO    cellapp01 3960 8001  [2019-06-01 10:58:03 251] - KBEngine::addSpaceGeometryMapping: spaceID=1, respath=spaces/gameMap, shouldLoadOnServer=true!
   S_DBG    cellapp01 3960 8001  [2019-06-01 10:58:03 254] - player go into the roomId is 6697391110245253120
    INFO    cellapp01 3960 8001  [2019-06-01 10:58:03 257] - EntityApp::createEntity: new Account 2002
    INFO    cellapp01 3960 8001  [2019-06-01 10:58:03 265] - KBEngine::onLoadedSpaceGeometryMapping: spaceID=1, respath=spaces/gameMap!
   S_DBG    cellapp01 3960 8001  [2019-06-01 10:58:23 647] - player go into the roomId is 6697391110245253120
    INFO    cellapp01 3960 8001  [2019-06-01 10:58:23 648] - EntityApp::createEntity: new Account 2004
   S_DBG    cellapp01 3960 8001  [2019-06-01 10:58:49 648] - player go into the roomId is 6697391110245253120
    INFO    cellapp01 3960 8001  [2019-06-01 10:58:49 648] - EntityApp::createEntity: new Account 2005
   S_ERR    cellapp01 3960 8001  [2019-06-01 10:59:05 746] - Traceback (most recent call last):
  File "D:/kbengine/HappyPoker_assets/scripts/cell\Account.py", line 50, in playerMakeLandlord
    KBEngine.globalData["Room_%i" % self.spaceID].updateLandlord(index,state)
   S_ERR    cellapp01 3960 8001  [2019-06-01 10:59:05 749] -   File "D:/kbengine/HappyPoker_assets/scripts/cell\Room.py", line 58, in updateLandlord
    self.makeLandLord(i)
   S_ERR    cellapp01 3960 8001  [2019-06-01 10:59:05 749] - AttributeError: 'Room' object has no attribute 'makeLandLord'
