    INFO      dbmgr-1 2082 4000  [2019-07-25 09:52:01 644] - -----------------------------------------------------------------------------------------


    INFO      dbmgr-1 2082 4000  [2019-07-25 09:52:01 884] - Resmgr::initialize: KBE_ROOT=D:/kbengine/
    INFO      dbmgr-1 2082 4000  [2019-07-25 09:52:01 884] - Resmgr::initialize: KBE_RES_PATH=D:/kbengine/kbe/res/;D:/kbengine/HappyPoker_assets/;D:/kbengine/HappyPoker_assets/scripts/;D:/kbengine/HappyPoker_assets/res/
    INFO      dbmgr-1 2082 4000  [2019-07-25 09:52:01 884] - Resmgr::initialize: KBE_BIN_PATH=D:/kbengine/kbe/bin/server/
    INFO      dbmgr-1 2082 4000  [2019-07-25 09:52:02 042] - NetworkInterface::initialize(INTERNAL-TCP): bound to all interfaces with default route interface on 192.168.56.1 ( 192.168.56.1:57093 )
    INFO      dbmgr-1 2082 4000  [2019-07-25 09:52:02 042] - NetworkInterface::initialize(INTERNAL-TCP): address 192.168.56.1:57093, SOMAXCONN=5.
    INFO      dbmgr-1 2082 4000  [2019-07-25 09:52:02 043] - server-configs:
    INFO      dbmgr-1 2082 4000  [2019-07-25 09:52:02 043] - 	internalTcpAddr : 192.168.56.1:57093
    INFO      dbmgr-1 2082 4000  [2019-07-25 09:52:02 043] - 	componentID : 4000
 WARNING      dbmgr-1 2082 4000  [2019-07-25 09:52:02 043] - invalid UID(0) <= 0, please check UID for environment! automatically set to 2082.
    INFO      dbmgr-1 2082 4000  [2019-07-25 09:52:02 297] - ---- dbmgr Version: 2.4.5. ScriptVersion: 0.1.0. Pythoncore: 3.7.3. Protocol: 11178A1C367680938C8E416B64844ACD. Config: Debug X86. Built: 09:55:16 May  8 2019. AppID: 4000. UID: 2082. PID: 1396 ----
    INFO      dbmgr-1 2082 4000  [2019-07-25 09:52:02 298] - Server error_name: Intel(R) Core(TM) i5-6300HQ CPU @ 2.30GHz with 2097151kB RAM
    INFO      dbmgr-1 2082 4000  [2019-07-25 09:52:02 340] - ThreadPool::createThreadPool: creating  threadpool...
    INFO      dbmgr-1 2082 4000  [2019-07-25 09:52:02 359] - ThreadPool::createThreadPool: successfully(2), newThreadCount=1, normalMaxThreadCount=2, maxThreadCount=8
    INFO      dbmgr-1 2082 4000  [2019-07-25 09:52:04 684] - Script::install(): is successfully, Python=(3.7.3 (default, May  8 2019, 09:53:38) [MSC v.1916 32 bit (Intel)])!
    INFO      dbmgr-1 2082 4000  [2019-07-25 09:52:04 684] - Script::install(): KBExtra is successfully!
    INFO      dbmgr-1 2082 4000  [2019-07-25 09:52:06 577] - Dbmgr::initializeEnd: digest(B91EBE6B591F8BEB2E04FAF8BE8B7B2F)
  S_INFO      dbmgr-1 2082 4000  [2019-07-25 09:52:06 583] - onDBMgrReady: bootstrapGroupIndex=0, bootstrapGlobalIndex=0
    INFO      dbmgr-1 2082 4000  [2019-07-25 09:52:06 588] - TelnetServer server is running on port 32000
    INFO      dbmgr-1 2082 4000  [2019-07-25 09:52:06 609] - Dbmgr::initInterfacesHandler: interfaces addr(127.0.0.1:30099), accountType:(interfaces), chargeType:(interfaces).
 WARNING      dbmgr-1 2082 4000  [2019-07-25 09:52:07 163] - DBUtil::initialize: db(default) password is not encrypted!
please use password(rsa):
82A8256DACC0B1CAAD8D38AEEB2377C97EBC247EE149B577E407EC02CF5924CECE2F200F932F51C55F89C53E8CC6C42BAB0867C059E82AD4C949CAD6D0F2BC336E910455AF24975A02EB782DBB0AC08A09FAE7B240E21C3BDFB5EC4629E38C341E05E73D3179C6B1FE294B081FAB8C79C452EAB2FEF1C0FE67DA3A4DE657C42A
   DEBUG      dbmgr-1 2082 4000  [2019-07-25 09:52:07 274] - DBInterfaceMysql::attach: connect: localhost:3306 starting...
   DEBUG      dbmgr-1 2082 4000  [2019-07-25 09:52:12 154] - DBInterfaceMysql::attach: successfully! addr: localhost:3306
    INFO      dbmgr-1 2082 4000  [2019-07-25 09:52:12 154] - DBUtil::createInterface[0xcff1c4]: interface=default, dbtype=mysql, ip=localhost, port=3306, currdatabase=kbe, username=kbe, connected=yes.

    INFO      dbmgr-1 2082 4000  [2019-07-25 09:52:12 335] - ThreadPool::createThreadPool: creating  threadpool...
    INFO      dbmgr-1 2082 4000  [2019-07-25 09:52:12 336] - ThreadPool::createThreadPool: successfully(5), newThreadCount=5, normalMaxThreadCount=5, maxThreadCount=5
    INFO      dbmgr-1 2082 4000  [2019-07-25 09:52:13 492] - DBInterfaceMysql::query: successfully!
 WARNING      dbmgr-1 2082 4000  [2019-07-25 09:52:17 347] - d:\kbengine\kbe\src\server\dbmgr\dbmgr.cpp:306: Profile scriptCall took 10.77 seconds
    INFO      dbmgr-1 2082 4000  [2019-07-25 09:52:18 023] - ---- dbmgr is running ----
   DEBUG      dbmgr-1 2082 4000  [2019-07-25 09:52:18 025] - Components::process(): Request for the process of identity...
   DEBUG      dbmgr-1 2082 4000  [2019-07-25 09:52:12 336] - DBInterfaceMysql::attach: connect: localhost:3306 starting...
   DEBUG      dbmgr-1 2082 4000  [2019-07-25 09:52:12 336] - DBInterfaceMysql::attach: connect: localhost:3306 starting...
   DEBUG      dbmgr-1 2082 4000  [2019-07-25 09:52:12 336] - DBInterfaceMysql::attach: connect: localhost:3306 starting...
   DEBUG      dbmgr-1 2082 4000  [2019-07-25 09:52:12 337] - DBInterfaceMysql::attach: connect: localhost:3306 starting...
   DEBUG      dbmgr-1 2082 4000  [2019-07-25 09:52:12 337] - DBInterfaceMysql::attach: connect: localhost:3306 starting...
   DEBUG      dbmgr-1 2082 4000  [2019-07-25 09:52:12 964] - DBInterfaceMysql::attach: successfully! addr: localhost:3306
   DEBUG      dbmgr-1 2082 4000  [2019-07-25 09:52:12 964] - DBThread::onStart(): 0x2bde30!
   DEBUG      dbmgr-1 2082 4000  [2019-07-25 09:52:13 091] - DBInterfaceMysql::attach: successfully! addr: localhost:3306
   DEBUG      dbmgr-1 2082 4000  [2019-07-25 09:52:13 092] - DBThread::onStart(): 0x2bdda8!
   DEBUG      dbmgr-1 2082 4000  [2019-07-25 09:52:13 215] - DBInterfaceMysql::attach: successfully! addr: localhost:3306
   DEBUG      dbmgr-1 2082 4000  [2019-07-25 09:52:13 215] - DBThread::onStart(): 0x2bd9f0!
   DEBUG      dbmgr-1 2082 4000  [2019-07-25 09:52:13 633] - DBInterfaceMysql::attach: successfully! addr: localhost:3306
   DEBUG      dbmgr-1 2082 4000  [2019-07-25 09:52:13 633] - DBThread::onStart(): 0x2bd638!
   DEBUG      dbmgr-1 2082 4000  [2019-07-25 09:52:13 983] - DBInterfaceMysql::attach: successfully! addr: localhost:3306
   DEBUG      dbmgr-1 2082 4000  [2019-07-25 09:52:13 983] - DBThread::onStart(): 0x2bd748!
    INFO      dbmgr-1 2082 4000  [2019-07-25 09:52:14 363] - DBInterfaceMysql::query: successfully!
    INFO      dbmgr-1 2082 4000  [2019-07-25 09:52:14 430] - DBInterfaceMysql::query: successfully!
    INFO      dbmgr-1 2082 4000  [2019-07-25 09:52:14 514] - DBInterfaceMysql::query: successfully!
    INFO      dbmgr-1 2082 4000  [2019-07-25 09:52:14 606] - DBInterfaceMysql::query: successfully!
    INFO      dbmgr-1 2082 4000  [2019-07-25 09:52:14 683] - DBInterfaceMysql::query: successfully!
    INFO      dbmgr-1 2082 4000  [2019-07-25 09:52:14 683] - DBInterfaceMysql::query: successfully!
    INFO      dbmgr-1 2082 4000  [2019-07-25 09:52:14 684] - DBInterfaceMysql::query: successfully!
 WARNING      dbmgr-1 2082 4000  [2019-07-25 09:52:14 838] - DBTask::process(): took 0.90 seconds
sql:(CREATE TABLE IF NOT EXISTS kbe_accountinfos (`accountName` varchar(128) not null, PRIMARY KEY idKey (`accountName`),`password` varchar(255) not null,`bindata` blob,`email` varchar(191) not null, UNIQUE KEY `email` (`email`),`entityDBID` bigint(20) unsigned not null DEFAULT 0, UNIQUE KEY `entityDBID` (`entityDBID`),`flags` int unsigned not null DEFAULT 0,`deadline` bigint(20) not null DEFAULT 0,`regtime` bigint(20) not null DEFAULT 0,`lasttime` bigint(20) not null DEFAULT 0,`numlogin` int unsigned not null DEFAULT 0)ENGINE=InnoDB)
 WARNING      dbmgr-1 2082 4000  [2019-07-25 09:52:14 839] - DBTask::process(): took 1.16 seconds
sql:(delete from kbe_email_verification where logtime<1564015934 and type=3)
 WARNING      dbmgr-1 2082 4000  [2019-07-25 09:52:15 408] - DBTask::process(): took 1.88 seconds
sql:(insert into kbe_serverlog (heartbeatTime, serverGroupID) values(1564019534,2082) ON DUPLICATE KEY UPDATE heartbeatTime=1564019534)
    INFO      dbmgr-1 2082 4000  [2019-07-25 09:52:15 521] - DBInterfaceMysql::query: successfully!
 WARNING      dbmgr-1 2082 4000  [2019-07-25 09:52:15 824] - DBTask::process(): took 2.19 seconds
sql:(select distinct(serverGroupID) from kbe_entitylog)
 WARNING      dbmgr-1 2082 4000  [2019-07-25 09:52:16 360] - DBTask::process(): took 2.38 seconds
sql:(show index from tbl_Friend)
 WARNING      dbmgr-1 2082 4000  [2019-07-25 09:52:16 488] - DBTask::process(): delay 1.35 seconds, try adjusting the kbengine[_defs].xml(numConnections) and MySQL(my.cnf->max_connections or innodb_flush_log_at_trx_commit)!
sql:(show index from tbl_Mail_mailList)
 WARNING      dbmgr-1 2082 4000  [2019-07-25 09:52:16 488] - DBTask::process(): took 1.65 seconds
sql:(show index from tbl_Mail_mailList)
 WARNING      dbmgr-1 2082 4000  [2019-07-25 09:52:16 654] - DBTask::process(): delay 2.33 seconds, try adjusting the kbengine[_defs].xml(numConnections) and MySQL(my.cnf->max_connections or innodb_flush_log_at_trx_commit)!
sql:(show index from tbl_Room)
 WARNING      dbmgr-1 2082 4000  [2019-07-25 09:52:16 655] - DBTask::process(): took 0.83 seconds
sql:(show index from tbl_Room)
 WARNING      dbmgr-1 2082 4000  [2019-07-25 09:52:16 671] - DBTask::process(): delay 1.92 seconds, try adjusting the kbengine[_defs].xml(numConnections) and MySQL(my.cnf->max_connections or innodb_flush_log_at_trx_commit)!
sql:(show index from tbl_Account)
 WARNING      dbmgr-1 2082 4000  [2019-07-25 09:52:16 672] - DBTask::process(): delay 1.35 seconds, try adjusting the kbengine[_defs].xml(numConnections) and MySQL(my.cnf->max_connections or innodb_flush_log_at_trx_commit)!
sql:(show index from tbl_Account_friendList)
 WARNING      dbmgr-1 2082 4000  [2019-07-25 09:52:16 672] - DBTask::process(): took 1.26 seconds
sql:(show index from tbl_Account)
 WARNING      dbmgr-1 2082 4000  [2019-07-25 09:52:16 672] - DBTask::process(): took 1.83 seconds
sql:(show index from tbl_Account_friendList)
 WARNING      dbmgr-1 2082 4000  [2019-07-25 09:52:16 706] - DBTask::process(): delay 2.87 seconds, try adjusting the kbengine[_defs].xml(numConnections) and MySQL(my.cnf->max_connections or innodb_flush_log_at_trx_commit)!
sql:(show index from tbl_Hall)
 WARNING      dbmgr-1 2082 4000  [2019-07-25 09:52:16 706] - DBTask::process(): took 0.34 seconds
sql:(show index from tbl_Hall)
 WARNING      dbmgr-1 2082 4000  [2019-07-25 09:52:17 146] - DBTask::process(): delay 3.00 seconds, try adjusting the kbengine[_defs].xml(numConnections) and MySQL(my.cnf->max_connections or innodb_flush_log_at_trx_commit)!
sql:(show index from tbl_Friend_publicDataList)
 WARNING      dbmgr-1 2082 4000  [2019-07-25 09:52:17 146] - DBTask::process(): took 0.66 seconds
sql:(show index from tbl_Friend_publicDataList)
 WARNING      dbmgr-1 2082 4000  [2019-07-25 09:52:17 259] - DBTask::process(): delay 3.18 seconds, try adjusting the kbengine[_defs].xml(numConnections) and MySQL(my.cnf->max_connections or innodb_flush_log_at_trx_commit)!
sql:(show index from tbl_Mail)
 WARNING      dbmgr-1 2082 4000  [2019-07-25 09:52:17 259] - DBTask::process(): took 0.59 seconds
sql:(show index from tbl_Mail)
 WARNING      dbmgr-1 2082 4000  [2019-07-25 09:52:17 313] - DBTask::process(): delay 3.16 seconds, try adjusting the kbengine[_defs].xml(numConnections) and MySQL(my.cnf->max_connections or innodb_flush_log_at_trx_commit)!
sql:(show index from tbl_Friend_synchroFriendList)
 WARNING      dbmgr-1 2082 4000  [2019-07-25 09:52:17 313] - DBTask::process(): took 0.66 seconds
sql:(show index from tbl_Friend_synchroFriendList)
    INFO      dbmgr-1 2082 4000  [2019-07-25 09:52:24 266] - ServerApp::onRegisterNewApp: uid:2082, username:error_name, componentType:interfaces, componentID:3000, globalorderID=-1, grouporderID=-1, intaddr:192.168.56.1, intport:30099, extaddr:nonsupport, extport:0,  from 127.0.0.1:30099/0/0/0.
    INFO      dbmgr-1 2082 4000  [2019-07-25 09:52:24 266] - Components::addComponent: reset orderLog, uid=2082!
    INFO      dbmgr-1 2082 4000  [2019-07-25 09:52:24 266] - Components::addComponent[interfaces], uid=2082, componentID=3000, globalorderid=1, grouporderid=1, totalcount=1
 WARNING      dbmgr-1 2082 4000  [2019-07-25 09:52:24 270] - TCPPacketReceiver::processPendingEvents(192.168.56.1:57122): Throwing REASON_GENERAL_NETWORK - WSAECONNABORTED
    INFO      dbmgr-1 2082 4000  [2019-07-25 09:52:24 270] - ServerApp::onRegisterNewApp: uid:2082, username:error_name, componentType:loginapp, componentID:9000, globalorderID=-1, grouporderID=-1, intaddr:192.168.56.1, intport:57095, extaddr:192.168.56.1, extport:20013,  from 192.168.56.1:57130/0/0/0.
    INFO      dbmgr-1 2082 4000  [2019-07-25 09:52:24 270] - Components::addComponent: reset orderLog, uid=2082!
    INFO      dbmgr-1 2082 4000  [2019-07-25 09:52:24 271] - Components::addComponent[loginapp], uid=2082, componentID=9000, globalorderid=1, grouporderid=1, totalcount=1
    INFO      dbmgr-1 2082 4000  [2019-07-25 09:52:24 271] - ServerApp::onRegisterNewApp: uid:2082, username:error_name, componentType:cellappmgr, componentID:6000, globalorderID=-1, grouporderID=-1, intaddr:192.168.56.1, intport:57089, extaddr:nonsupport, extport:0,  from 192.168.56.1:57132/0/0/0.
    INFO      dbmgr-1 2082 4000  [2019-07-25 09:52:24 271] - Components::addComponent[cellappmgr], uid=2082, componentID=6000, globalorderid=2, grouporderid=1, totalcount=1
    INFO      dbmgr-1 2082 4000  [2019-07-25 09:52:24 272] - ServerApp::onRegisterNewApp: uid:2082, username:error_name, componentType:baseappmgr, componentID:5000, globalorderID=-1, grouporderID=-1, intaddr:192.168.56.1, intport:57087, extaddr:nonsupport, extport:0,  from 192.168.56.1:57134/0/0/0.
    INFO      dbmgr-1 2082 4000  [2019-07-25 09:52:24 272] - Components::addComponent[baseappmgr], uid=2082, componentID=5000, globalorderid=3, grouporderid=1, totalcount=1
    INFO      dbmgr-1 2082 4000  [2019-07-25 09:52:24 967] - ServerApp::onRegisterNewApp: uid:2082, username:error_name, componentType:baseapp, componentID:7001, globalorderID=-1, grouporderID=-1, intaddr:192.168.56.1, intport:57092, extaddr:192.168.56.1, extport:20015,  from 192.168.56.1:57136/0/0/0.
    INFO      dbmgr-1 2082 4000  [2019-07-25 09:52:24 967] - Components::addComponent[baseapp], uid=2082, componentID=7001, globalorderid=4, grouporderid=1, totalcount=1
    INFO      dbmgr-1 2082 4000  [2019-07-25 09:52:25 021] - ServerApp::onRegisterNewApp: uid:2082, username:error_name, componentType:cellapp, componentID:8001, globalorderID=-1, grouporderID=-1, intaddr:192.168.56.1, intport:57094, extaddr:nonsupport, extport:0,  from 192.168.56.1:57138/0/0/0.
    INFO      dbmgr-1 2082 4000  [2019-07-25 09:52:25 021] - Components::addComponent[cellapp], uid=2082, componentID=8001, globalorderid=5, grouporderid=1, totalcount=1
    INFO      dbmgr-1 2082 4000  [2019-07-25 09:52:25 276] - Components::findComponents: find logger(1)...
    INFO      dbmgr-1 2082 4000  [2019-07-25 09:52:25 338] - Components::findComponents: found logger, addr:192.168.56.1:57091
    INFO      dbmgr-1 2082 4000  [2019-07-25 09:52:25 338] - Components::addComponent[logger], uid=2082, componentID=2000, globalorderid=6, grouporderid=1, totalcount=1
    INFO      dbmgr-1 2082 4000  [2019-07-25 09:52:25 376] - Components::process(): Found all the components!
    INFO      dbmgr-1 2082 4000  [2019-07-25 09:52:28 053] - IDServer::allocRange: 1-2001.
    INFO      dbmgr-1 2082 4000  [2019-07-25 09:52:28 053] - IDServer::allocRange: 2001-4001.
   DEBUG      dbmgr-1 2082 4000  [2019-07-25 09:52:28 053] - SyncAppDatasHandler::~SyncAppDatasHandler()
   DEBUG      dbmgr-1 2082 4000  [2019-07-25 09:52:30 176] - Dbmgr::DBTaskEntityAutoLoad: Friend, size(1).
   DEBUG      dbmgr-1 2082 4000  [2019-07-25 09:52:30 215] - Dbmgr::DBTaskEntityAutoLoad: Mail, size(1).
    INFO      dbmgr-1 2082 4000  [2019-07-25 09:52:30 400] - GlobalDataServer::broadcastDataChanged: writer(baseapp, addr=192.168.56.1:57136/0/0/0), keySize=10, valSize=45, isDelete=0
 WARNING      dbmgr-1 2082 4000  [2019-07-25 09:52:30 518] - DBTransaction::commit(): took 0.27 seconds
    INFO      dbmgr-1 2082 4000  [2019-07-25 09:52:30 518] - Buffered_DBTasks::onFiniTask: Playing buffered task for entityID=2, dbid=1, dbid_tasks_size=1, entityid_tasks_size=0.
   DEBUG      dbmgr-1 2082 4000  [2019-07-25 09:52:30 536] - Dbmgr::DBTaskQueryEntity: Friend, dbid=1, entityID=1, wasActive=false, queryMode=1, componentID=7001, success=true.
    INFO      dbmgr-1 2082 4000  [2019-07-25 09:52:30 546] - GlobalDataServer::broadcastDataChanged: writer(baseapp, addr=192.168.56.1:57136/0/0/0), keySize=12, valSize=45, isDelete=0
   DEBUG      dbmgr-1 2082 4000  [2019-07-25 09:52:30 615] - Dbmgr::DBTaskQueryEntity: Mail, dbid=1, entityID=2, wasActive=false, queryMode=1, componentID=7001, success=true.
    INFO      dbmgr-1 2082 4000  [2019-07-25 09:52:30 617] - GlobalDataServer::broadcastDataChanged: writer(baseapp, addr=192.168.56.1:57136/0/0/0), keySize=10, valSize=45, isDelete=0
   DEBUG      dbmgr-1 2082 4000  [2019-07-25 09:52:41 834] - Dbmgr::onAccountLogin:loginName=111, accountName=111, success=0, componentID=0, entityID=0, dbid=1, flags=0, deadline=0.
   DEBUG      dbmgr-1 2082 4000  [2019-07-25 09:52:42 355] - Dbmgr::queryAccount: 111, success=true, flags=0, deadline=0.
   DEBUG      dbmgr-1 2082 4000  [2019-07-25 09:52:45 655] - Dbmgr::writeEntity: Friend(1).
   DEBUG      dbmgr-1 2082 4000  [2019-07-25 09:52:45 655] - Dbmgr::writeEntity: Mail(1).
    INFO      dbmgr-1 2082 4000  [2019-07-25 09:52:45 649] - Buffered_DBTasks::onFiniTask: Playing buffered task for entityID=2, dbid=1, dbid_tasks_size=1, entityid_tasks_size=0.
   DEBUG      dbmgr-1 2082 4000  [2019-07-25 09:53:00 474] - Dbmgr::writeEntity: Friend(1).
   DEBUG      dbmgr-1 2082 4000  [2019-07-25 09:53:00 573] - Dbmgr::writeEntity: Mail(1).
   DEBUG      dbmgr-1 2082 4000  [2019-07-25 09:53:15 472] - Dbmgr::writeEntity: Friend(1).
   DEBUG      dbmgr-1 2082 4000  [2019-07-25 09:53:15 572] - Dbmgr::writeEntity: Mail(1).
   DEBUG      dbmgr-1 2082 4000  [2019-07-25 09:53:30 471] - Dbmgr::writeEntity: Friend(1).
   DEBUG      dbmgr-1 2082 4000  [2019-07-25 09:53:30 571] - Dbmgr::writeEntity: Mail(1).
   DEBUG      dbmgr-1 2082 4000  [2019-07-25 09:53:45 470] - Dbmgr::writeEntity: Friend(1).
   DEBUG      dbmgr-1 2082 4000  [2019-07-25 09:53:45 571] - Dbmgr::writeEntity: Mail(1).
   DEBUG      dbmgr-1 2082 4000  [2019-07-25 09:54:00 529] - Dbmgr::writeEntity: Friend(1).
   DEBUG      dbmgr-1 2082 4000  [2019-07-25 09:54:00 569] - Dbmgr::writeEntity: Mail(1).
   DEBUG      dbmgr-1 2082 4000  [2019-07-25 09:54:15 588] - Dbmgr::writeEntity: Friend(1).
   DEBUG      dbmgr-1 2082 4000  [2019-07-25 09:54:15 588] - Dbmgr::writeEntity: Mail(1).
    INFO      dbmgr-1 2082 4000  [2019-07-25 09:54:15 584] - Buffered_DBTasks::onFiniTask: Playing buffered task for entityID=2, dbid=1, dbid_tasks_size=1, entityid_tasks_size=0.
   DEBUG      dbmgr-1 2082 4000  [2019-07-25 09:54:30 467] - Dbmgr::writeEntity: Friend(1).
   DEBUG      dbmgr-1 2082 4000  [2019-07-25 09:54:30 568] - Dbmgr::writeEntity: Mail(1).
   DEBUG      dbmgr-1 2082 4000  [2019-07-25 09:54:45 466] - Dbmgr::writeEntity: Friend(1).
   DEBUG      dbmgr-1 2082 4000  [2019-07-25 09:54:45 566] - Dbmgr::writeEntity: Mail(1).
   DEBUG      dbmgr-1 2082 4000  [2019-07-25 09:55:00 465] - Dbmgr::writeEntity: Friend(1).
   DEBUG      dbmgr-1 2082 4000  [2019-07-25 09:55:00 565] - Dbmgr::writeEntity: Mail(1).
   DEBUG      dbmgr-1 2082 4000  [2019-07-25 09:55:15 464] - Dbmgr::writeEntity: Friend(1).
   DEBUG      dbmgr-1 2082 4000  [2019-07-25 09:55:15 564] - Dbmgr::writeEntity: Mail(1).
   DEBUG      dbmgr-1 2082 4000  [2019-07-25 09:55:30 464] - Dbmgr::writeEntity: Friend(1).
   DEBUG      dbmgr-1 2082 4000  [2019-07-25 09:55:30 563] - Dbmgr::writeEntity: Mail(1).
   DEBUG      dbmgr-1 2082 4000  [2019-07-25 09:55:45 462] - Dbmgr::writeEntity: Friend(1).
   DEBUG      dbmgr-1 2082 4000  [2019-07-25 09:55:45 563] - Dbmgr::writeEntity: Mail(1).
   DEBUG      dbmgr-1 2082 4000  [2019-07-25 09:56:00 462] - Dbmgr::writeEntity: Friend(1).
   DEBUG      dbmgr-1 2082 4000  [2019-07-25 09:56:00 561] - Dbmgr::writeEntity: Mail(1).
   DEBUG      dbmgr-1 2082 4000  [2019-07-25 09:56:15 461] - Dbmgr::writeEntity: Friend(1).
   DEBUG      dbmgr-1 2082 4000  [2019-07-25 09:56:15 561] - Dbmgr::writeEntity: Mail(1).
   DEBUG      dbmgr-1 2082 4000  [2019-07-25 09:56:30 460] - Dbmgr::writeEntity: Friend(1).
   DEBUG      dbmgr-1 2082 4000  [2019-07-25 09:56:30 560] - Dbmgr::writeEntity: Mail(1).
   DEBUG      dbmgr-1 2082 4000  [2019-07-25 09:56:45 458] - Dbmgr::writeEntity: Friend(1).
   DEBUG      dbmgr-1 2082 4000  [2019-07-25 09:56:45 558] - Dbmgr::writeEntity: Mail(1).
   DEBUG      dbmgr-1 2082 4000  [2019-07-25 09:57:00 477] - Dbmgr::writeEntity: Friend(1).
   DEBUG      dbmgr-1 2082 4000  [2019-07-25 09:57:00 558] - Dbmgr::writeEntity: Mail(1).
   DEBUG      dbmgr-1 2082 4000  [2019-07-25 09:57:15 476] - Dbmgr::writeEntity: Friend(1).
   DEBUG      dbmgr-1 2082 4000  [2019-07-25 09:57:15 557] - Dbmgr::writeEntity: Mail(1).
   DEBUG      dbmgr-1 2082 4000  [2019-07-25 09:57:30 475] - Dbmgr::writeEntity: Friend(1).
   DEBUG      dbmgr-1 2082 4000  [2019-07-25 09:57:30 556] - Dbmgr::writeEntity: Mail(1).
   DEBUG      dbmgr-1 2082 4000  [2019-07-25 09:57:45 474] - Dbmgr::writeEntity: Friend(1).
   DEBUG      dbmgr-1 2082 4000  [2019-07-25 09:57:45 495] - Dbmgr::onAccountLogin:loginName=222, accountName=222, success=0, componentID=0, entityID=0, dbid=2, flags=0, deadline=0.
   DEBUG      dbmgr-1 2082 4000  [2019-07-25 09:57:45 575] - Dbmgr::writeEntity: Mail(1).
   DEBUG      dbmgr-1 2082 4000  [2019-07-25 09:57:45 815] - Dbmgr::queryAccount: 222, success=true, flags=0, deadline=0.
   DEBUG      dbmgr-1 2082 4000  [2019-07-25 09:58:00 673] - Dbmgr::writeEntity: Friend(1).
   DEBUG      dbmgr-1 2082 4000  [2019-07-25 09:58:00 674] - Dbmgr::writeEntity: Mail(1).
    INFO      dbmgr-1 2082 4000  [2019-07-25 09:58:00 654] - Buffered_DBTasks::onFiniTask: Playing buffered task for entityID=2, dbid=1, dbid_tasks_size=1, entityid_tasks_size=0.
   DEBUG      dbmgr-1 2082 4000  [2019-07-25 09:58:15 473] - Dbmgr::writeEntity: Friend(1).
   DEBUG      dbmgr-1 2082 4000  [2019-07-25 09:58:15 573] - Dbmgr::writeEntity: Mail(1).
   DEBUG      dbmgr-1 2082 4000  [2019-07-25 09:58:30 471] - Dbmgr::writeEntity: Friend(1).
   DEBUG      dbmgr-1 2082 4000  [2019-07-25 09:58:30 571] - Dbmgr::writeEntity: Mail(1).
   DEBUG      dbmgr-1 2082 4000  [2019-07-25 09:58:32 751] - Dbmgr::onAccountLogin:loginName=222, accountName=222, success=10, componentID=7001, entityID=5, dbid=2, flags=0, deadline=0.
   DEBUG      dbmgr-1 2082 4000  [2019-07-25 09:58:45 471] - Dbmgr::writeEntity: Friend(1).
   DEBUG      dbmgr-1 2082 4000  [2019-07-25 09:58:45 571] - Dbmgr::writeEntity: Mail(1).
   DEBUG      dbmgr-1 2082 4000  [2019-07-25 09:58:47 290] - Dbmgr::onAccountLogin:loginName=333, accountName=333, success=0, componentID=0, entityID=0, dbid=3, flags=0, deadline=0.
   DEBUG      dbmgr-1 2082 4000  [2019-07-25 09:58:47 450] - Dbmgr::queryAccount: 333, success=true, flags=0, deadline=0.
   DEBUG      dbmgr-1 2082 4000  [2019-07-25 09:58:47 470] - Dbmgr::writeEntity: Mail(1).
   DEBUG      dbmgr-1 2082 4000  [2019-07-25 09:59:00 590] - Dbmgr::writeEntity: Friend(1).
   DEBUG      dbmgr-1 2082 4000  [2019-07-25 09:59:00 590] - Dbmgr::writeEntity: Mail(1).
    INFO      dbmgr-1 2082 4000  [2019-07-25 09:59:00 575] - Buffered_DBTasks::onFiniTask: Playing buffered task for entityID=2, dbid=1, dbid_tasks_size=1, entityid_tasks_size=0.
   DEBUG      dbmgr-1 2082 4000  [2019-07-25 09:59:06 909] - Dbmgr::onAccountLogin:loginName=111, accountName=111, success=10, componentID=7001, entityID=4, dbid=1, flags=0, deadline=0.
    INFO      dbmgr-1 2082 4000  [2019-07-25 09:59:13 154] - GlobalDataServer::broadcastDataChanged: writer(cellapp, addr=192.168.56.1:57138/0/0/0), keySize=12, valSize=45, isDelete=0
   DEBUG      dbmgr-1 2082 4000  [2019-07-25 09:59:15 629] - Dbmgr::writeEntity: Friend(1).
   DEBUG      dbmgr-1 2082 4000  [2019-07-25 09:59:15 629] - Dbmgr::writeEntity: Mail(1).
    INFO      dbmgr-1 2082 4000  [2019-07-25 09:59:15 623] - Buffered_DBTasks::onFiniTask: Playing buffered task for entityID=2, dbid=1, dbid_tasks_size=1, entityid_tasks_size=0.
   DEBUG      dbmgr-1 2082 4000  [2019-07-25 09:59:30 467] - Dbmgr::writeEntity: Friend(1).
   DEBUG      dbmgr-1 2082 4000  [2019-07-25 09:59:30 568] - Dbmgr::writeEntity: Mail(1).
   DEBUG      dbmgr-1 2082 4000  [2019-07-25 09:59:45 466] - Dbmgr::writeEntity: Friend(1).
   DEBUG      dbmgr-1 2082 4000  [2019-07-25 09:59:45 566] - Dbmgr::writeEntity: Mail(1).
   DEBUG      dbmgr-1 2082 4000  [2019-07-25 10:00:00 465] - Dbmgr::writeEntity: Friend(1).
   DEBUG      dbmgr-1 2082 4000  [2019-07-25 10:00:00 565] - Dbmgr::writeEntity: Mail(1).
   DEBUG      dbmgr-1 2082 4000  [2019-07-25 10:00:15 465] - Dbmgr::writeEntity: Friend(1).
   DEBUG      dbmgr-1 2082 4000  [2019-07-25 10:00:15 565] - Dbmgr::writeEntity: Mail(1).
   DEBUG      dbmgr-1 2082 4000  [2019-07-25 10:00:27 463] - Dbmgr::writeEntity: Account(1).
   DEBUG      dbmgr-1 2082 4000  [2019-07-25 10:00:30 463] - Dbmgr::writeEntity: Friend(1).
   DEBUG      dbmgr-1 2082 4000  [2019-07-25 10:00:30 563] - Dbmgr::writeEntity: Mail(1).
   DEBUG      dbmgr-1 2082 4000  [2019-07-25 10:00:45 462] - Dbmgr::writeEntity: Friend(1).
   DEBUG      dbmgr-1 2082 4000  [2019-07-25 10:00:45 563] - Dbmgr::writeEntity: Mail(1).
   DEBUG      dbmgr-1 2082 4000  [2019-07-25 10:01:00 462] - Dbmgr::writeEntity: Friend(1).
   DEBUG      dbmgr-1 2082 4000  [2019-07-25 10:01:00 561] - Dbmgr::writeEntity: Mail(1).
   DEBUG      dbmgr-1 2082 4000  [2019-07-25 10:01:15 461] - Dbmgr::writeEntity: Friend(1).
   DEBUG      dbmgr-1 2082 4000  [2019-07-25 10:01:15 561] - Dbmgr::writeEntity: Mail(1).
   DEBUG      dbmgr-1 2082 4000  [2019-07-25 10:01:30 459] - Dbmgr::writeEntity: Friend(1).
   DEBUG      dbmgr-1 2082 4000  [2019-07-25 10:01:30 559] - Dbmgr::writeEntity: Mail(1).
   DEBUG      dbmgr-1 2082 4000  [2019-07-25 10:01:45 458] - Dbmgr::writeEntity: Friend(1).
   DEBUG      dbmgr-1 2082 4000  [2019-07-25 10:01:45 559] - Dbmgr::writeEntity: Mail(1).
    INFO      dbmgr-1 2082 4000  [2019-07-25 10:03:53 332] - -----------------------------------------------------------------------------------------


    INFO      dbmgr-1 2082 4000  [2019-07-25 10:03:53 333] - Resmgr::initialize: KBE_ROOT=D:/kbengine/
    INFO      dbmgr-1 2082 4000  [2019-07-25 10:03:53 333] - Resmgr::initialize: KBE_RES_PATH=D:/kbengine/kbe/res/;D:/kbengine/HappyPoker_assets/;D:/kbengine/HappyPoker_assets/scripts/;D:/kbengine/HappyPoker_assets/res/
    INFO      dbmgr-1 2082 4000  [2019-07-25 10:03:53 333] - Resmgr::initialize: KBE_BIN_PATH=D:/kbengine/kbe/bin/server/
    INFO      dbmgr-1 2082 4000  [2019-07-25 10:03:53 406] - NetworkInterface::initialize(INTERNAL-TCP): bound to all interfaces with default route interface on 192.168.56.1 ( 192.168.56.1:57232 )
    INFO      dbmgr-1 2082 4000  [2019-07-25 10:03:53 407] - NetworkInterface::initialize(INTERNAL-TCP): address 192.168.56.1:57232, SOMAXCONN=5.
    INFO      dbmgr-1 2082 4000  [2019-07-25 10:03:53 407] - server-configs:
    INFO      dbmgr-1 2082 4000  [2019-07-25 10:03:53 407] - 	internalTcpAddr : 192.168.56.1:57232
    INFO      dbmgr-1 2082 4000  [2019-07-25 10:03:53 407] - 	componentID : 4000
 WARNING      dbmgr-1 2082 4000  [2019-07-25 10:03:53 424] - invalid UID(0) <= 0, please check UID for environment! automatically set to 2082.
 WARNING      dbmgr-1 2082 4000  [2019-07-25 10:03:53 770] - BundleBroadcast::BundleBroadcast: Cannot bind to port 20227, errorno=10048
    INFO      dbmgr-1 2082 4000  [2019-07-25 10:03:53 774] - ---- dbmgr Version: 2.4.5. ScriptVersion: 0.1.0. Pythoncore: 3.7.3. Protocol: 11178A1C367680938C8E416B64844ACD. Config: Debug X86. Built: 09:55:16 May  8 2019. AppID: 4000. UID: 2082. PID: 12880 ----
    INFO      dbmgr-1 2082 4000  [2019-07-25 10:03:53 774] - Server error_name: Intel(R) Core(TM) i5-6300HQ CPU @ 2.30GHz with 2097151kB RAM
    INFO      dbmgr-1 2082 4000  [2019-07-25 10:03:53 775] - ThreadPool::createThreadPool: creating  threadpool...
    INFO      dbmgr-1 2082 4000  [2019-07-25 10:03:53 775] - ThreadPool::createThreadPool: successfully(2), newThreadCount=1, normalMaxThreadCount=2, maxThreadCount=8
    INFO      dbmgr-1 2082 4000  [2019-07-25 10:03:53 983] - Script::install(): is successfully, Python=(3.7.3 (default, May  8 2019, 09:53:38) [MSC v.1916 32 bit (Intel)])!
    INFO      dbmgr-1 2082 4000  [2019-07-25 10:03:53 983] - Script::install(): KBExtra is successfully!
    INFO      dbmgr-1 2082 4000  [2019-07-25 10:03:54 184] - Dbmgr::initializeEnd: digest(B91EBE6B591F8BEB2E04FAF8BE8B7B2F)
  S_INFO      dbmgr-1 2082 4000  [2019-07-25 10:03:54 185] - onDBMgrReady: bootstrapGroupIndex=0, bootstrapGlobalIndex=0
    INFO      dbmgr-1 2082 4000  [2019-07-25 10:03:54 185] - TelnetServer server is running on port 32000
    INFO      dbmgr-1 2082 4000  [2019-07-25 10:03:54 187] - Dbmgr::initInterfacesHandler: interfaces addr(127.0.0.1:30099), accountType:(interfaces), chargeType:(interfaces).
 WARNING      dbmgr-1 2082 4000  [2019-07-25 10:03:54 519] - DBUtil::initialize: db(default) password is not encrypted!
please use password(rsa):
5F81B4385BB6BDC1858456F49D05E6E7BB99B152F36B9183FF2A22FE8FA1CB6697C1FCD0C42D154EF688BA36701489060D7553459C94E61EB3CC361AD071B3B2564747E389EC4EDA061030E47715D8E04B677FC934B4166BC13133D271D7313421206F37013948EFDB58E604BA7CC7A5D0D04919F6A1BD2C37F90ACD9688BED6
   DEBUG      dbmgr-1 2082 4000  [2019-07-25 10:03:54 523] - DBInterfaceMysql::attach: connect: localhost:3306 starting...
   DEBUG      dbmgr-1 2082 4000  [2019-07-25 10:03:54 696] - DBInterfaceMysql::attach: successfully! addr: localhost:3306
    INFO      dbmgr-1 2082 4000  [2019-07-25 10:03:54 696] - DBUtil::createInterface[0x10af2b8]: interface=default, dbtype=mysql, ip=localhost, port=3306, currdatabase=kbe, username=kbe, connected=yes.

    INFO      dbmgr-1 2082 4000  [2019-07-25 10:03:54 696] - ThreadPool::createThreadPool: creating  threadpool...
    INFO      dbmgr-1 2082 4000  [2019-07-25 10:03:54 697] - ThreadPool::createThreadPool: successfully(5), newThreadCount=5, normalMaxThreadCount=5, maxThreadCount=5
    INFO      dbmgr-1 2082 4000  [2019-07-25 10:03:55 498] - DBInterfaceMysql::query: successfully!
 WARNING      dbmgr-1 2082 4000  [2019-07-25 10:03:56 853] - d:\kbengine\kbe\src\server\dbmgr\dbmgr.cpp:306: Profile scriptCall took 2.67 seconds
    INFO      dbmgr-1 2082 4000  [2019-07-25 10:03:57 259] - ---- dbmgr is running ----
   DEBUG      dbmgr-1 2082 4000  [2019-07-25 10:03:57 260] - Components::process(): Request for the process of identity...
   DEBUG      dbmgr-1 2082 4000  [2019-07-25 10:03:54 697] - DBInterfaceMysql::attach: connect: localhost:3306 starting...
   DEBUG      dbmgr-1 2082 4000  [2019-07-25 10:03:54 697] - DBInterfaceMysql::attach: connect: localhost:3306 starting...
   DEBUG      dbmgr-1 2082 4000  [2019-07-25 10:03:54 698] - DBInterfaceMysql::attach: connect: localhost:3306 starting...
   DEBUG      dbmgr-1 2082 4000  [2019-07-25 10:03:54 701] - DBInterfaceMysql::attach: connect: localhost:3306 starting...
   DEBUG      dbmgr-1 2082 4000  [2019-07-25 10:03:54 715] - DBInterfaceMysql::attach: connect: localhost:3306 starting...
   DEBUG      dbmgr-1 2082 4000  [2019-07-25 10:03:54 902] - DBInterfaceMysql::attach: successfully! addr: localhost:3306
   DEBUG      dbmgr-1 2082 4000  [2019-07-25 10:03:54 902] - DBThread::onStart(): 0x202180!
   DEBUG      dbmgr-1 2082 4000  [2019-07-25 10:03:54 993] - DBInterfaceMysql::attach: successfully! addr: localhost:3306
   DEBUG      dbmgr-1 2082 4000  [2019-07-25 10:03:54 993] - DBThread::onStart(): 0x202db8!
   DEBUG      dbmgr-1 2082 4000  [2019-07-25 10:03:55 079] - DBInterfaceMysql::attach: successfully! addr: localhost:3306
   DEBUG      dbmgr-1 2082 4000  [2019-07-25 10:03:55 079] - DBThread::onStart(): 0x202538!
   DEBUG      dbmgr-1 2082 4000  [2019-07-25 10:03:55 286] - DBInterfaceMysql::attach: successfully! addr: localhost:3306
   DEBUG      dbmgr-1 2082 4000  [2019-07-25 10:03:55 286] - DBThread::onStart(): 0x202208!
   DEBUG      dbmgr-1 2082 4000  [2019-07-25 10:03:55 470] - DBInterfaceMysql::attach: successfully! addr: localhost:3306
   DEBUG      dbmgr-1 2082 4000  [2019-07-25 10:03:55 470] - DBThread::onStart(): 0x202d30!
    INFO      dbmgr-1 2082 4000  [2019-07-25 10:03:55 626] - DBInterfaceMysql::query: successfully!
    INFO      dbmgr-1 2082 4000  [2019-07-25 10:03:55 627] - DBInterfaceMysql::query: successfully!
    INFO      dbmgr-1 2082 4000  [2019-07-25 10:03:55 627] - DBInterfaceMysql::query: successfully!
    INFO      dbmgr-1 2082 4000  [2019-07-25 10:03:55 627] - DBInterfaceMysql::query: successfully!
    INFO      dbmgr-1 2082 4000  [2019-07-25 10:03:55 719] - DBInterfaceMysql::query: successfully!
    INFO      dbmgr-1 2082 4000  [2019-07-25 10:03:55 720] - DBInterfaceMysql::query: successfully!
    INFO      dbmgr-1 2082 4000  [2019-07-25 10:03:55 720] - DBInterfaceMysql::query: successfully!
 WARNING      dbmgr-1 2082 4000  [2019-07-25 10:03:55 720] - DBTask::process(): took 0.22 seconds
sql:(CREATE TABLE IF NOT EXISTS kbe_accountinfos (`accountName` varchar(128) not null, PRIMARY KEY idKey (`accountName`),`password` varchar(255) not null,`bindata` blob,`email` varchar(191) not null, UNIQUE KEY `email` (`email`),`entityDBID` bigint(20) unsigned not null DEFAULT 0, UNIQUE KEY `entityDBID` (`entityDBID`),`flags` int unsigned not null DEFAULT 0,`deadline` bigint(20) not null DEFAULT 0,`regtime` bigint(20) not null DEFAULT 0,`lasttime` bigint(20) not null DEFAULT 0,`numlogin` int unsigned not null DEFAULT 0)ENGINE=InnoDB)
 WARNING      dbmgr-1 2082 4000  [2019-07-25 10:03:55 750] - DBTask::process(): took 0.22 seconds
sql:(show index from tbl_Friend)
 WARNING      dbmgr-1 2082 4000  [2019-07-25 10:03:55 991] - DBTask::process(): took 0.49 seconds
sql:(insert into kbe_serverlog (heartbeatTime, serverGroupID) values(1564020235,2082) ON DUPLICATE KEY UPDATE heartbeatTime=1564020235)
    INFO      dbmgr-1 2082 4000  [2019-07-25 10:03:56 035] - DBInterfaceMysql::query: successfully!
 WARNING      dbmgr-1 2082 4000  [2019-07-25 10:03:56 036] - DBTask::process(): took 0.54 seconds
sql:(select distinct(serverGroupID) from kbe_entitylog)
 WARNING      dbmgr-1 2082 4000  [2019-07-25 10:03:56 038] - DBTask::process(): took 0.25 seconds
sql:(show index from tbl_Room)
 WARNING      dbmgr-1 2082 4000  [2019-07-25 10:03:56 038] - DBTask::process(): took 0.29 seconds
sql:(show index from tbl_Mail_mailList)
 WARNING      dbmgr-1 2082 4000  [2019-07-25 10:03:56 039] - DBTask::process(): took 0.28 seconds
sql:(show index from tbl_Account)
 WARNING      dbmgr-1 2082 4000  [2019-07-25 10:03:56 636] - DBTask::process(): took 0.60 seconds
sql:(show index from tbl_Friend_publicDataList)
 WARNING      dbmgr-1 2082 4000  [2019-07-25 10:03:56 644] - DBTask::process(): took 0.61 seconds
sql:(show index from tbl_Friend_synchroFriendList)
 WARNING      dbmgr-1 2082 4000  [2019-07-25 10:03:56 649] - DBTask::process(): took 0.61 seconds
sql:(show index from tbl_Mail)
 WARNING      dbmgr-1 2082 4000  [2019-07-25 10:03:56 650] - DBTask::process(): took 0.66 seconds
sql:(show index from tbl_Hall)
    INFO      dbmgr-1 2082 4000  [2019-07-25 10:04:03 405] - ServerApp::onRegisterNewApp: uid:2082, username:error_name, componentType:interfaces, componentID:3000, globalorderID=-1, grouporderID=-1, intaddr:192.168.56.1, intport:30099, extaddr:nonsupport, extport:0,  from 127.0.0.1:30099/0/0/0.
    INFO      dbmgr-1 2082 4000  [2019-07-25 10:04:03 405] - Components::addComponent: reset orderLog, uid=2082!
    INFO      dbmgr-1 2082 4000  [2019-07-25 10:04:03 405] - Components::addComponent[interfaces], uid=2082, componentID=3000, globalorderid=1, grouporderid=1, totalcount=1
    INFO      dbmgr-1 2082 4000  [2019-07-25 10:04:04 424] - Components::findComponents: find logger(1)...
    INFO      dbmgr-1 2082 4000  [2019-07-25 10:04:04 529] - Components::findComponents: found logger, addr:192.168.56.1:57230
    INFO      dbmgr-1 2082 4000  [2019-07-25 10:04:04 529] - Components::addComponent: reset orderLog, uid=2082!
    INFO      dbmgr-1 2082 4000  [2019-07-25 10:04:04 529] - Components::addComponent[logger], uid=2082, componentID=2000, globalorderid=1, grouporderid=1, totalcount=1
    INFO      dbmgr-1 2082 4000  [2019-07-25 10:04:04 555] - Components::process(): Found all the components!
    INFO      dbmgr-1 2082 4000  [2019-07-25 10:04:06 875] - ServerApp::onRegisterNewApp: uid:2082, username:error_name, componentType:baseappmgr, componentID:5000, globalorderID=-1, grouporderID=-1, intaddr:192.168.56.1, intport:57233, extaddr:nonsupport, extport:0,  from 192.168.56.1:57251/0/0/0.
    INFO      dbmgr-1 2082 4000  [2019-07-25 10:04:06 875] - Components::addComponent: reset orderLog, uid=2082!
    INFO      dbmgr-1 2082 4000  [2019-07-25 10:04:06 875] - Components::addComponent[baseappmgr], uid=2082, componentID=5000, globalorderid=1, grouporderid=1, totalcount=1
    INFO      dbmgr-1 2082 4000  [2019-07-25 10:04:07 089] - ServerApp::onRegisterNewApp: uid:2082, username:error_name, componentType:cellappmgr, componentID:6000, globalorderID=-1, grouporderID=-1, intaddr:192.168.56.1, intport:57231, extaddr:nonsupport, extport:0,  from 192.168.56.1:57253/0/0/0.
    INFO      dbmgr-1 2082 4000  [2019-07-25 10:04:07 089] - Components::addComponent[cellappmgr], uid=2082, componentID=6000, globalorderid=2, grouporderid=1, totalcount=1
    INFO      dbmgr-1 2082 4000  [2019-07-25 10:04:07 867] - ServerApp::onRegisterNewApp: uid:2082, username:error_name, componentType:loginapp, componentID:9000, globalorderID=-1, grouporderID=-1, intaddr:192.168.56.1, intport:57243, extaddr:192.168.56.1, extport:20013,  from 192.168.56.1:57255/0/0/0.
    INFO      dbmgr-1 2082 4000  [2019-07-25 10:04:07 867] - Components::addComponent[loginapp], uid=2082, componentID=9000, globalorderid=3, grouporderid=1, totalcount=1
    INFO      dbmgr-1 2082 4000  [2019-07-25 10:04:09 525] - ServerApp::onRegisterNewApp: uid:2082, username:error_name, componentType:cellapp, componentID:8001, globalorderID=-1, grouporderID=-1, intaddr:192.168.56.1, intport:57235, extaddr:nonsupport, extport:0,  from 192.168.56.1:57257/0/0/0.
    INFO      dbmgr-1 2082 4000  [2019-07-25 10:04:09 525] - Components::addComponent[cellapp], uid=2082, componentID=8001, globalorderid=4, grouporderid=1, totalcount=1
    INFO      dbmgr-1 2082 4000  [2019-07-25 10:04:10 365] - ServerApp::onRegisterNewApp: uid:2082, username:error_name, componentType:baseapp, componentID:7001, globalorderID=-1, grouporderID=-1, intaddr:192.168.56.1, intport:57244, extaddr:192.168.56.1, extport:20015,  from 192.168.56.1:57260/0/0/0.
    INFO      dbmgr-1 2082 4000  [2019-07-25 10:04:10 365] - Components::addComponent[baseapp], uid=2082, componentID=7001, globalorderid=5, grouporderid=1, totalcount=1
    INFO      dbmgr-1 2082 4000  [2019-07-25 10:04:13 383] - IDServer::allocRange: 1-2001.
    INFO      dbmgr-1 2082 4000  [2019-07-25 10:04:13 383] - IDServer::allocRange: 2001-4001.
   DEBUG      dbmgr-1 2082 4000  [2019-07-25 10:04:13 383] - SyncAppDatasHandler::~SyncAppDatasHandler()
   DEBUG      dbmgr-1 2082 4000  [2019-07-25 10:04:15 463] - Dbmgr::DBTaskEntityAutoLoad: Friend, size(1).
   DEBUG      dbmgr-1 2082 4000  [2019-07-25 10:04:15 483] - Dbmgr::DBTaskEntityAutoLoad: Mail, size(1).
    INFO      dbmgr-1 2082 4000  [2019-07-25 10:04:15 537] - GlobalDataServer::broadcastDataChanged: writer(baseapp, addr=192.168.56.1:57260/0/0/0), keySize=10, valSize=48, isDelete=0
   DEBUG      dbmgr-1 2082 4000  [2019-07-25 10:04:15 542] - Dbmgr::DBTaskQueryEntity: Friend, dbid=1, entityID=2001, wasActive=false, queryMode=1, componentID=7001, success=true.
    INFO      dbmgr-1 2082 4000  [2019-07-25 10:04:15 544] - GlobalDataServer::broadcastDataChanged: writer(baseapp, addr=192.168.56.1:57260/0/0/0), keySize=12, valSize=48, isDelete=0
    INFO      dbmgr-1 2082 4000  [2019-07-25 10:04:15 537] - Buffered_DBTasks::onFiniTask: Playing buffered task for entityID=2002, dbid=1, dbid_tasks_size=1, entityid_tasks_size=0.
   DEBUG      dbmgr-1 2082 4000  [2019-07-25 10:04:15 643] - Dbmgr::DBTaskQueryEntity: Mail, dbid=1, entityID=2002, wasActive=false, queryMode=1, componentID=7001, success=true.
    INFO      dbmgr-1 2082 4000  [2019-07-25 10:04:15 646] - GlobalDataServer::broadcastDataChanged: writer(baseapp, addr=192.168.56.1:57260/0/0/0), keySize=10, valSize=48, isDelete=0
   DEBUG      dbmgr-1 2082 4000  [2019-07-25 10:04:30 541] - Dbmgr::writeEntity: Friend(1).
   DEBUG      dbmgr-1 2082 4000  [2019-07-25 10:04:30 642] - Dbmgr::writeEntity: Mail(1).
   DEBUG      dbmgr-1 2082 4000  [2019-07-25 10:04:39 781] - Dbmgr::onAccountLogin:loginName=222, accountName=222, success=0, componentID=0, entityID=0, dbid=2, flags=0, deadline=0.
   DEBUG      dbmgr-1 2082 4000  [2019-07-25 10:04:40 060] - Dbmgr::queryAccount: 222, success=true, flags=0, deadline=0.
   DEBUG      dbmgr-1 2082 4000  [2019-07-25 10:04:45 560] - Dbmgr::writeEntity: Friend(1).
   DEBUG      dbmgr-1 2082 4000  [2019-07-25 10:04:45 640] - Dbmgr::writeEntity: Mail(1).
   DEBUG      dbmgr-1 2082 4000  [2019-07-25 10:04:55 439] - Dbmgr::onAccountLogin:loginName=333, accountName=333, success=0, componentID=0, entityID=0, dbid=3, flags=0, deadline=0.
   DEBUG      dbmgr-1 2082 4000  [2019-07-25 10:04:55 640] - Dbmgr::queryAccount: 333, success=true, flags=0, deadline=0.
   DEBUG      dbmgr-1 2082 4000  [2019-07-25 10:05:00 558] - Dbmgr::writeEntity: Friend(1).
   DEBUG      dbmgr-1 2082 4000  [2019-07-25 10:05:00 639] - Dbmgr::writeEntity: Mail(1).
   DEBUG      dbmgr-1 2082 4000  [2019-07-25 10:05:15 558] - Dbmgr::writeEntity: Friend(1).
   DEBUG      dbmgr-1 2082 4000  [2019-07-25 10:05:15 637] - Dbmgr::writeEntity: Mail(1).
   DEBUG      dbmgr-1 2082 4000  [2019-07-25 10:05:19 897] - Dbmgr::onAccountLogin:loginName=111, accountName=111, success=0, componentID=0, entityID=0, dbid=1, flags=0, deadline=0.
   DEBUG      dbmgr-1 2082 4000  [2019-07-25 10:05:20 097] - Dbmgr::queryAccount: 111, success=true, flags=0, deadline=0.
    INFO      dbmgr-1 2082 4000  [2019-07-25 10:05:22 138] - GlobalDataServer::broadcastDataChanged: writer(cellapp, addr=192.168.56.1:57257/0/0/0), keySize=12, valSize=48, isDelete=0
   DEBUG      dbmgr-1 2082 4000  [2019-07-25 10:05:30 537] - Dbmgr::writeEntity: Friend(1).
   DEBUG      dbmgr-1 2082 4000  [2019-07-25 10:05:30 637] - Dbmgr::writeEntity: Mail(1).
   DEBUG      dbmgr-1 2082 4000  [2019-07-25 10:05:45 534] - Dbmgr::writeEntity: Friend(1).
   DEBUG      dbmgr-1 2082 4000  [2019-07-25 10:05:45 635] - Dbmgr::writeEntity: Mail(1).
   DEBUG      dbmgr-1 2082 4000  [2019-07-25 10:06:00 554] - Dbmgr::writeEntity: Friend(1).
   DEBUG      dbmgr-1 2082 4000  [2019-07-25 10:06:00 633] - Dbmgr::writeEntity: Mail(1).
   DEBUG      dbmgr-1 2082 4000  [2019-07-25 10:06:15 552] - Dbmgr::writeEntity: Friend(1).
   DEBUG      dbmgr-1 2082 4000  [2019-07-25 10:06:15 633] - Dbmgr::writeEntity: Mail(1).
   DEBUG      dbmgr-1 2082 4000  [2019-07-25 10:06:30 551] - Dbmgr::writeEntity: Friend(1).
   DEBUG      dbmgr-1 2082 4000  [2019-07-25 10:06:30 631] - Dbmgr::writeEntity: Mail(1).
   DEBUG      dbmgr-1 2082 4000  [2019-07-25 10:06:45 550] - Dbmgr::writeEntity: Friend(1).
   DEBUG      dbmgr-1 2082 4000  [2019-07-25 10:06:45 650] - Dbmgr::writeEntity: Mail(1).
   DEBUG      dbmgr-1 2082 4000  [2019-07-25 10:07:00 548] - Dbmgr::writeEntity: Friend(1).
   DEBUG      dbmgr-1 2082 4000  [2019-07-25 10:07:00 648] - Dbmgr::writeEntity: Mail(1).
   DEBUG      dbmgr-1 2082 4000  [2019-07-25 10:07:15 547] - Dbmgr::writeEntity: Friend(1).
   DEBUG      dbmgr-1 2082 4000  [2019-07-25 10:07:15 647] - Dbmgr::writeEntity: Mail(1).
   DEBUG      dbmgr-1 2082 4000  [2019-07-25 10:07:30 546] - Dbmgr::writeEntity: Friend(1).
   DEBUG      dbmgr-1 2082 4000  [2019-07-25 10:07:30 646] - Dbmgr::writeEntity: Mail(1).
   DEBUG      dbmgr-1 2082 4000  [2019-07-25 10:07:45 545] - Dbmgr::writeEntity: Friend(1).
   DEBUG      dbmgr-1 2082 4000  [2019-07-25 10:07:45 645] - Dbmgr::writeEntity: Mail(1).
   DEBUG      dbmgr-1 2082 4000  [2019-07-25 10:08:00 543] - Dbmgr::writeEntity: Friend(1).
   DEBUG      dbmgr-1 2082 4000  [2019-07-25 10:08:00 762] - Dbmgr::writeEntity: Mail(1).
   DEBUG      dbmgr-1 2082 4000  [2019-07-25 10:08:15 542] - Dbmgr::writeEntity: Friend(1).
   DEBUG      dbmgr-1 2082 4000  [2019-07-25 10:08:15 642] - Dbmgr::writeEntity: Mail(1).
   DEBUG      dbmgr-1 2082 4000  [2019-07-25 10:08:30 540] - Dbmgr::writeEntity: Friend(1).
   DEBUG      dbmgr-1 2082 4000  [2019-07-25 10:08:30 640] - Dbmgr::writeEntity: Mail(1).
   DEBUG      dbmgr-1 2082 4000  [2019-07-25 10:08:45 538] - Dbmgr::writeEntity: Friend(1).
   DEBUG      dbmgr-1 2082 4000  [2019-07-25 10:08:45 639] - Dbmgr::writeEntity: Mail(1).
   DEBUG      dbmgr-1 2082 4000  [2019-07-25 10:09:00 537] - Dbmgr::writeEntity: Friend(1).
   DEBUG      dbmgr-1 2082 4000  [2019-07-25 10:09:00 637] - Dbmgr::writeEntity: Mail(1).
   DEBUG      dbmgr-1 2082 4000  [2019-07-25 10:09:15 536] - Dbmgr::writeEntity: Friend(1).
   DEBUG      dbmgr-1 2082 4000  [2019-07-25 10:09:15 636] - Dbmgr::writeEntity: Mail(1).
   DEBUG      dbmgr-1 2082 4000  [2019-07-25 10:09:30 536] - Dbmgr::writeEntity: Friend(1).
   DEBUG      dbmgr-1 2082 4000  [2019-07-25 10:09:30 635] - Dbmgr::writeEntity: Mail(1).
   DEBUG      dbmgr-1 2082 4000  [2019-07-25 10:09:45 674] - Dbmgr::writeEntity: Friend(1).
   DEBUG      dbmgr-1 2082 4000  [2019-07-25 10:09:45 674] - Dbmgr::writeEntity: Mail(1).
    INFO      dbmgr-1 2082 4000  [2019-07-25 10:09:45 654] - Buffered_DBTasks::onFiniTask: Playing buffered task for entityID=2002, dbid=1, dbid_tasks_size=1, entityid_tasks_size=0.
   DEBUG      dbmgr-1 2082 4000  [2019-07-25 10:09:56 932] - Dbmgr::writeEntity: Mail(1).
   DEBUG      dbmgr-1 2082 4000  [2019-07-25 10:10:00 672] - Dbmgr::writeEntity: Friend(1).
   DEBUG      dbmgr-1 2082 4000  [2019-07-25 10:10:00 673] - Dbmgr::writeEntity: Mail(1).
    INFO      dbmgr-1 2082 4000  [2019-07-25 10:10:00 662] - Buffered_DBTasks::onFiniTask: Playing buffered task for entityID=2002, dbid=1, dbid_tasks_size=1, entityid_tasks_size=0.
   DEBUG      dbmgr-1 2082 4000  [2019-07-25 10:10:15 531] - Dbmgr::writeEntity: Friend(1).
   DEBUG      dbmgr-1 2082 4000  [2019-07-25 10:10:15 631] - Dbmgr::writeEntity: Mail(1).
   DEBUG      dbmgr-1 2082 4000  [2019-07-25 10:10:30 530] - Dbmgr::writeEntity: Friend(1).
   DEBUG      dbmgr-1 2082 4000  [2019-07-25 10:10:30 629] - Dbmgr::writeEntity: Mail(1).
   DEBUG      dbmgr-1 2082 4000  [2019-07-25 10:10:45 528] - Dbmgr::writeEntity: Friend(1).
   DEBUG      dbmgr-1 2082 4000  [2019-07-25 10:10:45 628] - Dbmgr::writeEntity: Mail(1).
   DEBUG      dbmgr-1 2082 4000  [2019-07-25 10:10:57 047] - Dbmgr::writeEntity: Account(3).
   DEBUG      dbmgr-1 2082 4000  [2019-07-25 10:11:00 527] - Dbmgr::writeEntity: Friend(1).
   DEBUG      dbmgr-1 2082 4000  [2019-07-25 10:11:00 628] - Dbmgr::writeEntity: Mail(1).
   DEBUG      dbmgr-1 2082 4000  [2019-07-25 10:11:15 526] - Dbmgr::writeEntity: Friend(1).
   DEBUG      dbmgr-1 2082 4000  [2019-07-25 10:11:15 625] - Dbmgr::writeEntity: Mail(1).
