    INFO    cellapp-1 2082 8001  [2019-08-20 09:55:27 580] - -----------------------------------------------------------------------------------------


    INFO    cellapp-1 2082 8001  [2019-08-20 09:55:27 581] - Resmgr::initialize: KBE_ROOT=D:/kbengine/
    INFO    cellapp-1 2082 8001  [2019-08-20 09:55:27 581] - Resmgr::initialize: KBE_RES_PATH=D:/kbengine/kbe/res/;D:/kbengine/HappyPoker_assets/;D:/kbengine/HappyPoker_assets/scripts/;D:/kbengine/HappyPoker_assets/res/
    INFO    cellapp-1 2082 8001  [2019-08-20 09:55:27 581] - Resmgr::initialize: KBE_BIN_PATH=D:/kbengine/kbe/bin/server/
    INFO    cellapp-1 2082 8001  [2019-08-20 09:55:27 616] - NetworkInterface::initialize(INTERNAL-TCP): bound to all interfaces with default route interface on 192.168.56.1 ( 192.168.56.1:52558 )
    INFO    cellapp-1 2082 8001  [2019-08-20 09:55:27 616] - NetworkInterface::initialize(INTERNAL-TCP): address 192.168.56.1:52558, SOMAXCONN=5.
    INFO    cellapp-1 2082 8001  [2019-08-20 09:55:27 616] - server-configs:
    INFO    cellapp-1 2082 8001  [2019-08-20 09:55:27 616] - 	gameUpdateHertz : 10
    INFO    cellapp-1 2082 8001  [2019-08-20 09:55:27 616] - 	defaultViewRadius : 80
    INFO    cellapp-1 2082 8001  [2019-08-20 09:55:27 616] - 	defaultViewHysteresisArea : 5
    INFO    cellapp-1 2082 8001  [2019-08-20 09:55:27 616] - 	entryScriptFile : kbemain
    INFO    cellapp-1 2082 8001  [2019-08-20 09:55:27 617] - 	internalTcpAddr : 192.168.56.1:52558
    INFO    cellapp-1 2082 8001  [2019-08-20 09:55:27 617] - 	componentID : 8001
 WARNING    cellapp-1 2082 8001  [2019-08-20 09:55:27 621] - invalid UID(0) <= 0, please check UID for environment! automatically set to 2082.
 WARNING    cellapp-1 2082 8001  [2019-08-20 09:55:28 203] - BundleBroadcast::BundleBroadcast: Cannot bind to port 20968, errorno=10048
    INFO    cellapp-1 2082 8001  [2019-08-20 09:55:28 207] - ---- cellapp Version: 2.4.5. ScriptVersion: 0.1.0. Pythoncore: 3.7.3. Protocol: C9FCABE153AC3D64A8F240810ADA666D. Config: Debug X86. Built: 09:56:57 May  8 2019. AppID: 8001. UID: 2082. PID: 2160 ----
    INFO    cellapp-1 2082 8001  [2019-08-20 09:55:28 208] - Server error_name: Intel(R) Core(TM) i5-6300HQ CPU @ 2.30GHz with 2097151kB RAM
    INFO    cellapp-1 2082 8001  [2019-08-20 09:55:28 208] - ThreadPool::createThreadPool: creating  threadpool...
    INFO    cellapp-1 2082 8001  [2019-08-20 09:55:28 208] - ThreadPool::createThreadPool: successfully(2), newThreadCount=1, normalMaxThreadCount=2, maxThreadCount=8
    INFO    cellapp-1 2082 8001  [2019-08-20 09:55:28 417] - Script::install(): is successfully, Python=(3.7.3 (default, May  8 2019, 09:53:38) [MSC v.1916 32 bit (Intel)])!
    INFO    cellapp-1 2082 8001  [2019-08-20 09:55:28 417] - Script::install(): KBExtra is successfully!
 WARNING    cellapp-1 2082 8001  [2019-08-20 09:55:28 949] - EntityDef::checkDefMethod: exposed of method: Account.leaveRoom, check the caller can use "def leaveRoom(self, callerID, ...)", such as: if callerID == self.id!
 WARNING    cellapp-1 2082 8001  [2019-08-20 09:55:28 949] - EntityDef::checkDefMethod: exposed of method: Account.playerMakeLandlord, check the caller can use "def playerMakeLandlord(self, callerID, ...)", such as: if callerID == self.id!
 WARNING    cellapp-1 2082 8001  [2019-08-20 09:55:28 950] - EntityDef::checkDefMethod: exposed of method: Account.setGameReady, check the caller can use "def setGameReady(self, callerID, ...)", such as: if callerID == self.id!
 WARNING    cellapp-1 2082 8001  [2019-08-20 09:55:28 950] - EntityDef::checkDefMethod: exposed of method: Account.stayRoom, check the caller can use "def stayRoom(self, callerID, ...)", such as: if callerID == self.id!
   DEBUG    cellapp-1 2082 8001  [2019-08-20 09:55:28 951] - loaded entity-script:Account(1).
 WARNING    cellapp-1 2082 8001  [2019-08-20 09:55:28 953] - EntityDef::checkDefMethod: exposed of method: Room.playPoker, check the caller can use "def playPoker(self, callerID, ...)", such as: if callerID == self.id!
 WARNING    cellapp-1 2082 8001  [2019-08-20 09:55:28 954] - EntityDef::checkDefMethod: exposed of method: Room.unPlayPoker, check the caller can use "def unPlayPoker(self, callerID, ...)", such as: if callerID == self.id!
   DEBUG    cellapp-1 2082 8001  [2019-08-20 09:55:28 954] - loaded entity-script:Room(3).
    INFO    cellapp-1 2082 8001  [2019-08-20 09:55:28 957] - TelnetServer server is running on port 50000
    INFO    cellapp-1 2082 8001  [2019-08-20 09:55:29 364] - ---- cellapp is running ----
   DEBUG    cellapp-1 2082 8001  [2019-08-20 09:55:29 365] - Components::process(): Request for the process of identity...
 WARNING    cellapp-1 2082 8001  [2019-08-20 09:55:35 625] - EntityApp::checkTickPeriod: tick took 6260% (6.26 seconds)!
    INFO    cellapp-1 2082 8001  [2019-08-20 09:55:36 755] - Components::findComponents: find logger(1)...
    INFO    cellapp-1 2082 8001  [2019-08-20 09:55:36 767] - Components::findComponents: found logger, addr:192.168.56.1:52561
    INFO    cellapp-1 2082 8001  [2019-08-20 09:55:36 767] - Components::addComponent: reset orderLog, uid=2082!
    INFO    cellapp-1 2082 8001  [2019-08-20 09:55:36 767] - Components::addComponent[logger], uid=2082, componentID=2000, globalorderid=1, grouporderid=1, totalcount=1
    INFO    cellapp-1 2082 8001  [2019-08-20 09:55:36 771] - Components::findComponents: find dbmgr(2)...
 WARNING    cellapp-1 2082 8001  [2019-08-20 09:55:37 893] - EntityApp::checkTickPeriod: tick took 1309% (1.31 seconds)!
    INFO    cellapp-1 2082 8001  [2019-08-20 09:56:14 156] - -----------------------------------------------------------------------------------------


    INFO    cellapp-1 2082 8001  [2019-08-20 09:56:14 156] - Resmgr::initialize: KBE_ROOT=D:/kbengine/
    INFO    cellapp-1 2082 8001  [2019-08-20 09:56:14 156] - Resmgr::initialize: KBE_RES_PATH=D:/kbengine/kbe/res/;D:/kbengine/HappyPoker_assets/;D:/kbengine/HappyPoker_assets/scripts/;D:/kbengine/HappyPoker_assets/res/
    INFO    cellapp-1 2082 8001  [2019-08-20 09:56:14 157] - Resmgr::initialize: KBE_BIN_PATH=D:/kbengine/kbe/bin/server/
    INFO    cellapp-1 2082 8001  [2019-08-20 09:56:14 180] - NetworkInterface::initialize(INTERNAL-TCP): bound to all interfaces with default route interface on 192.168.56.1 ( 192.168.56.1:52588 )
    INFO    cellapp-1 2082 8001  [2019-08-20 09:56:14 180] - NetworkInterface::initialize(INTERNAL-TCP): address 192.168.56.1:52588, SOMAXCONN=5.
    INFO    cellapp-1 2082 8001  [2019-08-20 09:56:14 180] - server-configs:
    INFO    cellapp-1 2082 8001  [2019-08-20 09:56:14 180] - 	gameUpdateHertz : 10
    INFO    cellapp-1 2082 8001  [2019-08-20 09:56:14 181] - 	defaultViewRadius : 80
    INFO    cellapp-1 2082 8001  [2019-08-20 09:56:14 181] - 	defaultViewHysteresisArea : 5
    INFO    cellapp-1 2082 8001  [2019-08-20 09:56:14 181] - 	entryScriptFile : kbemain
    INFO    cellapp-1 2082 8001  [2019-08-20 09:56:14 181] - 	internalTcpAddr : 192.168.56.1:52588
    INFO    cellapp-1 2082 8001  [2019-08-20 09:56:14 181] - 	componentID : 8001
 WARNING    cellapp-1 2082 8001  [2019-08-20 09:56:14 181] - invalid UID(0) <= 0, please check UID for environment! automatically set to 2082.
    INFO    cellapp-1 2082 8001  [2019-08-20 09:56:15 687] - ---- cellapp Version: 2.4.5. ScriptVersion: 0.1.0. Pythoncore: 3.7.3. Protocol: C9FCABE153AC3D64A8F240810ADA666D. Config: Debug X86. Built: 09:56:57 May  8 2019. AppID: 8001. UID: 2082. PID: 9464 ----
    INFO    cellapp-1 2082 8001  [2019-08-20 09:56:15 687] - Server error_name: Intel(R) Core(TM) i5-6300HQ CPU @ 2.30GHz with 2097151kB RAM
    INFO    cellapp-1 2082 8001  [2019-08-20 09:56:15 688] - ThreadPool::createThreadPool: creating  threadpool...
    INFO    cellapp-1 2082 8001  [2019-08-20 09:56:15 688] - ThreadPool::createThreadPool: successfully(2), newThreadCount=1, normalMaxThreadCount=2, maxThreadCount=8
    INFO    cellapp-1 2082 8001  [2019-08-20 09:56:15 888] - Script::install(): is successfully, Python=(3.7.3 (default, May  8 2019, 09:53:38) [MSC v.1916 32 bit (Intel)])!
    INFO    cellapp-1 2082 8001  [2019-08-20 09:56:15 888] - Script::install(): KBExtra is successfully!
 WARNING    cellapp-1 2082 8001  [2019-08-20 09:56:16 046] - EntityDef::checkDefMethod: exposed of method: Account.leaveRoom, check the caller can use "def leaveRoom(self, callerID, ...)", such as: if callerID == self.id!
 WARNING    cellapp-1 2082 8001  [2019-08-20 09:56:16 049] - EntityDef::checkDefMethod: exposed of method: Account.playerMakeLandlord, check the caller can use "def playerMakeLandlord(self, callerID, ...)", such as: if callerID == self.id!
 WARNING    cellapp-1 2082 8001  [2019-08-20 09:56:16 050] - EntityDef::checkDefMethod: exposed of method: Account.setGameReady, check the caller can use "def setGameReady(self, callerID, ...)", such as: if callerID == self.id!
 WARNING    cellapp-1 2082 8001  [2019-08-20 09:56:16 050] - EntityDef::checkDefMethod: exposed of method: Account.stayRoom, check the caller can use "def stayRoom(self, callerID, ...)", such as: if callerID == self.id!
   DEBUG    cellapp-1 2082 8001  [2019-08-20 09:56:16 051] - loaded entity-script:Account(1).
 WARNING    cellapp-1 2082 8001  [2019-08-20 09:56:16 053] - EntityDef::checkDefMethod: exposed of method: Room.playPoker, check the caller can use "def playPoker(self, callerID, ...)", such as: if callerID == self.id!
 WARNING    cellapp-1 2082 8001  [2019-08-20 09:56:16 053] - EntityDef::checkDefMethod: exposed of method: Room.unPlayPoker, check the caller can use "def unPlayPoker(self, callerID, ...)", such as: if callerID == self.id!
   DEBUG    cellapp-1 2082 8001  [2019-08-20 09:56:16 054] - loaded entity-script:Room(3).
    INFO    cellapp-1 2082 8001  [2019-08-20 09:56:16 057] - TelnetServer server is running on port 50000
    INFO    cellapp-1 2082 8001  [2019-08-20 09:56:16 511] - ---- cellapp is running ----
   DEBUG    cellapp-1 2082 8001  [2019-08-20 09:56:16 512] - Components::process(): Request for the process of identity...
 WARNING    cellapp-1 2082 8001  [2019-08-20 09:56:22 795] - EntityApp::checkTickPeriod: tick took 6283% (6.28 seconds)!
    INFO    cellapp-1 2082 8001  [2019-08-20 09:56:23 874] - Components::findComponents: find logger(1)...
    INFO    cellapp-1 2082 8001  [2019-08-20 09:56:23 915] - Components::findComponents: found logger, addr:192.168.56.1:52594
    INFO    cellapp-1 2082 8001  [2019-08-20 09:56:23 915] - Components::addComponent: reset orderLog, uid=2082!
    INFO    cellapp-1 2082 8001  [2019-08-20 09:56:23 915] - Components::addComponent[logger], uid=2082, componentID=2000, globalorderid=1, grouporderid=1, totalcount=1
    INFO    cellapp-1 2082 8001  [2019-08-20 09:56:23 916] - Components::findComponents: find dbmgr(2)...
 WARNING    cellapp-1 2082 8001  [2019-08-20 09:56:25 052] - EntityApp::checkTickPeriod: tick took 1239% (1.24 seconds)!
    INFO    cellapp-1 2082 8001  [2019-08-20 09:56:26 063] - Components::findComponents: find dbmgr(3)...
 WARNING    cellapp-1 2082 8001  [2019-08-20 09:56:27 183] - EntityApp::checkTickPeriod: tick took 1160% (1.16 seconds)!
    INFO    cellapp-1 2082 8001  [2019-08-20 09:56:28 223] - Components::findComponents: find dbmgr(4)...
 WARNING    cellapp-1 2082 8001  [2019-08-20 09:56:29 343] - EntityApp::checkTickPeriod: tick took 1219% (1.22 seconds)!
    INFO    cellapp-1 2082 8001  [2019-08-20 09:56:30 373] - Components::findComponents: find dbmgr(5)...
 WARNING    cellapp-1 2082 8001  [2019-08-20 09:56:31 513] - EntityApp::checkTickPeriod: tick took 1200% (1.20 seconds)!
    INFO    cellapp-1 2082 8001  [2019-08-20 09:56:32 523] - Components::findComponents: find dbmgr(6)...
 WARNING    cellapp-1 2082 8001  [2019-08-20 09:56:33 643] - EntityApp::checkTickPeriod: tick took 1220% (1.22 seconds)!
    INFO    cellapp-1 2082 8001  [2019-08-20 09:56:34 663] - Components::findComponents: find dbmgr(7)...
 WARNING    cellapp-1 2082 8001  [2019-08-20 09:56:35 772] - EntityApp::checkTickPeriod: tick took 1148% (1.15 seconds)!
    INFO    cellapp-1 2082 8001  [2019-08-20 09:56:36 823] - Components::findComponents: find dbmgr(8)...
    INFO    cellapp-1 2082 8001  [2019-08-20 09:56:36 904] - Components::findComponents: found dbmgr, addr:192.168.56.1:52590
    INFO    cellapp-1 2082 8001  [2019-08-20 09:56:36 904] - Components::addComponent: reset orderLog, uid=2082!
    INFO    cellapp-1 2082 8001  [2019-08-20 09:56:36 904] - Components::addComponent[dbmgr], uid=2082, componentID=4000, globalorderid=1, grouporderid=1, totalcount=1
    INFO    cellapp-1 2082 8001  [2019-08-20 09:56:36 905] - Components::findComponents: found dbmgr, addr:192.168.56.1:52590
 WARNING    cellapp-1 2082 8001  [2019-08-20 09:56:37 903] - EntityApp::checkTickPeriod: tick took 1180% (1.18 seconds)!
    INFO    cellapp-1 2082 8001  [2019-08-20 09:56:38 913] - Components::findComponents: find cellappmgr(1)...
    INFO    cellapp-1 2082 8001  [2019-08-20 09:56:38 934] - Components::findComponents: found cellappmgr, addr:192.168.56.1:52591
    INFO    cellapp-1 2082 8001  [2019-08-20 09:56:38 935] - Components::addComponent[cellappmgr], uid=2082, componentID=6000, globalorderid=2, grouporderid=1, totalcount=1
    INFO    cellapp-1 2082 8001  [2019-08-20 09:56:38 935] - Components::findComponents: found cellappmgr, addr:192.168.56.1:52591
 WARNING    cellapp-1 2082 8001  [2019-08-20 09:56:39 953] - EntityApp::checkTickPeriod: tick took 1140% (1.14 seconds)!
    INFO    cellapp-1 2082 8001  [2019-08-20 09:56:40 973] - Components::findComponents: find baseappmgr(1)...
    INFO    cellapp-1 2082 8001  [2019-08-20 09:56:41 056] - Components::findComponents: found baseappmgr, addr:192.168.56.1:52589
    INFO    cellapp-1 2082 8001  [2019-08-20 09:56:41 056] - Components::addComponent[baseappmgr], uid=2082, componentID=5000, globalorderid=3, grouporderid=1, totalcount=1
    INFO    cellapp-1 2082 8001  [2019-08-20 09:56:41 057] - Components::findComponents: found baseappmgr, addr:192.168.56.1:52589
 WARNING    cellapp-1 2082 8001  [2019-08-20 09:56:42 073] - EntityApp::checkTickPeriod: tick took 1160% (1.16 seconds)!
    INFO    cellapp-1 2082 8001  [2019-08-20 09:56:43 213] - Components::findComponents: register self to dbmgr...
    INFO    cellapp-1 2082 8001  [2019-08-20 09:56:43 273] - Components::findComponents: register self to cellappmgr...
    INFO    cellapp-1 2082 8001  [2019-08-20 09:56:43 323] - Components::findComponents: register self to baseappmgr...
    INFO    cellapp-1 2082 8001  [2019-08-20 09:56:43 363] - Components::process(): Found all the components!
    INFO    cellapp-1 2082 8001  [2019-08-20 09:56:46 303] - EntityApp::onDbmgrInitCompleted: entityID alloc(1-2001), startGlobalOrder=4, startGroupOrder=1, digest=B91EBE6B591F8BEB2E04FAF8BE8B7B2F.
    INFO    cellapp01 2082 8001  [2019-08-20 09:56:46 303] - IDClient::onAddRange: number of ids increased from 1 to 2001.
   S_DBG    cellapp01 2082 8001  [2019-08-20 09:56:47 674] - onInit::isReload:0
 WARNING    cellapp01 2082 8001  [2019-08-20 09:56:47 674] - d:\kbengine\kbe\src\lib\network\channel.cpp:1023: Profile processRecvMessages took 1.37 seconds
 WARNING    cellapp01 2082 8001  [2019-08-20 09:56:47 674] - EntityApp::checkTickPeriod: tick took 1451% (1.45 seconds)!
   DEBUG    cellapp01 2082 8001  [2019-08-20 09:56:47 714] - InitProgressHandler::~InitProgressHandler()
