    INFO      dbmgr-1 41181 4000  [2019-10-08 09:13:48 030] - -----------------------------------------------------------------------------------------


    INFO      dbmgr-1 41181 4000  [2019-10-08 09:13:48 055] - Resmgr::initialize: KBE_ROOT=D:/kbengine/
    INFO      dbmgr-1 41181 4000  [2019-10-08 09:13:48 056] - Resmgr::initialize: KBE_RES_PATH=D:/kbengine/kbe/res/;D:/kbengine/HappyPoker_assets/;D:/kbengine/HappyPoker_assets/scripts/;D:/kbengine/HappyPoker_assets/res/
    INFO      dbmgr-1 41181 4000  [2019-10-08 09:13:48 056] - Resmgr::initialize: KBE_BIN_PATH=D:/kbengine/kbe/bin/server/
    INFO      dbmgr-1 41181 4000  [2019-10-08 09:13:48 090] - NetworkInterface::initialize(INTERNAL-TCP): bound to all interfaces with default route interface on 192.168.43.114 ( 192.168.43.114:53278 )
    INFO      dbmgr-1 41181 4000  [2019-10-08 09:13:48 090] - NetworkInterface::initialize(INTERNAL-TCP): address 192.168.43.114:53278, SOMAXCONN=5.
    INFO      dbmgr-1 41181 4000  [2019-10-08 09:13:48 090] - server-configs:
    INFO      dbmgr-1 41181 4000  [2019-10-08 09:13:48 090] - 	internalTcpAddr : 192.168.43.114:53278
    INFO      dbmgr-1 41181 4000  [2019-10-08 09:13:48 090] - 	componentID : 4000
 WARNING      dbmgr-1 41181 4000  [2019-10-08 09:13:48 091] - invalid UID(0) <= 0, please check UID for environment! automatically set to 41181.
    INFO      dbmgr-1 41181 4000  [2019-10-08 09:13:48 185] - Components::findLogger: found logger, addr:192.168.43.114:53267
    INFO      dbmgr-1 41181 4000  [2019-10-08 09:13:48 189] - Components::addComponent: reset orderLog, uid=41181!
    INFO      dbmgr-1 41181 4000  [2019-10-08 09:13:48 189] - Components::addComponent[logger], uid=41181, componentID=2000, globalorderid=1, grouporderid=1, totalcount=1
    INFO      dbmgr-1 41181 4000  [2019-10-08 09:13:48 199] - ---- dbmgr Version: 2.4.5. ScriptVersion: 0.1.0. Pythoncore: 3.7.3. Protocol: 11178A1C367680938C8E416B64844ACD. Config: Debug X86. Built: 09:55:16 May  8 2019. AppID: 4000. UID: 41181. PID: 4696 ----
    INFO      dbmgr-1 41181 4000  [2019-10-08 09:13:48 200] - Server error_name: Intel(R) Core(TM) i5-6300HQ CPU @ 2.30GHz with 2097151kB RAM
    INFO      dbmgr-1 41181 4000  [2019-10-08 09:13:48 207] - ThreadPool::createThreadPool: creating  threadpool...
    INFO      dbmgr-1 41181 4000  [2019-10-08 09:13:48 208] - ThreadPool::createThreadPool: successfully(2), newThreadCount=1, normalMaxThreadCount=2, maxThreadCount=8
    INFO      dbmgr-1 41181 4000  [2019-10-08 09:13:48 481] - Script::install(): is successfully, Python=(3.7.3 (default, May  8 2019, 09:53:38) [MSC v.1916 32 bit (Intel)])!
    INFO      dbmgr-1 41181 4000  [2019-10-08 09:13:48 481] - Script::install(): KBExtra is successfully!
    INFO      dbmgr-1 41181 4000  [2019-10-08 09:13:49 752] - Dbmgr::initializeEnd: digest(B91EBE6B591F8BEB2E04FAF8BE8B7B2F)
  S_INFO      dbmgr-1 41181 4000  [2019-10-08 09:13:49 767] - onDBMgrReady: bootstrapGroupIndex=0, bootstrapGlobalIndex=0
    INFO      dbmgr-1 41181 4000  [2019-10-08 09:13:49 799] - TelnetServer server is running on port 32000
    INFO      dbmgr-1 41181 4000  [2019-10-08 09:13:49 799] - Dbmgr::initInterfacesHandler: interfaces addr(127.0.0.1:30099), accountType:(interfaces), chargeType:(interfaces).
 WARNING      dbmgr-1 41181 4000  [2019-10-08 09:13:50 011] - DBUtil::initialize: db(default) password is not encrypted!
please use password(rsa):
AC1E84E3EDD6A9AB0CCA12F9E2FC81776DDCBBA47891DAA317E2933815BB3CD93DD61083260A873B56AC8338CC1834216DA25198B65987F2236643A3F01019E0AD18CEC136EB5A6A82BE058E6F39EC406438FE1D718321393506EBEB50F4B8FE30E5467D460E109989431EB275C0A8796E09A20CEBB8F9BDB397A10DDD65143C
   DEBUG      dbmgr-1 41181 4000  [2019-10-08 09:13:50 076] - DBInterfaceMysql::attach: connect: localhost:3306 starting...
   DEBUG      dbmgr-1 41181 4000  [2019-10-08 09:13:50 734] - DBInterfaceMysql::attach: successfully! addr: localhost:3306
    INFO      dbmgr-1 41181 4000  [2019-10-08 09:13:50 735] - DBUtil::createInterface[0x175f1d0]: interface=default, dbtype=mysql, ip=localhost, port=3306, currdatabase=kbe, username=kbe, connected=yes.

    INFO      dbmgr-1 41181 4000  [2019-10-08 09:13:50 861] - ThreadPool::createThreadPool: creating  threadpool...
    INFO      dbmgr-1 41181 4000  [2019-10-08 09:13:50 861] - ThreadPool::createThreadPool: successfully(5), newThreadCount=5, normalMaxThreadCount=5, maxThreadCount=5
    INFO      dbmgr-1 41181 4000  [2019-10-08 09:13:51 528] - DBInterfaceMysql::query: successfully!
   DEBUG      dbmgr-1 41181 4000  [2019-10-08 09:14:16 877] - DBInterfaceMysql::dropEntityTableFromDB: tbl_food.
    INFO      dbmgr-1 41181 4000  [2019-10-08 09:14:19 267] - DBInterfaceMysql::query: successfully!
   DEBUG      dbmgr-1 41181 4000  [2019-10-08 09:14:19 267] - DBInterfaceMysql::dropEntityTableFromDB: tbl_smash.
    INFO      dbmgr-1 41181 4000  [2019-10-08 09:14:20 547] - DBInterfaceMysql::query: successfully!
 WARNING      dbmgr-1 41181 4000  [2019-10-08 09:14:20 548] - d:\kbengine\kbe\src\server\dbmgr\dbmgr.cpp:306: Profile scriptCall took 30.80 seconds
    INFO      dbmgr-1 41181 4000  [2019-10-08 09:14:22 040] - ---- dbmgr is running ----
   DEBUG      dbmgr-1 41181 4000  [2019-10-08 09:14:22 136] - Components::process(): Request for the process of identity...
   DEBUG      dbmgr-1 41181 4000  [2019-10-08 09:13:50 861] - DBInterfaceMysql::attach: connect: localhost:3306 starting...
   DEBUG      dbmgr-1 41181 4000  [2019-10-08 09:13:50 862] - DBInterfaceMysql::attach: connect: localhost:3306 starting...
   DEBUG      dbmgr-1 41181 4000  [2019-10-08 09:13:50 862] - DBInterfaceMysql::attach: connect: localhost:3306 starting...
   DEBUG      dbmgr-1 41181 4000  [2019-10-08 09:13:50 862] - DBInterfaceMysql::attach: connect: localhost:3306 starting...
   DEBUG      dbmgr-1 41181 4000  [2019-10-08 09:13:50 863] - DBInterfaceMysql::attach: connect: localhost:3306 starting...
   DEBUG      dbmgr-1 41181 4000  [2019-10-08 09:13:50 969] - DBInterfaceMysql::attach: successfully! addr: localhost:3306
   DEBUG      dbmgr-1 41181 4000  [2019-10-08 09:13:50 969] - DBThread::onStart(): 0x1afb600!
   DEBUG      dbmgr-1 41181 4000  [2019-10-08 09:13:51 076] - DBInterfaceMysql::attach: successfully! addr: localhost:3306
   DEBUG      dbmgr-1 41181 4000  [2019-10-08 09:13:51 077] - DBThread::onStart(): 0x1afb578!
   DEBUG      dbmgr-1 41181 4000  [2019-10-08 09:13:51 196] - DBInterfaceMysql::attach: successfully! addr: localhost:3306
   DEBUG      dbmgr-1 41181 4000  [2019-10-08 09:13:51 196] - DBThread::onStart(): 0x1afb930!
   DEBUG      dbmgr-1 41181 4000  [2019-10-08 09:13:51 283] - DBInterfaceMysql::attach: successfully! addr: localhost:3306
   DEBUG      dbmgr-1 41181 4000  [2019-10-08 09:13:51 284] - DBThread::onStart(): 0x1afb0b0!
   DEBUG      dbmgr-1 41181 4000  [2019-10-08 09:13:51 364] - DBInterfaceMysql::attach: successfully! addr: localhost:3306
   DEBUG      dbmgr-1 41181 4000  [2019-10-08 09:13:51 364] - DBThread::onStart(): 0x1afbc60!
    INFO      dbmgr-1 41181 4000  [2019-10-08 09:13:51 797] - DBInterfaceMysql::query: successfully!
    INFO      dbmgr-1 41181 4000  [2019-10-08 09:13:51 798] - DBInterfaceMysql::query: successfully!
    INFO      dbmgr-1 41181 4000  [2019-10-08 09:13:51 884] - DBInterfaceMysql::query: successfully!
    INFO      dbmgr-1 41181 4000  [2019-10-08 09:13:51 885] - DBInterfaceMysql::query: successfully!
 WARNING      dbmgr-1 41181 4000  [2019-10-08 09:13:51 905] - DBTask::process(): took 0.27 seconds
sql:(CREATE TABLE IF NOT EXISTS kbe_accountinfos (`accountName` varchar(128) not null, PRIMARY KEY idKey (`accountName`),`password` varchar(255) not null,`bindata` blob,`email` varchar(191) not null, UNIQUE KEY `email` (`email`),`entityDBID` bigint(20) unsigned not null DEFAULT 0, UNIQUE KEY `entityDBID` (`entityDBID`),`flags` int unsigned not null DEFAULT 0,`deadline` bigint(20) not null DEFAULT 0,`regtime` bigint(20) not null DEFAULT 0,`lasttime` bigint(20) not null DEFAULT 0,`numlogin` int unsigned not null DEFAULT 0)ENGINE=InnoDB)
    INFO      dbmgr-1 41181 4000  [2019-10-08 09:13:52 156] - DBInterfaceMysql::query: successfully!
    INFO      dbmgr-1 41181 4000  [2019-10-08 09:13:52 157] - DBInterfaceMysql::query: successfully!
    INFO      dbmgr-1 41181 4000  [2019-10-08 09:13:52 157] - DBInterfaceMysql::query: successfully!
 WARNING      dbmgr-1 41181 4000  [2019-10-08 09:13:52 158] - DBTask::process(): took 0.63 seconds
sql:(delete from kbe_email_verification where logtime<1570493632 and type=3)
    INFO      dbmgr-1 41181 4000  [2019-10-08 09:13:52 318] - DBInterfaceMysql::query: successfully!
 WARNING      dbmgr-1 41181 4000  [2019-10-08 09:13:52 387] - DBTask::process(): took 0.86 seconds
sql:(select distinct(serverGroupID) from kbe_entitylog)
   DEBUG      dbmgr-1 41181 4000  [2019-10-08 09:13:52 560] - syncToDB(): Account->sm_playerId(smallint unsigned not null DEFAULT 0).
 WARNING      dbmgr-1 41181 4000  [2019-10-08 09:13:52 800] - DBTask::process(): took 1.24 seconds
sql:(insert into kbe_serverlog (heartbeatTime, serverGroupID) values(1570497231,41181) ON DUPLICATE KEY UPDATE heartbeatTime=1570497231)
   DEBUG      dbmgr-1 41181 4000  [2019-10-08 09:13:53 658] - syncToDB(): Account->sm_playerBean(int not null DEFAULT 0).
 WARNING      dbmgr-1 41181 4000  [2019-10-08 09:13:53 723] - DBTask::process(): delay 1.27 seconds, try adjusting the kbengine[_defs].xml(numConnections) and MySQL(my.cnf->max_connections or innodb_flush_log_at_trx_commit)!
sql:(show index from tbl_Room)
 WARNING      dbmgr-1 41181 4000  [2019-10-08 09:13:53 723] - DBTask::process(): took 0.92 seconds
sql:(show index from tbl_Room)
   DEBUG      dbmgr-1 41181 4000  [2019-10-08 09:13:53 872] - syncToDB(): Friend->sm_autoLoad(tinyint not null DEFAULT 0).
 WARNING      dbmgr-1 41181 4000  [2019-10-08 09:13:53 974] - DBTask::process(): delay 2.20 seconds, try adjusting the kbengine[_defs].xml(numConnections) and MySQL(my.cnf->max_connections or innodb_flush_log_at_trx_commit)!
sql:(show index from tbl_Hall)
 WARNING      dbmgr-1 41181 4000  [2019-10-08 09:13:53 974] - DBTask::process(): took 0.25 seconds
sql:(show index from tbl_Hall)
   DEBUG      dbmgr-1 41181 4000  [2019-10-08 09:13:54 250] - syncToDB(): Account->sm_playerNew(tinyint unsigned not null DEFAULT 1).
   DEBUG      dbmgr-1 41181 4000  [2019-10-08 09:13:54 775] - syncToDB(): Mail_mailList->sm_autoLoad(tinyint not null DEFAULT 0).
   DEBUG      dbmgr-1 41181 4000  [2019-10-08 09:13:54 905] - syncToDB(): Friend_publicDataList->sm_autoLoad(tinyint not null DEFAULT 0).
    INFO      dbmgr-1 41181 4000  [2019-10-08 09:13:55 346] - DBInterfaceMysql::query: successfully!
 WARNING      dbmgr-1 41181 4000  [2019-10-08 09:13:55 650] - DBTask::process(): took 4.12 seconds
sql:(show index from tbl_Friend)
   DEBUG      dbmgr-1 41181 4000  [2019-10-08 09:13:56 046] - syncToDB(): Account_friendList->sm_autoLoad(tinyint not null DEFAULT 0).
   DEBUG      dbmgr-1 41181 4000  [2019-10-08 09:13:56 192] - DBInterfaceMysql::dropEntityTableItemFromDB: tbl_Account sm_playerNameBase.
   DEBUG      dbmgr-1 41181 4000  [2019-10-08 09:13:57 056] - syncToDB(): Friend_synchroFriendList->sm_autoLoad(tinyint not null DEFAULT 0).
    INFO      dbmgr-1 41181 4000  [2019-10-08 09:14:00 953] - DBInterfaceMysql::query: successfully!
   DEBUG      dbmgr-1 41181 4000  [2019-10-08 09:14:00 953] - DBInterfaceMysql::dropEntityTableItemFromDB: tbl_Account sm_playerExp.
    INFO      dbmgr-1 41181 4000  [2019-10-08 09:14:01 126] - DBInterfaceMysql::query: successfully!
   DEBUG      dbmgr-1 41181 4000  [2019-10-08 09:14:01 126] - syncToDB(): Mail_mailList->sm_senderID(bigint unsigned not null DEFAULT 0).
   DEBUG      dbmgr-1 41181 4000  [2019-10-08 09:14:02 742] - syncToDB(): Mail_mailList->sm_senderName(varchar(255) not null DEFAULT '[]').
    INFO      dbmgr-1 41181 4000  [2019-10-08 09:14:03 196] - DBInterfaceMysql::query: successfully!
   DEBUG      dbmgr-1 41181 4000  [2019-10-08 09:14:03 196] - syncToDB(): Friend_publicDataList->sm_status(tinyint unsigned not null DEFAULT 0).
   DEBUG      dbmgr-1 41181 4000  [2019-10-08 09:14:05 009] - syncToDB(): Mail_mailList->sm_recverID(bigint unsigned not null DEFAULT 0).
   DEBUG      dbmgr-1 41181 4000  [2019-10-08 09:14:05 607] - syncToDB(): Friend_publicDataList->sm_playerID(bigint unsigned not null DEFAULT 0).
    INFO      dbmgr-1 41181 4000  [2019-10-08 09:14:06 052] - DBInterfaceMysql::query: successfully!
 WARNING      dbmgr-1 41181 4000  [2019-10-08 09:14:06 500] - DBTask::process(): took 14.11 seconds
sql:(show index from tbl_Account)
    INFO      dbmgr-1 41181 4000  [2019-10-08 09:14:06 569] - DBInterfaceMysql::query: successfully!
   DEBUG      dbmgr-1 41181 4000  [2019-10-08 09:14:06 569] - syncToDB(): Friend_synchroFriendList->sm_senderID(bigint unsigned not null DEFAULT 0).
 WARNING      dbmgr-1 41181 4000  [2019-10-08 09:14:06 609] - DBTask::process(): took 14.45 seconds
sql:(show index from tbl_Mail_mailList)
   DEBUG      dbmgr-1 41181 4000  [2019-10-08 09:14:07 778] - syncToDB(): Friend_publicDataList->sm_playerName(varchar(255) not null DEFAULT '[]').
    INFO      dbmgr-1 41181 4000  [2019-10-08 09:14:08 671] - DBInterfaceMysql::query: successfully!
   DEBUG      dbmgr-1 41181 4000  [2019-10-08 09:14:08 671] - syncToDB(): Account_friendList->sm_value(bigint unsigned not null DEFAULT 0).
   DEBUG      dbmgr-1 41181 4000  [2019-10-08 09:14:09 716] - syncToDB(): Friend_publicDataList->sm_playerBean(int not null DEFAULT 0).
   DEBUG      dbmgr-1 41181 4000  [2019-10-08 09:14:09 727] - syncToDB(): Mail->sm_autoLoad(tinyint not null DEFAULT 0).
   DEBUG      dbmgr-1 41181 4000  [2019-10-08 09:14:11 517] - syncToDB(): Friend_synchroFriendList->sm_recverID(bigint unsigned not null DEFAULT 0).
 WARNING      dbmgr-1 41181 4000  [2019-10-08 09:14:13 302] - DBTask::process(): took 21.34 seconds
sql:(show index from tbl_Account_friendList)
 WARNING      dbmgr-1 41181 4000  [2019-10-08 09:14:14 084] - DBTask::process(): delay 2.45 seconds, try adjusting the kbengine[_defs].xml(numConnections) and MySQL(my.cnf->max_connections or innodb_flush_log_at_trx_commit)!
sql:(show index from tbl_Friend_publicDataList)
 WARNING      dbmgr-1 41181 4000  [2019-10-08 09:14:14 084] - DBTask::process(): took 20.11 seconds
sql:(show index from tbl_Friend_publicDataList)
 WARNING      dbmgr-1 41181 4000  [2019-10-08 09:14:15 376] - DBTask::process(): delay 4.12 seconds, try adjusting the kbengine[_defs].xml(numConnections) and MySQL(my.cnf->max_connections or innodb_flush_log_at_trx_commit)!
sql:(show index from tbl_Friend_synchroFriendList)
 WARNING      dbmgr-1 41181 4000  [2019-10-08 09:14:15 377] - DBTask::process(): took 19.73 seconds
sql:(show index from tbl_Friend_synchroFriendList)
    INFO      dbmgr-1 41181 4000  [2019-10-08 09:14:16 361] - DBInterfaceMysql::query: successfully!
 WARNING      dbmgr-1 41181 4000  [2019-10-08 09:14:16 731] - DBTask::process(): delay 14.97 seconds, try adjusting the kbengine[_defs].xml(numConnections) and MySQL(my.cnf->max_connections or innodb_flush_log_at_trx_commit)!
sql:(show index from tbl_Mail)
 WARNING      dbmgr-1 41181 4000  [2019-10-08 09:14:16 731] - DBTask::process(): took 10.23 seconds
sql:(show index from tbl_Mail)
    INFO      dbmgr-1 41181 4000  [2019-10-08 09:14:28 456] - ServerApp::onRegisterNewApp: uid:41181, username:error_name, componentType:interfaces, componentID:3000, globalorderID=-1, grouporderID=-1, intaddr:192.168.43.114, intport:30099, extaddr:nonsupport, extport:0,  from 127.0.0.1:30099/0/0/0.
    INFO      dbmgr-1 41181 4000  [2019-10-08 09:14:28 456] - Components::addComponent: reset orderLog, uid=41181!
    INFO      dbmgr-1 41181 4000  [2019-10-08 09:14:28 456] - Components::addComponent[interfaces], uid=41181, componentID=3000, globalorderid=1, grouporderid=1, totalcount=1
    INFO      dbmgr-1 41181 4000  [2019-10-08 09:14:28 481] - ServerApp::onRegisterNewApp: uid:41181, username:error_name, componentType:baseappmgr, componentID:5000, globalorderID=-1, grouporderID=-1, intaddr:192.168.43.114, intport:53288, extaddr:nonsupport, extport:0,  from 192.168.43.114:53297/0/0/0.
    INFO      dbmgr-1 41181 4000  [2019-10-08 09:14:28 481] - Components::addComponent: reset orderLog, uid=41181!
    INFO      dbmgr-1 41181 4000  [2019-10-08 09:14:28 481] - Components::addComponent[baseappmgr], uid=41181, componentID=5000, globalorderid=1, grouporderid=1, totalcount=1
    INFO      dbmgr-1 41181 4000  [2019-10-08 09:14:29 474] - Components::process(): Found all the components!
    INFO      dbmgr-1 41181 4000  [2019-10-08 09:14:32 836] - ServerApp::onRegisterNewApp: uid:41181, username:error_name, componentType:cellappmgr, componentID:6000, globalorderID=-1, grouporderID=-1, intaddr:192.168.43.114, intport:53295, extaddr:nonsupport, extport:0,  from 192.168.43.114:53299/0/0/0.
    INFO      dbmgr-1 41181 4000  [2019-10-08 09:14:32 836] - Components::addComponent[cellappmgr], uid=41181, componentID=6000, globalorderid=2, grouporderid=1, totalcount=1
    INFO      dbmgr-1 41181 4000  [2019-10-08 09:14:50 323] - ServerApp::onRegisterNewApp: uid:41181, username:error_name, componentType:baseapp, componentID:7001, globalorderID=-1, grouporderID=-1, intaddr:192.168.43.114, intport:53303, extaddr:192.168.43.114, extport:20015,  from 192.168.43.114:53318/0/0/0.
    INFO      dbmgr-1 41181 4000  [2019-10-08 09:14:50 323] - Components::addComponent[baseapp], uid=41181, componentID=7001, globalorderid=3, grouporderid=1, totalcount=1
    INFO      dbmgr-1 41181 4000  [2019-10-08 09:14:53 324] - IDServer::allocRange: 1-2001.
   DEBUG      dbmgr-1 41181 4000  [2019-10-08 09:14:53 324] - SyncAppDatasHandler::~SyncAppDatasHandler()
    INFO      dbmgr-1 41181 4000  [2019-10-08 09:14:55 241] - GlobalDataServer::broadcastDataChanged: writer(baseapp, addr=192.168.43.114:53318/0/0/0), keySize=10, valSize=45, isDelete=0
    INFO      dbmgr-1 41181 4000  [2019-10-08 09:14:57 579] - ServerApp::onRegisterNewApp: uid:41181, username:error_name, componentType:cellapp, componentID:8001, globalorderID=-1, grouporderID=-1, intaddr:192.168.43.114, intport:53309, extaddr:nonsupport, extport:0,  from 192.168.43.114:53330/0/0/0.
    INFO      dbmgr-1 41181 4000  [2019-10-08 09:14:57 579] - Components::addComponent[cellapp], uid=41181, componentID=8001, globalorderid=4, grouporderid=1, totalcount=1
    INFO      dbmgr-1 41181 4000  [2019-10-08 09:15:00 590] - IDServer::allocRange: 2001-4001.
   DEBUG      dbmgr-1 41181 4000  [2019-10-08 09:15:00 590] - SyncAppDatasHandler::~SyncAppDatasHandler()
    INFO      dbmgr-1 41181 4000  [2019-10-08 09:15:07 188] - ServerApp::onRegisterNewApp: uid:41181, username:error_name, componentType:loginapp, componentID:9000, globalorderID=-1, grouporderID=-1, intaddr:192.168.43.114, intport:53324, extaddr:192.168.43.114, extport:20013,  from 192.168.43.114:53384/0/0/0.
    INFO      dbmgr-1 41181 4000  [2019-10-08 09:15:07 188] - Components::addComponent[loginapp], uid=41181, componentID=9000, globalorderid=5, grouporderid=1, totalcount=1
   DEBUG      dbmgr-1 41181 4000  [2019-10-08 09:15:10 189] - SyncAppDatasHandler::~SyncAppDatasHandler()
   DEBUG      dbmgr-1 41181 4000  [2019-10-08 09:17:21 462] - Dbmgr::onAccountLogin:loginName=111, accountName=111, success=0, componentID=0, entityID=0, dbid=1, flags=0, deadline=0.
   DEBUG      dbmgr-1 41181 4000  [2019-10-08 09:17:21 702] - Dbmgr::queryAccount: 111, success=true, flags=0, deadline=0.
