    INFO      dbmgr-1 3960 4000  [2019-06-20 08:08:15 980] - -----------------------------------------------------------------------------------------


    INFO      dbmgr-1 3960 4000  [2019-06-20 08:08:15 981] - Resmgr::initialize: KBE_ROOT=D:/kbengine/
    INFO      dbmgr-1 3960 4000  [2019-06-20 08:08:15 981] - Resmgr::initialize: KBE_RES_PATH=D:/kbengine/kbe/res/;D:/kbengine/HappyPoker_assets/;D:/kbengine/HappyPoker_assets/scripts/;D:/kbengine/HappyPoker_assets/res/
    INFO      dbmgr-1 3960 4000  [2019-06-20 08:08:15 981] - Resmgr::initialize: KBE_BIN_PATH=D:/kbengine/kbe/bin/server/
    INFO      dbmgr-1 3960 4000  [2019-06-20 08:08:16 000] - NetworkInterface::initialize(INTERNAL-TCP): bound to all interfaces with default route interface on 192.168.56.1 ( 192.168.56.1:49913 )
    INFO      dbmgr-1 3960 4000  [2019-06-20 08:08:16 000] - NetworkInterface::initialize(INTERNAL-TCP): address 192.168.56.1:49913, SOMAXCONN=5.
    INFO      dbmgr-1 3960 4000  [2019-06-20 08:08:16 000] - server-configs:
    INFO      dbmgr-1 3960 4000  [2019-06-20 08:08:16 001] - 	internalTcpAddr : 192.168.56.1:49913
    INFO      dbmgr-1 3960 4000  [2019-06-20 08:08:16 001] - 	componentID : 4000
 WARNING      dbmgr-1 3960 4000  [2019-06-20 08:08:16 002] - invalid UID(0) <= 0, please check UID for environment! automatically set to 3960.
    INFO      dbmgr-1 3960 4000  [2019-06-20 08:08:16 135] - Components::findLogger: found logger, addr:192.168.56.1:49910
    INFO      dbmgr-1 3960 4000  [2019-06-20 08:08:16 186] - Components::addComponent: reset orderLog, uid=3960!
    INFO      dbmgr-1 3960 4000  [2019-06-20 08:08:16 186] - Components::addComponent[logger], uid=3960, componentID=2000, globalorderid=1, grouporderid=1, totalcount=1
    INFO      dbmgr-1 3960 4000  [2019-06-20 08:08:16 301] - ---- dbmgr Version: 2.4.5. ScriptVersion: 0.1.0. Pythoncore: 3.7.3. Protocol: 11178A1C367680938C8E416B64844ACD. Config: Debug X86. Built: 09:55:16 May  8 2019. AppID: 4000. UID: 3960. PID: 1644 ----
    INFO      dbmgr-1 3960 4000  [2019-06-20 08:08:16 301] - Server error_name: Intel(R) Core(TM) i5-6300HQ CPU @ 2.30GHz with 2097151kB RAM
    INFO      dbmgr-1 3960 4000  [2019-06-20 08:08:16 302] - ThreadPool::createThreadPool: creating  threadpool...
    INFO      dbmgr-1 3960 4000  [2019-06-20 08:08:16 303] - ThreadPool::createThreadPool: successfully(2), newThreadCount=1, normalMaxThreadCount=2, maxThreadCount=8
    INFO      dbmgr-1 3960 4000  [2019-06-20 08:08:16 504] - Script::install(): is successfully, Python=(3.7.3 (default, May  8 2019, 09:53:38) [MSC v.1916 32 bit (Intel)])!
    INFO      dbmgr-1 3960 4000  [2019-06-20 08:08:16 504] - Script::install(): KBExtra is successfully!
   ERROR      dbmgr-1 3960 4000  [2019-06-20 08:08:16 574] - app::initialize(): initialization failed!
    INFO      dbmgr-1 3960 4000  [2019-06-20 08:08:16 582] - Script::uninstall(): is successfully!
   DEBUG      dbmgr-1 3960 4000  [2019-06-20 08:08:16 583] - ThreadPool::destroy(): starting size 2.
 WARNING      dbmgr-1 3960 4000  [2019-06-20 08:08:16 884] - ThreadPool::destroy(): waiting for thread(2)[0x23d930,0x23d998,], try=1
   DEBUG      dbmgr-1 3960 4000  [2019-06-20 08:08:17 287] - TPThread::~TPThread(): 0x23d930
   DEBUG      dbmgr-1 3960 4000  [2019-06-20 08:08:17 287] - TPThread::~TPThread(): 0x23d998
   DEBUG      dbmgr-1 3960 4000  [2019-06-20 08:08:17 287] - ThreadPool::destroy(): successfully!
   DEBUG      dbmgr-1 3960 4000  [2019-06-20 08:08:17 287] - Bundle::destroyObjPool(): size 6.
   DEBUG      dbmgr-1 3960 4000  [2019-06-20 08:08:17 288] - Channel::destroyObjPool(): size 15.
   DEBUG      dbmgr-1 3960 4000  [2019-06-20 08:08:17 316] - TCPPacket::destroyObjPool(): size 0.
   DEBUG      dbmgr-1 3960 4000  [2019-06-20 08:08:17 317] - UDPPacket::destroyObjPool(): size 14.
   DEBUG      dbmgr-1 3960 4000  [2019-06-20 08:08:17 317] - EndPoint::destroyObjPool(): size 15.
   DEBUG      dbmgr-1 3960 4000  [2019-06-20 08:08:17 317] - Address::destroyObjPool(): size 0.
   DEBUG      dbmgr-1 3960 4000  [2019-06-20 08:08:17 317] - TCPPacketReceiver::destroyObjPool(): size 0.
   DEBUG      dbmgr-1 3960 4000  [2019-06-20 08:08:17 317] - UDPPacketReceiver::destroyObjPool(): size 0.
    INFO      dbmgr-1 3960 4000  [2019-06-20 08:10:38 573] - -----------------------------------------------------------------------------------------


    INFO      dbmgr-1 3960 4000  [2019-06-20 08:10:38 573] - Resmgr::initialize: KBE_ROOT=D:/kbengine/
    INFO      dbmgr-1 3960 4000  [2019-06-20 08:10:38 573] - Resmgr::initialize: KBE_RES_PATH=D:/kbengine/kbe/res/;D:/kbengine/HappyPoker_assets/;D:/kbengine/HappyPoker_assets/scripts/;D:/kbengine/HappyPoker_assets/res/
    INFO      dbmgr-1 3960 4000  [2019-06-20 08:10:38 574] - Resmgr::initialize: KBE_BIN_PATH=D:/kbengine/kbe/bin/server/
    INFO      dbmgr-1 3960 4000  [2019-06-20 08:10:38 595] - NetworkInterface::initialize(INTERNAL-TCP): bound to all interfaces with default route interface on 192.168.56.1 ( 192.168.56.1:50010 )
    INFO      dbmgr-1 3960 4000  [2019-06-20 08:10:38 595] - NetworkInterface::initialize(INTERNAL-TCP): address 192.168.56.1:50010, SOMAXCONN=5.
    INFO      dbmgr-1 3960 4000  [2019-06-20 08:10:38 595] - server-configs:
    INFO      dbmgr-1 3960 4000  [2019-06-20 08:10:38 595] - 	internalTcpAddr : 192.168.56.1:50010
    INFO      dbmgr-1 3960 4000  [2019-06-20 08:10:38 595] - 	componentID : 4000
 WARNING      dbmgr-1 3960 4000  [2019-06-20 08:10:38 596] - invalid UID(0) <= 0, please check UID for environment! automatically set to 3960.
    INFO      dbmgr-1 3960 4000  [2019-06-20 08:10:40 109] - ---- dbmgr Version: 2.4.5. ScriptVersion: 0.1.0. Pythoncore: 3.7.3. Protocol: 11178A1C367680938C8E416B64844ACD. Config: Debug X86. Built: 09:55:16 May  8 2019. AppID: 4000. UID: 3960. PID: 7920 ----
    INFO      dbmgr-1 3960 4000  [2019-06-20 08:10:40 109] - Server error_name: Intel(R) Core(TM) i5-6300HQ CPU @ 2.30GHz with 2097151kB RAM
    INFO      dbmgr-1 3960 4000  [2019-06-20 08:10:40 110] - ThreadPool::createThreadPool: creating  threadpool...
    INFO      dbmgr-1 3960 4000  [2019-06-20 08:10:40 110] - ThreadPool::createThreadPool: successfully(2), newThreadCount=1, normalMaxThreadCount=2, maxThreadCount=8
    INFO      dbmgr-1 3960 4000  [2019-06-20 08:10:40 323] - Script::install(): is successfully, Python=(3.7.3 (default, May  8 2019, 09:53:38) [MSC v.1916 32 bit (Intel)])!
    INFO      dbmgr-1 3960 4000  [2019-06-20 08:10:40 323] - Script::install(): KBExtra is successfully!
    INFO      dbmgr-1 3960 4000  [2019-06-20 08:10:40 491] - Dbmgr::initializeEnd: digest(35046D1581FAE051845F0D5C10DF296E)
  S_INFO      dbmgr-1 3960 4000  [2019-06-20 08:10:40 491] - onDBMgrReady: bootstrapGroupIndex=0, bootstrapGlobalIndex=0
    INFO      dbmgr-1 3960 4000  [2019-06-20 08:10:40 492] - TelnetServer server is running on port 32000
    INFO      dbmgr-1 3960 4000  [2019-06-20 08:10:40 492] - Dbmgr::initInterfacesHandler: interfaces addr(127.0.0.1:30099), accountType:(interfaces), chargeType:(interfaces).
 WARNING      dbmgr-1 3960 4000  [2019-06-20 08:10:40 760] - DBUtil::initialize: db(default) password is not encrypted!
please use password(rsa):
51BB0A801E313F0CCAA727DFBD1F53ADA77A7EF36BCB5B6826031C0C4B8E3CB65437BCA5063324B423F09E8661F65214C1FAF66873BEE7D7E3A55658CE253C1C37F00FFFD2100723FFC6C46F8A5DBFBE7B79249A214CECC3177A0A449F1C64E0D059194DC21E18FF95F29803AE3C55946288647D9E84C265C998E2E300E049AF
   DEBUG      dbmgr-1 3960 4000  [2019-06-20 08:10:40 763] - DBInterfaceMysql::attach: connect: localhost:3306 starting...
   DEBUG      dbmgr-1 3960 4000  [2019-06-20 08:10:41 028] - DBInterfaceMysql::attach: successfully! addr: localhost:3306
    INFO      dbmgr-1 3960 4000  [2019-06-20 08:10:41 029] - DBUtil::createInterface[0x9cf090]: interface=default, dbtype=mysql, ip=localhost, port=3306, currdatabase=kbe, username=kbe, connected=yes.

    INFO      dbmgr-1 3960 4000  [2019-06-20 08:10:41 029] - ThreadPool::createThreadPool: creating  threadpool...
    INFO      dbmgr-1 3960 4000  [2019-06-20 08:10:41 029] - ThreadPool::createThreadPool: successfully(5), newThreadCount=5, normalMaxThreadCount=5, maxThreadCount=5
    INFO      dbmgr-1 3960 4000  [2019-06-20 08:10:41 435] - DBInterfaceMysql::query: successfully!
 WARNING      dbmgr-1 3960 4000  [2019-06-20 08:10:42 024] - d:\kbengine\kbe\src\server\dbmgr\dbmgr.cpp:306: Profile scriptCall took 1.53 seconds
    INFO      dbmgr-1 3960 4000  [2019-06-20 08:10:42 398] - ---- dbmgr is running ----
   DEBUG      dbmgr-1 3960 4000  [2019-06-20 08:10:42 398] - Components::process(): Request for the process of identity...
   DEBUG      dbmgr-1 3960 4000  [2019-06-20 08:10:41 030] - DBInterfaceMysql::attach: connect: localhost:3306 starting...
   DEBUG      dbmgr-1 3960 4000  [2019-06-20 08:10:41 030] - DBInterfaceMysql::attach: connect: localhost:3306 starting...
   DEBUG      dbmgr-1 3960 4000  [2019-06-20 08:10:41 030] - DBInterfaceMysql::attach: connect: localhost:3306 starting...
   DEBUG      dbmgr-1 3960 4000  [2019-06-20 08:10:41 030] - DBInterfaceMysql::attach: connect: localhost:3306 starting...
   DEBUG      dbmgr-1 3960 4000  [2019-06-20 08:10:41 031] - DBInterfaceMysql::attach: connect: localhost:3306 starting...
   DEBUG      dbmgr-1 3960 4000  [2019-06-20 08:10:41 162] - DBInterfaceMysql::attach: successfully! addr: localhost:3306
   DEBUG      dbmgr-1 3960 4000  [2019-06-20 08:10:41 162] - DBThread::onStart(): 0x21b7d60!
   DEBUG      dbmgr-1 3960 4000  [2019-06-20 08:10:41 262] - DBInterfaceMysql::attach: successfully! addr: localhost:3306
   DEBUG      dbmgr-1 3960 4000  [2019-06-20 08:10:41 262] - DBThread::onStart(): 0x21b7de8!
   DEBUG      dbmgr-1 3960 4000  [2019-06-20 08:10:41 372] - DBInterfaceMysql::attach: successfully! addr: localhost:3306
   DEBUG      dbmgr-1 3960 4000  [2019-06-20 08:10:41 372] - DBThread::onStart(): 0x21b8090!
   DEBUG      dbmgr-1 3960 4000  [2019-06-20 08:10:41 495] - DBInterfaceMysql::attach: successfully! addr: localhost:3306
   DEBUG      dbmgr-1 3960 4000  [2019-06-20 08:10:41 495] - DBThread::onStart(): 0x21b8008!
   DEBUG      dbmgr-1 3960 4000  [2019-06-20 08:10:41 545] - DBInterfaceMysql::attach: successfully! addr: localhost:3306
   DEBUG      dbmgr-1 3960 4000  [2019-06-20 08:10:41 545] - DBThread::onStart(): 0x21b7c50!
    INFO      dbmgr-1 3960 4000  [2019-06-20 08:10:41 619] - DBInterfaceMysql::query: successfully!
    INFO      dbmgr-1 3960 4000  [2019-06-20 08:10:41 637] - DBInterfaceMysql::query: successfully!
    INFO      dbmgr-1 3960 4000  [2019-06-20 08:10:41 637] - DBInterfaceMysql::query: successfully!
    INFO      dbmgr-1 3960 4000  [2019-06-20 08:10:41 653] - DBInterfaceMysql::query: successfully!
    INFO      dbmgr-1 3960 4000  [2019-06-20 08:10:41 688] - DBInterfaceMysql::query: successfully!
    INFO      dbmgr-1 3960 4000  [2019-06-20 08:10:41 689] - DBInterfaceMysql::query: successfully!
    INFO      dbmgr-1 3960 4000  [2019-06-20 08:10:41 689] - DBInterfaceMysql::query: successfully!
 WARNING      dbmgr-1 3960 4000  [2019-06-20 08:10:41 690] - DBTask::process(): took 0.25 seconds
sql:(delete from kbe_email_verification where logtime<1560985841 and type=3)
 WARNING      dbmgr-1 3960 4000  [2019-06-20 08:10:41 857] - DBTask::process(): took 0.36 seconds
sql:(insert into kbe_serverlog (heartbeatTime, serverGroupID) values(1560989441,3960) ON DUPLICATE KEY UPDATE heartbeatTime=1560989441)
 WARNING      dbmgr-1 3960 4000  [2019-06-20 08:10:41 890] - DBTask::process(): took 0.45 seconds
sql:(show index from tbl_Account)
    INFO      dbmgr-1 3960 4000  [2019-06-20 08:10:41 957] - DBInterfaceMysql::query: successfully!
 WARNING      dbmgr-1 3960 4000  [2019-06-20 08:10:41 957] - DBTask::process(): took 0.52 seconds
sql:(select distinct(serverGroupID) from kbe_entitylog)
 WARNING      dbmgr-1 3960 4000  [2019-06-20 08:10:41 970] - DBTask::process(): took 0.35 seconds
sql:(show index from tbl_Room)
 WARNING      dbmgr-1 3960 4000  [2019-06-20 08:10:41 999] - DBTask::process(): took 0.31 seconds
sql:(show index from tbl_Hall)
    INFO      dbmgr-1 3960 4000  [2019-06-20 08:10:48 706] - ServerApp::onRegisterNewApp: uid:3960, username:error_name, componentType:interfaces, componentID:3000, globalorderID=-1, grouporderID=-1, intaddr:192.168.56.1, intport:30099, extaddr:nonsupport, extport:0,  from 127.0.0.1:30099/0/0/0.
    INFO      dbmgr-1 3960 4000  [2019-06-20 08:10:48 707] - Components::addComponent: reset orderLog, uid=3960!
    INFO      dbmgr-1 3960 4000  [2019-06-20 08:10:48 707] - Components::addComponent[interfaces], uid=3960, componentID=3000, globalorderid=1, grouporderid=1, totalcount=1
    INFO      dbmgr-1 3960 4000  [2019-06-20 08:10:49 713] - Components::findComponents: find logger(1)...
    INFO      dbmgr-1 3960 4000  [2019-06-20 08:10:49 737] - Components::findComponents: found logger, addr:192.168.56.1:50015
    INFO      dbmgr-1 3960 4000  [2019-06-20 08:10:49 738] - Components::addComponent: reset orderLog, uid=3960!
    INFO      dbmgr-1 3960 4000  [2019-06-20 08:10:49 738] - Components::addComponent[logger], uid=3960, componentID=2000, globalorderid=1, grouporderid=1, totalcount=1
    INFO      dbmgr-1 3960 4000  [2019-06-20 08:10:49 773] - Components::process(): Found all the components!
    INFO      dbmgr-1 3960 4000  [2019-06-20 08:10:51 174] - ServerApp::onRegisterNewApp: uid:3960, username:error_name, componentType:loginapp, componentID:9000, globalorderID=-1, grouporderID=-1, intaddr:192.168.56.1, intport:50012, extaddr:192.168.56.1, extport:20013,  from 192.168.56.1:50030/0/0/0.
    INFO      dbmgr-1 3960 4000  [2019-06-20 08:10:51 174] - Components::addComponent: reset orderLog, uid=3960!
    INFO      dbmgr-1 3960 4000  [2019-06-20 08:10:51 174] - Components::addComponent[loginapp], uid=3960, componentID=9000, globalorderid=1, grouporderid=1, totalcount=1
    INFO      dbmgr-1 3960 4000  [2019-06-20 08:10:52 154] - ServerApp::onRegisterNewApp: uid:3960, username:error_name, componentType:baseappmgr, componentID:5000, globalorderID=-1, grouporderID=-1, intaddr:192.168.56.1, intport:50009, extaddr:nonsupport, extport:0,  from 192.168.56.1:50032/0/0/0.
    INFO      dbmgr-1 3960 4000  [2019-06-20 08:10:52 154] - Components::addComponent[baseappmgr], uid=3960, componentID=5000, globalorderid=2, grouporderid=1, totalcount=1
    INFO      dbmgr-1 3960 4000  [2019-06-20 08:10:52 274] - ServerApp::onRegisterNewApp: uid:3960, username:error_name, componentType:cellappmgr, componentID:6000, globalorderID=-1, grouporderID=-1, intaddr:192.168.56.1, intport:50014, extaddr:nonsupport, extport:0,  from 192.168.56.1:50034/0/0/0.
    INFO      dbmgr-1 3960 4000  [2019-06-20 08:10:52 274] - Components::addComponent[cellappmgr], uid=3960, componentID=6000, globalorderid=3, grouporderid=1, totalcount=1
    INFO      dbmgr-1 3960 4000  [2019-06-20 08:10:53 574] - ServerApp::onRegisterNewApp: uid:3960, username:error_name, componentType:baseapp, componentID:7001, globalorderID=-1, grouporderID=-1, intaddr:192.168.56.1, intport:50011, extaddr:192.168.56.1, extport:20015,  from 192.168.56.1:50036/0/0/0.
    INFO      dbmgr-1 3960 4000  [2019-06-20 08:10:53 574] - Components::addComponent[baseapp], uid=3960, componentID=7001, globalorderid=4, grouporderid=1, totalcount=1
    INFO      dbmgr-1 3960 4000  [2019-06-20 08:10:55 174] - ServerApp::onRegisterNewApp: uid:3960, username:error_name, componentType:cellapp, componentID:8001, globalorderID=-1, grouporderID=-1, intaddr:192.168.56.1, intport:50016, extaddr:nonsupport, extport:0,  from 192.168.56.1:50039/0/0/0.
    INFO      dbmgr-1 3960 4000  [2019-06-20 08:10:55 174] - Components::addComponent[cellapp], uid=3960, componentID=8001, globalorderid=5, grouporderid=1, totalcount=1
    INFO      dbmgr-1 3960 4000  [2019-06-20 08:10:58 193] - IDServer::allocRange: 1-2001.
    INFO      dbmgr-1 3960 4000  [2019-06-20 08:10:58 193] - IDServer::allocRange: 2001-4001.
   DEBUG      dbmgr-1 3960 4000  [2019-06-20 08:10:58 193] - SyncAppDatasHandler::~SyncAppDatasHandler()
    INFO      dbmgr-1 3960 4000  [2019-06-20 08:11:00 394] - GlobalDataServer::broadcastDataChanged: writer(baseapp, addr=192.168.56.1:50036/0/0/0), keySize=10, valSize=45, isDelete=0
   DEBUG      dbmgr-1 3960 4000  [2019-06-20 08:13:33 884] - Dbmgr::onAccountLogin:loginName=111, accountName=111, success=0, componentID=0, entityID=0, dbid=1, flags=0, deadline=0.
   DEBUG      dbmgr-1 3960 4000  [2019-06-20 08:13:34 063] - Dbmgr::queryAccount: 111, success=true, flags=0, deadline=0.
    INFO      dbmgr-1 3960 4000  [2019-06-20 08:13:35 955] - GlobalDataServer::broadcastDataChanged: writer(cellapp, addr=192.168.56.1:50039/0/0/0), keySize=12, valSize=45, isDelete=0
   DEBUG      dbmgr-1 3960 4000  [2019-06-20 08:14:05 822] - Dbmgr::onAccountLogin:loginName=123456, accountName=123456, success=0, componentID=0, entityID=0, dbid=2, flags=0, deadline=0.
   DEBUG      dbmgr-1 3960 4000  [2019-06-20 08:14:06 002] - Dbmgr::queryAccount: 123456, success=true, flags=0, deadline=0.
   DEBUG      dbmgr-1 3960 4000  [2019-06-20 08:14:20 981] - Dbmgr::onAccountLogin:loginName=12345678, accountName=12345678, success=0, componentID=0, entityID=0, dbid=3, flags=0, deadline=0.
   DEBUG      dbmgr-1 3960 4000  [2019-06-20 08:14:21 161] - Dbmgr::queryAccount: 12345678, success=true, flags=0, deadline=0.
   DEBUG      dbmgr-1 3960 4000  [2019-06-20 08:17:19 953] - Dbmgr::writeEntity: Account(3).
   DEBUG      dbmgr-1 3960 4000  [2019-06-20 08:18:59 949] - Dbmgr::writeEntity: Account(2).
   DEBUG      dbmgr-1 3960 4000  [2019-06-20 08:20:39 945] - Dbmgr::writeEntity: Account(1).
    INFO      dbmgr-1 3960 4000  [2019-06-20 08:22:01 930] - -----------------------------------------------------------------------------------------


    INFO      dbmgr-1 3960 4000  [2019-06-20 08:22:01 931] - Resmgr::initialize: KBE_ROOT=D:/kbengine/
    INFO      dbmgr-1 3960 4000  [2019-06-20 08:22:01 931] - Resmgr::initialize: KBE_RES_PATH=D:/kbengine/kbe/res/;D:/kbengine/HappyPoker_assets/;D:/kbengine/HappyPoker_assets/scripts/;D:/kbengine/HappyPoker_assets/res/
    INFO      dbmgr-1 3960 4000  [2019-06-20 08:22:01 931] - Resmgr::initialize: KBE_BIN_PATH=D:/kbengine/kbe/bin/server/
    INFO      dbmgr-1 3960 4000  [2019-06-20 08:22:01 950] - NetworkInterface::initialize(INTERNAL-TCP): bound to all interfaces with default route interface on 192.168.56.1 ( 192.168.56.1:50146 )
    INFO      dbmgr-1 3960 4000  [2019-06-20 08:22:01 950] - NetworkInterface::initialize(INTERNAL-TCP): address 192.168.56.1:50146, SOMAXCONN=5.
    INFO      dbmgr-1 3960 4000  [2019-06-20 08:22:01 951] - server-configs:
    INFO      dbmgr-1 3960 4000  [2019-06-20 08:22:01 951] - 	internalTcpAddr : 192.168.56.1:50146
    INFO      dbmgr-1 3960 4000  [2019-06-20 08:22:01 951] - 	componentID : 4000
 WARNING      dbmgr-1 3960 4000  [2019-06-20 08:22:01 952] - invalid UID(0) <= 0, please check UID for environment! automatically set to 3960.
 WARNING      dbmgr-1 3960 4000  [2019-06-20 08:22:02 408] - BundleBroadcast::BundleBroadcast: Cannot bind to port 20887, errorno=10048
    INFO      dbmgr-1 3960 4000  [2019-06-20 08:22:02 412] - ---- dbmgr Version: 2.4.5. ScriptVersion: 0.1.0. Pythoncore: 3.7.3. Protocol: 11178A1C367680938C8E416B64844ACD. Config: Debug X86. Built: 09:55:16 May  8 2019. AppID: 4000. UID: 3960. PID: 7632 ----
    INFO      dbmgr-1 3960 4000  [2019-06-20 08:22:02 413] - Server error_name: Intel(R) Core(TM) i5-6300HQ CPU @ 2.30GHz with 2097151kB RAM
    INFO      dbmgr-1 3960 4000  [2019-06-20 08:22:02 413] - ThreadPool::createThreadPool: creating  threadpool...
    INFO      dbmgr-1 3960 4000  [2019-06-20 08:22:02 413] - ThreadPool::createThreadPool: successfully(2), newThreadCount=1, normalMaxThreadCount=2, maxThreadCount=8
    INFO      dbmgr-1 3960 4000  [2019-06-20 08:22:02 615] - Script::install(): is successfully, Python=(3.7.3 (default, May  8 2019, 09:53:38) [MSC v.1916 32 bit (Intel)])!
    INFO      dbmgr-1 3960 4000  [2019-06-20 08:22:02 615] - Script::install(): KBExtra is successfully!
    INFO      dbmgr-1 3960 4000  [2019-06-20 08:22:02 970] - Dbmgr::initializeEnd: digest(35046D1581FAE051845F0D5C10DF296E)
  S_INFO      dbmgr-1 3960 4000  [2019-06-20 08:22:02 970] - onDBMgrReady: bootstrapGroupIndex=0, bootstrapGlobalIndex=0
    INFO      dbmgr-1 3960 4000  [2019-06-20 08:22:02 971] - TelnetServer server is running on port 32000
    INFO      dbmgr-1 3960 4000  [2019-06-20 08:22:02 976] - Dbmgr::initInterfacesHandler: interfaces addr(127.0.0.1:30099), accountType:(interfaces), chargeType:(interfaces).
 WARNING      dbmgr-1 3960 4000  [2019-06-20 08:22:03 247] - DBUtil::initialize: db(default) password is not encrypted!
please use password(rsa):
C342A6C676D64ABBC607F2440D1098510DF2FF1BD35ACBC9FBBB171628B05E74123ED14B396517397B6376421342E3CB4B07A1BEE61A2650E8BC950D850051C2A40DE778B0B8C28FB539E3FA114695E32733169A1D4507DC57425956A52042BF411219B078DB33258DCE059EE537663448274AB3F18CDA7104F2529271ECB7D8
   DEBUG      dbmgr-1 3960 4000  [2019-06-20 08:22:03 251] - DBInterfaceMysql::attach: connect: localhost:3306 starting...
   DEBUG      dbmgr-1 3960 4000  [2019-06-20 08:22:03 502] - DBInterfaceMysql::attach: successfully! addr: localhost:3306
    INFO      dbmgr-1 3960 4000  [2019-06-20 08:22:03 502] - DBUtil::createInterface[0x4ff0f0]: interface=default, dbtype=mysql, ip=localhost, port=3306, currdatabase=kbe, username=kbe, connected=yes.

    INFO      dbmgr-1 3960 4000  [2019-06-20 08:22:03 503] - ThreadPool::createThreadPool: creating  threadpool...
    INFO      dbmgr-1 3960 4000  [2019-06-20 08:22:03 503] - ThreadPool::createThreadPool: successfully(5), newThreadCount=5, normalMaxThreadCount=5, maxThreadCount=5
    INFO      dbmgr-1 3960 4000  [2019-06-20 08:22:03 701] - DBInterfaceMysql::query: successfully!
 WARNING      dbmgr-1 3960 4000  [2019-06-20 08:22:04 118] - d:\kbengine\kbe\src\server\dbmgr\dbmgr.cpp:306: Profile scriptCall took 1.15 seconds
    INFO      dbmgr-1 3960 4000  [2019-06-20 08:22:04 530] - ---- dbmgr is running ----
   DEBUG      dbmgr-1 3960 4000  [2019-06-20 08:22:04 531] - Components::process(): Request for the process of identity...
   DEBUG      dbmgr-1 3960 4000  [2019-06-20 08:22:03 504] - DBInterfaceMysql::attach: connect: localhost:3306 starting...
   DEBUG      dbmgr-1 3960 4000  [2019-06-20 08:22:03 510] - DBInterfaceMysql::attach: connect: localhost:3306 starting...
   DEBUG      dbmgr-1 3960 4000  [2019-06-20 08:22:03 514] - DBInterfaceMysql::attach: connect: localhost:3306 starting...
   DEBUG      dbmgr-1 3960 4000  [2019-06-20 08:22:03 570] - DBInterfaceMysql::attach: successfully! addr: localhost:3306
   DEBUG      dbmgr-1 3960 4000  [2019-06-20 08:22:03 570] - DBThread::onStart(): 0x7b5518!
   DEBUG      dbmgr-1 3960 4000  [2019-06-20 08:22:03 571] - DBInterfaceMysql::attach: connect: localhost:3306 starting...
   DEBUG      dbmgr-1 3960 4000  [2019-06-20 08:22:03 589] - DBInterfaceMysql::attach: connect: localhost:3306 starting...
   DEBUG      dbmgr-1 3960 4000  [2019-06-20 08:22:03 649] - DBInterfaceMysql::attach: successfully! addr: localhost:3306
   DEBUG      dbmgr-1 3960 4000  [2019-06-20 08:22:03 649] - DBThread::onStart(): 0x7b5628!
   DEBUG      dbmgr-1 3960 4000  [2019-06-20 08:22:03 699] - DBInterfaceMysql::attach: successfully! addr: localhost:3306
   DEBUG      dbmgr-1 3960 4000  [2019-06-20 08:22:03 699] - DBThread::onStart(): 0x7b5050!
   DEBUG      dbmgr-1 3960 4000  [2019-06-20 08:22:03 749] - DBInterfaceMysql::attach: successfully! addr: localhost:3306
   DEBUG      dbmgr-1 3960 4000  [2019-06-20 08:22:03 749] - DBThread::onStart(): 0x7b52f8!
   DEBUG      dbmgr-1 3960 4000  [2019-06-20 08:22:03 837] - DBInterfaceMysql::attach: successfully! addr: localhost:3306
   DEBUG      dbmgr-1 3960 4000  [2019-06-20 08:22:03 837] - DBThread::onStart(): 0x7b5380!
    INFO      dbmgr-1 3960 4000  [2019-06-20 08:22:03 883] - DBInterfaceMysql::query: successfully!
    INFO      dbmgr-1 3960 4000  [2019-06-20 08:22:03 883] - DBInterfaceMysql::query: successfully!
    INFO      dbmgr-1 3960 4000  [2019-06-20 08:22:03 908] - DBInterfaceMysql::query: successfully!
    INFO      dbmgr-1 3960 4000  [2019-06-20 08:22:03 908] - DBInterfaceMysql::query: successfully!
 WARNING      dbmgr-1 3960 4000  [2019-06-20 08:22:03 909] - DBTask::process(): took 0.21 seconds
sql:(CREATE TABLE IF NOT EXISTS kbe_accountinfos (`accountName` varchar(128) not null, PRIMARY KEY idKey (`accountName`),`password` varchar(255) not null,`bindata` blob,`email` varchar(191) not null, UNIQUE KEY `email` (`email`),`entityDBID` bigint(20) unsigned not null DEFAULT 0, UNIQUE KEY `entityDBID` (`entityDBID`),`flags` int unsigned not null DEFAULT 0,`deadline` bigint(20) not null DEFAULT 0,`regtime` bigint(20) not null DEFAULT 0,`lasttime` bigint(20) not null DEFAULT 0,`numlogin` int unsigned not null DEFAULT 0)ENGINE=InnoDB)
    INFO      dbmgr-1 3960 4000  [2019-06-20 08:22:03 917] - DBInterfaceMysql::query: successfully!
    INFO      dbmgr-1 3960 4000  [2019-06-20 08:22:03 917] - DBInterfaceMysql::query: successfully!
    INFO      dbmgr-1 3960 4000  [2019-06-20 08:22:03 918] - DBInterfaceMysql::query: successfully!
 WARNING      dbmgr-1 3960 4000  [2019-06-20 08:22:04 008] - DBTask::process(): took 0.31 seconds
sql:(insert into kbe_serverlog (heartbeatTime, serverGroupID) values(1560990123,3960) ON DUPLICATE KEY UPDATE heartbeatTime=1560990123)
    INFO      dbmgr-1 3960 4000  [2019-06-20 08:22:04 095] - DBInterfaceMysql::query: successfully!
 WARNING      dbmgr-1 3960 4000  [2019-06-20 08:22:04 096] - DBTask::process(): took 0.39 seconds
sql:(select distinct(serverGroupID) from kbe_entitylog)
    INFO      dbmgr-1 3960 4000  [2019-06-20 08:22:10 676] - ServerApp::onRegisterNewApp: uid:3960, username:error_name, componentType:interfaces, componentID:3000, globalorderID=-1, grouporderID=-1, intaddr:192.168.56.1, intport:30099, extaddr:nonsupport, extport:0,  from 127.0.0.1:30099/0/0/0.
    INFO      dbmgr-1 3960 4000  [2019-06-20 08:22:10 676] - Components::addComponent: reset orderLog, uid=3960!
    INFO      dbmgr-1 3960 4000  [2019-06-20 08:22:10 676] - Components::addComponent[interfaces], uid=3960, componentID=3000, globalorderid=1, grouporderid=1, totalcount=1
    INFO      dbmgr-1 3960 4000  [2019-06-20 08:22:11 690] - Components::findComponents: find logger(1)...
    INFO      dbmgr-1 3960 4000  [2019-06-20 08:22:11 792] - Components::findComponents: found logger, addr:192.168.56.1:50145
    INFO      dbmgr-1 3960 4000  [2019-06-20 08:22:11 792] - Components::addComponent: reset orderLog, uid=3960!
    INFO      dbmgr-1 3960 4000  [2019-06-20 08:22:11 792] - Components::addComponent[logger], uid=3960, componentID=2000, globalorderid=1, grouporderid=1, totalcount=1
    INFO      dbmgr-1 3960 4000  [2019-06-20 08:22:11 830] - Components::process(): Found all the components!
    INFO      dbmgr-1 3960 4000  [2019-06-20 08:22:14 632] - ServerApp::onRegisterNewApp: uid:3960, username:error_name, componentType:loginapp, componentID:9000, globalorderID=-1, grouporderID=-1, intaddr:192.168.56.1, intport:50147, extaddr:192.168.56.1, extport:20013,  from 192.168.56.1:50172/0/0/0.
    INFO      dbmgr-1 3960 4000  [2019-06-20 08:22:14 632] - Components::addComponent: reset orderLog, uid=3960!
    INFO      dbmgr-1 3960 4000  [2019-06-20 08:22:14 632] - Components::addComponent[loginapp], uid=3960, componentID=9000, globalorderid=1, grouporderid=1, totalcount=1
    INFO      dbmgr-1 3960 4000  [2019-06-20 08:22:15 393] - ServerApp::onRegisterNewApp: uid:3960, username:error_name, componentType:cellappmgr, componentID:6000, globalorderID=-1, grouporderID=-1, intaddr:192.168.56.1, intport:50141, extaddr:nonsupport, extport:0,  from 192.168.56.1:50175/0/0/0.
    INFO      dbmgr-1 3960 4000  [2019-06-20 08:22:15 393] - Components::addComponent[cellappmgr], uid=3960, componentID=6000, globalorderid=2, grouporderid=1, totalcount=1
    INFO      dbmgr-1 3960 4000  [2019-06-20 08:22:16 797] - ServerApp::onRegisterNewApp: uid:3960, username:error_name, componentType:baseappmgr, componentID:5000, globalorderID=-1, grouporderID=-1, intaddr:192.168.56.1, intport:50144, extaddr:nonsupport, extport:0,  from 192.168.56.1:50178/0/0/0.
    INFO      dbmgr-1 3960 4000  [2019-06-20 08:22:16 797] - Components::addComponent[baseappmgr], uid=3960, componentID=5000, globalorderid=3, grouporderid=1, totalcount=1
    INFO      dbmgr-1 3960 4000  [2019-06-20 08:22:17 006] - ServerApp::onRegisterNewApp: uid:3960, username:error_name, componentType:cellapp, componentID:8001, globalorderID=-1, grouporderID=-1, intaddr:192.168.56.1, intport:50148, extaddr:nonsupport, extport:0,  from 192.168.56.1:50180/0/0/0.
    INFO      dbmgr-1 3960 4000  [2019-06-20 08:22:17 006] - Components::addComponent[cellapp], uid=3960, componentID=8001, globalorderid=4, grouporderid=1, totalcount=1
    INFO      dbmgr-1 3960 4000  [2019-06-20 08:22:17 149] - ServerApp::onRegisterNewApp: uid:3960, username:error_name, componentType:baseapp, componentID:7001, globalorderID=-1, grouporderID=-1, intaddr:192.168.56.1, intport:50143, extaddr:192.168.56.1, extport:20015,  from 192.168.56.1:50183/0/0/0.
    INFO      dbmgr-1 3960 4000  [2019-06-20 08:22:17 149] - Components::addComponent[baseapp], uid=3960, componentID=7001, globalorderid=5, grouporderid=1, totalcount=1
    INFO      dbmgr-1 3960 4000  [2019-06-20 08:22:20 150] - IDServer::allocRange: 1-2001.
    INFO      dbmgr-1 3960 4000  [2019-06-20 08:22:20 151] - IDServer::allocRange: 2001-4001.
   DEBUG      dbmgr-1 3960 4000  [2019-06-20 08:22:20 151] - SyncAppDatasHandler::~SyncAppDatasHandler()
    INFO      dbmgr-1 3960 4000  [2019-06-20 08:22:21 856] - GlobalDataServer::broadcastDataChanged: writer(baseapp, addr=192.168.56.1:50183/0/0/0), keySize=10, valSize=48, isDelete=0
   DEBUG      dbmgr-1 3960 4000  [2019-06-20 08:22:42 850] - Dbmgr::onAccountLogin:loginName=111, accountName=111, success=0, componentID=0, entityID=0, dbid=1, flags=0, deadline=0.
   DEBUG      dbmgr-1 3960 4000  [2019-06-20 08:22:43 029] - Dbmgr::queryAccount: 111, success=true, flags=0, deadline=0.
    INFO      dbmgr-1 3960 4000  [2019-06-20 08:22:45 285] - GlobalDataServer::broadcastDataChanged: writer(cellapp, addr=192.168.56.1:50180/0/0/0), keySize=12, valSize=48, isDelete=0
   DEBUG      dbmgr-1 3960 4000  [2019-06-20 08:23:06 149] - Dbmgr::onAccountLogin:loginName=123456, accountName=123456, success=0, componentID=0, entityID=0, dbid=2, flags=0, deadline=0.
   DEBUG      dbmgr-1 3960 4000  [2019-06-20 08:23:06 329] - Dbmgr::queryAccount: 123456, success=true, flags=0, deadline=0.
   DEBUG      dbmgr-1 3960 4000  [2019-06-20 08:23:29 189] - Dbmgr::onAccountLogin:loginName=12345678, accountName=12345678, success=0, componentID=0, entityID=0, dbid=3, flags=0, deadline=0.
   DEBUG      dbmgr-1 3960 4000  [2019-06-20 08:23:29 368] - Dbmgr::queryAccount: 12345678, success=true, flags=0, deadline=0.
   DEBUG      dbmgr-1 3960 4000  [2019-06-20 08:28:42 256] - Dbmgr::writeEntity: Account(3).
    INFO      dbmgr-1 3960 4000  [2019-06-20 08:29:33 452] - -----------------------------------------------------------------------------------------


    INFO      dbmgr-1 3960 4000  [2019-06-20 08:29:33 453] - Resmgr::initialize: KBE_ROOT=D:/kbengine/
    INFO      dbmgr-1 3960 4000  [2019-06-20 08:29:33 453] - Resmgr::initialize: KBE_RES_PATH=D:/kbengine/kbe/res/;D:/kbengine/HappyPoker_assets/;D:/kbengine/HappyPoker_assets/scripts/;D:/kbengine/HappyPoker_assets/res/
    INFO      dbmgr-1 3960 4000  [2019-06-20 08:29:33 453] - Resmgr::initialize: KBE_BIN_PATH=D:/kbengine/kbe/bin/server/
    INFO      dbmgr-1 3960 4000  [2019-06-20 08:29:33 468] - NetworkInterface::initialize(INTERNAL-TCP): bound to all interfaces with default route interface on 192.168.56.1 ( 192.168.56.1:50221 )
    INFO      dbmgr-1 3960 4000  [2019-06-20 08:29:33 468] - NetworkInterface::initialize(INTERNAL-TCP): address 192.168.56.1:50221, SOMAXCONN=5.
    INFO      dbmgr-1 3960 4000  [2019-06-20 08:29:33 468] - server-configs:
    INFO      dbmgr-1 3960 4000  [2019-06-20 08:29:33 468] - 	internalTcpAddr : 192.168.56.1:50221
    INFO      dbmgr-1 3960 4000  [2019-06-20 08:29:33 469] - 	componentID : 4000
 WARNING      dbmgr-1 3960 4000  [2019-06-20 08:29:33 469] - invalid UID(0) <= 0, please check UID for environment! automatically set to 3960.
    INFO      dbmgr-1 3960 4000  [2019-06-20 08:29:34 976] - ---- dbmgr Version: 2.4.5. ScriptVersion: 0.1.0. Pythoncore: 3.7.3. Protocol: 11178A1C367680938C8E416B64844ACD. Config: Debug X86. Built: 09:55:16 May  8 2019. AppID: 4000. UID: 3960. PID: 2700 ----
    INFO      dbmgr-1 3960 4000  [2019-06-20 08:29:34 991] - Server error_name: Intel(R) Core(TM) i5-6300HQ CPU @ 2.30GHz with 2097151kB RAM
    INFO      dbmgr-1 3960 4000  [2019-06-20 08:29:35 007] - ThreadPool::createThreadPool: creating  threadpool...
    INFO      dbmgr-1 3960 4000  [2019-06-20 08:29:35 007] - ThreadPool::createThreadPool: successfully(2), newThreadCount=1, normalMaxThreadCount=2, maxThreadCount=8
    INFO      dbmgr-1 3960 4000  [2019-06-20 08:29:35 502] - Script::install(): is successfully, Python=(3.7.3 (default, May  8 2019, 09:53:38) [MSC v.1916 32 bit (Intel)])!
    INFO      dbmgr-1 3960 4000  [2019-06-20 08:29:35 502] - Script::install(): KBExtra is successfully!
    INFO      dbmgr-1 3960 4000  [2019-06-20 08:29:35 782] - Dbmgr::initializeEnd: digest(35046D1581FAE051845F0D5C10DF296E)
  S_INFO      dbmgr-1 3960 4000  [2019-06-20 08:29:35 782] - onDBMgrReady: bootstrapGroupIndex=0, bootstrapGlobalIndex=0
    INFO      dbmgr-1 3960 4000  [2019-06-20 08:29:35 782] - TelnetServer server is running on port 32000
    INFO      dbmgr-1 3960 4000  [2019-06-20 08:29:35 783] - Dbmgr::initInterfacesHandler: interfaces addr(127.0.0.1:30099), accountType:(interfaces), chargeType:(interfaces).
 WARNING      dbmgr-1 3960 4000  [2019-06-20 08:29:36 058] - DBUtil::initialize: db(default) password is not encrypted!
please use password(rsa):
E6757796D80A39C2D3D805E72D9F1AFD257E2B146ABF086C44D69F8C11A8E6187593E4399DE2110294255773730A3ED95C7E31F2E4C559BFD37083D23D0BA15FDD89947660C3C4162415FC2413642F96976BF57A91BCF577644CF57045381C3D1C71C3506D3CF768334305F3B9235BC1C64E9155299EEB1A996B913CE1795792
   DEBUG      dbmgr-1 3960 4000  [2019-06-20 08:29:36 064] - DBInterfaceMysql::attach: connect: localhost:3306 starting...
   DEBUG      dbmgr-1 3960 4000  [2019-06-20 08:29:36 198] - DBInterfaceMysql::attach: successfully! addr: localhost:3306
    INFO      dbmgr-1 3960 4000  [2019-06-20 08:29:36 198] - DBUtil::createInterface[0xa6edfc]: interface=default, dbtype=mysql, ip=localhost, port=3306, currdatabase=kbe, username=kbe, connected=yes.

    INFO      dbmgr-1 3960 4000  [2019-06-20 08:29:36 199] - ThreadPool::createThreadPool: creating  threadpool...
    INFO      dbmgr-1 3960 4000  [2019-06-20 08:29:36 199] - ThreadPool::createThreadPool: successfully(5), newThreadCount=5, normalMaxThreadCount=5, maxThreadCount=5
    INFO      dbmgr-1 3960 4000  [2019-06-20 08:29:36 502] - DBInterfaceMysql::query: successfully!
 WARNING      dbmgr-1 3960 4000  [2019-06-20 08:29:36 886] - d:\kbengine\kbe\src\server\dbmgr\dbmgr.cpp:306: Profile scriptCall took 1.10 seconds
    INFO      dbmgr-1 3960 4000  [2019-06-20 08:29:37 372] - ---- dbmgr is running ----
   DEBUG      dbmgr-1 3960 4000  [2019-06-20 08:29:37 373] - Components::process(): Request for the process of identity...
   DEBUG      dbmgr-1 3960 4000  [2019-06-20 08:29:36 200] - DBInterfaceMysql::attach: connect: localhost:3306 starting...
   DEBUG      dbmgr-1 3960 4000  [2019-06-20 08:29:36 200] - DBInterfaceMysql::attach: connect: localhost:3306 starting...
   DEBUG      dbmgr-1 3960 4000  [2019-06-20 08:29:36 200] - DBInterfaceMysql::attach: connect: localhost:3306 starting...
   DEBUG      dbmgr-1 3960 4000  [2019-06-20 08:29:36 218] - DBInterfaceMysql::attach: connect: localhost:3306 starting...
   DEBUG      dbmgr-1 3960 4000  [2019-06-20 08:29:36 219] - DBInterfaceMysql::attach: connect: localhost:3306 starting...
   DEBUG      dbmgr-1 3960 4000  [2019-06-20 08:29:36 300] - DBInterfaceMysql::attach: successfully! addr: localhost:3306
   DEBUG      dbmgr-1 3960 4000  [2019-06-20 08:29:36 300] - DBThread::onStart(): 0x2185448!
   DEBUG      dbmgr-1 3960 4000  [2019-06-20 08:29:36 387] - DBInterfaceMysql::attach: successfully! addr: localhost:3306
   DEBUG      dbmgr-1 3960 4000  [2019-06-20 08:29:36 387] - DBThread::onStart(): 0x2185cc8!
   DEBUG      dbmgr-1 3960 4000  [2019-06-20 08:29:36 462] - DBInterfaceMysql::attach: successfully! addr: localhost:3306
   DEBUG      dbmgr-1 3960 4000  [2019-06-20 08:29:36 463] - DBThread::onStart(): 0x2185668!
   DEBUG      dbmgr-1 3960 4000  [2019-06-20 08:29:36 545] - DBInterfaceMysql::attach: successfully! addr: localhost:3306
   DEBUG      dbmgr-1 3960 4000  [2019-06-20 08:29:36 546] - DBThread::onStart(): 0x2185800!
   DEBUG      dbmgr-1 3960 4000  [2019-06-20 08:29:36 587] - DBInterfaceMysql::attach: successfully! addr: localhost:3306
   DEBUG      dbmgr-1 3960 4000  [2019-06-20 08:29:36 587] - DBThread::onStart(): 0x2185d50!
    INFO      dbmgr-1 3960 4000  [2019-06-20 08:29:36 645] - DBInterfaceMysql::query: successfully!
    INFO      dbmgr-1 3960 4000  [2019-06-20 08:29:36 675] - DBInterfaceMysql::query: successfully!
    INFO      dbmgr-1 3960 4000  [2019-06-20 08:29:36 675] - DBInterfaceMysql::query: successfully!
    INFO      dbmgr-1 3960 4000  [2019-06-20 08:29:36 675] - DBInterfaceMysql::query: successfully!
    INFO      dbmgr-1 3960 4000  [2019-06-20 08:29:36 675] - DBInterfaceMysql::query: successfully!
    INFO      dbmgr-1 3960 4000  [2019-06-20 08:29:36 676] - DBInterfaceMysql::query: successfully!
    INFO      dbmgr-1 3960 4000  [2019-06-20 08:29:36 677] - DBInterfaceMysql::query: successfully!
 WARNING      dbmgr-1 3960 4000  [2019-06-20 08:29:36 804] - DBTask::process(): took 0.30 seconds
sql:(insert into kbe_serverlog (heartbeatTime, serverGroupID) values(1560990576,3960) ON DUPLICATE KEY UPDATE heartbeatTime=1560990576)
    INFO      dbmgr-1 3960 4000  [2019-06-20 08:29:36 862] - DBInterfaceMysql::query: successfully!
 WARNING      dbmgr-1 3960 4000  [2019-06-20 08:29:36 863] - DBTask::process(): took 0.36 seconds
sql:(select distinct(serverGroupID) from kbe_entitylog)
    INFO      dbmgr-1 3960 4000  [2019-06-20 08:29:43 527] - ServerApp::onRegisterNewApp: uid:3960, username:error_name, componentType:interfaces, componentID:3000, globalorderID=-1, grouporderID=-1, intaddr:192.168.56.1, intport:30099, extaddr:nonsupport, extport:0,  from 127.0.0.1:30099/0/0/0.
    INFO      dbmgr-1 3960 4000  [2019-06-20 08:29:43 527] - Components::addComponent: reset orderLog, uid=3960!
    INFO      dbmgr-1 3960 4000  [2019-06-20 08:29:43 527] - Components::addComponent[interfaces], uid=3960, componentID=3000, globalorderid=1, grouporderid=1, totalcount=1
    INFO      dbmgr-1 3960 4000  [2019-06-20 08:29:44 543] - Components::findComponents: find logger(1)...
    INFO      dbmgr-1 3960 4000  [2019-06-20 08:29:44 569] - Components::findComponents: found logger, addr:192.168.56.1:50218
    INFO      dbmgr-1 3960 4000  [2019-06-20 08:29:44 570] - Components::addComponent: reset orderLog, uid=3960!
    INFO      dbmgr-1 3960 4000  [2019-06-20 08:29:44 570] - Components::addComponent[logger], uid=3960, componentID=2000, globalorderid=1, grouporderid=1, totalcount=1
    INFO      dbmgr-1 3960 4000  [2019-06-20 08:29:44 603] - Components::process(): Found all the components!
    INFO      dbmgr-1 3960 4000  [2019-06-20 08:29:46 286] - ServerApp::onRegisterNewApp: uid:3960, username:error_name, componentType:loginapp, componentID:9000, globalorderID=-1, grouporderID=-1, intaddr:192.168.56.1, intport:50224, extaddr:192.168.56.1, extport:20013,  from 192.168.56.1:50248/0/0/0.
    INFO      dbmgr-1 3960 4000  [2019-06-20 08:29:46 287] - Components::addComponent: reset orderLog, uid=3960!
    INFO      dbmgr-1 3960 4000  [2019-06-20 08:29:46 287] - Components::addComponent[loginapp], uid=3960, componentID=9000, globalorderid=1, grouporderid=1, totalcount=1
    INFO      dbmgr-1 3960 4000  [2019-06-20 08:29:46 942] - ServerApp::onRegisterNewApp: uid:3960, username:error_name, componentType:cellappmgr, componentID:6000, globalorderID=-1, grouporderID=-1, intaddr:192.168.56.1, intport:50216, extaddr:nonsupport, extport:0,  from 192.168.56.1:50250/0/0/0.
    INFO      dbmgr-1 3960 4000  [2019-06-20 08:29:46 942] - Components::addComponent[cellappmgr], uid=3960, componentID=6000, globalorderid=2, grouporderid=1, totalcount=1
    INFO      dbmgr-1 3960 4000  [2019-06-20 08:29:47 032] - ServerApp::onRegisterNewApp: uid:3960, username:error_name, componentType:baseappmgr, componentID:5000, globalorderID=-1, grouporderID=-1, intaddr:192.168.56.1, intport:50219, extaddr:nonsupport, extport:0,  from 192.168.56.1:50252/0/0/0.
    INFO      dbmgr-1 3960 4000  [2019-06-20 08:29:47 032] - Components::addComponent[baseappmgr], uid=3960, componentID=5000, globalorderid=3, grouporderid=1, totalcount=1
    INFO      dbmgr-1 3960 4000  [2019-06-20 08:29:48 734] - ServerApp::onRegisterNewApp: uid:3960, username:error_name, componentType:baseapp, componentID:7001, globalorderID=-1, grouporderID=-1, intaddr:192.168.56.1, intport:50222, extaddr:192.168.56.1, extport:20015,  from 192.168.56.1:50254/0/0/0.
    INFO      dbmgr-1 3960 4000  [2019-06-20 08:29:48 734] - Components::addComponent[baseapp], uid=3960, componentID=7001, globalorderid=4, grouporderid=1, totalcount=1
    INFO      dbmgr-1 3960 4000  [2019-06-20 08:29:48 861] - ServerApp::onRegisterNewApp: uid:3960, username:error_name, componentType:cellapp, componentID:8001, globalorderID=-1, grouporderID=-1, intaddr:192.168.56.1, intport:50223, extaddr:nonsupport, extport:0,  from 192.168.56.1:50257/0/0/0.
    INFO      dbmgr-1 3960 4000  [2019-06-20 08:29:48 861] - Components::addComponent[cellapp], uid=3960, componentID=8001, globalorderid=5, grouporderid=1, totalcount=1
    INFO      dbmgr-1 3960 4000  [2019-06-20 08:29:51 863] - IDServer::allocRange: 1-2001.
    INFO      dbmgr-1 3960 4000  [2019-06-20 08:29:51 863] - IDServer::allocRange: 2001-4001.
   DEBUG      dbmgr-1 3960 4000  [2019-06-20 08:29:51 864] - SyncAppDatasHandler::~SyncAppDatasHandler()
    INFO      dbmgr-1 3960 4000  [2019-06-20 08:29:53 517] - GlobalDataServer::broadcastDataChanged: writer(baseapp, addr=192.168.56.1:50254/0/0/0), keySize=10, valSize=45, isDelete=0
   DEBUG      dbmgr-1 3960 4000  [2019-06-20 08:30:29 605] - Dbmgr::onAccountLogin:loginName=111, accountName=111, success=0, componentID=0, entityID=0, dbid=1, flags=0, deadline=0.
   DEBUG      dbmgr-1 3960 4000  [2019-06-20 08:30:29 765] - Dbmgr::queryAccount: 111, success=true, flags=0, deadline=0.
    INFO      dbmgr-1 3960 4000  [2019-06-20 08:30:31 627] - GlobalDataServer::broadcastDataChanged: writer(cellapp, addr=192.168.56.1:50257/0/0/0), keySize=12, valSize=45, isDelete=0
   DEBUG      dbmgr-1 3960 4000  [2019-06-20 08:30:52 666] - Dbmgr::onAccountLogin:loginName=123456, accountName=123456, success=0, componentID=0, entityID=0, dbid=2, flags=0, deadline=0.
   DEBUG      dbmgr-1 3960 4000  [2019-06-20 08:30:52 886] - Dbmgr::queryAccount: 123456, success=true, flags=0, deadline=0.
   DEBUG      dbmgr-1 3960 4000  [2019-06-20 08:31:20 948] - Dbmgr::onAccountLogin:loginName=12345678, accountName=12345678, success=0, componentID=0, entityID=0, dbid=3, flags=0, deadline=0.
   DEBUG      dbmgr-1 3960 4000  [2019-06-20 08:31:21 107] - Dbmgr::queryAccount: 12345678, success=true, flags=0, deadline=0.
   DEBUG      dbmgr-1 3960 4000  [2019-06-20 08:36:15 343] - Dbmgr::writeEntity: Account(3).
   DEBUG      dbmgr-1 3960 4000  [2019-06-20 08:37:55 349] - Dbmgr::writeEntity: Account(2).
   DEBUG      dbmgr-1 3960 4000  [2019-06-20 08:39:35 354] - Dbmgr::writeEntity: Account(1).
    INFO      dbmgr-1 3960 4000  [2019-06-20 08:41:07 907] - -----------------------------------------------------------------------------------------


    INFO      dbmgr-1 3960 4000  [2019-06-20 08:41:07 908] - Resmgr::initialize: KBE_ROOT=D:/kbengine/
    INFO      dbmgr-1 3960 4000  [2019-06-20 08:41:07 908] - Resmgr::initialize: KBE_RES_PATH=D:/kbengine/kbe/res/;D:/kbengine/HappyPoker_assets/;D:/kbengine/HappyPoker_assets/scripts/;D:/kbengine/HappyPoker_assets/res/
    INFO      dbmgr-1 3960 4000  [2019-06-20 08:41:07 908] - Resmgr::initialize: KBE_BIN_PATH=D:/kbengine/kbe/bin/server/
    INFO      dbmgr-1 3960 4000  [2019-06-20 08:41:07 986] - NetworkInterface::initialize(INTERNAL-TCP): bound to all interfaces with default route interface on 192.168.56.1 ( 192.168.56.1:50332 )
    INFO      dbmgr-1 3960 4000  [2019-06-20 08:41:07 987] - NetworkInterface::initialize(INTERNAL-TCP): address 192.168.56.1:50332, SOMAXCONN=5.
    INFO      dbmgr-1 3960 4000  [2019-06-20 08:41:07 987] - server-configs:
    INFO      dbmgr-1 3960 4000  [2019-06-20 08:41:07 987] - 	internalTcpAddr : 192.168.56.1:50332
    INFO      dbmgr-1 3960 4000  [2019-06-20 08:41:07 987] - 	componentID : 4000
 WARNING      dbmgr-1 3960 4000  [2019-06-20 08:41:07 990] - invalid UID(0) <= 0, please check UID for environment! automatically set to 3960.
    INFO      dbmgr-1 3960 4000  [2019-06-20 08:41:09 503] - ---- dbmgr Version: 2.4.5. ScriptVersion: 0.1.0. Pythoncore: 3.7.3. Protocol: 11178A1C367680938C8E416B64844ACD. Config: Debug X86. Built: 09:55:16 May  8 2019. AppID: 4000. UID: 3960. PID: 284 ----
    INFO      dbmgr-1 3960 4000  [2019-06-20 08:41:09 503] - Server error_name: Intel(R) Core(TM) i5-6300HQ CPU @ 2.30GHz with 2097151kB RAM
    INFO      dbmgr-1 3960 4000  [2019-06-20 08:41:09 504] - ThreadPool::createThreadPool: creating  threadpool...
    INFO      dbmgr-1 3960 4000  [2019-06-20 08:41:09 504] - ThreadPool::createThreadPool: successfully(2), newThreadCount=1, normalMaxThreadCount=2, maxThreadCount=8
    INFO      dbmgr-1 3960 4000  [2019-06-20 08:41:09 729] - Script::install(): is successfully, Python=(3.7.3 (default, May  8 2019, 09:53:38) [MSC v.1916 32 bit (Intel)])!
    INFO      dbmgr-1 3960 4000  [2019-06-20 08:41:09 730] - Script::install(): KBExtra is successfully!
    INFO      dbmgr-1 3960 4000  [2019-06-20 08:41:09 996] - Dbmgr::initializeEnd: digest(35046D1581FAE051845F0D5C10DF296E)
  S_INFO      dbmgr-1 3960 4000  [2019-06-20 08:41:09 996] - onDBMgrReady: bootstrapGroupIndex=0, bootstrapGlobalIndex=0
    INFO      dbmgr-1 3960 4000  [2019-06-20 08:41:09 997] - TelnetServer server is running on port 32000
    INFO      dbmgr-1 3960 4000  [2019-06-20 08:41:09 999] - Dbmgr::initInterfacesHandler: interfaces addr(127.0.0.1:30099), accountType:(interfaces), chargeType:(interfaces).
 WARNING      dbmgr-1 3960 4000  [2019-06-20 08:41:10 357] - DBUtil::initialize: db(default) password is not encrypted!
please use password(rsa):
42F6ECE42AA0B379B14117534EC21B5C3EE2EE6AB12EE28E35DD72C7F6CB50E146BE187C5C7F2165EEA3201C8B476B4071BFF8D2B807F9DD7EA18DBA9BE04F599FDAC06D1B27443D80DEAA82704EC21CD1D50928E5D02D713D417EEBFA2D7E1FEC2CE692797FB92C5B66C10F13BC9B3CF7BE9719FBAF050BD979E77CBAE5BE7A
   DEBUG      dbmgr-1 3960 4000  [2019-06-20 08:41:10 362] - DBInterfaceMysql::attach: connect: localhost:3306 starting...
   DEBUG      dbmgr-1 3960 4000  [2019-06-20 08:41:10 567] - DBInterfaceMysql::attach: successfully! addr: localhost:3306
    INFO      dbmgr-1 3960 4000  [2019-06-20 08:41:10 568] - DBUtil::createInterface[0x4ff150]: interface=default, dbtype=mysql, ip=localhost, port=3306, currdatabase=kbe, username=kbe, connected=yes.

    INFO      dbmgr-1 3960 4000  [2019-06-20 08:41:10 568] - ThreadPool::createThreadPool: creating  threadpool...
    INFO      dbmgr-1 3960 4000  [2019-06-20 08:41:10 569] - ThreadPool::createThreadPool: successfully(5), newThreadCount=5, normalMaxThreadCount=5, maxThreadCount=5
    INFO      dbmgr-1 3960 4000  [2019-06-20 08:41:10 729] - DBInterfaceMysql::query: successfully!
 WARNING      dbmgr-1 3960 4000  [2019-06-20 08:41:12 408] - d:\kbengine\kbe\src\server\dbmgr\dbmgr.cpp:306: Profile scriptCall took 2.42 seconds
    INFO      dbmgr-1 3960 4000  [2019-06-20 08:41:13 018] - ---- dbmgr is running ----
   DEBUG      dbmgr-1 3960 4000  [2019-06-20 08:41:13 018] - Components::process(): Request for the process of identity...
   DEBUG      dbmgr-1 3960 4000  [2019-06-20 08:41:10 582] - DBInterfaceMysql::attach: connect: localhost:3306 starting...
   DEBUG      dbmgr-1 3960 4000  [2019-06-20 08:41:10 600] - DBInterfaceMysql::attach: connect: localhost:3306 starting...
   DEBUG      dbmgr-1 3960 4000  [2019-06-20 08:41:10 613] - DBInterfaceMysql::attach: connect: localhost:3306 starting...
   DEBUG      dbmgr-1 3960 4000  [2019-06-20 08:41:10 625] - DBInterfaceMysql::attach: connect: localhost:3306 starting...
   DEBUG      dbmgr-1 3960 4000  [2019-06-20 08:41:10 630] - DBInterfaceMysql::attach: connect: localhost:3306 starting...
   DEBUG      dbmgr-1 3960 4000  [2019-06-20 08:41:10 727] - DBInterfaceMysql::attach: successfully! addr: localhost:3306
   DEBUG      dbmgr-1 3960 4000  [2019-06-20 08:41:10 727] - DBThread::onStart(): 0x695058!
   DEBUG      dbmgr-1 3960 4000  [2019-06-20 08:41:10 817] - DBInterfaceMysql::attach: successfully! addr: localhost:3306
   DEBUG      dbmgr-1 3960 4000  [2019-06-20 08:41:10 818] - DBThread::onStart(): 0x6958d8!
   DEBUG      dbmgr-1 3960 4000  [2019-06-20 08:41:10 987] - DBInterfaceMysql::attach: successfully! addr: localhost:3306
   DEBUG      dbmgr-1 3960 4000  [2019-06-20 08:41:10 987] - DBThread::onStart(): 0x695a70!
    INFO      dbmgr-1 3960 4000  [2019-06-20 08:41:11 062] - DBInterfaceMysql::query: successfully!
 WARNING      dbmgr-1 3960 4000  [2019-06-20 08:41:11 062] - DBTask::process(): took 0.33 seconds
sql:(CREATE TABLE IF NOT EXISTS kbe_accountinfos (`accountName` varchar(128) not null, PRIMARY KEY idKey (`accountName`),`password` varchar(255) not null,`bindata` blob,`email` varchar(191) not null, UNIQUE KEY `email` (`email`),`entityDBID` bigint(20) unsigned not null DEFAULT 0, UNIQUE KEY `entityDBID` (`entityDBID`),`flags` int unsigned not null DEFAULT 0,`deadline` bigint(20) not null DEFAULT 0,`regtime` bigint(20) not null DEFAULT 0,`lasttime` bigint(20) not null DEFAULT 0,`numlogin` int unsigned not null DEFAULT 0)ENGINE=InnoDB)
    INFO      dbmgr-1 3960 4000  [2019-06-20 08:41:11 104] - DBInterfaceMysql::query: successfully!
   DEBUG      dbmgr-1 3960 4000  [2019-06-20 08:41:11 233] - DBInterfaceMysql::attach: successfully! addr: localhost:3306
   DEBUG      dbmgr-1 3960 4000  [2019-06-20 08:41:11 233] - DBThread::onStart(): 0x695b80!
   DEBUG      dbmgr-1 3960 4000  [2019-06-20 08:41:11 388] - DBInterfaceMysql::attach: successfully! addr: localhost:3306
   DEBUG      dbmgr-1 3960 4000  [2019-06-20 08:41:11 388] - DBThread::onStart(): 0x695960!
 WARNING      dbmgr-1 3960 4000  [2019-06-20 08:41:11 441] - DBTask::process(): took 0.38 seconds
sql:(show index from tbl_Room)
    INFO      dbmgr-1 3960 4000  [2019-06-20 08:41:11 719] - DBInterfaceMysql::query: successfully!
    INFO      dbmgr-1 3960 4000  [2019-06-20 08:41:11 720] - DBInterfaceMysql::query: successfully!
    INFO      dbmgr-1 3960 4000  [2019-06-20 08:41:11 721] - DBInterfaceMysql::query: successfully!
    INFO      dbmgr-1 3960 4000  [2019-06-20 08:41:12 096] - DBInterfaceMysql::query: successfully!
    INFO      dbmgr-1 3960 4000  [2019-06-20 08:41:12 098] - DBInterfaceMysql::query: successfully!
    INFO      dbmgr-1 3960 4000  [2019-06-20 08:41:12 100] - DBInterfaceMysql::query: successfully!
 WARNING      dbmgr-1 3960 4000  [2019-06-20 08:41:12 100] - DBTask::process(): took 1.11 seconds
sql:(delete from kbe_email_verification where logtime<1560987672 and type=3)
 WARNING      dbmgr-1 3960 4000  [2019-06-20 08:41:12 173] - DBTask::process(): took 1.36 seconds
sql:(select distinct(serverGroupID) from kbe_entitylog)
 WARNING      dbmgr-1 3960 4000  [2019-06-20 08:41:12 301] - DBTask::process(): took 0.91 seconds
sql:(insert into kbe_serverlog (heartbeatTime, serverGroupID) values(1560991271,3960) ON DUPLICATE KEY UPDATE heartbeatTime=1560991271)
 WARNING      dbmgr-1 3960 4000  [2019-06-20 08:41:12 372] - DBTask::process(): took 0.93 seconds
sql:(show index from tbl_Hall)
 WARNING      dbmgr-1 3960 4000  [2019-06-20 08:41:12 374] - DBTask::process(): took 1.14 seconds
sql:(show index from tbl_Account)
    INFO      dbmgr-1 3960 4000  [2019-06-20 08:41:19 213] - ServerApp::onRegisterNewApp: uid:3960, username:error_name, componentType:interfaces, componentID:3000, globalorderID=-1, grouporderID=-1, intaddr:192.168.56.1, intport:30099, extaddr:nonsupport, extport:0,  from 127.0.0.1:30099/0/0/0.
    INFO      dbmgr-1 3960 4000  [2019-06-20 08:41:19 213] - Components::addComponent: reset orderLog, uid=3960!
    INFO      dbmgr-1 3960 4000  [2019-06-20 08:41:19 213] - Components::addComponent[interfaces], uid=3960, componentID=3000, globalorderid=1, grouporderid=1, totalcount=1
    INFO      dbmgr-1 3960 4000  [2019-06-20 08:41:20 217] - Components::findComponents: find logger(1)...
    INFO      dbmgr-1 3960 4000  [2019-06-20 08:41:20 239] - Components::findComponents: found logger, addr:192.168.56.1:50334
    INFO      dbmgr-1 3960 4000  [2019-06-20 08:41:20 239] - Components::addComponent: reset orderLog, uid=3960!
    INFO      dbmgr-1 3960 4000  [2019-06-20 08:41:20 239] - Components::addComponent[logger], uid=3960, componentID=2000, globalorderid=1, grouporderid=1, totalcount=1
    INFO      dbmgr-1 3960 4000  [2019-06-20 08:41:20 277] - Components::process(): Found all the components!
    INFO      dbmgr-1 3960 4000  [2019-06-20 08:41:20 750] - ServerApp::onRegisterNewApp: uid:3960, username:error_name, componentType:cellappmgr, componentID:6000, globalorderID=-1, grouporderID=-1, intaddr:192.168.56.1, intport:50336, extaddr:nonsupport, extport:0,  from 192.168.56.1:50365/0/0/0.
    INFO      dbmgr-1 3960 4000  [2019-06-20 08:41:20 750] - Components::addComponent: reset orderLog, uid=3960!
    INFO      dbmgr-1 3960 4000  [2019-06-20 08:41:20 751] - Components::addComponent[cellappmgr], uid=3960, componentID=6000, globalorderid=1, grouporderid=1, totalcount=1
    INFO      dbmgr-1 3960 4000  [2019-06-20 08:41:20 840] - ServerApp::onRegisterNewApp: uid:3960, username:error_name, componentType:baseappmgr, componentID:5000, globalorderID=-1, grouporderID=-1, intaddr:192.168.56.1, intport:50331, extaddr:nonsupport, extport:0,  from 192.168.56.1:50367/0/0/0.
    INFO      dbmgr-1 3960 4000  [2019-06-20 08:41:20 840] - Components::addComponent[baseappmgr], uid=3960, componentID=5000, globalorderid=2, grouporderid=1, totalcount=1
    INFO      dbmgr-1 3960 4000  [2019-06-20 08:41:22 290] - ServerApp::onRegisterNewApp: uid:3960, username:error_name, componentType:loginapp, componentID:9000, globalorderID=-1, grouporderID=-1, intaddr:192.168.56.1, intport:50338, extaddr:192.168.56.1, extport:20013,  from 192.168.56.1:50369/0/0/0.
    INFO      dbmgr-1 3960 4000  [2019-06-20 08:41:22 290] - Components::addComponent[loginapp], uid=3960, componentID=9000, globalorderid=3, grouporderid=1, totalcount=1
    INFO      dbmgr-1 3960 4000  [2019-06-20 08:41:23 383] - ServerApp::onRegisterNewApp: uid:3960, username:error_name, componentType:cellapp, componentID:8001, globalorderID=-1, grouporderID=-1, intaddr:192.168.56.1, intport:50335, extaddr:nonsupport, extport:0,  from 192.168.56.1:50371/0/0/0.
    INFO      dbmgr-1 3960 4000  [2019-06-20 08:41:23 383] - Components::addComponent[cellapp], uid=3960, componentID=8001, globalorderid=4, grouporderid=1, totalcount=1
    INFO      dbmgr-1 3960 4000  [2019-06-20 08:41:24 387] - ServerApp::onRegisterNewApp: uid:3960, username:error_name, componentType:baseapp, componentID:7001, globalorderID=-1, grouporderID=-1, intaddr:192.168.56.1, intport:50337, extaddr:192.168.56.1, extport:20015,  from 192.168.56.1:50374/0/0/0.
    INFO      dbmgr-1 3960 4000  [2019-06-20 08:41:24 387] - Components::addComponent[baseapp], uid=3960, componentID=7001, globalorderid=5, grouporderid=1, totalcount=1
    INFO      dbmgr-1 3960 4000  [2019-06-20 08:41:27 384] - IDServer::allocRange: 1-2001.
    INFO      dbmgr-1 3960 4000  [2019-06-20 08:41:27 384] - IDServer::allocRange: 2001-4001.
   DEBUG      dbmgr-1 3960 4000  [2019-06-20 08:41:27 384] - SyncAppDatasHandler::~SyncAppDatasHandler()
    INFO      dbmgr-1 3960 4000  [2019-06-20 08:41:29 395] - GlobalDataServer::broadcastDataChanged: writer(baseapp, addr=192.168.56.1:50374/0/0/0), keySize=10, valSize=48, isDelete=0
   DEBUG      dbmgr-1 3960 4000  [2019-06-20 08:41:55 611] - Dbmgr::onAccountLogin:loginName=111, accountName=111, success=0, componentID=0, entityID=0, dbid=1, flags=0, deadline=0.
   DEBUG      dbmgr-1 3960 4000  [2019-06-20 08:41:55 791] - Dbmgr::queryAccount: 111, success=true, flags=0, deadline=0.
    INFO      dbmgr-1 3960 4000  [2019-06-20 08:41:57 370] - GlobalDataServer::broadcastDataChanged: writer(cellapp, addr=192.168.56.1:50371/0/0/0), keySize=12, valSize=48, isDelete=0
   DEBUG      dbmgr-1 3960 4000  [2019-06-20 08:42:15 494] - Dbmgr::onAccountLogin:loginName=123456, accountName=123456, success=0, componentID=0, entityID=0, dbid=2, flags=0, deadline=0.
   DEBUG      dbmgr-1 3960 4000  [2019-06-20 08:42:15 773] - Dbmgr::queryAccount: 123456, success=true, flags=0, deadline=0.
   DEBUG      dbmgr-1 3960 4000  [2019-06-20 08:42:40 666] - Dbmgr::onAccountLogin:loginName=12345678, accountName=12345678, success=0, componentID=0, entityID=0, dbid=3, flags=0, deadline=0.
   DEBUG      dbmgr-1 3960 4000  [2019-06-20 08:42:40 846] - Dbmgr::queryAccount: 12345678, success=true, flags=0, deadline=0.
   DEBUG      dbmgr-1 3960 4000  [2019-06-20 08:47:50 904] - Dbmgr::writeEntity: Account(2).
   DEBUG      dbmgr-1 3960 4000  [2019-06-20 08:49:30 877] - Dbmgr::writeEntity: Account(1).
   DEBUG      dbmgr-1 3960 4000  [2019-06-20 08:51:10 849] - Dbmgr::writeEntity: Account(3).
    INFO      dbmgr-1 3960 4000  [2019-06-20 08:52:15 561] - -----------------------------------------------------------------------------------------


    INFO      dbmgr-1 3960 4000  [2019-06-20 08:52:15 562] - Resmgr::initialize: KBE_ROOT=D:/kbengine/
    INFO      dbmgr-1 3960 4000  [2019-06-20 08:52:15 562] - Resmgr::initialize: KBE_RES_PATH=D:/kbengine/kbe/res/;D:/kbengine/HappyPoker_assets/;D:/kbengine/HappyPoker_assets/scripts/;D:/kbengine/HappyPoker_assets/res/
    INFO      dbmgr-1 3960 4000  [2019-06-20 08:52:15 562] - Resmgr::initialize: KBE_BIN_PATH=D:/kbengine/kbe/bin/server/
    INFO      dbmgr-1 3960 4000  [2019-06-20 08:52:15 573] - NetworkInterface::initialize(INTERNAL-TCP): bound to all interfaces with default route interface on 192.168.56.1 ( 192.168.56.1:50428 )
    INFO      dbmgr-1 3960 4000  [2019-06-20 08:52:15 573] - NetworkInterface::initialize(INTERNAL-TCP): address 192.168.56.1:50428, SOMAXCONN=5.
    INFO      dbmgr-1 3960 4000  [2019-06-20 08:52:15 574] - server-configs:
    INFO      dbmgr-1 3960 4000  [2019-06-20 08:52:15 574] - 	internalTcpAddr : 192.168.56.1:50428
    INFO      dbmgr-1 3960 4000  [2019-06-20 08:52:15 574] - 	componentID : 4000
 WARNING      dbmgr-1 3960 4000  [2019-06-20 08:52:15 578] - invalid UID(0) <= 0, please check UID for environment! automatically set to 3960.
 WARNING      dbmgr-1 3960 4000  [2019-06-20 08:52:16 004] - BundleBroadcast::BundleBroadcast: Cannot bind to port 20925, errorno=10048
    INFO      dbmgr-1 3960 4000  [2019-06-20 08:52:16 009] - ---- dbmgr Version: 2.4.5. ScriptVersion: 0.1.0. Pythoncore: 3.7.3. Protocol: 11178A1C367680938C8E416B64844ACD. Config: Debug X86. Built: 09:55:16 May  8 2019. AppID: 4000. UID: 3960. PID: 10244 ----
    INFO      dbmgr-1 3960 4000  [2019-06-20 08:52:16 015] - Server error_name: Intel(R) Core(TM) i5-6300HQ CPU @ 2.30GHz with 2097151kB RAM
    INFO      dbmgr-1 3960 4000  [2019-06-20 08:52:16 015] - ThreadPool::createThreadPool: creating  threadpool...
    INFO      dbmgr-1 3960 4000  [2019-06-20 08:52:16 015] - ThreadPool::createThreadPool: successfully(2), newThreadCount=1, normalMaxThreadCount=2, maxThreadCount=8
    INFO      dbmgr-1 3960 4000  [2019-06-20 08:52:16 231] - Script::install(): is successfully, Python=(3.7.3 (default, May  8 2019, 09:53:38) [MSC v.1916 32 bit (Intel)])!
    INFO      dbmgr-1 3960 4000  [2019-06-20 08:52:16 231] - Script::install(): KBExtra is successfully!
    INFO      dbmgr-1 3960 4000  [2019-06-20 08:52:16 672] - Dbmgr::initializeEnd: digest(35046D1581FAE051845F0D5C10DF296E)
  S_INFO      dbmgr-1 3960 4000  [2019-06-20 08:52:16 672] - onDBMgrReady: bootstrapGroupIndex=0, bootstrapGlobalIndex=0
    INFO      dbmgr-1 3960 4000  [2019-06-20 08:52:16 673] - TelnetServer server is running on port 32000
    INFO      dbmgr-1 3960 4000  [2019-06-20 08:52:16 680] - Dbmgr::initInterfacesHandler: interfaces addr(127.0.0.1:30099), accountType:(interfaces), chargeType:(interfaces).
 WARNING      dbmgr-1 3960 4000  [2019-06-20 08:52:16 992] - DBUtil::initialize: db(default) password is not encrypted!
please use password(rsa):
762E889DB5874536FFE625AC87F63297EAAEF4AC4264C06F988572D721B9D4B98C220534577C2FF60003185EAFC38F5918480306870272AE5A4FFC5F67B4C603071DA80BCB8FBADBF09163CACD8D5430344A60DD2B1957C93E1BF2BA594F30E1DF1A1159933D8B0B138306A29D7DA428C413835F0AE94D3BF83252486B5E6A60
   DEBUG      dbmgr-1 3960 4000  [2019-06-20 08:52:16 996] - DBInterfaceMysql::attach: connect: localhost:3306 starting...
   DEBUG      dbmgr-1 3960 4000  [2019-06-20 08:52:17 124] - DBInterfaceMysql::attach: successfully! addr: localhost:3306
    INFO      dbmgr-1 3960 4000  [2019-06-20 08:52:17 124] - DBUtil::createInterface[0xaeef68]: interface=default, dbtype=mysql, ip=localhost, port=3306, currdatabase=kbe, username=kbe, connected=yes.

    INFO      dbmgr-1 3960 4000  [2019-06-20 08:52:17 124] - ThreadPool::createThreadPool: creating  threadpool...
    INFO      dbmgr-1 3960 4000  [2019-06-20 08:52:17 125] - ThreadPool::createThreadPool: successfully(5), newThreadCount=5, normalMaxThreadCount=5, maxThreadCount=5
    INFO      dbmgr-1 3960 4000  [2019-06-20 08:52:17 302] - DBInterfaceMysql::query: successfully!
 WARNING      dbmgr-1 3960 4000  [2019-06-20 08:52:18 037] - d:\kbengine\kbe\src\server\dbmgr\dbmgr.cpp:306: Profile scriptCall took 1.37 seconds
    INFO      dbmgr-1 3960 4000  [2019-06-20 08:52:18 433] - ---- dbmgr is running ----
   DEBUG      dbmgr-1 3960 4000  [2019-06-20 08:52:18 433] - Components::process(): Request for the process of identity...
   DEBUG      dbmgr-1 3960 4000  [2019-06-20 08:52:17 182] - DBInterfaceMysql::attach: connect: localhost:3306 starting...
   DEBUG      dbmgr-1 3960 4000  [2019-06-20 08:52:17 199] - DBInterfaceMysql::attach: connect: localhost:3306 starting...
   DEBUG      dbmgr-1 3960 4000  [2019-06-20 08:52:17 202] - DBInterfaceMysql::attach: connect: localhost:3306 starting...
   DEBUG      dbmgr-1 3960 4000  [2019-06-20 08:52:17 258] - DBInterfaceMysql::attach: connect: localhost:3306 starting...
   DEBUG      dbmgr-1 3960 4000  [2019-06-20 08:52:17 287] - DBInterfaceMysql::attach: connect: localhost:3306 starting...
   DEBUG      dbmgr-1 3960 4000  [2019-06-20 08:52:17 299] - DBInterfaceMysql::attach: successfully! addr: localhost:3306
   DEBUG      dbmgr-1 3960 4000  [2019-06-20 08:52:17 300] - DBThread::onStart(): 0x169ee8!
   DEBUG      dbmgr-1 3960 4000  [2019-06-20 08:52:17 392] - DBInterfaceMysql::attach: successfully! addr: localhost:3306
   DEBUG      dbmgr-1 3960 4000  [2019-06-20 08:52:17 392] - DBThread::onStart(): 0x169e60!
   DEBUG      dbmgr-1 3960 4000  [2019-06-20 08:52:17 516] - DBInterfaceMysql::attach: successfully! addr: localhost:3306
   DEBUG      dbmgr-1 3960 4000  [2019-06-20 08:52:17 516] - DBThread::onStart(): 0x169a20!
    INFO      dbmgr-1 3960 4000  [2019-06-20 08:52:17 588] - DBInterfaceMysql::query: successfully!
 WARNING      dbmgr-1 3960 4000  [2019-06-20 08:52:17 589] - DBTask::process(): took 0.29 seconds
sql:(CREATE TABLE IF NOT EXISTS kbe_accountinfos (`accountName` varchar(128) not null, PRIMARY KEY idKey (`accountName`),`password` varchar(255) not null,`bindata` blob,`email` varchar(191) not null, UNIQUE KEY `email` (`email`),`entityDBID` bigint(20) unsigned not null DEFAULT 0, UNIQUE KEY `entityDBID` (`entityDBID`),`flags` int unsigned not null DEFAULT 0,`deadline` bigint(20) not null DEFAULT 0,`regtime` bigint(20) not null DEFAULT 0,`lasttime` bigint(20) not null DEFAULT 0,`numlogin` int unsigned not null DEFAULT 0)ENGINE=InnoDB)
    INFO      dbmgr-1 3960 4000  [2019-06-20 08:52:17 613] - DBInterfaceMysql::query: successfully!
    INFO      dbmgr-1 3960 4000  [2019-06-20 08:52:17 614] - DBInterfaceMysql::query: successfully!
    INFO      dbmgr-1 3960 4000  [2019-06-20 08:52:17 615] - DBInterfaceMysql::query: successfully!
    INFO      dbmgr-1 3960 4000  [2019-06-20 08:52:17 615] - DBInterfaceMysql::query: successfully!
 WARNING      dbmgr-1 3960 4000  [2019-06-20 08:52:17 615] - DBTask::process(): took 0.22 seconds
sql:(delete from kbe_email_verification where logtime<1560988337 and type=3)
   DEBUG      dbmgr-1 3960 4000  [2019-06-20 08:52:17 701] - DBInterfaceMysql::attach: successfully! addr: localhost:3306
   DEBUG      dbmgr-1 3960 4000  [2019-06-20 08:52:17 701] - DBThread::onStart(): 0x1694d0!
   DEBUG      dbmgr-1 3960 4000  [2019-06-20 08:52:17 775] - DBInterfaceMysql::attach: successfully! addr: localhost:3306
   DEBUG      dbmgr-1 3960 4000  [2019-06-20 08:52:17 775] - DBThread::onStart(): 0x16a3b0!
    INFO      dbmgr-1 3960 4000  [2019-06-20 08:52:17 825] - DBInterfaceMysql::query: successfully!
    INFO      dbmgr-1 3960 4000  [2019-06-20 08:52:17 842] - DBInterfaceMysql::query: successfully!
 WARNING      dbmgr-1 3960 4000  [2019-06-20 08:52:17 846] - DBTask::process(): took 0.23 seconds
sql:(show index from tbl_Hall)
 WARNING      dbmgr-1 3960 4000  [2019-06-20 08:52:17 846] - DBTask::process(): took 0.26 seconds
sql:(show index from tbl_Room)
    INFO      dbmgr-1 3960 4000  [2019-06-20 08:52:17 938] - DBInterfaceMysql::query: successfully!
 WARNING      dbmgr-1 3960 4000  [2019-06-20 08:52:17 938] - DBTask::process(): took 0.42 seconds
sql:(select distinct(serverGroupID) from kbe_entitylog)
 WARNING      dbmgr-1 3960 4000  [2019-06-20 08:52:18 013] - DBTask::process(): took 0.31 seconds
sql:(insert into kbe_serverlog (heartbeatTime, serverGroupID) values(1560991937,3960) ON DUPLICATE KEY UPDATE heartbeatTime=1560991937)
    INFO      dbmgr-1 3960 4000  [2019-06-20 08:52:24 545] - ServerApp::onRegisterNewApp: uid:3960, username:error_name, componentType:interfaces, componentID:3000, globalorderID=-1, grouporderID=-1, intaddr:192.168.56.1, intport:30099, extaddr:nonsupport, extport:0,  from 127.0.0.1:30099/0/0/0.
    INFO      dbmgr-1 3960 4000  [2019-06-20 08:52:24 545] - Components::addComponent: reset orderLog, uid=3960!
    INFO      dbmgr-1 3960 4000  [2019-06-20 08:52:24 545] - Components::addComponent[interfaces], uid=3960, componentID=3000, globalorderid=1, grouporderid=1, totalcount=1
    INFO      dbmgr-1 3960 4000  [2019-06-20 08:52:25 552] - Components::findComponents: find logger(1)...
    INFO      dbmgr-1 3960 4000  [2019-06-20 08:52:25 636] - Components::findComponents: found logger, addr:192.168.56.1:50434
    INFO      dbmgr-1 3960 4000  [2019-06-20 08:52:25 637] - Components::addComponent: reset orderLog, uid=3960!
    INFO      dbmgr-1 3960 4000  [2019-06-20 08:52:25 637] - Components::addComponent[logger], uid=3960, componentID=2000, globalorderid=1, grouporderid=1, totalcount=1
    INFO      dbmgr-1 3960 4000  [2019-06-20 08:52:25 663] - Components::process(): Found all the components!
    INFO      dbmgr-1 3960 4000  [2019-06-20 08:52:28 082] - ServerApp::onRegisterNewApp: uid:3960, username:error_name, componentType:cellappmgr, componentID:6000, globalorderID=-1, grouporderID=-1, intaddr:192.168.56.1, intport:50429, extaddr:nonsupport, extport:0,  from 192.168.56.1:50448/0/0/0.
    INFO      dbmgr-1 3960 4000  [2019-06-20 08:52:28 082] - Components::addComponent: reset orderLog, uid=3960!
    INFO      dbmgr-1 3960 4000  [2019-06-20 08:52:28 082] - Components::addComponent[cellappmgr], uid=3960, componentID=6000, globalorderid=1, grouporderid=1, totalcount=1
    INFO      dbmgr-1 3960 4000  [2019-06-20 08:52:28 371] - ServerApp::onRegisterNewApp: uid:3960, username:error_name, componentType:loginapp, componentID:9000, globalorderID=-1, grouporderID=-1, intaddr:192.168.56.1, intport:50431, extaddr:192.168.56.1, extport:20013,  from 192.168.56.1:50450/0/0/0.
    INFO      dbmgr-1 3960 4000  [2019-06-20 08:52:28 371] - Components::addComponent[loginapp], uid=3960, componentID=9000, globalorderid=2, grouporderid=1, totalcount=1
    INFO      dbmgr-1 3960 4000  [2019-06-20 08:52:28 913] - ServerApp::onRegisterNewApp: uid:3960, username:error_name, componentType:baseappmgr, componentID:5000, globalorderID=-1, grouporderID=-1, intaddr:192.168.56.1, intport:50427, extaddr:nonsupport, extport:0,  from 192.168.56.1:50452/0/0/0.
    INFO      dbmgr-1 3960 4000  [2019-06-20 08:52:28 913] - Components::addComponent[baseappmgr], uid=3960, componentID=5000, globalorderid=3, grouporderid=1, totalcount=1
    INFO      dbmgr-1 3960 4000  [2019-06-20 08:52:30 772] - ServerApp::onRegisterNewApp: uid:3960, username:error_name, componentType:cellapp, componentID:8001, globalorderID=-1, grouporderID=-1, intaddr:192.168.56.1, intport:50433, extaddr:nonsupport, extport:0,  from 192.168.56.1:50457/0/0/0.
    INFO      dbmgr-1 3960 4000  [2019-06-20 08:52:30 772] - Components::addComponent[cellapp], uid=3960, componentID=8001, globalorderid=4, grouporderid=1, totalcount=1
    INFO      dbmgr-1 3960 4000  [2019-06-20 08:52:30 891] - ServerApp::onRegisterNewApp: uid:3960, username:error_name, componentType:baseapp, componentID:7001, globalorderID=-1, grouporderID=-1, intaddr:192.168.56.1, intport:50430, extaddr:192.168.56.1, extport:20015,  from 192.168.56.1:50460/0/0/0.
    INFO      dbmgr-1 3960 4000  [2019-06-20 08:52:30 891] - Components::addComponent[baseapp], uid=3960, componentID=7001, globalorderid=5, grouporderid=1, totalcount=1
    INFO      dbmgr-1 3960 4000  [2019-06-20 08:52:33 893] - IDServer::allocRange: 1-2001.
    INFO      dbmgr-1 3960 4000  [2019-06-20 08:52:33 893] - IDServer::allocRange: 2001-4001.
   DEBUG      dbmgr-1 3960 4000  [2019-06-20 08:52:33 893] - SyncAppDatasHandler::~SyncAppDatasHandler()
    INFO      dbmgr-1 3960 4000  [2019-06-20 08:52:35 694] - GlobalDataServer::broadcastDataChanged: writer(baseapp, addr=192.168.56.1:50460/0/0/0), keySize=10, valSize=48, isDelete=0
   DEBUG      dbmgr-1 3960 4000  [2019-06-20 08:52:51 852] - Dbmgr::onAccountLogin:loginName=111, accountName=111, success=0, componentID=0, entityID=0, dbid=1, flags=0, deadline=0.
   DEBUG      dbmgr-1 3960 4000  [2019-06-20 08:52:52 012] - Dbmgr::queryAccount: 111, success=true, flags=0, deadline=0.
    INFO      dbmgr-1 3960 4000  [2019-06-20 08:52:53 996] - GlobalDataServer::broadcastDataChanged: writer(cellapp, addr=192.168.56.1:50457/0/0/0), keySize=12, valSize=48, isDelete=0
   DEBUG      dbmgr-1 3960 4000  [2019-06-20 08:53:14 852] - Dbmgr::onAccountLogin:loginName=123456, accountName=123456, success=0, componentID=0, entityID=0, dbid=2, flags=0, deadline=0.
   DEBUG      dbmgr-1 3960 4000  [2019-06-20 08:53:15 053] - Dbmgr::queryAccount: 123456, success=true, flags=0, deadline=0.
   DEBUG      dbmgr-1 3960 4000  [2019-06-20 08:53:42 632] - Dbmgr::onAccountLogin:loginName=12345678, accountName=12345678, success=0, componentID=0, entityID=0, dbid=3, flags=0, deadline=0.
   DEBUG      dbmgr-1 3960 4000  [2019-06-20 08:53:42 812] - Dbmgr::queryAccount: 12345678, success=true, flags=0, deadline=0.
    INFO      dbmgr-1 3960 4000  [2019-06-20 11:09:41 127] - -----------------------------------------------------------------------------------------


    INFO      dbmgr-1 3960 4000  [2019-06-20 11:09:41 127] - Resmgr::initialize: KBE_ROOT=D:/kbengine/
    INFO      dbmgr-1 3960 4000  [2019-06-20 11:09:41 128] - Resmgr::initialize: KBE_RES_PATH=D:/kbengine/kbe/res/;D:/kbengine/HappyPoker_assets/;D:/kbengine/HappyPoker_assets/scripts/;D:/kbengine/HappyPoker_assets/res/
    INFO      dbmgr-1 3960 4000  [2019-06-20 11:09:41 128] - Resmgr::initialize: KBE_BIN_PATH=D:/kbengine/kbe/bin/server/
    INFO      dbmgr-1 3960 4000  [2019-06-20 11:09:41 138] - NetworkInterface::initialize(INTERNAL-TCP): bound to all interfaces with default route interface on 192.168.56.1 ( 192.168.56.1:54046 )
    INFO      dbmgr-1 3960 4000  [2019-06-20 11:09:41 139] - NetworkInterface::initialize(INTERNAL-TCP): address 192.168.56.1:54046, SOMAXCONN=5.
    INFO      dbmgr-1 3960 4000  [2019-06-20 11:09:41 139] - server-configs:
    INFO      dbmgr-1 3960 4000  [2019-06-20 11:09:41 139] - 	internalTcpAddr : 192.168.56.1:54046
    INFO      dbmgr-1 3960 4000  [2019-06-20 11:09:41 139] - 	componentID : 4000
 WARNING      dbmgr-1 3960 4000  [2019-06-20 11:09:41 139] - invalid UID(0) <= 0, please check UID for environment! automatically set to 3960.
    INFO      dbmgr-1 3960 4000  [2019-06-20 11:09:41 530] - Components::findLogger: found logger, addr:192.168.56.1:54043
    INFO      dbmgr-1 3960 4000  [2019-06-20 11:09:41 530] - Components::addComponent: reset orderLog, uid=3960!
    INFO      dbmgr-1 3960 4000  [2019-06-20 11:09:41 531] - Components::addComponent[logger], uid=3960, componentID=2000, globalorderid=1, grouporderid=1, totalcount=1
    INFO      dbmgr-1 3960 4000  [2019-06-20 11:09:41 547] - ---- dbmgr Version: 2.4.5. ScriptVersion: 0.1.0. Pythoncore: 3.7.3. Protocol: 11178A1C367680938C8E416B64844ACD. Config: Debug X86. Built: 09:55:16 May  8 2019. AppID: 4000. UID: 3960. PID: 8140 ----
    INFO      dbmgr-1 3960 4000  [2019-06-20 11:09:41 548] - Server error_name: Intel(R) Core(TM) i5-6300HQ CPU @ 2.30GHz with 2097151kB RAM
    INFO      dbmgr-1 3960 4000  [2019-06-20 11:09:41 548] - ThreadPool::createThreadPool: creating  threadpool...
    INFO      dbmgr-1 3960 4000  [2019-06-20 11:09:41 549] - ThreadPool::createThreadPool: successfully(2), newThreadCount=1, normalMaxThreadCount=2, maxThreadCount=8
    INFO      dbmgr-1 3960 4000  [2019-06-20 11:09:41 838] - Script::install(): is successfully, Python=(3.7.3 (default, May  8 2019, 09:53:38) [MSC v.1916 32 bit (Intel)])!
    INFO      dbmgr-1 3960 4000  [2019-06-20 11:09:41 838] - Script::install(): KBExtra is successfully!
    INFO      dbmgr-1 3960 4000  [2019-06-20 11:09:42 286] - Dbmgr::initializeEnd: digest(35046D1581FAE051845F0D5C10DF296E)
  S_INFO      dbmgr-1 3960 4000  [2019-06-20 11:09:42 286] - onDBMgrReady: bootstrapGroupIndex=0, bootstrapGlobalIndex=0
    INFO      dbmgr-1 3960 4000  [2019-06-20 11:09:42 287] - TelnetServer server is running on port 32000
    INFO      dbmgr-1 3960 4000  [2019-06-20 11:09:42 288] - Dbmgr::initInterfacesHandler: interfaces addr(127.0.0.1:30099), accountType:(interfaces), chargeType:(interfaces).
 WARNING      dbmgr-1 3960 4000  [2019-06-20 11:09:42 517] - DBUtil::initialize: db(default) password is not encrypted!
please use password(rsa):
46C4456789275BEC5C247A155B7112F78652717798F2296A9621161DE1381B8576E510F226415DDD88194E97A8F8AA843B072740CDAB3E3D1AEEE58702CB1CDAFEF308931D16A3ED9354F1500E0E31B03C1ABA1CCC0BF92DFDFE9DC21A40DEEE69D7FC1947FF00E7C2F004990995FE2CB01D5FC73E2A9540EAB2190BF515C56E
   DEBUG      dbmgr-1 3960 4000  [2019-06-20 11:09:42 521] - DBInterfaceMysql::attach: connect: localhost:3306 starting...
   DEBUG      dbmgr-1 3960 4000  [2019-06-20 11:09:42 635] - DBInterfaceMysql::attach: successfully! addr: localhost:3306
    INFO      dbmgr-1 3960 4000  [2019-06-20 11:09:42 635] - DBUtil::createInterface[0xd8ee28]: interface=default, dbtype=mysql, ip=localhost, port=3306, currdatabase=kbe, username=kbe, connected=yes.

    INFO      dbmgr-1 3960 4000  [2019-06-20 11:09:42 636] - ThreadPool::createThreadPool: creating  threadpool...
    INFO      dbmgr-1 3960 4000  [2019-06-20 11:09:42 636] - ThreadPool::createThreadPool: successfully(5), newThreadCount=5, normalMaxThreadCount=5, maxThreadCount=5
    INFO      dbmgr-1 3960 4000  [2019-06-20 11:09:42 964] - DBInterfaceMysql::query: successfully!
 WARNING      dbmgr-1 3960 4000  [2019-06-20 11:09:43 390] - d:\kbengine\kbe\src\server\dbmgr\dbmgr.cpp:306: Profile scriptCall took 1.10 seconds
    INFO      dbmgr-1 3960 4000  [2019-06-20 11:09:43 976] - ---- dbmgr is running ----
   DEBUG      dbmgr-1 3960 4000  [2019-06-20 11:09:43 977] - Components::process(): Request for the process of identity...
   DEBUG      dbmgr-1 3960 4000  [2019-06-20 11:09:42 637] - DBInterfaceMysql::attach: connect: localhost:3306 starting...
   DEBUG      dbmgr-1 3960 4000  [2019-06-20 11:09:42 643] - DBInterfaceMysql::attach: connect: localhost:3306 starting...
   DEBUG      dbmgr-1 3960 4000  [2019-06-20 11:09:42 655] - DBInterfaceMysql::attach: connect: localhost:3306 starting...
   DEBUG      dbmgr-1 3960 4000  [2019-06-20 11:09:42 668] - DBInterfaceMysql::attach: connect: localhost:3306 starting...
   DEBUG      dbmgr-1 3960 4000  [2019-06-20 11:09:42 673] - DBInterfaceMysql::attach: connect: localhost:3306 starting...
   DEBUG      dbmgr-1 3960 4000  [2019-06-20 11:09:42 717] - DBInterfaceMysql::attach: successfully! addr: localhost:3306
   DEBUG      dbmgr-1 3960 4000  [2019-06-20 11:09:42 717] - DBThread::onStart(): 0x11d8868!
   DEBUG      dbmgr-1 3960 4000  [2019-06-20 11:09:42 772] - DBInterfaceMysql::attach: successfully! addr: localhost:3306
   DEBUG      dbmgr-1 3960 4000  [2019-06-20 11:09:42 772] - DBThread::onStart(): 0x11d8a00!
   DEBUG      dbmgr-1 3960 4000  [2019-06-20 11:09:42 831] - DBInterfaceMysql::attach: successfully! addr: localhost:3306
   DEBUG      dbmgr-1 3960 4000  [2019-06-20 11:09:42 831] - DBThread::onStart(): 0x11d88f0!
   DEBUG      dbmgr-1 3960 4000  [2019-06-20 11:09:42 906] - DBInterfaceMysql::attach: successfully! addr: localhost:3306
   DEBUG      dbmgr-1 3960 4000  [2019-06-20 11:09:42 907] - DBThread::onStart(): 0x11d8978!
   DEBUG      dbmgr-1 3960 4000  [2019-06-20 11:09:43 040] - DBInterfaceMysql::attach: successfully! addr: localhost:3306
   DEBUG      dbmgr-1 3960 4000  [2019-06-20 11:09:43 040] - DBThread::onStart(): 0x11d8db8!
    INFO      dbmgr-1 3960 4000  [2019-06-20 11:09:43 097] - DBInterfaceMysql::query: successfully!
    INFO      dbmgr-1 3960 4000  [2019-06-20 11:09:43 114] - DBInterfaceMysql::query: successfully!
    INFO      dbmgr-1 3960 4000  [2019-06-20 11:09:43 114] - DBInterfaceMysql::query: successfully!
    INFO      dbmgr-1 3960 4000  [2019-06-20 11:09:43 115] - DBInterfaceMysql::query: successfully!
    INFO      dbmgr-1 3960 4000  [2019-06-20 11:09:43 165] - DBInterfaceMysql::query: successfully!
    INFO      dbmgr-1 3960 4000  [2019-06-20 11:09:43 166] - DBInterfaceMysql::query: successfully!
    INFO      dbmgr-1 3960 4000  [2019-06-20 11:09:43 166] - DBInterfaceMysql::query: successfully!
 WARNING      dbmgr-1 3960 4000  [2019-06-20 11:09:43 167] - DBTask::process(): took 0.20 seconds
sql:(delete from kbe_email_verification where logtime<1560996583 and type=3)
 WARNING      dbmgr-1 3960 4000  [2019-06-20 11:09:43 318] - DBTask::process(): took 0.35 seconds
sql:(insert into kbe_serverlog (heartbeatTime, serverGroupID) values(1561000183,3960) ON DUPLICATE KEY UPDATE heartbeatTime=1561000183)
    INFO      dbmgr-1 3960 4000  [2019-06-20 11:09:43 347] - DBInterfaceMysql::query: successfully!
 WARNING      dbmgr-1 3960 4000  [2019-06-20 11:09:43 349] - DBTask::process(): took 0.31 seconds
sql:(select distinct(serverGroupID) from kbe_entitylog)
    INFO      dbmgr-1 3960 4000  [2019-06-20 11:09:50 154] - ServerApp::onRegisterNewApp: uid:3960, username:error_name, componentType:interfaces, componentID:3000, globalorderID=-1, grouporderID=-1, intaddr:192.168.56.1, intport:30099, extaddr:nonsupport, extport:0,  from 127.0.0.1:30099/0/0/0.
    INFO      dbmgr-1 3960 4000  [2019-06-20 11:09:50 154] - Components::addComponent: reset orderLog, uid=3960!
    INFO      dbmgr-1 3960 4000  [2019-06-20 11:09:50 154] - Components::addComponent[interfaces], uid=3960, componentID=3000, globalorderid=1, grouporderid=1, totalcount=1
    INFO      dbmgr-1 3960 4000  [2019-06-20 11:09:51 185] - Components::process(): Found all the components!
    INFO      dbmgr-1 3960 4000  [2019-06-20 11:09:53 329] - ServerApp::onRegisterNewApp: uid:3960, username:error_name, componentType:baseappmgr, componentID:5000, globalorderID=-1, grouporderID=-1, intaddr:192.168.56.1, intport:54044, extaddr:nonsupport, extport:0,  from 192.168.56.1:54066/0/0/0.
    INFO      dbmgr-1 3960 4000  [2019-06-20 11:09:53 329] - Components::addComponent: reset orderLog, uid=3960!
    INFO      dbmgr-1 3960 4000  [2019-06-20 11:09:53 329] - Components::addComponent[baseappmgr], uid=3960, componentID=5000, globalorderid=1, grouporderid=1, totalcount=1
    INFO      dbmgr-1 3960 4000  [2019-06-20 11:09:53 754] - ServerApp::onRegisterNewApp: uid:3960, username:error_name, componentType:cellappmgr, componentID:6000, globalorderID=-1, grouporderID=-1, intaddr:192.168.56.1, intport:54045, extaddr:nonsupport, extport:0,  from 192.168.56.1:54069/0/0/0.
    INFO      dbmgr-1 3960 4000  [2019-06-20 11:09:53 754] - Components::addComponent[cellappmgr], uid=3960, componentID=6000, globalorderid=2, grouporderid=1, totalcount=1
    INFO      dbmgr-1 3960 4000  [2019-06-20 11:09:56 168] - ServerApp::onRegisterNewApp: uid:3960, username:error_name, componentType:baseapp, componentID:7001, globalorderID=-1, grouporderID=-1, intaddr:192.168.56.1, intport:54047, extaddr:192.168.56.1, extport:20015,  from 192.168.56.1:54079/0/0/0.
    INFO      dbmgr-1 3960 4000  [2019-06-20 11:09:56 168] - Components::addComponent[baseapp], uid=3960, componentID=7001, globalorderid=3, grouporderid=1, totalcount=1
    INFO      dbmgr-1 3960 4000  [2019-06-20 11:09:56 328] - ServerApp::onRegisterNewApp: uid:3960, username:error_name, componentType:cellapp, componentID:8001, globalorderID=-1, grouporderID=-1, intaddr:192.168.56.1, intport:54048, extaddr:nonsupport, extport:0,  from 192.168.56.1:54082/0/0/0.
    INFO      dbmgr-1 3960 4000  [2019-06-20 11:09:56 328] - Components::addComponent[cellapp], uid=3960, componentID=8001, globalorderid=4, grouporderid=1, totalcount=1
    INFO      dbmgr-1 3960 4000  [2019-06-20 11:09:59 329] - IDServer::allocRange: 1-2001.
    INFO      dbmgr-1 3960 4000  [2019-06-20 11:09:59 329] - IDServer::allocRange: 2001-4001.
   DEBUG      dbmgr-1 3960 4000  [2019-06-20 11:09:59 329] - SyncAppDatasHandler::~SyncAppDatasHandler()
    INFO      dbmgr-1 3960 4000  [2019-06-20 11:10:00 237] - ServerApp::onRegisterNewApp: uid:3960, username:error_name, componentType:loginapp, componentID:9000, globalorderID=-1, grouporderID=-1, intaddr:192.168.56.1, intport:54061, extaddr:192.168.56.1, extport:20013,  from 192.168.56.1:54091/0/0/0.
    INFO      dbmgr-1 3960 4000  [2019-06-20 11:10:00 237] - Components::addComponent[loginapp], uid=3960, componentID=9000, globalorderid=5, grouporderid=1, totalcount=1
    INFO      dbmgr-1 3960 4000  [2019-06-20 11:10:00 770] - GlobalDataServer::broadcastDataChanged: writer(baseapp, addr=192.168.56.1:54079/0/0/0), keySize=10, valSize=45, isDelete=0
   DEBUG      dbmgr-1 3960 4000  [2019-06-20 11:10:03 246] - SyncAppDatasHandler::~SyncAppDatasHandler()
   DEBUG      dbmgr-1 3960 4000  [2019-06-20 11:10:25 144] - Dbmgr::onAccountLogin:loginName=111, accountName=111, success=0, componentID=0, entityID=0, dbid=1, flags=0, deadline=0.
   DEBUG      dbmgr-1 3960 4000  [2019-06-20 11:10:36 604] - Dbmgr::onAccountLogin:loginName=111, accountName=111, success=0, componentID=0, entityID=0, dbid=1, flags=0, deadline=0.
   DEBUG      dbmgr-1 3960 4000  [2019-06-20 11:10:50 083] - Dbmgr::onAccountLogin:loginName=123456, accountName=123456, success=0, componentID=0, entityID=0, dbid=2, flags=0, deadline=0.
   DEBUG      dbmgr-1 3960 4000  [2019-06-20 11:10:57 943] - Dbmgr::onAccountLogin:loginName=123456, accountName=123456, success=0, componentID=0, entityID=0, dbid=2, flags=0, deadline=0.
   DEBUG      dbmgr-1 3960 4000  [2019-06-20 11:11:07 502] - Dbmgr::onAccountLogin:loginName=123456, accountName=123456, success=0, componentID=0, entityID=0, dbid=2, flags=0, deadline=0.
    INFO      dbmgr-1 3960 4000  [2019-06-20 11:14:10 721] - -----------------------------------------------------------------------------------------


    INFO      dbmgr-1 3960 4000  [2019-06-20 11:14:10 722] - Resmgr::initialize: KBE_ROOT=D:/kbengine/
    INFO      dbmgr-1 3960 4000  [2019-06-20 11:14:10 722] - Resmgr::initialize: KBE_RES_PATH=D:/kbengine/kbe/res/;D:/kbengine/HappyPoker_assets/;D:/kbengine/HappyPoker_assets/scripts/;D:/kbengine/HappyPoker_assets/res/
    INFO      dbmgr-1 3960 4000  [2019-06-20 11:14:10 722] - Resmgr::initialize: KBE_BIN_PATH=D:/kbengine/kbe/bin/server/
    INFO      dbmgr-1 3960 4000  [2019-06-20 11:14:10 748] - NetworkInterface::initialize(INTERNAL-TCP): bound to all interfaces with default route interface on 192.168.56.1 ( 192.168.56.1:54153 )
    INFO      dbmgr-1 3960 4000  [2019-06-20 11:14:10 749] - NetworkInterface::initialize(INTERNAL-TCP): address 192.168.56.1:54153, SOMAXCONN=5.
    INFO      dbmgr-1 3960 4000  [2019-06-20 11:14:10 749] - server-configs:
    INFO      dbmgr-1 3960 4000  [2019-06-20 11:14:10 749] - 	internalTcpAddr : 192.168.56.1:54153
    INFO      dbmgr-1 3960 4000  [2019-06-20 11:14:10 749] - 	componentID : 4000
 WARNING      dbmgr-1 3960 4000  [2019-06-20 11:14:10 755] - invalid UID(0) <= 0, please check UID for environment! automatically set to 3960.
    INFO      dbmgr-1 3960 4000  [2019-06-20 11:14:12 265] - ---- dbmgr Version: 2.4.5. ScriptVersion: 0.1.0. Pythoncore: 3.7.3. Protocol: 11178A1C367680938C8E416B64844ACD. Config: Debug X86. Built: 09:55:16 May  8 2019. AppID: 4000. UID: 3960. PID: 17016 ----
    INFO      dbmgr-1 3960 4000  [2019-06-20 11:14:12 265] - Server error_name: Intel(R) Core(TM) i5-6300HQ CPU @ 2.30GHz with 2097151kB RAM
    INFO      dbmgr-1 3960 4000  [2019-06-20 11:14:12 265] - ThreadPool::createThreadPool: creating  threadpool...
    INFO      dbmgr-1 3960 4000  [2019-06-20 11:14:12 266] - ThreadPool::createThreadPool: successfully(2), newThreadCount=1, normalMaxThreadCount=2, maxThreadCount=8
    INFO      dbmgr-1 3960 4000  [2019-06-20 11:14:12 532] - Script::install(): is successfully, Python=(3.7.3 (default, May  8 2019, 09:53:38) [MSC v.1916 32 bit (Intel)])!
    INFO      dbmgr-1 3960 4000  [2019-06-20 11:14:12 532] - Script::install(): KBExtra is successfully!
    INFO      dbmgr-1 3960 4000  [2019-06-20 11:14:12 720] - Dbmgr::initializeEnd: digest(35046D1581FAE051845F0D5C10DF296E)
  S_INFO      dbmgr-1 3960 4000  [2019-06-20 11:14:12 720] - onDBMgrReady: bootstrapGroupIndex=0, bootstrapGlobalIndex=0
    INFO      dbmgr-1 3960 4000  [2019-06-20 11:14:12 720] - TelnetServer server is running on port 32000
    INFO      dbmgr-1 3960 4000  [2019-06-20 11:14:12 721] - Dbmgr::initInterfacesHandler: interfaces addr(127.0.0.1:30099), accountType:(interfaces), chargeType:(interfaces).
 WARNING      dbmgr-1 3960 4000  [2019-06-20 11:14:12 983] - DBUtil::initialize: db(default) password is not encrypted!
please use password(rsa):
CFBF8E7E2B8891C492AA900FEF080C4A72B56ED02F2BDA842694D3E7D4C43C9CD74A2E2B00655F29CDAC1A672C0B71182C826192725C36957B97936CFCAFB93A18006B59F97367F236FB6B4906CF041D53046DAA505D64683E56B1B120BDD460FF6AB3A226CF6C1B8B8459C899FA53CAE9D24FF8CFABD377C0BA2ED7EADF013E
   DEBUG      dbmgr-1 3960 4000  [2019-06-20 11:14:12 988] - DBInterfaceMysql::attach: connect: localhost:3306 starting...
   DEBUG      dbmgr-1 3960 4000  [2019-06-20 11:14:13 113] - DBInterfaceMysql::attach: successfully! addr: localhost:3306
    INFO      dbmgr-1 3960 4000  [2019-06-20 11:14:13 113] - DBUtil::createInterface[0x7ff408]: interface=default, dbtype=mysql, ip=localhost, port=3306, currdatabase=kbe, username=kbe, connected=yes.

    INFO      dbmgr-1 3960 4000  [2019-06-20 11:14:13 113] - ThreadPool::createThreadPool: creating  threadpool...
    INFO      dbmgr-1 3960 4000  [2019-06-20 11:14:13 114] - ThreadPool::createThreadPool: successfully(5), newThreadCount=5, normalMaxThreadCount=5, maxThreadCount=5
    INFO      dbmgr-1 3960 4000  [2019-06-20 11:14:13 256] - DBInterfaceMysql::query: successfully!
 WARNING      dbmgr-1 3960 4000  [2019-06-20 11:14:13 873] - d:\kbengine\kbe\src\server\dbmgr\dbmgr.cpp:306: Profile scriptCall took 1.15 seconds
    INFO      dbmgr-1 3960 4000  [2019-06-20 11:14:14 589] - ---- dbmgr is running ----
   DEBUG      dbmgr-1 3960 4000  [2019-06-20 11:14:14 589] - Components::process(): Request for the process of identity...
   DEBUG      dbmgr-1 3960 4000  [2019-06-20 11:14:13 151] - DBInterfaceMysql::attach: connect: localhost:3306 starting...
   DEBUG      dbmgr-1 3960 4000  [2019-06-20 11:14:13 167] - DBInterfaceMysql::attach: connect: localhost:3306 starting...
   DEBUG      dbmgr-1 3960 4000  [2019-06-20 11:14:13 184] - DBInterfaceMysql::attach: connect: localhost:3306 starting...
   DEBUG      dbmgr-1 3960 4000  [2019-06-20 11:14:13 192] - DBInterfaceMysql::attach: connect: localhost:3306 starting...
   DEBUG      dbmgr-1 3960 4000  [2019-06-20 11:14:13 193] - DBInterfaceMysql::attach: connect: localhost:3306 starting...
   DEBUG      dbmgr-1 3960 4000  [2019-06-20 11:14:13 253] - DBInterfaceMysql::attach: successfully! addr: localhost:3306
   DEBUG      dbmgr-1 3960 4000  [2019-06-20 11:14:13 253] - DBThread::onStart(): 0xc7c48!
   DEBUG      dbmgr-1 3960 4000  [2019-06-20 11:14:13 316] - DBInterfaceMysql::attach: successfully! addr: localhost:3306
   DEBUG      dbmgr-1 3960 4000  [2019-06-20 11:14:13 317] - DBThread::onStart(): 0xc8660!
   DEBUG      dbmgr-1 3960 4000  [2019-06-20 11:14:13 367] - DBInterfaceMysql::attach: successfully! addr: localhost:3306
   DEBUG      dbmgr-1 3960 4000  [2019-06-20 11:14:13 367] - DBThread::onStart(): 0xc7ab0!
   DEBUG      dbmgr-1 3960 4000  [2019-06-20 11:14:13 433] - DBInterfaceMysql::attach: successfully! addr: localhost:3306
   DEBUG      dbmgr-1 3960 4000  [2019-06-20 11:14:13 433] - DBThread::onStart(): 0xc7ef0!
    INFO      dbmgr-1 3960 4000  [2019-06-20 11:14:13 482] - DBInterfaceMysql::query: successfully!
    INFO      dbmgr-1 3960 4000  [2019-06-20 11:14:13 483] - DBInterfaceMysql::query: successfully!
    INFO      dbmgr-1 3960 4000  [2019-06-20 11:14:13 483] - DBInterfaceMysql::query: successfully!
    INFO      dbmgr-1 3960 4000  [2019-06-20 11:14:13 483] - DBInterfaceMysql::query: successfully!
    INFO      dbmgr-1 3960 4000  [2019-06-20 11:14:13 499] - DBInterfaceMysql::query: successfully!
    INFO      dbmgr-1 3960 4000  [2019-06-20 11:14:13 499] - DBInterfaceMysql::query: successfully!
 WARNING      dbmgr-1 3960 4000  [2019-06-20 11:14:13 500] - DBTask::process(): took 0.24 seconds
sql:(CREATE TABLE IF NOT EXISTS kbe_accountinfos (`accountName` varchar(128) not null, PRIMARY KEY idKey (`accountName`),`password` varchar(255) not null,`bindata` blob,`email` varchar(191) not null, UNIQUE KEY `email` (`email`),`entityDBID` bigint(20) unsigned not null DEFAULT 0, UNIQUE KEY `entityDBID` (`entityDBID`),`flags` int unsigned not null DEFAULT 0,`deadline` bigint(20) not null DEFAULT 0,`regtime` bigint(20) not null DEFAULT 0,`lasttime` bigint(20) not null DEFAULT 0,`numlogin` int unsigned not null DEFAULT 0)ENGINE=InnoDB)
   DEBUG      dbmgr-1 3960 4000  [2019-06-20 11:14:13 583] - DBInterfaceMysql::attach: successfully! addr: localhost:3306
   DEBUG      dbmgr-1 3960 4000  [2019-06-20 11:14:13 583] - DBThread::onStart(): 0xc7b38!
 WARNING      dbmgr-1 3960 4000  [2019-06-20 11:14:13 670] - DBTask::process(): took 0.30 seconds
sql:(insert into kbe_serverlog (heartbeatTime, serverGroupID) values(1561000453,3960) ON DUPLICATE KEY UPDATE heartbeatTime=1561000453)
    INFO      dbmgr-1 3960 4000  [2019-06-20 11:14:13 731] - DBInterfaceMysql::query: successfully!
    INFO      dbmgr-1 3960 4000  [2019-06-20 11:14:13 733] - DBInterfaceMysql::query: successfully!
 WARNING      dbmgr-1 3960 4000  [2019-06-20 11:14:13 734] - DBTask::process(): took 0.30 seconds
sql:(select distinct(serverGroupID) from kbe_entitylog)
 WARNING      dbmgr-1 3960 4000  [2019-06-20 11:14:13 787] - DBTask::process(): took 0.29 seconds
sql:(show index from tbl_Hall)
 WARNING      dbmgr-1 3960 4000  [2019-06-20 11:14:13 819] - DBTask::process(): took 0.30 seconds
sql:(show index from tbl_Room)
 WARNING      dbmgr-1 3960 4000  [2019-06-20 11:14:13 827] - DBTask::process(): took 0.20 seconds
sql:(show index from tbl_Account)
    INFO      dbmgr-1 3960 4000  [2019-06-20 11:14:20 770] - ServerApp::onRegisterNewApp: uid:3960, username:error_name, componentType:interfaces, componentID:3000, globalorderID=-1, grouporderID=-1, intaddr:192.168.56.1, intport:30099, extaddr:nonsupport, extport:0,  from 127.0.0.1:30099/0/0/0.
    INFO      dbmgr-1 3960 4000  [2019-06-20 11:14:20 770] - Components::addComponent: reset orderLog, uid=3960!
    INFO      dbmgr-1 3960 4000  [2019-06-20 11:14:20 770] - Components::addComponent[interfaces], uid=3960, componentID=3000, globalorderid=1, grouporderid=1, totalcount=1
 WARNING      dbmgr-1 3960 4000  [2019-06-20 11:14:20 771] - TCPPacketReceiver::processPendingEvents(192.168.56.1:54170): Throwing REASON_GENERAL_NETWORK - WSAECONNABORTED
    INFO      dbmgr-1 3960 4000  [2019-06-20 11:14:21 780] - Components::findComponents: find logger(1)...
    INFO      dbmgr-1 3960 4000  [2019-06-20 11:14:21 866] - Components::findComponents: found logger, addr:192.168.56.1:54151
    INFO      dbmgr-1 3960 4000  [2019-06-20 11:14:21 866] - Components::addComponent: reset orderLog, uid=3960!
    INFO      dbmgr-1 3960 4000  [2019-06-20 11:14:21 867] - Components::addComponent[logger], uid=3960, componentID=2000, globalorderid=1, grouporderid=1, totalcount=1
    INFO      dbmgr-1 3960 4000  [2019-06-20 11:14:21 899] - Components::process(): Found all the components!
    INFO      dbmgr-1 3960 4000  [2019-06-20 11:14:22 897] - ServerApp::onRegisterNewApp: uid:3960, username:error_name, componentType:baseappmgr, componentID:5000, globalorderID=-1, grouporderID=-1, intaddr:192.168.56.1, intport:54154, extaddr:nonsupport, extport:0,  from 192.168.56.1:54186/0/0/0.
    INFO      dbmgr-1 3960 4000  [2019-06-20 11:14:22 897] - Components::addComponent: reset orderLog, uid=3960!
    INFO      dbmgr-1 3960 4000  [2019-06-20 11:14:22 898] - Components::addComponent[baseappmgr], uid=3960, componentID=5000, globalorderid=1, grouporderid=1, totalcount=1
    INFO      dbmgr-1 3960 4000  [2019-06-20 11:14:23 209] - ServerApp::onRegisterNewApp: uid:3960, username:error_name, componentType:cellappmgr, componentID:6000, globalorderID=-1, grouporderID=-1, intaddr:192.168.56.1, intport:54155, extaddr:nonsupport, extport:0,  from 192.168.56.1:54188/0/0/0.
    INFO      dbmgr-1 3960 4000  [2019-06-20 11:14:23 209] - Components::addComponent[cellappmgr], uid=3960, componentID=6000, globalorderid=2, grouporderid=1, totalcount=1
    INFO      dbmgr-1 3960 4000  [2019-06-20 11:14:25 640] - ServerApp::onRegisterNewApp: uid:3960, username:error_name, componentType:loginapp, componentID:9000, globalorderID=-1, grouporderID=-1, intaddr:192.168.56.1, intport:54160, extaddr:192.168.56.1, extport:20013,  from 192.168.56.1:54190/0/0/0.
    INFO      dbmgr-1 3960 4000  [2019-06-20 11:14:25 640] - Components::addComponent[loginapp], uid=3960, componentID=9000, globalorderid=3, grouporderid=1, totalcount=1
    INFO      dbmgr-1 3960 4000  [2019-06-20 11:14:26 845] - ServerApp::onRegisterNewApp: uid:3960, username:error_name, componentType:cellapp, componentID:8001, globalorderID=-1, grouporderID=-1, intaddr:192.168.56.1, intport:54156, extaddr:nonsupport, extport:0,  from 192.168.56.1:54192/0/0/0.
    INFO      dbmgr-1 3960 4000  [2019-06-20 11:14:26 845] - Components::addComponent[cellapp], uid=3960, componentID=8001, globalorderid=4, grouporderid=1, totalcount=1
    INFO      dbmgr-1 3960 4000  [2019-06-20 11:14:28 735] - ServerApp::onRegisterNewApp: uid:3960, username:error_name, componentType:baseapp, componentID:7001, globalorderID=-1, grouporderID=-1, intaddr:192.168.56.1, intport:54159, extaddr:192.168.56.1, extport:20015,  from 192.168.56.1:54195/0/0/0.
    INFO      dbmgr-1 3960 4000  [2019-06-20 11:14:28 735] - Components::addComponent[baseapp], uid=3960, componentID=7001, globalorderid=5, grouporderid=1, totalcount=1
    INFO      dbmgr-1 3960 4000  [2019-06-20 11:14:31 740] - IDServer::allocRange: 1-2001.
    INFO      dbmgr-1 3960 4000  [2019-06-20 11:14:31 740] - IDServer::allocRange: 2001-4001.
   DEBUG      dbmgr-1 3960 4000  [2019-06-20 11:14:31 740] - SyncAppDatasHandler::~SyncAppDatasHandler()
    INFO      dbmgr-1 3960 4000  [2019-06-20 11:14:33 847] - GlobalDataServer::broadcastDataChanged: writer(baseapp, addr=192.168.56.1:54195/0/0/0), keySize=10, valSize=48, isDelete=0
   DEBUG      dbmgr-1 3960 4000  [2019-06-20 11:14:40 559] - Dbmgr::onAccountLogin:loginName=111, accountName=111, success=0, componentID=0, entityID=0, dbid=1, flags=0, deadline=0.
   DEBUG      dbmgr-1 3960 4000  [2019-06-20 11:14:40 719] - Dbmgr::queryAccount: 111, success=true, flags=0, deadline=0.
    INFO      dbmgr-1 3960 4000  [2019-06-20 11:14:49 520] - GlobalDataServer::broadcastDataChanged: writer(cellapp, addr=192.168.56.1:54192/0/0/0), keySize=12, valSize=48, isDelete=0
   DEBUG      dbmgr-1 3960 4000  [2019-06-20 11:16:07 577] - Dbmgr::onAccountLogin:loginName=123456, accountName=123456, success=0, componentID=0, entityID=0, dbid=2, flags=0, deadline=0.
   DEBUG      dbmgr-1 3960 4000  [2019-06-20 11:16:07 838] - Dbmgr::queryAccount: 123456, success=true, flags=0, deadline=0.
   DEBUG      dbmgr-1 3960 4000  [2019-06-20 11:18:28 754] - Dbmgr::onAccountLogin:loginName=12345678, accountName=12345678, success=0, componentID=0, entityID=0, dbid=3, flags=0, deadline=0.
   DEBUG      dbmgr-1 3960 4000  [2019-06-20 11:18:28 934] - Dbmgr::queryAccount: 12345678, success=true, flags=0, deadline=0.
   DEBUG      dbmgr-1 3960 4000  [2019-06-20 11:20:54 631] - Dbmgr::writeEntity: Account(1).
   DEBUG      dbmgr-1 3960 4000  [2019-06-20 11:22:34 628] - Dbmgr::writeEntity: Account(2).
   DEBUG      dbmgr-1 3960 4000  [2019-06-20 11:24:14 626] - Dbmgr::writeEntity: Account(3).
