    INFO    cellapp-1 2082 8001  [2019-09-16 20:23:02 113] - -----------------------------------------------------------------------------------------


    INFO    cellapp-1 2082 8001  [2019-09-16 20:23:02 113] - Resmgr::initialize: KBE_ROOT=D:/kbengine/
    INFO    cellapp-1 2082 8001  [2019-09-16 20:23:02 114] - Resmgr::initialize: KBE_RES_PATH=D:/kbengine/kbe/res/;D:/kbengine/HappyPoker_assets/;D:/kbengine/HappyPoker_assets/scripts/;D:/kbengine/HappyPoker_assets/res/
    INFO    cellapp-1 2082 8001  [2019-09-16 20:23:02 114] - Resmgr::initialize: KBE_BIN_PATH=D:/kbengine/kbe/bin/server/
    INFO    cellapp-1 2082 8001  [2019-09-16 20:23:02 144] - NetworkInterface::initialize(INTERNAL-TCP): bound to all interfaces with default route interface on 192.168.56.1 ( 192.168.56.1:52070 )
    INFO    cellapp-1 2082 8001  [2019-09-16 20:23:02 144] - NetworkInterface::initialize(INTERNAL-TCP): address 192.168.56.1:52070, SOMAXCONN=5.
    INFO    cellapp-1 2082 8001  [2019-09-16 20:23:02 144] - server-configs:
    INFO    cellapp-1 2082 8001  [2019-09-16 20:23:02 144] - 	gameUpdateHertz : 10
    INFO    cellapp-1 2082 8001  [2019-09-16 20:23:02 145] - 	defaultViewRadius : 80
    INFO    cellapp-1 2082 8001  [2019-09-16 20:23:02 145] - 	defaultViewHysteresisArea : 5
    INFO    cellapp-1 2082 8001  [2019-09-16 20:23:02 145] - 	entryScriptFile : kbemain
    INFO    cellapp-1 2082 8001  [2019-09-16 20:23:02 145] - 	internalTcpAddr : 192.168.56.1:52070
    INFO    cellapp-1 2082 8001  [2019-09-16 20:23:02 145] - 	componentID : 8001
 WARNING    cellapp-1 2082 8001  [2019-09-16 20:23:02 150] - invalid UID(0) <= 0, please check UID for environment! automatically set to 2082.
    INFO    cellapp-1 2082 8001  [2019-09-16 20:23:03 664] - ---- cellapp Version: 2.4.5. ScriptVersion: 0.1.0. Pythoncore: 3.7.3. Protocol: C9FCABE153AC3D64A8F240810ADA666D. Config: Debug X86. Built: 09:56:57 May  8 2019. AppID: 8001. UID: 2082. PID: 7952 ----
    INFO    cellapp-1 2082 8001  [2019-09-16 20:23:03 664] - Server error_name: Intel(R) Core(TM) i5-6300HQ CPU @ 2.30GHz with 2097151kB RAM
    INFO    cellapp-1 2082 8001  [2019-09-16 20:23:03 665] - ThreadPool::createThreadPool: creating  threadpool...
    INFO    cellapp-1 2082 8001  [2019-09-16 20:23:03 665] - ThreadPool::createThreadPool: successfully(2), newThreadCount=1, normalMaxThreadCount=2, maxThreadCount=8
    INFO    cellapp-1 2082 8001  [2019-09-16 20:23:03 959] - Script::install(): is successfully, Python=(3.7.3 (default, May  8 2019, 09:53:38) [MSC v.1916 32 bit (Intel)])!
    INFO    cellapp-1 2082 8001  [2019-09-16 20:23:03 960] - Script::install(): KBExtra is successfully!
 WARNING    cellapp-1 2082 8001  [2019-09-16 20:23:04 522] - EntityDef::checkDefMethod: exposed of method: Account.leaveRoom, check the caller can use "def leaveRoom(self, callerID, ...)", such as: if callerID == self.id!
 WARNING    cellapp-1 2082 8001  [2019-09-16 20:23:04 522] - EntityDef::checkDefMethod: exposed of method: Account.playerMakeLandlord, check the caller can use "def playerMakeLandlord(self, callerID, ...)", such as: if callerID == self.id!
 WARNING    cellapp-1 2082 8001  [2019-09-16 20:23:04 523] - EntityDef::checkDefMethod: exposed of method: Account.setGameReady, check the caller can use "def setGameReady(self, callerID, ...)", such as: if callerID == self.id!
 WARNING    cellapp-1 2082 8001  [2019-09-16 20:23:04 523] - EntityDef::checkDefMethod: exposed of method: Account.stayRoom, check the caller can use "def stayRoom(self, callerID, ...)", such as: if callerID == self.id!
   DEBUG    cellapp-1 2082 8001  [2019-09-16 20:23:04 523] - loaded entity-script:Account(1).
 WARNING    cellapp-1 2082 8001  [2019-09-16 20:23:04 525] - EntityDef::checkDefMethod: exposed of method: Room.playPoker, check the caller can use "def playPoker(self, callerID, ...)", such as: if callerID == self.id!
 WARNING    cellapp-1 2082 8001  [2019-09-16 20:23:04 528] - EntityDef::checkDefMethod: exposed of method: Room.unPlayPoker, check the caller can use "def unPlayPoker(self, callerID, ...)", such as: if callerID == self.id!
   DEBUG    cellapp-1 2082 8001  [2019-09-16 20:23:04 528] - loaded entity-script:Room(3).
    INFO    cellapp-1 2082 8001  [2019-09-16 20:23:04 531] - TelnetServer server is running on port 50000
    INFO    cellapp-1 2082 8001  [2019-09-16 20:23:05 035] - ---- cellapp is running ----
   DEBUG    cellapp-1 2082 8001  [2019-09-16 20:23:05 035] - Components::process(): Request for the process of identity...
 WARNING    cellapp-1 2082 8001  [2019-09-16 20:23:11 163] - EntityApp::checkTickPeriod: tick took 6127% (6.13 seconds)!
    INFO    cellapp-1 2082 8001  [2019-09-16 20:23:12 222] - Components::findComponents: find logger(1)...
    INFO    cellapp-1 2082 8001  [2019-09-16 20:23:12 315] - Components::findComponents: found logger, addr:192.168.56.1:52072
    INFO    cellapp-1 2082 8001  [2019-09-16 20:23:12 315] - Components::addComponent: reset orderLog, uid=2082!
    INFO    cellapp-1 2082 8001  [2019-09-16 20:23:12 315] - Components::addComponent[logger], uid=2082, componentID=2000, globalorderid=1, grouporderid=1, totalcount=1
    INFO    cellapp-1 2082 8001  [2019-09-16 20:23:12 317] - Components::findComponents: find dbmgr(2)...
 WARNING    cellapp-1 2082 8001  [2019-09-16 20:23:13 421] - EntityApp::checkTickPeriod: tick took 1285% (1.28 seconds)!
    INFO    cellapp-1 2082 8001  [2019-09-16 20:23:14 436] - Components::findComponents: find dbmgr(3)...
 WARNING    cellapp-1 2082 8001  [2019-09-16 20:23:15 516] - EntityApp::checkTickPeriod: tick took 1180% (1.18 seconds)!
 WARNING    cellapp-1 2082 8001  [2019-09-16 20:23:15 519] - TCPPacketReceiver::processPendingEvents(192.168.56.1:52089): Throwing REASON_GENERAL_NETWORK - WSAECONNABORTED
    INFO    cellapp-1 2082 8001  [2019-09-16 20:23:16 520] - Components::findComponents: find dbmgr(4)...
 WARNING    cellapp-1 2082 8001  [2019-09-16 20:23:17 582] - EntityApp::checkTickPeriod: tick took 1146% (1.15 seconds)!
    INFO    cellapp-1 2082 8001  [2019-09-16 20:23:18 620] - Components::findComponents: find dbmgr(5)...
 WARNING    cellapp-1 2082 8001  [2019-09-16 20:23:19 647] - EntityApp::checkTickPeriod: tick took 1110% (1.11 seconds)!
    INFO    cellapp-1 2082 8001  [2019-09-16 20:23:20 720] - Components::findComponents: find dbmgr(6)...
 WARNING    cellapp-1 2082 8001  [2019-09-16 20:23:21 777] - EntityApp::checkTickPeriod: tick took 1139% (1.14 seconds)!
    INFO    cellapp-1 2082 8001  [2019-09-16 20:23:22 820] - Components::findComponents: find dbmgr(7)...
 WARNING    cellapp-1 2082 8001  [2019-09-16 20:23:23 925] - EntityApp::checkTickPeriod: tick took 1188% (1.19 seconds)!
    INFO    cellapp-1 2082 8001  [2019-09-16 20:23:26 601] - -----------------------------------------------------------------------------------------


    INFO    cellapp-1 2082 8001  [2019-09-16 20:23:26 601] - Resmgr::initialize: KBE_ROOT=D:/kbengine/
    INFO    cellapp-1 2082 8001  [2019-09-16 20:23:26 602] - Resmgr::initialize: KBE_RES_PATH=D:/kbengine/kbe/res/;D:/kbengine/HappyPoker_assets/;D:/kbengine/HappyPoker_assets/scripts/;D:/kbengine/HappyPoker_assets/res/
    INFO    cellapp-1 2082 8001  [2019-09-16 20:23:26 602] - Resmgr::initialize: KBE_BIN_PATH=D:/kbengine/kbe/bin/server/
    INFO    cellapp-1 2082 8001  [2019-09-16 20:23:26 686] - NetworkInterface::initialize(INTERNAL-TCP): bound to all interfaces with default route interface on 192.168.56.1 ( 192.168.56.1:52094 )
    INFO    cellapp-1 2082 8001  [2019-09-16 20:23:26 687] - NetworkInterface::initialize(INTERNAL-TCP): address 192.168.56.1:52094, SOMAXCONN=5.
    INFO    cellapp-1 2082 8001  [2019-09-16 20:23:26 687] - server-configs:
    INFO    cellapp-1 2082 8001  [2019-09-16 20:23:26 687] - 	gameUpdateHertz : 10
    INFO    cellapp-1 2082 8001  [2019-09-16 20:23:26 688] - 	defaultViewRadius : 80
    INFO    cellapp-1 2082 8001  [2019-09-16 20:23:26 688] - 	defaultViewHysteresisArea : 5
    INFO    cellapp-1 2082 8001  [2019-09-16 20:23:26 689] - 	entryScriptFile : kbemain
    INFO    cellapp-1 2082 8001  [2019-09-16 20:23:26 689] - 	internalTcpAddr : 192.168.56.1:52094
    INFO    cellapp-1 2082 8001  [2019-09-16 20:23:26 689] - 	componentID : 8001
 WARNING    cellapp-1 2082 8001  [2019-09-16 20:23:26 730] - invalid UID(0) <= 0, please check UID for environment! automatically set to 2082.
 WARNING    cellapp-1 2082 8001  [2019-09-16 20:23:27 210] - BundleBroadcast::BundleBroadcast: Cannot bind to port 20715, errorno=10048
    INFO    cellapp-1 2082 8001  [2019-09-16 20:23:27 214] - ---- cellapp Version: 2.4.5. ScriptVersion: 0.1.0. Pythoncore: 3.7.3. Protocol: C9FCABE153AC3D64A8F240810ADA666D. Config: Debug X86. Built: 09:56:57 May  8 2019. AppID: 8001. UID: 2082. PID: 8932 ----
    INFO    cellapp-1 2082 8001  [2019-09-16 20:23:27 217] - Server error_name: Intel(R) Core(TM) i5-6300HQ CPU @ 2.30GHz with 2097151kB RAM
    INFO    cellapp-1 2082 8001  [2019-09-16 20:23:27 218] - ThreadPool::createThreadPool: creating  threadpool...
    INFO    cellapp-1 2082 8001  [2019-09-16 20:23:27 219] - ThreadPool::createThreadPool: successfully(2), newThreadCount=1, normalMaxThreadCount=2, maxThreadCount=8
    INFO    cellapp-1 2082 8001  [2019-09-16 20:23:27 440] - Script::install(): is successfully, Python=(3.7.3 (default, May  8 2019, 09:53:38) [MSC v.1916 32 bit (Intel)])!
    INFO    cellapp-1 2082 8001  [2019-09-16 20:23:27 440] - Script::install(): KBExtra is successfully!
 WARNING    cellapp-1 2082 8001  [2019-09-16 20:23:27 600] - EntityDef::checkDefMethod: exposed of method: Account.leaveRoom, check the caller can use "def leaveRoom(self, callerID, ...)", such as: if callerID == self.id!
 WARNING    cellapp-1 2082 8001  [2019-09-16 20:23:27 602] - EntityDef::checkDefMethod: exposed of method: Account.playerMakeLandlord, check the caller can use "def playerMakeLandlord(self, callerID, ...)", such as: if callerID == self.id!
 WARNING    cellapp-1 2082 8001  [2019-09-16 20:23:27 602] - EntityDef::checkDefMethod: exposed of method: Account.setGameReady, check the caller can use "def setGameReady(self, callerID, ...)", such as: if callerID == self.id!
 WARNING    cellapp-1 2082 8001  [2019-09-16 20:23:27 603] - EntityDef::checkDefMethod: exposed of method: Account.stayRoom, check the caller can use "def stayRoom(self, callerID, ...)", such as: if callerID == self.id!
   DEBUG    cellapp-1 2082 8001  [2019-09-16 20:23:27 603] - loaded entity-script:Account(1).
 WARNING    cellapp-1 2082 8001  [2019-09-16 20:23:27 605] - EntityDef::checkDefMethod: exposed of method: Room.playPoker, check the caller can use "def playPoker(self, callerID, ...)", such as: if callerID == self.id!
 WARNING    cellapp-1 2082 8001  [2019-09-16 20:23:27 606] - EntityDef::checkDefMethod: exposed of method: Room.unPlayPoker, check the caller can use "def unPlayPoker(self, callerID, ...)", such as: if callerID == self.id!
   DEBUG    cellapp-1 2082 8001  [2019-09-16 20:23:27 606] - loaded entity-script:Room(3).
    INFO    cellapp-1 2082 8001  [2019-09-16 20:23:27 609] - TelnetServer server is running on port 50000
    INFO    cellapp-1 2082 8001  [2019-09-16 20:23:28 102] - ---- cellapp is running ----
   DEBUG    cellapp-1 2082 8001  [2019-09-16 20:23:28 103] - Components::process(): Request for the process of identity...
 WARNING    cellapp-1 2082 8001  [2019-09-16 20:23:34 225] - EntityApp::checkTickPeriod: tick took 6122% (6.12 seconds)!
    INFO    cellapp-1 2082 8001  [2019-09-16 20:23:35 304] - Components::findComponents: find logger(1)...
    INFO    cellapp-1 2082 8001  [2019-09-16 20:23:35 369] - Components::findComponents: found logger, addr:192.168.56.1:52097
    INFO    cellapp-1 2082 8001  [2019-09-16 20:23:35 369] - Components::addComponent: reset orderLog, uid=2082!
    INFO    cellapp-1 2082 8001  [2019-09-16 20:23:35 369] - Components::addComponent[logger], uid=2082, componentID=2000, globalorderid=1, grouporderid=1, totalcount=1
    INFO    cellapp-1 2082 8001  [2019-09-16 20:23:35 371] - Components::findComponents: find dbmgr(2)...
    INFO    cellapp-1 2082 8001  [2019-09-16 20:23:35 474] - Components::findComponents: found dbmgr, addr:192.168.56.1:52099
    INFO    cellapp-1 2082 8001  [2019-09-16 20:23:35 474] - Components::addComponent: reset orderLog, uid=2082!
    INFO    cellapp-1 2082 8001  [2019-09-16 20:23:35 474] - Components::addComponent[dbmgr], uid=2082, componentID=4000, globalorderid=1, grouporderid=1, totalcount=1
    INFO    cellapp-1 2082 8001  [2019-09-16 20:23:35 476] - Components::findComponents: found dbmgr, addr:192.168.56.1:52099
 WARNING    cellapp-1 2082 8001  [2019-09-16 20:23:36 476] - EntityApp::checkTickPeriod: tick took 1271% (1.27 seconds)!
    INFO    cellapp-1 2082 8001  [2019-09-16 20:23:37 503] - Components::findComponents: find cellappmgr(1)...
    INFO    cellapp-1 2082 8001  [2019-09-16 20:23:37 603] - Components::findComponents: found cellappmgr, addr:192.168.56.1:52096
    INFO    cellapp-1 2082 8001  [2019-09-16 20:23:37 603] - Components::addComponent[cellappmgr], uid=2082, componentID=6000, globalorderid=2, grouporderid=1, totalcount=1
    INFO    cellapp-1 2082 8001  [2019-09-16 20:23:37 604] - Components::findComponents: found cellappmgr, addr:192.168.56.1:52096
 WARNING    cellapp-1 2082 8001  [2019-09-16 20:23:38 604] - EntityApp::checkTickPeriod: tick took 1200% (1.20 seconds)!
    INFO    cellapp-1 2082 8001  [2019-09-16 20:23:39 604] - Components::findComponents: find baseappmgr(1)...
    INFO    cellapp-1 2082 8001  [2019-09-16 20:23:39 627] - Components::findComponents: found baseappmgr, addr:192.168.56.1:52098
    INFO    cellapp-1 2082 8001  [2019-09-16 20:23:39 627] - Components::addComponent[baseappmgr], uid=2082, componentID=5000, globalorderid=3, grouporderid=1, totalcount=1
    INFO    cellapp-1 2082 8001  [2019-09-16 20:23:39 627] - Components::findComponents: found baseappmgr, addr:192.168.56.1:52098
 WARNING    cellapp-1 2082 8001  [2019-09-16 20:23:40 628] - EntityApp::checkTickPeriod: tick took 1124% (1.12 seconds)!
    INFO    cellapp-1 2082 8001  [2019-09-16 20:23:41 704] - Components::findComponents: register self to dbmgr...
    INFO    cellapp-1 2082 8001  [2019-09-16 20:23:41 764] - Components::findComponents: register self to cellappmgr...
    INFO    cellapp-1 2082 8001  [2019-09-16 20:23:41 804] - Components::findComponents: register self to baseappmgr...
    INFO    cellapp-1 2082 8001  [2019-09-16 20:23:41 866] - Components::process(): Found all the components!
    INFO    cellapp-1 2082 8001  [2019-09-16 20:23:47 857] - -----------------------------------------------------------------------------------------


    INFO    cellapp-1 2082 8001  [2019-09-16 20:23:47 857] - Resmgr::initialize: KBE_ROOT=D:/kbengine/
    INFO    cellapp-1 2082 8001  [2019-09-16 20:23:47 858] - Resmgr::initialize: KBE_RES_PATH=D:/kbengine/kbe/res/;D:/kbengine/HappyPoker_assets/;D:/kbengine/HappyPoker_assets/scripts/;D:/kbengine/HappyPoker_assets/res/
    INFO    cellapp-1 2082 8001  [2019-09-16 20:23:47 858] - Resmgr::initialize: KBE_BIN_PATH=D:/kbengine/kbe/bin/server/
    INFO    cellapp-1 2082 8001  [2019-09-16 20:23:47 878] - NetworkInterface::initialize(INTERNAL-TCP): bound to all interfaces with default route interface on 192.168.56.1 ( 192.168.56.1:52124 )
    INFO    cellapp-1 2082 8001  [2019-09-16 20:23:47 878] - NetworkInterface::initialize(INTERNAL-TCP): address 192.168.56.1:52124, SOMAXCONN=5.
    INFO    cellapp-1 2082 8001  [2019-09-16 20:23:47 878] - server-configs:
    INFO    cellapp-1 2082 8001  [2019-09-16 20:23:47 878] - 	gameUpdateHertz : 10
    INFO    cellapp-1 2082 8001  [2019-09-16 20:23:47 879] - 	defaultViewRadius : 80
    INFO    cellapp-1 2082 8001  [2019-09-16 20:23:47 880] - 	defaultViewHysteresisArea : 5
    INFO    cellapp-1 2082 8001  [2019-09-16 20:23:47 880] - 	entryScriptFile : kbemain
    INFO    cellapp-1 2082 8001  [2019-09-16 20:23:47 880] - 	internalTcpAddr : 192.168.56.1:52124
    INFO    cellapp-1 2082 8001  [2019-09-16 20:23:47 880] - 	componentID : 8001
 WARNING    cellapp-1 2082 8001  [2019-09-16 20:23:47 922] - invalid UID(0) <= 0, please check UID for environment! automatically set to 2082.
    INFO    cellapp-1 2082 8001  [2019-09-16 20:23:49 446] - ---- cellapp Version: 2.4.5. ScriptVersion: 0.1.0. Pythoncore: 3.7.3. Protocol: C9FCABE153AC3D64A8F240810ADA666D. Config: Debug X86. Built: 09:56:57 May  8 2019. AppID: 8001. UID: 2082. PID: 10648 ----
    INFO    cellapp-1 2082 8001  [2019-09-16 20:23:49 447] - Server error_name: Intel(R) Core(TM) i5-6300HQ CPU @ 2.30GHz with 2097151kB RAM
    INFO    cellapp-1 2082 8001  [2019-09-16 20:23:49 447] - ThreadPool::createThreadPool: creating  threadpool...
    INFO    cellapp-1 2082 8001  [2019-09-16 20:23:49 448] - ThreadPool::createThreadPool: successfully(2), newThreadCount=1, normalMaxThreadCount=2, maxThreadCount=8
    INFO    cellapp-1 2082 8001  [2019-09-16 20:23:49 679] - Script::install(): is successfully, Python=(3.7.3 (default, May  8 2019, 09:53:38) [MSC v.1916 32 bit (Intel)])!
    INFO    cellapp-1 2082 8001  [2019-09-16 20:23:49 679] - Script::install(): KBExtra is successfully!
 WARNING    cellapp-1 2082 8001  [2019-09-16 20:23:49 840] - EntityDef::checkDefMethod: exposed of method: Account.leaveRoom, check the caller can use "def leaveRoom(self, callerID, ...)", such as: if callerID == self.id!
 WARNING    cellapp-1 2082 8001  [2019-09-16 20:23:49 841] - EntityDef::checkDefMethod: exposed of method: Account.playerMakeLandlord, check the caller can use "def playerMakeLandlord(self, callerID, ...)", such as: if callerID == self.id!
 WARNING    cellapp-1 2082 8001  [2019-09-16 20:23:49 841] - EntityDef::checkDefMethod: exposed of method: Account.setGameReady, check the caller can use "def setGameReady(self, callerID, ...)", such as: if callerID == self.id!
 WARNING    cellapp-1 2082 8001  [2019-09-16 20:23:49 841] - EntityDef::checkDefMethod: exposed of method: Account.stayRoom, check the caller can use "def stayRoom(self, callerID, ...)", such as: if callerID == self.id!
   DEBUG    cellapp-1 2082 8001  [2019-09-16 20:23:49 842] - loaded entity-script:Account(1).
 WARNING    cellapp-1 2082 8001  [2019-09-16 20:23:49 844] - EntityDef::checkDefMethod: exposed of method: Room.playPoker, check the caller can use "def playPoker(self, callerID, ...)", such as: if callerID == self.id!
 WARNING    cellapp-1 2082 8001  [2019-09-16 20:23:49 844] - EntityDef::checkDefMethod: exposed of method: Room.unPlayPoker, check the caller can use "def unPlayPoker(self, callerID, ...)", such as: if callerID == self.id!
   DEBUG    cellapp-1 2082 8001  [2019-09-16 20:23:49 844] - loaded entity-script:Room(3).
    INFO    cellapp-1 2082 8001  [2019-09-16 20:23:49 847] - TelnetServer server is running on port 50000
    INFO    cellapp-1 2082 8001  [2019-09-16 20:23:50 394] - ---- cellapp is running ----
   DEBUG    cellapp-1 2082 8001  [2019-09-16 20:23:50 424] - Components::process(): Request for the process of identity...
 WARNING    cellapp-1 2082 8001  [2019-09-16 20:23:56 577] - EntityApp::checkTickPeriod: tick took 6182% (6.18 seconds)!
 WARNING    cellapp-1 2082 8001  [2019-09-16 20:23:56 582] - TCPPacketReceiver::processPendingEvents(192.168.56.1:52144): Throwing REASON_GENERAL_NETWORK - WSAECONNABORTED
    INFO    cellapp-1 2082 8001  [2019-09-16 20:23:57 595] - Components::findComponents: find logger(1)...
    INFO    cellapp-1 2082 8001  [2019-09-16 20:23:57 605] - Components::findComponents: found logger, addr:192.168.56.1:52130
    INFO    cellapp-1 2082 8001  [2019-09-16 20:23:57 605] - Components::addComponent: reset orderLog, uid=2082!
    INFO    cellapp-1 2082 8001  [2019-09-16 20:23:57 605] - Components::addComponent[logger], uid=2082, componentID=2000, globalorderid=1, grouporderid=1, totalcount=1
    INFO    cellapp-1 2082 8001  [2019-09-16 20:23:57 606] - Components::findComponents: find dbmgr(2)...
    INFO    cellapp-1 2082 8001  [2019-09-16 20:23:57 709] - Components::findComponents: found dbmgr, addr:192.168.56.1:52125
    INFO    cellapp-1 2082 8001  [2019-09-16 20:23:57 709] - Components::addComponent: reset orderLog, uid=2082!
    INFO    cellapp-1 2082 8001  [2019-09-16 20:23:57 709] - Components::addComponent[dbmgr], uid=2082, componentID=4000, globalorderid=1, grouporderid=1, totalcount=1
    INFO    cellapp-1 2082 8001  [2019-09-16 20:23:57 709] - Components::findComponents: found dbmgr, addr:192.168.56.1:52125
 WARNING    cellapp-1 2082 8001  [2019-09-16 20:23:58 711] - EntityApp::checkTickPeriod: tick took 1215% (1.22 seconds)!
    INFO    cellapp-1 2082 8001  [2019-09-16 20:23:59 760] - Components::findComponents: find cellappmgr(1)...
    INFO    cellapp-1 2082 8001  [2019-09-16 20:23:59 850] - Components::findComponents: found cellappmgr, addr:192.168.56.1:52126
    INFO    cellapp-1 2082 8001  [2019-09-16 20:23:59 850] - Components::addComponent[cellappmgr], uid=2082, componentID=6000, globalorderid=2, grouporderid=1, totalcount=1
    INFO    cellapp-1 2082 8001  [2019-09-16 20:23:59 851] - Components::findComponents: found cellappmgr, addr:192.168.56.1:52126
 WARNING    cellapp-1 2082 8001  [2019-09-16 20:24:00 851] - EntityApp::checkTickPeriod: tick took 1155% (1.15 seconds)!
    INFO    cellapp-1 2082 8001  [2019-09-16 20:24:01 860] - Components::findComponents: find baseappmgr(1)...
    INFO    cellapp-1 2082 8001  [2019-09-16 20:24:01 868] - Components::findComponents: found baseappmgr, addr:192.168.56.1:52128
    INFO    cellapp-1 2082 8001  [2019-09-16 20:24:01 868] - Components::addComponent[baseappmgr], uid=2082, componentID=5000, globalorderid=3, grouporderid=1, totalcount=1
    INFO    cellapp-1 2082 8001  [2019-09-16 20:24:01 870] - Components::findComponents: found baseappmgr, addr:192.168.56.1:52128
 WARNING    cellapp-1 2082 8001  [2019-09-16 20:24:02 871] - EntityApp::checkTickPeriod: tick took 1075% (1.08 seconds)!
    INFO    cellapp-1 2082 8001  [2019-09-16 20:24:03 995] - Components::findComponents: register self to dbmgr...
    INFO    cellapp-1 2082 8001  [2019-09-16 20:24:04 059] - Components::findComponents: register self to cellappmgr...
    INFO    cellapp-1 2082 8001  [2019-09-16 20:24:04 096] - Components::findComponents: register self to baseappmgr...
    INFO    cellapp-1 2082 8001  [2019-09-16 20:24:04 160] - Components::process(): Found all the components!
    INFO    cellapp-1 2082 8001  [2019-09-16 20:24:07 008] - EntityApp::onDbmgrInitCompleted: entityID alloc(1-2001), startGlobalOrder=4, startGroupOrder=1, digest=B91EBE6B591F8BEB2E04FAF8BE8B7B2F.
    INFO    cellapp01 2082 8001  [2019-09-16 20:24:07 008] - IDClient::onAddRange: number of ids increased from 1 to 2001.
 WARNING    cellapp01 2082 8001  [2019-09-16 20:24:07 340] - BundleBroadcast::BundleBroadcast: Cannot bind to port 20132, errorno=10048
   S_DBG    cellapp01 2082 8001  [2019-09-16 20:24:08 563] - onInit::isReload:0
 WARNING    cellapp01 2082 8001  [2019-09-16 20:24:08 563] - d:\kbengine\kbe\src\lib\network\channel.cpp:1023: Profile processRecvMessages took 1.56 seconds
 WARNING    cellapp01 2082 8001  [2019-09-16 20:24:08 563] - EntityApp::checkTickPeriod: tick took 1567% (1.57 seconds)!
    INFO    cellapp-1 2082 8001  [2019-09-16 22:12:58 318] - -----------------------------------------------------------------------------------------


    INFO    cellapp-1 2082 8001  [2019-09-16 22:12:58 319] - Resmgr::initialize: KBE_ROOT=D:/kbengine/
    INFO    cellapp-1 2082 8001  [2019-09-16 22:12:58 319] - Resmgr::initialize: KBE_RES_PATH=D:/kbengine/kbe/res/;D:/kbengine/HappyPoker_assets/;D:/kbengine/HappyPoker_assets/scripts/;D:/kbengine/HappyPoker_assets/res/
    INFO    cellapp-1 2082 8001  [2019-09-16 22:12:58 319] - Resmgr::initialize: KBE_BIN_PATH=D:/kbengine/kbe/bin/server/
    INFO    cellapp-1 2082 8001  [2019-09-16 22:12:58 345] - NetworkInterface::initialize(INTERNAL-TCP): bound to all interfaces with default route interface on 192.168.56.1 ( 192.168.56.1:54275 )
    INFO    cellapp-1 2082 8001  [2019-09-16 22:12:58 346] - NetworkInterface::initialize(INTERNAL-TCP): address 192.168.56.1:54275, SOMAXCONN=5.
    INFO    cellapp-1 2082 8001  [2019-09-16 22:12:58 346] - server-configs:
    INFO    cellapp-1 2082 8001  [2019-09-16 22:12:58 346] - 	gameUpdateHertz : 10
    INFO    cellapp-1 2082 8001  [2019-09-16 22:12:58 346] - 	defaultViewRadius : 80
    INFO    cellapp-1 2082 8001  [2019-09-16 22:12:58 347] - 	defaultViewHysteresisArea : 5
    INFO    cellapp-1 2082 8001  [2019-09-16 22:12:58 347] - 	entryScriptFile : kbemain
    INFO    cellapp-1 2082 8001  [2019-09-16 22:12:58 347] - 	internalTcpAddr : 192.168.56.1:54275
    INFO    cellapp-1 2082 8001  [2019-09-16 22:12:58 347] - 	componentID : 8001
 WARNING    cellapp-1 2082 8001  [2019-09-16 22:12:58 347] - invalid UID(0) <= 0, please check UID for environment! automatically set to 2082.
 WARNING    cellapp-1 2082 8001  [2019-09-16 22:12:58 688] - BundleBroadcast::BundleBroadcast: Cannot bind to port 20122, errorno=10048
    INFO    cellapp-1 2082 8001  [2019-09-16 22:12:58 692] - ---- cellapp Version: 2.4.5. ScriptVersion: 0.1.0. Pythoncore: 3.7.3. Protocol: C9FCABE153AC3D64A8F240810ADA666D. Config: Debug X86. Built: 09:56:57 May  8 2019. AppID: 8001. UID: 2082. PID: 21868 ----
    INFO    cellapp-1 2082 8001  [2019-09-16 22:12:58 692] - Server error_name: Intel(R) Core(TM) i5-6300HQ CPU @ 2.30GHz with 2097151kB RAM
    INFO    cellapp-1 2082 8001  [2019-09-16 22:12:58 693] - ThreadPool::createThreadPool: creating  threadpool...
    INFO    cellapp-1 2082 8001  [2019-09-16 22:12:58 693] - ThreadPool::createThreadPool: successfully(2), newThreadCount=1, normalMaxThreadCount=2, maxThreadCount=8
    INFO    cellapp-1 2082 8001  [2019-09-16 22:12:58 890] - Script::install(): is successfully, Python=(3.7.3 (default, May  8 2019, 09:53:38) [MSC v.1916 32 bit (Intel)])!
    INFO    cellapp-1 2082 8001  [2019-09-16 22:12:58 890] - Script::install(): KBExtra is successfully!
 WARNING    cellapp-1 2082 8001  [2019-09-16 22:12:59 024] - EntityDef::checkDefMethod: exposed of method: Account.leaveRoom, check the caller can use "def leaveRoom(self, callerID, ...)", such as: if callerID == self.id!
 WARNING    cellapp-1 2082 8001  [2019-09-16 22:12:59 025] - EntityDef::checkDefMethod: exposed of method: Account.playerMakeLandlord, check the caller can use "def playerMakeLandlord(self, callerID, ...)", such as: if callerID == self.id!
 WARNING    cellapp-1 2082 8001  [2019-09-16 22:12:59 025] - EntityDef::checkDefMethod: exposed of method: Account.setGameReady, check the caller can use "def setGameReady(self, callerID, ...)", such as: if callerID == self.id!
 WARNING    cellapp-1 2082 8001  [2019-09-16 22:12:59 025] - EntityDef::checkDefMethod: exposed of method: Account.stayRoom, check the caller can use "def stayRoom(self, callerID, ...)", such as: if callerID == self.id!
   DEBUG    cellapp-1 2082 8001  [2019-09-16 22:12:59 026] - loaded entity-script:Account(1).
 WARNING    cellapp-1 2082 8001  [2019-09-16 22:12:59 028] - EntityDef::checkDefMethod: exposed of method: Room.playPoker, check the caller can use "def playPoker(self, callerID, ...)", such as: if callerID == self.id!
 WARNING    cellapp-1 2082 8001  [2019-09-16 22:12:59 028] - EntityDef::checkDefMethod: exposed of method: Room.unPlayPoker, check the caller can use "def unPlayPoker(self, callerID, ...)", such as: if callerID == self.id!
   DEBUG    cellapp-1 2082 8001  [2019-09-16 22:12:59 028] - loaded entity-script:Room(3).
    INFO    cellapp-1 2082 8001  [2019-09-16 22:12:59 031] - TelnetServer server is running on port 50000
    INFO    cellapp-1 2082 8001  [2019-09-16 22:12:59 469] - ---- cellapp is running ----
   DEBUG    cellapp-1 2082 8001  [2019-09-16 22:12:59 469] - Components::process(): Request for the process of identity...
 WARNING    cellapp-1 2082 8001  [2019-09-16 22:13:05 629] - EntityApp::checkTickPeriod: tick took 6159% (6.16 seconds)!
    INFO    cellapp-1 2082 8001  [2019-09-16 22:13:06 670] - Components::findComponents: find logger(1)...
    INFO    cellapp-1 2082 8001  [2019-09-16 22:13:06 766] - Components::findComponents: found logger, addr:192.168.56.1:54272
    INFO    cellapp-1 2082 8001  [2019-09-16 22:13:06 766] - Components::addComponent: reset orderLog, uid=2082!
    INFO    cellapp-1 2082 8001  [2019-09-16 22:13:06 766] - Components::addComponent[logger], uid=2082, componentID=2000, globalorderid=1, grouporderid=1, totalcount=1
    INFO    cellapp-1 2082 8001  [2019-09-16 22:13:06 768] - Components::findComponents: find dbmgr(2)...
 WARNING    cellapp-1 2082 8001  [2019-09-16 22:13:07 869] - EntityApp::checkTickPeriod: tick took 1299% (1.30 seconds)!
    INFO    cellapp-1 2082 8001  [2019-09-16 22:13:08 870] - Components::findComponents: find dbmgr(3)...
 WARNING    cellapp-1 2082 8001  [2019-09-16 22:13:09 895] - EntityApp::checkTickPeriod: tick took 1125% (1.13 seconds)!
    INFO    cellapp-1 2082 8001  [2019-09-16 22:13:10 928] - Components::findComponents: find dbmgr(4)...
 WARNING    cellapp-1 2082 8001  [2019-09-16 22:13:11 963] - EntityApp::checkTickPeriod: tick took 1093% (1.09 seconds)!
    INFO    cellapp-1 2082 8001  [2019-09-16 22:13:12 970] - Components::findComponents: find dbmgr(5)...
 WARNING    cellapp-1 2082 8001  [2019-09-16 22:13:14 019] - EntityApp::checkTickPeriod: tick took 1150% (1.15 seconds)!
    INFO    cellapp-1 2082 8001  [2019-09-16 22:13:15 027] - Components::findComponents: find dbmgr(6)...
 WARNING    cellapp-1 2082 8001  [2019-09-16 22:13:16 060] - EntityApp::checkTickPeriod: tick took 1091% (1.09 seconds)!
    INFO    cellapp-1 2082 8001  [2019-09-16 22:13:17 070] - Components::findComponents: find dbmgr(7)...
 WARNING    cellapp-1 2082 8001  [2019-09-16 22:13:18 287] - EntityApp::checkTickPeriod: tick took 1317% (1.32 seconds)!
    INFO    cellapp-1 2082 8001  [2019-09-16 22:13:19 327] - Components::findComponents: find dbmgr(8)...
 WARNING    cellapp-1 2082 8001  [2019-09-16 22:13:20 421] - EntityApp::checkTickPeriod: tick took 1151% (1.15 seconds)!
    INFO    cellapp-1 2082 8001  [2019-09-16 22:13:21 427] - Components::findComponents: find dbmgr(9)...
 WARNING    cellapp-1 2082 8001  [2019-09-16 22:13:22 441] - EntityApp::checkTickPeriod: tick took 1071% (1.07 seconds)!
    INFO    cellapp-1 2082 8001  [2019-09-16 22:13:23 470] - Components::findComponents: find dbmgr(10)...
 WARNING    cellapp-1 2082 8001  [2019-09-16 22:13:24 490] - EntityApp::checkTickPeriod: tick took 1119% (1.12 seconds)!
    INFO    cellapp-1 2082 8001  [2019-09-16 22:13:25 527] - Components::findComponents: find dbmgr(11)...
    INFO    cellapp-1 2082 8001  [2019-09-16 22:13:25 626] - Components::findComponents: found dbmgr, addr:192.168.56.1:54273
    INFO    cellapp-1 2082 8001  [2019-09-16 22:13:25 626] - Components::addComponent: reset orderLog, uid=2082!
    INFO    cellapp-1 2082 8001  [2019-09-16 22:13:25 626] - Components::addComponent[dbmgr], uid=2082, componentID=4000, globalorderid=1, grouporderid=1, totalcount=1
    INFO    cellapp-1 2082 8001  [2019-09-16 22:13:25 627] - Components::findComponents: found dbmgr, addr:192.168.56.1:54273
 WARNING    cellapp-1 2082 8001  [2019-09-16 22:13:26 627] - EntityApp::checkTickPeriod: tick took 1157% (1.16 seconds)!
    INFO    cellapp-1 2082 8001  [2019-09-16 22:13:27 628] - Components::findComponents: find cellappmgr(1)...
    INFO    cellapp-1 2082 8001  [2019-09-16 22:13:27 667] - Components::findComponents: found cellappmgr, addr:192.168.56.1:54274
    INFO    cellapp-1 2082 8001  [2019-09-16 22:13:27 667] - Components::addComponent[cellappmgr], uid=2082, componentID=6000, globalorderid=2, grouporderid=1, totalcount=1
    INFO    cellapp-1 2082 8001  [2019-09-16 22:13:27 668] - Components::findComponents: found cellappmgr, addr:192.168.56.1:54274
 WARNING    cellapp-1 2082 8001  [2019-09-16 22:13:28 668] - EntityApp::checkTickPeriod: tick took 1098% (1.10 seconds)!
    INFO    cellapp-1 2082 8001  [2019-09-16 22:13:29 669] - Components::findComponents: find baseappmgr(1)...
    INFO    cellapp-1 2082 8001  [2019-09-16 22:13:29 688] - Components::findComponents: found baseappmgr, addr:192.168.56.1:54271
    INFO    cellapp-1 2082 8001  [2019-09-16 22:13:29 688] - Components::addComponent[baseappmgr], uid=2082, componentID=5000, globalorderid=3, grouporderid=1, totalcount=1
    INFO    cellapp-1 2082 8001  [2019-09-16 22:13:29 689] - Components::findComponents: found baseappmgr, addr:192.168.56.1:54271
 WARNING    cellapp-1 2082 8001  [2019-09-16 22:13:30 689] - EntityApp::checkTickPeriod: tick took 1119% (1.12 seconds)!
    INFO    cellapp-1 2082 8001  [2019-09-16 22:13:31 828] - Components::findComponents: register self to dbmgr...
    INFO    cellapp-1 2082 8001  [2019-09-16 22:13:31 870] - Components::findComponents: register self to cellappmgr...
    INFO    cellapp-1 2082 8001  [2019-09-16 22:13:31 928] - Components::findComponents: register self to baseappmgr...
    INFO    cellapp-1 2082 8001  [2019-09-16 22:13:31 970] - Components::process(): Found all the components!
    INFO    cellapp-1 2082 8001  [2019-09-16 22:13:34 834] - EntityApp::onDbmgrInitCompleted: entityID alloc(1-2001), startGlobalOrder=5, startGroupOrder=1, digest=B91EBE6B591F8BEB2E04FAF8BE8B7B2F.
    INFO    cellapp01 2082 8001  [2019-09-16 22:13:34 834] - IDClient::onAddRange: number of ids increased from 1 to 2001.
 WARNING    cellapp01 2082 8001  [2019-09-16 22:13:35 168] - BundleBroadcast::BundleBroadcast: Cannot bind to port 20192, errorno=10048
   S_DBG    cellapp01 2082 8001  [2019-09-16 22:13:36 393] - onInit::isReload:0
 WARNING    cellapp01 2082 8001  [2019-09-16 22:13:36 393] - d:\kbengine\kbe\src\lib\network\channel.cpp:1023: Profile processRecvMessages took 1.56 seconds
 WARNING    cellapp01 2082 8001  [2019-09-16 22:13:36 394] - EntityApp::checkTickPeriod: tick took 1624% (1.62 seconds)!
   DEBUG    cellapp01 2082 8001  [2019-09-16 22:13:36 428] - InitProgressHandler::~InitProgressHandler()
    INFO    cellapp-1 2082 8001  [2019-09-16 22:14:27 342] - -----------------------------------------------------------------------------------------


    INFO    cellapp-1 2082 8001  [2019-09-16 22:14:27 343] - Resmgr::initialize: KBE_ROOT=D:/kbengine/
    INFO    cellapp-1 2082 8001  [2019-09-16 22:14:27 343] - Resmgr::initialize: KBE_RES_PATH=D:/kbengine/kbe/res/;D:/kbengine/HappyPoker_assets/;D:/kbengine/HappyPoker_assets/scripts/;D:/kbengine/HappyPoker_assets/res/
    INFO    cellapp-1 2082 8001  [2019-09-16 22:14:27 343] - Resmgr::initialize: KBE_BIN_PATH=D:/kbengine/kbe/bin/server/
    INFO    cellapp-1 2082 8001  [2019-09-16 22:14:27 371] - NetworkInterface::initialize(INTERNAL-TCP): bound to all interfaces with default route interface on 192.168.56.1 ( 192.168.56.1:54343 )
    INFO    cellapp-1 2082 8001  [2019-09-16 22:14:27 372] - NetworkInterface::initialize(INTERNAL-TCP): address 192.168.56.1:54343, SOMAXCONN=5.
    INFO    cellapp-1 2082 8001  [2019-09-16 22:14:27 372] - server-configs:
    INFO    cellapp-1 2082 8001  [2019-09-16 22:14:27 372] - 	gameUpdateHertz : 10
    INFO    cellapp-1 2082 8001  [2019-09-16 22:14:27 372] - 	defaultViewRadius : 80
    INFO    cellapp-1 2082 8001  [2019-09-16 22:14:27 372] - 	defaultViewHysteresisArea : 5
    INFO    cellapp-1 2082 8001  [2019-09-16 22:14:27 373] - 	entryScriptFile : kbemain
    INFO    cellapp-1 2082 8001  [2019-09-16 22:14:27 373] - 	internalTcpAddr : 192.168.56.1:54343
    INFO    cellapp-1 2082 8001  [2019-09-16 22:14:27 373] - 	componentID : 8001
 WARNING    cellapp-1 2082 8001  [2019-09-16 22:14:27 373] - invalid UID(0) <= 0, please check UID for environment! automatically set to 2082.
    INFO    cellapp-1 2082 8001  [2019-09-16 22:14:28 880] - ---- cellapp Version: 2.4.5. ScriptVersion: 0.1.0. Pythoncore: 3.7.3. Protocol: C9FCABE153AC3D64A8F240810ADA666D. Config: Debug X86. Built: 09:56:57 May  8 2019. AppID: 8001. UID: 2082. PID: 6672 ----
    INFO    cellapp-1 2082 8001  [2019-09-16 22:14:28 880] - Server error_name: Intel(R) Core(TM) i5-6300HQ CPU @ 2.30GHz with 2097151kB RAM
    INFO    cellapp-1 2082 8001  [2019-09-16 22:14:28 881] - ThreadPool::createThreadPool: creating  threadpool...
    INFO    cellapp-1 2082 8001  [2019-09-16 22:14:28 881] - ThreadPool::createThreadPool: successfully(2), newThreadCount=1, normalMaxThreadCount=2, maxThreadCount=8
    INFO    cellapp-1 2082 8001  [2019-09-16 22:14:29 089] - Script::install(): is successfully, Python=(3.7.3 (default, May  8 2019, 09:53:38) [MSC v.1916 32 bit (Intel)])!
    INFO    cellapp-1 2082 8001  [2019-09-16 22:14:29 089] - Script::install(): KBExtra is successfully!
 WARNING    cellapp-1 2082 8001  [2019-09-16 22:14:29 215] - EntityDef::checkDefMethod: exposed of method: Account.leaveRoom, check the caller can use "def leaveRoom(self, callerID, ...)", such as: if callerID == self.id!
 WARNING    cellapp-1 2082 8001  [2019-09-16 22:14:29 215] - EntityDef::checkDefMethod: exposed of method: Account.playerMakeLandlord, check the caller can use "def playerMakeLandlord(self, callerID, ...)", such as: if callerID == self.id!
 WARNING    cellapp-1 2082 8001  [2019-09-16 22:14:29 216] - EntityDef::checkDefMethod: exposed of method: Account.setGameReady, check the caller can use "def setGameReady(self, callerID, ...)", such as: if callerID == self.id!
 WARNING    cellapp-1 2082 8001  [2019-09-16 22:14:29 216] - EntityDef::checkDefMethod: exposed of method: Account.stayRoom, check the caller can use "def stayRoom(self, callerID, ...)", such as: if callerID == self.id!
   DEBUG    cellapp-1 2082 8001  [2019-09-16 22:14:29 216] - loaded entity-script:Account(1).
 WARNING    cellapp-1 2082 8001  [2019-09-16 22:14:29 218] - EntityDef::checkDefMethod: exposed of method: Room.playPoker, check the caller can use "def playPoker(self, callerID, ...)", such as: if callerID == self.id!
 WARNING    cellapp-1 2082 8001  [2019-09-16 22:14:29 219] - EntityDef::checkDefMethod: exposed of method: Room.unPlayPoker, check the caller can use "def unPlayPoker(self, callerID, ...)", such as: if callerID == self.id!
   DEBUG    cellapp-1 2082 8001  [2019-09-16 22:14:29 219] - loaded entity-script:Room(3).
    INFO    cellapp-1 2082 8001  [2019-09-16 22:14:29 222] - TelnetServer server is running on port 50000
    INFO    cellapp-1 2082 8001  [2019-09-16 22:14:29 646] - ---- cellapp is running ----
   DEBUG    cellapp-1 2082 8001  [2019-09-16 22:14:29 646] - Components::process(): Request for the process of identity...
 WARNING    cellapp-1 2082 8001  [2019-09-16 22:14:35 929] - EntityApp::checkTickPeriod: tick took 6282% (6.28 seconds)!
    INFO    cellapp-1 2082 8001  [2019-09-16 22:14:36 967] - Components::findComponents: find logger(1)...
    INFO    cellapp-1 2082 8001  [2019-09-16 22:14:37 065] - Components::findComponents: found logger, addr:192.168.56.1:54342
    INFO    cellapp-1 2082 8001  [2019-09-16 22:14:37 065] - Components::addComponent: reset orderLog, uid=2082!
    INFO    cellapp-1 2082 8001  [2019-09-16 22:14:37 065] - Components::addComponent[logger], uid=2082, componentID=2000, globalorderid=1, grouporderid=1, totalcount=1
    INFO    cellapp-1 2082 8001  [2019-09-16 22:14:37 067] - Components::findComponents: find dbmgr(2)...
    INFO    cellapp-1 2082 8001  [2019-09-16 22:14:37 190] - Components::findComponents: found dbmgr, addr:192.168.56.1:54337
    INFO    cellapp-1 2082 8001  [2019-09-16 22:14:37 190] - Components::addComponent: reset orderLog, uid=2082!
    INFO    cellapp-1 2082 8001  [2019-09-16 22:14:37 191] - Components::addComponent[dbmgr], uid=2082, componentID=4000, globalorderid=1, grouporderid=1, totalcount=1
    INFO    cellapp-1 2082 8001  [2019-09-16 22:14:37 191] - Components::findComponents: found dbmgr, addr:192.168.56.1:54337
 WARNING    cellapp-1 2082 8001  [2019-09-16 22:14:38 188] - EntityApp::checkTickPeriod: tick took 1241% (1.24 seconds)!
    INFO    cellapp-1 2082 8001  [2019-09-16 22:14:39 247] - Components::findComponents: find cellappmgr(1)...
    INFO    cellapp-1 2082 8001  [2019-09-16 22:14:39 350] - Components::findComponents: found cellappmgr, addr:192.168.56.1:54339
    INFO    cellapp-1 2082 8001  [2019-09-16 22:14:39 350] - Components::addComponent[cellappmgr], uid=2082, componentID=6000, globalorderid=2, grouporderid=1, totalcount=1
    INFO    cellapp-1 2082 8001  [2019-09-16 22:14:39 351] - Components::findComponents: found cellappmgr, addr:192.168.56.1:54339
 WARNING    cellapp-1 2082 8001  [2019-09-16 22:14:40 367] - EntityApp::checkTickPeriod: tick took 1220% (1.22 seconds)!
    INFO    cellapp-1 2082 8001  [2019-09-16 22:14:41 447] - Components::findComponents: find baseappmgr(1)...
    INFO    cellapp-1 2082 8001  [2019-09-16 22:14:41 510] - Components::findComponents: found baseappmgr, addr:192.168.56.1:54338
    INFO    cellapp-1 2082 8001  [2019-09-16 22:14:41 510] - Components::addComponent[baseappmgr], uid=2082, componentID=5000, globalorderid=3, grouporderid=1, totalcount=1
    INFO    cellapp-1 2082 8001  [2019-09-16 22:14:41 510] - Components::findComponents: found baseappmgr, addr:192.168.56.1:54338
 WARNING    cellapp-1 2082 8001  [2019-09-16 22:14:42 527] - EntityApp::checkTickPeriod: tick took 1180% (1.18 seconds)!
    INFO    cellapp-1 2082 8001  [2019-09-16 22:14:43 757] - Components::findComponents: register self to dbmgr...
    INFO    cellapp-1 2082 8001  [2019-09-16 22:14:43 857] - Components::findComponents: register self to cellappmgr...
    INFO    cellapp-1 2082 8001  [2019-09-16 22:14:43 957] - Components::findComponents: register self to baseappmgr...
    INFO    cellapp-1 2082 8001  [2019-09-16 22:14:44 057] - Components::process(): Found all the components!
    INFO    cellapp-1 2082 8001  [2019-09-16 22:14:46 768] - EntityApp::onDbmgrInitCompleted: entityID alloc(1-2001), startGlobalOrder=4, startGroupOrder=1, digest=B91EBE6B591F8BEB2E04FAF8BE8B7B2F.
    INFO    cellapp01 2082 8001  [2019-09-16 22:14:46 768] - IDClient::onAddRange: number of ids increased from 1 to 2001.
 WARNING    cellapp01 2082 8001  [2019-09-16 22:14:47 387] - BundleBroadcast::BundleBroadcast: Cannot bind to port 20735, errorno=10048
   S_DBG    cellapp01 2082 8001  [2019-09-16 22:14:48 757] - onInit::isReload:0
 WARNING    cellapp01 2082 8001  [2019-09-16 22:14:48 757] - d:\kbengine\kbe\src\lib\network\channel.cpp:1023: Profile processRecvMessages took 1.99 seconds
 WARNING    cellapp01 2082 8001  [2019-09-16 22:14:48 758] - EntityApp::checkTickPeriod: tick took 2010% (2.01 seconds)!
   DEBUG    cellapp01 2082 8001  [2019-09-16 22:14:48 857] - InitProgressHandler::~InitProgressHandler()
    INFO    cellapp-1 2082 8001  [2019-09-16 22:21:18 202] - -----------------------------------------------------------------------------------------


    INFO    cellapp-1 2082 8001  [2019-09-16 22:21:18 203] - Resmgr::initialize: KBE_ROOT=D:/kbengine/
    INFO    cellapp-1 2082 8001  [2019-09-16 22:21:18 203] - Resmgr::initialize: KBE_RES_PATH=D:/kbengine/kbe/res/;D:/kbengine/HappyPoker_assets/;D:/kbengine/HappyPoker_assets/scripts/;D:/kbengine/HappyPoker_assets/res/
    INFO    cellapp-1 2082 8001  [2019-09-16 22:21:18 203] - Resmgr::initialize: KBE_BIN_PATH=D:/kbengine/kbe/bin/server/
    INFO    cellapp-1 2082 8001  [2019-09-16 22:21:18 230] - NetworkInterface::initialize(INTERNAL-TCP): bound to all interfaces with default route interface on 192.168.56.1 ( 192.168.56.1:54529 )
    INFO    cellapp-1 2082 8001  [2019-09-16 22:21:18 231] - NetworkInterface::initialize(INTERNAL-TCP): address 192.168.56.1:54529, SOMAXCONN=5.
    INFO    cellapp-1 2082 8001  [2019-09-16 22:21:18 231] - server-configs:
    INFO    cellapp-1 2082 8001  [2019-09-16 22:21:18 231] - 	gameUpdateHertz : 10
    INFO    cellapp-1 2082 8001  [2019-09-16 22:21:18 231] - 	defaultViewRadius : 80
    INFO    cellapp-1 2082 8001  [2019-09-16 22:21:18 231] - 	defaultViewHysteresisArea : 5
    INFO    cellapp-1 2082 8001  [2019-09-16 22:21:18 231] - 	entryScriptFile : kbemain
    INFO    cellapp-1 2082 8001  [2019-09-16 22:21:18 232] - 	internalTcpAddr : 192.168.56.1:54529
    INFO    cellapp-1 2082 8001  [2019-09-16 22:21:18 232] - 	componentID : 8001
 WARNING    cellapp-1 2082 8001  [2019-09-16 22:21:18 232] - invalid UID(0) <= 0, please check UID for environment! automatically set to 2082.
    INFO    cellapp-1 2082 8001  [2019-09-16 22:21:19 738] - ---- cellapp Version: 2.4.5. ScriptVersion: 0.1.0. Pythoncore: 3.7.3. Protocol: C9FCABE153AC3D64A8F240810ADA666D. Config: Debug X86. Built: 09:56:57 May  8 2019. AppID: 8001. UID: 2082. PID: 14904 ----
    INFO    cellapp-1 2082 8001  [2019-09-16 22:21:19 738] - Server error_name: Intel(R) Core(TM) i5-6300HQ CPU @ 2.30GHz with 2097151kB RAM
    INFO    cellapp-1 2082 8001  [2019-09-16 22:21:19 739] - ThreadPool::createThreadPool: creating  threadpool...
    INFO    cellapp-1 2082 8001  [2019-09-16 22:21:19 739] - ThreadPool::createThreadPool: successfully(2), newThreadCount=1, normalMaxThreadCount=2, maxThreadCount=8
    INFO    cellapp-1 2082 8001  [2019-09-16 22:21:19 935] - Script::install(): is successfully, Python=(3.7.3 (default, May  8 2019, 09:53:38) [MSC v.1916 32 bit (Intel)])!
    INFO    cellapp-1 2082 8001  [2019-09-16 22:21:19 935] - Script::install(): KBExtra is successfully!
 WARNING    cellapp-1 2082 8001  [2019-09-16 22:21:20 056] - EntityDef::checkDefMethod: exposed of method: Room.playPoker, check the caller can use "def playPoker(self, callerID, ...)", such as: if callerID == self.id!
 WARNING    cellapp-1 2082 8001  [2019-09-16 22:21:20 057] - EntityDef::checkDefMethod: exposed of method: Room.unPlayPoker, check the caller can use "def unPlayPoker(self, callerID, ...)", such as: if callerID == self.id!
   DEBUG    cellapp-1 2082 8001  [2019-09-16 22:21:20 057] - loaded entity-script:Room(3).
    INFO    cellapp-1 2082 8001  [2019-09-16 22:21:20 060] - TelnetServer server is running on port 50000
    INFO    cellapp-1 2082 8001  [2019-09-16 22:21:20 457] - ---- cellapp is running ----
   DEBUG    cellapp-1 2082 8001  [2019-09-16 22:21:20 458] - Components::process(): Request for the process of identity...
 WARNING    cellapp-1 2082 8001  [2019-09-16 22:21:26 691] - EntityApp::checkTickPeriod: tick took 6233% (6.23 seconds)!
    INFO    cellapp-1 2082 8001  [2019-09-16 22:21:27 767] - Components::findComponents: find logger(1)...
    INFO    cellapp-1 2082 8001  [2019-09-16 22:21:27 784] - Components::findComponents: found logger, addr:192.168.56.1:54525
    INFO    cellapp-1 2082 8001  [2019-09-16 22:21:27 784] - Components::addComponent: reset orderLog, uid=2082!
    INFO    cellapp-1 2082 8001  [2019-09-16 22:21:27 784] - Components::addComponent[logger], uid=2082, componentID=2000, globalorderid=1, grouporderid=1, totalcount=1
    INFO    cellapp-1 2082 8001  [2019-09-16 22:21:27 785] - Components::findComponents: find dbmgr(2)...
 WARNING    cellapp-1 2082 8001  [2019-09-16 22:21:28 894] - EntityApp::checkTickPeriod: tick took 1235% (1.24 seconds)!
    INFO    cellapp-1 2082 8001  [2019-09-16 22:21:29 924] - Components::findComponents: find dbmgr(3)...
 WARNING    cellapp-1 2082 8001  [2019-09-16 22:21:31 049] - EntityApp::checkTickPeriod: tick took 1187% (1.19 seconds)!
    INFO    cellapp-1 2082 8001  [2019-09-16 22:21:32 064] - Components::findComponents: find dbmgr(4)...
 WARNING    cellapp-1 2082 8001  [2019-09-16 22:21:33 112] - EntityApp::checkTickPeriod: tick took 1141% (1.14 seconds)!
    INFO    cellapp-1 2082 8001  [2019-09-16 22:21:34 127] - Components::findComponents: find dbmgr(5)...
 WARNING    cellapp-1 2082 8001  [2019-09-16 22:21:35 252] - EntityApp::checkTickPeriod: tick took 1187% (1.19 seconds)!
    INFO    cellapp-1 2082 8001  [2019-09-16 22:21:39 042] - -----------------------------------------------------------------------------------------


    INFO    cellapp-1 2082 8001  [2019-09-16 22:21:39 043] - Resmgr::initialize: KBE_ROOT=D:/kbengine/
    INFO    cellapp-1 2082 8001  [2019-09-16 22:21:39 043] - Resmgr::initialize: KBE_RES_PATH=D:/kbengine/kbe/res/;D:/kbengine/HappyPoker_assets/;D:/kbengine/HappyPoker_assets/scripts/;D:/kbengine/HappyPoker_assets/res/
    INFO    cellapp-1 2082 8001  [2019-09-16 22:21:39 043] - Resmgr::initialize: KBE_BIN_PATH=D:/kbengine/kbe/bin/server/
    INFO    cellapp-1 2082 8001  [2019-09-16 22:21:39 068] - NetworkInterface::initialize(INTERNAL-TCP): bound to all interfaces with default route interface on 192.168.56.1 ( 192.168.56.1:54554 )
    INFO    cellapp-1 2082 8001  [2019-09-16 22:21:39 068] - NetworkInterface::initialize(INTERNAL-TCP): address 192.168.56.1:54554, SOMAXCONN=5.
    INFO    cellapp-1 2082 8001  [2019-09-16 22:21:39 068] - server-configs:
    INFO    cellapp-1 2082 8001  [2019-09-16 22:21:39 069] - 	gameUpdateHertz : 10
    INFO    cellapp-1 2082 8001  [2019-09-16 22:21:39 069] - 	defaultViewRadius : 80
    INFO    cellapp-1 2082 8001  [2019-09-16 22:21:39 069] - 	defaultViewHysteresisArea : 5
    INFO    cellapp-1 2082 8001  [2019-09-16 22:21:39 069] - 	entryScriptFile : kbemain
    INFO    cellapp-1 2082 8001  [2019-09-16 22:21:39 069] - 	internalTcpAddr : 192.168.56.1:54554
    INFO    cellapp-1 2082 8001  [2019-09-16 22:21:39 069] - 	componentID : 8001
 WARNING    cellapp-1 2082 8001  [2019-09-16 22:21:39 070] - invalid UID(0) <= 0, please check UID for environment! automatically set to 2082.
    INFO    cellapp-1 2082 8001  [2019-09-16 22:21:40 582] - ---- cellapp Version: 2.4.5. ScriptVersion: 0.1.0. Pythoncore: 3.7.3. Protocol: C9FCABE153AC3D64A8F240810ADA666D. Config: Debug X86. Built: 09:56:57 May  8 2019. AppID: 8001. UID: 2082. PID: 14136 ----
    INFO    cellapp-1 2082 8001  [2019-09-16 22:21:40 582] - Server error_name: Intel(R) Core(TM) i5-6300HQ CPU @ 2.30GHz with 2097151kB RAM
    INFO    cellapp-1 2082 8001  [2019-09-16 22:21:40 583] - ThreadPool::createThreadPool: creating  threadpool...
    INFO    cellapp-1 2082 8001  [2019-09-16 22:21:40 583] - ThreadPool::createThreadPool: successfully(2), newThreadCount=1, normalMaxThreadCount=2, maxThreadCount=8
    INFO    cellapp-1 2082 8001  [2019-09-16 22:21:40 781] - Script::install(): is successfully, Python=(3.7.3 (default, May  8 2019, 09:53:38) [MSC v.1916 32 bit (Intel)])!
    INFO    cellapp-1 2082 8001  [2019-09-16 22:21:40 781] - Script::install(): KBExtra is successfully!
 WARNING    cellapp-1 2082 8001  [2019-09-16 22:21:40 904] - EntityDef::checkDefMethod: exposed of method: Room.playPoker, check the caller can use "def playPoker(self, callerID, ...)", such as: if callerID == self.id!
 WARNING    cellapp-1 2082 8001  [2019-09-16 22:21:40 905] - EntityDef::checkDefMethod: exposed of method: Room.unPlayPoker, check the caller can use "def unPlayPoker(self, callerID, ...)", such as: if callerID == self.id!
   DEBUG    cellapp-1 2082 8001  [2019-09-16 22:21:40 905] - loaded entity-script:Room(3).
    INFO    cellapp-1 2082 8001  [2019-09-16 22:21:40 908] - TelnetServer server is running on port 50000
    INFO    cellapp-1 2082 8001  [2019-09-16 22:21:41 311] - ---- cellapp is running ----
   DEBUG    cellapp-1 2082 8001  [2019-09-16 22:21:41 312] - Components::process(): Request for the process of identity...
 WARNING    cellapp-1 2082 8001  [2019-09-16 22:21:47 564] - EntityApp::checkTickPeriod: tick took 6252% (6.25 seconds)!
    INFO    cellapp-1 2082 8001  [2019-09-16 22:21:48 626] - Components::findComponents: find logger(1)...
    INFO    cellapp-1 2082 8001  [2019-09-16 22:21:48 661] - Components::findComponents: found logger, addr:192.168.56.1:54550
    INFO    cellapp-1 2082 8001  [2019-09-16 22:21:48 661] - Components::addComponent: reset orderLog, uid=2082!
    INFO    cellapp-1 2082 8001  [2019-09-16 22:21:48 661] - Components::addComponent[logger], uid=2082, componentID=2000, globalorderid=1, grouporderid=1, totalcount=1
    INFO    cellapp-1 2082 8001  [2019-09-16 22:21:48 663] - Components::findComponents: find dbmgr(2)...
    INFO    cellapp-1 2082 8001  [2019-09-16 22:21:48 769] - Components::findComponents: found dbmgr, addr:192.168.56.1:54552
    INFO    cellapp-1 2082 8001  [2019-09-16 22:21:48 769] - Components::addComponent: reset orderLog, uid=2082!
    INFO    cellapp-1 2082 8001  [2019-09-16 22:21:48 769] - Components::addComponent[dbmgr], uid=2082, componentID=4000, globalorderid=1, grouporderid=1, totalcount=1
    INFO    cellapp-1 2082 8001  [2019-09-16 22:21:48 769] - Components::findComponents: found dbmgr, addr:192.168.56.1:54552
 WARNING    cellapp-1 2082 8001  [2019-09-16 22:21:49 781] - EntityApp::checkTickPeriod: tick took 1265% (1.26 seconds)!
    INFO    cellapp-1 2082 8001  [2019-09-16 22:24:51 454] - -----------------------------------------------------------------------------------------


    INFO    cellapp-1 2082 8001  [2019-09-16 22:24:51 455] - Resmgr::initialize: KBE_ROOT=D:/kbengine/
    INFO    cellapp-1 2082 8001  [2019-09-16 22:24:51 455] - Resmgr::initialize: KBE_RES_PATH=D:/kbengine/kbe/res/;D:/kbengine/HappyPoker_assets/;D:/kbengine/HappyPoker_assets/scripts/;D:/kbengine/HappyPoker_assets/res/
    INFO    cellapp-1 2082 8001  [2019-09-16 22:24:51 455] - Resmgr::initialize: KBE_BIN_PATH=D:/kbengine/kbe/bin/server/
    INFO    cellapp-1 2082 8001  [2019-09-16 22:24:51 479] - NetworkInterface::initialize(INTERNAL-TCP): bound to all interfaces with default route interface on 192.168.56.1 ( 192.168.56.1:54623 )
    INFO    cellapp-1 2082 8001  [2019-09-16 22:24:51 479] - NetworkInterface::initialize(INTERNAL-TCP): address 192.168.56.1:54623, SOMAXCONN=5.
    INFO    cellapp-1 2082 8001  [2019-09-16 22:24:51 479] - server-configs:
    INFO    cellapp-1 2082 8001  [2019-09-16 22:24:51 479] - 	gameUpdateHertz : 10
    INFO    cellapp-1 2082 8001  [2019-09-16 22:24:51 480] - 	defaultViewRadius : 80
    INFO    cellapp-1 2082 8001  [2019-09-16 22:24:51 480] - 	defaultViewHysteresisArea : 5
    INFO    cellapp-1 2082 8001  [2019-09-16 22:24:51 480] - 	entryScriptFile : kbemain
    INFO    cellapp-1 2082 8001  [2019-09-16 22:24:51 480] - 	internalTcpAddr : 192.168.56.1:54623
    INFO    cellapp-1 2082 8001  [2019-09-16 22:24:51 480] - 	componentID : 8001
 WARNING    cellapp-1 2082 8001  [2019-09-16 22:24:51 481] - invalid UID(0) <= 0, please check UID for environment! automatically set to 2082.
    INFO    cellapp-1 2082 8001  [2019-09-16 22:24:52 988] - ---- cellapp Version: 2.4.5. ScriptVersion: 0.1.0. Pythoncore: 3.7.3. Protocol: C9FCABE153AC3D64A8F240810ADA666D. Config: Debug X86. Built: 09:56:57 May  8 2019. AppID: 8001. UID: 2082. PID: 13952 ----
    INFO    cellapp-1 2082 8001  [2019-09-16 22:24:52 989] - Server error_name: Intel(R) Core(TM) i5-6300HQ CPU @ 2.30GHz with 2097151kB RAM
    INFO    cellapp-1 2082 8001  [2019-09-16 22:24:52 989] - ThreadPool::createThreadPool: creating  threadpool...
    INFO    cellapp-1 2082 8001  [2019-09-16 22:24:52 990] - ThreadPool::createThreadPool: successfully(2), newThreadCount=1, normalMaxThreadCount=2, maxThreadCount=8
    INFO    cellapp-1 2082 8001  [2019-09-16 22:24:53 186] - Script::install(): is successfully, Python=(3.7.3 (default, May  8 2019, 09:53:38) [MSC v.1916 32 bit (Intel)])!
    INFO    cellapp-1 2082 8001  [2019-09-16 22:24:53 186] - Script::install(): KBExtra is successfully!
 WARNING    cellapp-1 2082 8001  [2019-09-16 22:24:53 319] - EntityDef::checkDefMethod: exposed of method: Account.leaveRoom, check the caller can use "def leaveRoom(self, callerID, ...)", such as: if callerID == self.id!
 WARNING    cellapp-1 2082 8001  [2019-09-16 22:24:53 320] - EntityDef::checkDefMethod: exposed of method: Account.playerMakeLandlord, check the caller can use "def playerMakeLandlord(self, callerID, ...)", such as: if callerID == self.id!
 WARNING    cellapp-1 2082 8001  [2019-09-16 22:24:53 320] - EntityDef::checkDefMethod: exposed of method: Account.setGameReady, check the caller can use "def setGameReady(self, callerID, ...)", such as: if callerID == self.id!
 WARNING    cellapp-1 2082 8001  [2019-09-16 22:24:53 320] - EntityDef::checkDefMethod: exposed of method: Account.stayRoom, check the caller can use "def stayRoom(self, callerID, ...)", such as: if callerID == self.id!
   DEBUG    cellapp-1 2082 8001  [2019-09-16 22:24:53 321] - loaded entity-script:Account(1).
 WARNING    cellapp-1 2082 8001  [2019-09-16 22:24:53 323] - EntityDef::checkDefMethod: exposed of method: Room.playPoker, check the caller can use "def playPoker(self, callerID, ...)", such as: if callerID == self.id!
 WARNING    cellapp-1 2082 8001  [2019-09-16 22:24:53 323] - EntityDef::checkDefMethod: exposed of method: Room.unPlayPoker, check the caller can use "def unPlayPoker(self, callerID, ...)", such as: if callerID == self.id!
   DEBUG    cellapp-1 2082 8001  [2019-09-16 22:24:53 324] - loaded entity-script:Room(3).
    INFO    cellapp-1 2082 8001  [2019-09-16 22:24:53 327] - TelnetServer server is running on port 50000
    INFO    cellapp-1 2082 8001  [2019-09-16 22:24:53 720] - ---- cellapp is running ----
   DEBUG    cellapp-1 2082 8001  [2019-09-16 22:24:53 721] - Components::process(): Request for the process of identity...
 WARNING    cellapp-1 2082 8001  [2019-09-16 22:24:59 956] - EntityApp::checkTickPeriod: tick took 6235% (6.24 seconds)!
    INFO    cellapp-1 2082 8001  [2019-09-16 22:25:01 033] - Components::findComponents: find logger(1)...
    INFO    cellapp-1 2082 8001  [2019-09-16 22:25:01 098] - Components::findComponents: found logger, addr:192.168.56.1:54618
    INFO    cellapp-1 2082 8001  [2019-09-16 22:25:01 098] - Components::addComponent: reset orderLog, uid=2082!
    INFO    cellapp-1 2082 8001  [2019-09-16 22:25:01 099] - Components::addComponent[logger], uid=2082, componentID=2000, globalorderid=1, grouporderid=1, totalcount=1
    INFO    cellapp-1 2082 8001  [2019-09-16 22:25:01 100] - Components::findComponents: find dbmgr(2)...
    INFO    cellapp-1 2082 8001  [2019-09-16 22:25:01 208] - Components::findComponents: found dbmgr, addr:192.168.56.1:54621
    INFO    cellapp-1 2082 8001  [2019-09-16 22:25:01 208] - Components::addComponent: reset orderLog, uid=2082!
    INFO    cellapp-1 2082 8001  [2019-09-16 22:25:01 208] - Components::addComponent[dbmgr], uid=2082, componentID=4000, globalorderid=1, grouporderid=1, totalcount=1
    INFO    cellapp-1 2082 8001  [2019-09-16 22:25:01 209] - Components::findComponents: found dbmgr, addr:192.168.56.1:54621
 WARNING    cellapp-1 2082 8001  [2019-09-16 22:25:02 220] - EntityApp::checkTickPeriod: tick took 1296% (1.30 seconds)!
    INFO    cellapp-1 2082 8001  [2019-09-16 22:25:03 235] - Components::findComponents: find cellappmgr(1)...
    INFO    cellapp-1 2082 8001  [2019-09-16 22:25:03 285] - Components::findComponents: found cellappmgr, addr:192.168.56.1:54619
    INFO    cellapp-1 2082 8001  [2019-09-16 22:25:03 285] - Components::addComponent[cellappmgr], uid=2082, componentID=6000, globalorderid=2, grouporderid=1, totalcount=1
    INFO    cellapp-1 2082 8001  [2019-09-16 22:25:03 286] - Components::findComponents: found cellappmgr, addr:192.168.56.1:54619
 WARNING    cellapp-1 2082 8001  [2019-09-16 22:25:04 298] - EntityApp::checkTickPeriod: tick took 1171% (1.17 seconds)!
    INFO    cellapp-1 2082 8001  [2019-09-16 22:25:05 329] - Components::findComponents: find baseappmgr(1)...
    INFO    cellapp-1 2082 8001  [2019-09-16 22:25:05 363] - Components::findComponents: found baseappmgr, addr:192.168.56.1:54622
    INFO    cellapp-1 2082 8001  [2019-09-16 22:25:05 363] - Components::addComponent[baseappmgr], uid=2082, componentID=5000, globalorderid=3, grouporderid=1, totalcount=1
    INFO    cellapp-1 2082 8001  [2019-09-16 22:25:05 364] - Components::findComponents: found baseappmgr, addr:192.168.56.1:54622
 WARNING    cellapp-1 2082 8001  [2019-09-16 22:25:06 375] - EntityApp::checkTickPeriod: tick took 1140% (1.14 seconds)!
    INFO    cellapp-1 2082 8001  [2019-09-16 22:25:07 531] - Components::findComponents: register self to dbmgr...
    INFO    cellapp-1 2082 8001  [2019-09-16 22:25:07 563] - Components::findComponents: register self to cellappmgr...
    INFO    cellapp-1 2082 8001  [2019-09-16 22:25:07 625] - Components::findComponents: register self to baseappmgr...
    INFO    cellapp-1 2082 8001  [2019-09-16 22:25:07 672] - Components::process(): Found all the components!
    INFO    cellapp-1 2082 8001  [2019-09-16 22:25:10 534] - EntityApp::onDbmgrInitCompleted: entityID alloc(1-2001), startGlobalOrder=5, startGroupOrder=1, digest=B91EBE6B591F8BEB2E04FAF8BE8B7B2F.
    INFO    cellapp01 2082 8001  [2019-09-16 22:25:10 534] - IDClient::onAddRange: number of ids increased from 1 to 2001.
 WARNING    cellapp01 2082 8001  [2019-09-16 22:25:11 017] - BundleBroadcast::BundleBroadcast: Cannot bind to port 20024, errorno=10048
   S_DBG    cellapp01 2082 8001  [2019-09-16 22:25:12 345] - onInit::isReload:0
 WARNING    cellapp01 2082 8001  [2019-09-16 22:25:12 345] - d:\kbengine\kbe\src\lib\network\channel.cpp:1023: Profile processRecvMessages took 1.81 seconds
 WARNING    cellapp01 2082 8001  [2019-09-16 22:25:12 345] - EntityApp::checkTickPeriod: tick took 1813% (1.81 seconds)!
   DEBUG    cellapp01 2082 8001  [2019-09-16 22:25:12 361] - InitProgressHandler::~InitProgressHandler()
    INFO    cellapp-1 2082 8001  [2019-09-16 22:36:44 071] - -----------------------------------------------------------------------------------------


    INFO    cellapp-1 2082 8001  [2019-09-16 22:36:44 072] - Resmgr::initialize: KBE_ROOT=D:/kbengine/
    INFO    cellapp-1 2082 8001  [2019-09-16 22:36:44 072] - Resmgr::initialize: KBE_RES_PATH=D:/kbengine/kbe/res/;D:/kbengine/HappyPoker_assets/;D:/kbengine/HappyPoker_assets/scripts/;D:/kbengine/HappyPoker_assets/res/
    INFO    cellapp-1 2082 8001  [2019-09-16 22:36:44 072] - Resmgr::initialize: KBE_BIN_PATH=D:/kbengine/kbe/bin/server/
    INFO    cellapp-1 2082 8001  [2019-09-16 22:36:44 099] - NetworkInterface::initialize(INTERNAL-TCP): bound to all interfaces with default route interface on 192.168.56.1 ( 192.168.56.1:54814 )
    INFO    cellapp-1 2082 8001  [2019-09-16 22:36:44 099] - NetworkInterface::initialize(INTERNAL-TCP): address 192.168.56.1:54814, SOMAXCONN=5.
    INFO    cellapp-1 2082 8001  [2019-09-16 22:36:44 099] - server-configs:
    INFO    cellapp-1 2082 8001  [2019-09-16 22:36:44 099] - 	gameUpdateHertz : 10
    INFO    cellapp-1 2082 8001  [2019-09-16 22:36:44 099] - 	defaultViewRadius : 80
    INFO    cellapp-1 2082 8001  [2019-09-16 22:36:44 099] - 	defaultViewHysteresisArea : 5
    INFO    cellapp-1 2082 8001  [2019-09-16 22:36:44 099] - 	entryScriptFile : kbemain
    INFO    cellapp-1 2082 8001  [2019-09-16 22:36:44 100] - 	internalTcpAddr : 192.168.56.1:54814
    INFO    cellapp-1 2082 8001  [2019-09-16 22:36:44 100] - 	componentID : 8001
 WARNING    cellapp-1 2082 8001  [2019-09-16 22:36:44 100] - invalid UID(0) <= 0, please check UID for environment! automatically set to 2082.
    INFO    cellapp-1 2082 8001  [2019-09-16 22:36:45 601] - ---- cellapp Version: 2.4.5. ScriptVersion: 0.1.0. Pythoncore: 3.7.3. Protocol: C9FCABE153AC3D64A8F240810ADA666D. Config: Debug X86. Built: 09:56:57 May  8 2019. AppID: 8001. UID: 2082. PID: 16824 ----
    INFO    cellapp-1 2082 8001  [2019-09-16 22:36:45 601] - Server error_name: Intel(R) Core(TM) i5-6300HQ CPU @ 2.30GHz with 2097151kB RAM
    INFO    cellapp-1 2082 8001  [2019-09-16 22:36:45 602] - ThreadPool::createThreadPool: creating  threadpool...
    INFO    cellapp-1 2082 8001  [2019-09-16 22:36:45 602] - ThreadPool::createThreadPool: successfully(2), newThreadCount=1, normalMaxThreadCount=2, maxThreadCount=8
    INFO    cellapp-1 2082 8001  [2019-09-16 22:36:45 796] - Script::install(): is successfully, Python=(3.7.3 (default, May  8 2019, 09:53:38) [MSC v.1916 32 bit (Intel)])!
    INFO    cellapp-1 2082 8001  [2019-09-16 22:36:45 796] - Script::install(): KBExtra is successfully!
 WARNING    cellapp-1 2082 8001  [2019-09-16 22:36:45 918] - EntityDef::checkDefMethod: exposed of method: Account.leaveRoom, check the caller can use "def leaveRoom(self, callerID, ...)", such as: if callerID == self.id!
 WARNING    cellapp-1 2082 8001  [2019-09-16 22:36:45 918] - EntityDef::checkDefMethod: exposed of method: Account.playerMakeLandlord, check the caller can use "def playerMakeLandlord(self, callerID, ...)", such as: if callerID == self.id!
 WARNING    cellapp-1 2082 8001  [2019-09-16 22:36:45 919] - EntityDef::checkDefMethod: exposed of method: Account.setGameReady, check the caller can use "def setGameReady(self, callerID, ...)", such as: if callerID == self.id!
 WARNING    cellapp-1 2082 8001  [2019-09-16 22:36:45 919] - EntityDef::checkDefMethod: exposed of method: Account.stayRoom, check the caller can use "def stayRoom(self, callerID, ...)", such as: if callerID == self.id!
   DEBUG    cellapp-1 2082 8001  [2019-09-16 22:36:45 920] - loaded entity-script:Account(1).
 WARNING    cellapp-1 2082 8001  [2019-09-16 22:36:45 922] - EntityDef::checkDefMethod: exposed of method: Room.playPoker, check the caller can use "def playPoker(self, callerID, ...)", such as: if callerID == self.id!
 WARNING    cellapp-1 2082 8001  [2019-09-16 22:36:45 922] - EntityDef::checkDefMethod: exposed of method: Room.unPlayPoker, check the caller can use "def unPlayPoker(self, callerID, ...)", such as: if callerID == self.id!
   DEBUG    cellapp-1 2082 8001  [2019-09-16 22:36:45 922] - loaded entity-script:Room(3).
    INFO    cellapp-1 2082 8001  [2019-09-16 22:36:45 925] - TelnetServer server is running on port 50000
    INFO    cellapp-1 2082 8001  [2019-09-16 22:36:46 355] - ---- cellapp is running ----
   DEBUG    cellapp-1 2082 8001  [2019-09-16 22:36:46 355] - Components::process(): Request for the process of identity...
 WARNING    cellapp-1 2082 8001  [2019-09-16 22:36:52 630] - EntityApp::checkTickPeriod: tick took 6275% (6.28 seconds)!
    INFO    cellapp-1 2082 8001  [2019-09-16 22:36:53 691] - Components::findComponents: find logger(1)...
    INFO    cellapp-1 2082 8001  [2019-09-16 22:36:53 788] - Components::findComponents: found logger, addr:192.168.56.1:54810
    INFO    cellapp-1 2082 8001  [2019-09-16 22:36:53 788] - Components::addComponent: reset orderLog, uid=2082!
    INFO    cellapp-1 2082 8001  [2019-09-16 22:36:53 788] - Components::addComponent[logger], uid=2082, componentID=2000, globalorderid=1, grouporderid=1, totalcount=1
    INFO    cellapp-1 2082 8001  [2019-09-16 22:36:53 790] - Components::findComponents: find dbmgr(2)...
    INFO    cellapp-1 2082 8001  [2019-09-16 22:36:53 898] - Components::findComponents: found dbmgr, addr:192.168.56.1:54808
    INFO    cellapp-1 2082 8001  [2019-09-16 22:36:53 898] - Components::addComponent: reset orderLog, uid=2082!
    INFO    cellapp-1 2082 8001  [2019-09-16 22:36:53 898] - Components::addComponent[dbmgr], uid=2082, componentID=4000, globalorderid=1, grouporderid=1, totalcount=1
    INFO    cellapp-1 2082 8001  [2019-09-16 22:36:53 898] - Components::findComponents: found dbmgr, addr:192.168.56.1:54808
 WARNING    cellapp-1 2082 8001  [2019-09-16 22:36:54 910] - EntityApp::checkTickPeriod: tick took 1250% (1.25 seconds)!
