    INFO      dbmgr-1 2082 4000  [2019-07-13 16:49:54 831] - -----------------------------------------------------------------------------------------


    INFO      dbmgr-1 2082 4000  [2019-07-13 16:49:54 832] - Resmgr::initialize: KBE_ROOT=D:/kbengine/
    INFO      dbmgr-1 2082 4000  [2019-07-13 16:49:54 833] - Resmgr::initialize: KBE_RES_PATH=D:/kbengine/kbe/res/;D:/kbengine/HappyPoker_assets/;D:/kbengine/HappyPoker_assets/scripts/;D:/kbengine/HappyPoker_assets/res/
    INFO      dbmgr-1 2082 4000  [2019-07-13 16:49:54 833] - Resmgr::initialize: KBE_BIN_PATH=D:/kbengine/kbe/bin/server/
    INFO      dbmgr-1 2082 4000  [2019-07-13 16:49:54 850] - NetworkInterface::initialize(INTERNAL-TCP): bound to all interfaces with default route interface on 192.168.56.1 ( 192.168.56.1:49991 )
    INFO      dbmgr-1 2082 4000  [2019-07-13 16:49:54 850] - NetworkInterface::initialize(INTERNAL-TCP): address 192.168.56.1:49991, SOMAXCONN=5.
    INFO      dbmgr-1 2082 4000  [2019-07-13 16:49:54 850] - server-configs:
    INFO      dbmgr-1 2082 4000  [2019-07-13 16:49:54 850] - 	internalTcpAddr : 192.168.56.1:49991
    INFO      dbmgr-1 2082 4000  [2019-07-13 16:49:54 850] - 	componentID : 4000
 WARNING      dbmgr-1 2082 4000  [2019-07-13 16:49:54 851] - invalid UID(0) <= 0, please check UID for environment! automatically set to 2082.
    INFO      dbmgr-1 2082 4000  [2019-07-13 16:49:54 873] - Components::findLogger: found logger, addr:192.168.56.1:49990
    INFO      dbmgr-1 2082 4000  [2019-07-13 16:49:54 916] - Components::addComponent: reset orderLog, uid=2082!
    INFO      dbmgr-1 2082 4000  [2019-07-13 16:49:54 916] - Components::addComponent[logger], uid=2082, componentID=2000, globalorderid=1, grouporderid=1, totalcount=1
    INFO      dbmgr-1 2082 4000  [2019-07-13 16:49:54 926] - ---- dbmgr Version: 2.4.5. ScriptVersion: 0.1.0. Pythoncore: 3.7.3. Protocol: 11178A1C367680938C8E416B64844ACD. Config: Debug X86. Built: 09:55:16 May  8 2019. AppID: 4000. UID: 2082. PID: 12660 ----
    INFO      dbmgr-1 2082 4000  [2019-07-13 16:49:54 927] - Server error_name: Intel(R) Core(TM) i5-6300HQ CPU @ 2.30GHz with 2097151kB RAM
    INFO      dbmgr-1 2082 4000  [2019-07-13 16:49:54 927] - ThreadPool::createThreadPool: creating  threadpool...
    INFO      dbmgr-1 2082 4000  [2019-07-13 16:49:54 928] - ThreadPool::createThreadPool: successfully(2), newThreadCount=1, normalMaxThreadCount=2, maxThreadCount=8
    INFO      dbmgr-1 2082 4000  [2019-07-13 16:49:55 147] - Script::install(): is successfully, Python=(3.7.3 (default, May  8 2019, 09:53:38) [MSC v.1916 32 bit (Intel)])!
    INFO      dbmgr-1 2082 4000  [2019-07-13 16:49:55 147] - Script::install(): KBExtra is successfully!
    INFO      dbmgr-1 2082 4000  [2019-07-13 16:49:55 398] - Dbmgr::initializeEnd: digest(CEB344812D649898DE3364BDD7A34E83)
  S_INFO      dbmgr-1 2082 4000  [2019-07-13 16:49:55 398] - onDBMgrReady: bootstrapGroupIndex=0, bootstrapGlobalIndex=0
    INFO      dbmgr-1 2082 4000  [2019-07-13 16:49:55 398] - TelnetServer server is running on port 32000
    INFO      dbmgr-1 2082 4000  [2019-07-13 16:49:55 398] - Dbmgr::initInterfacesHandler: interfaces addr(127.0.0.1:30099), accountType:(interfaces), chargeType:(interfaces).
 WARNING      dbmgr-1 2082 4000  [2019-07-13 16:49:55 770] - DBUtil::initialize: db(default) password is not encrypted!
please use password(rsa):
123A5A3E4EF40F8E49AC7589069ED4CB2E5BE84DFF75B2CD2CEB339E16F82B7B3D3940BB0073DDAD888BFC38BDE1585D36B72D592CAC2CF94EB372969BCC414B727747849CC83D91F8C9DBE96EFDF9770ACD61B8935D71C58A0F6BCF328CAA29EBB55109ED591EEB59A999943E99E2767BE611B56A33FDAE1909B34FEAB95E25
   DEBUG      dbmgr-1 2082 4000  [2019-07-13 16:49:55 896] - DBInterfaceMysql::attach: connect: localhost:3306 starting...
   DEBUG      dbmgr-1 2082 4000  [2019-07-13 16:49:57 271] - DBInterfaceMysql::attach: successfully! addr: localhost:3306
    INFO      dbmgr-1 2082 4000  [2019-07-13 16:49:57 271] - DBUtil::createInterface[0x1f5ee74]: interface=default, dbtype=mysql, ip=localhost, port=3306, currdatabase=kbe, username=kbe, connected=yes.

    INFO      dbmgr-1 2082 4000  [2019-07-13 16:49:57 271] - ThreadPool::createThreadPool: creating  threadpool...
    INFO      dbmgr-1 2082 4000  [2019-07-13 16:49:57 271] - ThreadPool::createThreadPool: successfully(5), newThreadCount=5, normalMaxThreadCount=5, maxThreadCount=5
    INFO      dbmgr-1 2082 4000  [2019-07-13 16:49:57 856] - DBInterfaceMysql::query: successfully!
 WARNING      dbmgr-1 2082 4000  [2019-07-13 16:50:00 698] - d:\kbengine\kbe\src\server\dbmgr\dbmgr.cpp:306: Profile scriptCall took 5.30 seconds
    INFO      dbmgr-1 2082 4000  [2019-07-13 16:50:01 141] - ---- dbmgr is running ----
   DEBUG      dbmgr-1 2082 4000  [2019-07-13 16:50:01 151] - Components::process(): Request for the process of identity...
   DEBUG      dbmgr-1 2082 4000  [2019-07-13 16:49:57 272] - DBInterfaceMysql::attach: connect: localhost:3306 starting...
   DEBUG      dbmgr-1 2082 4000  [2019-07-13 16:49:57 274] - DBInterfaceMysql::attach: connect: localhost:3306 starting...
   DEBUG      dbmgr-1 2082 4000  [2019-07-13 16:49:57 277] - DBInterfaceMysql::attach: connect: localhost:3306 starting...
   DEBUG      dbmgr-1 2082 4000  [2019-07-13 16:49:57 279] - DBInterfaceMysql::attach: connect: localhost:3306 starting...
   DEBUG      dbmgr-1 2082 4000  [2019-07-13 16:49:57 282] - DBInterfaceMysql::attach: connect: localhost:3306 starting...
   DEBUG      dbmgr-1 2082 4000  [2019-07-13 16:49:57 492] - DBInterfaceMysql::attach: successfully! addr: localhost:3306
   DEBUG      dbmgr-1 2082 4000  [2019-07-13 16:49:57 492] - DBThread::onStart(): 0x2071478!
   DEBUG      dbmgr-1 2082 4000  [2019-07-13 16:49:58 132] - DBInterfaceMysql::attach: successfully! addr: localhost:3306
   DEBUG      dbmgr-1 2082 4000  [2019-07-13 16:49:58 133] - DBThread::onStart(): 0x20707b8!
   DEBUG      dbmgr-1 2082 4000  [2019-07-13 16:49:58 500] - DBInterfaceMysql::attach: successfully! addr: localhost:3306
   DEBUG      dbmgr-1 2082 4000  [2019-07-13 16:49:58 501] - DBThread::onStart(): 0x2071588!
   DEBUG      dbmgr-1 2082 4000  [2019-07-13 16:49:58 782] - DBInterfaceMysql::attach: successfully! addr: localhost:3306
   DEBUG      dbmgr-1 2082 4000  [2019-07-13 16:49:58 782] - DBThread::onStart(): 0x2070fb0!
    INFO      dbmgr-1 2082 4000  [2019-07-13 16:49:59 076] - DBInterfaceMysql::query: successfully!
    INFO      dbmgr-1 2082 4000  [2019-07-13 16:49:59 142] - DBInterfaceMysql::query: successfully!
    INFO      dbmgr-1 2082 4000  [2019-07-13 16:49:59 142] - DBInterfaceMysql::query: successfully!
 WARNING      dbmgr-1 2082 4000  [2019-07-13 16:49:59 142] - DBTask::process(): took 1.29 seconds
sql:(CREATE TABLE IF NOT EXISTS kbe_accountinfos (`accountName` varchar(128) not null, PRIMARY KEY idKey (`accountName`),`password` varchar(255) not null,`bindata` blob,`email` varchar(191) not null, UNIQUE KEY `email` (`email`),`entityDBID` bigint(20) unsigned not null DEFAULT 0, UNIQUE KEY `entityDBID` (`entityDBID`),`flags` int unsigned not null DEFAULT 0,`deadline` bigint(20) not null DEFAULT 0,`regtime` bigint(20) not null DEFAULT 0,`lasttime` bigint(20) not null DEFAULT 0,`numlogin` int unsigned not null DEFAULT 0)ENGINE=InnoDB)
    INFO      dbmgr-1 2082 4000  [2019-07-13 16:49:59 147] - DBInterfaceMysql::query: successfully!
    INFO      dbmgr-1 2082 4000  [2019-07-13 16:49:59 147] - DBInterfaceMysql::query: successfully!
    INFO      dbmgr-1 2082 4000  [2019-07-13 16:49:59 147] - DBInterfaceMysql::query: successfully!
 WARNING      dbmgr-1 2082 4000  [2019-07-13 16:49:59 148] - DBTask::process(): took 0.65 seconds
sql:(delete from kbe_email_verification where logtime<1563004199 and type=3)
 WARNING      dbmgr-1 2082 4000  [2019-07-13 16:49:59 242] - DBTask::process(): took 1.11 seconds
sql:(insert into kbe_serverlog (heartbeatTime, serverGroupID) values(1563007799,2082) ON DUPLICATE KEY UPDATE heartbeatTime=1563007799)
   DEBUG      dbmgr-1 2082 4000  [2019-07-13 16:49:59 319] - DBInterfaceMysql::attach: successfully! addr: localhost:3306
   DEBUG      dbmgr-1 2082 4000  [2019-07-13 16:49:59 319] - DBThread::onStart(): 0x2071038!
    INFO      dbmgr-1 2082 4000  [2019-07-13 16:49:59 497] - DBInterfaceMysql::query: successfully!
    INFO      dbmgr-1 2082 4000  [2019-07-13 16:49:59 708] - DBInterfaceMysql::query: successfully!
 WARNING      dbmgr-1 2082 4000  [2019-07-13 16:49:59 709] - DBTask::process(): took 0.93 seconds
sql:(select distinct(serverGroupID) from kbe_entitylog)
 WARNING      dbmgr-1 2082 4000  [2019-07-13 16:49:59 896] - DBTask::process(): delay 1.39 seconds, try adjusting the kbengine[_defs].xml(numConnections) and MySQL(my.cnf->max_connections or innodb_flush_log_at_trx_commit)!
sql:(show index from tbl_Account)
 WARNING      dbmgr-1 2082 4000  [2019-07-13 16:49:59 897] - DBTask::process(): delay 1.46 seconds, try adjusting the kbengine[_defs].xml(numConnections) and MySQL(my.cnf->max_connections or innodb_flush_log_at_trx_commit)!
sql:(show index from tbl_Friend)
 WARNING      dbmgr-1 2082 4000  [2019-07-13 16:49:59 897] - DBTask::process(): took 0.65 seconds
sql:(show index from tbl_Account)
 WARNING      dbmgr-1 2082 4000  [2019-07-13 16:49:59 898] - DBTask::process(): took 0.58 seconds
sql:(show index from tbl_Friend)
 WARNING      dbmgr-1 2082 4000  [2019-07-13 16:50:00 029] - DBTask::process(): delay 1.29 seconds, try adjusting the kbengine[_defs].xml(numConnections) and MySQL(my.cnf->max_connections or innodb_flush_log_at_trx_commit)!
sql:(show index from tbl_Mail_mailList)
 WARNING      dbmgr-1 2082 4000  [2019-07-13 16:50:00 031] - DBTask::process(): took 0.88 seconds
sql:(show index from tbl_Mail_mailList)
 WARNING      dbmgr-1 2082 4000  [2019-07-13 16:50:00 101] - DBTask::process(): delay 1.85 seconds, try adjusting the kbengine[_defs].xml(numConnections) and MySQL(my.cnf->max_connections or innodb_flush_log_at_trx_commit)!
sql:(show index from tbl_Room)
 WARNING      dbmgr-1 2082 4000  [2019-07-13 16:50:00 101] - DBTask::process(): took 0.39 seconds
sql:(show index from tbl_Room)
 WARNING      dbmgr-1 2082 4000  [2019-07-13 16:50:00 138] - DBTask::process(): delay 1.29 seconds, try adjusting the kbengine[_defs].xml(numConnections) and MySQL(my.cnf->max_connections or innodb_flush_log_at_trx_commit)!
sql:(show index from tbl_Account_friendList)
 WARNING      dbmgr-1 2082 4000  [2019-07-13 16:50:00 138] - DBTask::process(): took 0.99 seconds
sql:(show index from tbl_Account_friendList)
 WARNING      dbmgr-1 2082 4000  [2019-07-13 16:50:00 371] - DBTask::process(): delay 2.04 seconds, try adjusting the kbengine[_defs].xml(numConnections) and MySQL(my.cnf->max_connections or innodb_flush_log_at_trx_commit)!
sql:(show index from tbl_Hall)
 WARNING      dbmgr-1 2082 4000  [2019-07-13 16:50:00 371] - DBTask::process(): took 0.47 seconds
sql:(show index from tbl_Hall)
 WARNING      dbmgr-1 2082 4000  [2019-07-13 16:50:00 592] - DBTask::process(): delay 2.04 seconds, try adjusting the kbengine[_defs].xml(numConnections) and MySQL(my.cnf->max_connections or innodb_flush_log_at_trx_commit)!
sql:(show index from tbl_Friend_publicDataList)
 WARNING      dbmgr-1 2082 4000  [2019-07-13 16:50:00 595] - DBTask::process(): delay 2.25 seconds, try adjusting the kbengine[_defs].xml(numConnections) and MySQL(my.cnf->max_connections or innodb_flush_log_at_trx_commit)!
sql:(show index from tbl_Mail)
 WARNING      dbmgr-1 2082 4000  [2019-07-13 16:50:00 595] - DBTask::process(): took 0.70 seconds
sql:(show index from tbl_Friend_publicDataList)
 WARNING      dbmgr-1 2082 4000  [2019-07-13 16:50:00 595] - DBTask::process(): took 0.49 seconds
sql:(show index from tbl_Mail)
 WARNING      dbmgr-1 2082 4000  [2019-07-13 16:50:00 677] - DBTask::process(): delay 2.18 seconds, try adjusting the kbengine[_defs].xml(numConnections) and MySQL(my.cnf->max_connections or innodb_flush_log_at_trx_commit)!
sql:(show index from tbl_Friend_synchroFriendList)
 WARNING      dbmgr-1 2082 4000  [2019-07-13 16:50:00 677] - DBTask::process(): took 0.65 seconds
sql:(show index from tbl_Friend_synchroFriendList)
    INFO      dbmgr-1 2082 4000  [2019-07-13 16:50:07 351] - ServerApp::onRegisterNewApp: uid:2082, username:error_name, componentType:interfaces, componentID:3000, globalorderID=-1, grouporderID=-1, intaddr:192.168.56.1, intport:30099, extaddr:nonsupport, extport:0,  from 127.0.0.1:30099/0/0/0.
    INFO      dbmgr-1 2082 4000  [2019-07-13 16:50:07 351] - Components::addComponent: reset orderLog, uid=2082!
    INFO      dbmgr-1 2082 4000  [2019-07-13 16:50:07 351] - Components::addComponent[interfaces], uid=2082, componentID=3000, globalorderid=1, grouporderid=1, totalcount=1
 WARNING      dbmgr-1 2082 4000  [2019-07-13 16:50:07 366] - TCPPacketReceiver::processPendingEvents(192.168.56.1:50019): Throwing REASON_GENERAL_NETWORK - WSAECONNABORTED
    INFO      dbmgr-1 2082 4000  [2019-07-13 16:50:08 314] - ServerApp::onRegisterNewApp: uid:2082, username:error_name, componentType:cellappmgr, componentID:6000, globalorderID=-1, grouporderID=-1, intaddr:192.168.56.1, intport:49995, extaddr:nonsupport, extport:0,  from 192.168.56.1:50022/0/0/0.
    INFO      dbmgr-1 2082 4000  [2019-07-13 16:50:08 314] - Components::addComponent: reset orderLog, uid=2082!
    INFO      dbmgr-1 2082 4000  [2019-07-13 16:50:08 314] - Components::addComponent[cellappmgr], uid=2082, componentID=6000, globalorderid=1, grouporderid=1, totalcount=1
    INFO      dbmgr-1 2082 4000  [2019-07-13 16:50:08 397] - Components::process(): Found all the components!
    INFO      dbmgr-1 2082 4000  [2019-07-13 16:50:09 348] - ServerApp::onRegisterNewApp: uid:2082, username:error_name, componentType:baseappmgr, componentID:5000, globalorderID=-1, grouporderID=-1, intaddr:192.168.56.1, intport:49993, extaddr:nonsupport, extport:0,  from 192.168.56.1:50026/0/0/0.
    INFO      dbmgr-1 2082 4000  [2019-07-13 16:50:09 348] - Components::addComponent[baseappmgr], uid=2082, componentID=5000, globalorderid=2, grouporderid=1, totalcount=1
    INFO      dbmgr-1 2082 4000  [2019-07-13 16:50:10 932] - ServerApp::onRegisterNewApp: uid:2082, username:error_name, componentType:cellapp, componentID:8001, globalorderID=-1, grouporderID=-1, intaddr:192.168.56.1, intport:50001, extaddr:nonsupport, extport:0,  from 192.168.56.1:50035/0/0/0.
    INFO      dbmgr-1 2082 4000  [2019-07-13 16:50:10 932] - Components::addComponent[cellapp], uid=2082, componentID=8001, globalorderid=3, grouporderid=1, totalcount=1
    INFO      dbmgr-1 2082 4000  [2019-07-13 16:50:12 271] - ServerApp::onRegisterNewApp: uid:2082, username:error_name, componentType:baseapp, componentID:7001, globalorderID=-1, grouporderID=-1, intaddr:192.168.56.1, intport:49999, extaddr:192.168.56.1, extport:20015,  from 192.168.56.1:50041/0/0/0.
    INFO      dbmgr-1 2082 4000  [2019-07-13 16:50:12 271] - Components::addComponent[baseapp], uid=2082, componentID=7001, globalorderid=4, grouporderid=1, totalcount=1
    INFO      dbmgr-1 2082 4000  [2019-07-13 16:50:13 610] - ServerApp::onRegisterNewApp: uid:2082, username:error_name, componentType:loginapp, componentID:9000, globalorderID=-1, grouporderID=-1, intaddr:192.168.56.1, intport:50003, extaddr:192.168.56.1, extport:20013,  from 192.168.56.1:50045/0/0/0.
    INFO      dbmgr-1 2082 4000  [2019-07-13 16:50:13 611] - Components::addComponent[loginapp], uid=2082, componentID=9000, globalorderid=5, grouporderid=1, totalcount=1
    INFO      dbmgr-1 2082 4000  [2019-07-13 16:50:16 632] - IDServer::allocRange: 1-2001.
    INFO      dbmgr-1 2082 4000  [2019-07-13 16:50:16 633] - IDServer::allocRange: 2001-4001.
   DEBUG      dbmgr-1 2082 4000  [2019-07-13 16:50:16 634] - SyncAppDatasHandler::~SyncAppDatasHandler()
   DEBUG      dbmgr-1 2082 4000  [2019-07-13 16:50:18 177] - Dbmgr::DBTaskEntityAutoLoad: Friend, size(1).
   DEBUG      dbmgr-1 2082 4000  [2019-07-13 16:50:18 197] - Dbmgr::DBTaskEntityAutoLoad: Mail, size(1).
    INFO      dbmgr-1 2082 4000  [2019-07-13 16:50:18 417] - GlobalDataServer::broadcastDataChanged: writer(baseapp, addr=192.168.56.1:50041/0/0/0), keySize=10, valSize=48, isDelete=0
 WARNING      dbmgr-1 2082 4000  [2019-07-13 16:50:18 514] - DBTask::process(): took 0.34 seconds
sql:(insert into kbe_entitylog (entityDBID, entityType, entityID, ip, port, componentID, serverGroupID) values(1,4,2001,"192.168.56.1",31171,7001,2082))
   DEBUG      dbmgr-1 2082 4000  [2019-07-13 16:50:18 697] - Dbmgr::DBTaskQueryEntity: Friend, dbid=1, entityID=2001, wasActive=false, queryMode=1, componentID=7001, success=true.
    INFO      dbmgr-1 2082 4000  [2019-07-13 16:50:18 683] - Buffered_DBTasks::onFiniTask: Playing buffered task for entityID=2002, dbid=1, dbid_tasks_size=1, entityid_tasks_size=0.
    INFO      dbmgr-1 2082 4000  [2019-07-13 16:50:18 810] - GlobalDataServer::broadcastDataChanged: writer(baseapp, addr=192.168.56.1:50041/0/0/0), keySize=12, valSize=48, isDelete=0
   DEBUG      dbmgr-1 2082 4000  [2019-07-13 16:50:18 977] - Dbmgr::DBTaskQueryEntity: Mail, dbid=1, entityID=2002, wasActive=false, queryMode=1, componentID=7001, success=true.
    INFO      dbmgr-1 2082 4000  [2019-07-13 16:50:18 979] - GlobalDataServer::broadcastDataChanged: writer(baseapp, addr=192.168.56.1:50041/0/0/0), keySize=10, valSize=48, isDelete=0
   DEBUG      dbmgr-1 2082 4000  [2019-07-13 16:50:31 936] - Dbmgr::onAccountLogin:loginName=111, accountName=111, success=0, componentID=0, entityID=0, dbid=1, flags=0, deadline=0.
   DEBUG      dbmgr-1 2082 4000  [2019-07-13 16:50:32 233] - Dbmgr::queryAccount: 111, success=true, flags=0, deadline=0.
   DEBUG      dbmgr-1 2082 4000  [2019-07-13 16:50:33 956] - Dbmgr::writeEntity: Friend(1).
   DEBUG      dbmgr-1 2082 4000  [2019-07-13 16:50:33 956] - Dbmgr::writeEntity: Mail(1).
    INFO      dbmgr-1 2082 4000  [2019-07-13 16:50:33 950] - Buffered_DBTasks::onFiniTask: Playing buffered task for entityID=2002, dbid=1, dbid_tasks_size=1, entityid_tasks_size=0.
   DEBUG      dbmgr-1 2082 4000  [2019-07-13 16:50:48 755] - Dbmgr::writeEntity: Friend(1).
   DEBUG      dbmgr-1 2082 4000  [2019-07-13 16:50:48 956] - Dbmgr::writeEntity: Mail(1).
   DEBUG      dbmgr-1 2082 4000  [2019-07-13 16:51:03 815] - Dbmgr::writeEntity: Friend(1).
   DEBUG      dbmgr-1 2082 4000  [2019-07-13 16:51:03 955] - Dbmgr::writeEntity: Mail(1).
   DEBUG      dbmgr-1 2082 4000  [2019-07-13 16:51:18 754] - Dbmgr::writeEntity: Friend(1).
   DEBUG      dbmgr-1 2082 4000  [2019-07-13 16:51:18 954] - Dbmgr::writeEntity: Mail(1).
