    INFO      dbmgr-1 2082 4000  [2019-08-20 09:56:14 183] - -----------------------------------------------------------------------------------------


    INFO      dbmgr-1 2082 4000  [2019-08-20 09:56:14 184] - Resmgr::initialize: KBE_ROOT=D:/kbengine/
    INFO      dbmgr-1 2082 4000  [2019-08-20 09:56:14 184] - Resmgr::initialize: KBE_RES_PATH=D:/kbengine/kbe/res/;D:/kbengine/HappyPoker_assets/;D:/kbengine/HappyPoker_assets/scripts/;D:/kbengine/HappyPoker_assets/res/
    INFO      dbmgr-1 2082 4000  [2019-08-20 09:56:14 185] - Resmgr::initialize: KBE_BIN_PATH=D:/kbengine/kbe/bin/server/
    INFO      dbmgr-1 2082 4000  [2019-08-20 09:56:14 230] - NetworkInterface::initialize(INTERNAL-TCP): bound to all interfaces with default route interface on 192.168.56.1 ( 192.168.56.1:52590 )
    INFO      dbmgr-1 2082 4000  [2019-08-20 09:56:14 231] - NetworkInterface::initialize(INTERNAL-TCP): address 192.168.56.1:52590, SOMAXCONN=5.
    INFO      dbmgr-1 2082 4000  [2019-08-20 09:56:14 231] - server-configs:
    INFO      dbmgr-1 2082 4000  [2019-08-20 09:56:14 231] - 	internalTcpAddr : 192.168.56.1:52590
    INFO      dbmgr-1 2082 4000  [2019-08-20 09:56:14 231] - 	componentID : 4000
 WARNING      dbmgr-1 2082 4000  [2019-08-20 09:56:14 232] - invalid UID(0) <= 0, please check UID for environment! automatically set to 2082.
    INFO      dbmgr-1 2082 4000  [2019-08-20 09:56:15 757] - ---- dbmgr Version: 2.4.5. ScriptVersion: 0.1.0. Pythoncore: 3.7.3. Protocol: 11178A1C367680938C8E416B64844ACD. Config: Debug X86. Built: 09:55:16 May  8 2019. AppID: 4000. UID: 2082. PID: 6924 ----
    INFO      dbmgr-1 2082 4000  [2019-08-20 09:56:15 757] - Server error_name: Intel(R) Core(TM) i5-6300HQ CPU @ 2.30GHz with 2097151kB RAM
    INFO      dbmgr-1 2082 4000  [2019-08-20 09:56:15 758] - ThreadPool::createThreadPool: creating  threadpool...
    INFO      dbmgr-1 2082 4000  [2019-08-20 09:56:15 758] - ThreadPool::createThreadPool: successfully(2), newThreadCount=1, normalMaxThreadCount=2, maxThreadCount=8
    INFO      dbmgr-1 2082 4000  [2019-08-20 09:56:15 965] - Script::install(): is successfully, Python=(3.7.3 (default, May  8 2019, 09:53:38) [MSC v.1916 32 bit (Intel)])!
    INFO      dbmgr-1 2082 4000  [2019-08-20 09:56:15 965] - Script::install(): KBExtra is successfully!
    INFO      dbmgr-1 2082 4000  [2019-08-20 09:56:16 334] - Dbmgr::initializeEnd: digest(B91EBE6B591F8BEB2E04FAF8BE8B7B2F)
  S_INFO      dbmgr-1 2082 4000  [2019-08-20 09:56:16 334] - onDBMgrReady: bootstrapGroupIndex=0, bootstrapGlobalIndex=0
    INFO      dbmgr-1 2082 4000  [2019-08-20 09:56:16 334] - TelnetServer server is running on port 32000
    INFO      dbmgr-1 2082 4000  [2019-08-20 09:56:16 335] - Dbmgr::initInterfacesHandler: interfaces addr(127.0.0.1:30099), accountType:(interfaces), chargeType:(interfaces).
 WARNING      dbmgr-1 2082 4000  [2019-08-20 09:56:16 613] - DBUtil::initialize: db(default) password is not encrypted!
please use password(rsa):
9CAEC6E8D9A125A9915E20E734864DA8D3D2DD4C57DABA02F9F7C36FA1194EB57AB20DFD0FE7A233EB00E87F1BAC8F8C365EFBAFAC7198778F01526E8E6BE76BAC747A06376D3CDC25BF50D4F93E44B4BF3CCF17FE9A4F9DA39D2325947C27FC7A2F69F1682865768BA733DC3527D7AE77D0DE8CB3172E1F667D5A6A9D0E583A
   DEBUG      dbmgr-1 2082 4000  [2019-08-20 09:56:16 617] - DBInterfaceMysql::attach: connect: localhost:3306 starting...
   DEBUG      dbmgr-1 2082 4000  [2019-08-20 09:56:16 748] - DBInterfaceMysql::attach: successfully! addr: localhost:3306
    INFO      dbmgr-1 2082 4000  [2019-08-20 09:56:16 749] - DBUtil::createInterface[0x11ff040]: interface=default, dbtype=mysql, ip=localhost, port=3306, currdatabase=kbe, username=kbe, connected=yes.

    INFO      dbmgr-1 2082 4000  [2019-08-20 09:56:16 749] - ThreadPool::createThreadPool: creating  threadpool...
    INFO      dbmgr-1 2082 4000  [2019-08-20 09:56:16 749] - ThreadPool::createThreadPool: successfully(5), newThreadCount=5, normalMaxThreadCount=5, maxThreadCount=5
    INFO      dbmgr-1 2082 4000  [2019-08-20 09:56:17 095] - DBInterfaceMysql::query: successfully!
   DEBUG      dbmgr-1 2082 4000  [2019-08-20 09:56:33 681] - DBInterfaceMysql::dropEntityTableFromDB: tbl_avatar.
    INFO      dbmgr-1 2082 4000  [2019-08-20 09:56:34 354] - DBInterfaceMysql::query: successfully!
   DEBUG      dbmgr-1 2082 4000  [2019-08-20 09:56:34 354] - DBInterfaceMysql::dropEntityTableFromDB: tbl_food.
    INFO      dbmgr-1 2082 4000  [2019-08-20 09:56:34 671] - DBInterfaceMysql::query: successfully!
   DEBUG      dbmgr-1 2082 4000  [2019-08-20 09:56:34 671] - DBInterfaceMysql::dropEntityTableFromDB: tbl_halls.
    INFO      dbmgr-1 2082 4000  [2019-08-20 09:56:35 262] - DBInterfaceMysql::query: successfully!
   DEBUG      dbmgr-1 2082 4000  [2019-08-20 09:56:35 263] - DBInterfaceMysql::dropEntityTableFromDB: tbl_smash.
    INFO      dbmgr-1 2082 4000  [2019-08-20 09:56:35 487] - DBInterfaceMysql::query: successfully!
 WARNING      dbmgr-1 2082 4000  [2019-08-20 09:56:35 488] - d:\kbengine\kbe\src\server\dbmgr\dbmgr.cpp:306: Profile scriptCall took 19.15 seconds
    INFO      dbmgr-1 2082 4000  [2019-08-20 09:56:35 847] - ---- dbmgr is running ----
   DEBUG      dbmgr-1 2082 4000  [2019-08-20 09:56:35 848] - Components::process(): Request for the process of identity...
   DEBUG      dbmgr-1 2082 4000  [2019-08-20 09:56:16 750] - DBInterfaceMysql::attach: connect: localhost:3306 starting...
   DEBUG      dbmgr-1 2082 4000  [2019-08-20 09:56:16 750] - DBInterfaceMysql::attach: connect: localhost:3306 starting...
   DEBUG      dbmgr-1 2082 4000  [2019-08-20 09:56:16 750] - DBInterfaceMysql::attach: connect: localhost:3306 starting...
   DEBUG      dbmgr-1 2082 4000  [2019-08-20 09:56:16 750] - DBInterfaceMysql::attach: connect: localhost:3306 starting...
   DEBUG      dbmgr-1 2082 4000  [2019-08-20 09:56:16 751] - DBInterfaceMysql::attach: connect: localhost:3306 starting...
   DEBUG      dbmgr-1 2082 4000  [2019-08-20 09:56:16 887] - DBInterfaceMysql::attach: successfully! addr: localhost:3306
   DEBUG      dbmgr-1 2082 4000  [2019-08-20 09:56:16 887] - DBThread::onStart(): 0x16f7390!
   DEBUG      dbmgr-1 2082 4000  [2019-08-20 09:56:16 946] - DBInterfaceMysql::attach: successfully! addr: localhost:3306
   DEBUG      dbmgr-1 2082 4000  [2019-08-20 09:56:16 946] - DBThread::onStart(): 0x16f7eb8!
   DEBUG      dbmgr-1 2082 4000  [2019-08-20 09:56:17 012] - DBInterfaceMysql::attach: successfully! addr: localhost:3306
   DEBUG      dbmgr-1 2082 4000  [2019-08-20 09:56:17 012] - DBThread::onStart(): 0x16f7308!
   DEBUG      dbmgr-1 2082 4000  [2019-08-20 09:56:17 070] - DBInterfaceMysql::attach: successfully! addr: localhost:3306
   DEBUG      dbmgr-1 2082 4000  [2019-08-20 09:56:17 071] - DBThread::onStart(): 0x16f8050!
   DEBUG      dbmgr-1 2082 4000  [2019-08-20 09:56:17 188] - DBInterfaceMysql::attach: successfully! addr: localhost:3306
   DEBUG      dbmgr-1 2082 4000  [2019-08-20 09:56:17 188] - DBThread::onStart(): 0x16f80d8!
    INFO      dbmgr-1 2082 4000  [2019-08-20 09:56:17 263] - DBInterfaceMysql::query: successfully!
    INFO      dbmgr-1 2082 4000  [2019-08-20 09:56:17 304] - DBInterfaceMysql::query: successfully!
    INFO      dbmgr-1 2082 4000  [2019-08-20 09:56:17 304] - DBInterfaceMysql::query: successfully!
    INFO      dbmgr-1 2082 4000  [2019-08-20 09:56:17 305] - DBInterfaceMysql::query: successfully!
    INFO      dbmgr-1 2082 4000  [2019-08-20 09:56:17 314] - DBInterfaceMysql::query: successfully!
 WARNING      dbmgr-1 2082 4000  [2019-08-20 09:56:17 314] - DBTask::process(): took 0.22 seconds
sql:(show index from tbl_Friend)
    INFO      dbmgr-1 2082 4000  [2019-08-20 09:56:17 315] - DBInterfaceMysql::query: successfully!
    INFO      dbmgr-1 2082 4000  [2019-08-20 09:56:17 315] - DBInterfaceMysql::query: successfully!
 WARNING      dbmgr-1 2082 4000  [2019-08-20 09:56:17 316] - DBTask::process(): took 0.22 seconds
sql:(delete from kbe_email_verification where logtime<1566262577 and type=3)
    INFO      dbmgr-1 2082 4000  [2019-08-20 09:56:17 387] - DBInterfaceMysql::query: successfully!
   DEBUG      dbmgr-1 2082 4000  [2019-08-20 09:56:17 387] - syncToDB(): Mail_mailList->sm_senderName(varchar(255) not null DEFAULT '[]').
 WARNING      dbmgr-1 2082 4000  [2019-08-20 09:56:17 388] - DBTask::process(): took 0.29 seconds
sql:(select distinct(serverGroupID) from kbe_entitylog)
   DEBUG      dbmgr-1 2082 4000  [2019-08-20 09:56:17 429] - syncToDB(): Account->sm_playerName(varchar(255) not null DEFAULT '').
 WARNING      dbmgr-1 2082 4000  [2019-08-20 09:56:17 463] - DBTask::process(): took 0.37 seconds
sql:(insert into kbe_serverlog (heartbeatTime, serverGroupID) values(1566266177,2082) ON DUPLICATE KEY UPDATE heartbeatTime=1566266177)
   DEBUG      dbmgr-1 2082 4000  [2019-08-20 09:56:17 570] - syncToDB(): Friend_publicDataList->sm_status(tinyint unsigned not null DEFAULT 0).
   DEBUG      dbmgr-1 2082 4000  [2019-08-20 09:56:17 607] - syncToDB(): Hall->sm_autoLoad(tinyint not null DEFAULT 0).
   DEBUG      dbmgr-1 2082 4000  [2019-08-20 09:56:17 713] - syncToDB(): Friend_synchroFriendList->sm_autoLoad(tinyint not null DEFAULT 0).
   DEBUG      dbmgr-1 2082 4000  [2019-08-20 09:56:18 541] - syncToDB(): Mail_mailList->sm_recverID(bigint unsigned not null DEFAULT 0).
   DEBUG      dbmgr-1 2082 4000  [2019-08-20 09:56:20 265] - syncToDB(): Account->sm_playerId(smallint unsigned not null DEFAULT 0).
   DEBUG      dbmgr-1 2082 4000  [2019-08-20 09:56:20 813] - syncToDB(): Friend_publicDataList->sm_playerID(bigint unsigned not null DEFAULT 0).
   DEBUG      dbmgr-1 2082 4000  [2019-08-20 09:56:21 087] - syncToDB(): Account->sm_playerBean(int not null DEFAULT 0).
 WARNING      dbmgr-1 2082 4000  [2019-08-20 09:56:21 646] - DBTask::process(): took 4.33 seconds
sql:(show index from tbl_Mail_mailList)
   DEBUG      dbmgr-1 2082 4000  [2019-08-20 09:56:22 255] - syncToDB(): Account->sm_playerNew(tinyint unsigned not null DEFAULT 1).
    INFO      dbmgr-1 2082 4000  [2019-08-20 09:56:22 538] - DBInterfaceMysql::query: successfully!
   DEBUG      dbmgr-1 2082 4000  [2019-08-20 09:56:22 538] - syncToDB(): Friend_synchroFriendList->sm_senderID(bigint unsigned not null DEFAULT 0).
   DEBUG      dbmgr-1 2082 4000  [2019-08-20 09:56:22 704] - syncToDB(): Mail->sm_autoLoad(tinyint not null DEFAULT 0).
   DEBUG      dbmgr-1 2082 4000  [2019-08-20 09:56:23 179] - syncToDB(): Friend_publicDataList->sm_playerName(varchar(255) not null DEFAULT '[]').
    INFO      dbmgr-1 2082 4000  [2019-08-20 09:56:23 461] - DBInterfaceMysql::query: successfully!
 WARNING      dbmgr-1 2082 4000  [2019-08-20 09:56:23 694] - DBTask::process(): took 6.31 seconds
sql:(show index from tbl_Hall)
   DEBUG      dbmgr-1 2082 4000  [2019-08-20 09:56:23 967] - syncToDB(): Account->sm_0_position(float not null DEFAULT 0).
    INFO      dbmgr-1 2082 4000  [2019-08-20 09:56:25 392] - DBInterfaceMysql::query: successfully!
   DEBUG      dbmgr-1 2082 4000  [2019-08-20 09:56:25 397] - syncToDB(): Friend_publicDataList->sm_playerBean(int not null DEFAULT 0).
 WARNING      dbmgr-1 2082 4000  [2019-08-20 09:56:25 539] - DBTask::process(): delay 4.55 seconds, try adjusting the kbengine[_defs].xml(numConnections) and MySQL(my.cnf->max_connections or innodb_flush_log_at_trx_commit)!
sql:(show index from tbl_Mail)
 WARNING      dbmgr-1 2082 4000  [2019-08-20 09:56:25 540] - DBTask::process(): took 3.89 seconds
sql:(show index from tbl_Mail)
   DEBUG      dbmgr-1 2082 4000  [2019-08-20 09:56:25 550] - syncToDB(): Account->sm_1_position(float not null DEFAULT 0).
 WARNING      dbmgr-1 2082 4000  [2019-08-20 09:56:26 537] - DBTask::process(): took 9.01 seconds
sql:(show index from tbl_Friend_publicDataList)
   DEBUG      dbmgr-1 2082 4000  [2019-08-20 09:56:26 538] - syncToDB(): Account->sm_2_position(float not null DEFAULT 0).
   DEBUG      dbmgr-1 2082 4000  [2019-08-20 09:56:26 746] - syncToDB(): Friend_synchroFriendList->sm_recverID(bigint unsigned not null DEFAULT 0).
   DEBUG      dbmgr-1 2082 4000  [2019-08-20 09:56:30 955] - syncToDB(): Account->sm_0_direction(float not null DEFAULT 0).
 WARNING      dbmgr-1 2082 4000  [2019-08-20 09:56:31 554] - DBTask::process(): took 14.09 seconds
sql:(show index from tbl_Friend_synchroFriendList)
   DEBUG      dbmgr-1 2082 4000  [2019-08-20 09:56:31 880] - syncToDB(): Account->sm_1_direction(float not null DEFAULT 0).
   DEBUG      dbmgr-1 2082 4000  [2019-08-20 09:56:33 135] - syncToDB(): Account->sm_2_direction(float not null DEFAULT 0).
 WARNING      dbmgr-1 2082 4000  [2019-08-20 09:56:33 642] - DBTask::process(): took 16.33 seconds
sql:(show index from tbl_Account)
    INFO      dbmgr-1 2082 4000  [2019-08-20 09:56:42 150] - ServerApp::onRegisterNewApp: uid:2082, username:error_name, componentType:interfaces, componentID:3000, globalorderID=-1, grouporderID=-1, intaddr:192.168.56.1, intport:30099, extaddr:nonsupport, extport:0,  from 127.0.0.1:30099/0/0/0.
    INFO      dbmgr-1 2082 4000  [2019-08-20 09:56:42 150] - Components::addComponent: reset orderLog, uid=2082!
    INFO      dbmgr-1 2082 4000  [2019-08-20 09:56:42 150] - Components::addComponent[interfaces], uid=2082, componentID=3000, globalorderid=1, grouporderid=1, totalcount=1
    INFO      dbmgr-1 2082 4000  [2019-08-20 09:56:42 150] - ServerApp::onRegisterNewApp: uid:2082, username:error_name, componentType:baseappmgr, componentID:5000, globalorderID=-1, grouporderID=-1, intaddr:192.168.56.1, intport:52589, extaddr:nonsupport, extport:0,  from 192.168.56.1:52606/0/0/0.
    INFO      dbmgr-1 2082 4000  [2019-08-20 09:56:42 150] - Components::addComponent: reset orderLog, uid=2082!
    INFO      dbmgr-1 2082 4000  [2019-08-20 09:56:42 151] - Components::addComponent[baseappmgr], uid=2082, componentID=5000, globalorderid=1, grouporderid=1, totalcount=1
    INFO      dbmgr-1 2082 4000  [2019-08-20 09:56:42 151] - ServerApp::onRegisterNewApp: uid:2082, username:error_name, componentType:cellappmgr, componentID:6000, globalorderID=-1, grouporderID=-1, intaddr:192.168.56.1, intport:52591, extaddr:nonsupport, extport:0,  from 192.168.56.1:52608/0/0/0.
    INFO      dbmgr-1 2082 4000  [2019-08-20 09:56:42 151] - Components::addComponent[cellappmgr], uid=2082, componentID=6000, globalorderid=2, grouporderid=1, totalcount=1
    INFO      dbmgr-1 2082 4000  [2019-08-20 09:56:43 153] - Components::findComponents: find logger(1)...
    INFO      dbmgr-1 2082 4000  [2019-08-20 09:56:43 276] - Components::findComponents: found logger, addr:192.168.56.1:52594
    INFO      dbmgr-1 2082 4000  [2019-08-20 09:56:43 277] - Components::addComponent[logger], uid=2082, componentID=2000, globalorderid=3, grouporderid=1, totalcount=1
    INFO      dbmgr-1 2082 4000  [2019-08-20 09:56:43 284] - ServerApp::onRegisterNewApp: uid:2082, username:error_name, componentType:cellapp, componentID:8001, globalorderID=-1, grouporderID=-1, intaddr:192.168.56.1, intport:52588, extaddr:nonsupport, extport:0,  from 192.168.56.1:52610/0/0/0.
    INFO      dbmgr-1 2082 4000  [2019-08-20 09:56:43 284] - Components::addComponent[cellapp], uid=2082, componentID=8001, globalorderid=4, grouporderid=1, totalcount=1
    INFO      dbmgr-1 2082 4000  [2019-08-20 09:56:43 284] - Components::process(): Found all the components!
    INFO      dbmgr-1 2082 4000  [2019-08-20 09:56:46 302] - IDServer::allocRange: 1-2001.
   DEBUG      dbmgr-1 2082 4000  [2019-08-20 09:56:46 303] - SyncAppDatasHandler::~SyncAppDatasHandler()
