    INFO    cellapp-1 2082 8001  [2019-07-25 09:52:04 194] - -----------------------------------------------------------------------------------------


    INFO    cellapp-1 2082 8001  [2019-07-25 09:52:04 382] - Resmgr::initialize: KBE_ROOT=D:/kbengine/
    INFO    cellapp-1 2082 8001  [2019-07-25 09:52:04 382] - Resmgr::initialize: KBE_RES_PATH=D:/kbengine/kbe/res/;D:/kbengine/HappyPoker_assets/;D:/kbengine/HappyPoker_assets/scripts/;D:/kbengine/HappyPoker_assets/res/
    INFO    cellapp-1 2082 8001  [2019-07-25 09:52:04 382] - Resmgr::initialize: KBE_BIN_PATH=D:/kbengine/kbe/bin/server/
    INFO    cellapp-1 2082 8001  [2019-07-25 09:52:04 439] - NetworkInterface::initialize(INTERNAL-TCP): bound to all interfaces with default route interface on 192.168.56.1 ( 192.168.56.1:57094 )
    INFO    cellapp-1 2082 8001  [2019-07-25 09:52:04 439] - NetworkInterface::initialize(INTERNAL-TCP): address 192.168.56.1:57094, SOMAXCONN=5.
    INFO    cellapp-1 2082 8001  [2019-07-25 09:52:04 439] - server-configs:
    INFO    cellapp-1 2082 8001  [2019-07-25 09:52:04 439] - 	gameUpdateHertz : 10
    INFO    cellapp-1 2082 8001  [2019-07-25 09:52:04 503] - 	defaultViewRadius : 80
    INFO    cellapp-1 2082 8001  [2019-07-25 09:52:04 503] - 	defaultViewHysteresisArea : 5
    INFO    cellapp-1 2082 8001  [2019-07-25 09:52:04 503] - 	entryScriptFile : kbemain
    INFO    cellapp-1 2082 8001  [2019-07-25 09:52:04 503] - 	internalTcpAddr : 192.168.56.1:57094
    INFO    cellapp-1 2082 8001  [2019-07-25 09:52:04 504] - 	componentID : 8001
 WARNING    cellapp-1 2082 8001  [2019-07-25 09:52:04 504] - invalid UID(0) <= 0, please check UID for environment! automatically set to 2082.
    INFO    cellapp-1 2082 8001  [2019-07-25 09:52:04 578] - ---- cellapp Version: 2.4.5. ScriptVersion: 0.1.0. Pythoncore: 3.7.3. Protocol: C9FCABE153AC3D64A8F240810ADA666D. Config: Debug X86. Built: 09:56:57 May  8 2019. AppID: 8001. UID: 2082. PID: 21348 ----
    INFO    cellapp-1 2082 8001  [2019-07-25 09:52:04 579] - Server error_name: Intel(R) Core(TM) i5-6300HQ CPU @ 2.30GHz with 2097151kB RAM
    INFO    cellapp-1 2082 8001  [2019-07-25 09:52:04 600] - ThreadPool::createThreadPool: creating  threadpool...
    INFO    cellapp-1 2082 8001  [2019-07-25 09:52:04 604] - ThreadPool::createThreadPool: successfully(2), newThreadCount=1, normalMaxThreadCount=2, maxThreadCount=8
    INFO    cellapp-1 2082 8001  [2019-07-25 09:52:05 165] - Script::install(): is successfully, Python=(3.7.3 (default, May  8 2019, 09:53:38) [MSC v.1916 32 bit (Intel)])!
    INFO    cellapp-1 2082 8001  [2019-07-25 09:52:05 166] - Script::install(): KBExtra is successfully!
 WARNING    cellapp-1 2082 8001  [2019-07-25 09:52:06 671] - EntityDef::checkDefMethod: exposed of method: Account.leaveRoom, check the caller can use "def leaveRoom(self, callerID, ...)", such as: if callerID == self.id!
 WARNING    cellapp-1 2082 8001  [2019-07-25 09:52:06 672] - EntityDef::checkDefMethod: exposed of method: Account.playerMakeLandlord, check the caller can use "def playerMakeLandlord(self, callerID, ...)", such as: if callerID == self.id!
 WARNING    cellapp-1 2082 8001  [2019-07-25 09:52:06 672] - EntityDef::checkDefMethod: exposed of method: Account.setGameReady, check the caller can use "def setGameReady(self, callerID, ...)", such as: if callerID == self.id!
 WARNING    cellapp-1 2082 8001  [2019-07-25 09:52:06 673] - EntityDef::checkDefMethod: exposed of method: Account.stayRoom, check the caller can use "def stayRoom(self, callerID, ...)", such as: if callerID == self.id!
   DEBUG    cellapp-1 2082 8001  [2019-07-25 09:52:06 673] - loaded entity-script:Account(1).
 WARNING    cellapp-1 2082 8001  [2019-07-25 09:52:06 676] - EntityDef::checkDefMethod: exposed of method: Room.playPoker, check the caller can use "def playPoker(self, callerID, ...)", such as: if callerID == self.id!
 WARNING    cellapp-1 2082 8001  [2019-07-25 09:52:06 676] - EntityDef::checkDefMethod: exposed of method: Room.unPlayPoker, check the caller can use "def unPlayPoker(self, callerID, ...)", such as: if callerID == self.id!
   DEBUG    cellapp-1 2082 8001  [2019-07-25 09:52:06 677] - loaded entity-script:Room(3).
    INFO    cellapp-1 2082 8001  [2019-07-25 09:52:06 708] - TelnetServer server is running on port 50000
    INFO    cellapp-1 2082 8001  [2019-07-25 09:52:07 482] - ---- cellapp is running ----
   DEBUG    cellapp-1 2082 8001  [2019-07-25 09:52:07 492] - Components::process(): Request for the process of identity...
 WARNING    cellapp-1 2082 8001  [2019-07-25 09:52:13 829] - EntityApp::checkTickPeriod: tick took 6347% (6.35 seconds)!
 WARNING    cellapp-1 2082 8001  [2019-07-25 09:52:13 885] - d:\kbengine\kbe\src\lib\network\event_dispatcher.cpp:153: Profile callSystemTimers took 0.13 seconds
 WARNING    cellapp-1 2082 8001  [2019-07-25 09:52:14 332] - d:\kbengine\kbe\src\lib\network\channel.cpp:1023: Profile processRecvMessages took 0.37 seconds
 WARNING    cellapp-1 2082 8001  [2019-07-25 09:52:14 332] - TCPPacketReceiver::processPendingEvents(192.168.56.1:57106): Throwing REASON_GENERAL_NETWORK - WSAECONNABORTED
 WARNING    cellapp-1 2082 8001  [2019-07-25 09:52:14 430] - EntityApp::checkTickPeriod: tick took 465% (0.47 seconds)!
    INFO    cellapp-1 2082 8001  [2019-07-25 09:52:14 982] - Components::findComponents: find logger(1)...
    INFO    cellapp-1 2082 8001  [2019-07-25 09:52:15 068] - Components::findComponents: found logger, addr:192.168.56.1:57091
    INFO    cellapp-1 2082 8001  [2019-07-25 09:52:15 069] - Components::addComponent: reset orderLog, uid=2082!
    INFO    cellapp-1 2082 8001  [2019-07-25 09:52:15 069] - Components::addComponent[logger], uid=2082, componentID=2000, globalorderid=1, grouporderid=1, totalcount=1
    INFO    cellapp-1 2082 8001  [2019-07-25 09:52:15 070] - Components::findComponents: find dbmgr(2)...
 WARNING    cellapp-1 2082 8001  [2019-07-25 09:52:16 174] - EntityApp::checkTickPeriod: tick took 1291% (1.29 seconds)!
    INFO    cellapp-1 2082 8001  [2019-07-25 09:52:17 182] - Components::findComponents: find dbmgr(3)...
 WARNING    cellapp-1 2082 8001  [2019-07-25 09:52:17 522] - BundleBroadcast::BundleBroadcast: Cannot bind to port 20327, errorno=10048
 WARNING    cellapp-1 2082 8001  [2019-07-25 09:52:17 523] - EntityApp::checkTickPeriod: tick took 441% (0.44 seconds)!
    INFO    cellapp-1 2082 8001  [2019-07-25 09:52:18 582] - Components::findComponents: find dbmgr(4)...
    INFO    cellapp-1 2082 8001  [2019-07-25 09:52:18 641] - Components::findComponents: found dbmgr, addr:192.168.56.1:57093
    INFO    cellapp-1 2082 8001  [2019-07-25 09:52:18 641] - Components::addComponent: reset orderLog, uid=2082!
    INFO    cellapp-1 2082 8001  [2019-07-25 09:52:18 641] - Components::addComponent[dbmgr], uid=2082, componentID=4000, globalorderid=1, grouporderid=1, totalcount=1
    INFO    cellapp-1 2082 8001  [2019-07-25 09:52:18 641] - Components::findComponents: found dbmgr, addr:192.168.56.1:57093
 WARNING    cellapp-1 2082 8001  [2019-07-25 09:52:19 642] - EntityApp::checkTickPeriod: tick took 1159% (1.16 seconds)!
 WARNING    cellapp-1 2082 8001  [2019-07-25 09:52:19 643] - TCPPacketReceiver::processPendingEvents(192.168.56.1:57124): Throwing REASON_GENERAL_NETWORK - WSAECONNABORTED
    INFO    cellapp-1 2082 8001  [2019-07-25 09:52:20 682] - Components::findComponents: find cellappmgr(1)...
    INFO    cellapp-1 2082 8001  [2019-07-25 09:52:20 775] - Components::findComponents: found cellappmgr, addr:192.168.56.1:57089
    INFO    cellapp-1 2082 8001  [2019-07-25 09:52:20 775] - Components::addComponent[cellappmgr], uid=2082, componentID=6000, globalorderid=2, grouporderid=1, totalcount=1
    INFO    cellapp-1 2082 8001  [2019-07-25 09:52:20 785] - Components::findComponents: found cellappmgr, addr:192.168.56.1:57089
 WARNING    cellapp-1 2082 8001  [2019-07-25 09:52:21 785] - EntityApp::checkTickPeriod: tick took 1203% (1.20 seconds)!
    INFO    cellapp-1 2082 8001  [2019-07-25 09:52:22 819] - Components::findComponents: find baseappmgr(1)...
    INFO    cellapp-1 2082 8001  [2019-07-25 09:52:22 917] - Components::findComponents: found baseappmgr, addr:192.168.56.1:57087
    INFO    cellapp-1 2082 8001  [2019-07-25 09:52:22 917] - Components::addComponent[baseappmgr], uid=2082, componentID=5000, globalorderid=3, grouporderid=1, totalcount=1
    INFO    cellapp-1 2082 8001  [2019-07-25 09:52:22 917] - Components::findComponents: found baseappmgr, addr:192.168.56.1:57087
 WARNING    cellapp-1 2082 8001  [2019-07-25 09:52:23 918] - EntityApp::checkTickPeriod: tick took 1135% (1.13 seconds)!
    INFO    cellapp-1 2082 8001  [2019-07-25 09:52:25 020] - Components::findComponents: register self to dbmgr...
    INFO    cellapp-1 2082 8001  [2019-07-25 09:52:25 036] - Components::findComponents: register self to cellappmgr...
    INFO    cellapp-1 2082 8001  [2019-07-25 09:52:25 037] - ServerApp::onRegisterNewApp: uid:2082, username:error_name, componentType:baseapp, componentID:7001, globalorderID=-1, grouporderID=-1, intaddr:192.168.56.1, intport:57092, extaddr:192.168.56.1, extport:20015,  from 192.168.56.1:57139/0/0/0.
    INFO    cellapp-1 2082 8001  [2019-07-25 09:52:25 037] - Components::addComponent[baseapp], uid=2082, componentID=7001, globalorderid=4, grouporderid=1, totalcount=1
    INFO    cellapp-1 2082 8001  [2019-07-25 09:52:25 037] - Components::findComponents: register self to baseappmgr...
    INFO    cellapp-1 2082 8001  [2019-07-25 09:52:25 048] - ServerApp::onRegisterNewApp: uid:2082, username:error_name, componentType:baseapp, componentID:7001, globalorderID=-1, grouporderID=-1, intaddr:192.168.56.1, intport:57092, extaddr:192.168.56.1, extport:20015,  from 192.168.56.1:57139/0/0/0.
    INFO    cellapp-1 2082 8001  [2019-07-25 09:52:25 048] - Components::process(): Found all the components!
    INFO    cellapp-1 2082 8001  [2019-07-25 09:52:28 053] - EntityApp::onDbmgrInitCompleted: entityID alloc(2001-4001), startGlobalOrder=5, startGroupOrder=1, digest=B91EBE6B591F8BEB2E04FAF8BE8B7B2F.
    INFO    cellapp01 2082 8001  [2019-07-25 09:52:28 053] - IDClient::onAddRange: number of ids increased from 2001 to 4001.
 WARNING    cellapp01 2082 8001  [2019-07-25 09:52:28 390] - BundleBroadcast::BundleBroadcast: Cannot bind to port 20073, errorno=10048
   S_DBG    cellapp01 2082 8001  [2019-07-25 09:52:29 609] - onInit::isReload:0
 WARNING    cellapp01 2082 8001  [2019-07-25 09:52:29 610] - d:\kbengine\kbe\src\lib\network\channel.cpp:1023: Profile processRecvMessages took 1.56 seconds
 WARNING    cellapp01 2082 8001  [2019-07-25 09:52:29 610] - EntityApp::checkTickPeriod: tick took 1627% (1.63 seconds)!
   DEBUG    cellapp01 2082 8001  [2019-07-25 09:52:29 650] - InitProgressHandler::~InitProgressHandler()
   S_DBG    cellapp01 2082 8001  [2019-07-25 09:52:30 454] - onGlobalData: Hall
   S_DBG    cellapp01 2082 8001  [2019-07-25 09:52:30 547] - onGlobalData: Friend
   S_DBG    cellapp01 2082 8001  [2019-07-25 09:52:30 617] - onGlobalData: Mail
   DEBUG    cellapp01 2082 8001  [2019-07-25 09:59:13 090] - Spaces::createNewSpace: new space(Room) 1.
    INFO    cellapp01 2082 8001  [2019-07-25 09:59:13 111] - EntityApp::createEntity: new Room 7
    INFO    cellapp01 2082 8001  [2019-07-25 09:59:13 136] - KBEngine::addSpaceGeometryMapping: spaceID=1, respath=spaces/gameMap, shouldLoadOnServer=true!
    INFO    cellapp01 2082 8001  [2019-07-25 09:59:13 154] - KBEngine::onLoadedSpaceGeometryMapping: spaceID=1, respath=spaces/gameMap!
   S_DBG    cellapp01 2082 8001  [2019-07-25 09:59:13 171] - player go into the roomId is 6717414548426915840
    INFO    cellapp01 2082 8001  [2019-07-25 09:59:13 172] - EntityApp::createEntity: new Account 4
   S_DBG    cellapp01 2082 8001  [2019-07-25 09:59:17 949] - player go into the roomId is 6717414548426915840
    INFO    cellapp01 2082 8001  [2019-07-25 09:59:17 951] - EntityApp::createEntity: new Account 5
   S_DBG    cellapp01 2082 8001  [2019-07-25 09:59:20 449] - player go into the roomId is 6717414548426915840
    INFO    cellapp01 2082 8001  [2019-07-25 09:59:20 450] - EntityApp::createEntity: new Account 6
   S_DBG    cellapp01 2082 8001  [2019-07-25 09:59:39 793] - shtart to play game!
   S_DBG    cellapp01 2082 8001  [2019-07-25 09:59:52 189] - update player poker
   S_DBG    cellapp01 2082 8001  [2019-07-25 09:59:52 190] - 31
   S_DBG    cellapp01 2082 8001  [2019-07-25 09:59:52 190] - 26
   S_DBG    cellapp01 2082 8001  [2019-07-25 09:59:52 190] - 22
   S_DBG    cellapp01 2082 8001  [2019-07-25 09:59:52 190] - 17
   S_DBG    cellapp01 2082 8001  [2019-07-25 09:59:52 190] - 12
   S_DBG    cellapp01 2082 8001  [2019-07-25 09:59:52 190] - not equite
   S_DBG    cellapp01 2082 8001  [2019-07-25 09:59:58 758] - not equite
   S_DBG    cellapp01 2082 8001  [2019-07-25 09:59:58 758] - pass play poker
   S_DBG    cellapp01 2082 8001  [2019-07-25 10:00:05 672] - equite
   S_DBG    cellapp01 2082 8001  [2019-07-25 10:00:05 672] - pass play poker
   S_DBG    cellapp01 2082 8001  [2019-07-25 10:00:11 512] - update player poker
   S_DBG    cellapp01 2082 8001  [2019-07-25 10:00:11 512] - 35
   S_DBG    cellapp01 2082 8001  [2019-07-25 10:00:11 512] - 33
   S_DBG    cellapp01 2082 8001  [2019-07-25 10:00:11 512] - 32
   S_DBG    cellapp01 2082 8001  [2019-07-25 10:00:11 512] - 14
   S_DBG    cellapp01 2082 8001  [2019-07-25 10:00:11 513] - not equite
   S_DBG    cellapp01 2082 8001  [2019-07-25 10:00:21 682] - update player poker
   S_DBG    cellapp01 2082 8001  [2019-07-25 10:00:21 682] - 59
   S_DBG    cellapp01 2082 8001  [2019-07-25 10:00:21 682] - 58
   S_DBG    cellapp01 2082 8001  [2019-07-25 10:00:21 682] - 57
   S_DBG    cellapp01 2082 8001  [2019-07-25 10:00:21 682] - 44
   S_DBG    cellapp01 2082 8001  [2019-07-25 10:00:21 683] - not equite
   S_DBG    cellapp01 2082 8001  [2019-07-25 10:00:25 221] - not equite
   S_DBG    cellapp01 2082 8001  [2019-07-25 10:00:25 222] - pass play poker
   S_DBG    cellapp01 2082 8001  [2019-07-25 10:00:27 420] - equite
   S_DBG    cellapp01 2082 8001  [2019-07-25 10:00:27 420] - pass play poker
   S_DBG    cellapp01 2082 8001  [2019-07-25 10:00:32 852] - update player poker
   S_DBG    cellapp01 2082 8001  [2019-07-25 10:00:32 853] - 34
   S_DBG    cellapp01 2082 8001  [2019-07-25 10:00:32 853] - 28
   S_DBG    cellapp01 2082 8001  [2019-07-25 10:00:32 853] - 25
   S_DBG    cellapp01 2082 8001  [2019-07-25 10:00:32 853] - 21
   S_DBG    cellapp01 2082 8001  [2019-07-25 10:00:32 853] - 16
   S_DBG    cellapp01 2082 8001  [2019-07-25 10:00:32 853] - 13
   S_DBG    cellapp01 2082 8001  [2019-07-25 10:00:32 853] - not equite
   S_DBG    cellapp01 2082 8001  [2019-07-25 10:00:36 720] - not equite
   S_DBG    cellapp01 2082 8001  [2019-07-25 10:00:36 721] - pass play poker
   S_DBG    cellapp01 2082 8001  [2019-07-25 10:00:39 123] - equite
   S_DBG    cellapp01 2082 8001  [2019-07-25 10:00:39 123] - pass play poker
   S_DBG    cellapp01 2082 8001  [2019-07-25 10:00:42 738] - update player poker
   S_DBG    cellapp01 2082 8001  [2019-07-25 10:00:42 739] - 43
   S_DBG    cellapp01 2082 8001  [2019-07-25 10:00:42 739] - 40
   S_DBG    cellapp01 2082 8001  [2019-07-25 10:00:42 739] - not equite
   S_DBG    cellapp01 2082 8001  [2019-07-25 10:00:48 005] - update player poker
   S_DBG    cellapp01 2082 8001  [2019-07-25 10:00:48 005] - 47
   S_DBG    cellapp01 2082 8001  [2019-07-25 10:00:48 005] - 45
   S_DBG    cellapp01 2082 8001  [2019-07-25 10:00:48 005] - not equite
   S_DBG    cellapp01 2082 8001  [2019-07-25 10:00:52 195] - not equite
   S_DBG    cellapp01 2082 8001  [2019-07-25 10:00:52 196] - pass play poker
   S_DBG    cellapp01 2082 8001  [2019-07-25 10:00:54 594] - update player poker
   S_DBG    cellapp01 2082 8001  [2019-07-25 10:00:54 595] - 55
   S_DBG    cellapp01 2082 8001  [2019-07-25 10:00:54 595] - 53
   S_DBG    cellapp01 2082 8001  [2019-07-25 10:00:54 595] - not equite
   S_DBG    cellapp01 2082 8001  [2019-07-25 10:00:56 505] - not equite
   S_DBG    cellapp01 2082 8001  [2019-07-25 10:00:56 505] - pass play poker
   S_DBG    cellapp01 2082 8001  [2019-07-25 10:00:58 647] - equite
   S_DBG    cellapp01 2082 8001  [2019-07-25 10:00:58 648] - pass play poker
   S_DBG    cellapp01 2082 8001  [2019-07-25 10:01:02 002] - gameMupe 0
   S_DBG    cellapp01 2082 8001  [2019-07-25 10:01:02 003] - update player poker
   S_DBG    cellapp01 2082 8001  [2019-07-25 10:01:02 004] - 80
   S_DBG    cellapp01 2082 8001  [2019-07-25 10:01:02 004] - 76
   S_DBG    cellapp01 2082 8001  [2019-07-25 10:01:02 004] - not equite
   S_DBG    cellapp01 2082 8001  [2019-07-25 10:01:06 040] - not equite
   S_DBG    cellapp01 2082 8001  [2019-07-25 10:01:06 041] - pass play poker
   S_DBG    cellapp01 2082 8001  [2019-07-25 10:01:07 974] - equite
   S_DBG    cellapp01 2082 8001  [2019-07-25 10:01:07 974] - pass play poker
   S_DBG    cellapp01 2082 8001  [2019-07-25 10:01:11 348] - update player poker
   S_DBG    cellapp01 2082 8001  [2019-07-25 10:01:11 349] - 51
   DEBUG    cellapp01 2082 8001  [2019-07-25 10:01:19 489] - Account::~Account(): 4
   DEBUG    cellapp01 2082 8001  [2019-07-25 10:01:34 489] - WitnessedTimeoutHandler::handleTimeout: witnesseds is empty, timer is canceled!
   DEBUG    cellapp01 2082 8001  [2019-07-25 10:01:34 680] - Account::~Account(): 6
    INFO    cellapp-1 2082 8001  [2019-07-25 10:03:53 359] - -----------------------------------------------------------------------------------------


    INFO    cellapp-1 2082 8001  [2019-07-25 10:03:53 360] - Resmgr::initialize: KBE_ROOT=D:/kbengine/
    INFO    cellapp-1 2082 8001  [2019-07-25 10:03:53 361] - Resmgr::initialize: KBE_RES_PATH=D:/kbengine/kbe/res/;D:/kbengine/HappyPoker_assets/;D:/kbengine/HappyPoker_assets/scripts/;D:/kbengine/HappyPoker_assets/res/
    INFO    cellapp-1 2082 8001  [2019-07-25 10:03:53 361] - Resmgr::initialize: KBE_BIN_PATH=D:/kbengine/kbe/bin/server/
    INFO    cellapp-1 2082 8001  [2019-07-25 10:03:53 445] - NetworkInterface::initialize(INTERNAL-TCP): bound to all interfaces with default route interface on 192.168.56.1 ( 192.168.56.1:57235 )
    INFO    cellapp-1 2082 8001  [2019-07-25 10:03:53 445] - NetworkInterface::initialize(INTERNAL-TCP): address 192.168.56.1:57235, SOMAXCONN=5.
    INFO    cellapp-1 2082 8001  [2019-07-25 10:03:53 445] - server-configs:
    INFO    cellapp-1 2082 8001  [2019-07-25 10:03:53 445] - 	gameUpdateHertz : 10
    INFO    cellapp-1 2082 8001  [2019-07-25 10:03:53 445] - 	defaultViewRadius : 80
    INFO    cellapp-1 2082 8001  [2019-07-25 10:03:53 445] - 	defaultViewHysteresisArea : 5
    INFO    cellapp-1 2082 8001  [2019-07-25 10:03:53 445] - 	entryScriptFile : kbemain
    INFO    cellapp-1 2082 8001  [2019-07-25 10:03:53 446] - 	internalTcpAddr : 192.168.56.1:57235
    INFO    cellapp-1 2082 8001  [2019-07-25 10:03:53 446] - 	componentID : 8001
 WARNING    cellapp-1 2082 8001  [2019-07-25 10:03:53 446] - invalid UID(0) <= 0, please check UID for environment! automatically set to 2082.
    INFO    cellapp-1 2082 8001  [2019-07-25 10:03:54 952] - ---- cellapp Version: 2.4.5. ScriptVersion: 0.1.0. Pythoncore: 3.7.3. Protocol: C9FCABE153AC3D64A8F240810ADA666D. Config: Debug X86. Built: 09:56:57 May  8 2019. AppID: 8001. UID: 2082. PID: 24456 ----
    INFO    cellapp-1 2082 8001  [2019-07-25 10:03:54 952] - Server error_name: Intel(R) Core(TM) i5-6300HQ CPU @ 2.30GHz with 2097151kB RAM
    INFO    cellapp-1 2082 8001  [2019-07-25 10:03:54 953] - ThreadPool::createThreadPool: creating  threadpool...
    INFO    cellapp-1 2082 8001  [2019-07-25 10:03:54 953] - ThreadPool::createThreadPool: successfully(2), newThreadCount=1, normalMaxThreadCount=2, maxThreadCount=8
    INFO    cellapp-1 2082 8001  [2019-07-25 10:03:55 195] - Script::install(): is successfully, Python=(3.7.3 (default, May  8 2019, 09:53:38) [MSC v.1916 32 bit (Intel)])!
    INFO    cellapp-1 2082 8001  [2019-07-25 10:03:55 195] - Script::install(): KBExtra is successfully!
 WARNING    cellapp-1 2082 8001  [2019-07-25 10:03:55 374] - EntityDef::checkDefMethod: exposed of method: Account.leaveRoom, check the caller can use "def leaveRoom(self, callerID, ...)", such as: if callerID == self.id!
 WARNING    cellapp-1 2082 8001  [2019-07-25 10:03:55 376] - EntityDef::checkDefMethod: exposed of method: Account.playerMakeLandlord, check the caller can use "def playerMakeLandlord(self, callerID, ...)", such as: if callerID == self.id!
 WARNING    cellapp-1 2082 8001  [2019-07-25 10:03:55 381] - EntityDef::checkDefMethod: exposed of method: Account.setGameReady, check the caller can use "def setGameReady(self, callerID, ...)", such as: if callerID == self.id!
 WARNING    cellapp-1 2082 8001  [2019-07-25 10:03:55 383] - EntityDef::checkDefMethod: exposed of method: Account.stayRoom, check the caller can use "def stayRoom(self, callerID, ...)", such as: if callerID == self.id!
   DEBUG    cellapp-1 2082 8001  [2019-07-25 10:03:55 383] - loaded entity-script:Account(1).
 WARNING    cellapp-1 2082 8001  [2019-07-25 10:03:55 385] - EntityDef::checkDefMethod: exposed of method: Room.playPoker, check the caller can use "def playPoker(self, callerID, ...)", such as: if callerID == self.id!
 WARNING    cellapp-1 2082 8001  [2019-07-25 10:03:55 385] - EntityDef::checkDefMethod: exposed of method: Room.unPlayPoker, check the caller can use "def unPlayPoker(self, callerID, ...)", such as: if callerID == self.id!
   DEBUG    cellapp-1 2082 8001  [2019-07-25 10:03:55 386] - loaded entity-script:Room(3).
    INFO    cellapp-1 2082 8001  [2019-07-25 10:03:55 389] - TelnetServer server is running on port 50000
    INFO    cellapp-1 2082 8001  [2019-07-25 10:03:55 913] - ---- cellapp is running ----
   DEBUG    cellapp-1 2082 8001  [2019-07-25 10:03:55 913] - Components::process(): Request for the process of identity...
 WARNING    cellapp-1 2082 8001  [2019-07-25 10:04:02 060] - EntityApp::checkTickPeriod: tick took 6146% (6.15 seconds)!
    INFO    cellapp-1 2082 8001  [2019-07-25 10:04:03 114] - Components::findComponents: find logger(1)...
    INFO    cellapp-1 2082 8001  [2019-07-25 10:04:03 209] - Components::findComponents: found logger, addr:192.168.56.1:57230
    INFO    cellapp-1 2082 8001  [2019-07-25 10:04:03 209] - Components::addComponent: reset orderLog, uid=2082!
    INFO    cellapp-1 2082 8001  [2019-07-25 10:04:03 209] - Components::addComponent[logger], uid=2082, componentID=2000, globalorderid=1, grouporderid=1, totalcount=1
    INFO    cellapp-1 2082 8001  [2019-07-25 10:04:03 211] - Components::findComponents: find dbmgr(2)...
    INFO    cellapp-1 2082 8001  [2019-07-25 10:04:03 313] - Components::findComponents: found dbmgr, addr:192.168.56.1:57232
    INFO    cellapp-1 2082 8001  [2019-07-25 10:04:03 313] - Components::addComponent: reset orderLog, uid=2082!
    INFO    cellapp-1 2082 8001  [2019-07-25 10:04:03 314] - Components::addComponent[dbmgr], uid=2082, componentID=4000, globalorderid=1, grouporderid=1, totalcount=1
    INFO    cellapp-1 2082 8001  [2019-07-25 10:04:03 314] - Components::findComponents: found dbmgr, addr:192.168.56.1:57232
 WARNING    cellapp-1 2082 8001  [2019-07-25 10:04:04 315] - EntityApp::checkTickPeriod: tick took 1301% (1.30 seconds)!
    INFO    cellapp-1 2082 8001  [2019-07-25 10:04:05 325] - Components::findComponents: find cellappmgr(1)...
    INFO    cellapp-1 2082 8001  [2019-07-25 10:04:05 347] - Components::findComponents: found cellappmgr, addr:192.168.56.1:57231
    INFO    cellapp-1 2082 8001  [2019-07-25 10:04:05 347] - Components::addComponent[cellappmgr], uid=2082, componentID=6000, globalorderid=2, grouporderid=1, totalcount=1
    INFO    cellapp-1 2082 8001  [2019-07-25 10:04:05 348] - Components::findComponents: found cellappmgr, addr:192.168.56.1:57231
 WARNING    cellapp-1 2082 8001  [2019-07-25 10:04:06 348] - EntityApp::checkTickPeriod: tick took 1034% (1.03 seconds)!
    INFO    cellapp-1 2082 8001  [2019-07-25 10:04:07 413] - Components::findComponents: find baseappmgr(1)...
    INFO    cellapp-1 2082 8001  [2019-07-25 10:04:07 474] - Components::findComponents: found baseappmgr, addr:192.168.56.1:57233
    INFO    cellapp-1 2082 8001  [2019-07-25 10:04:07 474] - Components::addComponent[baseappmgr], uid=2082, componentID=5000, globalorderid=3, grouporderid=1, totalcount=1
    INFO    cellapp-1 2082 8001  [2019-07-25 10:04:07 475] - Components::findComponents: found baseappmgr, addr:192.168.56.1:57233
 WARNING    cellapp-1 2082 8001  [2019-07-25 10:04:08 475] - EntityApp::checkTickPeriod: tick took 1160% (1.16 seconds)!
    INFO    cellapp-1 2082 8001  [2019-07-25 10:04:09 524] - Components::findComponents: register self to dbmgr...
    INFO    cellapp-1 2082 8001  [2019-07-25 10:04:09 613] - Components::findComponents: register self to cellappmgr...
    INFO    cellapp-1 2082 8001  [2019-07-25 10:04:09 624] - Components::findComponents: register self to baseappmgr...
    INFO    cellapp-1 2082 8001  [2019-07-25 10:04:09 714] - Components::process(): Found all the components!
    INFO    cellapp-1 2082 8001  [2019-07-25 10:04:10 365] - ServerApp::onRegisterNewApp: uid:2082, username:error_name, componentType:baseapp, componentID:7001, globalorderID=5, grouporderID=1, intaddr:192.168.56.1, intport:57244, extaddr:192.168.56.1, extport:20015,  from 192.168.56.1:57232/0/0/0.
    INFO    cellapp-1 2082 8001  [2019-07-25 10:04:10 365] - Components::addComponent[baseapp], uid=2082, componentID=7001, globalorderid=5, grouporderid=1, totalcount=1
    INFO    cellapp-1 2082 8001  [2019-07-25 10:04:13 383] - EntityApp::onDbmgrInitCompleted: entityID alloc(1-2001), startGlobalOrder=4, startGroupOrder=1, digest=B91EBE6B591F8BEB2E04FAF8BE8B7B2F.
    INFO    cellapp01 2082 8001  [2019-07-25 10:04:13 383] - IDClient::onAddRange: number of ids increased from 1 to 2001.
 WARNING    cellapp01 2082 8001  [2019-07-25 10:04:13 719] - BundleBroadcast::BundleBroadcast: Cannot bind to port 20849, errorno=10048
   S_DBG    cellapp01 2082 8001  [2019-07-25 10:04:14 940] - onInit::isReload:0
 WARNING    cellapp01 2082 8001  [2019-07-25 10:04:14 940] - d:\kbengine\kbe\src\lib\network\channel.cpp:1023: Profile processRecvMessages took 1.56 seconds
 WARNING    cellapp01 2082 8001  [2019-07-25 10:04:14 941] - EntityApp::checkTickPeriod: tick took 1627% (1.63 seconds)!
   DEBUG    cellapp01 2082 8001  [2019-07-25 10:04:15 014] - InitProgressHandler::~InitProgressHandler()
   S_DBG    cellapp01 2082 8001  [2019-07-25 10:04:15 537] - onGlobalData: Hall
   S_DBG    cellapp01 2082 8001  [2019-07-25 10:04:15 545] - onGlobalData: Friend
   S_DBG    cellapp01 2082 8001  [2019-07-25 10:04:15 646] - onGlobalData: Mail
   DEBUG    cellapp01 2082 8001  [2019-07-25 10:05:22 135] - Spaces::createNewSpace: new space(Room) 1.
    INFO    cellapp01 2082 8001  [2019-07-25 10:05:22 135] - EntityApp::createEntity: new Room 2007
    INFO    cellapp01 2082 8001  [2019-07-25 10:05:22 137] - KBEngine::addSpaceGeometryMapping: spaceID=1, respath=spaces/gameMap, shouldLoadOnServer=true!
   S_DBG    cellapp01 2082 8001  [2019-07-25 10:05:22 140] - player go into the roomId is 6717416133269848064
    INFO    cellapp01 2082 8001  [2019-07-25 10:05:22 141] - EntityApp::createEntity: new Account 2006
    INFO    cellapp01 2082 8001  [2019-07-25 10:05:22 213] - KBEngine::onLoadedSpaceGeometryMapping: spaceID=1, respath=spaces/gameMap!
   S_DBG    cellapp01 2082 8001  [2019-07-25 10:05:25 533] - player go into the roomId is 6717416133269848064
    INFO    cellapp01 2082 8001  [2019-07-25 10:05:25 534] - EntityApp::createEntity: new Account 2004
   S_DBG    cellapp01 2082 8001  [2019-07-25 10:05:28 033] - player go into the roomId is 6717416133269848064
    INFO    cellapp01 2082 8001  [2019-07-25 10:05:28 037] - EntityApp::createEntity: new Account 2005
   S_DBG    cellapp01 2082 8001  [2019-07-25 10:05:45 475] - shtart to play game!
   S_DBG    cellapp01 2082 8001  [2019-07-25 10:05:52 739] - update player poker
   S_DBG    cellapp01 2082 8001  [2019-07-25 10:05:52 740] - 19
   S_DBG    cellapp01 2082 8001  [2019-07-25 10:05:52 740] - 17
   S_DBG    cellapp01 2082 8001  [2019-07-25 10:05:52 740] - not equite
   S_DBG    cellapp01 2082 8001  [2019-07-25 10:06:00 522] - update player poker
   S_DBG    cellapp01 2082 8001  [2019-07-25 10:06:00 522] - 53
   S_DBG    cellapp01 2082 8001  [2019-07-25 10:06:00 522] - 52
   S_DBG    cellapp01 2082 8001  [2019-07-25 10:06:00 522] - not equite
   S_DBG    cellapp01 2082 8001  [2019-07-25 10:06:05 384] - not equite
   S_DBG    cellapp01 2082 8001  [2019-07-25 10:06:05 385] - pass play poker
   S_DBG    cellapp01 2082 8001  [2019-07-25 10:06:09 772] - equite
   S_DBG    cellapp01 2082 8001  [2019-07-25 10:06:09 772] - pass play poker
   S_DBG    cellapp01 2082 8001  [2019-07-25 10:06:16 699] - update player poker
   S_DBG    cellapp01 2082 8001  [2019-07-25 10:06:16 700] - 54
   S_DBG    cellapp01 2082 8001  [2019-07-25 10:06:16 700] - 51
   S_DBG    cellapp01 2082 8001  [2019-07-25 10:06:16 700] - 44
   S_DBG    cellapp01 2082 8001  [2019-07-25 10:06:16 700] - 43
   S_DBG    cellapp01 2082 8001  [2019-07-25 10:06:16 700] - 37
   S_DBG    cellapp01 2082 8001  [2019-07-25 10:06:16 700] - 32
   S_DBG    cellapp01 2082 8001  [2019-07-25 10:06:16 700] - not equite
   S_DBG    cellapp01 2082 8001  [2019-07-25 10:06:31 328] - update player poker
   S_DBG    cellapp01 2082 8001  [2019-07-25 10:06:31 328] - 59
   S_DBG    cellapp01 2082 8001  [2019-07-25 10:06:31 328] - 55
   S_DBG    cellapp01 2082 8001  [2019-07-25 10:06:31 328] - 49
   S_DBG    cellapp01 2082 8001  [2019-07-25 10:06:31 328] - 46
   S_DBG    cellapp01 2082 8001  [2019-07-25 10:06:31 328] - 42
   S_DBG    cellapp01 2082 8001  [2019-07-25 10:06:31 329] - 36
   S_DBG    cellapp01 2082 8001  [2019-07-25 10:06:31 329] - not equite
   S_DBG    cellapp01 2082 8001  [2019-07-25 10:06:37 155] - not equite
   S_DBG    cellapp01 2082 8001  [2019-07-25 10:06:37 156] - pass play poker
   S_DBG    cellapp01 2082 8001  [2019-07-25 10:06:39 377] - equite
   S_DBG    cellapp01 2082 8001  [2019-07-25 10:06:39 377] - pass play poker
   S_DBG    cellapp01 2082 8001  [2019-07-25 10:06:48 778] - update player poker
   S_DBG    cellapp01 2082 8001  [2019-07-25 10:06:48 779] - 30
   S_DBG    cellapp01 2082 8001  [2019-07-25 10:06:48 779] - 29
   S_DBG    cellapp01 2082 8001  [2019-07-25 10:06:48 779] - 25
   S_DBG    cellapp01 2082 8001  [2019-07-25 10:06:48 779] - 24
   S_DBG    cellapp01 2082 8001  [2019-07-25 10:06:48 779] - 23
   S_DBG    cellapp01 2082 8001  [2019-07-25 10:06:48 780] - 21
   S_DBG    cellapp01 2082 8001  [2019-07-25 10:06:48 780] - not equite
   S_DBG    cellapp01 2082 8001  [2019-07-25 10:06:52 373] - not equite
   S_DBG    cellapp01 2082 8001  [2019-07-25 10:06:52 373] - pass play poker
   S_DBG    cellapp01 2082 8001  [2019-07-25 10:06:54 127] - equite
   S_DBG    cellapp01 2082 8001  [2019-07-25 10:06:54 127] - pass play poker
   S_DBG    cellapp01 2082 8001  [2019-07-25 10:06:58 355] - update player poker
   S_DBG    cellapp01 2082 8001  [2019-07-25 10:06:58 356] - 15
   S_DBG    cellapp01 2082 8001  [2019-07-25 10:06:58 356] - 14
   S_DBG    cellapp01 2082 8001  [2019-07-25 10:06:58 356] - not equite
   S_DBG    cellapp01 2082 8001  [2019-07-25 10:07:03 256] - update player poker
   S_DBG    cellapp01 2082 8001  [2019-07-25 10:07:03 256] - 27
   S_DBG    cellapp01 2082 8001  [2019-07-25 10:07:03 256] - 26
   S_DBG    cellapp01 2082 8001  [2019-07-25 10:07:03 257] - not equite
   S_DBG    cellapp01 2082 8001  [2019-07-25 10:07:07 661] - update player poker
   S_DBG    cellapp01 2082 8001  [2019-07-25 10:07:07 661] - 58
   S_DBG    cellapp01 2082 8001  [2019-07-25 10:07:07 662] - 56
   S_DBG    cellapp01 2082 8001  [2019-07-25 10:07:07 662] - not equite
   S_DBG    cellapp01 2082 8001  [2019-07-25 10:07:11 027] - not equite
   S_DBG    cellapp01 2082 8001  [2019-07-25 10:07:11 027] - pass play poker
   S_DBG    cellapp01 2082 8001  [2019-07-25 10:07:13 390] - equite
   S_DBG    cellapp01 2082 8001  [2019-07-25 10:07:13 390] - pass play poker
   S_DBG    cellapp01 2082 8001  [2019-07-25 10:07:16 298] - update player poker
   S_DBG    cellapp01 2082 8001  [2019-07-25 10:07:16 299] - 13
   S_DBG    cellapp01 2082 8001  [2019-07-25 10:07:16 299] - 12
   S_DBG    cellapp01 2082 8001  [2019-07-25 10:07:16 299] - not equite
   S_DBG    cellapp01 2082 8001  [2019-07-25 10:07:19 654] - not equite
   S_DBG    cellapp01 2082 8001  [2019-07-25 10:07:19 655] - pass play poker
   S_DBG    cellapp01 2082 8001  [2019-07-25 10:07:22 240] - update player poker
   S_DBG    cellapp01 2082 8001  [2019-07-25 10:07:22 241] - 31
   S_DBG    cellapp01 2082 8001  [2019-07-25 10:07:22 241] - 28
   S_DBG    cellapp01 2082 8001  [2019-07-25 10:07:22 241] - not equite
   S_DBG    cellapp01 2082 8001  [2019-07-25 10:07:25 102] - update player poker
   S_DBG    cellapp01 2082 8001  [2019-07-25 10:07:25 103] - 71
   S_DBG    cellapp01 2082 8001  [2019-07-25 10:07:25 103] - 68
   S_DBG    cellapp01 2082 8001  [2019-07-25 10:07:25 103] - not equite
   S_DBG    cellapp01 2082 8001  [2019-07-25 10:07:27 642] - not equite
   S_DBG    cellapp01 2082 8001  [2019-07-25 10:07:27 643] - pass play poker
   S_DBG    cellapp01 2082 8001  [2019-07-25 10:07:30 190] - equite
   S_DBG    cellapp01 2082 8001  [2019-07-25 10:07:30 190] - pass play poker
   S_DBG    cellapp01 2082 8001  [2019-07-25 10:07:32 066] - update player poker
   S_DBG    cellapp01 2082 8001  [2019-07-25 10:07:32 067] - 18
   S_DBG    cellapp01 2082 8001  [2019-07-25 10:07:32 067] - not equite
   S_DBG    cellapp01 2082 8001  [2019-07-25 10:07:35 803] - update player poker
   S_DBG    cellapp01 2082 8001  [2019-07-25 10:07:35 804] - 41
   S_DBG    cellapp01 2082 8001  [2019-07-25 10:07:35 804] - not equite
   S_DBG    cellapp01 2082 8001  [2019-07-25 10:07:41 522] - not equite
   S_DBG    cellapp01 2082 8001  [2019-07-25 10:07:41 522] - pass play poker
   S_DBG    cellapp01 2082 8001  [2019-07-25 10:07:43 536] - equite
   S_DBG    cellapp01 2082 8001  [2019-07-25 10:07:43 536] - pass play poker
   S_DBG    cellapp01 2082 8001  [2019-07-25 10:07:47 175] - update player poker
   S_DBG    cellapp01 2082 8001  [2019-07-25 10:07:47 176] - 16
   S_DBG    cellapp01 2082 8001  [2019-07-25 10:07:47 176] - not equite
   S_DBG    cellapp01 2082 8001  [2019-07-25 10:07:49 790] - not equite
   S_DBG    cellapp01 2082 8001  [2019-07-25 10:07:49 790] - pass play poker
   S_DBG    cellapp01 2082 8001  [2019-07-25 10:07:51 636] - equite
   S_DBG    cellapp01 2082 8001  [2019-07-25 10:07:51 636] - pass play poker
   S_DBG    cellapp01 2082 8001  [2019-07-25 10:07:54 855] - update player poker
   S_DBG    cellapp01 2082 8001  [2019-07-25 10:07:54 856] - 69
   DEBUG    cellapp01 2082 8001  [2019-07-25 10:08:00 514] - Account::~Account(): 2006
   DEBUG    cellapp01 2082 8001  [2019-07-25 10:08:15 433] - WitnessedTimeoutHandler::handleTimeout: witnesseds is empty, timer is canceled!
   DEBUG    cellapp01 2082 8001  [2019-07-25 10:08:23 513] - Account::~Account(): 2004
   DEBUG    cellapp01 2082 8001  [2019-07-25 10:08:29 313] - Account::~Account(): 2005
   DEBUG    cellapp01 2082 8001  [2019-07-25 10:08:43 510] - WitnessedTimeoutHandler::handleTimeout: witnesseds is empty, timer is canceled!
