    INFO    cellapp-1 2082 8001  [2019-07-12 14:27:14 990] - -----------------------------------------------------------------------------------------


    INFO    cellapp-1 2082 8001  [2019-07-12 14:27:15 234] - Resmgr::initialize: KBE_ROOT=D:/kbengine/
    INFO    cellapp-1 2082 8001  [2019-07-12 14:27:15 234] - Resmgr::initialize: KBE_RES_PATH=D:/kbengine/kbe/res/;D:/kbengine/HappyPoker_assets/;D:/kbengine/HappyPoker_assets/scripts/;D:/kbengine/HappyPoker_assets/res/
    INFO    cellapp-1 2082 8001  [2019-07-12 14:27:15 234] - Resmgr::initialize: KBE_BIN_PATH=D:/kbengine/kbe/bin/server/
    INFO    cellapp-1 2082 8001  [2019-07-12 14:27:15 331] - NetworkInterface::initialize(INTERNAL-TCP): bound to all interfaces with default route interface on 192.168.56.1 ( 192.168.56.1:57686 )
    INFO    cellapp-1 2082 8001  [2019-07-12 14:27:15 332] - NetworkInterface::initialize(INTERNAL-TCP): address 192.168.56.1:57686, SOMAXCONN=5.
    INFO    cellapp-1 2082 8001  [2019-07-12 14:27:15 332] - server-configs:
    INFO    cellapp-1 2082 8001  [2019-07-12 14:27:15 332] - 	gameUpdateHertz : 10
    INFO    cellapp-1 2082 8001  [2019-07-12 14:27:15 358] - 	defaultViewRadius : 80
    INFO    cellapp-1 2082 8001  [2019-07-12 14:27:15 358] - 	defaultViewHysteresisArea : 5
    INFO    cellapp-1 2082 8001  [2019-07-12 14:27:15 358] - 	entryScriptFile : kbemain
    INFO    cellapp-1 2082 8001  [2019-07-12 14:27:15 358] - 	internalTcpAddr : 192.168.56.1:57686
    INFO    cellapp-1 2082 8001  [2019-07-12 14:27:15 358] - 	componentID : 8001
 WARNING    cellapp-1 2082 8001  [2019-07-12 14:27:15 358] - invalid UID(0) <= 0, please check UID for environment! automatically set to 2082.
    INFO    cellapp-1 2082 8001  [2019-07-12 14:27:15 484] - Components::findLogger: found logger, addr:192.168.56.1:57676
    INFO    cellapp-1 2082 8001  [2019-07-12 14:27:15 484] - Components::addComponent: reset orderLog, uid=2082!
    INFO    cellapp-1 2082 8001  [2019-07-12 14:27:15 484] - Components::addComponent[logger], uid=2082, componentID=2000, globalorderid=1, grouporderid=1, totalcount=1
    INFO    cellapp-1 2082 8001  [2019-07-12 14:27:15 522] - ---- cellapp Version: 2.4.5. ScriptVersion: 0.1.0. Pythoncore: 3.7.3. Protocol: C9FCABE153AC3D64A8F240810ADA666D. Config: Debug X86. Built: 09:56:57 May  8 2019. AppID: 8001. UID: 2082. PID: 14072 ----
    INFO    cellapp-1 2082 8001  [2019-07-12 14:27:15 523] - Server error_name: Intel(R) Core(TM) i5-6300HQ CPU @ 2.30GHz with 2097151kB RAM
    INFO    cellapp-1 2082 8001  [2019-07-12 14:27:15 523] - ThreadPool::createThreadPool: creating  threadpool...
    INFO    cellapp-1 2082 8001  [2019-07-12 14:27:15 524] - ThreadPool::createThreadPool: successfully(2), newThreadCount=1, normalMaxThreadCount=2, maxThreadCount=8
    INFO    cellapp-1 2082 8001  [2019-07-12 14:27:15 773] - Script::install(): is successfully, Python=(3.7.3 (default, May  8 2019, 09:53:38) [MSC v.1916 32 bit (Intel)])!
    INFO    cellapp-1 2082 8001  [2019-07-12 14:27:15 773] - Script::install(): KBExtra is successfully!
   ERROR    cellapp-1 2082 8001  [2019-07-12 14:27:15 815] - DataTypes::getDataType:not found type RRIENDDATA.
   ERROR    cellapp-1 2082 8001  [2019-07-12 14:27:15 816] - FixedArrayType::initialize: key[ARRAY] did not find type[RRIENDDATA]!
   ERROR    cellapp-1 2082 8001  [2019-07-12 14:27:15 817] - DataTypes::loadTypes: parse ARRAY [FRIENDDATALIST] error!
   ERROR    cellapp-1 2082 8001  [2019-07-12 14:27:15 818] - app::initialize(): initialization failed!
   DEBUG    cellapp-1 2082 8001  [2019-07-12 14:27:15 819] - EntityRef::destroyObjPool(): size 0.
   DEBUG    cellapp-1 2082 8001  [2019-07-12 14:27:15 819] - Witness::destroyObjPool(): size 0.
    INFO    cellapp-1 2082 8001  [2019-07-12 14:27:15 832] - Script::uninstall(): is successfully!
   DEBUG    cellapp-1 2082 8001  [2019-07-12 14:27:15 833] - ThreadPool::destroy(): starting size 2.
 WARNING    cellapp-1 2082 8001  [2019-07-12 14:27:16 135] - ThreadPool::destroy(): waiting for thread(2)[0x192e818,0x192eb58,], try=1
   DEBUG    cellapp-1 2082 8001  [2019-07-12 14:27:16 538] - TPThread::~TPThread(): 0x192e818
   DEBUG    cellapp-1 2082 8001  [2019-07-12 14:27:16 538] - TPThread::~TPThread(): 0x192eb58
   DEBUG    cellapp-1 2082 8001  [2019-07-12 14:27:16 538] - ThreadPool::destroy(): successfully!
   DEBUG    cellapp-1 2082 8001  [2019-07-12 14:27:16 563] - Bundle::destroyObjPool(): size 13.
   DEBUG    cellapp-1 2082 8001  [2019-07-12 14:27:16 564] - Channel::destroyObjPool(): size 15.
   DEBUG    cellapp-1 2082 8001  [2019-07-12 14:27:16 574] - TCPPacket::destroyObjPool(): size 0.
   DEBUG    cellapp-1 2082 8001  [2019-07-12 14:27:16 574] - UDPPacket::destroyObjPool(): size 14.
   DEBUG    cellapp-1 2082 8001  [2019-07-12 14:27:16 575] - EndPoint::destroyObjPool(): size 15.
   DEBUG    cellapp-1 2082 8001  [2019-07-12 14:27:16 575] - Address::destroyObjPool(): size 0.
   DEBUG    cellapp-1 2082 8001  [2019-07-12 14:27:16 575] - TCPPacketReceiver::destroyObjPool(): size 0.
   DEBUG    cellapp-1 2082 8001  [2019-07-12 14:27:16 575] - UDPPacketReceiver::destroyObjPool(): size 0.
    INFO    cellapp-1 2082 8001  [2019-07-12 14:36:35 138] - -----------------------------------------------------------------------------------------


    INFO    cellapp-1 2082 8001  [2019-07-12 14:36:35 138] - Resmgr::initialize: KBE_ROOT=D:/kbengine/
    INFO    cellapp-1 2082 8001  [2019-07-12 14:36:35 139] - Resmgr::initialize: KBE_RES_PATH=D:/kbengine/kbe/res/;D:/kbengine/HappyPoker_assets/;D:/kbengine/HappyPoker_assets/scripts/;D:/kbengine/HappyPoker_assets/res/
    INFO    cellapp-1 2082 8001  [2019-07-12 14:36:35 139] - Resmgr::initialize: KBE_BIN_PATH=D:/kbengine/kbe/bin/server/
    INFO    cellapp-1 2082 8001  [2019-07-12 14:36:35 179] - NetworkInterface::initialize(INTERNAL-TCP): bound to all interfaces with default route interface on 192.168.56.1 ( 192.168.56.1:57818 )
    INFO    cellapp-1 2082 8001  [2019-07-12 14:36:35 180] - NetworkInterface::initialize(INTERNAL-TCP): address 192.168.56.1:57818, SOMAXCONN=5.
    INFO    cellapp-1 2082 8001  [2019-07-12 14:36:35 180] - server-configs:
    INFO    cellapp-1 2082 8001  [2019-07-12 14:36:35 180] - 	gameUpdateHertz : 10
    INFO    cellapp-1 2082 8001  [2019-07-12 14:36:35 180] - 	defaultViewRadius : 80
    INFO    cellapp-1 2082 8001  [2019-07-12 14:36:35 180] - 	defaultViewHysteresisArea : 5
    INFO    cellapp-1 2082 8001  [2019-07-12 14:36:35 180] - 	entryScriptFile : kbemain
    INFO    cellapp-1 2082 8001  [2019-07-12 14:36:35 180] - 	internalTcpAddr : 192.168.56.1:57818
    INFO    cellapp-1 2082 8001  [2019-07-12 14:36:35 180] - 	componentID : 8001
 WARNING    cellapp-1 2082 8001  [2019-07-12 14:36:35 182] - invalid UID(0) <= 0, please check UID for environment! automatically set to 2082.
 WARNING    cellapp-1 2082 8001  [2019-07-12 14:36:35 523] - BundleBroadcast::BundleBroadcast: Cannot bind to port 20252, errorno=10048
    INFO    cellapp-1 2082 8001  [2019-07-12 14:36:35 527] - ---- cellapp Version: 2.4.5. ScriptVersion: 0.1.0. Pythoncore: 3.7.3. Protocol: C9FCABE153AC3D64A8F240810ADA666D. Config: Debug X86. Built: 09:56:57 May  8 2019. AppID: 8001. UID: 2082. PID: 5292 ----
    INFO    cellapp-1 2082 8001  [2019-07-12 14:36:35 527] - Server error_name: Intel(R) Core(TM) i5-6300HQ CPU @ 2.30GHz with 2097151kB RAM
    INFO    cellapp-1 2082 8001  [2019-07-12 14:36:35 528] - ThreadPool::createThreadPool: creating  threadpool...
    INFO    cellapp-1 2082 8001  [2019-07-12 14:36:35 528] - ThreadPool::createThreadPool: successfully(2), newThreadCount=1, normalMaxThreadCount=2, maxThreadCount=8
    INFO    cellapp-1 2082 8001  [2019-07-12 14:36:35 732] - Script::install(): is successfully, Python=(3.7.3 (default, May  8 2019, 09:53:38) [MSC v.1916 32 bit (Intel)])!
    INFO    cellapp-1 2082 8001  [2019-07-12 14:36:35 732] - Script::install(): KBExtra is successfully!
 WARNING    cellapp-1 2082 8001  [2019-07-12 14:36:35 923] - EntityDef::checkDefMethod: exposed of method: Account.leaveRoom, check the caller can use "def leaveRoom(self, callerID, ...)", such as: if callerID == self.id!
 WARNING    cellapp-1 2082 8001  [2019-07-12 14:36:35 928] - EntityDef::checkDefMethod: exposed of method: Account.playerMakeLandlord, check the caller can use "def playerMakeLandlord(self, callerID, ...)", such as: if callerID == self.id!
 WARNING    cellapp-1 2082 8001  [2019-07-12 14:36:35 932] - EntityDef::checkDefMethod: exposed of method: Account.setGameReady, check the caller can use "def setGameReady(self, callerID, ...)", such as: if callerID == self.id!
   DEBUG    cellapp-1 2082 8001  [2019-07-12 14:36:35 933] - loaded entity-script:Account(1).
 WARNING    cellapp-1 2082 8001  [2019-07-12 14:36:35 935] - EntityDef::checkDefMethod: exposed of method: Room.playPoker, check the caller can use "def playPoker(self, callerID, ...)", such as: if callerID == self.id!
 WARNING    cellapp-1 2082 8001  [2019-07-12 14:36:35 936] - EntityDef::checkDefMethod: exposed of method: Room.unPlayPoker, check the caller can use "def unPlayPoker(self, callerID, ...)", such as: if callerID == self.id!
   DEBUG    cellapp-1 2082 8001  [2019-07-12 14:36:35 936] - loaded entity-script:Room(3).
    INFO    cellapp-1 2082 8001  [2019-07-12 14:36:35 947] - TelnetServer server is running on port 50000
    INFO    cellapp-1 2082 8001  [2019-07-12 14:36:36 437] - ---- cellapp is running ----
   DEBUG    cellapp-1 2082 8001  [2019-07-12 14:36:36 438] - Components::process(): Request for the process of identity...
 WARNING    cellapp-1 2082 8001  [2019-07-12 14:36:42 602] - EntityApp::checkTickPeriod: tick took 6164% (6.16 seconds)!
    INFO    cellapp-1 2082 8001  [2019-07-12 14:36:43 662] - Components::findComponents: find logger(1)...
    INFO    cellapp-1 2082 8001  [2019-07-12 14:36:43 682] - Components::findComponents: found logger, addr:192.168.56.1:57814
    INFO    cellapp-1 2082 8001  [2019-07-12 14:36:43 682] - Components::addComponent: reset orderLog, uid=2082!
    INFO    cellapp-1 2082 8001  [2019-07-12 14:36:43 683] - Components::addComponent[logger], uid=2082, componentID=2000, globalorderid=1, grouporderid=1, totalcount=1
    INFO    cellapp-1 2082 8001  [2019-07-12 14:36:43 685] - Components::findComponents: find dbmgr(2)...
 WARNING    cellapp-1 2082 8001  [2019-07-12 14:36:44 787] - EntityApp::checkTickPeriod: tick took 1149% (1.15 seconds)!
    INFO    cellapp-1 2082 8001  [2019-07-12 14:36:45 838] - Components::findComponents: find dbmgr(3)...
 WARNING    cellapp-1 2082 8001  [2019-07-12 14:36:46 913] - EntityApp::checkTickPeriod: tick took 1174% (1.17 seconds)!
    INFO    cellapp-1 2082 8001  [2019-07-12 14:36:47 938] - Components::findComponents: find dbmgr(4)...
 WARNING    cellapp-1 2082 8001  [2019-07-12 14:36:49 037] - EntityApp::checkTickPeriod: tick took 1199% (1.20 seconds)!
    INFO    cellapp-1 2082 8001  [2019-07-12 14:36:50 038] - Components::findComponents: find dbmgr(5)...
 WARNING    cellapp-1 2082 8001  [2019-07-12 14:36:51 061] - EntityApp::checkTickPeriod: tick took 1123% (1.12 seconds)!
    INFO    cellapp-1 2082 8001  [2019-07-12 14:36:52 138] - Components::findComponents: find dbmgr(6)...
 WARNING    cellapp-1 2082 8001  [2019-07-12 14:36:53 187] - EntityApp::checkTickPeriod: tick took 1149% (1.15 seconds)!
    INFO    cellapp-1 2082 8001  [2019-07-12 14:36:54 238] - Components::findComponents: find dbmgr(7)...
 WARNING    cellapp-1 2082 8001  [2019-07-12 14:36:55 332] - EntityApp::checkTickPeriod: tick took 1193% (1.19 seconds)!
    INFO    cellapp-1 2082 8001  [2019-07-12 14:36:56 338] - Components::findComponents: find dbmgr(8)...
    INFO    cellapp-1 2082 8001  [2019-07-12 14:36:56 357] - Components::findComponents: found dbmgr, addr:192.168.56.1:57816
    INFO    cellapp-1 2082 8001  [2019-07-12 14:36:56 357] - Components::addComponent: reset orderLog, uid=2082!
    INFO    cellapp-1 2082 8001  [2019-07-12 14:36:56 357] - Components::addComponent[dbmgr], uid=2082, componentID=4000, globalorderid=1, grouporderid=1, totalcount=1
    INFO    cellapp-1 2082 8001  [2019-07-12 14:36:56 358] - Components::findComponents: found dbmgr, addr:192.168.56.1:57816
 WARNING    cellapp-1 2082 8001  [2019-07-12 14:36:57 357] - EntityApp::checkTickPeriod: tick took 1119% (1.12 seconds)!
    INFO    cellapp-1 2082 8001  [2019-07-12 14:38:31 542] - -----------------------------------------------------------------------------------------


    INFO    cellapp-1 2082 8001  [2019-07-12 14:38:31 543] - Resmgr::initialize: KBE_ROOT=D:/kbengine/
    INFO    cellapp-1 2082 8001  [2019-07-12 14:38:31 543] - Resmgr::initialize: KBE_RES_PATH=D:/kbengine/kbe/res/;D:/kbengine/HappyPoker_assets/;D:/kbengine/HappyPoker_assets/scripts/;D:/kbengine/HappyPoker_assets/res/
    INFO    cellapp-1 2082 8001  [2019-07-12 14:38:31 544] - Resmgr::initialize: KBE_BIN_PATH=D:/kbengine/kbe/bin/server/
    INFO    cellapp-1 2082 8001  [2019-07-12 14:38:31 565] - NetworkInterface::initialize(INTERNAL-TCP): bound to all interfaces with default route interface on 192.168.56.1 ( 192.168.56.1:57849 )
    INFO    cellapp-1 2082 8001  [2019-07-12 14:38:31 565] - NetworkInterface::initialize(INTERNAL-TCP): address 192.168.56.1:57849, SOMAXCONN=5.
    INFO    cellapp-1 2082 8001  [2019-07-12 14:38:31 566] - server-configs:
    INFO    cellapp-1 2082 8001  [2019-07-12 14:38:31 566] - 	gameUpdateHertz : 10
    INFO    cellapp-1 2082 8001  [2019-07-12 14:38:31 566] - 	defaultViewRadius : 80
    INFO    cellapp-1 2082 8001  [2019-07-12 14:38:31 566] - 	defaultViewHysteresisArea : 5
    INFO    cellapp-1 2082 8001  [2019-07-12 14:38:31 566] - 	entryScriptFile : kbemain
    INFO    cellapp-1 2082 8001  [2019-07-12 14:38:31 566] - 	internalTcpAddr : 192.168.56.1:57849
    INFO    cellapp-1 2082 8001  [2019-07-12 14:38:31 566] - 	componentID : 8001
 WARNING    cellapp-1 2082 8001  [2019-07-12 14:38:31 567] - invalid UID(0) <= 0, please check UID for environment! automatically set to 2082.
    INFO    cellapp-1 2082 8001  [2019-07-12 14:38:33 073] - ---- cellapp Version: 2.4.5. ScriptVersion: 0.1.0. Pythoncore: 3.7.3. Protocol: C9FCABE153AC3D64A8F240810ADA666D. Config: Debug X86. Built: 09:56:57 May  8 2019. AppID: 8001. UID: 2082. PID: 14656 ----
    INFO    cellapp-1 2082 8001  [2019-07-12 14:38:33 074] - Server error_name: Intel(R) Core(TM) i5-6300HQ CPU @ 2.30GHz with 2097151kB RAM
    INFO    cellapp-1 2082 8001  [2019-07-12 14:38:33 075] - ThreadPool::createThreadPool: creating  threadpool...
    INFO    cellapp-1 2082 8001  [2019-07-12 14:38:33 075] - ThreadPool::createThreadPool: successfully(2), newThreadCount=1, normalMaxThreadCount=2, maxThreadCount=8
    INFO    cellapp-1 2082 8001  [2019-07-12 14:38:33 279] - Script::install(): is successfully, Python=(3.7.3 (default, May  8 2019, 09:53:38) [MSC v.1916 32 bit (Intel)])!
    INFO    cellapp-1 2082 8001  [2019-07-12 14:38:33 279] - Script::install(): KBExtra is successfully!
 WARNING    cellapp-1 2082 8001  [2019-07-12 14:38:33 413] - EntityDef::checkDefMethod: exposed of method: Account.leaveRoom, check the caller can use "def leaveRoom(self, callerID, ...)", such as: if callerID == self.id!
 WARNING    cellapp-1 2082 8001  [2019-07-12 14:38:33 414] - EntityDef::checkDefMethod: exposed of method: Account.playerMakeLandlord, check the caller can use "def playerMakeLandlord(self, callerID, ...)", such as: if callerID == self.id!
 WARNING    cellapp-1 2082 8001  [2019-07-12 14:38:33 414] - EntityDef::checkDefMethod: exposed of method: Account.setGameReady, check the caller can use "def setGameReady(self, callerID, ...)", such as: if callerID == self.id!
   DEBUG    cellapp-1 2082 8001  [2019-07-12 14:38:33 414] - loaded entity-script:Account(1).
 WARNING    cellapp-1 2082 8001  [2019-07-12 14:38:33 416] - EntityDef::checkDefMethod: exposed of method: Room.playPoker, check the caller can use "def playPoker(self, callerID, ...)", such as: if callerID == self.id!
 WARNING    cellapp-1 2082 8001  [2019-07-12 14:38:33 417] - EntityDef::checkDefMethod: exposed of method: Room.unPlayPoker, check the caller can use "def unPlayPoker(self, callerID, ...)", such as: if callerID == self.id!
   DEBUG    cellapp-1 2082 8001  [2019-07-12 14:38:33 417] - loaded entity-script:Room(3).
    INFO    cellapp-1 2082 8001  [2019-07-12 14:38:33 421] - TelnetServer server is running on port 50000
    INFO    cellapp-1 2082 8001  [2019-07-12 14:38:33 907] - ---- cellapp is running ----
   DEBUG    cellapp-1 2082 8001  [2019-07-12 14:38:33 908] - Components::process(): Request for the process of identity...
 WARNING    cellapp-1 2082 8001  [2019-07-12 14:38:40 056] - EntityApp::checkTickPeriod: tick took 6149% (6.15 seconds)!
    INFO    cellapp-1 2082 8001  [2019-07-12 14:38:41 147] - Components::findComponents: find logger(1)...
    INFO    cellapp-1 2082 8001  [2019-07-12 14:38:41 204] - Components::findComponents: found logger, addr:192.168.56.1:57846
    INFO    cellapp-1 2082 8001  [2019-07-12 14:38:41 205] - Components::addComponent: reset orderLog, uid=2082!
    INFO    cellapp-1 2082 8001  [2019-07-12 14:38:41 205] - Components::addComponent[logger], uid=2082, componentID=2000, globalorderid=1, grouporderid=1, totalcount=1
    INFO    cellapp-1 2082 8001  [2019-07-12 14:38:41 206] - Components::findComponents: find dbmgr(2)...
    INFO    cellapp-1 2082 8001  [2019-07-12 14:38:41 209] - Components::findComponents: found logger, addr:192.168.56.1:57846
    INFO    cellapp-1 2082 8001  [2019-07-12 14:38:41 212] - Components::findComponents: found dbmgr, addr:192.168.56.1:57842
    INFO    cellapp-1 2082 8001  [2019-07-12 14:38:41 212] - Components::addComponent: reset orderLog, uid=2082!
    INFO    cellapp-1 2082 8001  [2019-07-12 14:38:41 212] - Components::addComponent[dbmgr], uid=2082, componentID=4000, globalorderid=1, grouporderid=1, totalcount=1
    INFO    cellapp-1 2082 8001  [2019-07-12 14:38:41 313] - Components::findComponents: found dbmgr, addr:192.168.56.1:57842
 WARNING    cellapp-1 2082 8001  [2019-07-12 14:38:42 314] - EntityApp::checkTickPeriod: tick took 1207% (1.21 seconds)!
    INFO    cellapp-1 2082 8001  [2019-07-12 14:38:43 347] - Components::findComponents: find cellappmgr(1)...
    INFO    cellapp-1 2082 8001  [2019-07-12 14:38:43 446] - Components::findComponents: found cellappmgr, addr:192.168.56.1:57843
    INFO    cellapp-1 2082 8001  [2019-07-12 14:38:43 446] - Components::addComponent[cellappmgr], uid=2082, componentID=6000, globalorderid=2, grouporderid=1, totalcount=1
    INFO    cellapp-1 2082 8001  [2019-07-12 14:38:43 447] - Components::findComponents: found cellappmgr, addr:192.168.56.1:57843
 WARNING    cellapp-1 2082 8001  [2019-07-12 14:38:44 447] - EntityApp::checkTickPeriod: tick took 1138% (1.14 seconds)!
    INFO    cellapp-1 2082 8001  [2019-07-12 14:39:52 657] - -----------------------------------------------------------------------------------------


    INFO    cellapp-1 2082 8001  [2019-07-12 14:39:52 658] - Resmgr::initialize: KBE_ROOT=D:/kbengine/
    INFO    cellapp-1 2082 8001  [2019-07-12 14:39:52 658] - Resmgr::initialize: KBE_RES_PATH=D:/kbengine/kbe/res/;D:/kbengine/HappyPoker_assets/;D:/kbengine/HappyPoker_assets/scripts/;D:/kbengine/HappyPoker_assets/res/
    INFO    cellapp-1 2082 8001  [2019-07-12 14:39:52 658] - Resmgr::initialize: KBE_BIN_PATH=D:/kbengine/kbe/bin/server/
    INFO    cellapp-1 2082 8001  [2019-07-12 14:39:52 688] - NetworkInterface::initialize(INTERNAL-TCP): bound to all interfaces with default route interface on 192.168.56.1 ( 192.168.56.1:57881 )
    INFO    cellapp-1 2082 8001  [2019-07-12 14:39:52 688] - NetworkInterface::initialize(INTERNAL-TCP): address 192.168.56.1:57881, SOMAXCONN=5.
    INFO    cellapp-1 2082 8001  [2019-07-12 14:39:52 688] - server-configs:
    INFO    cellapp-1 2082 8001  [2019-07-12 14:39:52 688] - 	gameUpdateHertz : 10
    INFO    cellapp-1 2082 8001  [2019-07-12 14:39:52 689] - 	defaultViewRadius : 80
    INFO    cellapp-1 2082 8001  [2019-07-12 14:39:52 689] - 	defaultViewHysteresisArea : 5
    INFO    cellapp-1 2082 8001  [2019-07-12 14:39:52 689] - 	entryScriptFile : kbemain
    INFO    cellapp-1 2082 8001  [2019-07-12 14:39:52 689] - 	internalTcpAddr : 192.168.56.1:57881
    INFO    cellapp-1 2082 8001  [2019-07-12 14:39:52 689] - 	componentID : 8001
 WARNING    cellapp-1 2082 8001  [2019-07-12 14:39:52 691] - invalid UID(0) <= 0, please check UID for environment! automatically set to 2082.
    INFO    cellapp-1 2082 8001  [2019-07-12 14:39:54 209] - ---- cellapp Version: 2.4.5. ScriptVersion: 0.1.0. Pythoncore: 3.7.3. Protocol: C9FCABE153AC3D64A8F240810ADA666D. Config: Debug X86. Built: 09:56:57 May  8 2019. AppID: 8001. UID: 2082. PID: 18100 ----
    INFO    cellapp-1 2082 8001  [2019-07-12 14:39:54 274] - Server error_name: Intel(R) Core(TM) i5-6300HQ CPU @ 2.30GHz with 2097151kB RAM
    INFO    cellapp-1 2082 8001  [2019-07-12 14:39:54 305] - ThreadPool::createThreadPool: creating  threadpool...
    INFO    cellapp-1 2082 8001  [2019-07-12 14:39:54 306] - ThreadPool::createThreadPool: successfully(2), newThreadCount=1, normalMaxThreadCount=2, maxThreadCount=8
    INFO    cellapp-1 2082 8001  [2019-07-12 14:39:54 593] - Script::install(): is successfully, Python=(3.7.3 (default, May  8 2019, 09:53:38) [MSC v.1916 32 bit (Intel)])!
    INFO    cellapp-1 2082 8001  [2019-07-12 14:39:54 593] - Script::install(): KBExtra is successfully!
 WARNING    cellapp-1 2082 8001  [2019-07-12 14:39:54 843] - EntityDef::checkDefMethod: exposed of method: Account.leaveRoom, check the caller can use "def leaveRoom(self, callerID, ...)", such as: if callerID == self.id!
 WARNING    cellapp-1 2082 8001  [2019-07-12 14:39:54 847] - EntityDef::checkDefMethod: exposed of method: Account.playerMakeLandlord, check the caller can use "def playerMakeLandlord(self, callerID, ...)", such as: if callerID == self.id!
 WARNING    cellapp-1 2082 8001  [2019-07-12 14:39:54 849] - EntityDef::checkDefMethod: exposed of method: Account.setGameReady, check the caller can use "def setGameReady(self, callerID, ...)", such as: if callerID == self.id!
   DEBUG    cellapp-1 2082 8001  [2019-07-12 14:39:54 849] - loaded entity-script:Account(1).
 WARNING    cellapp-1 2082 8001  [2019-07-12 14:39:54 851] - EntityDef::checkDefMethod: exposed of method: Room.playPoker, check the caller can use "def playPoker(self, callerID, ...)", such as: if callerID == self.id!
 WARNING    cellapp-1 2082 8001  [2019-07-12 14:39:54 852] - EntityDef::checkDefMethod: exposed of method: Room.unPlayPoker, check the caller can use "def unPlayPoker(self, callerID, ...)", such as: if callerID == self.id!
   DEBUG    cellapp-1 2082 8001  [2019-07-12 14:39:54 852] - loaded entity-script:Room(3).
    INFO    cellapp-1 2082 8001  [2019-07-12 14:39:54 856] - TelnetServer server is running on port 50000
    INFO    cellapp-1 2082 8001  [2019-07-12 14:39:55 278] - ---- cellapp is running ----
   DEBUG    cellapp-1 2082 8001  [2019-07-12 14:39:55 279] - Components::process(): Request for the process of identity...
 WARNING    cellapp-1 2082 8001  [2019-07-12 14:40:01 385] - EntityApp::checkTickPeriod: tick took 6106% (6.11 seconds)!
    INFO    cellapp-1 2082 8001  [2019-07-12 14:40:02 465] - Components::findComponents: find logger(1)...
    INFO    cellapp-1 2082 8001  [2019-07-12 14:40:02 540] - Components::findComponents: found logger, addr:192.168.56.1:57877
    INFO    cellapp-1 2082 8001  [2019-07-12 14:40:02 540] - Components::addComponent: reset orderLog, uid=2082!
    INFO    cellapp-1 2082 8001  [2019-07-12 14:40:02 540] - Components::addComponent[logger], uid=2082, componentID=2000, globalorderid=1, grouporderid=1, totalcount=1
    INFO    cellapp-1 2082 8001  [2019-07-12 14:40:02 542] - Components::findComponents: find dbmgr(2)...
    INFO    cellapp-1 2082 8001  [2019-07-12 14:40:02 644] - Components::findComponents: found dbmgr, addr:192.168.56.1:57882
    INFO    cellapp-1 2082 8001  [2019-07-12 14:40:02 645] - Components::addComponent: reset orderLog, uid=2082!
    INFO    cellapp-1 2082 8001  [2019-07-12 14:40:02 645] - Components::addComponent[dbmgr], uid=2082, componentID=4000, globalorderid=1, grouporderid=1, totalcount=1
    INFO    cellapp-1 2082 8001  [2019-07-12 14:40:02 645] - Components::findComponents: found dbmgr, addr:192.168.56.1:57882
 WARNING    cellapp-1 2082 8001  [2019-07-12 14:40:03 647] - EntityApp::checkTickPeriod: tick took 1269% (1.27 seconds)!
    INFO    cellapp-1 2082 8001  [2019-07-12 14:40:04 664] - Components::findComponents: find cellappmgr(1)...
    INFO    cellapp-1 2082 8001  [2019-07-12 14:40:04 673] - Components::findComponents: found cellappmgr, addr:192.168.56.1:57878
    INFO    cellapp-1 2082 8001  [2019-07-12 14:40:04 673] - Components::addComponent[cellappmgr], uid=2082, componentID=6000, globalorderid=2, grouporderid=1, totalcount=1
    INFO    cellapp-1 2082 8001  [2019-07-12 14:40:04 673] - Components::findComponents: found cellappmgr, addr:192.168.56.1:57878
 WARNING    cellapp-1 2082 8001  [2019-07-12 14:40:05 674] - EntityApp::checkTickPeriod: tick took 1095% (1.10 seconds)!
    INFO    cellapp-1 2082 8001  [2019-07-12 14:40:06 678] - Components::findComponents: find baseappmgr(1)...
    INFO    cellapp-1 2082 8001  [2019-07-12 14:40:06 691] - Components::findComponents: found baseappmgr, addr:192.168.56.1:57879
    INFO    cellapp-1 2082 8001  [2019-07-12 14:40:06 691] - Components::addComponent[baseappmgr], uid=2082, componentID=5000, globalorderid=3, grouporderid=1, totalcount=1
    INFO    cellapp-1 2082 8001  [2019-07-12 14:40:06 692] - Components::findComponents: found baseappmgr, addr:192.168.56.1:57879
 WARNING    cellapp-1 2082 8001  [2019-07-12 14:40:07 692] - EntityApp::checkTickPeriod: tick took 1114% (1.11 seconds)!
    INFO    cellapp-1 2082 8001  [2019-07-12 14:40:08 865] - Components::findComponents: register self to dbmgr...
    INFO    cellapp-1 2082 8001  [2019-07-12 14:40:08 878] - Components::findComponents: register self to cellappmgr...
    INFO    cellapp-1 2082 8001  [2019-07-12 14:40:08 956] - Components::findComponents: register self to baseappmgr...
    INFO    cellapp-1 2082 8001  [2019-07-12 14:40:08 962] - ServerApp::onRegisterNewApp: uid:2082, username:error_name, componentType:baseapp, componentID:7001, globalorderID=-1, grouporderID=-1, intaddr:192.168.56.1, intport:57884, extaddr:192.168.56.1, extport:20015,  from 192.168.56.1:57909/0/0/0.
    INFO    cellapp-1 2082 8001  [2019-07-12 14:40:08 962] - Components::addComponent[baseapp], uid=2082, componentID=7001, globalorderid=4, grouporderid=1, totalcount=1
    INFO    cellapp-1 2082 8001  [2019-07-12 14:40:08 962] - ServerApp::onRegisterNewApp: uid:2082, username:error_name, componentType:baseapp, componentID:7001, globalorderID=-1, grouporderID=-1, intaddr:192.168.56.1, intport:57884, extaddr:192.168.56.1, extport:20015,  from 192.168.56.1:57909/0/0/0.
    INFO    cellapp-1 2082 8001  [2019-07-12 14:40:08 963] - Components::process(): Found all the components!
    INFO    cellapp-1 2082 8001  [2019-07-12 14:40:11 905] - EntityApp::onDbmgrInitCompleted: entityID alloc(2001-4001), startGlobalOrder=5, startGroupOrder=1, digest=1BE7EC745EA929C159CB6BB61831BFA2.
    INFO    cellapp01 2082 8001  [2019-07-12 14:40:11 905] - IDClient::onAddRange: number of ids increased from 2001 to 4001.
 WARNING    cellapp01 2082 8001  [2019-07-12 14:40:12 241] - BundleBroadcast::BundleBroadcast: Cannot bind to port 20886, errorno=10048
   S_DBG    cellapp01 2082 8001  [2019-07-12 14:40:13 458] - onInit::isReload:0
 WARNING    cellapp01 2082 8001  [2019-07-12 14:40:13 458] - d:\kbengine\kbe\src\lib\network\channel.cpp:1023: Profile processRecvMessages took 1.55 seconds
 WARNING    cellapp01 2082 8001  [2019-07-12 14:40:13 459] - EntityApp::checkTickPeriod: tick took 1580% (1.58 seconds)!
   DEBUG    cellapp01 2082 8001  [2019-07-12 14:40:13 468] - InitProgressHandler::~InitProgressHandler()
   S_DBG    cellapp01 2082 8001  [2019-07-12 14:40:14 239] - onGlobalData: Hall
    INFO    cellapp-1 2082 8001  [2019-07-12 14:49:19 824] - -----------------------------------------------------------------------------------------


    INFO    cellapp-1 2082 8001  [2019-07-12 14:49:19 827] - Resmgr::initialize: KBE_ROOT=D:/kbengine/
    INFO    cellapp-1 2082 8001  [2019-07-12 14:49:19 827] - Resmgr::initialize: KBE_RES_PATH=D:/kbengine/kbe/res/;D:/kbengine/HappyPoker_assets/;D:/kbengine/HappyPoker_assets/scripts/;D:/kbengine/HappyPoker_assets/res/
    INFO    cellapp-1 2082 8001  [2019-07-12 14:49:19 827] - Resmgr::initialize: KBE_BIN_PATH=D:/kbengine/kbe/bin/server/
    INFO    cellapp-1 2082 8001  [2019-07-12 14:49:19 876] - NetworkInterface::initialize(INTERNAL-TCP): bound to all interfaces with default route interface on 192.168.56.1 ( 192.168.56.1:57970 )
    INFO    cellapp-1 2082 8001  [2019-07-12 14:49:19 877] - NetworkInterface::initialize(INTERNAL-TCP): address 192.168.56.1:57970, SOMAXCONN=5.
    INFO    cellapp-1 2082 8001  [2019-07-12 14:49:19 877] - server-configs:
    INFO    cellapp-1 2082 8001  [2019-07-12 14:49:19 877] - 	gameUpdateHertz : 10
    INFO    cellapp-1 2082 8001  [2019-07-12 14:49:19 877] - 	defaultViewRadius : 80
    INFO    cellapp-1 2082 8001  [2019-07-12 14:49:19 877] - 	defaultViewHysteresisArea : 5
    INFO    cellapp-1 2082 8001  [2019-07-12 14:49:19 877] - 	entryScriptFile : kbemain
    INFO    cellapp-1 2082 8001  [2019-07-12 14:49:19 878] - 	internalTcpAddr : 192.168.56.1:57970
    INFO    cellapp-1 2082 8001  [2019-07-12 14:49:19 878] - 	componentID : 8001
 WARNING    cellapp-1 2082 8001  [2019-07-12 14:49:19 878] - invalid UID(0) <= 0, please check UID for environment! automatically set to 2082.
    INFO    cellapp-1 2082 8001  [2019-07-12 14:49:21 384] - ---- cellapp Version: 2.4.5. ScriptVersion: 0.1.0. Pythoncore: 3.7.3. Protocol: C9FCABE153AC3D64A8F240810ADA666D. Config: Debug X86. Built: 09:56:57 May  8 2019. AppID: 8001. UID: 2082. PID: 10520 ----
    INFO    cellapp-1 2082 8001  [2019-07-12 14:49:21 384] - Server error_name: Intel(R) Core(TM) i5-6300HQ CPU @ 2.30GHz with 2097151kB RAM
    INFO    cellapp-1 2082 8001  [2019-07-12 14:49:21 385] - ThreadPool::createThreadPool: creating  threadpool...
    INFO    cellapp-1 2082 8001  [2019-07-12 14:49:21 386] - ThreadPool::createThreadPool: successfully(2), newThreadCount=1, normalMaxThreadCount=2, maxThreadCount=8
    INFO    cellapp-1 2082 8001  [2019-07-12 14:49:21 613] - Script::install(): is successfully, Python=(3.7.3 (default, May  8 2019, 09:53:38) [MSC v.1916 32 bit (Intel)])!
    INFO    cellapp-1 2082 8001  [2019-07-12 14:49:21 613] - Script::install(): KBExtra is successfully!
 WARNING    cellapp-1 2082 8001  [2019-07-12 14:49:21 850] - EntityDef::checkDefMethod: exposed of method: Account.leaveRoom, check the caller can use "def leaveRoom(self, callerID, ...)", such as: if callerID == self.id!
 WARNING    cellapp-1 2082 8001  [2019-07-12 14:49:21 860] - EntityDef::checkDefMethod: exposed of method: Account.playerMakeLandlord, check the caller can use "def playerMakeLandlord(self, callerID, ...)", such as: if callerID == self.id!
 WARNING    cellapp-1 2082 8001  [2019-07-12 14:49:21 893] - EntityDef::checkDefMethod: exposed of method: Account.setGameReady, check the caller can use "def setGameReady(self, callerID, ...)", such as: if callerID == self.id!
   DEBUG    cellapp-1 2082 8001  [2019-07-12 14:49:21 912] - loaded entity-script:Account(1).
 WARNING    cellapp-1 2082 8001  [2019-07-12 14:49:21 914] - EntityDef::checkDefMethod: exposed of method: Room.playPoker, check the caller can use "def playPoker(self, callerID, ...)", such as: if callerID == self.id!
 WARNING    cellapp-1 2082 8001  [2019-07-12 14:49:21 919] - EntityDef::checkDefMethod: exposed of method: Room.unPlayPoker, check the caller can use "def unPlayPoker(self, callerID, ...)", such as: if callerID == self.id!
   DEBUG    cellapp-1 2082 8001  [2019-07-12 14:49:21 920] - loaded entity-script:Room(3).
    INFO    cellapp-1 2082 8001  [2019-07-12 14:49:21 923] - TelnetServer server is running on port 50000
    INFO    cellapp-1 2082 8001  [2019-07-12 14:49:22 345] - ---- cellapp is running ----
   DEBUG    cellapp-1 2082 8001  [2019-07-12 14:49:22 345] - Components::process(): Request for the process of identity...
 WARNING    cellapp-1 2082 8001  [2019-07-12 14:49:28 456] - EntityApp::checkTickPeriod: tick took 6111% (6.11 seconds)!
 WARNING    cellapp-1 2082 8001  [2019-07-12 14:49:28 462] - TCPPacketReceiver::processPendingEvents(192.168.56.1:57985): Throwing REASON_GENERAL_NETWORK - WSAECONNABORTED
    INFO    cellapp-1 2082 8001  [2019-07-12 14:49:29 546] - Components::findComponents: find logger(1)...
    INFO    cellapp-1 2082 8001  [2019-07-12 14:49:29 565] - Components::findComponents: found logger, addr:192.168.56.1:57971
    INFO    cellapp-1 2082 8001  [2019-07-12 14:49:29 565] - Components::addComponent: reset orderLog, uid=2082!
    INFO    cellapp-1 2082 8001  [2019-07-12 14:49:29 565] - Components::addComponent[logger], uid=2082, componentID=2000, globalorderid=1, grouporderid=1, totalcount=1
    INFO    cellapp-1 2082 8001  [2019-07-12 14:49:29 567] - Components::findComponents: find dbmgr(2)...
    INFO    cellapp-1 2082 8001  [2019-07-12 14:49:29 670] - Components::findComponents: found dbmgr, addr:192.168.56.1:57966
    INFO    cellapp-1 2082 8001  [2019-07-12 14:49:29 670] - Components::addComponent: reset orderLog, uid=2082!
    INFO    cellapp-1 2082 8001  [2019-07-12 14:49:29 671] - Components::addComponent[dbmgr], uid=2082, componentID=4000, globalorderid=1, grouporderid=1, totalcount=1
    INFO    cellapp-1 2082 8001  [2019-07-12 14:49:29 671] - Components::findComponents: found dbmgr, addr:192.168.56.1:57966
 WARNING    cellapp-1 2082 8001  [2019-07-12 14:49:30 672] - EntityApp::checkTickPeriod: tick took 1226% (1.23 seconds)!
    INFO    cellapp-1 2082 8001  [2019-07-12 14:49:31 745] - Components::findComponents: find cellappmgr(1)...
    INFO    cellapp-1 2082 8001  [2019-07-12 14:49:31 812] - Components::findComponents: found cellappmgr, addr:192.168.56.1:57967
    INFO    cellapp-1 2082 8001  [2019-07-12 14:49:31 812] - Components::addComponent[cellappmgr], uid=2082, componentID=6000, globalorderid=2, grouporderid=1, totalcount=1
    INFO    cellapp-1 2082 8001  [2019-07-12 14:49:31 813] - Components::findComponents: found cellappmgr, addr:192.168.56.1:57967
 WARNING    cellapp-1 2082 8001  [2019-07-12 14:49:32 813] - EntityApp::checkTickPeriod: tick took 1167% (1.17 seconds)!
    INFO    cellapp-1 2082 8001  [2019-07-12 14:49:33 845] - Components::findComponents: find baseappmgr(1)...
    INFO    cellapp-1 2082 8001  [2019-07-12 14:49:33 930] - Components::findComponents: found baseappmgr, addr:192.168.56.1:57964
    INFO    cellapp-1 2082 8001  [2019-07-12 14:49:33 930] - Components::addComponent[baseappmgr], uid=2082, componentID=5000, globalorderid=3, grouporderid=1, totalcount=1
    INFO    cellapp-1 2082 8001  [2019-07-12 14:49:33 931] - Components::findComponents: found baseappmgr, addr:192.168.56.1:57964
 WARNING    cellapp-1 2082 8001  [2019-07-12 14:49:34 932] - EntityApp::checkTickPeriod: tick took 1186% (1.19 seconds)!
    INFO    cellapp-1 2082 8001  [2019-07-12 14:49:36 044] - Components::findComponents: register self to dbmgr...
    INFO    cellapp-1 2082 8001  [2019-07-12 14:49:36 047] - Components::findComponents: register self to cellappmgr...
    INFO    cellapp-1 2082 8001  [2019-07-12 14:49:36 048] - ServerApp::onRegisterNewApp: uid:2082, username:error_name, componentType:baseapp, componentID:7001, globalorderID=-1, grouporderID=-1, intaddr:192.168.56.1, intport:57965, extaddr:192.168.56.1, extport:20015,  from 192.168.56.1:58010/0/0/0.
    INFO    cellapp-1 2082 8001  [2019-07-12 14:49:36 048] - Components::addComponent[baseapp], uid=2082, componentID=7001, globalorderid=4, grouporderid=1, totalcount=1
    INFO    cellapp-1 2082 8001  [2019-07-12 14:49:36 048] - ServerApp::onRegisterNewApp: uid:2082, username:error_name, componentType:baseapp, componentID:7001, globalorderID=-1, grouporderID=-1, intaddr:192.168.56.1, intport:57965, extaddr:192.168.56.1, extport:20015,  from 192.168.56.1:58010/0/0/0.
    INFO    cellapp-1 2082 8001  [2019-07-12 14:49:36 049] - Components::findComponents: register self to baseappmgr...
    INFO    cellapp-1 2082 8001  [2019-07-12 14:49:36 054] - Components::process(): Found all the components!
    INFO    cellapp-1 2082 8001  [2019-07-12 14:49:39 059] - EntityApp::onDbmgrInitCompleted: entityID alloc(2001-4001), startGlobalOrder=5, startGroupOrder=1, digest=1BE7EC745EA929C159CB6BB61831BFA2.
    INFO    cellapp01 2082 8001  [2019-07-12 14:49:39 059] - IDClient::onAddRange: number of ids increased from 2001 to 4001.
 WARNING    cellapp01 2082 8001  [2019-07-12 14:49:39 393] - BundleBroadcast::BundleBroadcast: Cannot bind to port 20207, errorno=10048
 WARNING    cellapp01 2082 8001  [2019-07-12 14:49:40 341] - BundleBroadcast::BundleBroadcast: Cannot bind to port 20266, errorno=10048
   S_DBG    cellapp01 2082 8001  [2019-07-12 14:49:40 957] - onInit::isReload:0
 WARNING    cellapp01 2082 8001  [2019-07-12 14:49:40 957] - d:\kbengine\kbe\src\lib\network\channel.cpp:1023: Profile processRecvMessages took 1.90 seconds
   S_DBG    cellapp01 2082 8001  [2019-07-12 14:49:40 958] - onGlobalData: Hall
 WARNING    cellapp01 2082 8001  [2019-07-12 14:49:40 958] - EntityApp::checkTickPeriod: tick took 1913% (1.91 seconds)!
   DEBUG    cellapp01 2082 8001  [2019-07-12 14:49:41 045] - InitProgressHandler::~InitProgressHandler()
    INFO    cellapp-1 2082 8001  [2019-07-12 14:50:19 579] - -----------------------------------------------------------------------------------------


    INFO    cellapp-1 2082 8001  [2019-07-12 14:50:19 580] - Resmgr::initialize: KBE_ROOT=D:/kbengine/
    INFO    cellapp-1 2082 8001  [2019-07-12 14:50:19 580] - Resmgr::initialize: KBE_RES_PATH=D:/kbengine/kbe/res/;D:/kbengine/HappyPoker_assets/;D:/kbengine/HappyPoker_assets/scripts/;D:/kbengine/HappyPoker_assets/res/
    INFO    cellapp-1 2082 8001  [2019-07-12 14:50:19 581] - Resmgr::initialize: KBE_BIN_PATH=D:/kbengine/kbe/bin/server/
    INFO    cellapp-1 2082 8001  [2019-07-12 14:50:19 615] - NetworkInterface::initialize(INTERNAL-TCP): bound to all interfaces with default route interface on 192.168.56.1 ( 192.168.56.1:58018 )
    INFO    cellapp-1 2082 8001  [2019-07-12 14:50:19 615] - NetworkInterface::initialize(INTERNAL-TCP): address 192.168.56.1:58018, SOMAXCONN=5.
    INFO    cellapp-1 2082 8001  [2019-07-12 14:50:19 615] - server-configs:
    INFO    cellapp-1 2082 8001  [2019-07-12 14:50:19 615] - 	gameUpdateHertz : 10
    INFO    cellapp-1 2082 8001  [2019-07-12 14:50:19 615] - 	defaultViewRadius : 80
    INFO    cellapp-1 2082 8001  [2019-07-12 14:50:19 616] - 	defaultViewHysteresisArea : 5
    INFO    cellapp-1 2082 8001  [2019-07-12 14:50:19 616] - 	entryScriptFile : kbemain
    INFO    cellapp-1 2082 8001  [2019-07-12 14:50:19 616] - 	internalTcpAddr : 192.168.56.1:58018
    INFO    cellapp-1 2082 8001  [2019-07-12 14:50:19 616] - 	componentID : 8001
 WARNING    cellapp-1 2082 8001  [2019-07-12 14:50:19 618] - invalid UID(0) <= 0, please check UID for environment! automatically set to 2082.
    INFO    cellapp-1 2082 8001  [2019-07-12 14:50:21 124] - ---- cellapp Version: 2.4.5. ScriptVersion: 0.1.0. Pythoncore: 3.7.3. Protocol: C9FCABE153AC3D64A8F240810ADA666D. Config: Debug X86. Built: 09:56:57 May  8 2019. AppID: 8001. UID: 2082. PID: 11972 ----
    INFO    cellapp-1 2082 8001  [2019-07-12 14:50:21 124] - Server error_name: Intel(R) Core(TM) i5-6300HQ CPU @ 2.30GHz with 2097151kB RAM
    INFO    cellapp-1 2082 8001  [2019-07-12 14:50:21 125] - ThreadPool::createThreadPool: creating  threadpool...
    INFO    cellapp-1 2082 8001  [2019-07-12 14:50:21 125] - ThreadPool::createThreadPool: successfully(2), newThreadCount=1, normalMaxThreadCount=2, maxThreadCount=8
    INFO    cellapp-1 2082 8001  [2019-07-12 14:50:21 370] - Script::install(): is successfully, Python=(3.7.3 (default, May  8 2019, 09:53:38) [MSC v.1916 32 bit (Intel)])!
    INFO    cellapp-1 2082 8001  [2019-07-12 14:50:21 370] - Script::install(): KBExtra is successfully!
 WARNING    cellapp-1 2082 8001  [2019-07-12 14:50:21 529] - EntityDef::checkDefMethod: exposed of method: Account.leaveRoom, check the caller can use "def leaveRoom(self, callerID, ...)", such as: if callerID == self.id!
 WARNING    cellapp-1 2082 8001  [2019-07-12 14:50:21 547] - EntityDef::checkDefMethod: exposed of method: Account.playerMakeLandlord, check the caller can use "def playerMakeLandlord(self, callerID, ...)", such as: if callerID == self.id!
 WARNING    cellapp-1 2082 8001  [2019-07-12 14:50:21 560] - EntityDef::checkDefMethod: exposed of method: Account.setGameReady, check the caller can use "def setGameReady(self, callerID, ...)", such as: if callerID == self.id!
   DEBUG    cellapp-1 2082 8001  [2019-07-12 14:50:21 561] - loaded entity-script:Account(1).
 WARNING    cellapp-1 2082 8001  [2019-07-12 14:50:21 563] - EntityDef::checkDefMethod: exposed of method: Room.playPoker, check the caller can use "def playPoker(self, callerID, ...)", such as: if callerID == self.id!
 WARNING    cellapp-1 2082 8001  [2019-07-12 14:50:21 563] - EntityDef::checkDefMethod: exposed of method: Room.unPlayPoker, check the caller can use "def unPlayPoker(self, callerID, ...)", such as: if callerID == self.id!
   DEBUG    cellapp-1 2082 8001  [2019-07-12 14:50:21 563] - loaded entity-script:Room(3).
    INFO    cellapp-1 2082 8001  [2019-07-12 14:50:21 566] - TelnetServer server is running on port 50000
    INFO    cellapp-1 2082 8001  [2019-07-12 14:50:22 007] - ---- cellapp is running ----
   DEBUG    cellapp-1 2082 8001  [2019-07-12 14:50:22 008] - Components::process(): Request for the process of identity...
 WARNING    cellapp-1 2082 8001  [2019-07-12 14:50:28 109] - EntityApp::checkTickPeriod: tick took 6102% (6.10 seconds)!
 WARNING    cellapp-1 2082 8001  [2019-07-12 14:50:28 114] - TCPPacketReceiver::processPendingEvents(192.168.56.1:58037): Throwing REASON_GENERAL_NETWORK - WSAECONNABORTED
    INFO    cellapp-1 2082 8001  [2019-07-12 14:50:29 195] - Components::findComponents: find logger(1)...
    INFO    cellapp-1 2082 8001  [2019-07-12 14:50:29 272] - Components::findComponents: found logger, addr:192.168.56.1:58017
    INFO    cellapp-1 2082 8001  [2019-07-12 14:50:29 272] - Components::addComponent: reset orderLog, uid=2082!
    INFO    cellapp-1 2082 8001  [2019-07-12 14:50:29 272] - Components::addComponent[logger], uid=2082, componentID=2000, globalorderid=1, grouporderid=1, totalcount=1
    INFO    cellapp-1 2082 8001  [2019-07-12 14:50:29 274] - Components::findComponents: find dbmgr(2)...
    INFO    cellapp-1 2082 8001  [2019-07-12 14:50:29 278] - Components::findComponents: found logger, addr:192.168.56.1:58017
    INFO    cellapp-1 2082 8001  [2019-07-12 14:50:29 280] - Components::findComponents: found dbmgr, addr:192.168.56.1:58020
    INFO    cellapp-1 2082 8001  [2019-07-12 14:50:29 280] - Components::addComponent: reset orderLog, uid=2082!
    INFO    cellapp-1 2082 8001  [2019-07-12 14:50:29 280] - Components::addComponent[dbmgr], uid=2082, componentID=4000, globalorderid=1, grouporderid=1, totalcount=1
    INFO    cellapp-1 2082 8001  [2019-07-12 14:50:29 381] - Components::findComponents: found dbmgr, addr:192.168.56.1:58020
 WARNING    cellapp-1 2082 8001  [2019-07-12 14:50:30 382] - EntityApp::checkTickPeriod: tick took 1274% (1.27 seconds)!
    INFO    cellapp-1 2082 8001  [2019-07-12 14:50:31 394] - Components::findComponents: find cellappmgr(1)...
    INFO    cellapp-1 2082 8001  [2019-07-12 14:50:31 413] - Components::findComponents: found cellappmgr, addr:192.168.56.1:58015
    INFO    cellapp-1 2082 8001  [2019-07-12 14:50:31 413] - Components::addComponent[cellappmgr], uid=2082, componentID=6000, globalorderid=2, grouporderid=1, totalcount=1
    INFO    cellapp-1 2082 8001  [2019-07-12 14:50:31 414] - Components::findComponents: found cellappmgr, addr:192.168.56.1:58015
 WARNING    cellapp-1 2082 8001  [2019-07-12 14:50:32 415] - EntityApp::checkTickPeriod: tick took 1107% (1.11 seconds)!
    INFO    cellapp-1 2082 8001  [2019-07-12 14:50:33 494] - Components::findComponents: find baseappmgr(1)...
    INFO    cellapp-1 2082 8001  [2019-07-12 14:50:33 537] - Components::findComponents: found baseappmgr, addr:192.168.56.1:58019
    INFO    cellapp-1 2082 8001  [2019-07-12 14:50:33 537] - Components::addComponent[baseappmgr], uid=2082, componentID=5000, globalorderid=3, grouporderid=1, totalcount=1
    INFO    cellapp-1 2082 8001  [2019-07-12 14:50:33 537] - Components::findComponents: found baseappmgr, addr:192.168.56.1:58019
 WARNING    cellapp-1 2082 8001  [2019-07-12 14:50:34 538] - EntityApp::checkTickPeriod: tick took 1131% (1.13 seconds)!
    INFO    cellapp-1 2082 8001  [2019-07-12 14:50:35 608] - Components::findComponents: register self to dbmgr...
    INFO    cellapp-1 2082 8001  [2019-07-12 14:50:35 611] - Components::findComponents: register self to cellappmgr...
    INFO    cellapp-1 2082 8001  [2019-07-12 14:50:35 612] - ServerApp::onRegisterNewApp: uid:2082, username:error_name, componentType:baseapp, componentID:7001, globalorderID=-1, grouporderID=-1, intaddr:192.168.56.1, intport:58021, extaddr:192.168.56.1, extport:20015,  from 192.168.56.1:58061/0/0/0.
    INFO    cellapp-1 2082 8001  [2019-07-12 14:50:35 612] - Components::addComponent[baseapp], uid=2082, componentID=7001, globalorderid=4, grouporderid=1, totalcount=1
    INFO    cellapp-1 2082 8001  [2019-07-12 14:50:35 612] - ServerApp::onRegisterNewApp: uid:2082, username:error_name, componentType:baseapp, componentID:7001, globalorderID=-1, grouporderID=-1, intaddr:192.168.56.1, intport:58021, extaddr:192.168.56.1, extport:20015,  from 192.168.56.1:58061/0/0/0.
    INFO    cellapp-1 2082 8001  [2019-07-12 14:50:35 612] - Components::findComponents: register self to baseappmgr...
    INFO    cellapp-1 2082 8001  [2019-07-12 14:50:35 695] - Components::process(): Found all the components!
    INFO    cellapp-1 2082 8001  [2019-07-12 14:50:38 615] - EntityApp::onDbmgrInitCompleted: entityID alloc(2001-4001), startGlobalOrder=5, startGroupOrder=1, digest=1BE7EC745EA929C159CB6BB61831BFA2.
    INFO    cellapp01 2082 8001  [2019-07-12 14:50:38 615] - IDClient::onAddRange: number of ids increased from 2001 to 4001.
 WARNING    cellapp01 2082 8001  [2019-07-12 14:50:38 946] - BundleBroadcast::BundleBroadcast: Cannot bind to port 20051, errorno=10048
 WARNING    cellapp01 2082 8001  [2019-07-12 14:50:39 288] - BundleBroadcast::BundleBroadcast: Cannot bind to port 20174, errorno=10048
   S_DBG    cellapp01 2082 8001  [2019-07-12 14:50:40 510] - onInit::isReload:0
 WARNING    cellapp01 2082 8001  [2019-07-12 14:50:40 510] - d:\kbengine\kbe\src\lib\network\channel.cpp:1023: Profile processRecvMessages took 1.89 seconds
   S_DBG    cellapp01 2082 8001  [2019-07-12 14:50:40 510] - onGlobalData: Hall
   S_DBG    cellapp01 2082 8001  [2019-07-12 14:50:40 510] - onGlobalData: Friend
   S_DBG    cellapp01 2082 8001  [2019-07-12 14:50:40 510] - onGlobalData: Mail
 WARNING    cellapp01 2082 8001  [2019-07-12 14:50:40 511] - EntityApp::checkTickPeriod: tick took 1903% (1.90 seconds)!
   DEBUG    cellapp01 2082 8001  [2019-07-12 14:50:40 514] - InitProgressHandler::~InitProgressHandler()
    INFO    cellapp-1 2082 8001  [2019-07-12 14:53:28 459] - -----------------------------------------------------------------------------------------


    INFO    cellapp-1 2082 8001  [2019-07-12 14:53:28 460] - Resmgr::initialize: KBE_ROOT=D:/kbengine/
    INFO    cellapp-1 2082 8001  [2019-07-12 14:53:28 460] - Resmgr::initialize: KBE_RES_PATH=D:/kbengine/kbe/res/;D:/kbengine/HappyPoker_assets/;D:/kbengine/HappyPoker_assets/scripts/;D:/kbengine/HappyPoker_assets/res/
    INFO    cellapp-1 2082 8001  [2019-07-12 14:53:28 460] - Resmgr::initialize: KBE_BIN_PATH=D:/kbengine/kbe/bin/server/
    INFO    cellapp-1 2082 8001  [2019-07-12 14:53:28 496] - NetworkInterface::initialize(INTERNAL-TCP): bound to all interfaces with default route interface on 192.168.56.1 ( 192.168.56.1:58079 )
    INFO    cellapp-1 2082 8001  [2019-07-12 14:53:28 496] - NetworkInterface::initialize(INTERNAL-TCP): address 192.168.56.1:58079, SOMAXCONN=5.
    INFO    cellapp-1 2082 8001  [2019-07-12 14:53:28 496] - server-configs:
    INFO    cellapp-1 2082 8001  [2019-07-12 14:53:28 496] - 	gameUpdateHertz : 10
    INFO    cellapp-1 2082 8001  [2019-07-12 14:53:28 497] - 	defaultViewRadius : 80
    INFO    cellapp-1 2082 8001  [2019-07-12 14:53:28 497] - 	defaultViewHysteresisArea : 5
    INFO    cellapp-1 2082 8001  [2019-07-12 14:53:28 497] - 	entryScriptFile : kbemain
    INFO    cellapp-1 2082 8001  [2019-07-12 14:53:28 497] - 	internalTcpAddr : 192.168.56.1:58079
    INFO    cellapp-1 2082 8001  [2019-07-12 14:53:28 497] - 	componentID : 8001
 WARNING    cellapp-1 2082 8001  [2019-07-12 14:53:28 498] - invalid UID(0) <= 0, please check UID for environment! automatically set to 2082.
    INFO    cellapp-1 2082 8001  [2019-07-12 14:53:30 006] - ---- cellapp Version: 2.4.5. ScriptVersion: 0.1.0. Pythoncore: 3.7.3. Protocol: C9FCABE153AC3D64A8F240810ADA666D. Config: Debug X86. Built: 09:56:57 May  8 2019. AppID: 8001. UID: 2082. PID: 10832 ----
    INFO    cellapp-1 2082 8001  [2019-07-12 14:53:30 007] - Server error_name: Intel(R) Core(TM) i5-6300HQ CPU @ 2.30GHz with 2097151kB RAM
    INFO    cellapp-1 2082 8001  [2019-07-12 14:53:30 008] - ThreadPool::createThreadPool: creating  threadpool...
    INFO    cellapp-1 2082 8001  [2019-07-12 14:53:30 008] - ThreadPool::createThreadPool: successfully(2), newThreadCount=1, normalMaxThreadCount=2, maxThreadCount=8
    INFO    cellapp-1 2082 8001  [2019-07-12 14:53:30 209] - Script::install(): is successfully, Python=(3.7.3 (default, May  8 2019, 09:53:38) [MSC v.1916 32 bit (Intel)])!
    INFO    cellapp-1 2082 8001  [2019-07-12 14:53:30 210] - Script::install(): KBExtra is successfully!
 WARNING    cellapp-1 2082 8001  [2019-07-12 14:53:30 337] - EntityDef::checkDefMethod: exposed of method: Account.leaveRoom, check the caller can use "def leaveRoom(self, callerID, ...)", such as: if callerID == self.id!
 WARNING    cellapp-1 2082 8001  [2019-07-12 14:53:30 337] - EntityDef::checkDefMethod: exposed of method: Account.playerMakeLandlord, check the caller can use "def playerMakeLandlord(self, callerID, ...)", such as: if callerID == self.id!
 WARNING    cellapp-1 2082 8001  [2019-07-12 14:53:30 338] - EntityDef::checkDefMethod: exposed of method: Account.setGameReady, check the caller can use "def setGameReady(self, callerID, ...)", such as: if callerID == self.id!
   DEBUG    cellapp-1 2082 8001  [2019-07-12 14:53:30 338] - loaded entity-script:Account(1).
 WARNING    cellapp-1 2082 8001  [2019-07-12 14:53:30 340] - EntityDef::checkDefMethod: exposed of method: Room.playPoker, check the caller can use "def playPoker(self, callerID, ...)", such as: if callerID == self.id!
 WARNING    cellapp-1 2082 8001  [2019-07-12 14:53:30 340] - EntityDef::checkDefMethod: exposed of method: Room.unPlayPoker, check the caller can use "def unPlayPoker(self, callerID, ...)", such as: if callerID == self.id!
   DEBUG    cellapp-1 2082 8001  [2019-07-12 14:53:30 341] - loaded entity-script:Room(3).
    INFO    cellapp-1 2082 8001  [2019-07-12 14:53:30 343] - TelnetServer server is running on port 50000
    INFO    cellapp-1 2082 8001  [2019-07-12 14:53:30 813] - ---- cellapp is running ----
   DEBUG    cellapp-1 2082 8001  [2019-07-12 14:53:30 814] - Components::process(): Request for the process of identity...
 WARNING    cellapp-1 2082 8001  [2019-07-12 14:53:36 944] - EntityApp::checkTickPeriod: tick took 6130% (6.13 seconds)!
    INFO    cellapp-1 2082 8001  [2019-07-12 14:53:38 013] - Components::findComponents: find logger(1)...
    INFO    cellapp-1 2082 8001  [2019-07-12 14:53:38 053] - Components::findComponents: found logger, addr:192.168.56.1:58075
    INFO    cellapp-1 2082 8001  [2019-07-12 14:53:38 054] - Components::addComponent: reset orderLog, uid=2082!
    INFO    cellapp-1 2082 8001  [2019-07-12 14:53:38 054] - Components::addComponent[logger], uid=2082, componentID=2000, globalorderid=1, grouporderid=1, totalcount=1
    INFO    cellapp-1 2082 8001  [2019-07-12 14:53:38 056] - Components::findComponents: find dbmgr(2)...
    INFO    cellapp-1 2082 8001  [2019-07-12 14:53:38 060] - Components::findComponents: found logger, addr:192.168.56.1:58075
    INFO    cellapp-1 2082 8001  [2019-07-12 14:53:38 063] - Components::findComponents: found dbmgr, addr:192.168.56.1:58076
    INFO    cellapp-1 2082 8001  [2019-07-12 14:53:38 064] - Components::addComponent: reset orderLog, uid=2082!
    INFO    cellapp-1 2082 8001  [2019-07-12 14:53:38 064] - Components::addComponent[dbmgr], uid=2082, componentID=4000, globalorderid=1, grouporderid=1, totalcount=1
    INFO    cellapp-1 2082 8001  [2019-07-12 14:53:38 165] - Components::findComponents: found dbmgr, addr:192.168.56.1:58076
 WARNING    cellapp-1 2082 8001  [2019-07-12 14:53:39 166] - EntityApp::checkTickPeriod: tick took 1252% (1.25 seconds)!
    INFO    cellapp-1 2082 8001  [2019-07-12 14:53:40 177] - Components::findComponents: find cellappmgr(1)...
    INFO    cellapp-1 2082 8001  [2019-07-12 14:53:40 198] - Components::findComponents: found cellappmgr, addr:192.168.56.1:58078
    INFO    cellapp-1 2082 8001  [2019-07-12 14:53:40 198] - Components::addComponent[cellappmgr], uid=2082, componentID=6000, globalorderid=2, grouporderid=1, totalcount=1
    INFO    cellapp-1 2082 8001  [2019-07-12 14:53:40 199] - Components::findComponents: found cellappmgr, addr:192.168.56.1:58078
 WARNING    cellapp-1 2082 8001  [2019-07-12 14:53:41 199] - EntityApp::checkTickPeriod: tick took 1085% (1.09 seconds)!
    INFO    cellapp-1 2082 8001  [2019-07-12 14:53:42 213] - Components::findComponents: find baseappmgr(1)...
    INFO    cellapp-1 2082 8001  [2019-07-12 14:53:42 223] - Components::findComponents: found baseappmgr, addr:192.168.56.1:58074
    INFO    cellapp-1 2082 8001  [2019-07-12 14:53:42 223] - Components::addComponent[baseappmgr], uid=2082, componentID=5000, globalorderid=3, grouporderid=1, totalcount=1
    INFO    cellapp-1 2082 8001  [2019-07-12 14:53:42 224] - Components::findComponents: found baseappmgr, addr:192.168.56.1:58074
 WARNING    cellapp-1 2082 8001  [2019-07-12 14:53:43 225] - EntityApp::checkTickPeriod: tick took 1111% (1.11 seconds)!
    INFO    cellapp-1 2082 8001  [2019-07-12 14:53:44 314] - Components::findComponents: register self to dbmgr...
    INFO    cellapp-1 2082 8001  [2019-07-12 14:53:44 378] - Components::findComponents: register self to cellappmgr...
    INFO    cellapp-1 2082 8001  [2019-07-12 14:53:44 413] - Components::findComponents: register self to baseappmgr...
    INFO    cellapp-1 2082 8001  [2019-07-12 14:53:44 477] - Components::process(): Found all the components!
    INFO    cellapp-1 2082 8001  [2019-07-12 14:53:45 428] - ServerApp::onRegisterNewApp: uid:2082, username:error_name, componentType:baseapp, componentID:7001, globalorderID=6, grouporderID=1, intaddr:192.168.56.1, intport:58080, extaddr:192.168.56.1, extport:20015,  from 192.168.56.1:58076/0/0/0.
    INFO    cellapp-1 2082 8001  [2019-07-12 14:53:45 428] - Components::addComponent[baseapp], uid=2082, componentID=7001, globalorderid=6, grouporderid=1, totalcount=1
    INFO    cellapp-1 2082 8001  [2019-07-12 14:53:48 439] - EntityApp::onDbmgrInitCompleted: entityID alloc(1-2001), startGlobalOrder=4, startGroupOrder=1, digest=95B22C66AF590111BA56FF0D3314E1E2.
    INFO    cellapp01 2082 8001  [2019-07-12 14:53:48 439] - IDClient::onAddRange: number of ids increased from 1 to 2001.
 WARNING    cellapp01 2082 8001  [2019-07-12 14:53:48 770] - BundleBroadcast::BundleBroadcast: Cannot bind to port 20360, errorno=10048
   S_DBG    cellapp01 2082 8001  [2019-07-12 14:53:49 990] - onInit::isReload:0
 WARNING    cellapp01 2082 8001  [2019-07-12 14:53:49 990] - d:\kbengine\kbe\src\lib\network\channel.cpp:1023: Profile processRecvMessages took 1.55 seconds
 WARNING    cellapp01 2082 8001  [2019-07-12 14:53:49 991] - EntityApp::checkTickPeriod: tick took 1576% (1.58 seconds)!
   DEBUG    cellapp01 2082 8001  [2019-07-12 14:53:50 014] - InitProgressHandler::~InitProgressHandler()
   S_DBG    cellapp01 2082 8001  [2019-07-12 14:53:50 963] - onGlobalData: Hall
   S_DBG    cellapp01 2082 8001  [2019-07-12 14:53:50 964] - onGlobalData: Friend
   S_DBG    cellapp01 2082 8001  [2019-07-12 14:53:50 966] - onGlobalData: Mail
    INFO    cellapp-1 2082 8001  [2019-07-12 15:00:05 345] - -----------------------------------------------------------------------------------------


    INFO    cellapp-1 2082 8001  [2019-07-12 15:00:05 348] - Resmgr::initialize: KBE_ROOT=D:/kbengine/
    INFO    cellapp-1 2082 8001  [2019-07-12 15:00:05 348] - Resmgr::initialize: KBE_RES_PATH=D:/kbengine/kbe/res/;D:/kbengine/HappyPoker_assets/;D:/kbengine/HappyPoker_assets/scripts/;D:/kbengine/HappyPoker_assets/res/
    INFO    cellapp-1 2082 8001  [2019-07-12 15:00:05 348] - Resmgr::initialize: KBE_BIN_PATH=D:/kbengine/kbe/bin/server/
    INFO    cellapp-1 2082 8001  [2019-07-12 15:00:05 396] - NetworkInterface::initialize(INTERNAL-TCP): bound to all interfaces with default route interface on 192.168.56.1 ( 192.168.56.1:58165 )
    INFO    cellapp-1 2082 8001  [2019-07-12 15:00:05 397] - NetworkInterface::initialize(INTERNAL-TCP): address 192.168.56.1:58165, SOMAXCONN=5.
    INFO    cellapp-1 2082 8001  [2019-07-12 15:00:05 397] - server-configs:
    INFO    cellapp-1 2082 8001  [2019-07-12 15:00:05 397] - 	gameUpdateHertz : 10
    INFO    cellapp-1 2082 8001  [2019-07-12 15:00:05 397] - 	defaultViewRadius : 80
    INFO    cellapp-1 2082 8001  [2019-07-12 15:00:05 397] - 	defaultViewHysteresisArea : 5
    INFO    cellapp-1 2082 8001  [2019-07-12 15:00:05 397] - 	entryScriptFile : kbemain
    INFO    cellapp-1 2082 8001  [2019-07-12 15:00:05 398] - 	internalTcpAddr : 192.168.56.1:58165
    INFO    cellapp-1 2082 8001  [2019-07-12 15:00:05 398] - 	componentID : 8001
 WARNING    cellapp-1 2082 8001  [2019-07-12 15:00:05 399] - invalid UID(0) <= 0, please check UID for environment! automatically set to 2082.
    INFO    cellapp-1 2082 8001  [2019-07-12 15:00:06 915] - ---- cellapp Version: 2.4.5. ScriptVersion: 0.1.0. Pythoncore: 3.7.3. Protocol: C9FCABE153AC3D64A8F240810ADA666D. Config: Debug X86. Built: 09:56:57 May  8 2019. AppID: 8001. UID: 2082. PID: 1728 ----
    INFO    cellapp-1 2082 8001  [2019-07-12 15:00:06 915] - Server error_name: Intel(R) Core(TM) i5-6300HQ CPU @ 2.30GHz with 2097151kB RAM
    INFO    cellapp-1 2082 8001  [2019-07-12 15:00:06 916] - ThreadPool::createThreadPool: creating  threadpool...
    INFO    cellapp-1 2082 8001  [2019-07-12 15:00:06 916] - ThreadPool::createThreadPool: successfully(2), newThreadCount=1, normalMaxThreadCount=2, maxThreadCount=8
    INFO    cellapp-1 2082 8001  [2019-07-12 15:00:07 116] - Script::install(): is successfully, Python=(3.7.3 (default, May  8 2019, 09:53:38) [MSC v.1916 32 bit (Intel)])!
    INFO    cellapp-1 2082 8001  [2019-07-12 15:00:07 116] - Script::install(): KBExtra is successfully!
 WARNING    cellapp-1 2082 8001  [2019-07-12 15:00:07 269] - EntityDef::checkDefMethod: exposed of method: Account.leaveRoom, check the caller can use "def leaveRoom(self, callerID, ...)", such as: if callerID == self.id!
 WARNING    cellapp-1 2082 8001  [2019-07-12 15:00:07 286] - EntityDef::checkDefMethod: exposed of method: Account.playerMakeLandlord, check the caller can use "def playerMakeLandlord(self, callerID, ...)", such as: if callerID == self.id!
 WARNING    cellapp-1 2082 8001  [2019-07-12 15:00:07 287] - EntityDef::checkDefMethod: exposed of method: Account.setGameReady, check the caller can use "def setGameReady(self, callerID, ...)", such as: if callerID == self.id!
   DEBUG    cellapp-1 2082 8001  [2019-07-12 15:00:07 292] - loaded entity-script:Account(1).
 WARNING    cellapp-1 2082 8001  [2019-07-12 15:00:07 295] - EntityDef::checkDefMethod: exposed of method: Room.playPoker, check the caller can use "def playPoker(self, callerID, ...)", such as: if callerID == self.id!
 WARNING    cellapp-1 2082 8001  [2019-07-12 15:00:07 300] - EntityDef::checkDefMethod: exposed of method: Room.unPlayPoker, check the caller can use "def unPlayPoker(self, callerID, ...)", such as: if callerID == self.id!
   DEBUG    cellapp-1 2082 8001  [2019-07-12 15:00:07 300] - loaded entity-script:Room(3).
    INFO    cellapp-1 2082 8001  [2019-07-12 15:00:07 303] - TelnetServer server is running on port 50000
    INFO    cellapp-1 2082 8001  [2019-07-12 15:00:07 775] - ---- cellapp is running ----
   DEBUG    cellapp-1 2082 8001  [2019-07-12 15:00:07 811] - Components::process(): Request for the process of identity...
 WARNING    cellapp-1 2082 8001  [2019-07-12 15:00:11 241] - BundleBroadcast::BundleBroadcast: Cannot bind to port 20156, errorno=10048
 WARNING    cellapp-1 2082 8001  [2019-07-12 15:00:11 584] - BundleBroadcast::BundleBroadcast: Cannot bind to port 20279, errorno=10048
 WARNING    cellapp-1 2082 8001  [2019-07-12 15:00:11 930] - BundleBroadcast::BundleBroadcast: Cannot bind to port 20403, errorno=10048
 WARNING    cellapp-1 2082 8001  [2019-07-12 15:00:14 970] - EntityApp::checkTickPeriod: tick took 7195% (7.20 seconds)!
 WARNING    cellapp-1 2082 8001  [2019-07-12 15:00:14 976] - TCPPacketReceiver::processPendingEvents(192.168.56.1:58181): Throwing REASON_GENERAL_NETWORK - WSAECONNABORTED
    INFO    cellapp-1 2082 8001  [2019-07-12 15:00:15 977] - Components::findComponents: find logger(1)...
    INFO    cellapp-1 2082 8001  [2019-07-12 15:00:16 056] - Components::findComponents: found logger, addr:192.168.56.1:58164
    INFO    cellapp-1 2082 8001  [2019-07-12 15:00:16 056] - Components::addComponent: reset orderLog, uid=2082!
    INFO    cellapp-1 2082 8001  [2019-07-12 15:00:16 056] - Components::addComponent[logger], uid=2082, componentID=2000, globalorderid=1, grouporderid=1, totalcount=1
    INFO    cellapp-1 2082 8001  [2019-07-12 15:00:16 057] - Components::findComponents: find dbmgr(2)...
    INFO    cellapp-1 2082 8001  [2019-07-12 15:00:16 161] - Components::findComponents: found dbmgr, addr:192.168.56.1:58161
    INFO    cellapp-1 2082 8001  [2019-07-12 15:00:16 161] - Components::addComponent: reset orderLog, uid=2082!
    INFO    cellapp-1 2082 8001  [2019-07-12 15:00:16 161] - Components::addComponent[dbmgr], uid=2082, componentID=4000, globalorderid=1, grouporderid=1, totalcount=1
    INFO    cellapp-1 2082 8001  [2019-07-12 15:00:16 168] - Components::findComponents: found dbmgr, addr:192.168.56.1:58161
 WARNING    cellapp-1 2082 8001  [2019-07-12 15:00:17 169] - EntityApp::checkTickPeriod: tick took 1193% (1.19 seconds)!
    INFO    cellapp-1 2082 8001  [2019-07-12 15:00:18 176] - Components::findComponents: find cellappmgr(1)...
    INFO    cellapp-1 2082 8001  [2019-07-12 15:00:18 197] - Components::findComponents: found cellappmgr, addr:192.168.56.1:58167
    INFO    cellapp-1 2082 8001  [2019-07-12 15:00:18 197] - Components::addComponent[cellappmgr], uid=2082, componentID=6000, globalorderid=2, grouporderid=1, totalcount=1
    INFO    cellapp-1 2082 8001  [2019-07-12 15:00:18 198] - Components::findComponents: found cellappmgr, addr:192.168.56.1:58167
 WARNING    cellapp-1 2082 8001  [2019-07-12 15:00:19 198] - EntityApp::checkTickPeriod: tick took 1122% (1.12 seconds)!
    INFO    cellapp-1 2082 8001  [2019-07-12 15:00:20 276] - Components::findComponents: find baseappmgr(1)...
    INFO    cellapp-1 2082 8001  [2019-07-12 15:00:20 319] - Components::findComponents: found baseappmgr, addr:192.168.56.1:58162
    INFO    cellapp-1 2082 8001  [2019-07-12 15:00:20 319] - Components::addComponent[baseappmgr], uid=2082, componentID=5000, globalorderid=3, grouporderid=1, totalcount=1
    INFO    cellapp-1 2082 8001  [2019-07-12 15:00:20 319] - Components::findComponents: found baseappmgr, addr:192.168.56.1:58162
 WARNING    cellapp-1 2082 8001  [2019-07-12 15:00:21 319] - EntityApp::checkTickPeriod: tick took 1143% (1.14 seconds)!
    INFO    cellapp-1 2082 8001  [2019-07-12 15:00:22 476] - Components::findComponents: register self to dbmgr...
    INFO    cellapp-1 2082 8001  [2019-07-12 15:00:22 479] - Components::findComponents: register self to cellappmgr...
    INFO    cellapp-1 2082 8001  [2019-07-12 15:00:22 481] - ServerApp::onRegisterNewApp: uid:2082, username:error_name, componentType:baseapp, componentID:7001, globalorderID=-1, grouporderID=-1, intaddr:192.168.56.1, intport:58166, extaddr:192.168.56.1, extport:20015,  from 192.168.56.1:58206/0/0/0.
    INFO    cellapp-1 2082 8001  [2019-07-12 15:00:22 481] - Components::addComponent[baseapp], uid=2082, componentID=7001, globalorderid=4, grouporderid=1, totalcount=1
    INFO    cellapp-1 2082 8001  [2019-07-12 15:00:22 481] - ServerApp::onRegisterNewApp: uid:2082, username:error_name, componentType:baseapp, componentID:7001, globalorderID=-1, grouporderID=-1, intaddr:192.168.56.1, intport:58166, extaddr:192.168.56.1, extport:20015,  from 192.168.56.1:58206/0/0/0.
    INFO    cellapp-1 2082 8001  [2019-07-12 15:00:22 481] - Components::findComponents: register self to baseappmgr...
    INFO    cellapp-1 2082 8001  [2019-07-12 15:00:22 576] - Components::process(): Found all the components!
    INFO    cellapp-1 2082 8001  [2019-07-12 15:00:25 491] - EntityApp::onDbmgrInitCompleted: entityID alloc(2001-4001), startGlobalOrder=5, startGroupOrder=1, digest=95B22C66AF590111BA56FF0D3314E1E2.
    INFO    cellapp01 2082 8001  [2019-07-12 15:00:25 491] - IDClient::onAddRange: number of ids increased from 2001 to 4001.
 WARNING    cellapp01 2082 8001  [2019-07-12 15:00:25 826] - BundleBroadcast::BundleBroadcast: Cannot bind to port 20994, errorno=10048
   S_DBG    cellapp01 2082 8001  [2019-07-12 15:00:27 046] - onInit::isReload:0
 WARNING    cellapp01 2082 8001  [2019-07-12 15:00:27 046] - d:\kbengine\kbe\src\lib\network\channel.cpp:1023: Profile processRecvMessages took 1.55 seconds
   S_DBG    cellapp01 2082 8001  [2019-07-12 15:00:27 046] - onGlobalData: Hall
   S_DBG    cellapp01 2082 8001  [2019-07-12 15:00:27 046] - onGlobalData: Friend
 WARNING    cellapp01 2082 8001  [2019-07-12 15:00:27 047] - EntityApp::checkTickPeriod: tick took 1571% (1.57 seconds)!
   DEBUG    cellapp01 2082 8001  [2019-07-12 15:00:27 076] - InitProgressHandler::~InitProgressHandler()
   S_DBG    cellapp01 2082 8001  [2019-07-12 15:00:27 113] - onGlobalData: Mail
    INFO    cellapp-1 2082 8001  [2019-07-12 15:01:44 018] - -----------------------------------------------------------------------------------------


    INFO    cellapp-1 2082 8001  [2019-07-12 15:01:44 019] - Resmgr::initialize: KBE_ROOT=D:/kbengine/
    INFO    cellapp-1 2082 8001  [2019-07-12 15:01:44 019] - Resmgr::initialize: KBE_RES_PATH=D:/kbengine/kbe/res/;D:/kbengine/HappyPoker_assets/;D:/kbengine/HappyPoker_assets/scripts/;D:/kbengine/HappyPoker_assets/res/
    INFO    cellapp-1 2082 8001  [2019-07-12 15:01:44 019] - Resmgr::initialize: KBE_BIN_PATH=D:/kbengine/kbe/bin/server/
    INFO    cellapp-1 2082 8001  [2019-07-12 15:01:44 041] - NetworkInterface::initialize(INTERNAL-TCP): bound to all interfaces with default route interface on 192.168.56.1 ( 192.168.56.1:58218 )
    INFO    cellapp-1 2082 8001  [2019-07-12 15:01:44 041] - NetworkInterface::initialize(INTERNAL-TCP): address 192.168.56.1:58218, SOMAXCONN=5.
    INFO    cellapp-1 2082 8001  [2019-07-12 15:01:44 041] - server-configs:
    INFO    cellapp-1 2082 8001  [2019-07-12 15:01:44 041] - 	gameUpdateHertz : 10
    INFO    cellapp-1 2082 8001  [2019-07-12 15:01:44 041] - 	defaultViewRadius : 80
    INFO    cellapp-1 2082 8001  [2019-07-12 15:01:44 041] - 	defaultViewHysteresisArea : 5
    INFO    cellapp-1 2082 8001  [2019-07-12 15:01:44 042] - 	entryScriptFile : kbemain
    INFO    cellapp-1 2082 8001  [2019-07-12 15:01:44 042] - 	internalTcpAddr : 192.168.56.1:58218
    INFO    cellapp-1 2082 8001  [2019-07-12 15:01:44 042] - 	componentID : 8001
 WARNING    cellapp-1 2082 8001  [2019-07-12 15:01:44 046] - invalid UID(0) <= 0, please check UID for environment! automatically set to 2082.
    INFO    cellapp-1 2082 8001  [2019-07-12 15:01:45 558] - ---- cellapp Version: 2.4.5. ScriptVersion: 0.1.0. Pythoncore: 3.7.3. Protocol: C9FCABE153AC3D64A8F240810ADA666D. Config: Debug X86. Built: 09:56:57 May  8 2019. AppID: 8001. UID: 2082. PID: 2540 ----
    INFO    cellapp-1 2082 8001  [2019-07-12 15:01:45 559] - Server error_name: Intel(R) Core(TM) i5-6300HQ CPU @ 2.30GHz with 2097151kB RAM
    INFO    cellapp-1 2082 8001  [2019-07-12 15:01:45 559] - ThreadPool::createThreadPool: creating  threadpool...
    INFO    cellapp-1 2082 8001  [2019-07-12 15:01:45 560] - ThreadPool::createThreadPool: successfully(2), newThreadCount=1, normalMaxThreadCount=2, maxThreadCount=8
    INFO    cellapp-1 2082 8001  [2019-07-12 15:01:45 761] - Script::install(): is successfully, Python=(3.7.3 (default, May  8 2019, 09:53:38) [MSC v.1916 32 bit (Intel)])!
    INFO    cellapp-1 2082 8001  [2019-07-12 15:01:45 761] - Script::install(): KBExtra is successfully!
 WARNING    cellapp-1 2082 8001  [2019-07-12 15:01:45 902] - EntityDef::checkDefMethod: exposed of method: Account.leaveRoom, check the caller can use "def leaveRoom(self, callerID, ...)", such as: if callerID == self.id!
 WARNING    cellapp-1 2082 8001  [2019-07-12 15:01:45 908] - EntityDef::checkDefMethod: exposed of method: Account.playerMakeLandlord, check the caller can use "def playerMakeLandlord(self, callerID, ...)", such as: if callerID == self.id!
 WARNING    cellapp-1 2082 8001  [2019-07-12 15:01:45 909] - EntityDef::checkDefMethod: exposed of method: Account.setGameReady, check the caller can use "def setGameReady(self, callerID, ...)", such as: if callerID == self.id!
   DEBUG    cellapp-1 2082 8001  [2019-07-12 15:01:45 909] - loaded entity-script:Account(1).
 WARNING    cellapp-1 2082 8001  [2019-07-12 15:01:45 911] - EntityDef::checkDefMethod: exposed of method: Room.playPoker, check the caller can use "def playPoker(self, callerID, ...)", such as: if callerID == self.id!
 WARNING    cellapp-1 2082 8001  [2019-07-12 15:01:45 912] - EntityDef::checkDefMethod: exposed of method: Room.unPlayPoker, check the caller can use "def unPlayPoker(self, callerID, ...)", such as: if callerID == self.id!
   DEBUG    cellapp-1 2082 8001  [2019-07-12 15:01:45 912] - loaded entity-script:Room(3).
    INFO    cellapp-1 2082 8001  [2019-07-12 15:01:45 915] - TelnetServer server is running on port 50000
    INFO    cellapp-1 2082 8001  [2019-07-12 15:01:46 373] - ---- cellapp is running ----
   DEBUG    cellapp-1 2082 8001  [2019-07-12 15:01:46 373] - Components::process(): Request for the process of identity...
 WARNING    cellapp-1 2082 8001  [2019-07-12 15:01:52 498] - EntityApp::checkTickPeriod: tick took 6125% (6.13 seconds)!
 WARNING    cellapp-1 2082 8001  [2019-07-12 15:01:52 504] - TCPPacketReceiver::processPendingEvents(192.168.56.1:58229): Throwing REASON_GENERAL_NETWORK - WSAECONNABORTED
    INFO    cellapp-1 2082 8001  [2019-07-12 15:01:53 520] - Components::findComponents: find logger(1)...
    INFO    cellapp-1 2082 8001  [2019-07-12 15:01:53 528] - Components::findComponents: found logger, addr:192.168.56.1:58214
    INFO    cellapp-1 2082 8001  [2019-07-12 15:01:53 528] - Components::addComponent: reset orderLog, uid=2082!
    INFO    cellapp-1 2082 8001  [2019-07-12 15:01:53 528] - Components::addComponent[logger], uid=2082, componentID=2000, globalorderid=1, grouporderid=1, totalcount=1
    INFO    cellapp-1 2082 8001  [2019-07-12 15:01:53 530] - Components::findComponents: find dbmgr(2)...
    INFO    cellapp-1 2082 8001  [2019-07-12 15:01:53 633] - Components::findComponents: found dbmgr, addr:192.168.56.1:58219
    INFO    cellapp-1 2082 8001  [2019-07-12 15:01:53 633] - Components::addComponent: reset orderLog, uid=2082!
    INFO    cellapp-1 2082 8001  [2019-07-12 15:01:53 633] - Components::addComponent[dbmgr], uid=2082, componentID=4000, globalorderid=1, grouporderid=1, totalcount=1
    INFO    cellapp-1 2082 8001  [2019-07-12 15:01:53 634] - Components::findComponents: found dbmgr, addr:192.168.56.1:58219
 WARNING    cellapp-1 2082 8001  [2019-07-12 15:01:54 634] - EntityApp::checkTickPeriod: tick took 1160% (1.16 seconds)!
    INFO    cellapp-1 2082 8001  [2019-07-12 15:01:55 674] - Components::findComponents: find cellappmgr(1)...
    INFO    cellapp-1 2082 8001  [2019-07-12 15:01:55 687] - Components::findComponents: found cellappmgr, addr:192.168.56.1:58215
    INFO    cellapp-1 2082 8001  [2019-07-12 15:01:55 687] - Components::addComponent[cellappmgr], uid=2082, componentID=6000, globalorderid=2, grouporderid=1, totalcount=1
    INFO    cellapp-1 2082 8001  [2019-07-12 15:01:55 688] - Components::findComponents: found cellappmgr, addr:192.168.56.1:58215
 WARNING    cellapp-1 2082 8001  [2019-07-12 15:01:56 689] - EntityApp::checkTickPeriod: tick took 1114% (1.11 seconds)!
    INFO    cellapp-1 2082 8001  [2019-07-12 15:01:57 720] - Components::findComponents: find baseappmgr(1)...
    INFO    cellapp-1 2082 8001  [2019-07-12 15:01:57 814] - Components::findComponents: found baseappmgr, addr:192.168.56.1:58216
    INFO    cellapp-1 2082 8001  [2019-07-12 15:01:57 814] - Components::addComponent[baseappmgr], uid=2082, componentID=5000, globalorderid=3, grouporderid=1, totalcount=1
    INFO    cellapp-1 2082 8001  [2019-07-12 15:01:57 814] - Components::findComponents: found baseappmgr, addr:192.168.56.1:58216
 WARNING    cellapp-1 2082 8001  [2019-07-12 15:01:58 815] - EntityApp::checkTickPeriod: tick took 1141% (1.14 seconds)!
    INFO    cellapp-1 2082 8001  [2019-07-12 15:01:59 921] - Components::findComponents: register self to dbmgr...
    INFO    cellapp-1 2082 8001  [2019-07-12 15:01:59 973] - Components::findComponents: register self to cellappmgr...
    INFO    cellapp-1 2082 8001  [2019-07-12 15:02:00 019] - Components::findComponents: register self to baseappmgr...
    INFO    cellapp-1 2082 8001  [2019-07-12 15:02:00 073] - Components::process(): Found all the components!
    INFO    cellapp-1 2082 8001  [2019-07-12 15:02:00 294] - ServerApp::onRegisterNewApp: uid:2082, username:error_name, componentType:baseapp, componentID:7001, globalorderID=5, grouporderID=1, intaddr:192.168.56.1, intport:58217, extaddr:192.168.56.1, extport:20015,  from 192.168.56.1:58219/0/0/0.
    INFO    cellapp-1 2082 8001  [2019-07-12 15:02:00 295] - Components::addComponent[baseapp], uid=2082, componentID=7001, globalorderid=5, grouporderid=1, totalcount=1
    INFO    cellapp-1 2082 8001  [2019-07-12 15:02:03 309] - EntityApp::onDbmgrInitCompleted: entityID alloc(1-2001), startGlobalOrder=4, startGroupOrder=1, digest=95B22C66AF590111BA56FF0D3314E1E2.
    INFO    cellapp01 2082 8001  [2019-07-12 15:02:03 309] - IDClient::onAddRange: number of ids increased from 1 to 2001.
 WARNING    cellapp01 2082 8001  [2019-07-12 15:02:04 242] - BundleBroadcast::BundleBroadcast: Cannot bind to port 20718, errorno=10048
   S_DBG    cellapp01 2082 8001  [2019-07-12 15:02:04 857] - onInit::isReload:0
 WARNING    cellapp01 2082 8001  [2019-07-12 15:02:04 857] - d:\kbengine\kbe\src\lib\network\channel.cpp:1023: Profile processRecvMessages took 1.55 seconds
 WARNING    cellapp01 2082 8001  [2019-07-12 15:02:04 858] - EntityApp::checkTickPeriod: tick took 1584% (1.58 seconds)!
   DEBUG    cellapp01 2082 8001  [2019-07-12 15:02:04 873] - InitProgressHandler::~InitProgressHandler()
   S_DBG    cellapp01 2082 8001  [2019-07-12 15:02:05 393] - onGlobalData: Hall
   S_DBG    cellapp01 2082 8001  [2019-07-12 15:02:05 429] - onGlobalData: Friend
   S_DBG    cellapp01 2082 8001  [2019-07-12 15:02:05 529] - onGlobalData: Mail
